transferring data

Finished transferring

Adas: Argument Parser Options
---------------------------------------------
    config              : src/adas/HistoKTconfigs/AJ-Lymph_transformed-configAdas.yaml
    data                : /localscratch/zhan8425.4591778.0        
    output              : .Adas-output/AJ-Lymph_transformed       
    checkpoint          : .Adas-checkpoint/AJ-Lymph_transformed   
    resume              : None                                    
    root                : .                                       
    save_freq           : 25                                      
    cpu                 : 0                                       
    gpu                 : 0                                       
    mpd                 : 0                                       
    dist_url            : tcp://127.0.0.1:23456                   
    dist_backend        : nccl                                    
    world_size          : -1                                      
    rank                : -1                                      
---------------------------------------------
Adas: Notice: early stop will not be used as it was set to -1.0, training till completion
Adas: Experiment Configuration
---------------------------------------------
    dataset              AJ-Lymph_transformed
    network              ResNet18            
    optimizer            Adas                
    scheduler            None                
    level                L3Only              
    color_kwargs         {'augmentation': 'Color-Distortion', 'distortion': 0.3}
    degree_of_rotation   45                  
    vertical_flipping    0.5                 
    horizontal_flipping  0.5                 
    horizontal_shift     0.1                 
    vertical_shift       0.1                 
    gaussian_blur        0                   
    kernel_size          9                   
    variance             0.1                 
    cutout               0                   
    n_holes              1                   
    cutout_length        16                  
    init_lr              0.03                
    early_stop_threshold -1.0                
    optimizer_kwargs     {'momentum': 0.9, 'weight_decay': 0.0005, 'beta': 0.98, 'linear': 0.0, 'gamma': 0.5, 'step_size': 25.0}
    scheduler_kwargs     {}
    p                    1                   
    start_trial          0                   
    n_trials             1                   
    num_workers          4                   
    max_epochs           250                 
    mini_batch_size      32                  
    loss                 cross_entropy       
    early_stop_patience  10                  
---------------------------------------------
Adas: Pytorch device is set to cuda
Adas on AJ-Lymph_transformed: T 1/1 | E 1/250 Ended | E Time: 4.752s | ~Time Left: 1183.371s |  Train Loss: 1.6639 | Train Acc. 40.4682% | Test Loss: 25.0412 | Test Acc. 29.7297%
Adas on AJ-Lymph_transformed: T 1/1 | E 2/250 Ended | E Time: 3.604s | ~Time Left: 893.866s |  Train Loss: 1.4645 | Train Acc. 43.4783% | Test Loss: 22.9487 | Test Acc. 32.4324%
Adas on AJ-Lymph_transformed: T 1/1 | E 3/250 Ended | E Time: 3.597s | ~Time Left: 888.360s |  Train Loss: 1.9178 | Train Acc. 40.4682% | Test Loss: 9.5285 | Test Acc. 29.7297%
Adas on AJ-Lymph_transformed: T 1/1 | E 4/250 Ended | E Time: 3.666s | ~Time Left: 901.942s |  Train Loss: 1.2102 | Train Acc. 51.1706% | Test Loss: 6.4346 | Test Acc. 32.4324%
Adas on AJ-Lymph_transformed: T 1/1 | E 5/250 Ended | E Time: 3.648s | ~Time Left: 893.882s |  Train Loss: 1.4717 | Train Acc. 42.4749% | Test Loss: 3.2706 | Test Acc. 37.8378%
Adas on AJ-Lymph_transformed: T 1/1 | E 6/250 Ended | E Time: 3.665s | ~Time Left: 894.202s |  Train Loss: 1.3950 | Train Acc. 45.4850% | Test Loss: 3.0646 | Test Acc. 32.4324%
Adas on AJ-Lymph_transformed: T 1/1 | E 7/250 Ended | E Time: 3.608s | ~Time Left: 876.855s |  Train Loss: 1.1448 | Train Acc. 54.1806% | Test Loss: 27.5915 | Test Acc. 32.4324%
Adas on AJ-Lymph_transformed: T 1/1 | E 8/250 Ended | E Time: 3.582s | ~Time Left: 866.893s |  Train Loss: 1.4636 | Train Acc. 38.1271% | Test Loss: 1.3240 | Test Acc. 40.5405%
Adas on AJ-Lymph_transformed: T 1/1 | E 9/250 Ended | E Time: 3.638s | ~Time Left: 876.678s |  Train Loss: 1.4802 | Train Acc. 37.7926% | Test Loss: 1.2921 | Test Acc. 48.6487%
Adas on AJ-Lymph_transformed: T 1/1 | E 10/250 Ended | E Time: 4.144s | ~Time Left: 994.591s |  Train Loss: 1.4209 | Train Acc. 29.4314% | Test Loss: 0.9325 | Test Acc. 45.9459%
Adas on AJ-Lymph_transformed: T 1/1 | E 11/250 Ended | E Time: 3.712s | ~Time Left: 887.116s |  Train Loss: 1.4930 | Train Acc. 38.1271% | Test Loss: 0.8238 | Test Acc. 40.5405%
Adas on AJ-Lymph_transformed: T 1/1 | E 12/250 Ended | E Time: 3.714s | ~Time Left: 883.888s |  Train Loss: 1.2169 | Train Acc. 45.4850% | Test Loss: 1.0148 | Test Acc. 45.9459%
Adas on AJ-Lymph_transformed: T 1/1 | E 13/250 Ended | E Time: 3.628s | ~Time Left: 859.862s |  Train Loss: 1.1434 | Train Acc. 46.8227% | Test Loss: 0.8016 | Test Acc. 64.8649%
Adas on AJ-Lymph_transformed: T 1/1 | E 14/250 Ended | E Time: 3.657s | ~Time Left: 862.982s |  Train Loss: 1.0770 | Train Acc. 48.4950% | Test Loss: 0.9289 | Test Acc. 40.5405%
Adas on AJ-Lymph_transformed: T 1/1 | E 15/250 Ended | E Time: 3.628s | ~Time Left: 852.660s |  Train Loss: 1.0801 | Train Acc. 52.8428% | Test Loss: 0.8498 | Test Acc. 48.6487%
Adas on AJ-Lymph_transformed: T 1/1 | E 16/250 Ended | E Time: 3.660s | ~Time Left: 856.424s |  Train Loss: 1.0676 | Train Acc. 51.5050% | Test Loss: 0.8241 | Test Acc. 56.7568%
Adas on AJ-Lymph_transformed: T 1/1 | E 17/250 Ended | E Time: 3.768s | ~Time Left: 877.998s |  Train Loss: 0.9773 | Train Acc. 55.1839% | Test Loss: 0.7976 | Test Acc. 59.4595%
Adas on AJ-Lymph_transformed: T 1/1 | E 18/250 Ended | E Time: 3.672s | ~Time Left: 852.001s |  Train Loss: 0.9033 | Train Acc. 54.1806% | Test Loss: 0.7816 | Test Acc. 56.7568%
Adas on AJ-Lymph_transformed: T 1/1 | E 19/250 Ended | E Time: 3.664s | ~Time Left: 846.437s |  Train Loss: 1.0034 | Train Acc. 50.5017% | Test Loss: 0.6110 | Test Acc. 54.0541%
Adas on AJ-Lymph_transformed: T 1/1 | E 20/250 Ended | E Time: 3.683s | ~Time Left: 847.119s |  Train Loss: 1.0428 | Train Acc. 51.8395% | Test Loss: 0.7475 | Test Acc. 59.4595%
Adas on AJ-Lymph_transformed: T 1/1 | E 21/250 Ended | E Time: 3.694s | ~Time Left: 845.952s |  Train Loss: 0.9736 | Train Acc. 56.8562% | Test Loss: 0.8794 | Test Acc. 51.3514%
Adas on AJ-Lymph_transformed: T 1/1 | E 22/250 Ended | E Time: 3.716s | ~Time Left: 847.142s |  Train Loss: 1.0383 | Train Acc. 50.5017% | Test Loss: 0.8112 | Test Acc. 48.6487%
Adas on AJ-Lymph_transformed: T 1/1 | E 23/250 Ended | E Time: 3.641s | ~Time Left: 826.401s |  Train Loss: 0.9364 | Train Acc. 56.1873% | Test Loss: 0.8141 | Test Acc. 59.4595%
Adas on AJ-Lymph_transformed: T 1/1 | E 24/250 Ended | E Time: 3.656s | ~Time Left: 826.193s |  Train Loss: 0.9382 | Train Acc. 54.5150% | Test Loss: 0.7830 | Test Acc. 62.1622%
Adas on AJ-Lymph_transformed: T 1/1 | E 25/250 Ended | E Time: 3.870s | ~Time Left: 870.708s |  Train Loss: 0.9389 | Train Acc. 53.8462% | Test Loss: 0.6922 | Test Acc. 67.5676%
Adas on AJ-Lymph_transformed: T 1/1 | E 26/250 Ended | E Time: 3.644s | ~Time Left: 816.368s |  Train Loss: 0.9995 | Train Acc. 54.1806% | Test Loss: 0.6689 | Test Acc. 59.4595%
Adas on AJ-Lymph_transformed: T 1/1 | E 27/250 Ended | E Time: 3.677s | ~Time Left: 819.920s |  Train Loss: 0.9297 | Train Acc. 55.5184% | Test Loss: 0.7623 | Test Acc. 54.0541%
Adas on AJ-Lymph_transformed: T 1/1 | E 28/250 Ended | E Time: 3.661s | ~Time Left: 812.668s |  Train Loss: 0.8891 | Train Acc. 55.1839% | Test Loss: 0.7851 | Test Acc. 54.0541%
Adas on AJ-Lymph_transformed: T 1/1 | E 29/250 Ended | E Time: 3.685s | ~Time Left: 814.371s |  Train Loss: 0.8608 | Train Acc. 61.5385% | Test Loss: 0.5100 | Test Acc. 72.9730%
Adas on AJ-Lymph_transformed: T 1/1 | E 30/250 Ended | E Time: 3.680s | ~Time Left: 809.687s |  Train Loss: 0.8205 | Train Acc. 57.8595% | Test Loss: 0.8309 | Test Acc. 62.1622%
Adas on AJ-Lymph_transformed: T 1/1 | E 31/250 Ended | E Time: 3.680s | ~Time Left: 806.019s |  Train Loss: 0.8801 | Train Acc. 49.1639% | Test Loss: 0.8646 | Test Acc. 59.4595%
Adas on AJ-Lymph_transformed: T 1/1 | E 32/250 Ended | E Time: 3.940s | ~Time Left: 858.891s |  Train Loss: 1.0004 | Train Acc. 52.5084% | Test Loss: 0.7310 | Test Acc. 62.1622%
Adas on AJ-Lymph_transformed: T 1/1 | E 33/250 Ended | E Time: 3.643s | ~Time Left: 790.522s |  Train Loss: 0.8490 | Train Acc. 58.5284% | Test Loss: 0.6651 | Test Acc. 59.4595%
Adas on AJ-Lymph_transformed: T 1/1 | E 34/250 Ended | E Time: 3.651s | ~Time Left: 788.704s |  Train Loss: 0.8799 | Train Acc. 56.8562% | Test Loss: 0.7167 | Test Acc. 59.4595%
Adas on AJ-Lymph_transformed: T 1/1 | E 35/250 Ended | E Time: 3.659s | ~Time Left: 786.759s |  Train Loss: 0.9167 | Train Acc. 58.1940% | Test Loss: 0.7066 | Test Acc. 70.2703%
Adas on AJ-Lymph_transformed: T 1/1 | E 36/250 Ended | E Time: 3.621s | ~Time Left: 774.823s |  Train Loss: 0.8656 | Train Acc. 58.8629% | Test Loss: 0.9659 | Test Acc. 59.4595%
Adas on AJ-Lymph_transformed: T 1/1 | E 37/250 Ended | E Time: 3.652s | ~Time Left: 777.776s |  Train Loss: 0.8424 | Train Acc. 57.8595% | Test Loss: 0.8047 | Test Acc. 62.1622%
Adas on AJ-Lymph_transformed: T 1/1 | E 38/250 Ended | E Time: 3.706s | ~Time Left: 785.674s |  Train Loss: 0.8632 | Train Acc. 59.5318% | Test Loss: 0.6970 | Test Acc. 64.8649%
Adas on AJ-Lymph_transformed: T 1/1 | E 39/250 Ended | E Time: 3.657s | ~Time Left: 771.529s |  Train Loss: 0.8876 | Train Acc. 57.5251% | Test Loss: 1.2162 | Test Acc. 54.0541%
Adas on AJ-Lymph_transformed: T 1/1 | E 40/250 Ended | E Time: 3.775s | ~Time Left: 792.728s |  Train Loss: 0.9274 | Train Acc. 52.8428% | Test Loss: 0.8102 | Test Acc. 59.4595%
Adas on AJ-Lymph_transformed: T 1/1 | E 41/250 Ended | E Time: 3.923s | ~Time Left: 819.844s |  Train Loss: 0.9011 | Train Acc. 53.5117% | Test Loss: 0.7769 | Test Acc. 64.8649%
Adas on AJ-Lymph_transformed: T 1/1 | E 42/250 Ended | E Time: 3.646s | ~Time Left: 758.405s |  Train Loss: 0.8499 | Train Acc. 51.8395% | Test Loss: 0.7806 | Test Acc. 62.1622%
Adas on AJ-Lymph_transformed: T 1/1 | E 43/250 Ended | E Time: 3.701s | ~Time Left: 766.139s |  Train Loss: 0.9047 | Train Acc. 58.5284% | Test Loss: 0.7264 | Test Acc. 59.4595%
Adas on AJ-Lymph_transformed: T 1/1 | E 44/250 Ended | E Time: 3.643s | ~Time Left: 750.515s |  Train Loss: 0.8810 | Train Acc. 57.1906% | Test Loss: 0.6589 | Test Acc. 67.5676%
Adas on AJ-Lymph_transformed: T 1/1 | E 45/250 Ended | E Time: 3.640s | ~Time Left: 746.298s |  Train Loss: 0.7951 | Train Acc. 58.5284% | Test Loss: 0.7170 | Test Acc. 62.1622%
Adas on AJ-Lymph_transformed: T 1/1 | E 46/250 Ended | E Time: 3.618s | ~Time Left: 738.160s |  Train Loss: 0.8194 | Train Acc. 56.8562% | Test Loss: 0.7722 | Test Acc. 62.1622%
Adas on AJ-Lymph_transformed: T 1/1 | E 47/250 Ended | E Time: 3.670s | ~Time Left: 744.997s |  Train Loss: 0.8274 | Train Acc. 60.5351% | Test Loss: 0.5548 | Test Acc. 64.8649%
Adas on AJ-Lymph_transformed: T 1/1 | E 48/250 Ended | E Time: 3.703s | ~Time Left: 748.078s |  Train Loss: 0.8216 | Train Acc. 57.8595% | Test Loss: 0.6561 | Test Acc. 72.9730%
Adas on AJ-Lymph_transformed: T 1/1 | E 49/250 Ended | E Time: 3.660s | ~Time Left: 735.761s |  Train Loss: 0.8606 | Train Acc. 58.5284% | Test Loss: 0.6693 | Test Acc. 56.7568%
Adas on AJ-Lymph_transformed: T 1/1 | E 50/250 Ended | E Time: 3.731s | ~Time Left: 746.300s |  Train Loss: 0.8063 | Train Acc. 59.1973% | Test Loss: 0.8182 | Test Acc. 62.1622%
Adas on AJ-Lymph_transformed: T 1/1 | E 51/250 Ended | E Time: 3.611s | ~Time Left: 718.674s |  Train Loss: 0.8005 | Train Acc. 59.5318% | Test Loss: 0.5778 | Test Acc. 64.8649%
Adas on AJ-Lymph_transformed: T 1/1 | E 52/250 Ended | E Time: 3.724s | ~Time Left: 737.359s |  Train Loss: 0.8164 | Train Acc. 57.1906% | Test Loss: 0.8111 | Test Acc. 64.8649%
Adas on AJ-Lymph_transformed: T 1/1 | E 53/250 Ended | E Time: 3.701s | ~Time Left: 729.178s |  Train Loss: 0.8418 | Train Acc. 59.8662% | Test Loss: 0.6987 | Test Acc. 64.8649%
Adas on AJ-Lymph_transformed: T 1/1 | E 54/250 Ended | E Time: 3.677s | ~Time Left: 720.729s |  Train Loss: 0.8221 | Train Acc. 58.5284% | Test Loss: 0.9267 | Test Acc. 54.0541%
Adas on AJ-Lymph_transformed: T 1/1 | E 55/250 Ended | E Time: 3.650s | ~Time Left: 711.748s |  Train Loss: 0.8421 | Train Acc. 56.1873% | Test Loss: 0.8938 | Test Acc. 54.0541%
Adas on AJ-Lymph_transformed: T 1/1 | E 56/250 Ended | E Time: 3.646s | ~Time Left: 707.339s |  Train Loss: 0.8308 | Train Acc. 58.5284% | Test Loss: 0.6052 | Test Acc. 70.2703%
Adas on AJ-Lymph_transformed: T 1/1 | E 57/250 Ended | E Time: 3.663s | ~Time Left: 707.013s |  Train Loss: 0.7434 | Train Acc. 63.2107% | Test Loss: 0.5967 | Test Acc. 67.5676%
Adas on AJ-Lymph_transformed: T 1/1 | E 58/250 Ended | E Time: 3.696s | ~Time Left: 709.574s |  Train Loss: 0.7898 | Train Acc. 59.1973% | Test Loss: 0.6878 | Test Acc. 59.4595%
Adas on AJ-Lymph_transformed: T 1/1 | E 59/250 Ended | E Time: 3.690s | ~Time Left: 704.750s |  Train Loss: 0.8029 | Train Acc. 62.5418% | Test Loss: 0.8169 | Test Acc. 70.2703%
Adas on AJ-Lymph_transformed: T 1/1 | E 60/250 Ended | E Time: 3.649s | ~Time Left: 693.326s |  Train Loss: 0.7916 | Train Acc. 64.5485% | Test Loss: 0.8707 | Test Acc. 62.1622%
Adas on AJ-Lymph_transformed: T 1/1 | E 61/250 Ended | E Time: 3.883s | ~Time Left: 733.797s |  Train Loss: 0.8424 | Train Acc. 61.5385% | Test Loss: 0.5848 | Test Acc. 62.1622%
Adas on AJ-Lymph_transformed: T 1/1 | E 62/250 Ended | E Time: 3.725s | ~Time Left: 700.279s |  Train Loss: 0.7612 | Train Acc. 65.5518% | Test Loss: 0.7791 | Test Acc. 64.8649%
Adas on AJ-Lymph_transformed: T 1/1 | E 63/250 Ended | E Time: 3.702s | ~Time Left: 692.256s |  Train Loss: 0.7907 | Train Acc. 65.2174% | Test Loss: 0.6380 | Test Acc. 67.5676%
Adas on AJ-Lymph_transformed: T 1/1 | E 64/250 Ended | E Time: 3.660s | ~Time Left: 680.730s |  Train Loss: 0.7965 | Train Acc. 63.8796% | Test Loss: 0.7656 | Test Acc. 67.5676%
Adas on AJ-Lymph_transformed: T 1/1 | E 65/250 Ended | E Time: 3.666s | ~Time Left: 678.267s |  Train Loss: 0.7373 | Train Acc. 65.2174% | Test Loss: 0.8357 | Test Acc. 67.5676%
Adas on AJ-Lymph_transformed: T 1/1 | E 66/250 Ended | E Time: 3.628s | ~Time Left: 667.481s |  Train Loss: 0.8097 | Train Acc. 61.2040% | Test Loss: 0.7372 | Test Acc. 59.4595%
Adas on AJ-Lymph_transformed: T 1/1 | E 67/250 Ended | E Time: 3.682s | ~Time Left: 673.833s |  Train Loss: 0.7394 | Train Acc. 65.8863% | Test Loss: 0.6674 | Test Acc. 59.4595%
Adas on AJ-Lymph_transformed: T 1/1 | E 68/250 Ended | E Time: 3.752s | ~Time Left: 682.925s |  Train Loss: 0.7502 | Train Acc. 67.2241% | Test Loss: 0.6109 | Test Acc. 62.1622%
Adas on AJ-Lymph_transformed: T 1/1 | E 69/250 Ended | E Time: 3.713s | ~Time Left: 671.988s |  Train Loss: 0.7217 | Train Acc. 66.5552% | Test Loss: 0.5936 | Test Acc. 67.5676%
Adas on AJ-Lymph_transformed: T 1/1 | E 70/250 Ended | E Time: 3.737s | ~Time Left: 672.644s |  Train Loss: 0.7888 | Train Acc. 63.2107% | Test Loss: 0.6227 | Test Acc. 56.7568%
Adas on AJ-Lymph_transformed: T 1/1 | E 71/250 Ended | E Time: 3.666s | ~Time Left: 656.170s |  Train Loss: 0.7078 | Train Acc. 67.2241% | Test Loss: 0.6429 | Test Acc. 70.2703%
Adas on AJ-Lymph_transformed: T 1/1 | E 72/250 Ended | E Time: 3.724s | ~Time Left: 662.942s |  Train Loss: 0.7433 | Train Acc. 65.5518% | Test Loss: 0.6173 | Test Acc. 72.9730%
Adas on AJ-Lymph_transformed: T 1/1 | E 73/250 Ended | E Time: 3.674s | ~Time Left: 650.223s |  Train Loss: 0.7470 | Train Acc. 63.5452% | Test Loss: 0.5791 | Test Acc. 67.5676%
Adas on AJ-Lymph_transformed: T 1/1 | E 74/250 Ended | E Time: 3.686s | ~Time Left: 648.805s |  Train Loss: 0.7519 | Train Acc. 64.8829% | Test Loss: 0.6918 | Test Acc. 62.1622%
Adas on AJ-Lymph_transformed: T 1/1 | E 75/250 Ended | E Time: 3.684s | ~Time Left: 644.663s |  Train Loss: 0.6901 | Train Acc. 67.2241% | Test Loss: 0.7452 | Test Acc. 70.2703%
Adas on AJ-Lymph_transformed: T 1/1 | E 76/250 Ended | E Time: 3.679s | ~Time Left: 640.211s |  Train Loss: 0.7229 | Train Acc. 66.2207% | Test Loss: 0.9341 | Test Acc. 64.8649%
Adas on AJ-Lymph_transformed: T 1/1 | E 77/250 Ended | E Time: 3.723s | ~Time Left: 644.116s |  Train Loss: 0.7238 | Train Acc. 62.2074% | Test Loss: 0.6008 | Test Acc. 62.1622%
Adas on AJ-Lymph_transformed: T 1/1 | E 78/250 Ended | E Time: 3.681s | ~Time Left: 633.153s |  Train Loss: 0.6887 | Train Acc. 64.8829% | Test Loss: 0.6370 | Test Acc. 64.8649%
Adas on AJ-Lymph_transformed: T 1/1 | E 79/250 Ended | E Time: 3.672s | ~Time Left: 627.887s |  Train Loss: 0.7049 | Train Acc. 66.8896% | Test Loss: 0.5516 | Test Acc. 78.3784%
Adas on AJ-Lymph_transformed: T 1/1 | E 80/250 Ended | E Time: 3.909s | ~Time Left: 664.464s |  Train Loss: 0.6587 | Train Acc. 69.2308% | Test Loss: 0.6242 | Test Acc. 64.8649%
Adas on AJ-Lymph_transformed: T 1/1 | E 81/250 Ended | E Time: 3.741s | ~Time Left: 632.314s |  Train Loss: 0.6437 | Train Acc. 72.5752% | Test Loss: 0.5708 | Test Acc. 72.9730%
Adas on AJ-Lymph_transformed: T 1/1 | E 82/250 Ended | E Time: 3.700s | ~Time Left: 621.679s |  Train Loss: 0.7727 | Train Acc. 66.5552% | Test Loss: 0.5648 | Test Acc. 70.2703%
Adas on AJ-Lymph_transformed: T 1/1 | E 83/250 Ended | E Time: 3.655s | ~Time Left: 610.318s |  Train Loss: 0.7061 | Train Acc. 70.2341% | Test Loss: 0.5031 | Test Acc. 70.2703%
Adas on AJ-Lymph_transformed: T 1/1 | E 84/250 Ended | E Time: 3.752s | ~Time Left: 622.915s |  Train Loss: 0.6926 | Train Acc. 69.5652% | Test Loss: 0.6034 | Test Acc. 78.3784%
Adas on AJ-Lymph_transformed: T 1/1 | E 85/250 Ended | E Time: 3.678s | ~Time Left: 606.847s |  Train Loss: 0.7116 | Train Acc. 65.8863% | Test Loss: 0.5569 | Test Acc. 67.5676%
Adas on AJ-Lymph_transformed: T 1/1 | E 86/250 Ended | E Time: 3.690s | ~Time Left: 605.176s |  Train Loss: 0.6556 | Train Acc. 70.5686% | Test Loss: 0.6038 | Test Acc. 78.3784%
Adas on AJ-Lymph_transformed: T 1/1 | E 87/250 Ended | E Time: 3.683s | ~Time Left: 600.310s |  Train Loss: 0.7054 | Train Acc. 70.9030% | Test Loss: 0.5454 | Test Acc. 72.9730%
Adas on AJ-Lymph_transformed: T 1/1 | E 88/250 Ended | E Time: 3.692s | ~Time Left: 598.163s |  Train Loss: 0.6653 | Train Acc. 70.9030% | Test Loss: 0.5705 | Test Acc. 78.3784%
Adas on AJ-Lymph_transformed: T 1/1 | E 89/250 Ended | E Time: 3.679s | ~Time Left: 592.296s |  Train Loss: 0.6371 | Train Acc. 73.5786% | Test Loss: 0.5214 | Test Acc. 70.2703%
Adas on AJ-Lymph_transformed: T 1/1 | E 90/250 Ended | E Time: 3.712s | ~Time Left: 593.920s |  Train Loss: 0.6608 | Train Acc. 70.9030% | Test Loss: 0.5524 | Test Acc. 89.1892%
Adas on AJ-Lymph_transformed: T 1/1 | E 91/250 Ended | E Time: 3.666s | ~Time Left: 582.827s |  Train Loss: 0.6789 | Train Acc. 70.2341% | Test Loss: 0.5575 | Test Acc. 72.9730%
Adas on AJ-Lymph_transformed: T 1/1 | E 92/250 Ended | E Time: 3.949s | ~Time Left: 623.937s |  Train Loss: 0.6187 | Train Acc. 72.2408% | Test Loss: 0.5685 | Test Acc. 64.8649%
Adas on AJ-Lymph_transformed: T 1/1 | E 93/250 Ended | E Time: 3.704s | ~Time Left: 581.511s |  Train Loss: 0.6473 | Train Acc. 73.2441% | Test Loss: 0.6431 | Test Acc. 67.5676%
Adas on AJ-Lymph_transformed: T 1/1 | E 94/250 Ended | E Time: 3.680s | ~Time Left: 574.027s |  Train Loss: 0.7202 | Train Acc. 71.5719% | Test Loss: 1.1469 | Test Acc. 64.8649%
Adas on AJ-Lymph_transformed: T 1/1 | E 95/250 Ended | E Time: 3.704s | ~Time Left: 574.192s |  Train Loss: 0.7019 | Train Acc. 68.2274% | Test Loss: 0.6253 | Test Acc. 70.2703%
Adas on AJ-Lymph_transformed: T 1/1 | E 96/250 Ended | E Time: 3.645s | ~Time Left: 561.286s |  Train Loss: 0.7238 | Train Acc. 68.5619% | Test Loss: 0.7889 | Test Acc. 59.4595%
Adas on AJ-Lymph_transformed: T 1/1 | E 97/250 Ended | E Time: 3.665s | ~Time Left: 560.756s |  Train Loss: 0.6536 | Train Acc. 69.2308% | Test Loss: 0.5999 | Test Acc. 67.5676%
Adas on AJ-Lymph_transformed: T 1/1 | E 98/250 Ended | E Time: 4.119s | ~Time Left: 626.035s |  Train Loss: 0.6749 | Train Acc. 68.8963% | Test Loss: 0.4719 | Test Acc. 75.6757%
Adas on AJ-Lymph_transformed: T 1/1 | E 99/250 Ended | E Time: 3.675s | ~Time Left: 554.951s |  Train Loss: 0.5927 | Train Acc. 72.2408% | Test Loss: 0.6457 | Test Acc. 72.9730%
Adas on AJ-Lymph_transformed: T 1/1 | E 100/250 Ended | E Time: 3.737s | ~Time Left: 560.500s |  Train Loss: 0.6575 | Train Acc. 70.9030% | Test Loss: 0.7417 | Test Acc. 75.6757%
Adas on AJ-Lymph_transformed: T 1/1 | E 101/250 Ended | E Time: 3.718s | ~Time Left: 553.942s |  Train Loss: 0.6593 | Train Acc. 66.5552% | Test Loss: 0.6321 | Test Acc. 62.1622%
Adas on AJ-Lymph_transformed: T 1/1 | E 102/250 Ended | E Time: 3.659s | ~Time Left: 541.521s |  Train Loss: 0.7366 | Train Acc. 70.5686% | Test Loss: 0.9530 | Test Acc. 54.0541%
Adas on AJ-Lymph_transformed: T 1/1 | E 103/250 Ended | E Time: 3.816s | ~Time Left: 560.962s |  Train Loss: 0.7319 | Train Acc. 69.5652% | Test Loss: 0.7411 | Test Acc. 70.2703%
Adas on AJ-Lymph_transformed: T 1/1 | E 104/250 Ended | E Time: 3.665s | ~Time Left: 535.064s |  Train Loss: 0.6586 | Train Acc. 68.5619% | Test Loss: 0.5229 | Test Acc. 70.2703%
Adas on AJ-Lymph_transformed: T 1/1 | E 105/250 Ended | E Time: 3.655s | ~Time Left: 529.970s |  Train Loss: 0.6637 | Train Acc. 72.5752% | Test Loss: 0.7585 | Test Acc. 75.6757%
Adas on AJ-Lymph_transformed: T 1/1 | E 106/250 Ended | E Time: 3.664s | ~Time Left: 527.604s |  Train Loss: 0.5872 | Train Acc. 77.9264% | Test Loss: 0.5111 | Test Acc. 70.2703%
Adas on AJ-Lymph_transformed: T 1/1 | E 107/250 Ended | E Time: 3.659s | ~Time Left: 523.177s |  Train Loss: 0.5738 | Train Acc. 74.5819% | Test Loss: 0.6683 | Test Acc. 72.9730%
Adas on AJ-Lymph_transformed: T 1/1 | E 108/250 Ended | E Time: 3.695s | ~Time Left: 524.659s |  Train Loss: 0.6853 | Train Acc. 69.5652% | Test Loss: 0.5409 | Test Acc. 70.2703%
Adas on AJ-Lymph_transformed: T 1/1 | E 109/250 Ended | E Time: 3.941s | ~Time Left: 555.616s |  Train Loss: 0.6590 | Train Acc. 73.2441% | Test Loss: 0.3791 | Test Acc. 72.9730%
Adas on AJ-Lymph_transformed: T 1/1 | E 110/250 Ended | E Time: 3.651s | ~Time Left: 511.142s |  Train Loss: 0.6540 | Train Acc. 71.9064% | Test Loss: 0.5024 | Test Acc. 72.9730%
Adas on AJ-Lymph_transformed: T 1/1 | E 111/250 Ended | E Time: 3.747s | ~Time Left: 520.826s |  Train Loss: 0.6981 | Train Acc. 71.5719% | Test Loss: 0.5203 | Test Acc. 70.2703%
Adas on AJ-Lymph_transformed: T 1/1 | E 112/250 Ended | E Time: 3.714s | ~Time Left: 512.601s |  Train Loss: 0.6499 | Train Acc. 69.5652% | Test Loss: 0.7953 | Test Acc. 62.1622%
Adas on AJ-Lymph_transformed: T 1/1 | E 113/250 Ended | E Time: 3.641s | ~Time Left: 498.762s |  Train Loss: 0.5900 | Train Acc. 75.2508% | Test Loss: 0.5639 | Test Acc. 70.2703%
Adas on AJ-Lymph_transformed: T 1/1 | E 114/250 Ended | E Time: 3.683s | ~Time Left: 500.923s |  Train Loss: 0.5958 | Train Acc. 75.2508% | Test Loss: 0.4827 | Test Acc. 75.6757%
Adas on AJ-Lymph_transformed: T 1/1 | E 115/250 Ended | E Time: 3.676s | ~Time Left: 496.235s |  Train Loss: 0.6154 | Train Acc. 72.9097% | Test Loss: 0.5649 | Test Acc. 78.3784%
Adas on AJ-Lymph_transformed: T 1/1 | E 116/250 Ended | E Time: 3.639s | ~Time Left: 487.634s |  Train Loss: 0.5682 | Train Acc. 74.9164% | Test Loss: 0.6664 | Test Acc. 75.6757%
Adas on AJ-Lymph_transformed: T 1/1 | E 117/250 Ended | E Time: 3.876s | ~Time Left: 515.516s |  Train Loss: 0.5882 | Train Acc. 75.5853% | Test Loss: 1.1709 | Test Acc. 62.1622%
Adas on AJ-Lymph_transformed: T 1/1 | E 118/250 Ended | E Time: 3.660s | ~Time Left: 483.147s |  Train Loss: 0.6336 | Train Acc. 71.2375% | Test Loss: 0.6614 | Test Acc. 59.4595%
Adas on AJ-Lymph_transformed: T 1/1 | E 119/250 Ended | E Time: 3.678s | ~Time Left: 481.821s |  Train Loss: 0.6217 | Train Acc. 72.9097% | Test Loss: 0.4477 | Test Acc. 67.5676%
Adas on AJ-Lymph_transformed: T 1/1 | E 120/250 Ended | E Time: 3.657s | ~Time Left: 475.364s |  Train Loss: 0.5072 | Train Acc. 77.9264% | Test Loss: 0.4036 | Test Acc. 83.7838%
Adas on AJ-Lymph_transformed: T 1/1 | E 121/250 Ended | E Time: 3.735s | ~Time Left: 481.879s |  Train Loss: 0.6503 | Train Acc. 70.5686% | Test Loss: 0.4878 | Test Acc. 75.6757%
Adas on AJ-Lymph_transformed: T 1/1 | E 122/250 Ended | E Time: 3.747s | ~Time Left: 479.634s |  Train Loss: 0.6006 | Train Acc. 75.2508% | Test Loss: 0.3510 | Test Acc. 83.7838%
Adas on AJ-Lymph_transformed: T 1/1 | E 123/250 Ended | E Time: 3.680s | ~Time Left: 467.333s |  Train Loss: 0.5773 | Train Acc. 73.5786% | Test Loss: 0.4942 | Test Acc. 64.8649%
Adas on AJ-Lymph_transformed: T 1/1 | E 124/250 Ended | E Time: 3.679s | ~Time Left: 463.614s |  Train Loss: 0.5979 | Train Acc. 72.9097% | Test Loss: 0.4623 | Test Acc. 86.4865%
Adas on AJ-Lymph_transformed: T 1/1 | E 125/250 Ended | E Time: 3.613s | ~Time Left: 451.647s |  Train Loss: 0.6075 | Train Acc. 74.9164% | Test Loss: 0.3134 | Test Acc. 83.7838%
Adas on AJ-Lymph_transformed: T 1/1 | E 126/250 Ended | E Time: 3.793s | ~Time Left: 470.333s |  Train Loss: 0.5831 | Train Acc. 75.5853% | Test Loss: 0.4748 | Test Acc. 78.3784%
Adas on AJ-Lymph_transformed: T 1/1 | E 127/250 Ended | E Time: 3.674s | ~Time Left: 451.888s |  Train Loss: 0.5971 | Train Acc. 72.5752% | Test Loss: 0.6135 | Test Acc. 67.5676%
Adas on AJ-Lymph_transformed: T 1/1 | E 128/250 Ended | E Time: 3.659s | ~Time Left: 446.360s |  Train Loss: 0.5557 | Train Acc. 77.2575% | Test Loss: 0.5492 | Test Acc. 75.6757%
Adas on AJ-Lymph_transformed: T 1/1 | E 129/250 Ended | E Time: 3.738s | ~Time Left: 452.321s |  Train Loss: 0.5455 | Train Acc. 75.9197% | Test Loss: 0.6061 | Test Acc. 67.5676%
Adas on AJ-Lymph_transformed: T 1/1 | E 130/250 Ended | E Time: 3.745s | ~Time Left: 449.380s |  Train Loss: 0.5558 | Train Acc. 76.9231% | Test Loss: 0.3793 | Test Acc. 72.9730%
Adas on AJ-Lymph_transformed: T 1/1 | E 131/250 Ended | E Time: 3.730s | ~Time Left: 443.839s |  Train Loss: 0.5520 | Train Acc. 73.2441% | Test Loss: 0.4301 | Test Acc. 81.0811%
Adas on AJ-Lymph_transformed: T 1/1 | E 132/250 Ended | E Time: 3.686s | ~Time Left: 434.981s |  Train Loss: 0.6028 | Train Acc. 71.5719% | Test Loss: 0.4629 | Test Acc. 72.9730%
Adas on AJ-Lymph_transformed: T 1/1 | E 133/250 Ended | E Time: 3.680s | ~Time Left: 430.599s |  Train Loss: 0.5483 | Train Acc. 75.2508% | Test Loss: 0.3868 | Test Acc. 78.3784%
Adas on AJ-Lymph_transformed: T 1/1 | E 134/250 Ended | E Time: 3.648s | ~Time Left: 423.142s |  Train Loss: 0.5684 | Train Acc. 79.5987% | Test Loss: 0.4353 | Test Acc. 78.3784%
Adas on AJ-Lymph_transformed: T 1/1 | E 135/250 Ended | E Time: 3.667s | ~Time Left: 421.758s |  Train Loss: 0.5791 | Train Acc. 77.5920% | Test Loss: 0.4104 | Test Acc. 75.6757%
Adas on AJ-Lymph_transformed: T 1/1 | E 136/250 Ended | E Time: 3.649s | ~Time Left: 415.991s |  Train Loss: 0.5514 | Train Acc. 72.9097% | Test Loss: 0.3020 | Test Acc. 89.1892%
Adas on AJ-Lymph_transformed: T 1/1 | E 137/250 Ended | E Time: 3.689s | ~Time Left: 416.813s |  Train Loss: 0.5729 | Train Acc. 76.2542% | Test Loss: 0.3682 | Test Acc. 81.0811%
Adas on AJ-Lymph_transformed: T 1/1 | E 138/250 Ended | E Time: 3.749s | ~Time Left: 419.885s |  Train Loss: 0.5544 | Train Acc. 74.9164% | Test Loss: 0.4323 | Test Acc. 78.3784%
Adas on AJ-Lymph_transformed: T 1/1 | E 139/250 Ended | E Time: 3.646s | ~Time Left: 404.678s |  Train Loss: 0.5658 | Train Acc. 76.9231% | Test Loss: 0.6142 | Test Acc. 72.9730%
Adas on AJ-Lymph_transformed: T 1/1 | E 140/250 Ended | E Time: 3.866s | ~Time Left: 425.313s |  Train Loss: 0.5574 | Train Acc. 73.9130% | Test Loss: 0.5053 | Test Acc. 75.6757%
Adas on AJ-Lymph_transformed: T 1/1 | E 141/250 Ended | E Time: 3.728s | ~Time Left: 406.353s |  Train Loss: 0.4731 | Train Acc. 78.2609% | Test Loss: 0.5448 | Test Acc. 72.9730%
Adas on AJ-Lymph_transformed: T 1/1 | E 142/250 Ended | E Time: 3.634s | ~Time Left: 392.511s |  Train Loss: 0.4661 | Train Acc. 77.5920% | Test Loss: 0.4318 | Test Acc. 83.7838%
Adas on AJ-Lymph_transformed: T 1/1 | E 143/250 Ended | E Time: 3.992s | ~Time Left: 427.147s |  Train Loss: 0.5013 | Train Acc. 78.9298% | Test Loss: 0.3279 | Test Acc. 81.0811%
Adas on AJ-Lymph_transformed: T 1/1 | E 144/250 Ended | E Time: 3.955s | ~Time Left: 419.208s |  Train Loss: 0.4819 | Train Acc. 76.5886% | Test Loss: 0.4546 | Test Acc. 75.6757%
Adas on AJ-Lymph_transformed: T 1/1 | E 145/250 Ended | E Time: 3.723s | ~Time Left: 390.918s |  Train Loss: 0.5070 | Train Acc. 78.9298% | Test Loss: 0.3647 | Test Acc. 78.3784%
Adas on AJ-Lymph_transformed: T 1/1 | E 146/250 Ended | E Time: 3.678s | ~Time Left: 382.537s |  Train Loss: 0.5371 | Train Acc. 78.2609% | Test Loss: 0.5212 | Test Acc. 75.6757%
Adas on AJ-Lymph_transformed: T 1/1 | E 147/250 Ended | E Time: 3.744s | ~Time Left: 385.617s |  Train Loss: 0.5549 | Train Acc. 77.5920% | Test Loss: 0.3798 | Test Acc. 81.0811%
Adas on AJ-Lymph_transformed: T 1/1 | E 148/250 Ended | E Time: 3.664s | ~Time Left: 373.739s |  Train Loss: 0.5353 | Train Acc. 75.9197% | Test Loss: 0.6606 | Test Acc. 62.1622%
Adas on AJ-Lymph_transformed: T 1/1 | E 149/250 Ended | E Time: 3.724s | ~Time Left: 376.090s |  Train Loss: 0.5162 | Train Acc. 77.5920% | Test Loss: 0.3771 | Test Acc. 81.0811%
Adas on AJ-Lymph_transformed: T 1/1 | E 150/250 Ended | E Time: 3.847s | ~Time Left: 384.693s |  Train Loss: 0.5190 | Train Acc. 80.2676% | Test Loss: 0.4066 | Test Acc. 78.3784%
Adas on AJ-Lymph_transformed: T 1/1 | E 151/250 Ended | E Time: 3.706s | ~Time Left: 366.908s |  Train Loss: 0.5544 | Train Acc. 76.9231% | Test Loss: 0.4409 | Test Acc. 75.6757%
Adas on AJ-Lymph_transformed: T 1/1 | E 152/250 Ended | E Time: 3.694s | ~Time Left: 362.028s |  Train Loss: 0.5221 | Train Acc. 77.5920% | Test Loss: 0.5003 | Test Acc. 72.9730%
Adas on AJ-Lymph_transformed: T 1/1 | E 153/250 Ended | E Time: 3.703s | ~Time Left: 359.187s |  Train Loss: 0.4884 | Train Acc. 78.5953% | Test Loss: 0.4845 | Test Acc. 81.0811%
Adas on AJ-Lymph_transformed: T 1/1 | E 154/250 Ended | E Time: 3.709s | ~Time Left: 356.105s |  Train Loss: 0.5129 | Train Acc. 77.2575% | Test Loss: 0.4067 | Test Acc. 75.6757%
Adas on AJ-Lymph_transformed: T 1/1 | E 155/250 Ended | E Time: 3.714s | ~Time Left: 352.812s |  Train Loss: 0.5033 | Train Acc. 78.2609% | Test Loss: 0.3026 | Test Acc. 83.7838%
Adas on AJ-Lymph_transformed: T 1/1 | E 156/250 Ended | E Time: 3.712s | ~Time Left: 348.908s |  Train Loss: 0.5355 | Train Acc. 77.2575% | Test Loss: 0.4453 | Test Acc. 70.2703%
Adas on AJ-Lymph_transformed: T 1/1 | E 157/250 Ended | E Time: 3.718s | ~Time Left: 345.750s |  Train Loss: 0.5171 | Train Acc. 77.2575% | Test Loss: 0.3715 | Test Acc. 83.7838%
Adas on AJ-Lymph_transformed: T 1/1 | E 158/250 Ended | E Time: 3.700s | ~Time Left: 340.379s |  Train Loss: 0.4677 | Train Acc. 80.2676% | Test Loss: 0.3545 | Test Acc. 83.7838%
Adas on AJ-Lymph_transformed: T 1/1 | E 159/250 Ended | E Time: 3.652s | ~Time Left: 332.355s |  Train Loss: 0.5713 | Train Acc. 72.9097% | Test Loss: 0.3071 | Test Acc. 81.0811%
Adas on AJ-Lymph_transformed: T 1/1 | E 160/250 Ended | E Time: 3.718s | ~Time Left: 334.611s |  Train Loss: 0.5104 | Train Acc. 79.9331% | Test Loss: 0.3223 | Test Acc. 78.3784%
Adas on AJ-Lymph_transformed: T 1/1 | E 161/250 Ended | E Time: 3.642s | ~Time Left: 324.109s |  Train Loss: 0.6623 | Train Acc. 73.9130% | Test Loss: 0.4956 | Test Acc. 70.2703%
Adas on AJ-Lymph_transformed: T 1/1 | E 162/250 Ended | E Time: 3.693s | ~Time Left: 324.999s |  Train Loss: 0.5526 | Train Acc. 75.2508% | Test Loss: 0.6364 | Test Acc. 72.9730%
Adas on AJ-Lymph_transformed: T 1/1 | E 163/250 Ended | E Time: 3.706s | ~Time Left: 322.380s |  Train Loss: 0.5273 | Train Acc. 75.5853% | Test Loss: 0.3505 | Test Acc. 86.4865%
Adas on AJ-Lymph_transformed: T 1/1 | E 164/250 Ended | E Time: 3.647s | ~Time Left: 313.630s |  Train Loss: 0.5112 | Train Acc. 81.9398% | Test Loss: 0.3899 | Test Acc. 78.3784%
Adas on AJ-Lymph_transformed: T 1/1 | E 165/250 Ended | E Time: 3.701s | ~Time Left: 314.612s |  Train Loss: 0.5075 | Train Acc. 78.9298% | Test Loss: 0.4615 | Test Acc. 72.9730%
Adas on AJ-Lymph_transformed: T 1/1 | E 166/250 Ended | E Time: 3.622s | ~Time Left: 304.212s |  Train Loss: 0.4761 | Train Acc. 78.2609% | Test Loss: 0.3361 | Test Acc. 75.6757%
Adas on AJ-Lymph_transformed: T 1/1 | E 167/250 Ended | E Time: 3.706s | ~Time Left: 307.570s |  Train Loss: 0.5137 | Train Acc. 76.9231% | Test Loss: 0.4202 | Test Acc. 75.6757%
Adas on AJ-Lymph_transformed: T 1/1 | E 168/250 Ended | E Time: 3.708s | ~Time Left: 304.019s |  Train Loss: 0.5240 | Train Acc. 76.5886% | Test Loss: 0.3363 | Test Acc. 75.6757%
Adas on AJ-Lymph_transformed: T 1/1 | E 169/250 Ended | E Time: 3.668s | ~Time Left: 297.076s |  Train Loss: 0.5171 | Train Acc. 80.9365% | Test Loss: 0.3877 | Test Acc. 81.0811%
Adas on AJ-Lymph_transformed: T 1/1 | E 170/250 Ended | E Time: 3.713s | ~Time Left: 297.037s |  Train Loss: 0.5125 | Train Acc. 75.9197% | Test Loss: 0.3673 | Test Acc. 72.9730%
Adas on AJ-Lymph_transformed: T 1/1 | E 171/250 Ended | E Time: 3.789s | ~Time Left: 299.333s |  Train Loss: 0.5548 | Train Acc. 77.9264% | Test Loss: 0.3143 | Test Acc. 78.3784%
Adas on AJ-Lymph_transformed: T 1/1 | E 172/250 Ended | E Time: 3.689s | ~Time Left: 287.718s |  Train Loss: 0.4570 | Train Acc. 79.2642% | Test Loss: 0.4477 | Test Acc. 75.6757%
Adas on AJ-Lymph_transformed: T 1/1 | E 173/250 Ended | E Time: 3.667s | ~Time Left: 282.386s |  Train Loss: 0.4742 | Train Acc. 80.6020% | Test Loss: 0.3452 | Test Acc. 83.7838%
Adas on AJ-Lymph_transformed: T 1/1 | E 174/250 Ended | E Time: 3.674s | ~Time Left: 279.243s |  Train Loss: 0.5069 | Train Acc. 79.2642% | Test Loss: 0.3841 | Test Acc. 75.6757%
Adas on AJ-Lymph_transformed: T 1/1 | E 175/250 Ended | E Time: 3.700s | ~Time Left: 277.477s |  Train Loss: 0.4767 | Train Acc. 79.5987% | Test Loss: 0.3881 | Test Acc. 78.3784%
Adas on AJ-Lymph_transformed: T 1/1 | E 176/250 Ended | E Time: 3.658s | ~Time Left: 270.699s |  Train Loss: 0.5386 | Train Acc. 77.9264% | Test Loss: 0.3377 | Test Acc. 81.0811%
Adas on AJ-Lymph_transformed: T 1/1 | E 177/250 Ended | E Time: 3.701s | ~Time Left: 270.147s |  Train Loss: 0.5052 | Train Acc. 78.2609% | Test Loss: 0.5132 | Test Acc. 81.0811%
Adas on AJ-Lymph_transformed: T 1/1 | E 178/250 Ended | E Time: 3.637s | ~Time Left: 261.882s |  Train Loss: 0.5267 | Train Acc. 75.9197% | Test Loss: 0.4051 | Test Acc. 75.6757%
Adas on AJ-Lymph_transformed: T 1/1 | E 179/250 Ended | E Time: 3.710s | ~Time Left: 263.381s |  Train Loss: 0.5431 | Train Acc. 75.9197% | Test Loss: 0.5203 | Test Acc. 64.8649%
Adas on AJ-Lymph_transformed: T 1/1 | E 180/250 Ended | E Time: 3.710s | ~Time Left: 259.723s |  Train Loss: 0.5034 | Train Acc. 77.9264% | Test Loss: 0.4918 | Test Acc. 67.5676%
Adas on AJ-Lymph_transformed: T 1/1 | E 181/250 Ended | E Time: 3.724s | ~Time Left: 256.923s |  Train Loss: 0.5380 | Train Acc. 78.9298% | Test Loss: 0.4833 | Test Acc. 70.2703%
Adas on AJ-Lymph_transformed: T 1/1 | E 182/250 Ended | E Time: 3.734s | ~Time Left: 253.924s |  Train Loss: 0.4854 | Train Acc. 79.2642% | Test Loss: 0.4096 | Test Acc. 75.6757%
Adas on AJ-Lymph_transformed: T 1/1 | E 183/250 Ended | E Time: 3.711s | ~Time Left: 248.659s |  Train Loss: 0.5084 | Train Acc. 78.9298% | Test Loss: 0.4244 | Test Acc. 78.3784%
Adas on AJ-Lymph_transformed: T 1/1 | E 184/250 Ended | E Time: 3.652s | ~Time Left: 241.002s |  Train Loss: 0.5784 | Train Acc. 76.5886% | Test Loss: 0.3922 | Test Acc. 81.0811%
Adas on AJ-Lymph_transformed: T 1/1 | E 185/250 Ended | E Time: 3.671s | ~Time Left: 238.641s |  Train Loss: 0.5598 | Train Acc. 76.5886% | Test Loss: 0.4620 | Test Acc. 78.3784%
Adas on AJ-Lymph_transformed: T 1/1 | E 186/250 Ended | E Time: 3.661s | ~Time Left: 234.288s |  Train Loss: 0.5235 | Train Acc. 76.9231% | Test Loss: 0.3198 | Test Acc. 81.0811%
Adas on AJ-Lymph_transformed: T 1/1 | E 187/250 Ended | E Time: 3.694s | ~Time Left: 232.736s |  Train Loss: 0.5340 | Train Acc. 79.9331% | Test Loss: 0.3834 | Test Acc. 78.3784%
Adas on AJ-Lymph_transformed: T 1/1 | E 188/250 Ended | E Time: 3.756s | ~Time Left: 232.866s |  Train Loss: 0.5239 | Train Acc. 77.5920% | Test Loss: 0.4201 | Test Acc. 78.3784%
Adas on AJ-Lymph_transformed: T 1/1 | E 189/250 Ended | E Time: 3.666s | ~Time Left: 223.607s |  Train Loss: 0.4699 | Train Acc. 82.6087% | Test Loss: 0.3929 | Test Acc. 72.9730%
Adas on AJ-Lymph_transformed: T 1/1 | E 190/250 Ended | E Time: 3.673s | ~Time Left: 220.367s |  Train Loss: 0.4978 | Train Acc. 80.6020% | Test Loss: 0.4866 | Test Acc. 83.7838%
Adas on AJ-Lymph_transformed: T 1/1 | E 191/250 Ended | E Time: 4.119s | ~Time Left: 243.022s |  Train Loss: 0.5318 | Train Acc. 77.2575% | Test Loss: 0.4239 | Test Acc. 75.6757%
Adas on AJ-Lymph_transformed: T 1/1 | E 192/250 Ended | E Time: 3.675s | ~Time Left: 213.159s |  Train Loss: 0.4782 | Train Acc. 78.2609% | Test Loss: 0.7956 | Test Acc. 70.2703%
Adas on AJ-Lymph_transformed: T 1/1 | E 193/250 Ended | E Time: 3.767s | ~Time Left: 214.707s |  Train Loss: 0.5916 | Train Acc. 78.5953% | Test Loss: 0.4145 | Test Acc. 75.6757%
Adas on AJ-Lymph_transformed: T 1/1 | E 194/250 Ended | E Time: 3.689s | ~Time Left: 206.568s |  Train Loss: 0.4824 | Train Acc. 78.2609% | Test Loss: 0.5270 | Test Acc. 72.9730%
Adas on AJ-Lymph_transformed: T 1/1 | E 195/250 Ended | E Time: 3.676s | ~Time Left: 202.205s |  Train Loss: 0.4442 | Train Acc. 81.9398% | Test Loss: 0.3539 | Test Acc. 83.7838%
Adas on AJ-Lymph_transformed: T 1/1 | E 196/250 Ended | E Time: 3.833s | ~Time Left: 206.978s |  Train Loss: 0.4684 | Train Acc. 79.5987% | Test Loss: 0.4420 | Test Acc. 81.0811%
Adas on AJ-Lymph_transformed: T 1/1 | E 197/250 Ended | E Time: 3.924s | ~Time Left: 207.989s |  Train Loss: 0.4937 | Train Acc. 80.6020% | Test Loss: 0.3953 | Test Acc. 75.6757%
Adas on AJ-Lymph_transformed: T 1/1 | E 198/250 Ended | E Time: 3.728s | ~Time Left: 193.877s |  Train Loss: 0.3971 | Train Acc. 83.6120% | Test Loss: 0.4780 | Test Acc. 70.2703%
Adas on AJ-Lymph_transformed: T 1/1 | E 199/250 Ended | E Time: 3.717s | ~Time Left: 189.573s |  Train Loss: 0.4553 | Train Acc. 79.5987% | Test Loss: 0.2874 | Test Acc. 83.7838%
Adas on AJ-Lymph_transformed: T 1/1 | E 200/250 Ended | E Time: 3.755s | ~Time Left: 187.769s |  Train Loss: 0.5447 | Train Acc. 74.2475% | Test Loss: 0.3980 | Test Acc. 81.0811%
Adas on AJ-Lymph_transformed: T 1/1 | E 201/250 Ended | E Time: 3.678s | ~Time Left: 180.233s |  Train Loss: 0.4569 | Train Acc. 80.9365% | Test Loss: 0.3427 | Test Acc. 81.0811%
Adas on AJ-Lymph_transformed: T 1/1 | E 202/250 Ended | E Time: 3.589s | ~Time Left: 172.295s |  Train Loss: 0.4863 | Train Acc. 81.6054% | Test Loss: 0.2914 | Test Acc. 81.0811%
Adas on AJ-Lymph_transformed: T 1/1 | E 203/250 Ended | E Time: 3.634s | ~Time Left: 170.819s |  Train Loss: 0.5089 | Train Acc. 78.5953% | Test Loss: 0.3294 | Test Acc. 75.6757%
Adas on AJ-Lymph_transformed: T 1/1 | E 204/250 Ended | E Time: 3.687s | ~Time Left: 169.612s |  Train Loss: 0.4889 | Train Acc. 78.5953% | Test Loss: 0.3233 | Test Acc. 78.3784%
Adas on AJ-Lymph_transformed: T 1/1 | E 205/250 Ended | E Time: 3.648s | ~Time Left: 164.167s |  Train Loss: 0.5514 | Train Acc. 78.2609% | Test Loss: 0.5343 | Test Acc. 70.2703%
Adas on AJ-Lymph_transformed: T 1/1 | E 206/250 Ended | E Time: 3.662s | ~Time Left: 161.149s |  Train Loss: 0.5178 | Train Acc. 81.2709% | Test Loss: 0.2747 | Test Acc. 78.3784%
Adas on AJ-Lymph_transformed: T 1/1 | E 207/250 Ended | E Time: 3.715s | ~Time Left: 159.742s |  Train Loss: 0.4200 | Train Acc. 82.2742% | Test Loss: 0.2906 | Test Acc. 86.4865%
Adas on AJ-Lymph_transformed: T 1/1 | E 208/250 Ended | E Time: 3.819s | ~Time Left: 160.414s |  Train Loss: 0.4532 | Train Acc. 82.9431% | Test Loss: 0.3315 | Test Acc. 78.3784%
Adas on AJ-Lymph_transformed: T 1/1 | E 209/250 Ended | E Time: 3.684s | ~Time Left: 151.058s |  Train Loss: 0.4636 | Train Acc. 80.2676% | Test Loss: 0.2688 | Test Acc. 81.0811%
Adas on AJ-Lymph_transformed: T 1/1 | E 210/250 Ended | E Time: 3.729s | ~Time Left: 149.156s |  Train Loss: 0.4750 | Train Acc. 81.6054% | Test Loss: 0.2602 | Test Acc. 86.4865%
Adas on AJ-Lymph_transformed: T 1/1 | E 211/250 Ended | E Time: 3.631s | ~Time Left: 141.608s |  Train Loss: 0.5029 | Train Acc. 81.9398% | Test Loss: 0.3155 | Test Acc. 75.6757%
Adas on AJ-Lymph_transformed: T 1/1 | E 212/250 Ended | E Time: 3.690s | ~Time Left: 140.238s |  Train Loss: 0.4611 | Train Acc. 78.5953% | Test Loss: 0.3028 | Test Acc. 75.6757%
Adas on AJ-Lymph_transformed: T 1/1 | E 213/250 Ended | E Time: 3.645s | ~Time Left: 134.874s |  Train Loss: 0.4248 | Train Acc. 80.9365% | Test Loss: 0.3187 | Test Acc. 83.7838%
Adas on AJ-Lymph_transformed: T 1/1 | E 214/250 Ended | E Time: 3.659s | ~Time Left: 131.740s |  Train Loss: 0.4664 | Train Acc. 81.2709% | Test Loss: 0.3128 | Test Acc. 78.3784%
Adas on AJ-Lymph_transformed: T 1/1 | E 215/250 Ended | E Time: 3.709s | ~Time Left: 129.808s |  Train Loss: 0.4452 | Train Acc. 80.6020% | Test Loss: 0.6044 | Test Acc. 75.6757%
Adas on AJ-Lymph_transformed: T 1/1 | E 216/250 Ended | E Time: 3.659s | ~Time Left: 124.402s |  Train Loss: 0.4782 | Train Acc. 80.9365% | Test Loss: 0.3274 | Test Acc. 83.7838%
Adas on AJ-Lymph_transformed: T 1/1 | E 217/250 Ended | E Time: 3.715s | ~Time Left: 122.595s |  Train Loss: 0.3802 | Train Acc. 83.6120% | Test Loss: 0.4671 | Test Acc. 67.5676%
Adas on AJ-Lymph_transformed: T 1/1 | E 218/250 Ended | E Time: 3.717s | ~Time Left: 118.937s |  Train Loss: 0.5089 | Train Acc. 78.2609% | Test Loss: 0.2780 | Test Acc. 83.7838%
Adas on AJ-Lymph_transformed: T 1/1 | E 219/250 Ended | E Time: 3.645s | ~Time Left: 112.991s |  Train Loss: 0.4364 | Train Acc. 80.9365% | Test Loss: 0.4216 | Test Acc. 75.6757%
Adas on AJ-Lymph_transformed: T 1/1 | E 220/250 Ended | E Time: 3.685s | ~Time Left: 110.554s |  Train Loss: 0.5249 | Train Acc. 80.9365% | Test Loss: 0.3530 | Test Acc. 75.6757%
Adas on AJ-Lymph_transformed: T 1/1 | E 221/250 Ended | E Time: 3.715s | ~Time Left: 107.747s |  Train Loss: 0.4796 | Train Acc. 80.6020% | Test Loss: 0.3141 | Test Acc. 86.4865%
Adas on AJ-Lymph_transformed: T 1/1 | E 222/250 Ended | E Time: 3.681s | ~Time Left: 103.065s |  Train Loss: 0.4342 | Train Acc. 80.2676% | Test Loss: 0.3241 | Test Acc. 81.0811%
Adas on AJ-Lymph_transformed: T 1/1 | E 223/250 Ended | E Time: 3.651s | ~Time Left: 98.570s |  Train Loss: 0.4442 | Train Acc. 84.9498% | Test Loss: 0.4835 | Test Acc. 86.4865%
Adas on AJ-Lymph_transformed: T 1/1 | E 224/250 Ended | E Time: 3.663s | ~Time Left: 95.232s |  Train Loss: 0.4702 | Train Acc. 79.9331% | Test Loss: 0.3345 | Test Acc. 81.0811%
Adas on AJ-Lymph_transformed: T 1/1 | E 225/250 Ended | E Time: 3.702s | ~Time Left: 92.558s |  Train Loss: 0.4356 | Train Acc. 82.9431% | Test Loss: 0.4439 | Test Acc. 67.5676%
Adas on AJ-Lymph_transformed: T 1/1 | E 226/250 Ended | E Time: 3.710s | ~Time Left: 89.050s |  Train Loss: 0.4701 | Train Acc. 78.2609% | Test Loss: 0.4192 | Test Acc. 75.6757%
Adas on AJ-Lymph_transformed: T 1/1 | E 227/250 Ended | E Time: 3.816s | ~Time Left: 87.772s |  Train Loss: 0.3679 | Train Acc. 82.2742% | Test Loss: 0.2859 | Test Acc. 89.1892%
Adas on AJ-Lymph_transformed: T 1/1 | E 228/250 Ended | E Time: 3.906s | ~Time Left: 85.940s |  Train Loss: 0.5190 | Train Acc. 79.2642% | Test Loss: 0.4979 | Test Acc. 67.5676%
Adas on AJ-Lymph_transformed: T 1/1 | E 229/250 Ended | E Time: 3.695s | ~Time Left: 77.588s |  Train Loss: 0.3889 | Train Acc. 83.6120% | Test Loss: 0.3725 | Test Acc. 75.6757%
Adas on AJ-Lymph_transformed: T 1/1 | E 230/250 Ended | E Time: 3.649s | ~Time Left: 72.976s |  Train Loss: 0.4908 | Train Acc. 79.2642% | Test Loss: 0.5366 | Test Acc. 75.6757%
Adas on AJ-Lymph_transformed: T 1/1 | E 231/250 Ended | E Time: 3.645s | ~Time Left: 69.248s |  Train Loss: 0.4028 | Train Acc. 83.2776% | Test Loss: 0.4162 | Test Acc. 75.6757%
Adas on AJ-Lymph_transformed: T 1/1 | E 232/250 Ended | E Time: 3.684s | ~Time Left: 66.315s |  Train Loss: 0.4048 | Train Acc. 82.9431% | Test Loss: 0.2788 | Test Acc. 81.0811%
Adas on AJ-Lymph_transformed: T 1/1 | E 233/250 Ended | E Time: 3.747s | ~Time Left: 63.695s |  Train Loss: 0.4541 | Train Acc. 81.6054% | Test Loss: 0.4366 | Test Acc. 81.0811%
Adas on AJ-Lymph_transformed: T 1/1 | E 234/250 Ended | E Time: 3.661s | ~Time Left: 58.572s |  Train Loss: 0.4406 | Train Acc. 81.9398% | Test Loss: 0.3843 | Test Acc. 70.2703%
Adas on AJ-Lymph_transformed: T 1/1 | E 235/250 Ended | E Time: 3.736s | ~Time Left: 56.038s |  Train Loss: 0.4387 | Train Acc. 80.9365% | Test Loss: 0.2365 | Test Acc. 83.7838%
Adas on AJ-Lymph_transformed: T 1/1 | E 236/250 Ended | E Time: 3.746s | ~Time Left: 52.442s |  Train Loss: 0.5144 | Train Acc. 83.6120% | Test Loss: 0.2982 | Test Acc. 83.7838%
Adas on AJ-Lymph_transformed: T 1/1 | E 237/250 Ended | E Time: 3.676s | ~Time Left: 47.787s |  Train Loss: 0.5328 | Train Acc. 81.9398% | Test Loss: 0.3658 | Test Acc. 75.6757%
Adas on AJ-Lymph_transformed: T 1/1 | E 238/250 Ended | E Time: 3.827s | ~Time Left: 45.922s |  Train Loss: 0.4314 | Train Acc. 82.6087% | Test Loss: 0.3877 | Test Acc. 83.7838%
Adas on AJ-Lymph_transformed: T 1/1 | E 239/250 Ended | E Time: 3.653s | ~Time Left: 40.179s |  Train Loss: 0.4569 | Train Acc. 81.2709% | Test Loss: 0.3085 | Test Acc. 86.4865%
Adas on AJ-Lymph_transformed: T 1/1 | E 240/250 Ended | E Time: 3.765s | ~Time Left: 37.647s |  Train Loss: 0.4150 | Train Acc. 83.9465% | Test Loss: 0.2970 | Test Acc. 91.8919%
Adas on AJ-Lymph_transformed: T 1/1 | E 241/250 Ended | E Time: 3.692s | ~Time Left: 33.229s |  Train Loss: 0.4099 | Train Acc. 83.9465% | Test Loss: 0.2271 | Test Acc. 91.8919%
Adas on AJ-Lymph_transformed: T 1/1 | E 242/250 Ended | E Time: 3.690s | ~Time Left: 29.519s |  Train Loss: 0.5220 | Train Acc. 81.2709% | Test Loss: 0.3138 | Test Acc. 81.0811%
Adas on AJ-Lymph_transformed: T 1/1 | E 243/250 Ended | E Time: 3.667s | ~Time Left: 25.672s |  Train Loss: 0.4462 | Train Acc. 82.6087% | Test Loss: 0.2729 | Test Acc. 83.7838%
Adas on AJ-Lymph_transformed: T 1/1 | E 244/250 Ended | E Time: 3.646s | ~Time Left: 21.877s |  Train Loss: 0.4504 | Train Acc. 80.2676% | Test Loss: 0.3502 | Test Acc. 72.9730%
Adas on AJ-Lymph_transformed: T 1/1 | E 245/250 Ended | E Time: 3.675s | ~Time Left: 18.373s |  Train Loss: 0.3924 | Train Acc. 85.2843% | Test Loss: 0.2663 | Test Acc. 83.7838%
Adas on AJ-Lymph_transformed: T 1/1 | E 246/250 Ended | E Time: 3.672s | ~Time Left: 14.690s |  Train Loss: 0.4547 | Train Acc. 78.9298% | Test Loss: 0.3511 | Test Acc. 81.0811%
Adas on AJ-Lymph_transformed: T 1/1 | E 247/250 Ended | E Time: 3.679s | ~Time Left: 11.036s |  Train Loss: 0.4175 | Train Acc. 79.9331% | Test Loss: 0.3376 | Test Acc. 81.0811%
Adas on AJ-Lymph_transformed: T 1/1 | E 248/250 Ended | E Time: 3.625s | ~Time Left: 7.251s |  Train Loss: 0.4228 | Train Acc. 82.9431% | Test Loss: 0.2854 | Test Acc. 86.4865%
Adas on AJ-Lymph_transformed: T 1/1 | E 249/250 Ended | E Time: 3.787s | ~Time Left: 3.787s |  Train Loss: 0.4329 | Train Acc. 80.2676% | Test Loss: 0.3347 | Test Acc. 89.1892%
Adas on AJ-Lymph_transformed: T 1/1 | E 250/250 Ended | E Time: 3.691s | ~Time Left: 0.000s |  Train Loss: 0.4381 | Train Acc. 80.9365% | Test Loss: 0.3613 | Test Acc. 72.9730%
