transferring data

Finished transferring

Adas: Argument Parser Options
---------------------------------------------
    config              : src/adas/HistoKTconfigs/BACH_transformed-configAdas.yaml
    data                : /localscratch/zhan8425.4728130.0        
    output              : .Adas-output/BACH_transformed           
    checkpoint          : .Adas-checkpoint/BACH_transformed       
    resume              : None                                    
    root                : .                                       
    save_freq           : 25                                      
    cpu                 : 0                                       
    gpu                 : 0                                       
    mpd                 : 0                                       
    dist_url            : tcp://127.0.0.1:23456                   
    dist_backend        : nccl                                    
    world_size          : -1                                      
    rank                : -1                                      
---------------------------------------------
Adas: Notice: early stop will not be used as it was set to -1.0, training till completion
Adas: Experiment Configuration
---------------------------------------------
    dataset              BACH_transformed    
    network              ResNet18            
    optimizer            Adas                
    scheduler            None                
    level                L3Only              
    color_kwargs         {'augmentation': 'Color-Distortion', 'distortion': 0.3}
    degree_of_rotation   45                  
    vertical_flipping    0.5                 
    horizontal_flipping  0.5                 
    horizontal_shift     0.1                 
    vertical_shift       0.1                 
    gaussian_blur        0                   
    kernel_size          9                   
    variance             0.1                 
    cutout               0                   
    n_holes              1                   
    cutout_length        16                  
    init_lr              0.03                
    early_stop_threshold -1.0                
    optimizer_kwargs     {'momentum': 0.9, 'weight_decay': 0.0005, 'beta': 0.98, 'linear': 0.0, 'gamma': 0.5, 'step_size': 25.0}
    scheduler_kwargs     {}
    p                    1                   
    start_trial          0                   
    n_trials             1                   
    num_workers          4                   
    max_epochs           250                 
    mini_batch_size      32                  
    loss                 cross_entropy       
    early_stop_patience  10                  
---------------------------------------------
Adas: Pytorch device is set to cuda
Adas on BACH_transformed: T 1/1 | E 1/250 Ended | E Time: 8.880s | ~Time Left: 2211.171s |  Train Loss: 2.2712 | Train Acc. 26.0960% | Test Loss: 52.6680 | Test Acc. 27.0833%
Adas on BACH_transformed: T 1/1 | E 2/250 Ended | E Time: 6.921s | ~Time Left: 1716.373s |  Train Loss: 1.5958 | Train Acc. 25.4697% | Test Loss: 1.4169 | Test Acc. 30.4167%
Adas on BACH_transformed: T 1/1 | E 3/250 Ended | E Time: 6.916s | ~Time Left: 1708.132s |  Train Loss: 1.4446 | Train Acc. 31.6284% | Test Loss: 1.4000 | Test Acc. 33.3333%
Adas on BACH_transformed: T 1/1 | E 4/250 Ended | E Time: 6.981s | ~Time Left: 1717.342s |  Train Loss: 1.4532 | Train Acc. 30.7933% | Test Loss: 1.6752 | Test Acc. 21.6667%
Adas on BACH_transformed: T 1/1 | E 5/250 Ended | E Time: 6.887s | ~Time Left: 1687.405s |  Train Loss: 1.3814 | Train Acc. 34.6555% | Test Loss: 1.3805 | Test Acc. 34.1667%
Adas on BACH_transformed: T 1/1 | E 6/250 Ended | E Time: 7.363s | ~Time Left: 1796.659s |  Train Loss: 1.3689 | Train Acc. 35.5950% | Test Loss: 1.3113 | Test Acc. 36.6667%
Adas on BACH_transformed: T 1/1 | E 7/250 Ended | E Time: 6.971s | ~Time Left: 1693.883s |  Train Loss: 1.3831 | Train Acc. 33.9248% | Test Loss: 1.3061 | Test Acc. 38.7500%
Adas on BACH_transformed: T 1/1 | E 8/250 Ended | E Time: 6.827s | ~Time Left: 1652.127s |  Train Loss: 1.3385 | Train Acc. 34.5511% | Test Loss: 1.3188 | Test Acc. 36.2500%
Adas on BACH_transformed: T 1/1 | E 9/250 Ended | E Time: 7.003s | ~Time Left: 1687.783s |  Train Loss: 1.3273 | Train Acc. 37.1608% | Test Loss: 1.3071 | Test Acc. 37.0833%
Adas on BACH_transformed: T 1/1 | E 10/250 Ended | E Time: 6.896s | ~Time Left: 1655.142s |  Train Loss: 1.3179 | Train Acc. 37.6827% | Test Loss: 1.2836 | Test Acc. 39.5833%
Adas on BACH_transformed: T 1/1 | E 11/250 Ended | E Time: 7.494s | ~Time Left: 1790.959s |  Train Loss: 1.3459 | Train Acc. 36.1169% | Test Loss: 1.2840 | Test Acc. 40.8333%
Adas on BACH_transformed: T 1/1 | E 12/250 Ended | E Time: 6.913s | ~Time Left: 1645.348s |  Train Loss: 1.3121 | Train Acc. 38.2046% | Test Loss: 1.2240 | Test Acc. 39.5833%
Adas on BACH_transformed: T 1/1 | E 13/250 Ended | E Time: 7.004s | ~Time Left: 1659.887s |  Train Loss: 1.2843 | Train Acc. 41.5449% | Test Loss: 1.3358 | Test Acc. 35.8333%
Adas on BACH_transformed: T 1/1 | E 14/250 Ended | E Time: 7.011s | ~Time Left: 1654.494s |  Train Loss: 1.3069 | Train Acc. 37.9958% | Test Loss: 1.2604 | Test Acc. 43.7500%
Adas on BACH_transformed: T 1/1 | E 15/250 Ended | E Time: 6.873s | ~Time Left: 1615.126s |  Train Loss: 1.2633 | Train Acc. 42.9019% | Test Loss: 1.2400 | Test Acc. 43.3333%
Adas on BACH_transformed: T 1/1 | E 16/250 Ended | E Time: 6.866s | ~Time Left: 1606.758s |  Train Loss: 1.2795 | Train Acc. 41.9624% | Test Loss: 1.4374 | Test Acc. 34.1667%
Adas on BACH_transformed: T 1/1 | E 17/250 Ended | E Time: 7.835s | ~Time Left: 1825.463s |  Train Loss: 1.2720 | Train Acc. 44.1545% | Test Loss: 1.3864 | Test Acc. 36.6667%
Adas on BACH_transformed: T 1/1 | E 18/250 Ended | E Time: 7.024s | ~Time Left: 1629.505s |  Train Loss: 1.2774 | Train Acc. 40.5010% | Test Loss: 2.0384 | Test Acc. 36.2500%
Adas on BACH_transformed: T 1/1 | E 19/250 Ended | E Time: 7.144s | ~Time Left: 1650.233s |  Train Loss: 1.2814 | Train Acc. 41.0230% | Test Loss: 1.2095 | Test Acc. 49.1667%
Adas on BACH_transformed: T 1/1 | E 20/250 Ended | E Time: 6.861s | ~Time Left: 1578.082s |  Train Loss: 1.2665 | Train Acc. 43.3194% | Test Loss: 1.2431 | Test Acc. 43.3333%
Adas on BACH_transformed: T 1/1 | E 21/250 Ended | E Time: 6.835s | ~Time Left: 1565.316s |  Train Loss: 1.2356 | Train Acc. 45.3027% | Test Loss: 1.2020 | Test Acc. 47.5000%
Adas on BACH_transformed: T 1/1 | E 22/250 Ended | E Time: 6.922s | ~Time Left: 1578.206s |  Train Loss: 1.2208 | Train Acc. 44.5720% | Test Loss: 1.2236 | Test Acc. 45.4167%
Adas on BACH_transformed: T 1/1 | E 23/250 Ended | E Time: 6.995s | ~Time Left: 1587.978s |  Train Loss: 1.2555 | Train Acc. 42.6931% | Test Loss: 1.2094 | Test Acc. 46.2500%
Adas on BACH_transformed: T 1/1 | E 24/250 Ended | E Time: 7.594s | ~Time Left: 1716.193s |  Train Loss: 1.2039 | Train Acc. 46.5553% | Test Loss: 1.2620 | Test Acc. 40.8333%
Adas on BACH_transformed: T 1/1 | E 25/250 Ended | E Time: 7.049s | ~Time Left: 1585.988s |  Train Loss: 1.2280 | Train Acc. 45.0939% | Test Loss: 1.2451 | Test Acc. 43.3333%
Adas on BACH_transformed: T 1/1 | E 26/250 Ended | E Time: 6.917s | ~Time Left: 1549.460s |  Train Loss: 1.2277 | Train Acc. 45.5115% | Test Loss: 1.2606 | Test Acc. 45.8333%
Adas on BACH_transformed: T 1/1 | E 27/250 Ended | E Time: 6.885s | ~Time Left: 1535.388s |  Train Loss: 1.2065 | Train Acc. 45.1983% | Test Loss: 1.1557 | Test Acc. 51.6667%
Adas on BACH_transformed: T 1/1 | E 28/250 Ended | E Time: 6.905s | ~Time Left: 1532.841s |  Train Loss: 1.2076 | Train Acc. 46.5553% | Test Loss: 1.2195 | Test Acc. 42.5000%
Adas on BACH_transformed: T 1/1 | E 29/250 Ended | E Time: 6.908s | ~Time Left: 1526.605s |  Train Loss: 1.1891 | Train Acc. 47.0772% | Test Loss: 1.1907 | Test Acc. 43.7500%
Adas on BACH_transformed: T 1/1 | E 30/250 Ended | E Time: 6.848s | ~Time Left: 1506.478s |  Train Loss: 1.1931 | Train Acc. 46.9729% | Test Loss: 1.1501 | Test Acc. 47.0833%
Adas on BACH_transformed: T 1/1 | E 31/250 Ended | E Time: 7.001s | ~Time Left: 1533.189s |  Train Loss: 1.1984 | Train Acc. 46.4509% | Test Loss: 1.1766 | Test Acc. 48.3333%
Adas on BACH_transformed: T 1/1 | E 32/250 Ended | E Time: 7.077s | ~Time Left: 1542.876s |  Train Loss: 1.1923 | Train Acc. 46.7641% | Test Loss: 1.2030 | Test Acc. 49.1667%
Adas on BACH_transformed: T 1/1 | E 33/250 Ended | E Time: 6.860s | ~Time Left: 1488.685s |  Train Loss: 1.1805 | Train Acc. 47.2860% | Test Loss: 1.1894 | Test Acc. 47.5000%
Adas on BACH_transformed: T 1/1 | E 34/250 Ended | E Time: 6.983s | ~Time Left: 1508.397s |  Train Loss: 1.1945 | Train Acc. 46.8685% | Test Loss: 1.2614 | Test Acc. 47.0833%
Adas on BACH_transformed: T 1/1 | E 35/250 Ended | E Time: 6.894s | ~Time Left: 1482.181s |  Train Loss: 1.2048 | Train Acc. 45.8246% | Test Loss: 1.1762 | Test Acc. 44.1667%
Adas on BACH_transformed: T 1/1 | E 36/250 Ended | E Time: 6.881s | ~Time Left: 1472.510s |  Train Loss: 1.1754 | Train Acc. 49.1649% | Test Loss: 1.2560 | Test Acc. 45.0000%
Adas on BACH_transformed: T 1/1 | E 37/250 Ended | E Time: 6.862s | ~Time Left: 1461.685s |  Train Loss: 1.2158 | Train Acc. 47.3904% | Test Loss: 1.4362 | Test Acc. 38.7500%
Adas on BACH_transformed: T 1/1 | E 38/250 Ended | E Time: 6.901s | ~Time Left: 1462.994s |  Train Loss: 1.1524 | Train Acc. 50.2088% | Test Loss: 1.2652 | Test Acc. 43.7500%
Adas on BACH_transformed: T 1/1 | E 39/250 Ended | E Time: 6.962s | ~Time Left: 1469.025s |  Train Loss: 1.1640 | Train Acc. 48.3299% | Test Loss: 1.1843 | Test Acc. 46.6667%
Adas on BACH_transformed: T 1/1 | E 40/250 Ended | E Time: 6.981s | ~Time Left: 1466.090s |  Train Loss: 1.1779 | Train Acc. 46.9729% | Test Loss: 1.1870 | Test Acc. 44.5833%
Adas on BACH_transformed: T 1/1 | E 41/250 Ended | E Time: 6.869s | ~Time Left: 1435.550s |  Train Loss: 1.1765 | Train Acc. 47.7035% | Test Loss: 1.1282 | Test Acc. 52.0833%
Adas on BACH_transformed: T 1/1 | E 42/250 Ended | E Time: 7.116s | ~Time Left: 1480.057s |  Train Loss: 1.1276 | Train Acc. 50.9395% | Test Loss: 1.1921 | Test Acc. 50.4167%
Adas on BACH_transformed: T 1/1 | E 43/250 Ended | E Time: 6.909s | ~Time Left: 1430.118s |  Train Loss: 1.1599 | Train Acc. 48.8518% | Test Loss: 1.1064 | Test Acc. 51.6667%
Adas on BACH_transformed: T 1/1 | E 44/250 Ended | E Time: 6.882s | ~Time Left: 1417.697s |  Train Loss: 1.1998 | Train Acc. 45.7203% | Test Loss: 1.1337 | Test Acc. 52.0833%
Adas on BACH_transformed: T 1/1 | E 45/250 Ended | E Time: 6.921s | ~Time Left: 1418.746s |  Train Loss: 1.1270 | Train Acc. 51.9833% | Test Loss: 1.1479 | Test Acc. 48.3333%
Adas on BACH_transformed: T 1/1 | E 46/250 Ended | E Time: 6.918s | ~Time Left: 1411.351s |  Train Loss: 1.1074 | Train Acc. 51.7745% | Test Loss: 1.1056 | Test Acc. 45.8333%
Adas on BACH_transformed: T 1/1 | E 47/250 Ended | E Time: 7.213s | ~Time Left: 1464.189s |  Train Loss: 1.1244 | Train Acc. 51.8789% | Test Loss: 1.2749 | Test Acc. 47.0833%
Adas on BACH_transformed: T 1/1 | E 48/250 Ended | E Time: 6.889s | ~Time Left: 1391.533s |  Train Loss: 1.1922 | Train Acc. 48.9562% | Test Loss: 1.1289 | Test Acc. 49.1667%
Adas on BACH_transformed: T 1/1 | E 49/250 Ended | E Time: 6.911s | ~Time Left: 1389.126s |  Train Loss: 1.1169 | Train Acc. 51.3570% | Test Loss: 1.1345 | Test Acc. 46.6667%
Adas on BACH_transformed: T 1/1 | E 50/250 Ended | E Time: 6.854s | ~Time Left: 1370.847s |  Train Loss: 1.1046 | Train Acc. 51.4614% | Test Loss: 1.1535 | Test Acc. 49.5833%
Adas on BACH_transformed: T 1/1 | E 51/250 Ended | E Time: 6.889s | ~Time Left: 1370.948s |  Train Loss: 1.0643 | Train Acc. 55.2192% | Test Loss: 1.1800 | Test Acc. 48.7500%
Adas on BACH_transformed: T 1/1 | E 52/250 Ended | E Time: 6.974s | ~Time Left: 1380.891s |  Train Loss: 1.1235 | Train Acc. 51.4614% | Test Loss: 1.1737 | Test Acc. 42.5000%
Adas on BACH_transformed: T 1/1 | E 53/250 Ended | E Time: 6.903s | ~Time Left: 1359.810s |  Train Loss: 1.0974 | Train Acc. 51.2526% | Test Loss: 1.1342 | Test Acc. 53.7500%
Adas on BACH_transformed: T 1/1 | E 54/250 Ended | E Time: 6.895s | ~Time Left: 1351.417s |  Train Loss: 1.0770 | Train Acc. 53.4447% | Test Loss: 1.1386 | Test Acc. 48.3333%
Adas on BACH_transformed: T 1/1 | E 55/250 Ended | E Time: 7.219s | ~Time Left: 1407.746s |  Train Loss: 1.0819 | Train Acc. 51.8789% | Test Loss: 1.1029 | Test Acc. 51.2500%
Adas on BACH_transformed: T 1/1 | E 56/250 Ended | E Time: 7.022s | ~Time Left: 1362.281s |  Train Loss: 1.0634 | Train Acc. 54.1754% | Test Loss: 1.0899 | Test Acc. 52.5000%
Adas on BACH_transformed: T 1/1 | E 57/250 Ended | E Time: 6.922s | ~Time Left: 1335.950s |  Train Loss: 1.0973 | Train Acc. 55.5324% | Test Loss: 1.1220 | Test Acc. 50.0000%
Adas on BACH_transformed: T 1/1 | E 58/250 Ended | E Time: 6.889s | ~Time Left: 1322.655s |  Train Loss: 1.0641 | Train Acc. 55.6367% | Test Loss: 1.0678 | Test Acc. 57.0833%
Adas on BACH_transformed: T 1/1 | E 59/250 Ended | E Time: 6.970s | ~Time Left: 1331.255s |  Train Loss: 1.0432 | Train Acc. 55.4280% | Test Loss: 1.0984 | Test Acc. 57.5000%
Adas on BACH_transformed: T 1/1 | E 60/250 Ended | E Time: 6.915s | ~Time Left: 1313.930s |  Train Loss: 1.0463 | Train Acc. 55.9499% | Test Loss: 1.1549 | Test Acc. 50.8333%
Adas on BACH_transformed: T 1/1 | E 61/250 Ended | E Time: 6.836s | ~Time Left: 1291.963s |  Train Loss: 1.0350 | Train Acc. 55.7411% | Test Loss: 1.1078 | Test Acc. 52.9167%
Adas on BACH_transformed: T 1/1 | E 62/250 Ended | E Time: 6.851s | ~Time Left: 1288.061s |  Train Loss: 1.0259 | Train Acc. 54.9061% | Test Loss: 1.0407 | Test Acc. 55.4167%
Adas on BACH_transformed: T 1/1 | E 63/250 Ended | E Time: 7.002s | ~Time Left: 1309.312s |  Train Loss: 1.0453 | Train Acc. 56.2631% | Test Loss: 1.0513 | Test Acc. 57.0833%
Adas on BACH_transformed: T 1/1 | E 64/250 Ended | E Time: 7.148s | ~Time Left: 1329.546s |  Train Loss: 1.0395 | Train Acc. 55.6367% | Test Loss: 0.9937 | Test Acc. 62.5000%
Adas on BACH_transformed: T 1/1 | E 65/250 Ended | E Time: 6.990s | ~Time Left: 1293.206s |  Train Loss: 1.0064 | Train Acc. 55.3236% | Test Loss: 1.0434 | Test Acc. 52.5000%
Adas on BACH_transformed: T 1/1 | E 66/250 Ended | E Time: 6.857s | ~Time Left: 1261.649s |  Train Loss: 1.0439 | Train Acc. 54.1754% | Test Loss: 1.0200 | Test Acc. 57.0833%
Adas on BACH_transformed: T 1/1 | E 67/250 Ended | E Time: 6.865s | ~Time Left: 1256.209s |  Train Loss: 0.9839 | Train Acc. 59.2902% | Test Loss: 1.0599 | Test Acc. 53.7500%
Adas on BACH_transformed: T 1/1 | E 68/250 Ended | E Time: 7.008s | ~Time Left: 1275.490s |  Train Loss: 1.0293 | Train Acc. 54.1754% | Test Loss: 1.0702 | Test Acc. 54.5833%
Adas on BACH_transformed: T 1/1 | E 69/250 Ended | E Time: 6.988s | ~Time Left: 1264.797s |  Train Loss: 0.9830 | Train Acc. 57.5157% | Test Loss: 1.0212 | Test Acc. 58.7500%
Adas on BACH_transformed: T 1/1 | E 70/250 Ended | E Time: 7.168s | ~Time Left: 1290.161s |  Train Loss: 0.9630 | Train Acc. 57.4113% | Test Loss: 1.0859 | Test Acc. 53.3333%
Adas on BACH_transformed: T 1/1 | E 71/250 Ended | E Time: 6.929s | ~Time Left: 1240.217s |  Train Loss: 0.9648 | Train Acc. 60.2296% | Test Loss: 1.0651 | Test Acc. 54.1667%
Adas on BACH_transformed: T 1/1 | E 72/250 Ended | E Time: 7.049s | ~Time Left: 1254.755s |  Train Loss: 1.0103 | Train Acc. 57.9332% | Test Loss: 1.1358 | Test Acc. 53.3333%
Adas on BACH_transformed: T 1/1 | E 73/250 Ended | E Time: 7.003s | ~Time Left: 1239.594s |  Train Loss: 0.9443 | Train Acc. 60.6472% | Test Loss: 1.1780 | Test Acc. 53.7500%
Adas on BACH_transformed: T 1/1 | E 74/250 Ended | E Time: 6.880s | ~Time Left: 1210.913s |  Train Loss: 0.9654 | Train Acc. 57.6200% | Test Loss: 1.0775 | Test Acc. 51.6667%
Adas on BACH_transformed: T 1/1 | E 75/250 Ended | E Time: 6.943s | ~Time Left: 1214.951s |  Train Loss: 0.9539 | Train Acc. 58.8727% | Test Loss: 1.0673 | Test Acc. 52.9167%
Adas on BACH_transformed: T 1/1 | E 76/250 Ended | E Time: 6.953s | ~Time Left: 1209.807s |  Train Loss: 0.9371 | Train Acc. 62.4217% | Test Loss: 1.0125 | Test Acc. 57.9167%
Adas on BACH_transformed: T 1/1 | E 77/250 Ended | E Time: 7.037s | ~Time Left: 1217.466s |  Train Loss: 0.9373 | Train Acc. 61.2735% | Test Loss: 1.0339 | Test Acc. 53.7500%
Adas on BACH_transformed: T 1/1 | E 78/250 Ended | E Time: 6.933s | ~Time Left: 1192.556s |  Train Loss: 0.9338 | Train Acc. 62.1086% | Test Loss: 1.0158 | Test Acc. 54.1667%
Adas on BACH_transformed: T 1/1 | E 79/250 Ended | E Time: 7.172s | ~Time Left: 1226.458s |  Train Loss: 0.8860 | Train Acc. 64.7182% | Test Loss: 0.9937 | Test Acc. 59.5833%
Adas on BACH_transformed: T 1/1 | E 80/250 Ended | E Time: 6.935s | ~Time Left: 1178.993s |  Train Loss: 0.9105 | Train Acc. 60.6472% | Test Loss: 1.0332 | Test Acc. 57.5000%
Adas on BACH_transformed: T 1/1 | E 81/250 Ended | E Time: 7.016s | ~Time Left: 1185.690s |  Train Loss: 0.8956 | Train Acc. 62.1086% | Test Loss: 1.0638 | Test Acc. 55.8333%
Adas on BACH_transformed: T 1/1 | E 82/250 Ended | E Time: 6.873s | ~Time Left: 1154.743s |  Train Loss: 0.9378 | Train Acc. 60.1253% | Test Loss: 1.0282 | Test Acc. 55.4167%
Adas on BACH_transformed: T 1/1 | E 83/250 Ended | E Time: 6.884s | ~Time Left: 1149.575s |  Train Loss: 0.8839 | Train Acc. 63.9875% | Test Loss: 0.9626 | Test Acc. 62.5000%
Adas on BACH_transformed: T 1/1 | E 84/250 Ended | E Time: 6.820s | ~Time Left: 1132.133s |  Train Loss: 0.8602 | Train Acc. 66.0752% | Test Loss: 1.0777 | Test Acc. 57.9167%
Adas on BACH_transformed: T 1/1 | E 85/250 Ended | E Time: 7.146s | ~Time Left: 1179.069s |  Train Loss: 0.9268 | Train Acc. 60.9603% | Test Loss: 1.0562 | Test Acc. 60.8333%
Adas on BACH_transformed: T 1/1 | E 86/250 Ended | E Time: 7.214s | ~Time Left: 1183.145s |  Train Loss: 0.8659 | Train Acc. 64.4050% | Test Loss: 0.8222 | Test Acc. 66.2500%
Adas on BACH_transformed: T 1/1 | E 87/250 Ended | E Time: 6.887s | ~Time Left: 1122.620s |  Train Loss: 0.8766 | Train Acc. 63.7787% | Test Loss: 0.9389 | Test Acc. 60.4167%
Adas on BACH_transformed: T 1/1 | E 88/250 Ended | E Time: 6.899s | ~Time Left: 1117.631s |  Train Loss: 0.8763 | Train Acc. 65.4489% | Test Loss: 1.0641 | Test Acc. 57.9167%
Adas on BACH_transformed: T 1/1 | E 89/250 Ended | E Time: 6.837s | ~Time Left: 1100.758s |  Train Loss: 0.8666 | Train Acc. 64.7182% | Test Loss: 0.9021 | Test Acc. 60.0000%
Adas on BACH_transformed: T 1/1 | E 90/250 Ended | E Time: 6.906s | ~Time Left: 1104.949s |  Train Loss: 0.8388 | Train Acc. 65.2401% | Test Loss: 1.1110 | Test Acc. 55.8333%
Adas on BACH_transformed: T 1/1 | E 91/250 Ended | E Time: 6.907s | ~Time Left: 1098.159s |  Train Loss: 0.8690 | Train Acc. 63.7787% | Test Loss: 0.8935 | Test Acc. 62.5000%
Adas on BACH_transformed: T 1/1 | E 92/250 Ended | E Time: 6.926s | ~Time Left: 1094.380s |  Train Loss: 0.8526 | Train Acc. 66.3883% | Test Loss: 0.8296 | Test Acc. 67.5000%
Adas on BACH_transformed: T 1/1 | E 93/250 Ended | E Time: 6.912s | ~Time Left: 1085.209s |  Train Loss: 0.8164 | Train Acc. 66.3883% | Test Loss: 0.9785 | Test Acc. 61.6667%
Adas on BACH_transformed: T 1/1 | E 94/250 Ended | E Time: 7.051s | ~Time Left: 1099.964s |  Train Loss: 0.8362 | Train Acc. 63.7787% | Test Loss: 0.9233 | Test Acc. 63.7500%
Adas on BACH_transformed: T 1/1 | E 95/250 Ended | E Time: 6.942s | ~Time Left: 1076.042s |  Train Loss: 0.8360 | Train Acc. 66.8058% | Test Loss: 0.9359 | Test Acc. 60.0000%
Adas on BACH_transformed: T 1/1 | E 96/250 Ended | E Time: 7.345s | ~Time Left: 1131.198s |  Train Loss: 0.8040 | Train Acc. 65.1357% | Test Loss: 0.9869 | Test Acc. 67.0833%
Adas on BACH_transformed: T 1/1 | E 97/250 Ended | E Time: 6.909s | ~Time Left: 1057.151s |  Train Loss: 0.8226 | Train Acc. 66.2839% | Test Loss: 0.8932 | Test Acc. 66.6667%
Adas on BACH_transformed: T 1/1 | E 98/250 Ended | E Time: 6.914s | ~Time Left: 1050.954s |  Train Loss: 0.8101 | Train Acc. 65.8664% | Test Loss: 0.9603 | Test Acc. 63.3333%
Adas on BACH_transformed: T 1/1 | E 99/250 Ended | E Time: 6.903s | ~Time Left: 1042.321s |  Train Loss: 0.8215 | Train Acc. 65.2401% | Test Loss: 1.0324 | Test Acc. 62.5000%
Adas on BACH_transformed: T 1/1 | E 100/250 Ended | E Time: 7.037s | ~Time Left: 1055.557s |  Train Loss: 0.7918 | Train Acc. 67.2234% | Test Loss: 0.9193 | Test Acc. 62.9167%
Adas on BACH_transformed: T 1/1 | E 101/250 Ended | E Time: 6.896s | ~Time Left: 1027.564s |  Train Loss: 0.7582 | Train Acc. 69.7286% | Test Loss: 0.8372 | Test Acc. 66.2500%
Adas on BACH_transformed: T 1/1 | E 102/250 Ended | E Time: 6.888s | ~Time Left: 1019.493s |  Train Loss: 0.7516 | Train Acc. 69.6242% | Test Loss: 0.8586 | Test Acc. 67.9167%
Adas on BACH_transformed: T 1/1 | E 103/250 Ended | E Time: 6.861s | ~Time Left: 1008.622s |  Train Loss: 0.7514 | Train Acc. 69.4155% | Test Loss: 0.8311 | Test Acc. 67.0833%
Adas on BACH_transformed: T 1/1 | E 104/250 Ended | E Time: 6.910s | ~Time Left: 1008.838s |  Train Loss: 0.7656 | Train Acc. 67.5365% | Test Loss: 0.9592 | Test Acc. 63.7500%
Adas on BACH_transformed: T 1/1 | E 105/250 Ended | E Time: 6.900s | ~Time Left: 1000.509s |  Train Loss: 0.7175 | Train Acc. 69.2067% | Test Loss: 0.8607 | Test Acc. 65.0000%
Adas on BACH_transformed: T 1/1 | E 106/250 Ended | E Time: 7.099s | ~Time Left: 1022.192s |  Train Loss: 0.6901 | Train Acc. 71.7119% | Test Loss: 1.0307 | Test Acc. 60.4167%
Adas on BACH_transformed: T 1/1 | E 107/250 Ended | E Time: 6.968s | ~Time Left: 996.394s |  Train Loss: 0.7575 | Train Acc. 69.1023% | Test Loss: 0.8450 | Test Acc. 67.9167%
Adas on BACH_transformed: T 1/1 | E 108/250 Ended | E Time: 6.935s | ~Time Left: 984.748s |  Train Loss: 0.7335 | Train Acc. 70.2505% | Test Loss: 0.8420 | Test Acc. 62.9167%
Adas on BACH_transformed: T 1/1 | E 109/250 Ended | E Time: 6.912s | ~Time Left: 974.633s |  Train Loss: 0.6802 | Train Acc. 72.1294% | Test Loss: 0.7975 | Test Acc. 67.9167%
Adas on BACH_transformed: T 1/1 | E 110/250 Ended | E Time: 6.892s | ~Time Left: 964.858s |  Train Loss: 0.7127 | Train Acc. 70.7724% | Test Loss: 0.7974 | Test Acc. 67.5000%
Adas on BACH_transformed: T 1/1 | E 111/250 Ended | E Time: 7.064s | ~Time Left: 981.855s |  Train Loss: 0.6823 | Train Acc. 73.0689% | Test Loss: 0.8303 | Test Acc. 67.0833%
Adas on BACH_transformed: T 1/1 | E 112/250 Ended | E Time: 6.857s | ~Time Left: 946.313s |  Train Loss: 0.6682 | Train Acc. 72.4426% | Test Loss: 0.9200 | Test Acc. 63.7500%
Adas on BACH_transformed: T 1/1 | E 113/250 Ended | E Time: 6.934s | ~Time Left: 949.892s |  Train Loss: 0.7121 | Train Acc. 72.1294% | Test Loss: 0.9991 | Test Acc. 64.1667%
Adas on BACH_transformed: T 1/1 | E 114/250 Ended | E Time: 6.957s | ~Time Left: 946.174s |  Train Loss: 0.6511 | Train Acc. 73.2777% | Test Loss: 0.8759 | Test Acc. 67.5000%
Adas on BACH_transformed: T 1/1 | E 115/250 Ended | E Time: 6.861s | ~Time Left: 926.228s |  Train Loss: 0.6436 | Train Acc. 74.8434% | Test Loss: 0.8694 | Test Acc. 69.5833%
Adas on BACH_transformed: T 1/1 | E 116/250 Ended | E Time: 6.980s | ~Time Left: 935.259s |  Train Loss: 0.6382 | Train Acc. 74.2171% | Test Loss: 0.6693 | Test Acc. 72.5000%
Adas on BACH_transformed: T 1/1 | E 117/250 Ended | E Time: 6.913s | ~Time Left: 919.492s |  Train Loss: 0.6391 | Train Acc. 73.7996% | Test Loss: 0.9516 | Test Acc. 58.3333%
Adas on BACH_transformed: T 1/1 | E 118/250 Ended | E Time: 7.126s | ~Time Left: 940.651s |  Train Loss: 0.7339 | Train Acc. 71.2944% | Test Loss: 0.8689 | Test Acc. 68.3333%
Adas on BACH_transformed: T 1/1 | E 119/250 Ended | E Time: 6.923s | ~Time Left: 906.941s |  Train Loss: 0.6912 | Train Acc. 71.2944% | Test Loss: 0.8418 | Test Acc. 66.6667%
Adas on BACH_transformed: T 1/1 | E 120/250 Ended | E Time: 7.134s | ~Time Left: 927.456s |  Train Loss: 0.6481 | Train Acc. 73.4864% | Test Loss: 0.7603 | Test Acc. 69.5833%
Adas on BACH_transformed: T 1/1 | E 121/250 Ended | E Time: 6.903s | ~Time Left: 890.478s |  Train Loss: 0.5954 | Train Acc. 75.8873% | Test Loss: 0.7441 | Test Acc. 70.0000%
Adas on BACH_transformed: T 1/1 | E 122/250 Ended | E Time: 6.912s | ~Time Left: 884.799s |  Train Loss: 0.6202 | Train Acc. 75.4697% | Test Loss: 0.7118 | Test Acc. 73.3333%
Adas on BACH_transformed: T 1/1 | E 123/250 Ended | E Time: 6.898s | ~Time Left: 876.056s |  Train Loss: 0.6113 | Train Acc. 76.4092% | Test Loss: 0.8641 | Test Acc. 68.7500%
Adas on BACH_transformed: T 1/1 | E 124/250 Ended | E Time: 6.865s | ~Time Left: 864.965s |  Train Loss: 0.6009 | Train Acc. 76.0960% | Test Loss: 0.6931 | Test Acc. 71.6667%
Adas on BACH_transformed: T 1/1 | E 125/250 Ended | E Time: 6.947s | ~Time Left: 868.363s |  Train Loss: 0.5893 | Train Acc. 76.4092% | Test Loss: 0.8498 | Test Acc. 71.2500%
Adas on BACH_transformed: T 1/1 | E 126/250 Ended | E Time: 6.907s | ~Time Left: 856.426s |  Train Loss: 0.5943 | Train Acc. 75.5741% | Test Loss: 0.9429 | Test Acc. 67.9167%
Adas on BACH_transformed: T 1/1 | E 127/250 Ended | E Time: 7.128s | ~Time Left: 876.731s |  Train Loss: 0.5749 | Train Acc. 77.2443% | Test Loss: 0.6443 | Test Acc. 75.4167%
Adas on BACH_transformed: T 1/1 | E 128/250 Ended | E Time: 6.932s | ~Time Left: 845.725s |  Train Loss: 0.5891 | Train Acc. 76.0960% | Test Loss: 0.8056 | Test Acc. 69.1667%
Adas on BACH_transformed: T 1/1 | E 129/250 Ended | E Time: 7.294s | ~Time Left: 882.531s |  Train Loss: 0.5771 | Train Acc. 77.0355% | Test Loss: 0.9199 | Test Acc. 63.3333%
Adas on BACH_transformed: T 1/1 | E 130/250 Ended | E Time: 6.910s | ~Time Left: 829.142s |  Train Loss: 0.5572 | Train Acc. 78.1837% | Test Loss: 0.7322 | Test Acc. 69.1667%
Adas on BACH_transformed: T 1/1 | E 131/250 Ended | E Time: 7.163s | ~Time Left: 852.357s |  Train Loss: 0.5662 | Train Acc. 76.6180% | Test Loss: 0.7121 | Test Acc. 72.5000%
Adas on BACH_transformed: T 1/1 | E 132/250 Ended | E Time: 6.994s | ~Time Left: 825.319s |  Train Loss: 0.5412 | Train Acc. 76.9311% | Test Loss: 0.8619 | Test Acc. 69.5833%
Adas on BACH_transformed: T 1/1 | E 133/250 Ended | E Time: 6.937s | ~Time Left: 811.652s |  Train Loss: 0.5630 | Train Acc. 78.6013% | Test Loss: 0.6693 | Test Acc. 72.5000%
Adas on BACH_transformed: T 1/1 | E 134/250 Ended | E Time: 6.890s | ~Time Left: 799.220s |  Train Loss: 0.5364 | Train Acc. 80.0626% | Test Loss: 0.7183 | Test Acc. 70.4167%
Adas on BACH_transformed: T 1/1 | E 135/250 Ended | E Time: 7.050s | ~Time Left: 810.770s |  Train Loss: 0.5271 | Train Acc. 78.3925% | Test Loss: 0.7457 | Test Acc. 73.3333%
Adas on BACH_transformed: T 1/1 | E 136/250 Ended | E Time: 6.930s | ~Time Left: 789.993s |  Train Loss: 0.5474 | Train Acc. 78.4969% | Test Loss: 0.7178 | Test Acc. 72.5000%
Adas on BACH_transformed: T 1/1 | E 137/250 Ended | E Time: 6.867s | ~Time Left: 775.916s |  Train Loss: 0.5448 | Train Acc. 77.9750% | Test Loss: 0.8550 | Test Acc. 66.2500%
Adas on BACH_transformed: T 1/1 | E 138/250 Ended | E Time: 7.488s | ~Time Left: 838.620s |  Train Loss: 0.4953 | Train Acc. 81.3152% | Test Loss: 0.7026 | Test Acc. 74.1667%
Adas on BACH_transformed: T 1/1 | E 139/250 Ended | E Time: 6.906s | ~Time Left: 766.548s |  Train Loss: 0.4734 | Train Acc. 81.2109% | Test Loss: 0.6247 | Test Acc. 76.6667%
Adas on BACH_transformed: T 1/1 | E 140/250 Ended | E Time: 7.154s | ~Time Left: 786.894s |  Train Loss: 0.5235 | Train Acc. 79.7495% | Test Loss: 0.7718 | Test Acc. 71.2500%
Adas on BACH_transformed: T 1/1 | E 141/250 Ended | E Time: 6.938s | ~Time Left: 756.260s |  Train Loss: 0.4877 | Train Acc. 80.6889% | Test Loss: 0.8958 | Test Acc. 68.7500%
Adas on BACH_transformed: T 1/1 | E 142/250 Ended | E Time: 6.978s | ~Time Left: 753.617s |  Train Loss: 0.5300 | Train Acc. 79.7495% | Test Loss: 0.5838 | Test Acc. 79.5833%
Adas on BACH_transformed: T 1/1 | E 143/250 Ended | E Time: 6.876s | ~Time Left: 735.716s |  Train Loss: 0.5274 | Train Acc. 78.9144% | Test Loss: 0.8013 | Test Acc. 71.6667%
Adas on BACH_transformed: T 1/1 | E 144/250 Ended | E Time: 7.020s | ~Time Left: 744.074s |  Train Loss: 0.4844 | Train Acc. 79.0188% | Test Loss: 0.6291 | Test Acc. 75.8333%
Adas on BACH_transformed: T 1/1 | E 145/250 Ended | E Time: 6.852s | ~Time Left: 719.511s |  Train Loss: 0.4868 | Train Acc. 79.6451% | Test Loss: 0.6953 | Test Acc. 72.0833%
Adas on BACH_transformed: T 1/1 | E 146/250 Ended | E Time: 6.963s | ~Time Left: 724.185s |  Train Loss: 0.4530 | Train Acc. 82.3591% | Test Loss: 0.6636 | Test Acc. 76.2500%
Adas on BACH_transformed: T 1/1 | E 147/250 Ended | E Time: 6.858s | ~Time Left: 706.385s |  Train Loss: 0.4497 | Train Acc. 81.7328% | Test Loss: 0.7102 | Test Acc. 75.4167%
Adas on BACH_transformed: T 1/1 | E 148/250 Ended | E Time: 7.409s | ~Time Left: 755.729s |  Train Loss: 0.4345 | Train Acc. 83.2985% | Test Loss: 0.6024 | Test Acc. 74.5833%
Adas on BACH_transformed: T 1/1 | E 149/250 Ended | E Time: 6.875s | ~Time Left: 694.413s |  Train Loss: 0.4615 | Train Acc. 82.5678% | Test Loss: 0.6030 | Test Acc. 77.5000%
Adas on BACH_transformed: T 1/1 | E 150/250 Ended | E Time: 6.923s | ~Time Left: 692.277s |  Train Loss: 0.4323 | Train Acc. 83.4029% | Test Loss: 0.6647 | Test Acc. 73.3333%
Adas on BACH_transformed: T 1/1 | E 151/250 Ended | E Time: 7.163s | ~Time Left: 709.162s |  Train Loss: 0.4297 | Train Acc. 83.0898% | Test Loss: 0.5917 | Test Acc. 75.8333%
Adas on BACH_transformed: T 1/1 | E 152/250 Ended | E Time: 6.987s | ~Time Left: 684.769s |  Train Loss: 0.4532 | Train Acc. 81.8372% | Test Loss: 0.6041 | Test Acc. 76.6667%
Adas on BACH_transformed: T 1/1 | E 153/250 Ended | E Time: 6.940s | ~Time Left: 673.182s |  Train Loss: 0.4254 | Train Acc. 82.1503% | Test Loss: 0.6201 | Test Acc. 74.5833%
Adas on BACH_transformed: T 1/1 | E 154/250 Ended | E Time: 6.971s | ~Time Left: 669.207s |  Train Loss: 0.3867 | Train Acc. 86.1169% | Test Loss: 0.6892 | Test Acc. 74.5833%
Adas on BACH_transformed: T 1/1 | E 155/250 Ended | E Time: 6.886s | ~Time Left: 654.131s |  Train Loss: 0.4654 | Train Acc. 81.6284% | Test Loss: 0.7555 | Test Acc. 71.6667%
Adas on BACH_transformed: T 1/1 | E 156/250 Ended | E Time: 7.887s | ~Time Left: 741.418s |  Train Loss: 0.4633 | Train Acc. 82.0459% | Test Loss: 0.7535 | Test Acc. 70.0000%
Adas on BACH_transformed: T 1/1 | E 157/250 Ended | E Time: 6.912s | ~Time Left: 642.785s |  Train Loss: 0.4167 | Train Acc. 84.3424% | Test Loss: 0.7533 | Test Acc. 75.0000%
Adas on BACH_transformed: T 1/1 | E 158/250 Ended | E Time: 6.914s | ~Time Left: 636.117s |  Train Loss: 0.4358 | Train Acc. 83.5073% | Test Loss: 0.6224 | Test Acc. 77.0833%
Adas on BACH_transformed: T 1/1 | E 159/250 Ended | E Time: 6.882s | ~Time Left: 626.263s |  Train Loss: 0.4056 | Train Acc. 83.1942% | Test Loss: 0.6701 | Test Acc. 74.5833%
Adas on BACH_transformed: T 1/1 | E 160/250 Ended | E Time: 7.067s | ~Time Left: 636.044s |  Train Loss: 0.3729 | Train Acc. 86.1169% | Test Loss: 0.6912 | Test Acc. 73.7500%
Adas on BACH_transformed: T 1/1 | E 161/250 Ended | E Time: 7.032s | ~Time Left: 625.855s |  Train Loss: 0.4658 | Train Acc. 81.8372% | Test Loss: 0.6384 | Test Acc. 74.5833%
Adas on BACH_transformed: T 1/1 | E 162/250 Ended | E Time: 6.919s | ~Time Left: 608.833s |  Train Loss: 0.3923 | Train Acc. 84.6555% | Test Loss: 0.5441 | Test Acc. 78.3333%
Adas on BACH_transformed: T 1/1 | E 163/250 Ended | E Time: 6.893s | ~Time Left: 599.700s |  Train Loss: 0.3967 | Train Acc. 84.7599% | Test Loss: 0.6503 | Test Acc. 77.5000%
Adas on BACH_transformed: T 1/1 | E 164/250 Ended | E Time: 7.063s | ~Time Left: 607.459s |  Train Loss: 0.3710 | Train Acc. 86.7432% | Test Loss: 0.6517 | Test Acc. 78.7500%
Adas on BACH_transformed: T 1/1 | E 165/250 Ended | E Time: 7.006s | ~Time Left: 595.533s |  Train Loss: 0.3824 | Train Acc. 85.1775% | Test Loss: 0.6152 | Test Acc. 80.8333%
Adas on BACH_transformed: T 1/1 | E 166/250 Ended | E Time: 6.806s | ~Time Left: 571.718s |  Train Loss: 0.3797 | Train Acc. 85.2818% | Test Loss: 0.5449 | Test Acc. 77.9167%
Adas on BACH_transformed: T 1/1 | E 167/250 Ended | E Time: 6.963s | ~Time Left: 577.964s |  Train Loss: 0.3631 | Train Acc. 86.5344% | Test Loss: 0.5635 | Test Acc. 79.5833%
Adas on BACH_transformed: T 1/1 | E 168/250 Ended | E Time: 6.912s | ~Time Left: 566.778s |  Train Loss: 0.3763 | Train Acc. 85.8038% | Test Loss: 0.5723 | Test Acc. 80.8333%
Adas on BACH_transformed: T 1/1 | E 169/250 Ended | E Time: 7.695s | ~Time Left: 623.334s |  Train Loss: 0.3322 | Train Acc. 87.8914% | Test Loss: 0.7144 | Test Acc. 75.4167%
Adas on BACH_transformed: T 1/1 | E 170/250 Ended | E Time: 6.900s | ~Time Left: 552.031s |  Train Loss: 0.3613 | Train Acc. 86.9520% | Test Loss: 0.5579 | Test Acc. 80.8333%
Adas on BACH_transformed: T 1/1 | E 171/250 Ended | E Time: 6.942s | ~Time Left: 548.445s |  Train Loss: 0.3306 | Train Acc. 87.1608% | Test Loss: 0.6611 | Test Acc. 73.3333%
Adas on BACH_transformed: T 1/1 | E 172/250 Ended | E Time: 6.932s | ~Time Left: 540.727s |  Train Loss: 0.3635 | Train Acc. 85.5950% | Test Loss: 0.5288 | Test Acc. 79.5833%
Adas on BACH_transformed: T 1/1 | E 173/250 Ended | E Time: 7.134s | ~Time Left: 549.348s |  Train Loss: 0.3331 | Train Acc. 86.2213% | Test Loss: 0.5727 | Test Acc. 78.7500%
Adas on BACH_transformed: T 1/1 | E 174/250 Ended | E Time: 6.999s | ~Time Left: 531.941s |  Train Loss: 0.3975 | Train Acc. 84.9687% | Test Loss: 0.5553 | Test Acc. 80.0000%
Adas on BACH_transformed: T 1/1 | E 175/250 Ended | E Time: 6.895s | ~Time Left: 517.105s |  Train Loss: 0.3662 | Train Acc. 86.8476% | Test Loss: 0.5507 | Test Acc. 79.5833%
Adas on BACH_transformed: T 1/1 | E 176/250 Ended | E Time: 6.916s | ~Time Left: 511.791s |  Train Loss: 0.3294 | Train Acc. 86.7432% | Test Loss: 0.5693 | Test Acc. 78.7500%
Adas on BACH_transformed: T 1/1 | E 177/250 Ended | E Time: 6.905s | ~Time Left: 504.069s |  Train Loss: 0.3342 | Train Acc. 87.0564% | Test Loss: 0.5461 | Test Acc. 79.5833%
Adas on BACH_transformed: T 1/1 | E 178/250 Ended | E Time: 6.868s | ~Time Left: 494.503s |  Train Loss: 0.3328 | Train Acc. 87.1608% | Test Loss: 0.5673 | Test Acc. 79.1667%
Adas on BACH_transformed: T 1/1 | E 179/250 Ended | E Time: 6.908s | ~Time Left: 490.499s |  Train Loss: 0.3405 | Train Acc. 85.9081% | Test Loss: 0.5763 | Test Acc. 80.0000%
Adas on BACH_transformed: T 1/1 | E 180/250 Ended | E Time: 6.933s | ~Time Left: 485.315s |  Train Loss: 0.3225 | Train Acc. 88.2046% | Test Loss: 0.6454 | Test Acc. 78.7500%
Adas on BACH_transformed: T 1/1 | E 181/250 Ended | E Time: 7.605s | ~Time Left: 524.727s |  Train Loss: 0.3176 | Train Acc. 88.1002% | Test Loss: 0.5740 | Test Acc. 79.5833%
Adas on BACH_transformed: T 1/1 | E 182/250 Ended | E Time: 6.973s | ~Time Left: 474.161s |  Train Loss: 0.3169 | Train Acc. 88.2046% | Test Loss: 0.5104 | Test Acc. 79.5833%
Adas on BACH_transformed: T 1/1 | E 183/250 Ended | E Time: 6.910s | ~Time Left: 462.982s |  Train Loss: 0.3000 | Train Acc. 87.6827% | Test Loss: 0.4960 | Test Acc. 80.8333%
Adas on BACH_transformed: T 1/1 | E 184/250 Ended | E Time: 6.887s | ~Time Left: 454.543s |  Train Loss: 0.3029 | Train Acc. 88.4134% | Test Loss: 0.5391 | Test Acc. 80.4167%
Adas on BACH_transformed: T 1/1 | E 185/250 Ended | E Time: 7.654s | ~Time Left: 497.535s |  Train Loss: 0.2981 | Train Acc. 89.1441% | Test Loss: 0.5043 | Test Acc. 81.2500%
Adas on BACH_transformed: T 1/1 | E 186/250 Ended | E Time: 6.896s | ~Time Left: 441.323s |  Train Loss: 0.2866 | Train Acc. 89.5616% | Test Loss: 0.6000 | Test Acc. 78.3333%
Adas on BACH_transformed: T 1/1 | E 187/250 Ended | E Time: 6.903s | ~Time Left: 434.863s |  Train Loss: 0.2989 | Train Acc. 89.1441% | Test Loss: 0.5965 | Test Acc. 82.0833%
Adas on BACH_transformed: T 1/1 | E 188/250 Ended | E Time: 6.842s | ~Time Left: 424.231s |  Train Loss: 0.2629 | Train Acc. 90.2923% | Test Loss: 0.5459 | Test Acc. 80.0000%
Adas on BACH_transformed: T 1/1 | E 189/250 Ended | E Time: 6.901s | ~Time Left: 420.967s |  Train Loss: 0.2921 | Train Acc. 88.7265% | Test Loss: 0.6922 | Test Acc. 77.5000%
Adas on BACH_transformed: T 1/1 | E 190/250 Ended | E Time: 7.803s | ~Time Left: 468.179s |  Train Loss: 0.2756 | Train Acc. 89.2484% | Test Loss: 0.5682 | Test Acc. 81.6667%
Adas on BACH_transformed: T 1/1 | E 191/250 Ended | E Time: 6.906s | ~Time Left: 407.444s |  Train Loss: 0.3200 | Train Acc. 89.3528% | Test Loss: 0.5569 | Test Acc. 78.7500%
Adas on BACH_transformed: T 1/1 | E 192/250 Ended | E Time: 6.915s | ~Time Left: 401.069s |  Train Loss: 0.2999 | Train Acc. 87.6827% | Test Loss: 0.5508 | Test Acc. 82.9167%
Adas on BACH_transformed: T 1/1 | E 193/250 Ended | E Time: 6.912s | ~Time Left: 393.958s |  Train Loss: 0.2933 | Train Acc. 89.4572% | Test Loss: 0.5670 | Test Acc. 82.0833%
Adas on BACH_transformed: T 1/1 | E 194/250 Ended | E Time: 6.883s | ~Time Left: 385.461s |  Train Loss: 0.2787 | Train Acc. 88.6221% | Test Loss: 0.5383 | Test Acc. 79.5833%
Adas on BACH_transformed: T 1/1 | E 195/250 Ended | E Time: 6.888s | ~Time Left: 378.856s |  Train Loss: 0.2609 | Train Acc. 90.1879% | Test Loss: 0.5788 | Test Acc. 81.2500%
Adas on BACH_transformed: T 1/1 | E 196/250 Ended | E Time: 6.945s | ~Time Left: 375.030s |  Train Loss: 0.2797 | Train Acc. 89.1441% | Test Loss: 0.4879 | Test Acc. 78.3333%
Adas on BACH_transformed: T 1/1 | E 197/250 Ended | E Time: 7.032s | ~Time Left: 372.698s |  Train Loss: 0.2587 | Train Acc. 90.9186% | Test Loss: 0.5442 | Test Acc. 80.4167%
Adas on BACH_transformed: T 1/1 | E 198/250 Ended | E Time: 6.924s | ~Time Left: 360.074s |  Train Loss: 0.2520 | Train Acc. 90.8142% | Test Loss: 0.5860 | Test Acc. 79.5833%
Adas on BACH_transformed: T 1/1 | E 199/250 Ended | E Time: 6.979s | ~Time Left: 355.953s |  Train Loss: 0.2743 | Train Acc. 89.9791% | Test Loss: 0.5664 | Test Acc. 80.8333%
Adas on BACH_transformed: T 1/1 | E 200/250 Ended | E Time: 6.962s | ~Time Left: 348.108s |  Train Loss: 0.2381 | Train Acc. 91.4405% | Test Loss: 0.4768 | Test Acc. 84.5833%
Adas on BACH_transformed: T 1/1 | E 201/250 Ended | E Time: 7.529s | ~Time Left: 368.903s |  Train Loss: 0.2606 | Train Acc. 89.6660% | Test Loss: 0.5566 | Test Acc. 79.5833%
Adas on BACH_transformed: T 1/1 | E 202/250 Ended | E Time: 6.925s | ~Time Left: 332.410s |  Train Loss: 0.2792 | Train Acc. 88.7265% | Test Loss: 0.5295 | Test Acc. 82.0833%
Adas on BACH_transformed: T 1/1 | E 203/250 Ended | E Time: 6.918s | ~Time Left: 325.164s |  Train Loss: 0.2229 | Train Acc. 93.2150% | Test Loss: 0.4647 | Test Acc. 81.6667%
Adas on BACH_transformed: T 1/1 | E 204/250 Ended | E Time: 7.002s | ~Time Left: 322.073s |  Train Loss: 0.2523 | Train Acc. 90.7098% | Test Loss: 0.5163 | Test Acc. 81.6667%
Adas on BACH_transformed: T 1/1 | E 205/250 Ended | E Time: 6.994s | ~Time Left: 314.719s |  Train Loss: 0.2496 | Train Acc. 90.6054% | Test Loss: 0.4952 | Test Acc. 81.2500%
Adas on BACH_transformed: T 1/1 | E 206/250 Ended | E Time: 7.572s | ~Time Left: 333.166s |  Train Loss: 0.2677 | Train Acc. 90.5010% | Test Loss: 0.5025 | Test Acc. 82.5000%
Adas on BACH_transformed: T 1/1 | E 207/250 Ended | E Time: 6.887s | ~Time Left: 296.155s |  Train Loss: 0.2563 | Train Acc. 90.7098% | Test Loss: 0.5369 | Test Acc. 80.0000%
Adas on BACH_transformed: T 1/1 | E 208/250 Ended | E Time: 6.991s | ~Time Left: 293.611s |  Train Loss: 0.2410 | Train Acc. 90.9186% | Test Loss: 0.5001 | Test Acc. 82.5000%
Adas on BACH_transformed: T 1/1 | E 209/250 Ended | E Time: 6.992s | ~Time Left: 286.680s |  Train Loss: 0.2265 | Train Acc. 92.4843% | Test Loss: 0.4372 | Test Acc. 83.3333%
Adas on BACH_transformed: T 1/1 | E 210/250 Ended | E Time: 7.405s | ~Time Left: 296.189s |  Train Loss: 0.2158 | Train Acc. 91.9624% | Test Loss: 0.5253 | Test Acc. 82.5000%
Adas on BACH_transformed: T 1/1 | E 211/250 Ended | E Time: 6.862s | ~Time Left: 267.607s |  Train Loss: 0.2163 | Train Acc. 92.3800% | Test Loss: 0.5134 | Test Acc. 82.0833%
Adas on BACH_transformed: T 1/1 | E 212/250 Ended | E Time: 7.098s | ~Time Left: 269.741s |  Train Loss: 0.2531 | Train Acc. 90.5010% | Test Loss: 0.5203 | Test Acc. 80.4167%
Adas on BACH_transformed: T 1/1 | E 213/250 Ended | E Time: 6.984s | ~Time Left: 258.393s |  Train Loss: 0.2422 | Train Acc. 91.6493% | Test Loss: 0.5149 | Test Acc. 82.9167%
Adas on BACH_transformed: T 1/1 | E 214/250 Ended | E Time: 7.659s | ~Time Left: 275.716s |  Train Loss: 0.2178 | Train Acc. 92.4843% | Test Loss: 0.4950 | Test Acc. 79.5833%
Adas on BACH_transformed: T 1/1 | E 215/250 Ended | E Time: 6.886s | ~Time Left: 241.017s |  Train Loss: 0.2307 | Train Acc. 92.2756% | Test Loss: 0.3919 | Test Acc. 85.8333%
Adas on BACH_transformed: T 1/1 | E 216/250 Ended | E Time: 6.865s | ~Time Left: 233.404s |  Train Loss: 0.2591 | Train Acc. 89.8747% | Test Loss: 0.4461 | Test Acc. 83.3333%
Adas on BACH_transformed: T 1/1 | E 217/250 Ended | E Time: 6.929s | ~Time Left: 228.653s |  Train Loss: 0.2428 | Train Acc. 90.9186% | Test Loss: 0.5268 | Test Acc. 78.7500%
Adas on BACH_transformed: T 1/1 | E 218/250 Ended | E Time: 6.865s | ~Time Left: 219.692s |  Train Loss: 0.2326 | Train Acc. 91.4405% | Test Loss: 0.4924 | Test Acc. 83.7500%
Adas on BACH_transformed: T 1/1 | E 219/250 Ended | E Time: 7.902s | ~Time Left: 244.954s |  Train Loss: 0.2015 | Train Acc. 93.0063% | Test Loss: 0.4104 | Test Acc. 83.3333%
Adas on BACH_transformed: T 1/1 | E 220/250 Ended | E Time: 6.902s | ~Time Left: 207.065s |  Train Loss: 0.2318 | Train Acc. 91.7537% | Test Loss: 0.4769 | Test Acc. 82.9167%
Adas on BACH_transformed: T 1/1 | E 221/250 Ended | E Time: 6.973s | ~Time Left: 202.206s |  Train Loss: 0.2237 | Train Acc. 92.3800% | Test Loss: 0.5456 | Test Acc. 81.2500%
Adas on BACH_transformed: T 1/1 | E 222/250 Ended | E Time: 6.877s | ~Time Left: 192.562s |  Train Loss: 0.2028 | Train Acc. 92.7975% | Test Loss: 0.4438 | Test Acc. 83.7500%
Adas on BACH_transformed: T 1/1 | E 223/250 Ended | E Time: 7.234s | ~Time Left: 195.328s |  Train Loss: 0.2033 | Train Acc. 92.4843% | Test Loss: 0.4487 | Test Acc. 83.3333%
Adas on BACH_transformed: T 1/1 | E 224/250 Ended | E Time: 6.909s | ~Time Left: 179.647s |  Train Loss: 0.2280 | Train Acc. 91.0230% | Test Loss: 0.4556 | Test Acc. 83.7500%
Adas on BACH_transformed: T 1/1 | E 225/250 Ended | E Time: 6.883s | ~Time Left: 172.063s |  Train Loss: 0.2114 | Train Acc. 91.7537% | Test Loss: 0.4479 | Test Acc. 85.8333%
Adas on BACH_transformed: T 1/1 | E 226/250 Ended | E Time: 6.935s | ~Time Left: 166.449s |  Train Loss: 0.2138 | Train Acc. 93.0063% | Test Loss: 0.4251 | Test Acc. 81.2500%
Adas on BACH_transformed: T 1/1 | E 227/250 Ended | E Time: 6.963s | ~Time Left: 160.153s |  Train Loss: 0.2029 | Train Acc. 92.3800% | Test Loss: 0.4920 | Test Acc. 85.4167%
Adas on BACH_transformed: T 1/1 | E 228/250 Ended | E Time: 6.901s | ~Time Left: 151.820s |  Train Loss: 0.2223 | Train Acc. 92.0668% | Test Loss: 0.5018 | Test Acc. 83.7500%
Adas on BACH_transformed: T 1/1 | E 229/250 Ended | E Time: 6.843s | ~Time Left: 143.704s |  Train Loss: 0.1858 | Train Acc. 93.6326% | Test Loss: 0.5122 | Test Acc. 84.5833%
Adas on BACH_transformed: T 1/1 | E 230/250 Ended | E Time: 7.183s | ~Time Left: 143.659s |  Train Loss: 0.2176 | Train Acc. 91.8580% | Test Loss: 0.4713 | Test Acc. 84.5833%
Adas on BACH_transformed: T 1/1 | E 231/250 Ended | E Time: 6.927s | ~Time Left: 131.610s |  Train Loss: 0.2072 | Train Acc. 92.5887% | Test Loss: 0.4883 | Test Acc. 82.0833%
Adas on BACH_transformed: T 1/1 | E 232/250 Ended | E Time: 7.022s | ~Time Left: 126.401s |  Train Loss: 0.2343 | Train Acc. 91.3361% | Test Loss: 0.3919 | Test Acc. 84.1667%
Adas on BACH_transformed: T 1/1 | E 233/250 Ended | E Time: 6.917s | ~Time Left: 117.587s |  Train Loss: 0.1988 | Train Acc. 93.0063% | Test Loss: 0.4078 | Test Acc. 86.2500%
Adas on BACH_transformed: T 1/1 | E 234/250 Ended | E Time: 7.694s | ~Time Left: 123.111s |  Train Loss: 0.2265 | Train Acc. 91.9624% | Test Loss: 0.4215 | Test Acc. 85.4167%
Adas on BACH_transformed: T 1/1 | E 235/250 Ended | E Time: 6.929s | ~Time Left: 103.941s |  Train Loss: 0.1940 | Train Acc. 93.6326% | Test Loss: 0.4599 | Test Acc. 85.4167%
Adas on BACH_transformed: T 1/1 | E 236/250 Ended | E Time: 6.901s | ~Time Left: 96.618s |  Train Loss: 0.1959 | Train Acc. 93.1106% | Test Loss: 0.4991 | Test Acc. 85.8333%
Adas on BACH_transformed: T 1/1 | E 237/250 Ended | E Time: 7.083s | ~Time Left: 92.084s |  Train Loss: 0.1920 | Train Acc. 93.2150% | Test Loss: 0.5116 | Test Acc. 81.2500%
Adas on BACH_transformed: T 1/1 | E 238/250 Ended | E Time: 7.048s | ~Time Left: 84.570s |  Train Loss: 0.1792 | Train Acc. 94.1545% | Test Loss: 0.4630 | Test Acc. 82.0833%
Adas on BACH_transformed: T 1/1 | E 239/250 Ended | E Time: 7.007s | ~Time Left: 77.072s |  Train Loss: 0.2070 | Train Acc. 93.1106% | Test Loss: 0.4720 | Test Acc. 81.6667%
Adas on BACH_transformed: T 1/1 | E 240/250 Ended | E Time: 6.841s | ~Time Left: 68.408s |  Train Loss: 0.1748 | Train Acc. 94.1545% | Test Loss: 0.4319 | Test Acc. 84.1667%
Adas on BACH_transformed: T 1/1 | E 241/250 Ended | E Time: 7.921s | ~Time Left: 71.285s |  Train Loss: 0.1900 | Train Acc. 93.0063% | Test Loss: 0.4742 | Test Acc. 81.2500%
Adas on BACH_transformed: T 1/1 | E 242/250 Ended | E Time: 6.863s | ~Time Left: 54.905s |  Train Loss: 0.1994 | Train Acc. 93.1106% | Test Loss: 0.4079 | Test Acc. 84.1667%
Adas on BACH_transformed: T 1/1 | E 243/250 Ended | E Time: 6.936s | ~Time Left: 48.552s |  Train Loss: 0.1714 | Train Acc. 94.7808% | Test Loss: 0.4874 | Test Acc. 84.1667%
Adas on BACH_transformed: T 1/1 | E 244/250 Ended | E Time: 6.965s | ~Time Left: 41.790s |  Train Loss: 0.1998 | Train Acc. 93.2150% | Test Loss: 0.4143 | Test Acc. 85.0000%
Adas on BACH_transformed: T 1/1 | E 245/250 Ended | E Time: 7.526s | ~Time Left: 37.631s |  Train Loss: 0.2156 | Train Acc. 92.1712% | Test Loss: 0.4715 | Test Acc. 84.1667%
Adas on BACH_transformed: T 1/1 | E 246/250 Ended | E Time: 6.941s | ~Time Left: 27.765s |  Train Loss: 0.1849 | Train Acc. 94.1545% | Test Loss: 0.5140 | Test Acc. 82.9167%
Adas on BACH_transformed: T 1/1 | E 247/250 Ended | E Time: 7.008s | ~Time Left: 21.023s |  Train Loss: 0.1855 | Train Acc. 93.4238% | Test Loss: 0.5367 | Test Acc. 82.9167%
Adas on BACH_transformed: T 1/1 | E 248/250 Ended | E Time: 7.017s | ~Time Left: 14.035s |  Train Loss: 0.2019 | Train Acc. 92.3800% | Test Loss: 0.4278 | Test Acc. 87.0833%
Adas on BACH_transformed: T 1/1 | E 249/250 Ended | E Time: 7.547s | ~Time Left: 7.548s |  Train Loss: 0.1697 | Train Acc. 94.0501% | Test Loss: 0.4806 | Test Acc. 83.3333%
Adas on BACH_transformed: T 1/1 | E 250/250 Ended | E Time: 6.934s | ~Time Left: 0.000s |  Train Loss: 0.1857 | Train Acc. 93.0063% | Test Loss: 0.4016 | Test Acc. 86.6667%
