transferring data

Thu Jul 15 15:01:55 EDT 2021
Finished transferring

Thu Jul 15 15:01:56 EDT 2021
Adas: Argument Parser Options
---------------------------------------------
    config              : /home/zhan8425/projects/def-msh/zhan8425/HistoKT/NewPostTrainingConfigs/BACH_transformed/AdamP/Color-Distortion-0.3-config.yaml
    data                : /localscratch/zhan8425.22677224.0       
    output              : ADP_level_1_norm_ADP-Release1/BACH_transformed/AdamP/output/deep_tuning/Color-Distortion/distortion-0.3
    checkpoint          : ADP_level_1_norm_ADP-Release1/BACH_transformed/AdamP/checkpoint/deep_tuning/Color-Distortion/distortion-0.3/lr-5e-05
    resume              : None                                    
    pretrained_model    : /home/zhan8425/projects/def-msh/zhan8425/HistoKT/pretrained_weights/ADP-Release1/level_1/best_trial_2_date_2021-07-13-19-43-53.pth.tar
    freeze_encoder      : 0                                       
    root                : .                                       
    save_freq           : 200                                     
    cpu                 : 0                                       
    gpu                 : 0                                       
    mpd                 : 0                                       
    dist_url            : tcp://127.0.0.1:23456                   
    dist_backend        : nccl                                    
    world_size          : -1                                      
    rank                : -1                                      
    color_aug           : Color-Distortion                        
    norm_vals           : ADP-Release1                            
---------------------------------------------
Adas: Output dir ADP_level_1_norm_ADP-Release1/BACH_transformed/AdamP/output/deep_tuning/Color-Distortion/distortion-0.3 does not exist, building
Traceback (most recent call last):
  File "src/adas/train.py", line 900, in <module>
    main(args)
  File "src/adas/train.py", line 859, in main
    main_worker(args.gpu, ngpus_per_node, args)
  File "src/adas/train.py", line 871, in main_worker
    training_agent = TrainingAgent(
  File "src/adas/train.py", line 246, in __init__
    self.load_config(config_path, data_path)
  File "src/adas/train.py", line 263, in load_config
    self.config = config = parse_config(yaml.load(f, yaml.FullLoader))
  File "/lustre03/project/6057785/zhan8425/HistoKT/src/adas/utils.py", line 156, in parse_config
    raise ValueError(e)
ValueError: config.yaml: init_lr must be a float or list of floats
