Adas: Argument Parser Options
---------------------------------------------
    config              : src/adas/HistoKTconfigs/BACH_transformed-configAdas.yaml
    data                : /home/zhan8425/scratch/HistoKTdata      
    output              : .Adas-output/BACH_transformed           
    checkpoint          : .Adas-checkpoint/BACH_transformed       
    resume              : None                                    
    root                : .                                       
    save_freq           : 25                                      
    cpu                 : 0                                       
    gpu                 : 0                                       
    mpd                 : 0                                       
    dist_url            : tcp://127.0.0.1:23456                   
    dist_backend        : nccl                                    
    world_size          : -1                                      
    rank                : -1                                      
---------------------------------------------
Adas: Output dir .Adas-output/BACH_transformed does not exist, building
Adas: Notice: early stop will not be used as it was set to -1.0, training till completion
Adas: Experiment Configuration
---------------------------------------------
    dataset              BACH_transformed    
    network              ResNet18            
    optimizer            Adas                
    scheduler            None                
    level                L3Only              
    color_kwargs         {'augmentation': 'Color-Distortion', 'distortion': 0.3}
    degree_of_rotation   45                  
    vertical_flipping    0.5                 
    horizontal_flipping  0.5                 
    horizontal_shift     0.1                 
    vertical_shift       0.1                 
    gaussian_blur        0                   
    kernel_size          9                   
    variance             0.1                 
    cutout               0                   
    n_holes              1                   
    cutout_length        16                  
    init_lr              0.03                
    early_stop_threshold -1.0                
    optimizer_kwargs     {'momentum': 0.9, 'weight_decay': 0.0005, 'beta': 0.98, 'linear': 0.0, 'gamma': 0.5, 'step_size': 25.0}
    scheduler_kwargs     {}
    p                    1                   
    start_trial          0                   
    n_trials             1                   
    num_workers          4                   
    max_epochs           250                 
    mini_batch_size      32                  
    loss                 cross_entropy       
    early_stop_patience  10                  
---------------------------------------------
Adas: Pytorch device is set to cuda
Adas on BACH_transformed: T 1/1 | E 1/250 Ended | E Time: 62.858s | ~Time Left: 15651.650s |  Train Loss: 2.1363 | Train Acc. 25.0391% | Test Loss: 1.4583 | Test Acc. 26.6667%
Adas on BACH_transformed: T 1/1 | E 2/250 Ended | E Time: 36.157s | ~Time Left: 8967.018s |  Train Loss: 1.3845 | Train Acc. 32.7595% | Test Loss: 1.3313 | Test Acc. 39.1667%
Adas on BACH_transformed: T 1/1 | E 3/250 Ended | E Time: 20.294s | ~Time Left: 5012.663s |  Train Loss: 1.3260 | Train Acc. 36.3067% | Test Loss: 1.3212 | Test Acc. 31.2500%
Adas on BACH_transformed: T 1/1 | E 4/250 Ended | E Time: 11.863s | ~Time Left: 2918.379s |  Train Loss: 1.3176 | Train Acc. 37.5065% | Test Loss: 1.3147 | Test Acc. 32.5000%
Adas on BACH_transformed: T 1/1 | E 5/250 Ended | E Time: 11.806s | ~Time Left: 2892.557s |  Train Loss: 1.3090 | Train Acc. 37.2457% | Test Loss: 1.2322 | Test Acc. 39.1667%
Adas on BACH_transformed: T 1/1 | E 6/250 Ended | E Time: 12.185s | ~Time Left: 2973.028s |  Train Loss: 1.2836 | Train Acc. 40.1148% | Test Loss: 1.2193 | Test Acc. 42.5000%
Adas on BACH_transformed: T 1/1 | E 7/250 Ended | E Time: 12.015s | ~Time Left: 2919.538s |  Train Loss: 1.2676 | Train Acc. 40.7929% | Test Loss: 1.2562 | Test Acc. 40.8333%
Adas on BACH_transformed: T 1/1 | E 8/250 Ended | E Time: 11.773s | ~Time Left: 2849.126s |  Train Loss: 1.2617 | Train Acc. 40.6886% | Test Loss: 1.2668 | Test Acc. 39.1667%
Adas on BACH_transformed: T 1/1 | E 9/250 Ended | E Time: 11.943s | ~Time Left: 2878.383s |  Train Loss: 1.2616 | Train Acc. 39.6453% | Test Loss: 1.2213 | Test Acc. 39.1667%
Adas on BACH_transformed: T 1/1 | E 10/250 Ended | E Time: 11.845s | ~Time Left: 2842.698s |  Train Loss: 1.2591 | Train Acc. 41.1059% | Test Loss: 1.1968 | Test Acc. 44.5833%
Adas on BACH_transformed: T 1/1 | E 11/250 Ended | E Time: 12.055s | ~Time Left: 2881.146s |  Train Loss: 1.2445 | Train Acc. 41.8884% | Test Loss: 1.2586 | Test Acc. 42.0833%
Adas on BACH_transformed: T 1/1 | E 12/250 Ended | E Time: 11.992s | ~Time Left: 2854.106s |  Train Loss: 1.2322 | Train Acc. 42.5665% | Test Loss: 1.2196 | Test Acc. 47.0833%
Adas on BACH_transformed: T 1/1 | E 13/250 Ended | E Time: 12.012s | ~Time Left: 2846.812s |  Train Loss: 1.2525 | Train Acc. 42.7752% | Test Loss: 1.2549 | Test Acc. 37.9167%
Adas on BACH_transformed: T 1/1 | E 14/250 Ended | E Time: 11.926s | ~Time Left: 2814.435s |  Train Loss: 1.2243 | Train Acc. 44.7053% | Test Loss: 1.2480 | Test Acc. 43.3333%
Adas on BACH_transformed: T 1/1 | E 15/250 Ended | E Time: 12.077s | ~Time Left: 2838.096s |  Train Loss: 1.2212 | Train Acc. 44.2358% | Test Loss: 1.1917 | Test Acc. 41.6667%
Adas on BACH_transformed: T 1/1 | E 16/250 Ended | E Time: 11.793s | ~Time Left: 2759.500s |  Train Loss: 1.2130 | Train Acc. 43.8185% | Test Loss: 1.1627 | Test Acc. 46.2500%
Adas on BACH_transformed: T 1/1 | E 17/250 Ended | E Time: 11.928s | ~Time Left: 2779.237s |  Train Loss: 1.2300 | Train Acc. 42.6187% | Test Loss: 1.1882 | Test Acc. 43.7500%
Adas on BACH_transformed: T 1/1 | E 18/250 Ended | E Time: 12.092s | ~Time Left: 2805.353s |  Train Loss: 1.1965 | Train Acc. 45.1226% | Test Loss: 1.0970 | Test Acc. 49.5833%
Adas on BACH_transformed: T 1/1 | E 19/250 Ended | E Time: 11.970s | ~Time Left: 2765.036s |  Train Loss: 1.1855 | Train Acc. 45.4356% | Test Loss: 1.1261 | Test Acc. 47.0833%
Adas on BACH_transformed: T 1/1 | E 20/250 Ended | E Time: 11.805s | ~Time Left: 2715.145s |  Train Loss: 1.2064 | Train Acc. 45.0704% | Test Loss: 1.1245 | Test Acc. 47.5000%
Adas on BACH_transformed: T 1/1 | E 21/250 Ended | E Time: 12.156s | ~Time Left: 2783.766s |  Train Loss: 1.1576 | Train Acc. 48.7220% | Test Loss: 1.1078 | Test Acc. 53.3333%
Adas on BACH_transformed: T 1/1 | E 22/250 Ended | E Time: 11.918s | ~Time Left: 2717.278s |  Train Loss: 1.1504 | Train Acc. 47.7308% | Test Loss: 1.1214 | Test Acc. 50.8333%
Adas on BACH_transformed: T 1/1 | E 23/250 Ended | E Time: 12.380s | ~Time Left: 2810.270s |  Train Loss: 1.1435 | Train Acc. 49.0871% | Test Loss: 1.0409 | Test Acc. 53.3333%
Adas on BACH_transformed: T 1/1 | E 24/250 Ended | E Time: 11.966s | ~Time Left: 2704.421s |  Train Loss: 1.1582 | Train Acc. 49.7131% | Test Loss: 1.2520 | Test Acc. 42.9167%
Adas on BACH_transformed: T 1/1 | E 25/250 Ended | E Time: 12.148s | ~Time Left: 2733.315s |  Train Loss: 1.1390 | Train Acc. 50.6521% | Test Loss: 1.0702 | Test Acc. 55.0000%
Adas on BACH_transformed: T 1/1 | E 26/250 Ended | E Time: 11.937s | ~Time Left: 2673.957s |  Train Loss: 1.1051 | Train Acc. 51.5389% | Test Loss: 1.0727 | Test Acc. 50.0000%
Adas on BACH_transformed: T 1/1 | E 27/250 Ended | E Time: 12.114s | ~Time Left: 2701.495s |  Train Loss: 1.1158 | Train Acc. 50.1826% | Test Loss: 1.1341 | Test Acc. 48.7500%
Adas on BACH_transformed: T 1/1 | E 28/250 Ended | E Time: 12.094s | ~Time Left: 2684.916s |  Train Loss: 1.1086 | Train Acc. 51.3824% | Test Loss: 1.0429 | Test Acc. 55.4167%
Adas on BACH_transformed: T 1/1 | E 29/250 Ended | E Time: 12.130s | ~Time Left: 2680.777s |  Train Loss: 1.0991 | Train Acc. 51.5389% | Test Loss: 1.1208 | Test Acc. 47.9167%
Adas on BACH_transformed: T 1/1 | E 30/250 Ended | E Time: 12.044s | ~Time Left: 2649.583s |  Train Loss: 1.0925 | Train Acc. 51.2780% | Test Loss: 1.0252 | Test Acc. 57.0833%
Adas on BACH_transformed: T 1/1 | E 31/250 Ended | E Time: 11.939s | ~Time Left: 2614.604s |  Train Loss: 1.0771 | Train Acc. 54.7209% | Test Loss: 1.1138 | Test Acc. 49.5833%
Adas on BACH_transformed: T 1/1 | E 32/250 Ended | E Time: 11.952s | ~Time Left: 2605.492s |  Train Loss: 1.0508 | Train Acc. 54.0949% | Test Loss: 1.0757 | Test Acc. 52.9167%
Adas on BACH_transformed: T 1/1 | E 33/250 Ended | E Time: 12.091s | ~Time Left: 2623.678s |  Train Loss: 1.0349 | Train Acc. 54.3558% | Test Loss: 1.0484 | Test Acc. 56.2500%
Adas on BACH_transformed: T 1/1 | E 34/250 Ended | E Time: 12.187s | ~Time Left: 2632.403s |  Train Loss: 1.0372 | Train Acc. 55.9207% | Test Loss: 1.2152 | Test Acc. 47.0833%
Adas on BACH_transformed: T 1/1 | E 35/250 Ended | E Time: 12.430s | ~Time Left: 2672.524s |  Train Loss: 1.0460 | Train Acc. 54.6688% | Test Loss: 0.9470 | Test Acc. 65.0000%
Adas on BACH_transformed: T 1/1 | E 36/250 Ended | E Time: 11.914s | ~Time Left: 2549.689s |  Train Loss: 0.9851 | Train Acc. 58.0073% | Test Loss: 0.9608 | Test Acc. 58.7500%
Adas on BACH_transformed: T 1/1 | E 37/250 Ended | E Time: 11.977s | ~Time Left: 2551.173s |  Train Loss: 0.9942 | Train Acc. 58.7898% | Test Loss: 0.9668 | Test Acc. 60.4167%
Adas on BACH_transformed: T 1/1 | E 38/250 Ended | E Time: 12.209s | ~Time Left: 2588.217s |  Train Loss: 0.9386 | Train Acc. 59.5722% | Test Loss: 0.8431 | Test Acc. 65.4167%
Adas on BACH_transformed: T 1/1 | E 39/250 Ended | E Time: 11.946s | ~Time Left: 2520.632s |  Train Loss: 0.9651 | Train Acc. 58.9463% | Test Loss: 1.0291 | Test Acc. 52.0833%
Adas on BACH_transformed: T 1/1 | E 40/250 Ended | E Time: 12.050s | ~Time Left: 2530.434s |  Train Loss: 0.9549 | Train Acc. 59.5201% | Test Loss: 0.9339 | Test Acc. 59.1667%
Adas on BACH_transformed: T 1/1 | E 41/250 Ended | E Time: 11.978s | ~Time Left: 2503.419s |  Train Loss: 0.9226 | Train Acc. 60.9807% | Test Loss: 0.9830 | Test Acc. 58.3333%
Adas on BACH_transformed: T 1/1 | E 42/250 Ended | E Time: 12.114s | ~Time Left: 2519.627s |  Train Loss: 0.9232 | Train Acc. 61.3980% | Test Loss: 2.1576 | Test Acc. 31.6667%
Adas on BACH_transformed: T 1/1 | E 43/250 Ended | E Time: 12.000s | ~Time Left: 2483.948s |  Train Loss: 0.8958 | Train Acc. 62.9630% | Test Loss: 0.8242 | Test Acc. 65.8333%
Adas on BACH_transformed: T 1/1 | E 44/250 Ended | E Time: 12.133s | ~Time Left: 2499.392s |  Train Loss: 0.9029 | Train Acc. 62.9630% | Test Loss: 0.8361 | Test Acc. 64.5833%
Adas on BACH_transformed: T 1/1 | E 45/250 Ended | E Time: 12.189s | ~Time Left: 2498.733s |  Train Loss: 0.8555 | Train Acc. 64.3192% | Test Loss: 0.8035 | Test Acc. 65.4167%
Adas on BACH_transformed: T 1/1 | E 46/250 Ended | E Time: 12.189s | ~Time Left: 2486.579s |  Train Loss: 0.8618 | Train Acc. 63.0151% | Test Loss: 0.8411 | Test Acc. 68.3333%
Adas on BACH_transformed: T 1/1 | E 47/250 Ended | E Time: 12.307s | ~Time Left: 2498.422s |  Train Loss: 0.8341 | Train Acc. 64.6844% | Test Loss: 0.7854 | Test Acc. 67.9167%
Adas on BACH_transformed: T 1/1 | E 48/250 Ended | E Time: 12.293s | ~Time Left: 2483.180s |  Train Loss: 0.7927 | Train Acc. 67.5013% | Test Loss: 0.7505 | Test Acc. 70.4167%
Adas on BACH_transformed: T 1/1 | E 49/250 Ended | E Time: 12.013s | ~Time Left: 2414.625s |  Train Loss: 0.8152 | Train Acc. 66.9275% | Test Loss: 0.7812 | Test Acc. 68.7500%
Adas on BACH_transformed: T 1/1 | E 50/250 Ended | E Time: 11.945s | ~Time Left: 2389.101s |  Train Loss: 0.7673 | Train Acc. 67.7100% | Test Loss: 0.6892 | Test Acc. 74.1667%
Adas on BACH_transformed: T 1/1 | E 51/250 Ended | E Time: 12.069s | ~Time Left: 2401.742s |  Train Loss: 0.8073 | Train Acc. 66.9275% | Test Loss: 0.9641 | Test Acc. 58.3333%
Adas on BACH_transformed: T 1/1 | E 52/250 Ended | E Time: 12.262s | ~Time Left: 2427.843s |  Train Loss: 0.7635 | Train Acc. 69.3792% | Test Loss: 0.7627 | Test Acc. 67.5000%
Adas on BACH_transformed: T 1/1 | E 53/250 Ended | E Time: 12.112s | ~Time Left: 2385.974s |  Train Loss: 0.7407 | Train Acc. 70.2660% | Test Loss: 0.7333 | Test Acc. 66.2500%
Adas on BACH_transformed: T 1/1 | E 54/250 Ended | E Time: 12.018s | ~Time Left: 2355.521s |  Train Loss: 0.7382 | Train Acc. 70.2139% | Test Loss: 0.9764 | Test Acc. 61.6667%
Adas on BACH_transformed: T 1/1 | E 55/250 Ended | E Time: 12.135s | ~Time Left: 2366.279s |  Train Loss: 0.6938 | Train Acc. 72.5613% | Test Loss: 0.9988 | Test Acc. 60.0000%
Adas on BACH_transformed: T 1/1 | E 56/250 Ended | E Time: 11.944s | ~Time Left: 2317.114s |  Train Loss: 0.7306 | Train Acc. 70.1095% | Test Loss: 0.7455 | Test Acc. 65.8333%
Adas on BACH_transformed: T 1/1 | E 57/250 Ended | E Time: 12.139s | ~Time Left: 2342.750s |  Train Loss: 0.6918 | Train Acc. 71.9875% | Test Loss: 0.9171 | Test Acc. 62.5000%
Adas on BACH_transformed: T 1/1 | E 58/250 Ended | E Time: 12.087s | ~Time Left: 2320.723s |  Train Loss: 0.6790 | Train Acc. 72.8221% | Test Loss: 0.8179 | Test Acc. 71.2500%
Adas on BACH_transformed: T 1/1 | E 59/250 Ended | E Time: 12.050s | ~Time Left: 2301.499s |  Train Loss: 0.6514 | Train Acc. 73.6568% | Test Loss: 1.0272 | Test Acc. 57.9167%
Adas on BACH_transformed: T 1/1 | E 60/250 Ended | E Time: 12.034s | ~Time Left: 2286.369s |  Train Loss: 0.6468 | Train Acc. 74.2827% | Test Loss: 0.6950 | Test Acc. 72.5000%
Adas on BACH_transformed: T 1/1 | E 61/250 Ended | E Time: 12.017s | ~Time Left: 2271.223s |  Train Loss: 0.6072 | Train Acc. 76.1607% | Test Loss: 0.6778 | Test Acc. 72.9167%
Adas on BACH_transformed: T 1/1 | E 62/250 Ended | E Time: 11.962s | ~Time Left: 2248.831s |  Train Loss: 0.5886 | Train Acc. 76.6301% | Test Loss: 0.7885 | Test Acc. 67.5000%
Adas on BACH_transformed: T 1/1 | E 63/250 Ended | E Time: 12.325s | ~Time Left: 2304.705s |  Train Loss: 0.6269 | Train Acc. 74.4914% | Test Loss: 0.7209 | Test Acc. 70.4167%
Adas on BACH_transformed: T 1/1 | E 64/250 Ended | E Time: 12.073s | ~Time Left: 2245.531s |  Train Loss: 0.6092 | Train Acc. 76.1085% | Test Loss: 0.7727 | Test Acc. 69.5833%
Adas on BACH_transformed: T 1/1 | E 65/250 Ended | E Time: 12.150s | ~Time Left: 2247.790s |  Train Loss: 0.5959 | Train Acc. 76.7866% | Test Loss: 0.9627 | Test Acc. 61.6667%
Adas on BACH_transformed: T 1/1 | E 66/250 Ended | E Time: 12.190s | ~Time Left: 2242.890s |  Train Loss: 0.5980 | Train Acc. 75.3260% | Test Loss: 0.7000 | Test Acc. 69.1667%
Adas on BACH_transformed: T 1/1 | E 67/250 Ended | E Time: 12.049s | ~Time Left: 2205.034s |  Train Loss: 0.5494 | Train Acc. 78.8732% | Test Loss: 0.8158 | Test Acc. 70.0000%
Adas on BACH_transformed: T 1/1 | E 68/250 Ended | E Time: 12.182s | ~Time Left: 2217.078s |  Train Loss: 0.5250 | Train Acc. 79.4992% | Test Loss: 0.6009 | Test Acc. 75.0000%
Adas on BACH_transformed: T 1/1 | E 69/250 Ended | E Time: 11.956s | ~Time Left: 2163.975s |  Train Loss: 0.5809 | Train Acc. 76.2650% | Test Loss: 0.6937 | Test Acc. 71.6667%
Adas on BACH_transformed: T 1/1 | E 70/250 Ended | E Time: 12.010s | ~Time Left: 2161.888s |  Train Loss: 0.5584 | Train Acc. 78.1951% | Test Loss: 0.4946 | Test Acc. 77.9167%
Adas on BACH_transformed: T 1/1 | E 71/250 Ended | E Time: 12.243s | ~Time Left: 2191.500s |  Train Loss: 0.5242 | Train Acc. 79.4471% | Test Loss: 0.7606 | Test Acc. 72.5000%
Adas on BACH_transformed: T 1/1 | E 72/250 Ended | E Time: 12.103s | ~Time Left: 2154.347s |  Train Loss: 0.5237 | Train Acc. 80.6990% | Test Loss: 0.6830 | Test Acc. 77.0833%
Adas on BACH_transformed: T 1/1 | E 73/250 Ended | E Time: 12.095s | ~Time Left: 2140.893s |  Train Loss: 0.5318 | Train Acc. 78.5602% | Test Loss: 0.5905 | Test Acc. 75.4167%
Adas on BACH_transformed: T 1/1 | E 74/250 Ended | E Time: 12.009s | ~Time Left: 2113.581s |  Train Loss: 0.4861 | Train Acc. 81.5336% | Test Loss: 0.7911 | Test Acc. 71.6667%
Adas on BACH_transformed: T 1/1 | E 75/250 Ended | E Time: 12.061s | ~Time Left: 2110.655s |  Train Loss: 0.5136 | Train Acc. 80.5425% | Test Loss: 0.5201 | Test Acc. 78.7500%
Adas on BACH_transformed: T 1/1 | E 76/250 Ended | E Time: 11.938s | ~Time Left: 2077.254s |  Train Loss: 0.5024 | Train Acc. 80.1774% | Test Loss: 0.5590 | Test Acc. 79.1667%
Adas on BACH_transformed: T 1/1 | E 77/250 Ended | E Time: 11.939s | ~Time Left: 2065.385s |  Train Loss: 0.4912 | Train Acc. 80.4903% | Test Loss: 0.8963 | Test Acc. 68.7500%
Adas on BACH_transformed: T 1/1 | E 78/250 Ended | E Time: 11.990s | ~Time Left: 2062.210s |  Train Loss: 0.4471 | Train Acc. 82.9421% | Test Loss: 0.6554 | Test Acc. 74.1667%
Adas on BACH_transformed: T 1/1 | E 79/250 Ended | E Time: 11.925s | ~Time Left: 2039.154s |  Train Loss: 0.4401 | Train Acc. 83.1507% | Test Loss: 1.0381 | Test Acc. 71.2500%
Adas on BACH_transformed: T 1/1 | E 80/250 Ended | E Time: 12.117s | ~Time Left: 2059.811s |  Train Loss: 0.4539 | Train Acc. 82.7856% | Test Loss: 0.5057 | Test Acc. 78.7500%
Adas on BACH_transformed: T 1/1 | E 81/250 Ended | E Time: 12.255s | ~Time Left: 2071.174s |  Train Loss: 0.4477 | Train Acc. 83.2551% | Test Loss: 0.6172 | Test Acc. 77.0833%
Adas on BACH_transformed: T 1/1 | E 82/250 Ended | E Time: 12.114s | ~Time Left: 2035.215s |  Train Loss: 0.4069 | Train Acc. 83.5681% | Test Loss: 0.5842 | Test Acc. 80.4167%
Adas on BACH_transformed: T 1/1 | E 83/250 Ended | E Time: 12.209s | ~Time Left: 2038.983s |  Train Loss: 0.4376 | Train Acc. 82.0031% | Test Loss: 0.4282 | Test Acc. 83.7500%
Adas on BACH_transformed: T 1/1 | E 84/250 Ended | E Time: 45.844s | ~Time Left: 7610.074s |  Train Loss: 0.4185 | Train Acc. 84.1940% | Test Loss: 0.4940 | Test Acc. 80.8333%
Adas on BACH_transformed: T 1/1 | E 85/250 Ended | E Time: 38.474s | ~Time Left: 6348.272s |  Train Loss: 0.4020 | Train Acc. 84.5070% | Test Loss: 0.4225 | Test Acc. 80.8333%
Adas on BACH_transformed: T 1/1 | E 86/250 Ended | E Time: 25.151s | ~Time Left: 4124.703s |  Train Loss: 0.4044 | Train Acc. 84.4549% | Test Loss: 0.6001 | Test Acc. 79.5833%
Adas on BACH_transformed: T 1/1 | E 87/250 Ended | E Time: 14.408s | ~Time Left: 2348.523s |  Train Loss: 0.3947 | Train Acc. 85.1330% | Test Loss: 0.7546 | Test Acc. 72.9167%
Adas on BACH_transformed: T 1/1 | E 88/250 Ended | E Time: 12.041s | ~Time Left: 1950.622s |  Train Loss: 0.3805 | Train Acc. 84.8722% | Test Loss: 0.3841 | Test Acc. 83.3333%
Adas on BACH_transformed: T 1/1 | E 89/250 Ended | E Time: 12.122s | ~Time Left: 1951.650s |  Train Loss: 0.3724 | Train Acc. 86.1763% | Test Loss: 0.5737 | Test Acc. 77.5000%
Adas on BACH_transformed: T 1/1 | E 90/250 Ended | E Time: 12.063s | ~Time Left: 1930.139s |  Train Loss: 0.3266 | Train Acc. 88.7846% | Test Loss: 0.4423 | Test Acc. 82.5000%
Adas on BACH_transformed: T 1/1 | E 91/250 Ended | E Time: 12.072s | ~Time Left: 1919.390s |  Train Loss: 0.3673 | Train Acc. 86.0198% | Test Loss: 0.5514 | Test Acc. 79.1667%
Adas on BACH_transformed: T 1/1 | E 92/250 Ended | E Time: 12.192s | ~Time Left: 1926.291s |  Train Loss: 0.3948 | Train Acc. 85.3417% | Test Loss: 0.9110 | Test Acc. 65.0000%
Adas on BACH_transformed: T 1/1 | E 93/250 Ended | E Time: 12.136s | ~Time Left: 1905.391s |  Train Loss: 0.3561 | Train Acc. 86.4893% | Test Loss: 0.8335 | Test Acc. 73.3333%
Adas on BACH_transformed: T 1/1 | E 94/250 Ended | E Time: 12.027s | ~Time Left: 1876.165s |  Train Loss: 0.3700 | Train Acc. 85.8633% | Test Loss: 0.4841 | Test Acc. 79.5833%
Adas on BACH_transformed: T 1/1 | E 95/250 Ended | E Time: 12.279s | ~Time Left: 1903.180s |  Train Loss: 0.3209 | Train Acc. 87.1674% | Test Loss: 0.7773 | Test Acc. 73.7500%
Adas on BACH_transformed: T 1/1 | E 96/250 Ended | E Time: 12.138s | ~Time Left: 1869.298s |  Train Loss: 0.3300 | Train Acc. 86.5415% | Test Loss: 0.4916 | Test Acc. 80.8333%
Adas on BACH_transformed: T 1/1 | E 97/250 Ended | E Time: 12.148s | ~Time Left: 1858.720s |  Train Loss: 0.3054 | Train Acc. 88.5759% | Test Loss: 0.3592 | Test Acc. 87.9167%
Adas on BACH_transformed: T 1/1 | E 98/250 Ended | E Time: 12.039s | ~Time Left: 1829.869s |  Train Loss: 0.3483 | Train Acc. 86.4371% | Test Loss: 0.4026 | Test Acc. 82.9167%
Adas on BACH_transformed: T 1/1 | E 99/250 Ended | E Time: 12.022s | ~Time Left: 1815.319s |  Train Loss: 0.3025 | Train Acc. 88.1586% | Test Loss: 0.3939 | Test Acc. 85.0000%
Adas on BACH_transformed: T 1/1 | E 100/250 Ended | E Time: 12.223s | ~Time Left: 1833.489s |  Train Loss: 0.2949 | Train Acc. 88.3672% | Test Loss: 0.3522 | Test Acc. 87.0833%
Adas on BACH_transformed: T 1/1 | E 101/250 Ended | E Time: 12.076s | ~Time Left: 1799.297s |  Train Loss: 0.2887 | Train Acc. 88.4716% | Test Loss: 0.4223 | Test Acc. 85.0000%
Adas on BACH_transformed: T 1/1 | E 102/250 Ended | E Time: 11.931s | ~Time Left: 1765.843s |  Train Loss: 0.2759 | Train Acc. 89.6192% | Test Loss: 0.4680 | Test Acc. 82.0833%
Adas on BACH_transformed: T 1/1 | E 103/250 Ended | E Time: 12.241s | ~Time Left: 1799.465s |  Train Loss: 0.2776 | Train Acc. 89.4627% | Test Loss: 0.4101 | Test Acc. 86.2500%
Adas on BACH_transformed: T 1/1 | E 104/250 Ended | E Time: 12.138s | ~Time Left: 1772.087s |  Train Loss: 0.2605 | Train Acc. 91.0798% | Test Loss: 0.3245 | Test Acc. 87.0833%
Adas on BACH_transformed: T 1/1 | E 105/250 Ended | E Time: 12.205s | ~Time Left: 1769.708s |  Train Loss: 0.2757 | Train Acc. 88.7846% | Test Loss: 0.3915 | Test Acc. 85.8333%
Adas on BACH_transformed: T 1/1 | E 106/250 Ended | E Time: 12.042s | ~Time Left: 1734.065s |  Train Loss: 0.2530 | Train Acc. 90.5582% | Test Loss: 0.5388 | Test Acc. 78.7500%
Adas on BACH_transformed: T 1/1 | E 107/250 Ended | E Time: 12.038s | ~Time Left: 1721.480s |  Train Loss: 0.3055 | Train Acc. 89.1497% | Test Loss: 0.4426 | Test Acc. 84.5833%
Adas on BACH_transformed: T 1/1 | E 108/250 Ended | E Time: 12.008s | ~Time Left: 1705.205s |  Train Loss: 0.2597 | Train Acc. 89.3062% | Test Loss: 0.4561 | Test Acc. 82.0833%
Adas on BACH_transformed: T 1/1 | E 109/250 Ended | E Time: 12.081s | ~Time Left: 1703.364s |  Train Loss: 0.2743 | Train Acc. 89.5149% | Test Loss: 0.4893 | Test Acc. 82.9167%
Adas on BACH_transformed: T 1/1 | E 110/250 Ended | E Time: 30.467s | ~Time Left: 4265.397s |  Train Loss: 0.2568 | Train Acc. 89.6714% | Test Loss: 0.4253 | Test Acc. 87.0833%
Adas on BACH_transformed: T 1/1 | E 111/250 Ended | E Time: 46.499s | ~Time Left: 6463.404s |  Train Loss: 0.2698 | Train Acc. 89.9843% | Test Loss: 0.3375 | Test Acc. 85.4167%
Adas on BACH_transformed: T 1/1 | E 112/250 Ended | E Time: 25.645s | ~Time Left: 3539.050s |  Train Loss: 0.2610 | Train Acc. 89.5149% | Test Loss: 0.4864 | Test Acc. 79.5833%
Adas on BACH_transformed: T 1/1 | E 113/250 Ended | E Time: 15.950s | ~Time Left: 2185.094s |  Train Loss: 0.2549 | Train Acc. 90.4538% | Test Loss: 0.3643 | Test Acc. 86.2500%
Adas on BACH_transformed: T 1/1 | E 114/250 Ended | E Time: 11.939s | ~Time Left: 1623.760s |  Train Loss: 0.2282 | Train Acc. 91.7579% | Test Loss: 0.3854 | Test Acc. 84.5833%
Adas on BACH_transformed: T 1/1 | E 115/250 Ended | E Time: 11.881s | ~Time Left: 1603.988s |  Train Loss: 0.2098 | Train Acc. 92.2796% | Test Loss: 0.2961 | Test Acc. 88.7500%
Adas on BACH_transformed: T 1/1 | E 116/250 Ended | E Time: 12.016s | ~Time Left: 1610.161s |  Train Loss: 0.2018 | Train Acc. 92.7491% | Test Loss: 0.3044 | Test Acc. 87.9167%
Adas on BACH_transformed: T 1/1 | E 117/250 Ended | E Time: 11.844s | ~Time Left: 1575.244s |  Train Loss: 0.1913 | Train Acc. 92.9577% | Test Loss: 0.3311 | Test Acc. 88.3333%
Adas on BACH_transformed: T 1/1 | E 118/250 Ended | E Time: 12.506s | ~Time Left: 1650.802s |  Train Loss: 0.1894 | Train Acc. 92.8012% | Test Loss: 0.3164 | Test Acc. 87.0833%
Adas on BACH_transformed: T 1/1 | E 119/250 Ended | E Time: 11.925s | ~Time Left: 1562.201s |  Train Loss: 0.2232 | Train Acc. 91.8623% | Test Loss: 0.4024 | Test Acc. 85.8333%
Adas on BACH_transformed: T 1/1 | E 120/250 Ended | E Time: 11.937s | ~Time Left: 1551.871s |  Train Loss: 0.1963 | Train Acc. 92.1753% | Test Loss: 0.3062 | Test Acc. 87.0833%
Adas on BACH_transformed: T 1/1 | E 121/250 Ended | E Time: 12.073s | ~Time Left: 1557.416s |  Train Loss: 0.2067 | Train Acc. 91.6536% | Test Loss: 0.4464 | Test Acc. 84.1667%
Adas on BACH_transformed: T 1/1 | E 122/250 Ended | E Time: 11.915s | ~Time Left: 1525.058s |  Train Loss: 0.1963 | Train Acc. 92.3318% | Test Loss: 0.3988 | Test Acc. 85.8333%
Adas on BACH_transformed: T 1/1 | E 123/250 Ended | E Time: 11.907s | ~Time Left: 1512.199s |  Train Loss: 0.2188 | Train Acc. 91.8623% | Test Loss: 0.4201 | Test Acc. 83.3333%
Adas on BACH_transformed: T 1/1 | E 124/250 Ended | E Time: 12.096s | ~Time Left: 1524.052s |  Train Loss: 0.1992 | Train Acc. 92.4361% | Test Loss: 0.2731 | Test Acc. 91.2500%
Adas on BACH_transformed: T 1/1 | E 125/250 Ended | E Time: 12.081s | ~Time Left: 1510.068s |  Train Loss: 0.1760 | Train Acc. 93.1142% | Test Loss: 0.2806 | Test Acc. 87.0833%
Adas on BACH_transformed: T 1/1 | E 126/250 Ended | E Time: 12.037s | ~Time Left: 1492.600s |  Train Loss: 0.1670 | Train Acc. 94.1575% | Test Loss: 0.2994 | Test Acc. 91.2500%
Adas on BACH_transformed: T 1/1 | E 127/250 Ended | E Time: 11.902s | ~Time Left: 1463.972s |  Train Loss: 0.1684 | Train Acc. 94.2619% | Test Loss: 0.4451 | Test Acc. 85.4167%
Adas on BACH_transformed: T 1/1 | E 128/250 Ended | E Time: 12.149s | ~Time Left: 1482.201s |  Train Loss: 0.1942 | Train Acc. 92.9056% | Test Loss: 0.4164 | Test Acc. 85.0000%
Adas on BACH_transformed: T 1/1 | E 129/250 Ended | E Time: 11.855s | ~Time Left: 1434.508s |  Train Loss: 0.1800 | Train Acc. 93.3751% | Test Loss: 0.3454 | Test Acc. 84.1667%
Adas on BACH_transformed: T 1/1 | E 130/250 Ended | E Time: 11.916s | ~Time Left: 1429.895s |  Train Loss: 0.1632 | Train Acc. 94.6792% | Test Loss: 0.3391 | Test Acc. 88.3333%
Adas on BACH_transformed: T 1/1 | E 131/250 Ended | E Time: 12.017s | ~Time Left: 1430.035s |  Train Loss: 0.1679 | Train Acc. 94.1575% | Test Loss: 0.3302 | Test Acc. 85.8333%
Adas on BACH_transformed: T 1/1 | E 132/250 Ended | E Time: 12.177s | ~Time Left: 1436.851s |  Train Loss: 0.1855 | Train Acc. 93.4272% | Test Loss: 0.2418 | Test Acc. 91.2500%
Adas on BACH_transformed: T 1/1 | E 133/250 Ended | E Time: 12.072s | ~Time Left: 1412.466s |  Train Loss: 0.1560 | Train Acc. 94.1575% | Test Loss: 0.2649 | Test Acc. 90.0000%
Adas on BACH_transformed: T 1/1 | E 134/250 Ended | E Time: 11.845s | ~Time Left: 1374.001s |  Train Loss: 0.1524 | Train Acc. 94.9400% | Test Loss: 0.2907 | Test Acc. 88.3333%
Adas on BACH_transformed: T 1/1 | E 135/250 Ended | E Time: 11.926s | ~Time Left: 1371.434s |  Train Loss: 0.1712 | Train Acc. 93.7924% | Test Loss: 0.2784 | Test Acc. 88.3333%
Adas on BACH_transformed: T 1/1 | E 136/250 Ended | E Time: 12.494s | ~Time Left: 1424.322s |  Train Loss: 0.1358 | Train Acc. 95.0965% | Test Loss: 0.3311 | Test Acc. 89.1667%
Adas on BACH_transformed: T 1/1 | E 137/250 Ended | E Time: 11.948s | ~Time Left: 1350.163s |  Train Loss: 0.1526 | Train Acc. 94.2097% | Test Loss: 0.3124 | Test Acc. 87.9167%
Adas on BACH_transformed: T 1/1 | E 138/250 Ended | E Time: 12.197s | ~Time Left: 1366.051s |  Train Loss: 0.1434 | Train Acc. 94.5749% | Test Loss: 0.2857 | Test Acc. 90.4167%
Adas on BACH_transformed: T 1/1 | E 139/250 Ended | E Time: 12.205s | ~Time Left: 1354.774s |  Train Loss: 0.1385 | Train Acc. 94.9400% | Test Loss: 0.3270 | Test Acc. 88.3333%
Adas on BACH_transformed: T 1/1 | E 140/250 Ended | E Time: 11.956s | ~Time Left: 1315.161s |  Train Loss: 0.1286 | Train Acc. 95.2530% | Test Loss: 0.3250 | Test Acc. 88.7500%
Adas on BACH_transformed: T 1/1 | E 141/250 Ended | E Time: 12.144s | ~Time Left: 1323.696s |  Train Loss: 0.1396 | Train Acc. 95.3573% | Test Loss: 0.2983 | Test Acc. 91.2500%
Adas on BACH_transformed: T 1/1 | E 142/250 Ended | E Time: 12.126s | ~Time Left: 1309.625s |  Train Loss: 0.1413 | Train Acc. 94.4184% | Test Loss: 0.3844 | Test Acc. 86.6667%
Adas on BACH_transformed: T 1/1 | E 143/250 Ended | E Time: 12.441s | ~Time Left: 1331.207s |  Train Loss: 0.1169 | Train Acc. 95.8790% | Test Loss: 0.2494 | Test Acc. 91.2500%
Adas on BACH_transformed: T 1/1 | E 144/250 Ended | E Time: 12.357s | ~Time Left: 1309.858s |  Train Loss: 0.1535 | Train Acc. 94.0532% | Test Loss: 0.3219 | Test Acc. 89.1667%
Adas on BACH_transformed: T 1/1 | E 145/250 Ended | E Time: 12.174s | ~Time Left: 1278.249s |  Train Loss: 0.1138 | Train Acc. 95.9833% | Test Loss: 0.2509 | Test Acc. 91.2500%
Adas on BACH_transformed: T 1/1 | E 146/250 Ended | E Time: 12.172s | ~Time Left: 1265.883s |  Train Loss: 0.1146 | Train Acc. 95.9311% | Test Loss: 0.2358 | Test Acc. 93.3333%
Adas on BACH_transformed: T 1/1 | E 147/250 Ended | E Time: 12.087s | ~Time Left: 1244.965s |  Train Loss: 0.1125 | Train Acc. 95.8268% | Test Loss: 0.3609 | Test Acc. 88.7500%
Adas on BACH_transformed: T 1/1 | E 148/250 Ended | E Time: 12.141s | ~Time Left: 1238.417s |  Train Loss: 0.1262 | Train Acc. 95.5138% | Test Loss: 0.2603 | Test Acc. 90.8333%
Adas on BACH_transformed: T 1/1 | E 149/250 Ended | E Time: 11.900s | ~Time Left: 1201.870s |  Train Loss: 0.1067 | Train Acc. 95.7225% | Test Loss: 0.2798 | Test Acc. 90.4167%
Adas on BACH_transformed: T 1/1 | E 150/250 Ended | E Time: 11.983s | ~Time Left: 1198.313s |  Train Loss: 0.0914 | Train Acc. 97.2874% | Test Loss: 0.1968 | Test Acc. 92.0833%
Adas on BACH_transformed: T 1/1 | E 151/250 Ended | E Time: 11.968s | ~Time Left: 1184.840s |  Train Loss: 0.0982 | Train Acc. 96.9744% | Test Loss: 0.2281 | Test Acc. 92.0833%
Adas on BACH_transformed: T 1/1 | E 152/250 Ended | E Time: 12.026s | ~Time Left: 1178.549s |  Train Loss: 0.0965 | Train Acc. 96.9223% | Test Loss: 0.2333 | Test Acc. 89.5833%
Adas on BACH_transformed: T 1/1 | E 153/250 Ended | E Time: 12.251s | ~Time Left: 1188.350s |  Train Loss: 0.1066 | Train Acc. 96.1398% | Test Loss: 0.2850 | Test Acc. 90.4167%
Adas on BACH_transformed: T 1/1 | E 154/250 Ended | E Time: 12.182s | ~Time Left: 1169.454s |  Train Loss: 0.1086 | Train Acc. 96.1920% | Test Loss: 0.2351 | Test Acc. 92.0833%
Adas on BACH_transformed: T 1/1 | E 155/250 Ended | E Time: 12.170s | ~Time Left: 1156.178s |  Train Loss: 0.0977 | Train Acc. 96.5571% | Test Loss: 0.2776 | Test Acc. 89.5833%
Adas on BACH_transformed: T 1/1 | E 156/250 Ended | E Time: 12.087s | ~Time Left: 1136.139s |  Train Loss: 0.0880 | Train Acc. 96.7658% | Test Loss: 0.2135 | Test Acc. 92.0833%
Adas on BACH_transformed: T 1/1 | E 157/250 Ended | E Time: 12.015s | ~Time Left: 1117.353s |  Train Loss: 0.0883 | Train Acc. 96.1920% | Test Loss: 0.1775 | Test Acc. 91.6667%
Adas on BACH_transformed: T 1/1 | E 158/250 Ended | E Time: 12.151s | ~Time Left: 1117.851s |  Train Loss: 0.1043 | Train Acc. 96.4528% | Test Loss: 0.2066 | Test Acc. 91.6667%
Adas on BACH_transformed: T 1/1 | E 159/250 Ended | E Time: 12.063s | ~Time Left: 1097.695s |  Train Loss: 0.0863 | Train Acc. 97.0266% | Test Loss: 0.2531 | Test Acc. 91.2500%
Adas on BACH_transformed: T 1/1 | E 160/250 Ended | E Time: 11.914s | ~Time Left: 1072.244s |  Train Loss: 0.0931 | Train Acc. 96.6093% | Test Loss: 0.2988 | Test Acc. 90.0000%
Adas on BACH_transformed: T 1/1 | E 161/250 Ended | E Time: 11.999s | ~Time Left: 1067.912s |  Train Loss: 0.1114 | Train Acc. 96.0876% | Test Loss: 0.2595 | Test Acc. 91.2500%
Adas on BACH_transformed: T 1/1 | E 162/250 Ended | E Time: 12.300s | ~Time Left: 1082.435s |  Train Loss: 0.0807 | Train Acc. 97.5482% | Test Loss: 0.2183 | Test Acc. 90.8333%
Adas on BACH_transformed: T 1/1 | E 163/250 Ended | E Time: 12.033s | ~Time Left: 1046.866s |  Train Loss: 0.0822 | Train Acc. 97.2874% | Test Loss: 0.2632 | Test Acc. 91.2500%
Adas on BACH_transformed: T 1/1 | E 164/250 Ended | E Time: 12.227s | ~Time Left: 1051.540s |  Train Loss: 0.0901 | Train Acc. 97.0266% | Test Loss: 0.2980 | Test Acc. 93.3333%
Adas on BACH_transformed: T 1/1 | E 165/250 Ended | E Time: 12.211s | ~Time Left: 1037.902s |  Train Loss: 0.0761 | Train Acc. 97.3396% | Test Loss: 0.2017 | Test Acc. 93.3333%
Adas on BACH_transformed: T 1/1 | E 166/250 Ended | E Time: 12.120s | ~Time Left: 1018.089s |  Train Loss: 0.0659 | Train Acc. 97.9134% | Test Loss: 0.2145 | Test Acc. 92.5000%
Adas on BACH_transformed: T 1/1 | E 167/250 Ended | E Time: 12.194s | ~Time Left: 1012.117s |  Train Loss: 0.0780 | Train Acc. 97.3918% | Test Loss: 0.2730 | Test Acc. 93.3333%
Adas on BACH_transformed: T 1/1 | E 168/250 Ended | E Time: 12.205s | ~Time Left: 1000.833s |  Train Loss: 0.0677 | Train Acc. 97.6526% | Test Loss: 0.1909 | Test Acc. 93.7500%
Adas on BACH_transformed: T 1/1 | E 169/250 Ended | E Time: 11.987s | ~Time Left: 970.981s |  Train Loss: 0.0664 | Train Acc. 97.4961% | Test Loss: 0.2159 | Test Acc. 92.9167%
Adas on BACH_transformed: T 1/1 | E 170/250 Ended | E Time: 12.006s | ~Time Left: 960.493s |  Train Loss: 0.0852 | Train Acc. 96.8701% | Test Loss: 0.1962 | Test Acc. 91.6667%
Adas on BACH_transformed: T 1/1 | E 171/250 Ended | E Time: 12.102s | ~Time Left: 956.052s |  Train Loss: 0.0738 | Train Acc. 97.2353% | Test Loss: 0.3012 | Test Acc. 89.5833%
Adas on BACH_transformed: T 1/1 | E 172/250 Ended | E Time: 20.317s | ~Time Left: 1584.725s |  Train Loss: 0.0715 | Train Acc. 97.7047% | Test Loss: 0.1704 | Test Acc. 92.9167%
Adas on BACH_transformed: T 1/1 | E 173/250 Ended | E Time: 12.948s | ~Time Left: 997.029s |  Train Loss: 0.0705 | Train Acc. 97.7047% | Test Loss: 0.2372 | Test Acc. 92.0833%
Adas on BACH_transformed: T 1/1 | E 174/250 Ended | E Time: 12.054s | ~Time Left: 916.094s |  Train Loss: 0.0869 | Train Acc. 97.0788% | Test Loss: 0.1879 | Test Acc. 92.5000%
Adas on BACH_transformed: T 1/1 | E 175/250 Ended | E Time: 11.965s | ~Time Left: 897.395s |  Train Loss: 0.0587 | Train Acc. 98.5394% | Test Loss: 0.1723 | Test Acc. 94.1667%
Adas on BACH_transformed: T 1/1 | E 176/250 Ended | E Time: 12.102s | ~Time Left: 895.546s |  Train Loss: 0.0678 | Train Acc. 97.5482% | Test Loss: 0.1952 | Test Acc. 94.1667%
Adas on BACH_transformed: T 1/1 | E 177/250 Ended | E Time: 12.113s | ~Time Left: 884.269s |  Train Loss: 0.0787 | Train Acc. 97.2874% | Test Loss: 0.2674 | Test Acc. 90.4167%
Adas on BACH_transformed: T 1/1 | E 178/250 Ended | E Time: 12.169s | ~Time Left: 876.166s |  Train Loss: 0.0666 | Train Acc. 97.6004% | Test Loss: 0.2408 | Test Acc. 91.2500%
Adas on BACH_transformed: T 1/1 | E 179/250 Ended | E Time: 12.019s | ~Time Left: 853.354s |  Train Loss: 0.0715 | Train Acc. 97.5482% | Test Loss: 0.2610 | Test Acc. 90.8333%
Adas on BACH_transformed: T 1/1 | E 180/250 Ended | E Time: 12.232s | ~Time Left: 856.210s |  Train Loss: 0.0548 | Train Acc. 98.3829% | Test Loss: 0.2715 | Test Acc. 91.6667%
Adas on BACH_transformed: T 1/1 | E 181/250 Ended | E Time: 12.694s | ~Time Left: 875.859s |  Train Loss: 0.0626 | Train Acc. 97.9134% | Test Loss: 0.2179 | Test Acc. 92.0833%
Adas on BACH_transformed: T 1/1 | E 182/250 Ended | E Time: 12.042s | ~Time Left: 818.876s |  Train Loss: 0.0706 | Train Acc. 97.7047% | Test Loss: 0.2493 | Test Acc. 92.0833%
Adas on BACH_transformed: T 1/1 | E 183/250 Ended | E Time: 12.233s | ~Time Left: 819.588s |  Train Loss: 0.0544 | Train Acc. 98.1221% | Test Loss: 0.1833 | Test Acc. 92.0833%
Adas on BACH_transformed: T 1/1 | E 184/250 Ended | E Time: 15.232s | ~Time Left: 1005.309s |  Train Loss: 0.0517 | Train Acc. 98.3829% | Test Loss: 0.1640 | Test Acc. 94.5833%
Adas on BACH_transformed: T 1/1 | E 185/250 Ended | E Time: 12.051s | ~Time Left: 783.293s |  Train Loss: 0.0599 | Train Acc. 98.2264% | Test Loss: 0.1526 | Test Acc. 93.7500%
Adas on BACH_transformed: T 1/1 | E 186/250 Ended | E Time: 12.001s | ~Time Left: 768.092s |  Train Loss: 0.0578 | Train Acc. 98.0177% | Test Loss: 0.2144 | Test Acc. 93.3333%
Adas on BACH_transformed: T 1/1 | E 187/250 Ended | E Time: 14.433s | ~Time Left: 909.265s |  Train Loss: 0.0641 | Train Acc. 97.9134% | Test Loss: 0.1875 | Test Acc. 91.2500%
Adas on BACH_transformed: T 1/1 | E 188/250 Ended | E Time: 14.508s | ~Time Left: 899.506s |  Train Loss: 0.0601 | Train Acc. 97.9134% | Test Loss: 0.2096 | Test Acc. 91.6667%
Adas on BACH_transformed: T 1/1 | E 189/250 Ended | E Time: 12.627s | ~Time Left: 770.250s |  Train Loss: 0.0540 | Train Acc. 98.2786% | Test Loss: 0.2044 | Test Acc. 91.6667%
Adas on BACH_transformed: T 1/1 | E 190/250 Ended | E Time: 12.219s | ~Time Left: 733.126s |  Train Loss: 0.0511 | Train Acc. 98.3307% | Test Loss: 0.2417 | Test Acc. 92.0833%
Adas on BACH_transformed: T 1/1 | E 191/250 Ended | E Time: 13.316s | ~Time Left: 785.641s |  Train Loss: 0.0617 | Train Acc. 97.8091% | Test Loss: 0.1898 | Test Acc. 92.5000%
Adas on BACH_transformed: T 1/1 | E 192/250 Ended | E Time: 12.081s | ~Time Left: 700.672s |  Train Loss: 0.0478 | Train Acc. 98.4351% | Test Loss: 0.1685 | Test Acc. 95.0000%
Adas on BACH_transformed: T 1/1 | E 193/250 Ended | E Time: 12.578s | ~Time Left: 716.919s |  Train Loss: 0.0588 | Train Acc. 98.2786% | Test Loss: 0.2170 | Test Acc. 91.6667%
Adas on BACH_transformed: T 1/1 | E 194/250 Ended | E Time: 12.129s | ~Time Left: 679.235s |  Train Loss: 0.0715 | Train Acc. 97.6004% | Test Loss: 0.1743 | Test Acc. 93.7500%
Adas on BACH_transformed: T 1/1 | E 195/250 Ended | E Time: 12.011s | ~Time Left: 660.609s |  Train Loss: 0.0493 | Train Acc. 98.6437% | Test Loss: 0.1792 | Test Acc. 93.3333%
Adas on BACH_transformed: T 1/1 | E 196/250 Ended | E Time: 12.172s | ~Time Left: 657.297s |  Train Loss: 0.0554 | Train Acc. 98.4872% | Test Loss: 0.1399 | Test Acc. 92.9167%
Adas on BACH_transformed: T 1/1 | E 197/250 Ended | E Time: 11.995s | ~Time Left: 635.757s |  Train Loss: 0.0569 | Train Acc. 98.4351% | Test Loss: 0.1425 | Test Acc. 95.4167%
Adas on BACH_transformed: T 1/1 | E 198/250 Ended | E Time: 12.078s | ~Time Left: 628.050s |  Train Loss: 0.0465 | Train Acc. 98.6437% | Test Loss: 0.1728 | Test Acc. 93.7500%
Adas on BACH_transformed: T 1/1 | E 199/250 Ended | E Time: 12.033s | ~Time Left: 613.708s |  Train Loss: 0.0352 | Train Acc. 99.2697% | Test Loss: 0.1310 | Test Acc. 94.5833%
Adas on BACH_transformed: T 1/1 | E 200/250 Ended | E Time: 12.301s | ~Time Left: 615.050s |  Train Loss: 0.0483 | Train Acc. 98.5394% | Test Loss: 0.1679 | Test Acc. 94.1667%
Adas on BACH_transformed: T 1/1 | E 201/250 Ended | E Time: 14.591s | ~Time Left: 714.938s |  Train Loss: 0.0463 | Train Acc. 98.9567% | Test Loss: 0.1457 | Test Acc. 94.5833%
Adas on BACH_transformed: T 1/1 | E 202/250 Ended | E Time: 12.043s | ~Time Left: 578.060s |  Train Loss: 0.0476 | Train Acc. 98.6959% | Test Loss: 0.1706 | Test Acc. 93.7500%
Adas on BACH_transformed: T 1/1 | E 203/250 Ended | E Time: 11.992s | ~Time Left: 563.614s |  Train Loss: 0.0512 | Train Acc. 98.1742% | Test Loss: 0.1499 | Test Acc. 94.1667%
Adas on BACH_transformed: T 1/1 | E 204/250 Ended | E Time: 12.190s | ~Time Left: 560.760s |  Train Loss: 0.0539 | Train Acc. 98.1742% | Test Loss: 0.2541 | Test Acc. 90.0000%
Adas on BACH_transformed: T 1/1 | E 205/250 Ended | E Time: 12.003s | ~Time Left: 540.130s |  Train Loss: 0.0549 | Train Acc. 98.3307% | Test Loss: 0.1631 | Test Acc. 93.7500%
Adas on BACH_transformed: T 1/1 | E 206/250 Ended | E Time: 12.070s | ~Time Left: 531.081s |  Train Loss: 0.0504 | Train Acc. 98.5394% | Test Loss: 0.1513 | Test Acc. 94.1667%
Adas on BACH_transformed: T 1/1 | E 207/250 Ended | E Time: 12.107s | ~Time Left: 520.582s |  Train Loss: 0.0468 | Train Acc. 98.6437% | Test Loss: 0.1997 | Test Acc. 92.9167%
Adas on BACH_transformed: T 1/1 | E 208/250 Ended | E Time: 12.056s | ~Time Left: 506.360s |  Train Loss: 0.0406 | Train Acc. 98.8002% | Test Loss: 0.1473 | Test Acc. 95.0000%
Adas on BACH_transformed: T 1/1 | E 209/250 Ended | E Time: 12.192s | ~Time Left: 499.866s |  Train Loss: 0.0385 | Train Acc. 98.6959% | Test Loss: 0.1664 | Test Acc. 92.5000%
Adas on BACH_transformed: T 1/1 | E 210/250 Ended | E Time: 12.102s | ~Time Left: 484.070s |  Train Loss: 0.0471 | Train Acc. 98.5915% | Test Loss: 0.2042 | Test Acc. 92.9167%
Adas on BACH_transformed: T 1/1 | E 211/250 Ended | E Time: 12.044s | ~Time Left: 469.714s |  Train Loss: 0.0427 | Train Acc. 98.6959% | Test Loss: 0.1633 | Test Acc. 92.5000%
Adas on BACH_transformed: T 1/1 | E 212/250 Ended | E Time: 12.113s | ~Time Left: 460.304s |  Train Loss: 0.0422 | Train Acc. 98.5915% | Test Loss: 0.1760 | Test Acc. 92.5000%
Adas on BACH_transformed: T 1/1 | E 213/250 Ended | E Time: 12.153s | ~Time Left: 449.651s |  Train Loss: 0.0379 | Train Acc. 99.0610% | Test Loss: 0.1990 | Test Acc. 91.6667%
Adas on BACH_transformed: T 1/1 | E 214/250 Ended | E Time: 12.235s | ~Time Left: 440.446s |  Train Loss: 0.0468 | Train Acc. 98.6959% | Test Loss: 0.1760 | Test Acc. 93.7500%
Adas on BACH_transformed: T 1/1 | E 215/250 Ended | E Time: 12.036s | ~Time Left: 421.272s |  Train Loss: 0.0440 | Train Acc. 98.9045% | Test Loss: 0.1904 | Test Acc. 93.3333%
Adas on BACH_transformed: T 1/1 | E 216/250 Ended | E Time: 12.199s | ~Time Left: 414.761s |  Train Loss: 0.0344 | Train Acc. 98.9567% | Test Loss: 0.1402 | Test Acc. 95.4167%
Adas on BACH_transformed: T 1/1 | E 217/250 Ended | E Time: 12.350s | ~Time Left: 407.562s |  Train Loss: 0.0422 | Train Acc. 98.8524% | Test Loss: 0.1448 | Test Acc. 94.5833%
Adas on BACH_transformed: T 1/1 | E 218/250 Ended | E Time: 12.110s | ~Time Left: 387.536s |  Train Loss: 0.0409 | Train Acc. 98.6959% | Test Loss: 0.1257 | Test Acc. 95.0000%
Adas on BACH_transformed: T 1/1 | E 219/250 Ended | E Time: 12.251s | ~Time Left: 379.784s |  Train Loss: 0.0410 | Train Acc. 98.6437% | Test Loss: 0.1110 | Test Acc. 96.2500%
Adas on BACH_transformed: T 1/1 | E 220/250 Ended | E Time: 12.153s | ~Time Left: 364.579s |  Train Loss: 0.0465 | Train Acc. 98.3829% | Test Loss: 0.2053 | Test Acc. 92.5000%
Adas on BACH_transformed: T 1/1 | E 221/250 Ended | E Time: 12.312s | ~Time Left: 357.039s |  Train Loss: 0.0485 | Train Acc. 97.9656% | Test Loss: 0.1681 | Test Acc. 95.0000%
Adas on BACH_transformed: T 1/1 | E 222/250 Ended | E Time: 12.496s | ~Time Left: 349.890s |  Train Loss: 0.0450 | Train Acc. 98.5394% | Test Loss: 0.2607 | Test Acc. 91.2500%
Adas on BACH_transformed: T 1/1 | E 223/250 Ended | E Time: 12.299s | ~Time Left: 332.080s |  Train Loss: 0.0379 | Train Acc. 98.9045% | Test Loss: 0.2123 | Test Acc. 92.9167%
Adas on BACH_transformed: T 1/1 | E 224/250 Ended | E Time: 12.175s | ~Time Left: 316.552s |  Train Loss: 0.0314 | Train Acc. 99.3740% | Test Loss: 0.1455 | Test Acc. 94.5833%
Adas on BACH_transformed: T 1/1 | E 225/250 Ended | E Time: 12.155s | ~Time Left: 303.867s |  Train Loss: 0.0388 | Train Acc. 99.0089% | Test Loss: 0.1656 | Test Acc. 92.5000%
Adas on BACH_transformed: T 1/1 | E 226/250 Ended | E Time: 11.951s | ~Time Left: 286.815s |  Train Loss: 0.0345 | Train Acc. 99.2697% | Test Loss: 0.1601 | Test Acc. 95.4167%
Adas on BACH_transformed: T 1/1 | E 227/250 Ended | E Time: 12.054s | ~Time Left: 277.242s |  Train Loss: 0.0277 | Train Acc. 99.2697% | Test Loss: 0.1624 | Test Acc. 94.5833%
Adas on BACH_transformed: T 1/1 | E 228/250 Ended | E Time: 12.075s | ~Time Left: 265.647s |  Train Loss: 0.0424 | Train Acc. 98.4872% | Test Loss: 0.1329 | Test Acc. 94.5833%
Adas on BACH_transformed: T 1/1 | E 229/250 Ended | E Time: 12.170s | ~Time Left: 255.569s |  Train Loss: 0.0325 | Train Acc. 99.0610% | Test Loss: 0.1959 | Test Acc. 92.9167%
Adas on BACH_transformed: T 1/1 | E 230/250 Ended | E Time: 12.035s | ~Time Left: 240.701s |  Train Loss: 0.0402 | Train Acc. 98.6959% | Test Loss: 0.1381 | Test Acc. 94.5833%
Adas on BACH_transformed: T 1/1 | E 231/250 Ended | E Time: 12.004s | ~Time Left: 228.080s |  Train Loss: 0.0417 | Train Acc. 98.5915% | Test Loss: 0.1595 | Test Acc. 94.5833%
Adas on BACH_transformed: T 1/1 | E 232/250 Ended | E Time: 12.075s | ~Time Left: 217.347s |  Train Loss: 0.0294 | Train Acc. 99.3219% | Test Loss: 0.1640 | Test Acc. 93.7500%
Adas on BACH_transformed: T 1/1 | E 233/250 Ended | E Time: 11.950s | ~Time Left: 203.153s |  Train Loss: 0.0344 | Train Acc. 99.0610% | Test Loss: 0.1777 | Test Acc. 93.3333%
Adas on BACH_transformed: T 1/1 | E 234/250 Ended | E Time: 11.997s | ~Time Left: 191.955s |  Train Loss: 0.0297 | Train Acc. 99.4262% | Test Loss: 0.1282 | Test Acc. 94.5833%
Adas on BACH_transformed: T 1/1 | E 235/250 Ended | E Time: 11.947s | ~Time Left: 179.202s |  Train Loss: 0.0338 | Train Acc. 99.1132% | Test Loss: 0.1895 | Test Acc. 92.5000%
Adas on BACH_transformed: T 1/1 | E 236/250 Ended | E Time: 12.048s | ~Time Left: 168.672s |  Train Loss: 0.0279 | Train Acc. 99.3740% | Test Loss: 0.1703 | Test Acc. 92.9167%
Adas on BACH_transformed: T 1/1 | E 237/250 Ended | E Time: 12.269s | ~Time Left: 159.500s |  Train Loss: 0.0348 | Train Acc. 99.0089% | Test Loss: 0.1275 | Test Acc. 96.6667%
Adas on BACH_transformed: T 1/1 | E 238/250 Ended | E Time: 11.980s | ~Time Left: 143.762s |  Train Loss: 0.0311 | Train Acc. 99.2697% | Test Loss: 0.1148 | Test Acc. 95.4167%
Adas on BACH_transformed: T 1/1 | E 239/250 Ended | E Time: 12.225s | ~Time Left: 134.480s |  Train Loss: 0.0382 | Train Acc. 98.9567% | Test Loss: 0.1206 | Test Acc. 95.8333%
Adas on BACH_transformed: T 1/1 | E 240/250 Ended | E Time: 12.127s | ~Time Left: 121.275s |  Train Loss: 0.0295 | Train Acc. 99.3219% | Test Loss: 0.1186 | Test Acc. 96.6667%
Adas on BACH_transformed: T 1/1 | E 241/250 Ended | E Time: 12.071s | ~Time Left: 108.642s |  Train Loss: 0.0292 | Train Acc. 99.0610% | Test Loss: 0.1271 | Test Acc. 95.4167%
Adas on BACH_transformed: T 1/1 | E 242/250 Ended | E Time: 12.119s | ~Time Left: 96.954s |  Train Loss: 0.0248 | Train Acc. 99.5827% | Test Loss: 0.1263 | Test Acc. 94.5833%
Adas on BACH_transformed: T 1/1 | E 243/250 Ended | E Time: 12.020s | ~Time Left: 84.137s |  Train Loss: 0.0236 | Train Acc. 99.5305% | Test Loss: 0.1436 | Test Acc. 95.4167%
Adas on BACH_transformed: T 1/1 | E 244/250 Ended | E Time: 12.526s | ~Time Left: 75.159s |  Train Loss: 0.0288 | Train Acc. 99.2175% | Test Loss: 0.1656 | Test Acc. 95.0000%
Adas on BACH_transformed: T 1/1 | E 245/250 Ended | E Time: 12.132s | ~Time Left: 60.662s |  Train Loss: 0.0253 | Train Acc. 99.2175% | Test Loss: 0.1833 | Test Acc. 94.5833%
Adas on BACH_transformed: T 1/1 | E 246/250 Ended | E Time: 12.153s | ~Time Left: 48.613s |  Train Loss: 0.0259 | Train Acc. 99.1132% | Test Loss: 0.1689 | Test Acc. 95.0000%
Adas on BACH_transformed: T 1/1 | E 247/250 Ended | E Time: 12.101s | ~Time Left: 36.302s |  Train Loss: 0.0310 | Train Acc. 98.9567% | Test Loss: 0.2036 | Test Acc. 95.0000%
Adas on BACH_transformed: T 1/1 | E 248/250 Ended | E Time: 12.138s | ~Time Left: 24.276s |  Train Loss: 0.0305 | Train Acc. 99.2175% | Test Loss: 0.1696 | Test Acc. 93.7500%
Adas on BACH_transformed: T 1/1 | E 249/250 Ended | E Time: 12.278s | ~Time Left: 12.278s |  Train Loss: 0.0360 | Train Acc. 98.5915% | Test Loss: 0.1812 | Test Acc. 94.5833%
Adas on BACH_transformed: T 1/1 | E 250/250 Ended | E Time: 12.119s | ~Time Left: 0.000s |  Train Loss: 0.0330 | Train Acc. 99.2175% | Test Loss: 0.1656 | Test Acc. 92.9167%
