transferring data
Sun Jul  4 20:15:19 PDT 2021

Finished transferring
Sun Jul  4 20:15:22 PDT 2021

Adas: Argument Parser Options
---------------------------------------------
    config              : PostTrainingConfigs/CRC_transformed_testing/AdamP/lr-0.0002-config-AdamP.yaml
    data                : /localscratch/zhan8425.6958615.0        
    output              : ADP_post_trained/CRC_transformed/AdamP/output/fine_tuning
    checkpoint          : ADP_post_trained/CRC_transformed/AdamP/checkpoint/fine_tuning/lr-0.0002
    resume              : None                                    
    pretrained_model    : /home/zhan8425/projects/def-plato/zhan8425/HistoKT/.Adas-checkpoint/ADP/best_trial_2.pth.tar
    freeze_encoder      : 1                                       
    root                : .                                       
    save_freq           : 25                                      
    cpu                 : 0                                       
    gpu                 : 0                                       
    mpd                 : 0                                       
    dist_url            : tcp://127.0.0.1:23456                   
    dist_backend        : nccl                                    
    world_size          : -1                                      
    rank                : -1                                      
---------------------------------------------
Adas: Notice: early stop will not be used as it was set to -1.0, training till completion
Adas: Experiment Configuration
---------------------------------------------
    dataset              CRC_transformed     
    network              ResNet18            
    optimizer            AdamP               
    scheduler            None                
    level                L3Only              
    color_kwargs         {'augmentation': 'Color-Distortion', 'distortion': 0.3}
    degree_of_rotation   45                  
    vertical_flipping    0.5                 
    horizontal_flipping  0.5                 
    horizontal_shift     0.1                 
    vertical_shift       0.1                 
    gaussian_blur        0                   
    kernel_size          9                   
    variance             0.1                 
    cutout               0                   
    n_holes              1                   
    cutout_length        16                  
    init_lr              0.0002              
    early_stop_threshold -1.0                
    optimizer_kwargs     {'weight_decay': 0.0005}
    scheduler_kwargs     {'gamma': 0.5, 'step_size': 20.0}
    p                    1                   
    start_trial          0                   
    n_trials             3                   
    num_workers          4                   
    max_epochs           200                 
    mini_batch_size      32                  
    loss                 cross_entropy       
    early_stop_patience  10                  
---------------------------------------------
Adas: Pytorch device is set to cuda
AdamP on CRC_transformed: T 1/3 | E 1/200 Ended | E Time: 59.771s | ~Time Left: 11894.430s |  Train Loss: 0.9485 | Train Acc. 63.5429% | Test Loss: 0.7318 | Test Acc. 71.2143%
AdamP on CRC_transformed: T 1/3 | E 2/200 Ended | E Time: 58.826s | ~Time Left: 11647.574s |  Train Loss: 0.6619 | Train Acc. 75.7143% | Test Loss: 0.6611 | Test Acc. 77.0000%
AdamP on CRC_transformed: T 1/3 | E 3/200 Ended | E Time: 58.545s | ~Time Left: 11533.418s |  Train Loss: 0.5070 | Train Acc. 81.8357% | Test Loss: 0.4203 | Test Acc. 85.0000%
AdamP on CRC_transformed: T 1/3 | E 4/200 Ended | E Time: 58.495s | ~Time Left: 11464.923s |  Train Loss: 0.3973 | Train Acc. 85.9714% | Test Loss: 0.3260 | Test Acc. 88.9286%
AdamP on CRC_transformed: T 1/3 | E 5/200 Ended | E Time: 58.586s | ~Time Left: 11424.199s |  Train Loss: 0.3522 | Train Acc. 87.7714% | Test Loss: 0.2780 | Test Acc. 90.2857%
AdamP on CRC_transformed: T 1/3 | E 6/200 Ended | E Time: 58.550s | ~Time Left: 11358.709s |  Train Loss: 0.3123 | Train Acc. 88.9857% | Test Loss: 0.3406 | Test Acc. 88.1429%
AdamP on CRC_transformed: T 1/3 | E 7/200 Ended | E Time: 58.509s | ~Time Left: 11292.151s |  Train Loss: 0.2732 | Train Acc. 90.4714% | Test Loss: 0.2612 | Test Acc. 91.1429%
AdamP on CRC_transformed: T 1/3 | E 8/200 Ended | E Time: 58.529s | ~Time Left: 11237.537s |  Train Loss: 0.2573 | Train Acc. 91.1786% | Test Loss: 0.2735 | Test Acc. 91.1429%
AdamP on CRC_transformed: T 1/3 | E 9/200 Ended | E Time: 58.594s | ~Time Left: 11191.542s |  Train Loss: 0.2474 | Train Acc. 91.1643% | Test Loss: 0.1849 | Test Acc. 93.9286%
AdamP on CRC_transformed: T 1/3 | E 10/200 Ended | E Time: 58.350s | ~Time Left: 11086.550s |  Train Loss: 0.2306 | Train Acc. 91.9714% | Test Loss: 0.2024 | Test Acc. 93.7857%
AdamP on CRC_transformed: T 1/3 | E 11/200 Ended | E Time: 58.802s | ~Time Left: 11113.493s |  Train Loss: 0.2155 | Train Acc. 92.6000% | Test Loss: 0.1564 | Test Acc. 94.5000%
AdamP on CRC_transformed: T 1/3 | E 12/200 Ended | E Time: 58.698s | ~Time Left: 11035.143s |  Train Loss: 0.2092 | Train Acc. 92.7000% | Test Loss: 0.2042 | Test Acc. 92.9286%
AdamP on CRC_transformed: T 1/3 | E 13/200 Ended | E Time: 58.587s | ~Time Left: 10955.854s |  Train Loss: 0.1965 | Train Acc. 93.2857% | Test Loss: 0.3533 | Test Acc. 89.0714%
AdamP on CRC_transformed: T 1/3 | E 14/200 Ended | E Time: 58.840s | ~Time Left: 10944.248s |  Train Loss: 0.1996 | Train Acc. 93.2571% | Test Loss: 0.2186 | Test Acc. 92.5714%
AdamP on CRC_transformed: T 1/3 | E 15/200 Ended | E Time: 58.624s | ~Time Left: 10845.372s |  Train Loss: 0.1967 | Train Acc. 93.1286% | Test Loss: 0.2126 | Test Acc. 93.4286%
AdamP on CRC_transformed: T 1/3 | E 16/200 Ended | E Time: 58.686s | ~Time Left: 10798.193s |  Train Loss: 0.1837 | Train Acc. 93.5929% | Test Loss: 0.2040 | Test Acc. 93.8571%
AdamP on CRC_transformed: T 1/3 | E 17/200 Ended | E Time: 58.855s | ~Time Left: 10770.508s |  Train Loss: 0.1772 | Train Acc. 94.0714% | Test Loss: 0.1489 | Test Acc. 95.3571%
AdamP on CRC_transformed: T 1/3 | E 18/200 Ended | E Time: 58.631s | ~Time Left: 10670.784s |  Train Loss: 0.1766 | Train Acc. 93.8714% | Test Loss: 0.1532 | Test Acc. 95.2857%
AdamP on CRC_transformed: T 1/3 | E 19/200 Ended | E Time: 58.835s | ~Time Left: 10649.095s |  Train Loss: 0.1673 | Train Acc. 94.3071% | Test Loss: 0.1934 | Test Acc. 93.0000%
AdamP on CRC_transformed: T 1/3 | E 20/200 Ended | E Time: 59.103s | ~Time Left: 10638.479s |  Train Loss: 0.1607 | Train Acc. 94.3500% | Test Loss: 0.1363 | Test Acc. 95.7143%
AdamP on CRC_transformed: T 1/3 | E 21/200 Ended | E Time: 58.737s | ~Time Left: 10513.993s |  Train Loss: 0.1535 | Train Acc. 94.7071% | Test Loss: 0.1403 | Test Acc. 95.0000%
AdamP on CRC_transformed: T 1/3 | E 22/200 Ended | E Time: 58.619s | ~Time Left: 10434.180s |  Train Loss: 0.1575 | Train Acc. 94.7500% | Test Loss: 0.1560 | Test Acc. 95.0000%
AdamP on CRC_transformed: T 1/3 | E 23/200 Ended | E Time: 58.705s | ~Time Left: 10390.765s |  Train Loss: 0.1506 | Train Acc. 94.9214% | Test Loss: 0.1429 | Test Acc. 95.7143%
AdamP on CRC_transformed: T 1/3 | E 24/200 Ended | E Time: 58.610s | ~Time Left: 10315.290s |  Train Loss: 0.1486 | Train Acc. 94.9286% | Test Loss: 0.1204 | Test Acc. 96.4286%
AdamP on CRC_transformed: T 1/3 | E 25/200 Ended | E Time: 58.799s | ~Time Left: 10289.906s |  Train Loss: 0.1507 | Train Acc. 94.8143% | Test Loss: 0.1235 | Test Acc. 96.0714%
AdamP on CRC_transformed: T 1/3 | E 26/200 Ended | E Time: 58.735s | ~Time Left: 10219.910s |  Train Loss: 0.1422 | Train Acc. 95.1000% | Test Loss: 0.2977 | Test Acc. 90.0714%
AdamP on CRC_transformed: T 1/3 | E 27/200 Ended | E Time: 58.617s | ~Time Left: 10140.786s |  Train Loss: 0.1361 | Train Acc. 95.3857% | Test Loss: 0.1827 | Test Acc. 94.0000%
AdamP on CRC_transformed: T 1/3 | E 28/200 Ended | E Time: 58.919s | ~Time Left: 10134.054s |  Train Loss: 0.1306 | Train Acc. 95.6357% | Test Loss: 0.1830 | Test Acc. 93.1429%
AdamP on CRC_transformed: T 1/3 | E 29/200 Ended | E Time: 58.948s | ~Time Left: 10080.039s |  Train Loss: 0.1368 | Train Acc. 95.3286% | Test Loss: 0.1269 | Test Acc. 95.5714%
AdamP on CRC_transformed: T 1/3 | E 30/200 Ended | E Time: 58.617s | ~Time Left: 9964.902s |  Train Loss: 0.1347 | Train Acc. 95.5000% | Test Loss: 0.1255 | Test Acc. 95.6429%
AdamP on CRC_transformed: T 1/3 | E 31/200 Ended | E Time: 58.784s | ~Time Left: 9934.515s |  Train Loss: 0.1328 | Train Acc. 95.3571% | Test Loss: 0.0816 | Test Acc. 97.5000%
AdamP on CRC_transformed: T 1/3 | E 32/200 Ended | E Time: 58.649s | ~Time Left: 9852.994s |  Train Loss: 0.1328 | Train Acc. 95.6000% | Test Loss: 0.1282 | Test Acc. 95.8571%
AdamP on CRC_transformed: T 1/3 | E 33/200 Ended | E Time: 58.765s | ~Time Left: 9813.775s |  Train Loss: 0.1227 | Train Acc. 95.6214% | Test Loss: 0.1071 | Test Acc. 96.4286%
AdamP on CRC_transformed: T 1/3 | E 34/200 Ended | E Time: 58.645s | ~Time Left: 9735.141s |  Train Loss: 0.1212 | Train Acc. 95.9286% | Test Loss: 0.1013 | Test Acc. 96.3571%
AdamP on CRC_transformed: T 1/3 | E 35/200 Ended | E Time: 58.933s | ~Time Left: 9723.942s |  Train Loss: 0.1151 | Train Acc. 95.9857% | Test Loss: 0.0991 | Test Acc. 96.9286%
AdamP on CRC_transformed: T 1/3 | E 36/200 Ended | E Time: 59.126s | ~Time Left: 9696.598s |  Train Loss: 0.1156 | Train Acc. 95.9500% | Test Loss: 0.2531 | Test Acc. 90.5714%
AdamP on CRC_transformed: T 1/3 | E 37/200 Ended | E Time: 58.939s | ~Time Left: 9607.005s |  Train Loss: 0.1140 | Train Acc. 96.1143% | Test Loss: 0.1121 | Test Acc. 95.9286%
AdamP on CRC_transformed: T 1/3 | E 38/200 Ended | E Time: 58.606s | ~Time Left: 9494.202s |  Train Loss: 0.1170 | Train Acc. 96.0071% | Test Loss: 0.1265 | Test Acc. 95.7143%
AdamP on CRC_transformed: T 1/3 | E 39/200 Ended | E Time: 58.819s | ~Time Left: 9469.799s |  Train Loss: 0.1089 | Train Acc. 96.3000% | Test Loss: 0.1183 | Test Acc. 95.7857%
AdamP on CRC_transformed: T 1/3 | E 40/200 Ended | E Time: 58.687s | ~Time Left: 9389.862s |  Train Loss: 0.1172 | Train Acc. 96.1000% | Test Loss: 0.0809 | Test Acc. 97.5000%
AdamP on CRC_transformed: T 1/3 | E 41/200 Ended | E Time: 58.813s | ~Time Left: 9351.291s |  Train Loss: 0.1049 | Train Acc. 96.4357% | Test Loss: 0.1441 | Test Acc. 94.7857%
AdamP on CRC_transformed: T 1/3 | E 42/200 Ended | E Time: 58.591s | ~Time Left: 9257.335s |  Train Loss: 0.1104 | Train Acc. 96.2643% | Test Loss: 0.0986 | Test Acc. 96.5714%
AdamP on CRC_transformed: T 1/3 | E 43/200 Ended | E Time: 58.599s | ~Time Left: 9200.056s |  Train Loss: 0.1045 | Train Acc. 96.6214% | Test Loss: 0.1011 | Test Acc. 96.2143%
AdamP on CRC_transformed: T 1/3 | E 44/200 Ended | E Time: 58.493s | ~Time Left: 9124.953s |  Train Loss: 0.1078 | Train Acc. 96.2857% | Test Loss: 0.0884 | Test Acc. 97.0000%
AdamP on CRC_transformed: T 1/3 | E 45/200 Ended | E Time: 58.844s | ~Time Left: 9120.865s |  Train Loss: 0.1027 | Train Acc. 96.4929% | Test Loss: 0.1022 | Test Acc. 96.3571%
AdamP on CRC_transformed: T 1/3 | E 46/200 Ended | E Time: 58.693s | ~Time Left: 9038.738s |  Train Loss: 0.0974 | Train Acc. 96.7000% | Test Loss: 0.1132 | Test Acc. 96.7857%
AdamP on CRC_transformed: T 1/3 | E 47/200 Ended | E Time: 58.619s | ~Time Left: 8968.658s |  Train Loss: 0.0939 | Train Acc. 96.7357% | Test Loss: 0.0847 | Test Acc. 97.6429%
AdamP on CRC_transformed: T 1/3 | E 48/200 Ended | E Time: 58.756s | ~Time Left: 8930.929s |  Train Loss: 0.0943 | Train Acc. 96.8571% | Test Loss: 0.2515 | Test Acc. 91.1429%
AdamP on CRC_transformed: T 1/3 | E 49/200 Ended | E Time: 58.864s | ~Time Left: 8888.483s |  Train Loss: 0.0913 | Train Acc. 96.9929% | Test Loss: 0.0970 | Test Acc. 96.8571%
AdamP on CRC_transformed: T 1/3 | E 50/200 Ended | E Time: 58.723s | ~Time Left: 8808.518s |  Train Loss: 0.0929 | Train Acc. 96.7786% | Test Loss: 0.0803 | Test Acc. 97.2143%
AdamP on CRC_transformed: T 1/3 | E 51/200 Ended | E Time: 58.849s | ~Time Left: 8768.469s |  Train Loss: 0.0940 | Train Acc. 96.7500% | Test Loss: 0.1805 | Test Acc. 92.8571%
AdamP on CRC_transformed: T 1/3 | E 52/200 Ended | E Time: 58.521s | ~Time Left: 8661.066s |  Train Loss: 0.0972 | Train Acc. 96.6500% | Test Loss: 0.0911 | Test Acc. 97.2143%
AdamP on CRC_transformed: T 1/3 | E 53/200 Ended | E Time: 58.570s | ~Time Left: 8609.836s |  Train Loss: 0.0896 | Train Acc. 96.8571% | Test Loss: 0.0897 | Test Acc. 97.3571%
AdamP on CRC_transformed: T 1/3 | E 54/200 Ended | E Time: 58.780s | ~Time Left: 8581.865s |  Train Loss: 0.0878 | Train Acc. 96.9929% | Test Loss: 0.1244 | Test Acc. 96.1429%
