transferring data
Mon Jun 14 22:22:50 PDT 2021

Finished transferring
Mon Jun 14 22:22:51 PDT 2021

Adas: Argument Parser Options
---------------------------------------------
    config              : HistoKTconfigs/CRC_transformed-configAdas.yaml
    data                : /localscratch/zhan8425.5088820.0        
    output              : .Adas-output/CRC_transformed/300_per_class
    checkpoint          : .Adas-checkpoint/CRC_transformed/300_per_class
    resume              : None                                    
    root                : .                                       
    save_freq           : 25                                      
    cpu                 : 0                                       
    gpu                 : 0                                       
    mpd                 : 0                                       
    dist_url            : tcp://127.0.0.1:23456                   
    dist_backend        : nccl                                    
    world_size          : -1                                      
    rank                : -1                                      
---------------------------------------------
Adas: Output dir .Adas-output/CRC_transformed/300_per_class does not exist, building
Adas: Notice: early stop will not be used as it was set to -1.0, training till completion
Adas: Experiment Configuration
---------------------------------------------
    dataset              CRC_transformed     
    network              ResNet18            
    optimizer            Adas                
    scheduler            None                
    level                L3Only              
    color_kwargs         {'augmentation': 'Color-Distortion', 'distortion': 0.3}
    degree_of_rotation   45                  
    vertical_flipping    0.5                 
    horizontal_flipping  0.5                 
    horizontal_shift     0.1                 
    vertical_shift       0.1                 
    gaussian_blur        0                   
    kernel_size          9                   
    variance             0.1                 
    cutout               0                   
    n_holes              1                   
    cutout_length        16                  
    init_lr              0.03                
    early_stop_threshold -1.0                
    optimizer_kwargs     {'momentum': 0.9, 'weight_decay': 0.0005, 'beta': 0.98, 'linear': 0.0, 'gamma': 0.5, 'step_size': 25.0}
    scheduler_kwargs     {}
    p                    1                   
    start_trial          0                   
    n_trials             1                   
    num_workers          4                   
    max_epochs           250                 
    mini_batch_size      32                  
    loss                 cross_entropy       
    early_stop_patience  10                  
---------------------------------------------
Adas: Pytorch device is set to cuda
Adas on CRC_transformed: T 1/1 | E 1/250 Ended | E Time: 15.860s | ~Time Left: 3949.112s |  Train Loss: 1.7214 | Train Acc. 38.5714% | Test Loss: 1.7606 | Test Acc. 33.7143%
Adas on CRC_transformed: T 1/1 | E 2/250 Ended | E Time: 14.760s | ~Time Left: 3660.570s |  Train Loss: 1.2832 | Train Acc. 51.0476% | Test Loss: 2.2565 | Test Acc. 40.5714%
Adas on CRC_transformed: T 1/1 | E 3/250 Ended | E Time: 14.836s | ~Time Left: 3664.567s |  Train Loss: 1.3665 | Train Acc. 49.8571% | Test Loss: 1.2790 | Test Acc. 48.2143%
Adas on CRC_transformed: T 1/1 | E 4/250 Ended | E Time: 14.927s | ~Time Left: 3671.934s |  Train Loss: 1.0821 | Train Acc. 55.4762% | Test Loss: 1.1170 | Test Acc. 54.0714%
Adas on CRC_transformed: T 1/1 | E 5/250 Ended | E Time: 14.913s | ~Time Left: 3653.612s |  Train Loss: 1.1443 | Train Acc. 55.9524% | Test Loss: 1.1224 | Test Acc. 56.1429%
Adas on CRC_transformed: T 1/1 | E 6/250 Ended | E Time: 14.713s | ~Time Left: 3590.050s |  Train Loss: 1.0209 | Train Acc. 59.5714% | Test Loss: 1.0295 | Test Acc. 58.7857%
Adas on CRC_transformed: T 1/1 | E 7/250 Ended | E Time: 15.068s | ~Time Left: 3661.632s |  Train Loss: 1.0125 | Train Acc. 61.8095% | Test Loss: 1.0020 | Test Acc. 58.3571%
Adas on CRC_transformed: T 1/1 | E 8/250 Ended | E Time: 14.733s | ~Time Left: 3565.449s |  Train Loss: 0.9892 | Train Acc. 61.0952% | Test Loss: 0.9298 | Test Acc. 62.8571%
Adas on CRC_transformed: T 1/1 | E 9/250 Ended | E Time: 14.730s | ~Time Left: 3549.888s |  Train Loss: 1.0407 | Train Acc. 62.5714% | Test Loss: 4.1566 | Test Acc. 53.2143%
Adas on CRC_transformed: T 1/1 | E 10/250 Ended | E Time: 15.126s | ~Time Left: 3630.160s |  Train Loss: 1.0498 | Train Acc. 59.5238% | Test Loss: 0.9520 | Test Acc. 61.0714%
Adas on CRC_transformed: T 1/1 | E 11/250 Ended | E Time: 14.989s | ~Time Left: 3582.327s |  Train Loss: 0.9493 | Train Acc. 63.7619% | Test Loss: 1.0986 | Test Acc. 63.5714%
Adas on CRC_transformed: T 1/1 | E 12/250 Ended | E Time: 14.743s | ~Time Left: 3508.904s |  Train Loss: 0.8960 | Train Acc. 65.5238% | Test Loss: 1.1197 | Test Acc. 58.8571%
Adas on CRC_transformed: T 1/1 | E 13/250 Ended | E Time: 14.761s | ~Time Left: 3498.459s |  Train Loss: 0.9117 | Train Acc. 65.9048% | Test Loss: 0.7738 | Test Acc. 70.3571%
Adas on CRC_transformed: T 1/1 | E 14/250 Ended | E Time: 14.765s | ~Time Left: 3484.572s |  Train Loss: 0.9779 | Train Acc. 64.3810% | Test Loss: 0.9495 | Test Acc. 63.1429%
Adas on CRC_transformed: T 1/1 | E 15/250 Ended | E Time: 14.760s | ~Time Left: 3468.487s |  Train Loss: 0.8549 | Train Acc. 67.1905% | Test Loss: 0.7118 | Test Acc. 72.5000%
Adas on CRC_transformed: T 1/1 | E 16/250 Ended | E Time: 14.831s | ~Time Left: 3470.412s |  Train Loss: 0.8428 | Train Acc. 68.9524% | Test Loss: 0.8430 | Test Acc. 69.0714%
Adas on CRC_transformed: T 1/1 | E 17/250 Ended | E Time: 14.906s | ~Time Left: 3473.081s |  Train Loss: 0.7912 | Train Acc. 70.0952% | Test Loss: 0.8555 | Test Acc. 64.2143%
Adas on CRC_transformed: T 1/1 | E 18/250 Ended | E Time: 14.852s | ~Time Left: 3445.596s |  Train Loss: 0.7813 | Train Acc. 69.8095% | Test Loss: 0.7869 | Test Acc. 70.0000%
Adas on CRC_transformed: T 1/1 | E 19/250 Ended | E Time: 14.807s | ~Time Left: 3420.346s |  Train Loss: 0.7926 | Train Acc. 71.3333% | Test Loss: 0.7155 | Test Acc. 73.1429%
Adas on CRC_transformed: T 1/1 | E 20/250 Ended | E Time: 14.885s | ~Time Left: 3423.577s |  Train Loss: 0.7279 | Train Acc. 72.2857% | Test Loss: 0.6570 | Test Acc. 74.7143%
Adas on CRC_transformed: T 1/1 | E 21/250 Ended | E Time: 14.943s | ~Time Left: 3421.879s |  Train Loss: 0.6827 | Train Acc. 75.1905% | Test Loss: 0.6679 | Test Acc. 73.4286%
Adas on CRC_transformed: T 1/1 | E 22/250 Ended | E Time: 14.951s | ~Time Left: 3408.936s |  Train Loss: 0.6696 | Train Acc. 75.1429% | Test Loss: 0.6358 | Test Acc. 76.5000%
Adas on CRC_transformed: T 1/1 | E 23/250 Ended | E Time: 15.422s | ~Time Left: 3500.766s |  Train Loss: 0.6615 | Train Acc. 74.5714% | Test Loss: 0.6825 | Test Acc. 76.5000%
Adas on CRC_transformed: T 1/1 | E 24/250 Ended | E Time: 14.746s | ~Time Left: 3332.644s |  Train Loss: 0.6546 | Train Acc. 75.5714% | Test Loss: 0.8402 | Test Acc. 70.2857%
Adas on CRC_transformed: T 1/1 | E 25/250 Ended | E Time: 14.928s | ~Time Left: 3358.856s |  Train Loss: 0.6166 | Train Acc. 77.0952% | Test Loss: 0.5547 | Test Acc. 79.8571%
Adas on CRC_transformed: T 1/1 | E 26/250 Ended | E Time: 14.772s | ~Time Left: 3308.879s |  Train Loss: 0.6113 | Train Acc. 76.0952% | Test Loss: 0.5237 | Test Acc. 80.7143%
Adas on CRC_transformed: T 1/1 | E 27/250 Ended | E Time: 14.803s | ~Time Left: 3301.024s |  Train Loss: 0.5843 | Train Acc. 79.0476% | Test Loss: 0.6788 | Test Acc. 75.5000%
Adas on CRC_transformed: T 1/1 | E 28/250 Ended | E Time: 14.838s | ~Time Left: 3294.042s |  Train Loss: 0.5827 | Train Acc. 79.0952% | Test Loss: 0.5289 | Test Acc. 81.0714%
Adas on CRC_transformed: T 1/1 | E 29/250 Ended | E Time: 14.865s | ~Time Left: 3285.078s |  Train Loss: 0.6015 | Train Acc. 78.3810% | Test Loss: 1.6215 | Test Acc. 70.0000%
Adas on CRC_transformed: T 1/1 | E 30/250 Ended | E Time: 14.856s | ~Time Left: 3268.291s |  Train Loss: 0.5853 | Train Acc. 77.5714% | Test Loss: 0.7274 | Test Acc. 75.7143%
Adas on CRC_transformed: T 1/1 | E 31/250 Ended | E Time: 14.963s | ~Time Left: 3276.960s |  Train Loss: 0.5451 | Train Acc. 79.6190% | Test Loss: 0.5928 | Test Acc. 78.7143%
Adas on CRC_transformed: T 1/1 | E 32/250 Ended | E Time: 14.796s | ~Time Left: 3225.568s |  Train Loss: 0.5180 | Train Acc. 81.0000% | Test Loss: 0.4716 | Test Acc. 83.7143%
Adas on CRC_transformed: T 1/1 | E 33/250 Ended | E Time: 14.939s | ~Time Left: 3241.732s |  Train Loss: 0.5222 | Train Acc. 80.9048% | Test Loss: 1.4169 | Test Acc. 73.4286%
Adas on CRC_transformed: T 1/1 | E 34/250 Ended | E Time: 14.727s | ~Time Left: 3181.057s |  Train Loss: 0.5134 | Train Acc. 81.1905% | Test Loss: 0.6231 | Test Acc. 82.0714%
Adas on CRC_transformed: T 1/1 | E 35/250 Ended | E Time: 14.935s | ~Time Left: 3210.969s |  Train Loss: 0.5140 | Train Acc. 82.0952% | Test Loss: 0.5077 | Test Acc. 81.6429%
Adas on CRC_transformed: T 1/1 | E 36/250 Ended | E Time: 14.798s | ~Time Left: 3166.809s |  Train Loss: 0.4847 | Train Acc. 82.5714% | Test Loss: 1.3516 | Test Acc. 64.0000%
Adas on CRC_transformed: T 1/1 | E 37/250 Ended | E Time: 14.763s | ~Time Left: 3144.463s |  Train Loss: 0.4683 | Train Acc. 83.0952% | Test Loss: 0.3680 | Test Acc. 87.3571%
Adas on CRC_transformed: T 1/1 | E 38/250 Ended | E Time: 15.127s | ~Time Left: 3206.948s |  Train Loss: 0.4487 | Train Acc. 82.7143% | Test Loss: 0.4487 | Test Acc. 82.6429%
Adas on CRC_transformed: T 1/1 | E 39/250 Ended | E Time: 14.705s | ~Time Left: 3102.804s |  Train Loss: 0.4278 | Train Acc. 84.8095% | Test Loss: 0.3473 | Test Acc. 87.7857%
Adas on CRC_transformed: T 1/1 | E 40/250 Ended | E Time: 14.772s | ~Time Left: 3102.134s |  Train Loss: 0.4752 | Train Acc. 82.9524% | Test Loss: 0.3872 | Test Acc. 86.7143%
Adas on CRC_transformed: T 1/1 | E 41/250 Ended | E Time: 14.830s | ~Time Left: 3099.374s |  Train Loss: 0.4116 | Train Acc. 85.0476% | Test Loss: 0.7589 | Test Acc. 74.4286%
Adas on CRC_transformed: T 1/1 | E 42/250 Ended | E Time: 14.790s | ~Time Left: 3076.381s |  Train Loss: 0.4501 | Train Acc. 84.6667% | Test Loss: 0.4240 | Test Acc. 84.9286%
Adas on CRC_transformed: T 1/1 | E 43/250 Ended | E Time: 14.786s | ~Time Left: 3060.663s |  Train Loss: 0.3963 | Train Acc. 85.0476% | Test Loss: 0.4628 | Test Acc. 84.4286%
Adas on CRC_transformed: T 1/1 | E 44/250 Ended | E Time: 14.882s | ~Time Left: 3065.744s |  Train Loss: 0.4068 | Train Acc. 85.2381% | Test Loss: 0.3117 | Test Acc. 89.6429%
Adas on CRC_transformed: T 1/1 | E 45/250 Ended | E Time: 15.222s | ~Time Left: 3120.437s |  Train Loss: 0.3952 | Train Acc. 85.2381% | Test Loss: 0.3388 | Test Acc. 88.7857%
Adas on CRC_transformed: T 1/1 | E 46/250 Ended | E Time: 14.765s | ~Time Left: 3012.037s |  Train Loss: 0.3542 | Train Acc. 86.5714% | Test Loss: 1.1342 | Test Acc. 74.2143%
Adas on CRC_transformed: T 1/1 | E 47/250 Ended | E Time: 15.022s | ~Time Left: 3049.380s |  Train Loss: 0.4138 | Train Acc. 84.7619% | Test Loss: 0.3748 | Test Acc. 87.2143%
Adas on CRC_transformed: T 1/1 | E 48/250 Ended | E Time: 14.752s | ~Time Left: 2979.838s |  Train Loss: 0.3468 | Train Acc. 88.7143% | Test Loss: 0.5099 | Test Acc. 83.2857%
Adas on CRC_transformed: T 1/1 | E 49/250 Ended | E Time: 14.777s | ~Time Left: 2970.161s |  Train Loss: 0.3371 | Train Acc. 87.9048% | Test Loss: 0.3662 | Test Acc. 86.2143%
Adas on CRC_transformed: T 1/1 | E 50/250 Ended | E Time: 14.879s | ~Time Left: 2975.726s |  Train Loss: 0.3455 | Train Acc. 87.8571% | Test Loss: 0.3531 | Test Acc. 87.2857%
Adas on CRC_transformed: T 1/1 | E 51/250 Ended | E Time: 14.785s | ~Time Left: 2942.141s |  Train Loss: 0.2992 | Train Acc. 89.3810% | Test Loss: 0.3545 | Test Acc. 87.5000%
Adas on CRC_transformed: T 1/1 | E 52/250 Ended | E Time: 14.701s | ~Time Left: 2910.821s |  Train Loss: 0.3226 | Train Acc. 88.7619% | Test Loss: 0.3437 | Test Acc. 88.3571%
Adas on CRC_transformed: T 1/1 | E 53/250 Ended | E Time: 14.821s | ~Time Left: 2919.737s |  Train Loss: 0.3156 | Train Acc. 88.4762% | Test Loss: 0.4384 | Test Acc. 84.3571%
Adas on CRC_transformed: T 1/1 | E 54/250 Ended | E Time: 14.887s | ~Time Left: 2917.902s |  Train Loss: 0.3148 | Train Acc. 88.8095% | Test Loss: 0.3479 | Test Acc. 88.0000%
Adas on CRC_transformed: T 1/1 | E 55/250 Ended | E Time: 14.776s | ~Time Left: 2881.396s |  Train Loss: 0.3045 | Train Acc. 89.3810% | Test Loss: 0.3212 | Test Acc. 88.5000%
Adas on CRC_transformed: T 1/1 | E 56/250 Ended | E Time: 14.758s | ~Time Left: 2863.027s |  Train Loss: 0.2930 | Train Acc. 89.0476% | Test Loss: 0.2664 | Test Acc. 90.0000%
Adas on CRC_transformed: T 1/1 | E 57/250 Ended | E Time: 14.989s | ~Time Left: 2892.891s |  Train Loss: 0.3070 | Train Acc. 89.1429% | Test Loss: 0.3300 | Test Acc. 88.4286%
Adas on CRC_transformed: T 1/1 | E 58/250 Ended | E Time: 14.786s | ~Time Left: 2838.895s |  Train Loss: 0.2942 | Train Acc. 89.6190% | Test Loss: 0.3039 | Test Acc. 89.5000%
Adas on CRC_transformed: T 1/1 | E 59/250 Ended | E Time: 14.884s | ~Time Left: 2842.777s |  Train Loss: 0.3171 | Train Acc. 88.8571% | Test Loss: 0.2839 | Test Acc. 89.2857%
Adas on CRC_transformed: T 1/1 | E 60/250 Ended | E Time: 14.856s | ~Time Left: 2822.624s |  Train Loss: 0.2636 | Train Acc. 90.4762% | Test Loss: 0.3257 | Test Acc. 87.1429%
Adas on CRC_transformed: T 1/1 | E 61/250 Ended | E Time: 14.933s | ~Time Left: 2822.322s |  Train Loss: 0.2611 | Train Acc. 90.6190% | Test Loss: 0.3766 | Test Acc. 86.3571%
Adas on CRC_transformed: T 1/1 | E 62/250 Ended | E Time: 15.230s | ~Time Left: 2863.329s |  Train Loss: 0.3059 | Train Acc. 88.8571% | Test Loss: 0.3044 | Test Acc. 88.3571%
Adas on CRC_transformed: T 1/1 | E 63/250 Ended | E Time: 14.781s | ~Time Left: 2763.987s |  Train Loss: 0.2663 | Train Acc. 90.0476% | Test Loss: 0.2656 | Test Acc. 91.0714%
Adas on CRC_transformed: T 1/1 | E 64/250 Ended | E Time: 14.866s | ~Time Left: 2764.992s |  Train Loss: 0.2569 | Train Acc. 90.9524% | Test Loss: 0.2421 | Test Acc. 91.2143%
Adas on CRC_transformed: T 1/1 | E 65/250 Ended | E Time: 14.863s | ~Time Left: 2749.638s |  Train Loss: 0.2612 | Train Acc. 91.0476% | Test Loss: 0.2845 | Test Acc. 90.7857%
Adas on CRC_transformed: T 1/1 | E 66/250 Ended | E Time: 14.818s | ~Time Left: 2726.456s |  Train Loss: 0.2482 | Train Acc. 91.0952% | Test Loss: 0.2457 | Test Acc. 91.2143%
Adas on CRC_transformed: T 1/1 | E 67/250 Ended | E Time: 14.799s | ~Time Left: 2708.136s |  Train Loss: 0.2489 | Train Acc. 90.2857% | Test Loss: 0.2686 | Test Acc. 89.3571%
Adas on CRC_transformed: T 1/1 | E 68/250 Ended | E Time: 14.803s | ~Time Left: 2694.201s |  Train Loss: 0.2486 | Train Acc. 91.0476% | Test Loss: 0.2843 | Test Acc. 90.6429%
Adas on CRC_transformed: T 1/1 | E 69/250 Ended | E Time: 14.862s | ~Time Left: 2690.106s |  Train Loss: 0.2343 | Train Acc. 91.3333% | Test Loss: 0.3375 | Test Acc. 88.3571%
Adas on CRC_transformed: T 1/1 | E 70/250 Ended | E Time: 14.747s | ~Time Left: 2654.507s |  Train Loss: 0.2594 | Train Acc. 90.7143% | Test Loss: 0.2918 | Test Acc. 89.7143%
Adas on CRC_transformed: T 1/1 | E 71/250 Ended | E Time: 14.754s | ~Time Left: 2641.028s |  Train Loss: 0.2405 | Train Acc. 91.1905% | Test Loss: 0.2131 | Test Acc. 92.1429%
Adas on CRC_transformed: T 1/1 | E 72/250 Ended | E Time: 15.307s | ~Time Left: 2724.589s |  Train Loss: 0.2157 | Train Acc. 92.0476% | Test Loss: 0.1992 | Test Acc. 92.8571%
Adas on CRC_transformed: T 1/1 | E 73/250 Ended | E Time: 15.024s | ~Time Left: 2659.269s |  Train Loss: 0.2060 | Train Acc. 92.7143% | Test Loss: 0.2778 | Test Acc. 90.0714%
Adas on CRC_transformed: T 1/1 | E 74/250 Ended | E Time: 14.795s | ~Time Left: 2603.932s |  Train Loss: 0.2613 | Train Acc. 90.0952% | Test Loss: 0.2354 | Test Acc. 91.6429%
Adas on CRC_transformed: T 1/1 | E 75/250 Ended | E Time: 15.194s | ~Time Left: 2658.880s |  Train Loss: 0.2325 | Train Acc. 92.1905% | Test Loss: 0.2566 | Test Acc. 91.8571%
Adas on CRC_transformed: T 1/1 | E 76/250 Ended | E Time: 15.027s | ~Time Left: 2614.715s |  Train Loss: 0.2128 | Train Acc. 91.9048% | Test Loss: 0.2115 | Test Acc. 92.6429%
Adas on CRC_transformed: T 1/1 | E 77/250 Ended | E Time: 14.927s | ~Time Left: 2582.289s |  Train Loss: 0.2292 | Train Acc. 91.8095% | Test Loss: 0.2274 | Test Acc. 91.9286%
Adas on CRC_transformed: T 1/1 | E 78/250 Ended | E Time: 14.874s | ~Time Left: 2558.295s |  Train Loss: 0.2157 | Train Acc. 92.5238% | Test Loss: 0.2245 | Test Acc. 91.5000%
Adas on CRC_transformed: T 1/1 | E 79/250 Ended | E Time: 14.943s | ~Time Left: 2555.312s |  Train Loss: 0.2341 | Train Acc. 92.3810% | Test Loss: 0.2392 | Test Acc. 91.2857%
Adas on CRC_transformed: T 1/1 | E 80/250 Ended | E Time: 15.404s | ~Time Left: 2618.609s |  Train Loss: 0.1930 | Train Acc. 93.0952% | Test Loss: 0.2434 | Test Acc. 91.5000%
Adas on CRC_transformed: T 1/1 | E 81/250 Ended | E Time: 14.851s | ~Time Left: 2509.774s |  Train Loss: 0.2166 | Train Acc. 91.6667% | Test Loss: 0.2428 | Test Acc. 91.7857%
Adas on CRC_transformed: T 1/1 | E 82/250 Ended | E Time: 14.923s | ~Time Left: 2507.091s |  Train Loss: 0.2042 | Train Acc. 92.4762% | Test Loss: 0.2266 | Test Acc. 92.4286%
Adas on CRC_transformed: T 1/1 | E 83/250 Ended | E Time: 15.011s | ~Time Left: 2506.798s |  Train Loss: 0.1992 | Train Acc. 93.0476% | Test Loss: 0.2013 | Test Acc. 93.5714%
Adas on CRC_transformed: T 1/1 | E 84/250 Ended | E Time: 14.759s | ~Time Left: 2450.051s |  Train Loss: 0.1822 | Train Acc. 93.0952% | Test Loss: 0.2070 | Test Acc. 92.9286%
Adas on CRC_transformed: T 1/1 | E 85/250 Ended | E Time: 14.806s | ~Time Left: 2442.934s |  Train Loss: 0.1915 | Train Acc. 93.1429% | Test Loss: 0.2276 | Test Acc. 92.1429%
Adas on CRC_transformed: T 1/1 | E 86/250 Ended | E Time: 14.953s | ~Time Left: 2452.221s |  Train Loss: 0.1831 | Train Acc. 93.5238% | Test Loss: 0.2127 | Test Acc. 91.9286%
Adas on CRC_transformed: T 1/1 | E 87/250 Ended | E Time: 14.797s | ~Time Left: 2411.849s |  Train Loss: 0.1661 | Train Acc. 94.3810% | Test Loss: 0.2212 | Test Acc. 91.7143%
Adas on CRC_transformed: T 1/1 | E 88/250 Ended | E Time: 15.493s | ~Time Left: 2509.825s |  Train Loss: 0.1933 | Train Acc. 93.0952% | Test Loss: 0.1942 | Test Acc. 93.2143%
Adas on CRC_transformed: T 1/1 | E 89/250 Ended | E Time: 14.867s | ~Time Left: 2393.637s |  Train Loss: 0.1952 | Train Acc. 93.5714% | Test Loss: 0.2227 | Test Acc. 92.1429%
Adas on CRC_transformed: T 1/1 | E 90/250 Ended | E Time: 14.767s | ~Time Left: 2362.698s |  Train Loss: 0.1909 | Train Acc. 92.9048% | Test Loss: 0.2171 | Test Acc. 92.4286%
Adas on CRC_transformed: T 1/1 | E 91/250 Ended | E Time: 15.452s | ~Time Left: 2456.837s |  Train Loss: 0.1918 | Train Acc. 92.8095% | Test Loss: 0.1992 | Test Acc. 93.2143%
Adas on CRC_transformed: T 1/1 | E 92/250 Ended | E Time: 14.797s | ~Time Left: 2337.914s |  Train Loss: 0.1683 | Train Acc. 94.1905% | Test Loss: 0.1726 | Test Acc. 93.5000%
Adas on CRC_transformed: T 1/1 | E 93/250 Ended | E Time: 14.723s | ~Time Left: 2311.579s |  Train Loss: 0.1854 | Train Acc. 93.5714% | Test Loss: 0.2010 | Test Acc. 92.7143%
Adas on CRC_transformed: T 1/1 | E 94/250 Ended | E Time: 14.995s | ~Time Left: 2339.216s |  Train Loss: 0.2009 | Train Acc. 92.8095% | Test Loss: 0.2368 | Test Acc. 91.6429%
Adas on CRC_transformed: T 1/1 | E 95/250 Ended | E Time: 14.865s | ~Time Left: 2304.077s |  Train Loss: 0.1561 | Train Acc. 94.8571% | Test Loss: 0.2270 | Test Acc. 92.7857%
Adas on CRC_transformed: T 1/1 | E 96/250 Ended | E Time: 14.728s | ~Time Left: 2268.165s |  Train Loss: 0.1838 | Train Acc. 93.5714% | Test Loss: 0.2457 | Test Acc. 91.1429%
Adas on CRC_transformed: T 1/1 | E 97/250 Ended | E Time: 14.784s | ~Time Left: 2261.880s |  Train Loss: 0.1545 | Train Acc. 94.4762% | Test Loss: 0.1553 | Test Acc. 93.8571%
Adas on CRC_transformed: T 1/1 | E 98/250 Ended | E Time: 14.763s | ~Time Left: 2243.947s |  Train Loss: 0.1680 | Train Acc. 94.3810% | Test Loss: 0.1984 | Test Acc. 93.2857%
Adas on CRC_transformed: T 1/1 | E 99/250 Ended | E Time: 14.821s | ~Time Left: 2237.909s |  Train Loss: 0.1603 | Train Acc. 94.2381% | Test Loss: 0.1802 | Test Acc. 93.6429%
Adas on CRC_transformed: T 1/1 | E 100/250 Ended | E Time: 15.025s | ~Time Left: 2253.746s |  Train Loss: 0.1550 | Train Acc. 94.5714% | Test Loss: 0.1828 | Test Acc. 94.0714%
Adas on CRC_transformed: T 1/1 | E 101/250 Ended | E Time: 14.860s | ~Time Left: 2214.147s |  Train Loss: 0.1509 | Train Acc. 94.6190% | Test Loss: 0.2011 | Test Acc. 92.5000%
Adas on CRC_transformed: T 1/1 | E 102/250 Ended | E Time: 14.991s | ~Time Left: 2218.695s |  Train Loss: 0.1650 | Train Acc. 94.3810% | Test Loss: 0.1512 | Test Acc. 94.5000%
Adas on CRC_transformed: T 1/1 | E 103/250 Ended | E Time: 14.833s | ~Time Left: 2180.457s |  Train Loss: 0.1412 | Train Acc. 95.2381% | Test Loss: 0.1863 | Test Acc. 93.4286%
Adas on CRC_transformed: T 1/1 | E 104/250 Ended | E Time: 14.863s | ~Time Left: 2170.072s |  Train Loss: 0.1445 | Train Acc. 95.0000% | Test Loss: 0.1879 | Test Acc. 93.2143%
Adas on CRC_transformed: T 1/1 | E 105/250 Ended | E Time: 14.724s | ~Time Left: 2135.031s |  Train Loss: 0.1447 | Train Acc. 95.0952% | Test Loss: 0.1956 | Test Acc. 92.7857%
Adas on CRC_transformed: T 1/1 | E 106/250 Ended | E Time: 14.852s | ~Time Left: 2138.622s |  Train Loss: 0.1331 | Train Acc. 95.3810% | Test Loss: 0.2175 | Test Acc. 92.7857%
Adas on CRC_transformed: T 1/1 | E 107/250 Ended | E Time: 14.790s | ~Time Left: 2114.904s |  Train Loss: 0.1525 | Train Acc. 94.6190% | Test Loss: 0.2037 | Test Acc. 92.7857%
Adas on CRC_transformed: T 1/1 | E 108/250 Ended | E Time: 14.989s | ~Time Left: 2128.449s |  Train Loss: 0.1498 | Train Acc. 94.5714% | Test Loss: 0.2029 | Test Acc. 93.7857%
Adas on CRC_transformed: T 1/1 | E 109/250 Ended | E Time: 14.744s | ~Time Left: 2078.901s |  Train Loss: 0.1461 | Train Acc. 94.6190% | Test Loss: 0.1638 | Test Acc. 94.5000%
Adas on CRC_transformed: T 1/1 | E 110/250 Ended | E Time: 14.928s | ~Time Left: 2089.981s |  Train Loss: 0.1385 | Train Acc. 95.0952% | Test Loss: 0.1796 | Test Acc. 93.6429%
Adas on CRC_transformed: T 1/1 | E 111/250 Ended | E Time: 14.904s | ~Time Left: 2071.708s |  Train Loss: 0.1390 | Train Acc. 94.9524% | Test Loss: 0.1803 | Test Acc. 94.1429%
Adas on CRC_transformed: T 1/1 | E 112/250 Ended | E Time: 14.779s | ~Time Left: 2039.449s |  Train Loss: 0.1385 | Train Acc. 95.1905% | Test Loss: 0.1642 | Test Acc. 94.1429%
Adas on CRC_transformed: T 1/1 | E 113/250 Ended | E Time: 14.971s | ~Time Left: 2050.960s |  Train Loss: 0.1360 | Train Acc. 94.8571% | Test Loss: 0.1701 | Test Acc. 93.9286%
Adas on CRC_transformed: T 1/1 | E 114/250 Ended | E Time: 15.014s | ~Time Left: 2041.838s |  Train Loss: 0.1357 | Train Acc. 95.4762% | Test Loss: 0.1630 | Test Acc. 94.0000%
Adas on CRC_transformed: T 1/1 | E 115/250 Ended | E Time: 14.779s | ~Time Left: 1995.202s |  Train Loss: 0.1469 | Train Acc. 94.8095% | Test Loss: 0.1875 | Test Acc. 93.8571%
Adas on CRC_transformed: T 1/1 | E 116/250 Ended | E Time: 14.781s | ~Time Left: 1980.701s |  Train Loss: 0.1353 | Train Acc. 95.3810% | Test Loss: 0.1697 | Test Acc. 94.0714%
Adas on CRC_transformed: T 1/1 | E 117/250 Ended | E Time: 14.898s | ~Time Left: 1981.424s |  Train Loss: 0.1290 | Train Acc. 95.3333% | Test Loss: 0.1802 | Test Acc. 94.0000%
Adas on CRC_transformed: T 1/1 | E 118/250 Ended | E Time: 14.757s | ~Time Left: 1947.955s |  Train Loss: 0.1247 | Train Acc. 95.8571% | Test Loss: 0.1494 | Test Acc. 94.7857%
Adas on CRC_transformed: T 1/1 | E 119/250 Ended | E Time: 14.947s | ~Time Left: 1958.006s |  Train Loss: 0.1127 | Train Acc. 96.2381% | Test Loss: 0.1709 | Test Acc. 94.7857%
Adas on CRC_transformed: T 1/1 | E 120/250 Ended | E Time: 14.885s | ~Time Left: 1935.041s |  Train Loss: 0.1285 | Train Acc. 95.1905% | Test Loss: 0.1650 | Test Acc. 94.4286%
Adas on CRC_transformed: T 1/1 | E 121/250 Ended | E Time: 14.815s | ~Time Left: 1911.080s |  Train Loss: 0.1250 | Train Acc. 95.1905% | Test Loss: 0.2159 | Test Acc. 92.5714%
Adas on CRC_transformed: T 1/1 | E 122/250 Ended | E Time: 14.878s | ~Time Left: 1904.356s |  Train Loss: 0.1040 | Train Acc. 95.8571% | Test Loss: 0.1784 | Test Acc. 94.0000%
Adas on CRC_transformed: T 1/1 | E 123/250 Ended | E Time: 14.866s | ~Time Left: 1888.011s |  Train Loss: 0.1117 | Train Acc. 96.0000% | Test Loss: 0.1619 | Test Acc. 94.2143%
Adas on CRC_transformed: T 1/1 | E 124/250 Ended | E Time: 14.827s | ~Time Left: 1868.198s |  Train Loss: 0.1358 | Train Acc. 95.4286% | Test Loss: 0.1779 | Test Acc. 93.1429%
Adas on CRC_transformed: T 1/1 | E 125/250 Ended | E Time: 14.906s | ~Time Left: 1863.256s |  Train Loss: 0.1219 | Train Acc. 96.0000% | Test Loss: 0.1792 | Test Acc. 93.7143%
Adas on CRC_transformed: T 1/1 | E 126/250 Ended | E Time: 14.951s | ~Time Left: 1853.894s |  Train Loss: 0.0979 | Train Acc. 96.7143% | Test Loss: 0.1604 | Test Acc. 94.2857%
Adas on CRC_transformed: T 1/1 | E 127/250 Ended | E Time: 14.839s | ~Time Left: 1825.163s |  Train Loss: 0.1008 | Train Acc. 97.0476% | Test Loss: 0.1607 | Test Acc. 94.5000%
Adas on CRC_transformed: T 1/1 | E 128/250 Ended | E Time: 14.832s | ~Time Left: 1809.542s |  Train Loss: 0.0980 | Train Acc. 96.7619% | Test Loss: 0.1491 | Test Acc. 94.3571%
Adas on CRC_transformed: T 1/1 | E 129/250 Ended | E Time: 15.013s | ~Time Left: 1816.560s |  Train Loss: 0.1066 | Train Acc. 96.0000% | Test Loss: 0.1536 | Test Acc. 94.6429%
Adas on CRC_transformed: T 1/1 | E 130/250 Ended | E Time: 14.797s | ~Time Left: 1775.586s |  Train Loss: 0.1109 | Train Acc. 96.0952% | Test Loss: 0.1860 | Test Acc. 94.0000%
Adas on CRC_transformed: T 1/1 | E 131/250 Ended | E Time: 14.955s | ~Time Left: 1779.623s |  Train Loss: 0.1146 | Train Acc. 96.4762% | Test Loss: 0.1565 | Test Acc. 94.0714%
Adas on CRC_transformed: T 1/1 | E 132/250 Ended | E Time: 14.902s | ~Time Left: 1758.438s |  Train Loss: 0.1002 | Train Acc. 96.2857% | Test Loss: 0.1459 | Test Acc. 95.2143%
Adas on CRC_transformed: T 1/1 | E 133/250 Ended | E Time: 14.854s | ~Time Left: 1737.960s |  Train Loss: 0.0883 | Train Acc. 96.7619% | Test Loss: 0.1599 | Test Acc. 94.9286%
Adas on CRC_transformed: T 1/1 | E 134/250 Ended | E Time: 14.955s | ~Time Left: 1734.787s |  Train Loss: 0.0877 | Train Acc. 97.0476% | Test Loss: 0.1904 | Test Acc. 93.2143%
Adas on CRC_transformed: T 1/1 | E 135/250 Ended | E Time: 14.962s | ~Time Left: 1720.680s |  Train Loss: 0.1129 | Train Acc. 96.4286% | Test Loss: 0.1430 | Test Acc. 94.7857%
Adas on CRC_transformed: T 1/1 | E 136/250 Ended | E Time: 14.734s | ~Time Left: 1679.701s |  Train Loss: 0.1025 | Train Acc. 96.1905% | Test Loss: 0.1625 | Test Acc. 94.5714%
Adas on CRC_transformed: T 1/1 | E 137/250 Ended | E Time: 14.821s | ~Time Left: 1674.808s |  Train Loss: 0.0928 | Train Acc. 96.7619% | Test Loss: 0.1511 | Test Acc. 95.0714%
Adas on CRC_transformed: T 1/1 | E 138/250 Ended | E Time: 14.875s | ~Time Left: 1666.015s |  Train Loss: 0.0873 | Train Acc. 97.0476% | Test Loss: 0.1456 | Test Acc. 95.2857%
Adas on CRC_transformed: T 1/1 | E 139/250 Ended | E Time: 14.878s | ~Time Left: 1651.477s |  Train Loss: 0.1011 | Train Acc. 97.0476% | Test Loss: 0.1487 | Test Acc. 94.8571%
Adas on CRC_transformed: T 1/1 | E 140/250 Ended | E Time: 14.811s | ~Time Left: 1629.181s |  Train Loss: 0.0982 | Train Acc. 96.7143% | Test Loss: 0.1503 | Test Acc. 95.2143%
Adas on CRC_transformed: T 1/1 | E 141/250 Ended | E Time: 15.017s | ~Time Left: 1636.811s |  Train Loss: 0.0887 | Train Acc. 96.6667% | Test Loss: 0.1476 | Test Acc. 95.0000%
Adas on CRC_transformed: T 1/1 | E 142/250 Ended | E Time: 14.644s | ~Time Left: 1581.542s |  Train Loss: 0.0876 | Train Acc. 96.6190% | Test Loss: 0.1477 | Test Acc. 94.9286%
Adas on CRC_transformed: T 1/1 | E 143/250 Ended | E Time: 14.990s | ~Time Left: 1603.938s |  Train Loss: 0.0914 | Train Acc. 96.7619% | Test Loss: 0.1516 | Test Acc. 94.9286%
Adas on CRC_transformed: T 1/1 | E 144/250 Ended | E Time: 14.986s | ~Time Left: 1588.521s |  Train Loss: 0.0788 | Train Acc. 97.0000% | Test Loss: 0.1449 | Test Acc. 95.5714%
Adas on CRC_transformed: T 1/1 | E 145/250 Ended | E Time: 14.816s | ~Time Left: 1555.636s |  Train Loss: 0.0810 | Train Acc. 96.9048% | Test Loss: 0.1745 | Test Acc. 94.2857%
Adas on CRC_transformed: T 1/1 | E 146/250 Ended | E Time: 14.816s | ~Time Left: 1540.901s |  Train Loss: 0.0823 | Train Acc. 97.0476% | Test Loss: 0.1638 | Test Acc. 94.0714%
Adas on CRC_transformed: T 1/1 | E 147/250 Ended | E Time: 14.857s | ~Time Left: 1530.315s |  Train Loss: 0.0882 | Train Acc. 96.4286% | Test Loss: 0.1522 | Test Acc. 94.4286%
Adas on CRC_transformed: T 1/1 | E 148/250 Ended | E Time: 14.722s | ~Time Left: 1501.602s |  Train Loss: 0.0718 | Train Acc. 97.2857% | Test Loss: 0.1721 | Test Acc. 94.2857%
Adas on CRC_transformed: T 1/1 | E 149/250 Ended | E Time: 15.287s | ~Time Left: 1544.003s |  Train Loss: 0.0791 | Train Acc. 97.3333% | Test Loss: 0.1553 | Test Acc. 94.2143%
Adas on CRC_transformed: T 1/1 | E 150/250 Ended | E Time: 14.757s | ~Time Left: 1475.734s |  Train Loss: 0.0947 | Train Acc. 96.2857% | Test Loss: 0.1446 | Test Acc. 95.0000%
Adas on CRC_transformed: T 1/1 | E 151/250 Ended | E Time: 15.020s | ~Time Left: 1486.947s |  Train Loss: 0.0742 | Train Acc. 97.1905% | Test Loss: 0.1887 | Test Acc. 94.0000%
Adas on CRC_transformed: T 1/1 | E 152/250 Ended | E Time: 14.675s | ~Time Left: 1438.171s |  Train Loss: 0.0770 | Train Acc. 96.7619% | Test Loss: 0.1570 | Test Acc. 95.5000%
Adas on CRC_transformed: T 1/1 | E 153/250 Ended | E Time: 14.795s | ~Time Left: 1435.114s |  Train Loss: 0.0671 | Train Acc. 97.3810% | Test Loss: 0.1526 | Test Acc. 95.7143%
Adas on CRC_transformed: T 1/1 | E 154/250 Ended | E Time: 14.892s | ~Time Left: 1429.628s |  Train Loss: 0.0820 | Train Acc. 97.2857% | Test Loss: 0.1342 | Test Acc. 95.3571%
Adas on CRC_transformed: T 1/1 | E 155/250 Ended | E Time: 14.807s | ~Time Left: 1406.693s |  Train Loss: 0.0626 | Train Acc. 97.9048% | Test Loss: 0.1555 | Test Acc. 95.0714%
Adas on CRC_transformed: T 1/1 | E 156/250 Ended | E Time: 14.947s | ~Time Left: 1404.977s |  Train Loss: 0.0665 | Train Acc. 97.7143% | Test Loss: 0.1492 | Test Acc. 94.8571%
Adas on CRC_transformed: T 1/1 | E 157/250 Ended | E Time: 14.806s | ~Time Left: 1376.946s |  Train Loss: 0.0658 | Train Acc. 97.6190% | Test Loss: 0.1448 | Test Acc. 95.4286%
Adas on CRC_transformed: T 1/1 | E 158/250 Ended | E Time: 14.724s | ~Time Left: 1354.619s |  Train Loss: 0.0684 | Train Acc. 97.3810% | Test Loss: 0.1630 | Test Acc. 94.8571%
Adas on CRC_transformed: T 1/1 | E 159/250 Ended | E Time: 14.954s | ~Time Left: 1360.809s |  Train Loss: 0.0614 | Train Acc. 97.6667% | Test Loss: 0.1555 | Test Acc. 94.5000%
Adas on CRC_transformed: T 1/1 | E 160/250 Ended | E Time: 15.218s | ~Time Left: 1369.644s |  Train Loss: 0.0641 | Train Acc. 97.3333% | Test Loss: 0.1403 | Test Acc. 95.5714%
Adas on CRC_transformed: T 1/1 | E 161/250 Ended | E Time: 14.813s | ~Time Left: 1318.375s |  Train Loss: 0.0745 | Train Acc. 97.3810% | Test Loss: 0.1887 | Test Acc. 93.5714%
Adas on CRC_transformed: T 1/1 | E 162/250 Ended | E Time: 14.834s | ~Time Left: 1305.401s |  Train Loss: 0.0711 | Train Acc. 97.6190% | Test Loss: 0.1708 | Test Acc. 94.6429%
Adas on CRC_transformed: T 1/1 | E 163/250 Ended | E Time: 14.757s | ~Time Left: 1283.892s |  Train Loss: 0.0744 | Train Acc. 97.3333% | Test Loss: 0.1583 | Test Acc. 94.9286%
Adas on CRC_transformed: T 1/1 | E 164/250 Ended | E Time: 14.783s | ~Time Left: 1271.305s |  Train Loss: 0.0635 | Train Acc. 97.8571% | Test Loss: 0.1376 | Test Acc. 95.6429%
Adas on CRC_transformed: T 1/1 | E 165/250 Ended | E Time: 14.656s | ~Time Left: 1245.732s |  Train Loss: 0.0535 | Train Acc. 98.0952% | Test Loss: 0.1318 | Test Acc. 95.2857%
Adas on CRC_transformed: T 1/1 | E 166/250 Ended | E Time: 15.088s | ~Time Left: 1267.356s |  Train Loss: 0.0525 | Train Acc. 98.2381% | Test Loss: 0.1460 | Test Acc. 95.8571%
Adas on CRC_transformed: T 1/1 | E 167/250 Ended | E Time: 14.802s | ~Time Left: 1228.545s |  Train Loss: 0.0772 | Train Acc. 97.2857% | Test Loss: 0.1786 | Test Acc. 94.1429%
Adas on CRC_transformed: T 1/1 | E 168/250 Ended | E Time: 14.766s | ~Time Left: 1210.821s |  Train Loss: 0.0536 | Train Acc. 98.3333% | Test Loss: 0.1656 | Test Acc. 95.0000%
Adas on CRC_transformed: T 1/1 | E 169/250 Ended | E Time: 14.752s | ~Time Left: 1194.948s |  Train Loss: 0.0735 | Train Acc. 97.4762% | Test Loss: 0.1550 | Test Acc. 94.7857%
Adas on CRC_transformed: T 1/1 | E 170/250 Ended | E Time: 14.853s | ~Time Left: 1188.280s |  Train Loss: 0.0651 | Train Acc. 97.7143% | Test Loss: 0.1272 | Test Acc. 95.2857%
Adas on CRC_transformed: T 1/1 | E 171/250 Ended | E Time: 14.671s | ~Time Left: 1158.996s |  Train Loss: 0.0662 | Train Acc. 97.7619% | Test Loss: 0.1506 | Test Acc. 95.5714%
Adas on CRC_transformed: T 1/1 | E 172/250 Ended | E Time: 14.923s | ~Time Left: 1163.978s |  Train Loss: 0.0693 | Train Acc. 97.5714% | Test Loss: 0.1732 | Test Acc. 94.2857%
Adas on CRC_transformed: T 1/1 | E 173/250 Ended | E Time: 14.719s | ~Time Left: 1133.371s |  Train Loss: 0.0584 | Train Acc. 98.3810% | Test Loss: 0.1552 | Test Acc. 95.2143%
Adas on CRC_transformed: T 1/1 | E 174/250 Ended | E Time: 14.819s | ~Time Left: 1126.229s |  Train Loss: 0.0609 | Train Acc. 97.4762% | Test Loss: 0.1342 | Test Acc. 95.9286%
Adas on CRC_transformed: T 1/1 | E 175/250 Ended | E Time: 14.797s | ~Time Left: 1109.811s |  Train Loss: 0.0717 | Train Acc. 96.9048% | Test Loss: 0.1444 | Test Acc. 95.4286%
Adas on CRC_transformed: T 1/1 | E 176/250 Ended | E Time: 14.788s | ~Time Left: 1094.287s |  Train Loss: 0.0577 | Train Acc. 97.8095% | Test Loss: 0.1530 | Test Acc. 95.1429%
Adas on CRC_transformed: T 1/1 | E 177/250 Ended | E Time: 14.874s | ~Time Left: 1085.801s |  Train Loss: 0.0611 | Train Acc. 98.0952% | Test Loss: 0.1665 | Test Acc. 95.0000%
Adas on CRC_transformed: T 1/1 | E 178/250 Ended | E Time: 14.802s | ~Time Left: 1065.726s |  Train Loss: 0.0552 | Train Acc. 98.0000% | Test Loss: 0.1572 | Test Acc. 94.8571%
Adas on CRC_transformed: T 1/1 | E 179/250 Ended | E Time: 14.782s | ~Time Left: 1049.527s |  Train Loss: 0.0600 | Train Acc. 97.7619% | Test Loss: 0.1460 | Test Acc. 95.1429%
Adas on CRC_transformed: T 1/1 | E 180/250 Ended | E Time: 15.282s | ~Time Left: 1069.720s |  Train Loss: 0.0452 | Train Acc. 98.3333% | Test Loss: 0.1471 | Test Acc. 95.3571%
Adas on CRC_transformed: T 1/1 | E 181/250 Ended | E Time: 14.921s | ~Time Left: 1029.518s |  Train Loss: 0.0688 | Train Acc. 97.4762% | Test Loss: 0.1427 | Test Acc. 95.7857%
Adas on CRC_transformed: T 1/1 | E 182/250 Ended | E Time: 14.937s | ~Time Left: 1015.683s |  Train Loss: 0.0552 | Train Acc. 98.0476% | Test Loss: 0.1328 | Test Acc. 95.1429%
Adas on CRC_transformed: T 1/1 | E 183/250 Ended | E Time: 14.867s | ~Time Left: 996.105s |  Train Loss: 0.0604 | Train Acc. 97.8095% | Test Loss: 0.1584 | Test Acc. 95.2143%
Adas on CRC_transformed: T 1/1 | E 184/250 Ended | E Time: 14.843s | ~Time Left: 979.628s |  Train Loss: 0.0509 | Train Acc. 98.0476% | Test Loss: 0.1394 | Test Acc. 95.9286%
Adas on CRC_transformed: T 1/1 | E 185/250 Ended | E Time: 14.787s | ~Time Left: 961.145s |  Train Loss: 0.0550 | Train Acc. 98.1905% | Test Loss: 0.1496 | Test Acc. 94.9286%
Adas on CRC_transformed: T 1/1 | E 186/250 Ended | E Time: 14.865s | ~Time Left: 951.355s |  Train Loss: 0.0442 | Train Acc. 98.5714% | Test Loss: 0.1454 | Test Acc. 95.0714%
Adas on CRC_transformed: T 1/1 | E 187/250 Ended | E Time: 15.158s | ~Time Left: 954.976s |  Train Loss: 0.0446 | Train Acc. 98.4762% | Test Loss: 0.1598 | Test Acc. 95.0714%
Adas on CRC_transformed: T 1/1 | E 188/250 Ended | E Time: 14.799s | ~Time Left: 917.528s |  Train Loss: 0.0497 | Train Acc. 98.3810% | Test Loss: 0.1410 | Test Acc. 95.2143%
Adas on CRC_transformed: T 1/1 | E 189/250 Ended | E Time: 14.793s | ~Time Left: 902.381s |  Train Loss: 0.0474 | Train Acc. 98.5238% | Test Loss: 0.1434 | Test Acc. 95.5714%
Adas on CRC_transformed: T 1/1 | E 190/250 Ended | E Time: 14.906s | ~Time Left: 894.377s |  Train Loss: 0.0454 | Train Acc. 98.3810% | Test Loss: 0.1543 | Test Acc. 95.0714%
Adas on CRC_transformed: T 1/1 | E 191/250 Ended | E Time: 14.813s | ~Time Left: 873.992s |  Train Loss: 0.0636 | Train Acc. 97.5714% | Test Loss: 0.1468 | Test Acc. 95.1429%
Adas on CRC_transformed: T 1/1 | E 192/250 Ended | E Time: 14.986s | ~Time Left: 869.210s |  Train Loss: 0.0496 | Train Acc. 98.3810% | Test Loss: 0.1616 | Test Acc. 95.2143%
Adas on CRC_transformed: T 1/1 | E 193/250 Ended | E Time: 15.251s | ~Time Left: 869.317s |  Train Loss: 0.0603 | Train Acc. 97.7143% | Test Loss: 0.1566 | Test Acc. 94.7857%
Adas on CRC_transformed: T 1/1 | E 194/250 Ended | E Time: 14.885s | ~Time Left: 833.565s |  Train Loss: 0.0422 | Train Acc. 98.7619% | Test Loss: 0.1608 | Test Acc. 94.8571%
Adas on CRC_transformed: T 1/1 | E 195/250 Ended | E Time: 14.886s | ~Time Left: 818.717s |  Train Loss: 0.0541 | Train Acc. 98.0000% | Test Loss: 0.1560 | Test Acc. 95.2857%
Adas on CRC_transformed: T 1/1 | E 196/250 Ended | E Time: 14.794s | ~Time Left: 798.856s |  Train Loss: 0.0374 | Train Acc. 98.9048% | Test Loss: 0.1565 | Test Acc. 95.5714%
Adas on CRC_transformed: T 1/1 | E 197/250 Ended | E Time: 14.949s | ~Time Left: 792.284s |  Train Loss: 0.0525 | Train Acc. 98.1429% | Test Loss: 0.1398 | Test Acc. 95.2857%
Adas on CRC_transformed: T 1/1 | E 198/250 Ended | E Time: 14.742s | ~Time Left: 766.593s |  Train Loss: 0.0369 | Train Acc. 98.7619% | Test Loss: 0.1433 | Test Acc. 95.7143%
Adas on CRC_transformed: T 1/1 | E 199/250 Ended | E Time: 14.808s | ~Time Left: 755.227s |  Train Loss: 0.0388 | Train Acc. 98.5714% | Test Loss: 0.1525 | Test Acc. 94.8571%
Adas on CRC_transformed: T 1/1 | E 200/250 Ended | E Time: 15.026s | ~Time Left: 751.299s |  Train Loss: 0.0406 | Train Acc. 98.8571% | Test Loss: 0.1388 | Test Acc. 95.2857%
Adas on CRC_transformed: T 1/1 | E 201/250 Ended | E Time: 14.870s | ~Time Left: 728.634s |  Train Loss: 0.0407 | Train Acc. 98.8095% | Test Loss: 0.1500 | Test Acc. 95.1429%
Adas on CRC_transformed: T 1/1 | E 202/250 Ended | E Time: 14.681s | ~Time Left: 704.667s |  Train Loss: 0.0479 | Train Acc. 98.5714% | Test Loss: 0.1611 | Test Acc. 94.8571%
Adas on CRC_transformed: T 1/1 | E 203/250 Ended | E Time: 14.887s | ~Time Left: 699.669s |  Train Loss: 0.0500 | Train Acc. 98.3333% | Test Loss: 0.1427 | Test Acc. 96.2857%
Adas on CRC_transformed: T 1/1 | E 204/250 Ended | E Time: 15.042s | ~Time Left: 691.916s |  Train Loss: 0.0462 | Train Acc. 98.3810% | Test Loss: 0.1395 | Test Acc. 96.0000%
Adas on CRC_transformed: T 1/1 | E 205/250 Ended | E Time: 14.761s | ~Time Left: 664.265s |  Train Loss: 0.0360 | Train Acc. 98.9524% | Test Loss: 0.1360 | Test Acc. 95.7143%
Adas on CRC_transformed: T 1/1 | E 206/250 Ended | E Time: 14.844s | ~Time Left: 653.115s |  Train Loss: 0.0458 | Train Acc. 98.3810% | Test Loss: 0.1423 | Test Acc. 95.5714%
Adas on CRC_transformed: T 1/1 | E 207/250 Ended | E Time: 14.960s | ~Time Left: 643.268s |  Train Loss: 0.0452 | Train Acc. 98.3333% | Test Loss: 0.1541 | Test Acc. 95.4286%
Adas on CRC_transformed: T 1/1 | E 208/250 Ended | E Time: 14.773s | ~Time Left: 620.454s |  Train Loss: 0.0465 | Train Acc. 98.4286% | Test Loss: 0.1503 | Test Acc. 95.6429%
Adas on CRC_transformed: T 1/1 | E 209/250 Ended | E Time: 15.030s | ~Time Left: 616.233s |  Train Loss: 0.0528 | Train Acc. 98.4286% | Test Loss: 0.1369 | Test Acc. 95.9286%
Adas on CRC_transformed: T 1/1 | E 210/250 Ended | E Time: 14.726s | ~Time Left: 589.024s |  Train Loss: 0.0309 | Train Acc. 99.1429% | Test Loss: 0.1498 | Test Acc. 96.0000%
Adas on CRC_transformed: T 1/1 | E 211/250 Ended | E Time: 14.971s | ~Time Left: 583.877s |  Train Loss: 0.0418 | Train Acc. 98.5238% | Test Loss: 0.1515 | Test Acc. 95.7857%
Adas on CRC_transformed: T 1/1 | E 212/250 Ended | E Time: 14.970s | ~Time Left: 568.848s |  Train Loss: 0.0337 | Train Acc. 99.0000% | Test Loss: 0.1405 | Test Acc. 96.3571%
Adas on CRC_transformed: T 1/1 | E 213/250 Ended | E Time: 14.890s | ~Time Left: 550.934s |  Train Loss: 0.0368 | Train Acc. 98.7619% | Test Loss: 0.1448 | Test Acc. 95.5000%
Adas on CRC_transformed: T 1/1 | E 214/250 Ended | E Time: 14.800s | ~Time Left: 532.806s |  Train Loss: 0.0417 | Train Acc. 98.4286% | Test Loss: 0.1502 | Test Acc. 95.6429%
Adas on CRC_transformed: T 1/1 | E 215/250 Ended | E Time: 14.985s | ~Time Left: 524.459s |  Train Loss: 0.0391 | Train Acc. 98.6667% | Test Loss: 0.1346 | Test Acc. 95.9286%
Adas on CRC_transformed: T 1/1 | E 216/250 Ended | E Time: 14.803s | ~Time Left: 503.299s |  Train Loss: 0.0399 | Train Acc. 98.9048% | Test Loss: 0.1394 | Test Acc. 95.0714%
Adas on CRC_transformed: T 1/1 | E 217/250 Ended | E Time: 14.804s | ~Time Left: 488.543s |  Train Loss: 0.0361 | Train Acc. 98.6667% | Test Loss: 0.1506 | Test Acc. 95.2857%
Adas on CRC_transformed: T 1/1 | E 218/250 Ended | E Time: 14.923s | ~Time Left: 477.527s |  Train Loss: 0.0345 | Train Acc. 98.9524% | Test Loss: 0.1443 | Test Acc. 95.6429%
Adas on CRC_transformed: T 1/1 | E 219/250 Ended | E Time: 14.789s | ~Time Left: 458.455s |  Train Loss: 0.0362 | Train Acc. 98.6667% | Test Loss: 0.1441 | Test Acc. 95.5714%
Adas on CRC_transformed: T 1/1 | E 220/250 Ended | E Time: 15.014s | ~Time Left: 450.411s |  Train Loss: 0.0328 | Train Acc. 98.9048% | Test Loss: 0.1777 | Test Acc. 94.5714%
Adas on CRC_transformed: T 1/1 | E 221/250 Ended | E Time: 14.680s | ~Time Left: 425.723s |  Train Loss: 0.0427 | Train Acc. 98.1905% | Test Loss: 0.1334 | Test Acc. 95.7857%
Adas on CRC_transformed: T 1/1 | E 222/250 Ended | E Time: 15.586s | ~Time Left: 436.398s |  Train Loss: 0.0443 | Train Acc. 98.6190% | Test Loss: 0.1402 | Test Acc. 95.4286%
Adas on CRC_transformed: T 1/1 | E 223/250 Ended | E Time: 14.934s | ~Time Left: 403.217s |  Train Loss: 0.0471 | Train Acc. 98.4762% | Test Loss: 0.1568 | Test Acc. 95.0000%
Adas on CRC_transformed: T 1/1 | E 224/250 Ended | E Time: 15.259s | ~Time Left: 396.727s |  Train Loss: 0.0454 | Train Acc. 98.2381% | Test Loss: 0.1367 | Test Acc. 95.7857%
Adas on CRC_transformed: T 1/1 | E 225/250 Ended | E Time: 14.991s | ~Time Left: 374.776s |  Train Loss: 0.0410 | Train Acc. 98.4286% | Test Loss: 0.1418 | Test Acc. 95.4286%
Adas on CRC_transformed: T 1/1 | E 226/250 Ended | E Time: 14.805s | ~Time Left: 355.326s |  Train Loss: 0.0403 | Train Acc. 98.5714% | Test Loss: 0.1477 | Test Acc. 95.3571%
Adas on CRC_transformed: T 1/1 | E 227/250 Ended | E Time: 14.892s | ~Time Left: 342.520s |  Train Loss: 0.0420 | Train Acc. 98.7619% | Test Loss: 0.1566 | Test Acc. 95.7857%
Adas on CRC_transformed: T 1/1 | E 228/250 Ended | E Time: 14.984s | ~Time Left: 329.645s |  Train Loss: 0.0503 | Train Acc. 98.3810% | Test Loss: 0.1389 | Test Acc. 95.7857%
Adas on CRC_transformed: T 1/1 | E 229/250 Ended | E Time: 15.624s | ~Time Left: 328.112s |  Train Loss: 0.0320 | Train Acc. 99.0000% | Test Loss: 0.1345 | Test Acc. 95.7857%
Adas on CRC_transformed: T 1/1 | E 230/250 Ended | E Time: 14.953s | ~Time Left: 299.051s |  Train Loss: 0.0355 | Train Acc. 98.9524% | Test Loss: 0.1392 | Test Acc. 95.7857%
Adas on CRC_transformed: T 1/1 | E 231/250 Ended | E Time: 15.375s | ~Time Left: 292.120s |  Train Loss: 0.0302 | Train Acc. 99.0000% | Test Loss: 0.1368 | Test Acc. 95.7857%
Adas on CRC_transformed: T 1/1 | E 232/250 Ended | E Time: 14.901s | ~Time Left: 268.224s |  Train Loss: 0.0366 | Train Acc. 98.8571% | Test Loss: 0.1588 | Test Acc. 95.8571%
Adas on CRC_transformed: T 1/1 | E 233/250 Ended | E Time: 14.849s | ~Time Left: 252.438s |  Train Loss: 0.0378 | Train Acc. 98.6190% | Test Loss: 0.1438 | Test Acc. 95.5714%
Adas on CRC_transformed: T 1/1 | E 234/250 Ended | E Time: 15.062s | ~Time Left: 240.990s |  Train Loss: 0.0262 | Train Acc. 99.2381% | Test Loss: 0.1354 | Test Acc. 95.8571%
Adas on CRC_transformed: T 1/1 | E 235/250 Ended | E Time: 14.758s | ~Time Left: 221.363s |  Train Loss: 0.0366 | Train Acc. 98.8571% | Test Loss: 0.1485 | Test Acc. 95.5000%
Adas on CRC_transformed: T 1/1 | E 236/250 Ended | E Time: 14.867s | ~Time Left: 208.143s |  Train Loss: 0.0346 | Train Acc. 98.9048% | Test Loss: 0.1608 | Test Acc. 95.3571%
Adas on CRC_transformed: T 1/1 | E 237/250 Ended | E Time: 15.271s | ~Time Left: 198.527s |  Train Loss: 0.0284 | Train Acc. 98.9524% | Test Loss: 0.1272 | Test Acc. 96.2143%
Adas on CRC_transformed: T 1/1 | E 238/250 Ended | E Time: 14.875s | ~Time Left: 178.499s |  Train Loss: 0.0452 | Train Acc. 98.4286% | Test Loss: 0.1159 | Test Acc. 96.2857%
Adas on CRC_transformed: T 1/1 | E 239/250 Ended | E Time: 14.872s | ~Time Left: 163.594s |  Train Loss: 0.0262 | Train Acc. 99.1429% | Test Loss: 0.1429 | Test Acc. 95.6429%
Adas on CRC_transformed: T 1/1 | E 240/250 Ended | E Time: 14.718s | ~Time Left: 147.179s |  Train Loss: 0.0275 | Train Acc. 99.3333% | Test Loss: 0.1384 | Test Acc. 95.9286%
Adas on CRC_transformed: T 1/1 | E 241/250 Ended | E Time: 14.789s | ~Time Left: 133.099s |  Train Loss: 0.0331 | Train Acc. 98.9048% | Test Loss: 0.1479 | Test Acc. 95.1429%
Adas on CRC_transformed: T 1/1 | E 242/250 Ended | E Time: 14.855s | ~Time Left: 118.839s |  Train Loss: 0.0284 | Train Acc. 99.1905% | Test Loss: 0.1477 | Test Acc. 95.2857%
Adas on CRC_transformed: T 1/1 | E 243/250 Ended | E Time: 15.449s | ~Time Left: 108.146s |  Train Loss: 0.0294 | Train Acc. 99.1429% | Test Loss: 0.1490 | Test Acc. 95.7143%
Adas on CRC_transformed: T 1/1 | E 244/250 Ended | E Time: 14.930s | ~Time Left: 89.583s |  Train Loss: 0.0330 | Train Acc. 99.0000% | Test Loss: 0.1454 | Test Acc. 95.5714%
Adas on CRC_transformed: T 1/1 | E 245/250 Ended | E Time: 14.771s | ~Time Left: 73.854s |  Train Loss: 0.0332 | Train Acc. 98.7619% | Test Loss: 0.1269 | Test Acc. 95.8571%
Adas on CRC_transformed: T 1/1 | E 246/250 Ended | E Time: 15.079s | ~Time Left: 60.315s |  Train Loss: 0.0379 | Train Acc. 98.6667% | Test Loss: 0.1340 | Test Acc. 96.0000%
Adas on CRC_transformed: T 1/1 | E 247/250 Ended | E Time: 14.801s | ~Time Left: 44.404s |  Train Loss: 0.0325 | Train Acc. 98.8095% | Test Loss: 0.1498 | Test Acc. 95.7143%
Adas on CRC_transformed: T 1/1 | E 248/250 Ended | E Time: 15.021s | ~Time Left: 30.041s |  Train Loss: 0.0350 | Train Acc. 98.8095% | Test Loss: 0.1363 | Test Acc. 95.8571%
Adas on CRC_transformed: T 1/1 | E 249/250 Ended | E Time: 14.840s | ~Time Left: 14.840s |  Train Loss: 0.0334 | Train Acc. 98.8095% | Test Loss: 0.1436 | Test Acc. 95.8571%
Adas on CRC_transformed: T 1/1 | E 250/250 Ended | E Time: 15.077s | ~Time Left: 0.000s |  Train Loss: 0.0312 | Train Acc. 99.0476% | Test Loss: 0.1280 | Test Acc. 95.8571%
