transferring data
Sun Jul  4 20:19:19 PDT 2021

Finished transferring
Sun Jul  4 20:19:20 PDT 2021

Adas: Argument Parser Options
---------------------------------------------
    config              : PostTrainingConfigs/PCam_transformed_testing/AdamP/lr-0.0001-config-AdamP.yaml
    data                : /localscratch/zhan8425.6958643.0        
    output              : ADP_post_trained/PCam_transformed/AdamP/output/fine_tuning
    checkpoint          : ADP_post_trained/PCam_transformed/AdamP/checkpoint/fine_tuning/lr-0.0001
    resume              : None                                    
    pretrained_model    : /home/zhan8425/projects/def-plato/zhan8425/HistoKT/.Adas-checkpoint/ADP/best_trial_2.pth.tar
    freeze_encoder      : 1                                       
    root                : .                                       
    save_freq           : 25                                      
    cpu                 : 0                                       
    gpu                 : 0                                       
    mpd                 : 0                                       
    dist_url            : tcp://127.0.0.1:23456                   
    dist_backend        : nccl                                    
    world_size          : -1                                      
    rank                : -1                                      
---------------------------------------------
Adas: Output dir ADP_post_trained/PCam_transformed/AdamP/output/fine_tuning does not exist, building
Adas: Notice: early stop will not be used as it was set to -1.0, training till completion
Adas: Experiment Configuration
---------------------------------------------
    dataset              PCam_transformed    
    network              ResNet18            
    optimizer            AdamP               
    scheduler            None                
    level                L3Only              
    color_kwargs         {'augmentation': 'Color-Distortion', 'distortion': 0.3}
    degree_of_rotation   45                  
    vertical_flipping    0.5                 
    horizontal_flipping  0.5                 
    horizontal_shift     0.1                 
    vertical_shift       0.1                 
    gaussian_blur        0                   
    kernel_size          9                   
    variance             0.1                 
    cutout               0                   
    n_holes              1                   
    cutout_length        16                  
    init_lr              0.0001              
    early_stop_threshold -1.0                
    optimizer_kwargs     {'weight_decay': 0.0005}
    scheduler_kwargs     {'gamma': 0.5, 'step_size': 20.0}
    p                    1                   
    start_trial          0                   
    n_trials             3                   
    num_workers          4                   
    max_epochs           200                 
    mini_batch_size      32                  
    loss                 cross_entropy       
    early_stop_patience  10                  
---------------------------------------------
Adas: Pytorch device is set to cuda
Train AUC: 0.79231
Valid AUC: 0.830325
AdamP on PCam_transformed: T 1/3 | E 1/200 Ended | E Time: 10.949s | ~Time Left: 2178.806s |  Train Loss: 0.5559 | Train Acc. 71.9000% | Test Loss: 0.5381 | Test Acc. 73.0000%
Train AUC: 0.830859
Valid AUC: 0.8255
AdamP on PCam_transformed: T 1/3 | E 2/200 Ended | E Time: 10.375s | ~Time Left: 2054.161s |  Train Loss: 0.5146 | Train Acc. 77.8500% | Test Loss: 0.5566 | Test Acc. 73.7500%
Train AUC: 0.8401609999999999
Valid AUC: 0.8301249999999999
AdamP on PCam_transformed: T 1/3 | E 3/200 Ended | E Time: 10.380s | ~Time Left: 2044.928s |  Train Loss: 0.4931 | Train Acc. 76.6500% | Test Loss: 0.5423 | Test Acc. 73.7500%
Train AUC: 0.8410439999999999
Valid AUC: 0.8343249999999999
AdamP on PCam_transformed: T 1/3 | E 4/200 Ended | E Time: 10.418s | ~Time Left: 2041.974s |  Train Loss: 0.4966 | Train Acc. 77.2500% | Test Loss: 0.5427 | Test Acc. 74.7500%
Train AUC: 0.8614259999999998
Valid AUC: 0.863125
AdamP on PCam_transformed: T 1/3 | E 5/200 Ended | E Time: 10.395s | ~Time Left: 2027.009s |  Train Loss: 0.4694 | Train Acc. 78.7500% | Test Loss: 0.4741 | Test Acc. 77.7500%
Train AUC: 0.8602730000000001
Valid AUC: 0.8706
AdamP on PCam_transformed: T 1/3 | E 6/200 Ended | E Time: 10.351s | ~Time Left: 2008.093s |  Train Loss: 0.4660 | Train Acc. 78.6000% | Test Loss: 0.4481 | Test Acc. 77.2500%
Train AUC: 0.8595769999999999
Valid AUC: 0.8637750000000001
AdamP on PCam_transformed: T 1/3 | E 7/200 Ended | E Time: 10.389s | ~Time Left: 2005.115s |  Train Loss: 0.4691 | Train Acc. 79.8000% | Test Loss: 0.4906 | Test Acc. 77.7500%
Train AUC: 0.8797259999999999
Valid AUC: 0.87385
AdamP on PCam_transformed: T 1/3 | E 8/200 Ended | E Time: 10.357s | ~Time Left: 1988.484s |  Train Loss: 0.4372 | Train Acc. 80.6000% | Test Loss: 0.4497 | Test Acc. 78.2500%
Train AUC: 0.878212
Valid AUC: 0.8819999999999999
AdamP on PCam_transformed: T 1/3 | E 9/200 Ended | E Time: 10.372s | ~Time Left: 1980.960s |  Train Loss: 0.4400 | Train Acc. 81.3000% | Test Loss: 0.4354 | Test Acc. 78.7500%
Train AUC: 0.8751579999999999
Valid AUC: 0.851425
AdamP on PCam_transformed: T 1/3 | E 10/200 Ended | E Time: 10.378s | ~Time Left: 1971.764s |  Train Loss: 0.4449 | Train Acc. 79.8500% | Test Loss: 0.4886 | Test Acc. 78.0000%
Train AUC: 0.8764159999999999
Valid AUC: 0.8782
AdamP on PCam_transformed: T 1/3 | E 11/200 Ended | E Time: 10.371s | ~Time Left: 1960.033s |  Train Loss: 0.4380 | Train Acc. 80.1000% | Test Loss: 0.4357 | Test Acc. 80.7500%
Train AUC: 0.877162
Valid AUC: 0.88455
AdamP on PCam_transformed: T 1/3 | E 12/200 Ended | E Time: 10.386s | ~Time Left: 1952.510s |  Train Loss: 0.4394 | Train Acc. 80.8000% | Test Loss: 0.4431 | Test Acc. 79.7500%
Train AUC: 0.8897039999999999
Valid AUC: 0.862525
AdamP on PCam_transformed: T 1/3 | E 13/200 Ended | E Time: 10.653s | ~Time Left: 1992.123s |  Train Loss: 0.4181 | Train Acc. 81.5000% | Test Loss: 0.4889 | Test Acc. 76.0000%
Train AUC: 0.87978
Valid AUC: 0.8712
AdamP on PCam_transformed: T 1/3 | E 14/200 Ended | E Time: 10.407s | ~Time Left: 1935.789s |  Train Loss: 0.4288 | Train Acc. 81.0500% | Test Loss: 0.5183 | Test Acc. 77.0000%
Train AUC: 0.894687
Valid AUC: 0.851575
AdamP on PCam_transformed: T 1/3 | E 15/200 Ended | E Time: 10.399s | ~Time Left: 1923.844s |  Train Loss: 0.4109 | Train Acc. 82.4000% | Test Loss: 0.4763 | Test Acc. 78.2500%
Train AUC: 0.895695
Valid AUC: 0.875925
AdamP on PCam_transformed: T 1/3 | E 16/200 Ended | E Time: 10.445s | ~Time Left: 1921.967s |  Train Loss: 0.4096 | Train Acc. 82.3000% | Test Loss: 0.5113 | Test Acc. 78.7500%
Train AUC: 0.896455
Valid AUC: 0.8805000000000001
AdamP on PCam_transformed: T 1/3 | E 17/200 Ended | E Time: 10.364s | ~Time Left: 1896.610s |  Train Loss: 0.4083 | Train Acc. 83.0000% | Test Loss: 0.4459 | Test Acc. 79.7500%
Train AUC: 0.893184
Valid AUC: 0.8558
AdamP on PCam_transformed: T 1/3 | E 18/200 Ended | E Time: 10.394s | ~Time Left: 1891.667s |  Train Loss: 0.4123 | Train Acc. 82.2000% | Test Loss: 0.5646 | Test Acc. 78.5000%
Train AUC: 0.897988
Valid AUC: 0.8740249999999999
AdamP on PCam_transformed: T 1/3 | E 19/200 Ended | E Time: 10.411s | ~Time Left: 1884.480s |  Train Loss: 0.4028 | Train Acc. 82.6500% | Test Loss: 0.4554 | Test Acc. 78.5000%
Train AUC: 0.895142
Valid AUC: 0.8931250000000001
AdamP on PCam_transformed: T 1/3 | E 20/200 Ended | E Time: 10.502s | ~Time Left: 1890.446s |  Train Loss: 0.4063 | Train Acc. 82.4000% | Test Loss: 0.4108 | Test Acc. 80.7500%
Train AUC: 0.891065
Valid AUC: 0.8792500000000001
AdamP on PCam_transformed: T 1/3 | E 21/200 Ended | E Time: 10.381s | ~Time Left: 1858.277s |  Train Loss: 0.4147 | Train Acc. 81.4000% | Test Loss: 0.4414 | Test Acc. 81.0000%
Train AUC: 0.894825
Valid AUC: 0.8886999999999999
AdamP on PCam_transformed: T 1/3 | E 22/200 Ended | E Time: 10.354s | ~Time Left: 1842.994s |  Train Loss: 0.4136 | Train Acc. 82.6500% | Test Loss: 0.4212 | Test Acc. 79.7500%
Train AUC: 0.910172
Valid AUC: 0.884525
AdamP on PCam_transformed: T 1/3 | E 23/200 Ended | E Time: 10.370s | ~Time Left: 1835.478s |  Train Loss: 0.3806 | Train Acc. 83.7000% | Test Loss: 0.4829 | Test Acc. 77.7500%
Train AUC: 0.9007129999999999
Valid AUC: 0.8788
AdamP on PCam_transformed: T 1/3 | E 24/200 Ended | E Time: 10.356s | ~Time Left: 1822.611s |  Train Loss: 0.3953 | Train Acc. 83.0500% | Test Loss: 0.4471 | Test Acc. 80.0000%
Train AUC: 0.9095019999999999
Valid AUC: 0.8794
AdamP on PCam_transformed: T 1/3 | E 25/200 Ended | E Time: 10.326s | ~Time Left: 1807.102s |  Train Loss: 0.3789 | Train Acc. 83.8500% | Test Loss: 0.4935 | Test Acc. 76.7500%
Train AUC: 0.904749
Valid AUC: 0.889875
AdamP on PCam_transformed: T 1/3 | E 26/200 Ended | E Time: 10.397s | ~Time Left: 1809.114s |  Train Loss: 0.3898 | Train Acc. 82.9000% | Test Loss: 0.4582 | Test Acc. 78.5000%
Train AUC: 0.9047499999999999
Valid AUC: 0.8769250000000001
AdamP on PCam_transformed: T 1/3 | E 27/200 Ended | E Time: 10.373s | ~Time Left: 1794.463s |  Train Loss: 0.3893 | Train Acc. 82.7000% | Test Loss: 0.4511 | Test Acc. 77.7500%
Train AUC: 0.910601
Valid AUC: 0.8683749999999999
AdamP on PCam_transformed: T 1/3 | E 28/200 Ended | E Time: 10.371s | ~Time Left: 1783.833s |  Train Loss: 0.3810 | Train Acc. 82.9500% | Test Loss: 0.4607 | Test Acc. 77.2500%
Train AUC: 0.9134530000000001
Valid AUC: 0.8765999999999999
AdamP on PCam_transformed: T 1/3 | E 29/200 Ended | E Time: 10.357s | ~Time Left: 1770.968s |  Train Loss: 0.3721 | Train Acc. 83.8500% | Test Loss: 0.4771 | Test Acc. 78.2500%
Train AUC: 0.913443
Valid AUC: 0.8972249999999999
AdamP on PCam_transformed: T 1/3 | E 30/200 Ended | E Time: 10.395s | ~Time Left: 1767.122s |  Train Loss: 0.3750 | Train Acc. 84.0000% | Test Loss: 0.4067 | Test Acc. 79.7500%
Train AUC: 0.917689
Valid AUC: 0.9029499999999999
AdamP on PCam_transformed: T 1/3 | E 31/200 Ended | E Time: 10.496s | ~Time Left: 1773.892s |  Train Loss: 0.3641 | Train Acc. 84.1500% | Test Loss: 0.5112 | Test Acc. 79.7500%
Train AUC: 0.9147670000000001
Valid AUC: 0.9049499999999999
AdamP on PCam_transformed: T 1/3 | E 32/200 Ended | E Time: 10.313s | ~Time Left: 1732.616s |  Train Loss: 0.3732 | Train Acc. 84.4500% | Test Loss: 0.3979 | Test Acc. 80.7500%
Train AUC: 0.9198500000000001
Valid AUC: 0.8803999999999998
AdamP on PCam_transformed: T 1/3 | E 33/200 Ended | E Time: 10.403s | ~Time Left: 1737.245s |  Train Loss: 0.3596 | Train Acc. 84.1500% | Test Loss: 0.4608 | Test Acc. 81.5000%
Train AUC: 0.912801
Valid AUC: 0.8990750000000001
AdamP on PCam_transformed: T 1/3 | E 34/200 Ended | E Time: 10.467s | ~Time Left: 1737.590s |  Train Loss: 0.3745 | Train Acc. 83.5000% | Test Loss: 0.4399 | Test Acc. 81.5000%
Train AUC: 0.918208
Valid AUC: 0.879575
AdamP on PCam_transformed: T 1/3 | E 35/200 Ended | E Time: 10.385s | ~Time Left: 1713.520s |  Train Loss: 0.3605 | Train Acc. 83.8000% | Test Loss: 0.4505 | Test Acc. 80.7500%
Train AUC: 0.922456
Valid AUC: 0.880625
AdamP on PCam_transformed: T 1/3 | E 36/200 Ended | E Time: 10.444s | ~Time Left: 1712.797s |  Train Loss: 0.3542 | Train Acc. 85.4500% | Test Loss: 0.4908 | Test Acc. 78.0000%
Train AUC: 0.9184439999999999
Valid AUC: 0.8989
AdamP on PCam_transformed: T 1/3 | E 37/200 Ended | E Time: 10.379s | ~Time Left: 1691.821s |  Train Loss: 0.3653 | Train Acc. 84.3500% | Test Loss: 0.4325 | Test Acc. 80.7500%
Train AUC: 0.922784
Valid AUC: 0.896625
AdamP on PCam_transformed: T 1/3 | E 38/200 Ended | E Time: 10.417s | ~Time Left: 1687.528s |  Train Loss: 0.3540 | Train Acc. 84.6000% | Test Loss: 0.4063 | Test Acc. 81.5000%
Train AUC: 0.9150849999999998
Valid AUC: 0.900525
AdamP on PCam_transformed: T 1/3 | E 39/200 Ended | E Time: 10.401s | ~Time Left: 1674.616s |  Train Loss: 0.3674 | Train Acc. 83.9500% | Test Loss: 0.4261 | Test Acc. 81.7500%
Train AUC: 0.9203840000000001
Valid AUC: 0.8839750000000001
AdamP on PCam_transformed: T 1/3 | E 40/200 Ended | E Time: 10.393s | ~Time Left: 1662.938s |  Train Loss: 0.3618 | Train Acc. 84.9000% | Test Loss: 0.4390 | Test Acc. 81.2500%
Train AUC: 0.9248160000000001
Valid AUC: 0.8876000000000001
AdamP on PCam_transformed: T 1/3 | E 41/200 Ended | E Time: 10.436s | ~Time Left: 1659.257s |  Train Loss: 0.3521 | Train Acc. 85.6500% | Test Loss: 0.4256 | Test Acc. 79.2500%
Train AUC: 0.925611
Valid AUC: 0.886475
AdamP on PCam_transformed: T 1/3 | E 42/200 Ended | E Time: 10.370s | ~Time Left: 1638.492s |  Train Loss: 0.3493 | Train Acc. 84.7500% | Test Loss: 0.4308 | Test Acc. 80.5000%
Train AUC: 0.929191
Valid AUC: 0.90515
AdamP on PCam_transformed: T 1/3 | E 43/200 Ended | E Time: 10.530s | ~Time Left: 1653.209s |  Train Loss: 0.3401 | Train Acc. 85.8000% | Test Loss: 0.4061 | Test Acc. 81.2500%
Train AUC: 0.9293669999999998
Valid AUC: 0.9051
AdamP on PCam_transformed: T 1/3 | E 44/200 Ended | E Time: 10.414s | ~Time Left: 1624.526s |  Train Loss: 0.3381 | Train Acc. 85.8000% | Test Loss: 0.4018 | Test Acc. 82.0000%
Train AUC: 0.9255410000000001
Valid AUC: 0.881875
AdamP on PCam_transformed: T 1/3 | E 45/200 Ended | E Time: 10.376s | ~Time Left: 1608.334s |  Train Loss: 0.3447 | Train Acc. 85.7000% | Test Loss: 0.4387 | Test Acc. 81.5000%
Train AUC: 0.9305110000000001
Valid AUC: 0.888875
AdamP on PCam_transformed: T 1/3 | E 46/200 Ended | E Time: 10.356s | ~Time Left: 1594.802s |  Train Loss: 0.3345 | Train Acc. 86.9000% | Test Loss: 0.4620 | Test Acc. 81.5000%
Train AUC: 0.928184
Valid AUC: 0.9047
AdamP on PCam_transformed: T 1/3 | E 47/200 Ended | E Time: 10.718s | ~Time Left: 1639.819s |  Train Loss: 0.3459 | Train Acc. 85.1000% | Test Loss: 0.4128 | Test Acc. 80.7500%
Train AUC: 0.931324
Valid AUC: 0.892725
AdamP on PCam_transformed: T 1/3 | E 48/200 Ended | E Time: 10.377s | ~Time Left: 1577.319s |  Train Loss: 0.3349 | Train Acc. 85.3500% | Test Loss: 0.4442 | Test Acc. 78.0000%
Train AUC: 0.9254199999999999
Valid AUC: 0.8918
AdamP on PCam_transformed: T 1/3 | E 49/200 Ended | E Time: 10.329s | ~Time Left: 1559.610s |  Train Loss: 0.3471 | Train Acc. 85.5000% | Test Loss: 0.4797 | Test Acc. 79.5000%
Train AUC: 0.9307569999999998
Valid AUC: 0.8852500000000001
AdamP on PCam_transformed: T 1/3 | E 50/200 Ended | E Time: 10.367s | ~Time Left: 1555.043s |  Train Loss: 0.3331 | Train Acc. 85.6000% | Test Loss: 0.4449 | Test Acc. 81.0000%
Train AUC: 0.933562
Valid AUC: 0.8994000000000001
AdamP on PCam_transformed: T 1/3 | E 51/200 Ended | E Time: 10.385s | ~Time Left: 1547.431s |  Train Loss: 0.3283 | Train Acc. 86.1000% | Test Loss: 0.4388 | Test Acc. 81.5000%
Train AUC: 0.938702
Valid AUC: 0.9077500000000001
AdamP on PCam_transformed: T 1/3 | E 52/200 Ended | E Time: 10.423s | ~Time Left: 1542.555s |  Train Loss: 0.3153 | Train Acc. 87.4000% | Test Loss: 0.4707 | Test Acc. 80.5000%
Train AUC: 0.933758
Valid AUC: 0.9037749999999999
AdamP on PCam_transformed: T 1/3 | E 53/200 Ended | E Time: 10.430s | ~Time Left: 1533.260s |  Train Loss: 0.3268 | Train Acc. 86.0500% | Test Loss: 0.4009 | Test Acc. 81.7500%
Train AUC: 0.939985
Valid AUC: 0.9122
AdamP on PCam_transformed: T 1/3 | E 54/200 Ended | E Time: 10.435s | ~Time Left: 1523.509s |  Train Loss: 0.3133 | Train Acc. 87.1000% | Test Loss: 0.3859 | Test Acc. 81.7500%
Train AUC: 0.93464
Valid AUC: 0.8988500000000001
AdamP on PCam_transformed: T 1/3 | E 55/200 Ended | E Time: 10.396s | ~Time Left: 1507.455s |  Train Loss: 0.3266 | Train Acc. 86.4500% | Test Loss: 0.4006 | Test Acc. 82.0000%
Train AUC: 0.9441459999999999
Valid AUC: 0.9109250000000001
AdamP on PCam_transformed: T 1/3 | E 56/200 Ended | E Time: 10.433s | ~Time Left: 1502.317s |  Train Loss: 0.3010 | Train Acc. 87.1500% | Test Loss: 0.3904 | Test Acc. 83.0000%
Train AUC: 0.9378710000000001
Valid AUC: 0.917925
AdamP on PCam_transformed: T 1/3 | E 57/200 Ended | E Time: 10.341s | ~Time Left: 1478.699s |  Train Loss: 0.3180 | Train Acc. 86.1000% | Test Loss: 0.3876 | Test Acc. 82.7500%
Train AUC: 0.9389589999999999
Valid AUC: 0.902825
AdamP on PCam_transformed: T 1/3 | E 58/200 Ended | E Time: 10.379s | ~Time Left: 1473.880s |  Train Loss: 0.3155 | Train Acc. 86.8500% | Test Loss: 0.4135 | Test Acc. 81.0000%
Train AUC: 0.9427449999999999
Valid AUC: 0.916475
AdamP on PCam_transformed: T 1/3 | E 59/200 Ended | E Time: 10.382s | ~Time Left: 1463.878s |  Train Loss: 0.3052 | Train Acc. 87.3500% | Test Loss: 0.3731 | Test Acc. 82.2500%
Train AUC: 0.9423459999999999
Valid AUC: 0.8861749999999998
AdamP on PCam_transformed: T 1/3 | E 60/200 Ended | E Time: 10.482s | ~Time Left: 1467.438s |  Train Loss: 0.3059 | Train Acc. 87.1000% | Test Loss: 0.4744 | Test Acc. 78.0000%
Train AUC: 0.9485779999999999
Valid AUC: 0.911
AdamP on PCam_transformed: T 1/3 | E 61/200 Ended | E Time: 10.396s | ~Time Left: 1444.989s |  Train Loss: 0.2896 | Train Acc. 87.9000% | Test Loss: 0.4058 | Test Acc. 81.5000%
Train AUC: 0.9472139999999999
Valid AUC: 0.891
AdamP on PCam_transformed: T 1/3 | E 62/200 Ended | E Time: 10.438s | ~Time Left: 1440.485s |  Train Loss: 0.2971 | Train Acc. 87.7500% | Test Loss: 0.4484 | Test Acc. 79.5000%
Train AUC: 0.9434279999999999
Valid AUC: 0.89315
AdamP on PCam_transformed: T 1/3 | E 63/200 Ended | E Time: 10.432s | ~Time Left: 1429.222s |  Train Loss: 0.3049 | Train Acc. 87.0500% | Test Loss: 0.4012 | Test Acc. 80.2500%
Train AUC: 0.9468829999999998
Valid AUC: 0.897925
AdamP on PCam_transformed: T 1/3 | E 64/200 Ended | E Time: 10.334s | ~Time Left: 1405.367s |  Train Loss: 0.2954 | Train Acc. 87.7000% | Test Loss: 0.4416 | Test Acc. 83.2500%
Train AUC: 0.9479620000000001
Valid AUC: 0.90515
AdamP on PCam_transformed: T 1/3 | E 65/200 Ended | E Time: 10.338s | ~Time Left: 1395.637s |  Train Loss: 0.2913 | Train Acc. 87.5500% | Test Loss: 0.4198 | Test Acc. 81.2500%
Train AUC: 0.95169
Valid AUC: 0.874925
AdamP on PCam_transformed: T 1/3 | E 66/200 Ended | E Time: 10.379s | ~Time Left: 1390.764s |  Train Loss: 0.2795 | Train Acc. 88.3000% | Test Loss: 0.4696 | Test Acc. 80.7500%
Train AUC: 0.9481689999999999
Valid AUC: 0.9022249999999998
AdamP on PCam_transformed: T 1/3 | E 67/200 Ended | E Time: 10.364s | ~Time Left: 1378.416s |  Train Loss: 0.2891 | Train Acc. 87.7000% | Test Loss: 0.4421 | Test Acc. 81.7500%
Train AUC: 0.948515
Valid AUC: 0.88915
AdamP on PCam_transformed: T 1/3 | E 68/200 Ended | E Time: 10.510s | ~Time Left: 1387.361s |  Train Loss: 0.2923 | Train Acc. 87.8500% | Test Loss: 0.4955 | Test Acc. 77.5000%
Train AUC: 0.9401390000000001
Valid AUC: 0.9085
AdamP on PCam_transformed: T 1/3 | E 69/200 Ended | E Time: 10.375s | ~Time Left: 1359.109s |  Train Loss: 0.3101 | Train Acc. 86.3500% | Test Loss: 0.3869 | Test Acc. 83.7500%
Train AUC: 0.9503910000000001
Valid AUC: 0.904775
AdamP on PCam_transformed: T 1/3 | E 70/200 Ended | E Time: 10.389s | ~Time Left: 1350.623s |  Train Loss: 0.2845 | Train Acc. 88.3000% | Test Loss: 0.4507 | Test Acc. 81.7500%
Train AUC: 0.9487589999999999
Valid AUC: 0.892025
AdamP on PCam_transformed: T 1/3 | E 71/200 Ended | E Time: 10.434s | ~Time Left: 1346.025s |  Train Loss: 0.2901 | Train Acc. 87.6500% | Test Loss: 0.4539 | Test Acc. 81.2500%
Train AUC: 0.948871
Valid AUC: 0.915725
AdamP on PCam_transformed: T 1/3 | E 72/200 Ended | E Time: 10.385s | ~Time Left: 1329.311s |  Train Loss: 0.2893 | Train Acc. 88.4000% | Test Loss: 0.3840 | Test Acc. 82.7500%
Train AUC: 0.9548059999999999
Valid AUC: 0.904825
AdamP on PCam_transformed: T 1/3 | E 73/200 Ended | E Time: 10.352s | ~Time Left: 1314.734s |  Train Loss: 0.2709 | Train Acc. 88.5500% | Test Loss: 0.4274 | Test Acc. 81.7500%
Train AUC: 0.952799
Valid AUC: 0.9051
AdamP on PCam_transformed: T 1/3 | E 74/200 Ended | E Time: 10.326s | ~Time Left: 1301.086s |  Train Loss: 0.2767 | Train Acc. 88.9000% | Test Loss: 0.4127 | Test Acc. 82.2500%
Train AUC: 0.95349
Valid AUC: 0.906
AdamP on PCam_transformed: T 1/3 | E 75/200 Ended | E Time: 10.414s | ~Time Left: 1301.715s |  Train Loss: 0.2775 | Train Acc. 87.9000% | Test Loss: 0.4056 | Test Acc. 82.5000%
Train AUC: 0.9551219999999999
Valid AUC: 0.883525
AdamP on PCam_transformed: T 1/3 | E 76/200 Ended | E Time: 10.378s | ~Time Left: 1286.866s |  Train Loss: 0.2708 | Train Acc. 88.4500% | Test Loss: 0.4639 | Test Acc. 80.7500%
Train AUC: 0.950724
Valid AUC: 0.8860250000000001
AdamP on PCam_transformed: T 1/3 | E 77/200 Ended | E Time: 10.396s | ~Time Left: 1278.667s |  Train Loss: 0.2823 | Train Acc. 89.0000% | Test Loss: 0.4533 | Test Acc. 79.5000%
Train AUC: 0.9569180000000002
Valid AUC: 0.9122
AdamP on PCam_transformed: T 1/3 | E 78/200 Ended | E Time: 10.334s | ~Time Left: 1260.761s |  Train Loss: 0.2650 | Train Acc. 89.3000% | Test Loss: 0.4112 | Test Acc. 80.7500%
Train AUC: 0.956521
Valid AUC: 0.9155749999999999
AdamP on PCam_transformed: T 1/3 | E 79/200 Ended | E Time: 10.324s | ~Time Left: 1249.242s |  Train Loss: 0.2669 | Train Acc. 89.5000% | Test Loss: 0.3968 | Test Acc. 81.2500%
Train AUC: 0.95495
Valid AUC: 0.906375
AdamP on PCam_transformed: T 1/3 | E 80/200 Ended | E Time: 10.639s | ~Time Left: 1276.684s |  Train Loss: 0.2725 | Train Acc. 88.1000% | Test Loss: 0.4793 | Test Acc. 80.5000%
Train AUC: 0.9585570000000001
Valid AUC: 0.913325
AdamP on PCam_transformed: T 1/3 | E 81/200 Ended | E Time: 10.417s | ~Time Left: 1239.564s |  Train Loss: 0.2609 | Train Acc. 89.1500% | Test Loss: 0.3959 | Test Acc. 83.5000%
Train AUC: 0.9642409999999999
Valid AUC: 0.9157
AdamP on PCam_transformed: T 1/3 | E 82/200 Ended | E Time: 10.391s | ~Time Left: 1226.148s |  Train Loss: 0.2443 | Train Acc. 89.8500% | Test Loss: 0.4120 | Test Acc. 83.2500%
Train AUC: 0.9582279999999999
Valid AUC: 0.89465
AdamP on PCam_transformed: T 1/3 | E 83/200 Ended | E Time: 10.396s | ~Time Left: 1216.303s |  Train Loss: 0.2616 | Train Acc. 89.1000% | Test Loss: 0.4478 | Test Acc. 81.2500%
Train AUC: 0.955651
Valid AUC: 0.913375
AdamP on PCam_transformed: T 1/3 | E 84/200 Ended | E Time: 10.374s | ~Time Left: 1203.352s |  Train Loss: 0.2690 | Train Acc. 88.8000% | Test Loss: 0.3912 | Test Acc. 83.2500%
Train AUC: 0.96089
Valid AUC: 0.90235
AdamP on PCam_transformed: T 1/3 | E 85/200 Ended | E Time: 10.361s | ~Time Left: 1191.556s |  Train Loss: 0.2504 | Train Acc. 89.8000% | Test Loss: 0.4353 | Test Acc. 81.0000%
Train AUC: 0.957905
Valid AUC: 0.91715
AdamP on PCam_transformed: T 1/3 | E 86/200 Ended | E Time: 10.392s | ~Time Left: 1184.662s |  Train Loss: 0.2603 | Train Acc. 89.4000% | Test Loss: 0.4137 | Test Acc. 82.5000%
Train AUC: 0.960315
Valid AUC: 0.921375
AdamP on PCam_transformed: T 1/3 | E 87/200 Ended | E Time: 10.365s | ~Time Left: 1171.298s |  Train Loss: 0.2577 | Train Acc. 88.8000% | Test Loss: 0.4493 | Test Acc. 82.5000%
Train AUC: 0.964588
Valid AUC: 0.9006249999999999
AdamP on PCam_transformed: T 1/3 | E 88/200 Ended | E Time: 10.391s | ~Time Left: 1163.831s |  Train Loss: 0.2385 | Train Acc. 89.5500% | Test Loss: 0.4482 | Test Acc. 82.2500%
Train AUC: 0.9673499999999999
Valid AUC: 0.921425
AdamP on PCam_transformed: T 1/3 | E 89/200 Ended | E Time: 10.467s | ~Time Left: 1161.825s |  Train Loss: 0.2303 | Train Acc. 90.5500% | Test Loss: 0.3895 | Test Acc. 84.7500%
Train AUC: 0.9605350000000001
Valid AUC: 0.905
AdamP on PCam_transformed: T 1/3 | E 90/200 Ended | E Time: 10.349s | ~Time Left: 1138.394s |  Train Loss: 0.2550 | Train Acc. 89.0500% | Test Loss: 0.4603 | Test Acc. 82.0000%
Train AUC: 0.9631000000000001
Valid AUC: 0.92
AdamP on PCam_transformed: T 1/3 | E 91/200 Ended | E Time: 10.391s | ~Time Left: 1132.643s |  Train Loss: 0.2464 | Train Acc. 90.2500% | Test Loss: 0.3885 | Test Acc. 83.7500%
Train AUC: 0.962786
Valid AUC: 0.90725
AdamP on PCam_transformed: T 1/3 | E 92/200 Ended | E Time: 10.457s | ~Time Left: 1129.333s |  Train Loss: 0.2474 | Train Acc. 90.0500% | Test Loss: 0.4527 | Test Acc. 80.2500%
Train AUC: 0.9656739999999999
Valid AUC: 0.8990250000000001
AdamP on PCam_transformed: T 1/3 | E 93/200 Ended | E Time: 10.308s | ~Time Left: 1102.948s |  Train Loss: 0.2366 | Train Acc. 90.0000% | Test Loss: 0.4955 | Test Acc. 79.5000%
Train AUC: 0.968826
Valid AUC: 0.892975
AdamP on PCam_transformed: T 1/3 | E 94/200 Ended | E Time: 10.370s | ~Time Left: 1099.186s |  Train Loss: 0.2269 | Train Acc. 91.4000% | Test Loss: 0.5566 | Test Acc. 80.0000%
Train AUC: 0.9656560000000001
Valid AUC: 0.8965
AdamP on PCam_transformed: T 1/3 | E 95/200 Ended | E Time: 10.354s | ~Time Left: 1087.144s |  Train Loss: 0.2384 | Train Acc. 90.0500% | Test Loss: 0.6004 | Test Acc. 77.7500%
Train AUC: 0.964696
Valid AUC: 0.883075
AdamP on PCam_transformed: T 1/3 | E 96/200 Ended | E Time: 10.350s | ~Time Left: 1076.424s |  Train Loss: 0.2435 | Train Acc. 90.4000% | Test Loss: 0.5079 | Test Acc. 79.0000%
Train AUC: 0.970524
Valid AUC: 0.9062
AdamP on PCam_transformed: T 1/3 | E 97/200 Ended | E Time: 10.353s | ~Time Left: 1066.320s |  Train Loss: 0.2185 | Train Acc. 91.1500% | Test Loss: 0.4218 | Test Acc. 81.0000%
Train AUC: 0.96973
Valid AUC: 0.918025
AdamP on PCam_transformed: T 1/3 | E 98/200 Ended | E Time: 10.375s | ~Time Left: 1058.267s |  Train Loss: 0.2214 | Train Acc. 91.2500% | Test Loss: 0.3927 | Test Acc. 82.7500%
Train AUC: 0.963384
Valid AUC: 0.9025
AdamP on PCam_transformed: T 1/3 | E 99/200 Ended | E Time: 10.387s | ~Time Left: 1049.137s |  Train Loss: 0.2446 | Train Acc. 89.9000% | Test Loss: 0.5238 | Test Acc. 79.5000%
Train AUC: 0.969757
Valid AUC: 0.919025
AdamP on PCam_transformed: T 1/3 | E 100/200 Ended | E Time: 10.333s | ~Time Left: 1033.264s |  Train Loss: 0.2253 | Train Acc. 90.8500% | Test Loss: 0.3734 | Test Acc. 83.2500%
Train AUC: 0.964017
Valid AUC: 0.88635
AdamP on PCam_transformed: T 1/3 | E 101/200 Ended | E Time: 10.323s | ~Time Left: 1021.970s |  Train Loss: 0.2419 | Train Acc. 90.4500% | Test Loss: 0.6794 | Test Acc. 78.0000%
Train AUC: 0.968412
Valid AUC: 0.87795
AdamP on PCam_transformed: T 1/3 | E 102/200 Ended | E Time: 10.459s | ~Time Left: 1025.011s |  Train Loss: 0.2260 | Train Acc. 90.8500% | Test Loss: 0.4841 | Test Acc. 78.5000%
Train AUC: 0.970181
Valid AUC: 0.9079999999999999
AdamP on PCam_transformed: T 1/3 | E 103/200 Ended | E Time: 10.368s | ~Time Left: 1005.695s |  Train Loss: 0.2193 | Train Acc. 91.4500% | Test Loss: 0.5071 | Test Acc. 83.0000%
Train AUC: 0.9693709999999999
Valid AUC: 0.9262749999999998
AdamP on PCam_transformed: T 1/3 | E 104/200 Ended | E Time: 10.323s | ~Time Left: 991.015s |  Train Loss: 0.2222 | Train Acc. 91.2000% | Test Loss: 0.4047 | Test Acc. 84.2500%
Train AUC: 0.9710009999999999
Valid AUC: 0.904975
AdamP on PCam_transformed: T 1/3 | E 105/200 Ended | E Time: 10.289s | ~Time Left: 977.446s |  Train Loss: 0.2187 | Train Acc. 91.2000% | Test Loss: 0.4694 | Test Acc. 82.5000%
Train AUC: 0.972971
Valid AUC: 0.9053249999999999
AdamP on PCam_transformed: T 1/3 | E 106/200 Ended | E Time: 10.258s | ~Time Left: 964.258s |  Train Loss: 0.2087 | Train Acc. 91.4500% | Test Loss: 0.5404 | Test Acc. 79.2500%
Train AUC: 0.9746300000000001
Valid AUC: 0.927925
AdamP on PCam_transformed: T 1/3 | E 107/200 Ended | E Time: 10.308s | ~Time Left: 958.685s |  Train Loss: 0.2010 | Train Acc. 92.4000% | Test Loss: 0.4766 | Test Acc. 83.5000%
Train AUC: 0.9716670000000001
Valid AUC: 0.9209999999999999
AdamP on PCam_transformed: T 1/3 | E 108/200 Ended | E Time: 10.354s | ~Time Left: 952.589s |  Train Loss: 0.2170 | Train Acc. 92.0000% | Test Loss: 0.4527 | Test Acc. 83.0000%
Train AUC: 0.976471
Valid AUC: 0.9153749999999999
AdamP on PCam_transformed: T 1/3 | E 109/200 Ended | E Time: 10.312s | ~Time Left: 938.420s |  Train Loss: 0.1921 | Train Acc. 92.1500% | Test Loss: 0.4965 | Test Acc. 84.0000%
Train AUC: 0.975688
Valid AUC: 0.917375
AdamP on PCam_transformed: T 1/3 | E 110/200 Ended | E Time: 10.344s | ~Time Left: 930.924s |  Train Loss: 0.1984 | Train Acc. 92.2000% | Test Loss: 0.4538 | Test Acc. 83.7500%
Train AUC: 0.9747539999999999
Valid AUC: 0.912725
AdamP on PCam_transformed: T 1/3 | E 111/200 Ended | E Time: 10.332s | ~Time Left: 919.564s |  Train Loss: 0.2017 | Train Acc. 92.0000% | Test Loss: 0.4283 | Test Acc. 83.2500%
Train AUC: 0.973841
Valid AUC: 0.91525
AdamP on PCam_transformed: T 1/3 | E 112/200 Ended | E Time: 10.395s | ~Time Left: 914.740s |  Train Loss: 0.2054 | Train Acc. 91.9500% | Test Loss: 0.4352 | Test Acc. 83.0000%
Train AUC: 0.9770599999999998
Valid AUC: 0.9213499999999999
AdamP on PCam_transformed: T 1/3 | E 113/200 Ended | E Time: 10.370s | ~Time Left: 902.161s |  Train Loss: 0.1920 | Train Acc. 92.2000% | Test Loss: 0.4358 | Test Acc. 83.2500%
Train AUC: 0.9761569999999999
Valid AUC: 0.9172
AdamP on PCam_transformed: T 1/3 | E 114/200 Ended | E Time: 10.316s | ~Time Left: 887.201s |  Train Loss: 0.1990 | Train Acc. 92.0000% | Test Loss: 0.4733 | Test Acc. 84.7500%
Train AUC: 0.974977
Valid AUC: 0.9068499999999999
AdamP on PCam_transformed: T 1/3 | E 115/200 Ended | E Time: 10.351s | ~Time Left: 879.872s |  Train Loss: 0.1991 | Train Acc. 92.9500% | Test Loss: 0.4446 | Test Acc. 83.7500%
Train AUC: 0.97638
Valid AUC: 0.8937
AdamP on PCam_transformed: T 1/3 | E 116/200 Ended | E Time: 10.303s | ~Time Left: 865.430s |  Train Loss: 0.1994 | Train Acc. 92.3000% | Test Loss: 0.5739 | Test Acc. 79.0000%
Train AUC: 0.97538
Valid AUC: 0.9033000000000001
AdamP on PCam_transformed: T 1/3 | E 117/200 Ended | E Time: 10.343s | ~Time Left: 858.485s |  Train Loss: 0.1998 | Train Acc. 91.9500% | Test Loss: 0.5556 | Test Acc. 81.0000%
Train AUC: 0.98232
Valid AUC: 0.905925
AdamP on PCam_transformed: T 1/3 | E 118/200 Ended | E Time: 10.366s | ~Time Left: 850.040s |  Train Loss: 0.1693 | Train Acc. 93.4500% | Test Loss: 0.4886 | Test Acc. 81.0000%
Train AUC: 0.97093
Valid AUC: 0.886975
AdamP on PCam_transformed: T 1/3 | E 119/200 Ended | E Time: 10.328s | ~Time Left: 836.538s |  Train Loss: 0.2202 | Train Acc. 90.4500% | Test Loss: 0.5103 | Test Acc. 79.7500%
Train AUC: 0.9792500000000001
Valid AUC: 0.910275
AdamP on PCam_transformed: T 1/3 | E 120/200 Ended | E Time: 10.343s | ~Time Left: 827.426s |  Train Loss: 0.1850 | Train Acc. 93.3000% | Test Loss: 0.5222 | Test Acc. 80.0000%
Train AUC: 0.9830099999999999
Valid AUC: 0.900475
AdamP on PCam_transformed: T 1/3 | E 121/200 Ended | E Time: 10.358s | ~Time Left: 818.280s |  Train Loss: 0.1661 | Train Acc. 93.9000% | Test Loss: 0.5045 | Test Acc. 80.7500%
Train AUC: 0.9800860000000001
Valid AUC: 0.91255
AdamP on PCam_transformed: T 1/3 | E 122/200 Ended | E Time: 10.333s | ~Time Left: 806.006s |  Train Loss: 0.1811 | Train Acc. 92.8000% | Test Loss: 0.4126 | Test Acc. 81.2500%
Train AUC: 0.982774
Valid AUC: 0.9166
AdamP on PCam_transformed: T 1/3 | E 123/200 Ended | E Time: 10.333s | ~Time Left: 795.651s |  Train Loss: 0.1654 | Train Acc. 93.2500% | Test Loss: 0.5014 | Test Acc. 84.7500%
Train AUC: 0.981066
Valid AUC: 0.9112
AdamP on PCam_transformed: T 1/3 | E 124/200 Ended | E Time: 10.315s | ~Time Left: 783.971s |  Train Loss: 0.1737 | Train Acc. 93.5500% | Test Loss: 0.5183 | Test Acc. 84.7500%
Train AUC: 0.977734
Valid AUC: 0.9072250000000001
AdamP on PCam_transformed: T 1/3 | E 125/200 Ended | E Time: 10.282s | ~Time Left: 771.185s |  Train Loss: 0.1942 | Train Acc. 92.7500% | Test Loss: 0.5065 | Test Acc. 82.0000%
Train AUC: 0.980371
Valid AUC: 0.9216249999999999
AdamP on PCam_transformed: T 1/3 | E 126/200 Ended | E Time: 10.380s | ~Time Left: 768.114s |  Train Loss: 0.1764 | Train Acc. 93.4000% | Test Loss: 0.4011 | Test Acc. 83.7500%
Train AUC: 0.9839819999999999
Valid AUC: 0.8705499999999999
AdamP on PCam_transformed: T 1/3 | E 127/200 Ended | E Time: 10.356s | ~Time Left: 756.009s |  Train Loss: 0.1571 | Train Acc. 94.4500% | Test Loss: 0.9075 | Test Acc. 73.5000%
Train AUC: 0.982488
Valid AUC: 0.89995
AdamP on PCam_transformed: T 1/3 | E 128/200 Ended | E Time: 10.370s | ~Time Left: 746.645s |  Train Loss: 0.1645 | Train Acc. 94.1000% | Test Loss: 0.5499 | Test Acc. 81.7500%
Train AUC: 0.979145
Valid AUC: 0.9015
AdamP on PCam_transformed: T 1/3 | E 129/200 Ended | E Time: 10.385s | ~Time Left: 737.339s |  Train Loss: 0.1813 | Train Acc. 93.0000% | Test Loss: 0.4734 | Test Acc. 80.7500%
Train AUC: 0.9821209999999999
Valid AUC: 0.917575
AdamP on PCam_transformed: T 1/3 | E 130/200 Ended | E Time: 10.355s | ~Time Left: 724.852s |  Train Loss: 0.1714 | Train Acc. 93.5000% | Test Loss: 0.4484 | Test Acc. 83.2500%
Train AUC: 0.981521
Valid AUC: 0.9145500000000001
AdamP on PCam_transformed: T 1/3 | E 131/200 Ended | E Time: 10.297s | ~Time Left: 710.516s |  Train Loss: 0.1744 | Train Acc. 92.8000% | Test Loss: 0.4712 | Test Acc. 81.7500%
Train AUC: 0.985983
Valid AUC: 0.9026000000000001
AdamP on PCam_transformed: T 1/3 | E 132/200 Ended | E Time: 10.415s | ~Time Left: 708.220s |  Train Loss: 0.1487 | Train Acc. 93.8000% | Test Loss: 0.4904 | Test Acc. 79.5000%
Train AUC: 0.982903
Valid AUC: 0.9017750000000001
AdamP on PCam_transformed: T 1/3 | E 133/200 Ended | E Time: 10.302s | ~Time Left: 690.217s |  Train Loss: 0.1677 | Train Acc. 93.6000% | Test Loss: 0.5510 | Test Acc. 81.7500%
Train AUC: 0.9838810000000001
Valid AUC: 0.902075
AdamP on PCam_transformed: T 1/3 | E 134/200 Ended | E Time: 10.355s | ~Time Left: 683.405s |  Train Loss: 0.1601 | Train Acc. 94.2500% | Test Loss: 0.5653 | Test Acc. 81.7500%
Train AUC: 0.9801789999999999
Valid AUC: 0.9047000000000001
AdamP on PCam_transformed: T 1/3 | E 135/200 Ended | E Time: 10.378s | ~Time Left: 674.591s |  Train Loss: 0.1798 | Train Acc. 93.0000% | Test Loss: 0.5537 | Test Acc. 82.0000%
Train AUC: 0.9844639999999999
Valid AUC: 0.898325
AdamP on PCam_transformed: T 1/3 | E 136/200 Ended | E Time: 10.322s | ~Time Left: 660.591s |  Train Loss: 0.1581 | Train Acc. 93.8500% | Test Loss: 0.5812 | Test Acc. 82.0000%
Train AUC: 0.984286
Valid AUC: 0.9184
AdamP on PCam_transformed: T 1/3 | E 137/200 Ended | E Time: 10.317s | ~Time Left: 649.956s |  Train Loss: 0.1561 | Train Acc. 94.3500% | Test Loss: 0.5015 | Test Acc. 82.7500%
Train AUC: 0.984904
Valid AUC: 0.8974500000000001
AdamP on PCam_transformed: T 1/3 | E 138/200 Ended | E Time: 10.386s | ~Time Left: 643.943s |  Train Loss: 0.1550 | Train Acc. 93.9500% | Test Loss: 0.6477 | Test Acc. 77.7500%
Train AUC: 0.9899169999999999
Valid AUC: 0.8896000000000001
AdamP on PCam_transformed: T 1/3 | E 139/200 Ended | E Time: 10.393s | ~Time Left: 633.995s |  Train Loss: 0.1279 | Train Acc. 95.0500% | Test Loss: 0.6325 | Test Acc. 80.2500%
Train AUC: 0.9868330000000001
Valid AUC: 0.885025
AdamP on PCam_transformed: T 1/3 | E 140/200 Ended | E Time: 10.395s | ~Time Left: 623.687s |  Train Loss: 0.1449 | Train Acc. 94.5500% | Test Loss: 0.5708 | Test Acc. 80.5000%
Train AUC: 0.989262
Valid AUC: 0.8929
AdamP on PCam_transformed: T 1/3 | E 141/200 Ended | E Time: 10.337s | ~Time Left: 609.903s |  Train Loss: 0.1305 | Train Acc. 95.3000% | Test Loss: 0.5730 | Test Acc. 81.0000%
Train AUC: 0.988173
Valid AUC: 0.8858749999999999
AdamP on PCam_transformed: T 1/3 | E 142/200 Ended | E Time: 10.425s | ~Time Left: 604.655s |  Train Loss: 0.1424 | Train Acc. 94.7000% | Test Loss: 0.6325 | Test Acc. 78.0000%
Train AUC: 0.987104
Valid AUC: 0.893075
AdamP on PCam_transformed: T 1/3 | E 143/200 Ended | E Time: 10.348s | ~Time Left: 589.857s |  Train Loss: 0.1417 | Train Acc. 94.4500% | Test Loss: 0.5869 | Test Acc. 79.7500%
Train AUC: 0.985172
Valid AUC: 0.8935500000000001
AdamP on PCam_transformed: T 1/3 | E 144/200 Ended | E Time: 10.300s | ~Time Left: 576.789s |  Train Loss: 0.1551 | Train Acc. 93.9500% | Test Loss: 0.5639 | Test Acc. 81.7500%
Train AUC: 0.98752
Valid AUC: 0.89895
AdamP on PCam_transformed: T 1/3 | E 145/200 Ended | E Time: 10.310s | ~Time Left: 567.066s |  Train Loss: 0.1388 | Train Acc. 94.7000% | Test Loss: 0.5381 | Test Acc. 81.7500%
Train AUC: 0.986097
Valid AUC: 0.9074249999999999
AdamP on PCam_transformed: T 1/3 | E 146/200 Ended | E Time: 10.354s | ~Time Left: 559.118s |  Train Loss: 0.1486 | Train Acc. 94.1000% | Test Loss: 0.4918 | Test Acc. 81.5000%
Train AUC: 0.991085
Valid AUC: 0.89545
AdamP on PCam_transformed: T 1/3 | E 147/200 Ended | E Time: 10.410s | ~Time Left: 551.738s |  Train Loss: 0.1177 | Train Acc. 95.4500% | Test Loss: 0.6604 | Test Acc. 77.2500%
Train AUC: 0.988874
Valid AUC: 0.920225
AdamP on PCam_transformed: T 1/3 | E 148/200 Ended | E Time: 10.300s | ~Time Left: 535.617s |  Train Loss: 0.1314 | Train Acc. 95.2500% | Test Loss: 0.5003 | Test Acc. 82.2500%
Train AUC: 0.9902199999999999
Valid AUC: 0.895425
AdamP on PCam_transformed: T 1/3 | E 149/200 Ended | E Time: 10.364s | ~Time Left: 528.542s |  Train Loss: 0.1219 | Train Acc. 95.4500% | Test Loss: 0.5501 | Test Acc. 82.0000%
Train AUC: 0.9887539999999999
Valid AUC: 0.8905250000000001
AdamP on PCam_transformed: T 1/3 | E 150/200 Ended | E Time: 10.324s | ~Time Left: 516.191s |  Train Loss: 0.1335 | Train Acc. 94.8000% | Test Loss: 0.5688 | Test Acc. 82.2500%
Train AUC: 0.9910009999999999
Valid AUC: 0.90545
AdamP on PCam_transformed: T 1/3 | E 151/200 Ended | E Time: 10.463s | ~Time Left: 512.697s |  Train Loss: 0.1197 | Train Acc. 95.3500% | Test Loss: 0.5080 | Test Acc. 82.5000%
Train AUC: 0.988692
Valid AUC: 0.893675
AdamP on PCam_transformed: T 1/3 | E 152/200 Ended | E Time: 10.389s | ~Time Left: 498.657s |  Train Loss: 0.1341 | Train Acc. 94.7000% | Test Loss: 0.5787 | Test Acc. 83.0000%
Train AUC: 0.990913
Valid AUC: 0.904225
AdamP on PCam_transformed: T 1/3 | E 153/200 Ended | E Time: 10.367s | ~Time Left: 487.248s |  Train Loss: 0.1188 | Train Acc. 95.9500% | Test Loss: 0.6091 | Test Acc. 81.2500%
Train AUC: 0.9892059999999999
Valid AUC: 0.8548749999999998
AdamP on PCam_transformed: T 1/3 | E 154/200 Ended | E Time: 10.373s | ~Time Left: 477.176s |  Train Loss: 0.1323 | Train Acc. 94.9500% | Test Loss: 0.6301 | Test Acc. 74.5000%
Train AUC: 0.991791
Valid AUC: 0.9049
AdamP on PCam_transformed: T 1/3 | E 155/200 Ended | E Time: 10.387s | ~Time Left: 467.410s |  Train Loss: 0.1146 | Train Acc. 95.4500% | Test Loss: 0.5447 | Test Acc. 83.5000%
Train AUC: 0.9925870000000001
Valid AUC: 0.916425
AdamP on PCam_transformed: T 1/3 | E 156/200 Ended | E Time: 10.359s | ~Time Left: 455.799s |  Train Loss: 0.1063 | Train Acc. 96.0500% | Test Loss: 0.5845 | Test Acc. 84.7500%
Train AUC: 0.989995
Valid AUC: 0.9094
AdamP on PCam_transformed: T 1/3 | E 157/200 Ended | E Time: 10.413s | ~Time Left: 447.772s |  Train Loss: 0.1229 | Train Acc. 96.0000% | Test Loss: 0.5225 | Test Acc. 80.0000%
Train AUC: 0.9909800000000001
Valid AUC: 0.9198
AdamP on PCam_transformed: T 1/3 | E 158/200 Ended | E Time: 10.312s | ~Time Left: 433.088s |  Train Loss: 0.1188 | Train Acc. 95.4000% | Test Loss: 0.5660 | Test Acc. 83.7500%
Train AUC: 0.990547
Valid AUC: 0.85895
AdamP on PCam_transformed: T 1/3 | E 159/200 Ended | E Time: 10.308s | ~Time Left: 422.642s |  Train Loss: 0.1211 | Train Acc. 95.0500% | Test Loss: 0.7686 | Test Acc. 75.0000%
Train AUC: 0.989386
Valid AUC: 0.9270750000000001
AdamP on PCam_transformed: T 1/3 | E 160/200 Ended | E Time: 10.518s | ~Time Left: 420.731s |  Train Loss: 0.1321 | Train Acc. 94.4000% | Test Loss: 0.5168 | Test Acc. 83.5000%
Train AUC: 0.991355
Valid AUC: 0.90635
AdamP on PCam_transformed: T 1/3 | E 161/200 Ended | E Time: 10.321s | ~Time Left: 402.502s |  Train Loss: 0.1216 | Train Acc. 95.0000% | Test Loss: 0.5660 | Test Acc. 81.5000%
Train AUC: 0.9894179999999999
Valid AUC: 0.9211750000000001
AdamP on PCam_transformed: T 1/3 | E 162/200 Ended | E Time: 10.320s | ~Time Left: 392.175s |  Train Loss: 0.1316 | Train Acc. 94.7500% | Test Loss: 0.4586 | Test Acc. 85.0000%
Train AUC: 0.991349
Valid AUC: 0.9024
AdamP on PCam_transformed: T 1/3 | E 163/200 Ended | E Time: 10.376s | ~Time Left: 383.897s |  Train Loss: 0.1153 | Train Acc. 95.6500% | Test Loss: 0.5937 | Test Acc. 82.5000%
Train AUC: 0.992598
Valid AUC: 0.900775
AdamP on PCam_transformed: T 1/3 | E 164/200 Ended | E Time: 10.311s | ~Time Left: 371.214s |  Train Loss: 0.1063 | Train Acc. 96.1500% | Test Loss: 0.6850 | Test Acc. 82.0000%
Train AUC: 0.991405
Valid AUC: 0.907225
AdamP on PCam_transformed: T 1/3 | E 165/200 Ended | E Time: 10.475s | ~Time Left: 366.635s |  Train Loss: 0.1159 | Train Acc. 95.9000% | Test Loss: 0.6212 | Test Acc. 82.7500%
Train AUC: 0.9908999999999999
Valid AUC: 0.866525
AdamP on PCam_transformed: T 1/3 | E 166/200 Ended | E Time: 10.395s | ~Time Left: 353.443s |  Train Loss: 0.1252 | Train Acc. 95.5000% | Test Loss: 0.8071 | Test Acc. 72.7500%
Train AUC: 0.989855
Valid AUC: 0.8941999999999999
AdamP on PCam_transformed: T 1/3 | E 167/200 Ended | E Time: 10.391s | ~Time Left: 342.912s |  Train Loss: 0.1255 | Train Acc. 95.7500% | Test Loss: 0.6068 | Test Acc. 80.7500%
Train AUC: 0.9927050000000001
Valid AUC: 0.88245
AdamP on PCam_transformed: T 1/3 | E 168/200 Ended | E Time: 10.304s | ~Time Left: 329.715s |  Train Loss: 0.1061 | Train Acc. 96.4000% | Test Loss: 0.6031 | Test Acc. 80.5000%
Train AUC: 0.9914459999999999
Valid AUC: 0.9028250000000001
AdamP on PCam_transformed: T 1/3 | E 169/200 Ended | E Time: 10.441s | ~Time Left: 323.677s |  Train Loss: 0.1167 | Train Acc. 95.7500% | Test Loss: 0.6719 | Test Acc. 81.7500%
Train AUC: 0.995743
Valid AUC: 0.9148749999999999
AdamP on PCam_transformed: T 1/3 | E 170/200 Ended | E Time: 10.374s | ~Time Left: 311.226s |  Train Loss: 0.0839 | Train Acc. 97.0000% | Test Loss: 0.5247 | Test Acc. 82.5000%
Train AUC: 0.994583
Valid AUC: 0.918175
AdamP on PCam_transformed: T 1/3 | E 171/200 Ended | E Time: 10.434s | ~Time Left: 302.576s |  Train Loss: 0.0911 | Train Acc. 96.4500% | Test Loss: 0.5808 | Test Acc. 83.5000%
Train AUC: 0.9913839999999999
Valid AUC: 0.894025
AdamP on PCam_transformed: T 1/3 | E 172/200 Ended | E Time: 10.367s | ~Time Left: 290.287s |  Train Loss: 0.1183 | Train Acc. 95.9000% | Test Loss: 0.7889 | Test Acc. 80.2500%
Train AUC: 0.9902789999999999
Valid AUC: 0.893525
AdamP on PCam_transformed: T 1/3 | E 173/200 Ended | E Time: 10.367s | ~Time Left: 279.914s |  Train Loss: 0.1226 | Train Acc. 95.4500% | Test Loss: 0.6890 | Test Acc. 82.2500%
Train AUC: 0.99427
Valid AUC: 0.9081750000000001
AdamP on PCam_transformed: T 1/3 | E 174/200 Ended | E Time: 10.374s | ~Time Left: 269.719s |  Train Loss: 0.0911 | Train Acc. 96.8500% | Test Loss: 0.5367 | Test Acc. 83.2500%
Train AUC: 0.994802
Valid AUC: 0.8851500000000001
AdamP on PCam_transformed: T 1/3 | E 175/200 Ended | E Time: 10.316s | ~Time Left: 257.894s |  Train Loss: 0.0939 | Train Acc. 96.0500% | Test Loss: 0.6707 | Test Acc. 80.2500%
Train AUC: 0.993
Valid AUC: 0.8965749999999999
AdamP on PCam_transformed: T 1/3 | E 176/200 Ended | E Time: 10.400s | ~Time Left: 249.607s |  Train Loss: 0.1053 | Train Acc. 96.0000% | Test Loss: 0.6712 | Test Acc. 80.7500%
Train AUC: 0.993601
Valid AUC: 0.91355
AdamP on PCam_transformed: T 1/3 | E 177/200 Ended | E Time: 10.376s | ~Time Left: 238.658s |  Train Loss: 0.0977 | Train Acc. 96.2000% | Test Loss: 0.5118 | Test Acc. 84.0000%
Train AUC: 0.9915229999999999
Valid AUC: 0.911475
AdamP on PCam_transformed: T 1/3 | E 178/200 Ended | E Time: 10.354s | ~Time Left: 227.779s |  Train Loss: 0.1183 | Train Acc. 95.7000% | Test Loss: 0.7016 | Test Acc. 83.7500%
Train AUC: 0.994367
Valid AUC: 0.91335
AdamP on PCam_transformed: T 1/3 | E 179/200 Ended | E Time: 10.440s | ~Time Left: 219.231s |  Train Loss: 0.0936 | Train Acc. 96.4500% | Test Loss: 0.4888 | Test Acc. 82.2500%
Train AUC: 0.997221
Valid AUC: 0.90655
AdamP on PCam_transformed: T 1/3 | E 180/200 Ended | E Time: 10.368s | ~Time Left: 207.369s |  Train Loss: 0.0680 | Train Acc. 97.5000% | Test Loss: 0.5864 | Test Acc. 81.2500%
Train AUC: 0.993815
Valid AUC: 0.9153749999999999
AdamP on PCam_transformed: T 1/3 | E 181/200 Ended | E Time: 10.349s | ~Time Left: 196.624s |  Train Loss: 0.0972 | Train Acc. 96.4000% | Test Loss: 0.6556 | Test Acc. 81.5000%
Train AUC: 0.994553
Valid AUC: 0.9120499999999999
AdamP on PCam_transformed: T 1/3 | E 182/200 Ended | E Time: 10.313s | ~Time Left: 185.636s |  Train Loss: 0.0945 | Train Acc. 96.5000% | Test Loss: 0.5921 | Test Acc. 81.7500%
Train AUC: 0.994897
Valid AUC: 0.8951499999999999
AdamP on PCam_transformed: T 1/3 | E 183/200 Ended | E Time: 10.397s | ~Time Left: 176.756s |  Train Loss: 0.0895 | Train Acc. 96.3500% | Test Loss: 0.6903 | Test Acc. 81.7500%
Train AUC: 0.993104
Valid AUC: 0.891
AdamP on PCam_transformed: T 1/3 | E 184/200 Ended | E Time: 10.294s | ~Time Left: 164.700s |  Train Loss: 0.1013 | Train Acc. 96.5000% | Test Loss: 0.5847 | Test Acc. 81.0000%
Train AUC: 0.9946455000000001
Valid AUC: 0.90345
AdamP on PCam_transformed: T 1/3 | E 185/200 Ended | E Time: 10.405s | ~Time Left: 156.073s |  Train Loss: 0.0951 | Train Acc. 96.2000% | Test Loss: 0.6433 | Test Acc. 79.7500%
Train AUC: 0.996065
Valid AUC: 0.912525
AdamP on PCam_transformed: T 1/3 | E 186/200 Ended | E Time: 10.323s | ~Time Left: 144.518s |  Train Loss: 0.0832 | Train Acc. 96.8000% | Test Loss: 0.6293 | Test Acc. 84.2500%
Train AUC: 0.996017
Valid AUC: 0.912875
AdamP on PCam_transformed: T 1/3 | E 187/200 Ended | E Time: 10.365s | ~Time Left: 134.739s |  Train Loss: 0.0810 | Train Acc. 97.0000% | Test Loss: 0.5349 | Test Acc. 81.2500%
Train AUC: 0.994723
Valid AUC: 0.907775
AdamP on PCam_transformed: T 1/3 | E 188/200 Ended | E Time: 10.384s | ~Time Left: 124.607s |  Train Loss: 0.0928 | Train Acc. 96.8500% | Test Loss: 0.5364 | Test Acc. 83.5000%
Train AUC: 0.994494
Valid AUC: 0.9099750000000001
AdamP on PCam_transformed: T 1/3 | E 189/200 Ended | E Time: 10.411s | ~Time Left: 114.518s |  Train Loss: 0.0905 | Train Acc. 96.6000% | Test Loss: 0.6543 | Test Acc. 83.5000%
Train AUC: 0.99663
Valid AUC: 0.893775
AdamP on PCam_transformed: T 1/3 | E 190/200 Ended | E Time: 10.303s | ~Time Left: 103.034s |  Train Loss: 0.0741 | Train Acc. 97.1500% | Test Loss: 0.6754 | Test Acc. 81.2500%
Train AUC: 0.995018
Valid AUC: 0.8836
AdamP on PCam_transformed: T 1/3 | E 191/200 Ended | E Time: 10.434s | ~Time Left: 93.905s |  Train Loss: 0.0826 | Train Acc. 97.3000% | Test Loss: 1.1236 | Test Acc. 76.2500%
Train AUC: 0.99481
Valid AUC: 0.89965
AdamP on PCam_transformed: T 1/3 | E 192/200 Ended | E Time: 10.349s | ~Time Left: 82.792s |  Train Loss: 0.0904 | Train Acc. 96.3000% | Test Loss: 0.7629 | Test Acc. 82.5000%
Train AUC: 0.994822
Valid AUC: 0.8961500000000001
AdamP on PCam_transformed: T 1/3 | E 193/200 Ended | E Time: 10.288s | ~Time Left: 72.013s |  Train Loss: 0.0900 | Train Acc. 96.7000% | Test Loss: 0.6391 | Test Acc. 81.2500%
Train AUC: 0.99667
Valid AUC: 0.8981999999999999
AdamP on PCam_transformed: T 1/3 | E 194/200 Ended | E Time: 10.337s | ~Time Left: 62.020s |  Train Loss: 0.0734 | Train Acc. 97.0000% | Test Loss: 0.8126 | Test Acc. 78.0000%
Train AUC: 0.994889
Valid AUC: 0.8996749999999999
AdamP on PCam_transformed: T 1/3 | E 195/200 Ended | E Time: 10.404s | ~Time Left: 52.019s |  Train Loss: 0.0880 | Train Acc. 97.2000% | Test Loss: 0.6807 | Test Acc. 80.7500%
Train AUC: 0.995546
Valid AUC: 0.8948750000000001
AdamP on PCam_transformed: T 1/3 | E 196/200 Ended | E Time: 10.412s | ~Time Left: 41.647s |  Train Loss: 0.0847 | Train Acc. 96.8000% | Test Loss: 1.0951 | Test Acc. 76.7500%
Train AUC: 0.996675
Valid AUC: 0.9009499999999999
AdamP on PCam_transformed: T 1/3 | E 197/200 Ended | E Time: 10.427s | ~Time Left: 31.281s |  Train Loss: 0.0739 | Train Acc. 97.1500% | Test Loss: 0.7191 | Test Acc. 82.7500%
Train AUC: 0.996001
Valid AUC: 0.9172
AdamP on PCam_transformed: T 1/3 | E 198/200 Ended | E Time: 10.340s | ~Time Left: 20.679s |  Train Loss: 0.0787 | Train Acc. 97.1500% | Test Loss: 0.5683 | Test Acc. 82.5000%
Train AUC: 0.997669
Valid AUC: 0.902875
AdamP on PCam_transformed: T 1/3 | E 199/200 Ended | E Time: 10.475s | ~Time Left: 10.475s |  Train Loss: 0.0587 | Train Acc. 97.9000% | Test Loss: 0.6841 | Test Acc. 82.0000%
Train AUC: 0.994395
Valid AUC: 0.887725
AdamP on PCam_transformed: T 1/3 | E 200/200 Ended | E Time: 10.374s | ~Time Left: 0.000s |  Train Loss: 0.0900 | Train Acc. 96.9000% | Test Loss: 0.7873 | Test Acc. 78.7500%
Train AUC: 0.7946789999999999
Valid AUC: 0.8255750000000001
AdamP on PCam_transformed: T 2/3 | E 1/200 Ended | E Time: 10.412s | ~Time Left: 2071.965s |  Train Loss: 0.5558 | Train Acc. 72.9000% | Test Loss: 0.4932 | Test Acc. 73.5000%
Train AUC: 0.841677
Valid AUC: 0.835425
AdamP on PCam_transformed: T 2/3 | E 2/200 Ended | E Time: 10.480s | ~Time Left: 2075.021s |  Train Loss: 0.4893 | Train Acc. 77.5000% | Test Loss: 0.5548 | Test Acc. 74.7500%
Train AUC: 0.832387
Valid AUC: 0.8628750000000001
AdamP on PCam_transformed: T 2/3 | E 3/200 Ended | E Time: 10.442s | ~Time Left: 2057.146s |  Train Loss: 0.5008 | Train Acc. 76.6000% | Test Loss: 0.5209 | Test Acc. 74.0000%
Train AUC: 0.839593
Valid AUC: 0.8325250000000001
AdamP on PCam_transformed: T 2/3 | E 4/200 Ended | E Time: 10.405s | ~Time Left: 2039.429s |  Train Loss: 0.4944 | Train Acc. 77.0000% | Test Loss: 0.5091 | Test Acc. 74.2500%
Train AUC: 0.8557829999999998
Valid AUC: 0.8344
AdamP on PCam_transformed: T 2/3 | E 5/200 Ended | E Time: 10.459s | ~Time Left: 2039.459s |  Train Loss: 0.4754 | Train Acc. 78.2000% | Test Loss: 0.5455 | Test Acc. 72.7500%
Train AUC: 0.8582609999999999
Valid AUC: 0.8226
AdamP on PCam_transformed: T 2/3 | E 6/200 Ended | E Time: 10.424s | ~Time Left: 2022.304s |  Train Loss: 0.4668 | Train Acc. 78.2000% | Test Loss: 0.5676 | Test Acc. 74.2500%
Train AUC: 0.860246
Valid AUC: 0.871925
AdamP on PCam_transformed: T 2/3 | E 7/200 Ended | E Time: 10.367s | ~Time Left: 2000.872s |  Train Loss: 0.4622 | Train Acc. 80.1500% | Test Loss: 0.4625 | Test Acc. 78.5000%
Train AUC: 0.8686759999999999
Valid AUC: 0.877225
AdamP on PCam_transformed: T 2/3 | E 8/200 Ended | E Time: 10.348s | ~Time Left: 1986.869s |  Train Loss: 0.4515 | Train Acc. 80.0000% | Test Loss: 0.4518 | Test Acc. 79.0000%
Train AUC: 0.875002
Valid AUC: 0.8651000000000001
AdamP on PCam_transformed: T 2/3 | E 9/200 Ended | E Time: 10.422s | ~Time Left: 1990.652s |  Train Loss: 0.4401 | Train Acc. 81.0500% | Test Loss: 0.4667 | Test Acc. 77.2500%
Train AUC: 0.8779909999999999
Valid AUC: 0.8573000000000001
AdamP on PCam_transformed: T 2/3 | E 10/200 Ended | E Time: 10.338s | ~Time Left: 1964.311s |  Train Loss: 0.4354 | Train Acc. 80.5500% | Test Loss: 0.4950 | Test Acc. 77.2500%
Train AUC: 0.887694
Valid AUC: 0.871325
AdamP on PCam_transformed: T 2/3 | E 11/200 Ended | E Time: 10.361s | ~Time Left: 1958.162s |  Train Loss: 0.4202 | Train Acc. 81.5500% | Test Loss: 0.4639 | Test Acc. 78.5000%
Train AUC: 0.878734
Valid AUC: 0.8779250000000001
AdamP on PCam_transformed: T 2/3 | E 12/200 Ended | E Time: 10.437s | ~Time Left: 1962.078s |  Train Loss: 0.4387 | Train Acc. 80.0000% | Test Loss: 0.4424 | Test Acc. 77.5000%
Train AUC: 0.8776759999999998
Valid AUC: 0.8543
AdamP on PCam_transformed: T 2/3 | E 13/200 Ended | E Time: 10.385s | ~Time Left: 1942.017s |  Train Loss: 0.4411 | Train Acc. 81.1500% | Test Loss: 0.4968 | Test Acc. 76.5000%
Train AUC: 0.881557
Valid AUC: 0.8695749999999999
AdamP on PCam_transformed: T 2/3 | E 14/200 Ended | E Time: 10.460s | ~Time Left: 1945.534s |  Train Loss: 0.4297 | Train Acc. 81.6000% | Test Loss: 0.5071 | Test Acc. 77.2500%
Train AUC: 0.891061
Valid AUC: 0.878675
AdamP on PCam_transformed: T 2/3 | E 15/200 Ended | E Time: 10.440s | ~Time Left: 1931.369s |  Train Loss: 0.4150 | Train Acc. 82.3500% | Test Loss: 0.4424 | Test Acc. 78.7500%
Train AUC: 0.881427
Valid AUC: 0.8746499999999999
AdamP on PCam_transformed: T 2/3 | E 16/200 Ended | E Time: 10.417s | ~Time Left: 1916.705s |  Train Loss: 0.4270 | Train Acc. 81.4500% | Test Loss: 0.4475 | Test Acc. 77.7500%
Train AUC: 0.8927959999999999
Valid AUC: 0.8556750000000001
AdamP on PCam_transformed: T 2/3 | E 17/200 Ended | E Time: 10.440s | ~Time Left: 1910.605s |  Train Loss: 0.4093 | Train Acc. 82.4500% | Test Loss: 0.4721 | Test Acc. 79.0000%
Train AUC: 0.8891209999999999
Valid AUC: 0.8861
AdamP on PCam_transformed: T 2/3 | E 18/200 Ended | E Time: 10.383s | ~Time Left: 1889.763s |  Train Loss: 0.4180 | Train Acc. 80.9500% | Test Loss: 0.4669 | Test Acc. 78.5000%
Train AUC: 0.899675
Valid AUC: 0.894825
AdamP on PCam_transformed: T 2/3 | E 19/200 Ended | E Time: 10.442s | ~Time Left: 1889.974s |  Train Loss: 0.4002 | Train Acc. 82.1500% | Test Loss: 0.4153 | Test Acc. 79.2500%
Train AUC: 0.895792
Valid AUC: 0.870375
AdamP on PCam_transformed: T 2/3 | E 20/200 Ended | E Time: 10.393s | ~Time Left: 1870.805s |  Train Loss: 0.4054 | Train Acc. 82.1500% | Test Loss: 0.4690 | Test Acc. 77.0000%
Train AUC: 0.905726
Valid AUC: 0.896525
AdamP on PCam_transformed: T 2/3 | E 21/200 Ended | E Time: 10.428s | ~Time Left: 1866.606s |  Train Loss: 0.3857 | Train Acc. 83.3500% | Test Loss: 0.4177 | Test Acc. 79.2500%
Train AUC: 0.9006100000000001
Valid AUC: 0.892625
AdamP on PCam_transformed: T 2/3 | E 22/200 Ended | E Time: 10.373s | ~Time Left: 1846.356s |  Train Loss: 0.3974 | Train Acc. 82.9500% | Test Loss: 0.4385 | Test Acc. 80.0000%
Train AUC: 0.8999799999999999
Valid AUC: 0.86845
AdamP on PCam_transformed: T 2/3 | E 23/200 Ended | E Time: 10.418s | ~Time Left: 1844.032s |  Train Loss: 0.4008 | Train Acc. 83.6000% | Test Loss: 0.4606 | Test Acc. 79.5000%
Train AUC: 0.903325
Valid AUC: 0.89665
AdamP on PCam_transformed: T 2/3 | E 24/200 Ended | E Time: 10.451s | ~Time Left: 1839.297s |  Train Loss: 0.3949 | Train Acc. 83.0500% | Test Loss: 0.4170 | Test Acc. 81.7500%
Train AUC: 0.9050590000000001
Valid AUC: 0.8685499999999999
AdamP on PCam_transformed: T 2/3 | E 25/200 Ended | E Time: 10.455s | ~Time Left: 1829.677s |  Train Loss: 0.3880 | Train Acc. 84.3000% | Test Loss: 0.4685 | Test Acc. 77.2500%
Train AUC: 0.9066949999999999
Valid AUC: 0.8893249999999998
AdamP on PCam_transformed: T 2/3 | E 26/200 Ended | E Time: 10.474s | ~Time Left: 1822.422s |  Train Loss: 0.3875 | Train Acc. 82.9500% | Test Loss: 0.4270 | Test Acc. 79.7500%
Train AUC: 0.90348
Valid AUC: 0.8829
AdamP on PCam_transformed: T 2/3 | E 27/200 Ended | E Time: 10.553s | ~Time Left: 1825.621s |  Train Loss: 0.3920 | Train Acc. 83.3000% | Test Loss: 0.4613 | Test Acc. 80.5000%
Train AUC: 0.8997569999999999
Valid AUC: 0.8571
AdamP on PCam_transformed: T 2/3 | E 28/200 Ended | E Time: 10.451s | ~Time Left: 1797.575s |  Train Loss: 0.3999 | Train Acc. 83.1000% | Test Loss: 0.4984 | Test Acc. 76.5000%
Train AUC: 0.90705
Valid AUC: 0.89965
AdamP on PCam_transformed: T 2/3 | E 29/200 Ended | E Time: 10.396s | ~Time Left: 1777.751s |  Train Loss: 0.3887 | Train Acc. 83.2500% | Test Loss: 0.4469 | Test Acc. 79.7500%
Train AUC: 0.918747
Valid AUC: 0.898775
AdamP on PCam_transformed: T 2/3 | E 30/200 Ended | E Time: 10.430s | ~Time Left: 1773.032s |  Train Loss: 0.3602 | Train Acc. 84.9000% | Test Loss: 0.4053 | Test Acc. 81.5000%
Train AUC: 0.912487
Valid AUC: 0.88815
AdamP on PCam_transformed: T 2/3 | E 31/200 Ended | E Time: 10.406s | ~Time Left: 1758.620s |  Train Loss: 0.3744 | Train Acc. 83.7500% | Test Loss: 0.4290 | Test Acc. 80.5000%
Train AUC: 0.9119229999999999
Valid AUC: 0.895675
AdamP on PCam_transformed: T 2/3 | E 32/200 Ended | E Time: 10.375s | ~Time Left: 1742.975s |  Train Loss: 0.3791 | Train Acc. 84.2000% | Test Loss: 0.4220 | Test Acc. 81.2500%
Train AUC: 0.9176380000000001
Valid AUC: 0.8944
AdamP on PCam_transformed: T 2/3 | E 33/200 Ended | E Time: 10.426s | ~Time Left: 1741.160s |  Train Loss: 0.3634 | Train Acc. 84.3500% | Test Loss: 0.4080 | Test Acc. 82.0000%
Train AUC: 0.9198649999999998
Valid AUC: 0.898575
AdamP on PCam_transformed: T 2/3 | E 34/200 Ended | E Time: 10.450s | ~Time Left: 1734.782s |  Train Loss: 0.3639 | Train Acc. 85.6000% | Test Loss: 0.4096 | Test Acc. 82.0000%
Train AUC: 0.915641
Valid AUC: 0.902775
AdamP on PCam_transformed: T 2/3 | E 35/200 Ended | E Time: 10.369s | ~Time Left: 1710.876s |  Train Loss: 0.3721 | Train Acc. 84.8000% | Test Loss: 0.3985 | Test Acc. 83.2500%
Train AUC: 0.91606
Valid AUC: 0.9006500000000001
AdamP on PCam_transformed: T 2/3 | E 36/200 Ended | E Time: 10.466s | ~Time Left: 1716.376s |  Train Loss: 0.3659 | Train Acc. 84.1500% | Test Loss: 0.4135 | Test Acc. 81.5000%
Train AUC: 0.9208989999999999
Valid AUC: 0.893475
AdamP on PCam_transformed: T 2/3 | E 37/200 Ended | E Time: 10.383s | ~Time Left: 1692.398s |  Train Loss: 0.3562 | Train Acc. 85.2000% | Test Loss: 0.4559 | Test Acc. 80.2500%
Train AUC: 0.920258
Valid AUC: 0.9005249999999999
AdamP on PCam_transformed: T 2/3 | E 38/200 Ended | E Time: 10.361s | ~Time Left: 1678.534s |  Train Loss: 0.3578 | Train Acc. 85.0000% | Test Loss: 0.4126 | Test Acc. 82.5000%
Train AUC: 0.929253
Valid AUC: 0.8699
AdamP on PCam_transformed: T 2/3 | E 39/200 Ended | E Time: 10.444s | ~Time Left: 1681.542s |  Train Loss: 0.3400 | Train Acc. 86.0500% | Test Loss: 0.4584 | Test Acc. 79.2500%
Train AUC: 0.920435
Valid AUC: 0.881625
AdamP on PCam_transformed: T 2/3 | E 40/200 Ended | E Time: 10.474s | ~Time Left: 1675.902s |  Train Loss: 0.3573 | Train Acc. 83.8000% | Test Loss: 0.4557 | Test Acc. 79.5000%
Train AUC: 0.9261050000000001
Valid AUC: 0.8960250000000001
AdamP on PCam_transformed: T 2/3 | E 41/200 Ended | E Time: 10.452s | ~Time Left: 1661.795s |  Train Loss: 0.3443 | Train Acc. 85.1000% | Test Loss: 0.4157 | Test Acc. 81.7500%
Train AUC: 0.9303929999999998
Valid AUC: 0.8971
AdamP on PCam_transformed: T 2/3 | E 42/200 Ended | E Time: 10.382s | ~Time Left: 1640.286s |  Train Loss: 0.3312 | Train Acc. 86.9500% | Test Loss: 0.4236 | Test Acc. 81.0000%
Train AUC: 0.9291750000000001
Valid AUC: 0.8928999999999999
AdamP on PCam_transformed: T 2/3 | E 43/200 Ended | E Time: 10.365s | ~Time Left: 1627.273s |  Train Loss: 0.3377 | Train Acc. 85.6000% | Test Loss: 0.5613 | Test Acc. 75.5000%
Train AUC: 0.931989
Valid AUC: 0.911375
AdamP on PCam_transformed: T 2/3 | E 44/200 Ended | E Time: 10.432s | ~Time Left: 1627.352s |  Train Loss: 0.3305 | Train Acc. 86.1500% | Test Loss: 0.3886 | Test Acc. 83.0000%
Train AUC: 0.929122
Valid AUC: 0.8863000000000001
AdamP on PCam_transformed: T 2/3 | E 45/200 Ended | E Time: 10.393s | ~Time Left: 1610.903s |  Train Loss: 0.3376 | Train Acc. 85.7000% | Test Loss: 0.4273 | Test Acc. 79.0000%
Train AUC: 0.9262880000000001
Valid AUC: 0.899425
AdamP on PCam_transformed: T 2/3 | E 46/200 Ended | E Time: 10.370s | ~Time Left: 1596.926s |  Train Loss: 0.3428 | Train Acc. 85.5500% | Test Loss: 0.4814 | Test Acc. 81.2500%
Train AUC: 0.9221849999999999
Valid AUC: 0.899175
AdamP on PCam_transformed: T 2/3 | E 47/200 Ended | E Time: 10.449s | ~Time Left: 1598.628s |  Train Loss: 0.3625 | Train Acc. 85.3000% | Test Loss: 0.4078 | Test Acc. 80.2500%
Train AUC: 0.932752
Valid AUC: 0.8956000000000001
AdamP on PCam_transformed: T 2/3 | E 48/200 Ended | E Time: 10.439s | ~Time Left: 1586.695s |  Train Loss: 0.3339 | Train Acc. 86.5500% | Test Loss: 0.4708 | Test Acc. 81.0000%
Train AUC: 0.9335790000000002
Valid AUC: 0.894825
AdamP on PCam_transformed: T 2/3 | E 49/200 Ended | E Time: 10.454s | ~Time Left: 1578.622s |  Train Loss: 0.3277 | Train Acc. 85.9000% | Test Loss: 0.4124 | Test Acc. 80.2500%
Train AUC: 0.9350609999999999
Valid AUC: 0.8810000000000001
AdamP on PCam_transformed: T 2/3 | E 50/200 Ended | E Time: 10.429s | ~Time Left: 1564.318s |  Train Loss: 0.3230 | Train Acc. 85.5500% | Test Loss: 0.5841 | Test Acc. 73.7500%
Train AUC: 0.937724
Valid AUC: 0.8905
AdamP on PCam_transformed: T 2/3 | E 51/200 Ended | E Time: 10.446s | ~Time Left: 1556.468s |  Train Loss: 0.3204 | Train Acc. 86.6000% | Test Loss: 0.4315 | Test Acc. 80.5000%
Train AUC: 0.940852
Valid AUC: 0.9029250000000001
AdamP on PCam_transformed: T 2/3 | E 52/200 Ended | E Time: 10.424s | ~Time Left: 1542.695s |  Train Loss: 0.3093 | Train Acc. 86.9000% | Test Loss: 0.4523 | Test Acc. 83.7500%
Train AUC: 0.9378110000000001
Valid AUC: 0.9137500000000001
AdamP on PCam_transformed: T 2/3 | E 53/200 Ended | E Time: 10.420s | ~Time Left: 1531.765s |  Train Loss: 0.3159 | Train Acc. 86.9500% | Test Loss: 0.3953 | Test Acc. 83.2500%
Train AUC: 0.9402520000000001
Valid AUC: 0.88975
AdamP on PCam_transformed: T 2/3 | E 54/200 Ended | E Time: 10.265s | ~Time Left: 1498.633s |  Train Loss: 0.3096 | Train Acc. 86.9500% | Test Loss: 0.4961 | Test Acc. 77.2500%
Train AUC: 0.938396
Valid AUC: 0.908125
AdamP on PCam_transformed: T 2/3 | E 55/200 Ended | E Time: 10.251s | ~Time Left: 1486.421s |  Train Loss: 0.3167 | Train Acc. 87.1500% | Test Loss: 0.3868 | Test Acc. 82.2500%
Train AUC: 0.9451050000000001
Valid AUC: 0.8936
AdamP on PCam_transformed: T 2/3 | E 56/200 Ended | E Time: 10.316s | ~Time Left: 1485.469s |  Train Loss: 0.3001 | Train Acc. 87.0000% | Test Loss: 0.4345 | Test Acc. 80.5000%
Train AUC: 0.9340799999999999
Valid AUC: 0.9093499999999999
AdamP on PCam_transformed: T 2/3 | E 57/200 Ended | E Time: 10.371s | ~Time Left: 1482.997s |  Train Loss: 0.3241 | Train Acc. 86.8000% | Test Loss: 0.4082 | Test Acc. 81.7500%
Traceback (most recent call last):
  File "src/adas/train.py", line 871, in <module>
    main(args)
  File "src/adas/train.py", line 834, in main
    main_worker(args.gpu, ngpus_per_node, args)
  File "src/adas/train.py", line 863, in main_worker
    training_agent.train()
  File "src/adas/train.py", line 411, in train
    self.run_epochs(trial, epochs)
  File "src/adas/train.py", line 443, in run_epochs
    df.to_excel(self.output_filename)
  File "/project/6060173/zhan8425/HistoKT/ENV/lib/python3.8/site-packages/pandas/core/generic.py", line 2189, in to_excel
    formatter.write(
  File "/project/6060173/zhan8425/HistoKT/ENV/lib/python3.8/site-packages/pandas/io/formats/excel.py", line 831, in write
    writer.close()
  File "/project/6060173/zhan8425/HistoKT/ENV/lib/python3.8/site-packages/pandas/io/excel/_base.py", line 898, in close
    content = self.save()
  File "/project/6060173/zhan8425/HistoKT/ENV/lib/python3.8/site-packages/pandas/io/excel/_openpyxl.py", line 54, in save
    self.book.save(self.handles.handle)
  File "/project/6060173/zhan8425/HistoKT/ENV/lib/python3.8/site-packages/openpyxl/workbook/workbook.py", line 407, in save
    save_workbook(self, filename)
  File "/project/6060173/zhan8425/HistoKT/ENV/lib/python3.8/site-packages/openpyxl/writer/excel.py", line 293, in save_workbook
    writer.save()
  File "/project/6060173/zhan8425/HistoKT/ENV/lib/python3.8/site-packages/openpyxl/writer/excel.py", line 275, in save
    self.write_data()
  File "/project/6060173/zhan8425/HistoKT/ENV/lib/python3.8/site-packages/openpyxl/writer/excel.py", line 67, in write_data
    archive.writestr(ARC_APP, tostring(props.to_tree()))
  File "/cvmfs/soft.computecanada.ca/easybuild/software/2020/avx2/Core/python/3.8.2/lib/python3.8/zipfile.py", line 1817, in writestr
    dest.write(data)
  File "/cvmfs/soft.computecanada.ca/easybuild/software/2020/avx2/Core/python/3.8.2/lib/python3.8/zipfile.py", line 1180, in close
    self._fileobj.seek(self._zinfo.header_offset)
OSError: [Errno 122] Disk quota exceeded
Exception ignored in: <function ZipFile.__del__ at 0x2ba30b8ff3a0>
Traceback (most recent call last):
  File "/cvmfs/soft.computecanada.ca/easybuild/software/2020/avx2/Core/python/3.8.2/lib/python3.8/zipfile.py", line 1821, in __del__
    self.close()
  File "/cvmfs/soft.computecanada.ca/easybuild/software/2020/avx2/Core/python/3.8.2/lib/python3.8/zipfile.py", line 1838, in close
    self.fp.seek(self.start_dir)
OSError: [Errno 122] Disk quota exceeded
Adas: Argument Parser Options
---------------------------------------------
    config              : PostTrainingConfigs/PCam_transformed_testing/AdamP/lr-0.0001-config-AdamP.yaml
    data                : /localscratch/zhan8425.6958643.0        
    output              : ADP_post_trained/PCam_transformed/AdamP/output/deep_tuning
    checkpoint          : ADP_post_trained/PCam_transformed/AdamP/checkpoint/deep_tuning/lr-0.0001
    resume              : None                                    
    pretrained_model    : /home/zhan8425/projects/def-plato/zhan8425/HistoKT/.Adas-checkpoint/ADP/best_trial_2.pth.tar
    freeze_encoder      : 0                                       
    root                : .                                       
    save_freq           : 25                                      
    cpu                 : 0                                       
    gpu                 : 0                                       
    mpd                 : 0                                       
    dist_url            : tcp://127.0.0.1:23456                   
    dist_backend        : nccl                                    
    world_size          : -1                                      
    rank                : -1                                      
---------------------------------------------
Adas: Notice: early stop will not be used as it was set to -1.0, training till completion
Adas: Experiment Configuration
---------------------------------------------
    dataset              PCam_transformed    
    network              ResNet18            
    optimizer            AdamP               
    scheduler            None                
    level                L3Only              
    color_kwargs         {'augmentation': 'Color-Distortion', 'distortion': 0.3}
    degree_of_rotation   45                  
    vertical_flipping    0.5                 
    horizontal_flipping  0.5                 
    horizontal_shift     0.1                 
    vertical_shift       0.1                 
    gaussian_blur        0                   
    kernel_size          9                   
    variance             0.1                 
    cutout               0                   
    n_holes              1                   
    cutout_length        16                  
    init_lr              0.0001              
    early_stop_threshold -1.0                
    optimizer_kwargs     {'weight_decay': 0.0005}
    scheduler_kwargs     {'gamma': 0.5, 'step_size': 20.0}
    p                    1                   
    start_trial          0                   
    n_trials             3                   
    num_workers          4                   
    max_epochs           200                 
    mini_batch_size      32                  
    loss                 cross_entropy       
    early_stop_patience  10                  
---------------------------------------------
Adas: Pytorch device is set to cuda
Train AUC: 0.799288
Valid AUC: 0.8458749999999999
AdamP on PCam_transformed: T 1/3 | E 1/200 Ended | E Time: 10.704s | ~Time Left: 2130.152s |  Train Loss: 0.5504 | Train Acc. 72.1000% | Test Loss: 0.4981 | Test Acc. 74.5000%
Traceback (most recent call last):
  File "/project/6060173/zhan8425/HistoKT/ENV/lib/python3.8/site-packages/torch/serialization.py", line 372, in save
    _save(obj, opened_zipfile, pickle_module, pickle_protocol)
  File "/project/6060173/zhan8425/HistoKT/ENV/lib/python3.8/site-packages/torch/serialization.py", line 491, in _save
    zip_file.write_record(name, storage.data_ptr(), num_bytes)
OSError: [Errno 122] Disk quota exceeded

During handling of the above exception, another exception occurred:

Traceback (most recent call last):
  File "/project/6060173/zhan8425/HistoKT/ENV/lib/python3.8/site-packages/torch/serialization.py", line 373, in save
    return
  File "/project/6060173/zhan8425/HistoKT/ENV/lib/python3.8/site-packages/torch/serialization.py", line 259, in __exit__
    self.file_like.write_end_of_file()
RuntimeError: [enforce fail at inline_container.cc:274] . unexpected pos 3775744 vs 3775632

During handling of the above exception, another exception occurred:

Traceback (most recent call last):
  File "src/adas/train.py", line 871, in <module>
    main(args)
  File "src/adas/train.py", line 834, in main
    main_worker(args.gpu, ngpus_per_node, args)
  File "src/adas/train.py", line 863, in main_worker
    training_agent.train()
  File "src/adas/train.py", line 411, in train
    self.run_epochs(trial, epochs)
  File "src/adas/train.py", line 462, in run_epochs
    torch.save(data, str(self.checkpoint_path / filename))
  File "/project/6060173/zhan8425/HistoKT/ENV/lib/python3.8/site-packages/torch/serialization.py", line 374, in save
    _legacy_save(obj, opened_file, pickle_module, pickle_protocol)
  File "/project/6060173/zhan8425/HistoKT/ENV/lib/python3.8/site-packages/torch/serialization.py", line 214, in __exit__
    self.file_like.close()
OSError: [Errno 122] Disk quota exceeded
terminate called after throwing an instance of 'c10::Error'
  what():  [enforce fail at inline_container.cc:274] . unexpected pos 3775744 vs 3775632
frame #0: c10::ThrowEnforceNotMet(char const*, int, char const*, std::string const&, void const*) + 0x47 (0x2acb60efb0e7 in /project/6060173/zhan8425/HistoKT/ENV/lib/python3.8/site-packages/torch/lib/libc10.so)
frame #1: <unknown function> + 0x206a420 (0x2acb1108f420 in /project/6060173/zhan8425/HistoKT/ENV/lib/python3.8/site-packages/torch/lib/libtorch_cpu.so)
frame #2: <unknown function> + 0x20665f3 (0x2acb1108b5f3 in /project/6060173/zhan8425/HistoKT/ENV/lib/python3.8/site-packages/torch/lib/libtorch_cpu.so)
frame #3: caffe2::serialize::PyTorchStreamWriter::writeRecord(std::string const&, void const*, unsigned long, bool) + 0xa9 (0x2acb1108fd99 in /project/6060173/zhan8425/HistoKT/ENV/lib/python3.8/site-packages/torch/lib/libtorch_cpu.so)
frame #4: caffe2::serialize::PyTorchStreamWriter::writeEndOfFile() + 0xe1 (0x2acb110908d1 in /project/6060173/zhan8425/HistoKT/ENV/lib/python3.8/site-packages/torch/lib/libtorch_cpu.so)
frame #5: caffe2::serialize::PyTorchStreamWriter::~PyTorchStreamWriter() + 0x115 (0x2acb110910c5 in /project/6060173/zhan8425/HistoKT/ENV/lib/python3.8/site-packages/torch/lib/libtorch_cpu.so)
frame #6: <unknown function> + 0x737903 (0x2acb0df5c903 in /project/6060173/zhan8425/HistoKT/ENV/lib/python3.8/site-packages/torch/lib/libtorch_python.so)
frame #7: <unknown function> + 0x369b90 (0x2acb0db8eb90 in /project/6060173/zhan8425/HistoKT/ENV/lib/python3.8/site-packages/torch/lib/libtorch_python.so)
frame #8: <unknown function> + 0x36adfe (0x2acb0db8fdfe in /project/6060173/zhan8425/HistoKT/ENV/lib/python3.8/site-packages/torch/lib/libtorch_python.so)
<omitting python frames>
frame #22: __libc_start_main + 0xeb (0x2acb0b474e1b in /cvmfs/soft.computecanada.ca/gentoo/2020/lib64/libc.so.6)

/var/spool/slurmd/job6958643/slurm_script: line 31: 136250 Aborted                 (core dumped) python src/adas/train.py --config PostTrainingConfigs/PCam_transformed_testing/AdamP/lr-0.0001-config-AdamP.yaml --output ADP_post_trained/PCam_transformed/AdamP/output/deep_tuning --checkpoint ADP_post_trained/PCam_transformed/AdamP/checkpoint/deep_tuning/lr-0.0001 --data $SLURM_TMPDIR --pretrained_model /home/zhan8425/projects/def-plato/zhan8425/HistoKT/.Adas-checkpoint/ADP/best_trial_2.pth.tar --freeze_encoder False
