transferring data
Sun Jul  4 20:19:19 PDT 2021

Finished transferring
Sun Jul  4 20:19:20 PDT 2021

Adas: Argument Parser Options
---------------------------------------------
    config              : PostTrainingConfigs/PCam_transformed_testing/AdamP/lr-0.001-config-AdamP.yaml
    data                : /localscratch/zhan8425.6958639.0        
    output              : ADP_post_trained/PCam_transformed/AdamP/output/fine_tuning
    checkpoint          : ADP_post_trained/PCam_transformed/AdamP/checkpoint/fine_tuning/lr-0.001
    resume              : None                                    
    pretrained_model    : /home/zhan8425/projects/def-plato/zhan8425/HistoKT/.Adas-checkpoint/ADP/best_trial_2.pth.tar
    freeze_encoder      : 1                                       
    root                : .                                       
    save_freq           : 25                                      
    cpu                 : 0                                       
    gpu                 : 0                                       
    mpd                 : 0                                       
    dist_url            : tcp://127.0.0.1:23456                   
    dist_backend        : nccl                                    
    world_size          : -1                                      
    rank                : -1                                      
---------------------------------------------
Adas: Notice: early stop will not be used as it was set to -1.0, training till completion
Adas: Experiment Configuration
---------------------------------------------
    dataset              PCam_transformed    
    network              ResNet18            
    optimizer            AdamP               
    scheduler            None                
    level                L3Only              
    color_kwargs         {'augmentation': 'Color-Distortion', 'distortion': 0.3}
    degree_of_rotation   45                  
    vertical_flipping    0.5                 
    horizontal_flipping  0.5                 
    horizontal_shift     0.1                 
    vertical_shift       0.1                 
    gaussian_blur        0                   
    kernel_size          9                   
    variance             0.1                 
    cutout               0                   
    n_holes              1                   
    cutout_length        16                  
    init_lr              0.001               
    early_stop_threshold -1.0                
    optimizer_kwargs     {'weight_decay': 0.0005}
    scheduler_kwargs     {'gamma': 0.5, 'step_size': 20.0}
    p                    1                   
    start_trial          0                   
    n_trials             3                   
    num_workers          4                   
    max_epochs           200                 
    mini_batch_size      32                  
    loss                 cross_entropy       
    early_stop_patience  10                  
---------------------------------------------
Adas: Pytorch device is set to cuda
Train AUC: 0.707159
Valid AUC: 0.8122500000000001
AdamP on PCam_transformed: T 1/3 | E 1/200 Ended | E Time: 11.031s | ~Time Left: 2195.115s |  Train Loss: 0.6829 | Train Acc. 69.0000% | Test Loss: 0.5662 | Test Acc. 73.5000%
Train AUC: 0.7877360000000001
Valid AUC: 0.833375
AdamP on PCam_transformed: T 1/3 | E 2/200 Ended | E Time: 10.349s | ~Time Left: 2049.180s |  Train Loss: 0.5468 | Train Acc. 74.2500% | Test Loss: 0.5304 | Test Acc. 74.2500%
Train AUC: 0.794498
Valid AUC: 0.8327249999999999
AdamP on PCam_transformed: T 1/3 | E 3/200 Ended | E Time: 10.440s | ~Time Left: 2056.737s |  Train Loss: 0.5517 | Train Acc. 74.3500% | Test Loss: 0.5021 | Test Acc. 76.2500%
Train AUC: 0.8438389999999999
Valid AUC: 0.8378749999999999
AdamP on PCam_transformed: T 1/3 | E 4/200 Ended | E Time: 10.387s | ~Time Left: 2035.863s |  Train Loss: 0.4970 | Train Acc. 77.4000% | Test Loss: 0.5130 | Test Acc. 75.5000%
Train AUC: 0.8282980000000001
Valid AUC: 0.8259749999999999
AdamP on PCam_transformed: T 1/3 | E 5/200 Ended | E Time: 10.473s | ~Time Left: 2042.230s |  Train Loss: 0.5082 | Train Acc. 76.9000% | Test Loss: 0.5115 | Test Acc. 77.0000%
Train AUC: 0.8390439999999999
Valid AUC: 0.8037750000000001
AdamP on PCam_transformed: T 1/3 | E 6/200 Ended | E Time: 10.464s | ~Time Left: 2030.045s |  Train Loss: 0.4998 | Train Acc. 77.0000% | Test Loss: 0.6410 | Test Acc. 65.5000%
Train AUC: 0.8522479999999999
Valid AUC: 0.827825
AdamP on PCam_transformed: T 1/3 | E 7/200 Ended | E Time: 10.420s | ~Time Left: 2011.120s |  Train Loss: 0.4804 | Train Acc. 78.0500% | Test Loss: 0.5085 | Test Acc. 75.0000%
Train AUC: 0.838773
Valid AUC: 0.8258249999999999
AdamP on PCam_transformed: T 1/3 | E 8/200 Ended | E Time: 10.557s | ~Time Left: 2027.026s |  Train Loss: 0.4990 | Train Acc. 78.0500% | Test Loss: 0.5599 | Test Acc. 75.0000%
Train AUC: 0.8388260000000001
Valid AUC: 0.8092000000000001
AdamP on PCam_transformed: T 1/3 | E 9/200 Ended | E Time: 10.470s | ~Time Left: 1999.823s |  Train Loss: 0.5024 | Train Acc. 77.3000% | Test Loss: 0.5680 | Test Acc. 70.5000%
Train AUC: 0.857084
Valid AUC: 0.82895
AdamP on PCam_transformed: T 1/3 | E 10/200 Ended | E Time: 10.476s | ~Time Left: 1990.390s |  Train Loss: 0.4734 | Train Acc. 78.1000% | Test Loss: 0.5146 | Test Acc. 73.7500%
Train AUC: 0.854883
Valid AUC: 0.8500499999999999
AdamP on PCam_transformed: T 1/3 | E 11/200 Ended | E Time: 10.485s | ~Time Left: 1981.594s |  Train Loss: 0.4751 | Train Acc. 79.0000% | Test Loss: 0.4994 | Test Acc. 77.0000%
Train AUC: 0.8511860000000001
Valid AUC: 0.848175
AdamP on PCam_transformed: T 1/3 | E 12/200 Ended | E Time: 10.458s | ~Time Left: 1966.027s |  Train Loss: 0.4771 | Train Acc. 77.8000% | Test Loss: 0.4823 | Test Acc. 76.7500%
Train AUC: 0.852107
Valid AUC: 0.8301499999999999
AdamP on PCam_transformed: T 1/3 | E 13/200 Ended | E Time: 10.699s | ~Time Left: 2000.776s |  Train Loss: 0.4804 | Train Acc. 78.7500% | Test Loss: 0.5113 | Test Acc. 76.2500%
Train AUC: 0.863492
Valid AUC: 0.853825
AdamP on PCam_transformed: T 1/3 | E 14/200 Ended | E Time: 10.484s | ~Time Left: 1950.096s |  Train Loss: 0.4621 | Train Acc. 79.7000% | Test Loss: 0.5656 | Test Acc. 76.2500%
Train AUC: 0.858422
Valid AUC: 0.847275
AdamP on PCam_transformed: T 1/3 | E 15/200 Ended | E Time: 10.462s | ~Time Left: 1935.404s |  Train Loss: 0.4691 | Train Acc. 79.5000% | Test Loss: 0.4728 | Test Acc. 76.5000%
Train AUC: 0.8649899999999999
Valid AUC: 0.855425
AdamP on PCam_transformed: T 1/3 | E 16/200 Ended | E Time: 10.532s | ~Time Left: 1937.975s |  Train Loss: 0.4628 | Train Acc. 79.9500% | Test Loss: 0.4834 | Test Acc. 75.0000%
Train AUC: 0.875061
Valid AUC: 0.862275
AdamP on PCam_transformed: T 1/3 | E 17/200 Ended | E Time: 10.544s | ~Time Left: 1929.579s |  Train Loss: 0.4442 | Train Acc. 80.5500% | Test Loss: 0.4652 | Test Acc. 78.0000%
Train AUC: 0.863742
Valid AUC: 0.8515249999999999
AdamP on PCam_transformed: T 1/3 | E 18/200 Ended | E Time: 10.532s | ~Time Left: 1916.792s |  Train Loss: 0.4642 | Train Acc. 79.1000% | Test Loss: 0.5340 | Test Acc. 74.7500%
Train AUC: 0.8685139999999999
Valid AUC: 0.752675
AdamP on PCam_transformed: T 1/3 | E 19/200 Ended | E Time: 10.409s | ~Time Left: 1884.072s |  Train Loss: 0.4520 | Train Acc. 80.0500% | Test Loss: 0.5239 | Test Acc. 72.7500%
Train AUC: 0.856235
Valid AUC: 0.8487750000000001
AdamP on PCam_transformed: T 1/3 | E 20/200 Ended | E Time: 10.524s | ~Time Left: 1894.395s |  Train Loss: 0.4790 | Train Acc. 78.9000% | Test Loss: 0.4940 | Test Acc. 76.7500%
Train AUC: 0.8728039999999999
Valid AUC: 0.8106500000000001
AdamP on PCam_transformed: T 1/3 | E 21/200 Ended | E Time: 10.484s | ~Time Left: 1876.586s |  Train Loss: 0.4513 | Train Acc. 79.3500% | Test Loss: 0.6392 | Test Acc. 66.2500%
Train AUC: 0.869657
Valid AUC: 0.810725
AdamP on PCam_transformed: T 1/3 | E 22/200 Ended | E Time: 10.422s | ~Time Left: 1855.041s |  Train Loss: 0.4505 | Train Acc. 80.1500% | Test Loss: 0.5859 | Test Acc. 66.5000%
Train AUC: 0.875872
Valid AUC: 0.844225
AdamP on PCam_transformed: T 1/3 | E 23/200 Ended | E Time: 10.555s | ~Time Left: 1868.325s |  Train Loss: 0.4444 | Train Acc. 80.4500% | Test Loss: 0.5772 | Test Acc. 71.5000%
Train AUC: 0.8556909999999999
Valid AUC: 0.877875
AdamP on PCam_transformed: T 1/3 | E 24/200 Ended | E Time: 10.497s | ~Time Left: 1847.415s |  Train Loss: 0.4766 | Train Acc. 78.8500% | Test Loss: 0.4612 | Test Acc. 77.2500%
Train AUC: 0.873707
Valid AUC: 0.8723
AdamP on PCam_transformed: T 1/3 | E 25/200 Ended | E Time: 10.505s | ~Time Left: 1838.397s |  Train Loss: 0.4467 | Train Acc. 79.3500% | Test Loss: 0.4538 | Test Acc. 77.5000%
Train AUC: 0.8735860000000001
Valid AUC: 0.83985
AdamP on PCam_transformed: T 1/3 | E 26/200 Ended | E Time: 10.430s | ~Time Left: 1814.788s |  Train Loss: 0.4421 | Train Acc. 81.3000% | Test Loss: 0.5219 | Test Acc. 76.7500%
Train AUC: 0.871418
Valid AUC: 0.855825
AdamP on PCam_transformed: T 1/3 | E 27/200 Ended | E Time: 10.396s | ~Time Left: 1798.470s |  Train Loss: 0.4510 | Train Acc. 80.3500% | Test Loss: 0.4597 | Test Acc. 78.0000%
Train AUC: 0.869408
Valid AUC: 0.8553
AdamP on PCam_transformed: T 1/3 | E 28/200 Ended | E Time: 10.493s | ~Time Left: 1804.800s |  Train Loss: 0.4512 | Train Acc. 80.1000% | Test Loss: 0.4758 | Test Acc. 76.5000%
Train AUC: 0.870621
Valid AUC: 0.86295
AdamP on PCam_transformed: T 1/3 | E 29/200 Ended | E Time: 10.385s | ~Time Left: 1775.767s |  Train Loss: 0.4517 | Train Acc. 80.0000% | Test Loss: 0.4685 | Test Acc. 77.0000%
Train AUC: 0.8743070000000001
Valid AUC: 0.8302
AdamP on PCam_transformed: T 1/3 | E 30/200 Ended | E Time: 10.432s | ~Time Left: 1773.492s |  Train Loss: 0.4444 | Train Acc. 80.2500% | Test Loss: 0.5124 | Test Acc. 81.0000%
Train AUC: 0.881144
Valid AUC: 0.8562500000000001
AdamP on PCam_transformed: T 1/3 | E 31/200 Ended | E Time: 10.529s | ~Time Left: 1779.362s |  Train Loss: 0.4322 | Train Acc. 80.9500% | Test Loss: 0.4836 | Test Acc. 77.7500%
Train AUC: 0.8791819999999999
Valid AUC: 0.850425
AdamP on PCam_transformed: T 1/3 | E 32/200 Ended | E Time: 10.525s | ~Time Left: 1768.167s |  Train Loss: 0.4349 | Train Acc. 81.3000% | Test Loss: 0.4673 | Test Acc. 78.2500%
Train AUC: 0.8754529999999999
Valid AUC: 0.856075
AdamP on PCam_transformed: T 1/3 | E 33/200 Ended | E Time: 10.504s | ~Time Left: 1754.232s |  Train Loss: 0.4367 | Train Acc. 80.9500% | Test Loss: 0.4757 | Test Acc. 77.7500%
Train AUC: 0.88007
Valid AUC: 0.85795
AdamP on PCam_transformed: T 1/3 | E 34/200 Ended | E Time: 10.610s | ~Time Left: 1761.277s |  Train Loss: 0.4371 | Train Acc. 80.8500% | Test Loss: 0.4873 | Test Acc. 75.5000%
Train AUC: 0.876201
Valid AUC: 0.875075
AdamP on PCam_transformed: T 1/3 | E 35/200 Ended | E Time: 10.489s | ~Time Left: 1730.726s |  Train Loss: 0.4385 | Train Acc. 80.5000% | Test Loss: 0.5053 | Test Acc. 77.7500%
Train AUC: 0.883835
Valid AUC: 0.8784249999999999
AdamP on PCam_transformed: T 1/3 | E 36/200 Ended | E Time: 10.596s | ~Time Left: 1737.697s |  Train Loss: 0.4265 | Train Acc. 81.0000% | Test Loss: 0.4376 | Test Acc. 79.0000%
Train AUC: 0.8824989999999999
Valid AUC: 0.874125
AdamP on PCam_transformed: T 1/3 | E 37/200 Ended | E Time: 10.446s | ~Time Left: 1702.718s |  Train Loss: 0.4311 | Train Acc. 81.6000% | Test Loss: 0.4405 | Test Acc. 77.5000%
Train AUC: 0.878095
Valid AUC: 0.860975
AdamP on PCam_transformed: T 1/3 | E 38/200 Ended | E Time: 10.440s | ~Time Left: 1691.324s |  Train Loss: 0.4347 | Train Acc. 80.9000% | Test Loss: 0.4654 | Test Acc. 76.7500%
Train AUC: 0.8861499999999999
Valid AUC: 0.8490249999999999
AdamP on PCam_transformed: T 1/3 | E 39/200 Ended | E Time: 10.400s | ~Time Left: 1674.329s |  Train Loss: 0.4271 | Train Acc. 81.3500% | Test Loss: 0.4838 | Test Acc. 76.0000%
Train AUC: 0.875198
Valid AUC: 0.8400000000000001
AdamP on PCam_transformed: T 1/3 | E 40/200 Ended | E Time: 10.466s | ~Time Left: 1674.555s |  Train Loss: 0.4406 | Train Acc. 79.8500% | Test Loss: 0.5316 | Test Acc. 75.0000%
Train AUC: 0.8856879999999998
Valid AUC: 0.87405
AdamP on PCam_transformed: T 1/3 | E 41/200 Ended | E Time: 10.621s | ~Time Left: 1688.757s |  Train Loss: 0.4242 | Train Acc. 82.2500% | Test Loss: 0.4461 | Test Acc. 79.0000%
Train AUC: 0.8855129999999999
Valid AUC: 0.8555
AdamP on PCam_transformed: T 1/3 | E 42/200 Ended | E Time: 10.528s | ~Time Left: 1663.449s |  Train Loss: 0.4248 | Train Acc. 81.7000% | Test Loss: 0.5217 | Test Acc. 77.7500%
Train AUC: 0.8842189999999999
Valid AUC: 0.855675
AdamP on PCam_transformed: T 1/3 | E 43/200 Ended | E Time: 10.425s | ~Time Left: 1636.696s |  Train Loss: 0.4239 | Train Acc. 81.8000% | Test Loss: 0.4846 | Test Acc. 78.0000%
Train AUC: 0.8791449999999998
Valid AUC: 0.8723249999999999
AdamP on PCam_transformed: T 1/3 | E 44/200 Ended | E Time: 10.415s | ~Time Left: 1624.665s |  Train Loss: 0.4371 | Train Acc. 80.4500% | Test Loss: 0.4303 | Test Acc. 79.5000%
Train AUC: 0.8891019999999998
Valid AUC: 0.885675
AdamP on PCam_transformed: T 1/3 | E 45/200 Ended | E Time: 10.461s | ~Time Left: 1621.511s |  Train Loss: 0.4206 | Train Acc. 81.8000% | Test Loss: 0.4319 | Test Acc. 79.7500%
Train AUC: 0.878069
Valid AUC: 0.866225
AdamP on PCam_transformed: T 1/3 | E 46/200 Ended | E Time: 10.504s | ~Time Left: 1617.684s |  Train Loss: 0.4397 | Train Acc. 80.3000% | Test Loss: 0.4539 | Test Acc. 80.2500%
Train AUC: 0.885122
Valid AUC: 0.86555
AdamP on PCam_transformed: T 1/3 | E 47/200 Ended | E Time: 10.554s | ~Time Left: 1614.723s |  Train Loss: 0.4297 | Train Acc. 80.8500% | Test Loss: 0.4818 | Test Acc. 75.5000%
Train AUC: 0.8762859999999999
Valid AUC: 0.884775
AdamP on PCam_transformed: T 1/3 | E 48/200 Ended | E Time: 10.517s | ~Time Left: 1598.510s |  Train Loss: 0.4394 | Train Acc. 80.7000% | Test Loss: 0.4220 | Test Acc. 80.0000%
Train AUC: 0.87688
Valid AUC: 0.87805
AdamP on PCam_transformed: T 1/3 | E 49/200 Ended | E Time: 10.483s | ~Time Left: 1583.008s |  Train Loss: 0.4393 | Train Acc. 81.0500% | Test Loss: 0.4358 | Test Acc. 79.2500%
Train AUC: 0.890227
Valid AUC: 0.872425
AdamP on PCam_transformed: T 1/3 | E 50/200 Ended | E Time: 10.450s | ~Time Left: 1567.490s |  Train Loss: 0.4169 | Train Acc. 82.1500% | Test Loss: 0.4399 | Test Acc. 77.0000%
Train AUC: 0.892484
Valid AUC: 0.8650000000000001
AdamP on PCam_transformed: T 1/3 | E 51/200 Ended | E Time: 10.484s | ~Time Left: 1562.078s |  Train Loss: 0.4150 | Train Acc. 81.5000% | Test Loss: 0.4610 | Test Acc. 78.0000%
Train AUC: 0.876652
Valid AUC: 0.86115
AdamP on PCam_transformed: T 1/3 | E 52/200 Ended | E Time: 10.431s | ~Time Left: 1543.743s |  Train Loss: 0.4380 | Train Acc. 81.0500% | Test Loss: 0.4806 | Test Acc. 78.7500%
Train AUC: 0.886073
Valid AUC: 0.86815
AdamP on PCam_transformed: T 1/3 | E 53/200 Ended | E Time: 10.505s | ~Time Left: 1544.251s |  Train Loss: 0.4256 | Train Acc. 81.1500% | Test Loss: 0.4720 | Test Acc. 79.0000%
Train AUC: 0.884375
Valid AUC: 0.8773749999999999
AdamP on PCam_transformed: T 1/3 | E 54/200 Ended | E Time: 10.469s | ~Time Left: 1528.452s |  Train Loss: 0.4265 | Train Acc. 81.0000% | Test Loss: 0.4417 | Test Acc. 78.2500%
Train AUC: 0.8862489999999998
Valid AUC: 0.8721749999999999
AdamP on PCam_transformed: T 1/3 | E 55/200 Ended | E Time: 10.428s | ~Time Left: 1512.013s |  Train Loss: 0.4234 | Train Acc. 81.2500% | Test Loss: 0.4645 | Test Acc. 78.0000%
Train AUC: 0.891478
Valid AUC: 0.8671749999999999
AdamP on PCam_transformed: T 1/3 | E 56/200 Ended | E Time: 10.443s | ~Time Left: 1503.734s |  Train Loss: 0.4150 | Train Acc. 81.5500% | Test Loss: 0.4679 | Test Acc. 78.0000%
Train AUC: 0.892406
Valid AUC: 0.88045
AdamP on PCam_transformed: T 1/3 | E 57/200 Ended | E Time: 10.405s | ~Time Left: 1487.966s |  Train Loss: 0.4135 | Train Acc. 82.0000% | Test Loss: 0.4189 | Test Acc. 79.2500%
Train AUC: 0.8906109999999999
Valid AUC: 0.879525
AdamP on PCam_transformed: T 1/3 | E 58/200 Ended | E Time: 10.535s | ~Time Left: 1496.035s |  Train Loss: 0.4162 | Train Acc. 81.7500% | Test Loss: 0.4347 | Test Acc. 78.7500%
Train AUC: 0.8858600000000001
Valid AUC: 0.8692
AdamP on PCam_transformed: T 1/3 | E 59/200 Ended | E Time: 10.467s | ~Time Left: 1475.848s |  Train Loss: 0.4231 | Train Acc. 81.6000% | Test Loss: 0.4576 | Test Acc. 79.2500%
Train AUC: 0.8919769999999998
Valid AUC: 0.854175
AdamP on PCam_transformed: T 1/3 | E 60/200 Ended | E Time: 10.434s | ~Time Left: 1460.830s |  Train Loss: 0.4160 | Train Acc. 81.5500% | Test Loss: 0.4768 | Test Acc. 75.7500%
Train AUC: 0.8860049999999999
Valid AUC: 0.872
AdamP on PCam_transformed: T 1/3 | E 61/200 Ended | E Time: 10.460s | ~Time Left: 1453.974s |  Train Loss: 0.4256 | Train Acc. 81.0000% | Test Loss: 0.4638 | Test Acc. 78.7500%
Train AUC: 0.887159
Valid AUC: 0.8754
AdamP on PCam_transformed: T 1/3 | E 62/200 Ended | E Time: 10.502s | ~Time Left: 1449.222s |  Train Loss: 0.4214 | Train Acc. 81.5000% | Test Loss: 0.4451 | Test Acc. 79.5000%
Train AUC: 0.899007
Valid AUC: 0.8586000000000001
AdamP on PCam_transformed: T 1/3 | E 63/200 Ended | E Time: 10.434s | ~Time Left: 1429.429s |  Train Loss: 0.4026 | Train Acc. 82.6000% | Test Loss: 0.4827 | Test Acc. 76.7500%
Train AUC: 0.8918119999999999
Valid AUC: 0.844775
AdamP on PCam_transformed: T 1/3 | E 64/200 Ended | E Time: 10.464s | ~Time Left: 1423.093s |  Train Loss: 0.4124 | Train Acc. 81.3000% | Test Loss: 0.4954 | Test Acc. 76.2500%
Train AUC: 0.8908039999999999
Valid AUC: 0.88835
AdamP on PCam_transformed: T 1/3 | E 65/200 Ended | E Time: 10.438s | ~Time Left: 1409.103s |  Train Loss: 0.4149 | Train Acc. 81.8000% | Test Loss: 0.4289 | Test Acc. 79.5000%
Train AUC: 0.8913429999999999
Valid AUC: 0.763425
AdamP on PCam_transformed: T 1/3 | E 66/200 Ended | E Time: 10.515s | ~Time Left: 1408.945s |  Train Loss: 0.4149 | Train Acc. 82.0000% | Test Loss: 0.5850 | Test Acc. 69.7500%
Train AUC: 0.889287
Valid AUC: 0.8678
AdamP on PCam_transformed: T 1/3 | E 67/200 Ended | E Time: 10.529s | ~Time Left: 1400.313s |  Train Loss: 0.4156 | Train Acc. 82.7500% | Test Loss: 0.4537 | Test Acc. 77.2500%
Train AUC: 0.8985890000000001
Valid AUC: 0.850975
AdamP on PCam_transformed: T 1/3 | E 68/200 Ended | E Time: 10.776s | ~Time Left: 1422.393s |  Train Loss: 0.4004 | Train Acc. 82.4500% | Test Loss: 0.4894 | Test Acc. 76.2500%
Train AUC: 0.896134
Valid AUC: 0.884475
AdamP on PCam_transformed: T 1/3 | E 69/200 Ended | E Time: 10.443s | ~Time Left: 1368.064s |  Train Loss: 0.4073 | Train Acc. 83.0000% | Test Loss: 0.4454 | Test Acc. 78.7500%
Train AUC: 0.896497
Valid AUC: 0.86085
AdamP on PCam_transformed: T 1/3 | E 70/200 Ended | E Time: 10.447s | ~Time Left: 1358.094s |  Train Loss: 0.4088 | Train Acc. 82.7000% | Test Loss: 0.4920 | Test Acc. 76.2500%
Train AUC: 0.8921859999999999
Valid AUC: 0.867325
AdamP on PCam_transformed: T 1/3 | E 71/200 Ended | E Time: 10.426s | ~Time Left: 1344.936s |  Train Loss: 0.4119 | Train Acc. 82.8500% | Test Loss: 0.4477 | Test Acc. 79.0000%
Train AUC: 0.9010969999999999
Valid AUC: 0.8667
AdamP on PCam_transformed: T 1/3 | E 72/200 Ended | E Time: 10.468s | ~Time Left: 1339.845s |  Train Loss: 0.3953 | Train Acc. 83.6000% | Test Loss: 0.4557 | Test Acc. 78.2500%
Train AUC: 0.8895979999999999
Valid AUC: 0.83635
AdamP on PCam_transformed: T 1/3 | E 73/200 Ended | E Time: 10.411s | ~Time Left: 1322.174s |  Train Loss: 0.4098 | Train Acc. 81.8000% | Test Loss: 0.5306 | Test Acc. 75.5000%
Train AUC: 0.900942
Valid AUC: 0.8588
AdamP on PCam_transformed: T 1/3 | E 74/200 Ended | E Time: 10.485s | ~Time Left: 1321.132s |  Train Loss: 0.3978 | Train Acc. 82.7500% | Test Loss: 0.5082 | Test Acc. 78.7500%
Train AUC: 0.887963
Valid AUC: 0.875625
AdamP on PCam_transformed: T 1/3 | E 75/200 Ended | E Time: 10.479s | ~Time Left: 1309.842s |  Train Loss: 0.4227 | Train Acc. 82.0000% | Test Loss: 0.4638 | Test Acc. 77.5000%
Train AUC: 0.893602
Valid AUC: 0.87695
AdamP on PCam_transformed: T 1/3 | E 76/200 Ended | E Time: 10.499s | ~Time Left: 1301.857s |  Train Loss: 0.4107 | Train Acc. 82.0500% | Test Loss: 0.4464 | Test Acc. 79.0000%
Train AUC: 0.905556
Valid AUC: 0.8696750000000001
AdamP on PCam_transformed: T 1/3 | E 77/200 Ended | E Time: 10.512s | ~Time Left: 1292.967s |  Train Loss: 0.3881 | Train Acc. 83.3500% | Test Loss: 0.4696 | Test Acc. 77.5000%
Train AUC: 0.902924
Valid AUC: 0.8510749999999999
AdamP on PCam_transformed: T 1/3 | E 78/200 Ended | E Time: 10.467s | ~Time Left: 1277.017s |  Train Loss: 0.3951 | Train Acc. 83.3500% | Test Loss: 0.5037 | Test Acc. 74.7500%
Train AUC: 0.892028
Valid AUC: 0.8507
AdamP on PCam_transformed: T 1/3 | E 79/200 Ended | E Time: 10.482s | ~Time Left: 1268.276s |  Train Loss: 0.4158 | Train Acc. 82.0000% | Test Loss: 0.4819 | Test Acc. 76.5000%
Train AUC: 0.8836229999999999
Valid AUC: 0.86625
AdamP on PCam_transformed: T 1/3 | E 80/200 Ended | E Time: 10.479s | ~Time Left: 1257.506s |  Train Loss: 0.4249 | Train Acc. 80.9000% | Test Loss: 0.5290 | Test Acc. 75.5000%
Train AUC: 0.896806
Valid AUC: 0.8644250000000001
AdamP on PCam_transformed: T 1/3 | E 81/200 Ended | E Time: 10.490s | ~Time Left: 1248.324s |  Train Loss: 0.4050 | Train Acc. 82.5500% | Test Loss: 0.4770 | Test Acc. 78.5000%
Train AUC: 0.902795
Valid AUC: 0.841425
AdamP on PCam_transformed: T 1/3 | E 82/200 Ended | E Time: 10.669s | ~Time Left: 1258.989s |  Train Loss: 0.3937 | Train Acc. 82.6000% | Test Loss: 0.5142 | Test Acc. 76.5000%
Train AUC: 0.900425
Valid AUC: 0.88275
AdamP on PCam_transformed: T 1/3 | E 83/200 Ended | E Time: 10.423s | ~Time Left: 1219.547s |  Train Loss: 0.4013 | Train Acc. 81.7000% | Test Loss: 0.4357 | Test Acc. 78.5000%
Train AUC: 0.8951269999999999
Valid AUC: 0.8563999999999999
AdamP on PCam_transformed: T 1/3 | E 84/200 Ended | E Time: 10.513s | ~Time Left: 1219.453s |  Train Loss: 0.4095 | Train Acc. 82.0000% | Test Loss: 0.4764 | Test Acc. 77.2500%
Train AUC: 0.9043469999999999
Valid AUC: 0.88765
AdamP on PCam_transformed: T 1/3 | E 85/200 Ended | E Time: 10.379s | ~Time Left: 1193.609s |  Train Loss: 0.3904 | Train Acc. 83.4000% | Test Loss: 0.4411 | Test Acc. 79.7500%
Train AUC: 0.895633
Valid AUC: 0.8569
AdamP on PCam_transformed: T 1/3 | E 86/200 Ended | E Time: 10.449s | ~Time Left: 1191.200s |  Train Loss: 0.4050 | Train Acc. 82.6000% | Test Loss: 0.5156 | Test Acc. 78.5000%
Train AUC: 0.8864989999999998
Valid AUC: 0.8826499999999999
AdamP on PCam_transformed: T 1/3 | E 87/200 Ended | E Time: 10.426s | ~Time Left: 1178.108s |  Train Loss: 0.4247 | Train Acc. 80.9500% | Test Loss: 0.4261 | Test Acc. 78.0000%
Train AUC: 0.8986809999999997
Valid AUC: 0.877175
AdamP on PCam_transformed: T 1/3 | E 88/200 Ended | E Time: 10.378s | ~Time Left: 1162.282s |  Train Loss: 0.4025 | Train Acc. 82.4000% | Test Loss: 0.4460 | Test Acc. 79.2500%
Train AUC: 0.905161
Valid AUC: 0.881825
AdamP on PCam_transformed: T 1/3 | E 89/200 Ended | E Time: 10.489s | ~Time Left: 1164.258s |  Train Loss: 0.3905 | Train Acc. 83.4000% | Test Loss: 0.4340 | Test Acc. 79.7500%
Train AUC: 0.8990790000000001
Valid AUC: 0.8852000000000001
AdamP on PCam_transformed: T 1/3 | E 90/200 Ended | E Time: 10.435s | ~Time Left: 1147.830s |  Train Loss: 0.4033 | Train Acc. 83.8000% | Test Loss: 0.4279 | Test Acc. 78.0000%
Train AUC: 0.90628
Valid AUC: 0.8839
AdamP on PCam_transformed: T 1/3 | E 91/200 Ended | E Time: 10.533s | ~Time Left: 1148.106s |  Train Loss: 0.3867 | Train Acc. 84.1000% | Test Loss: 0.4308 | Test Acc. 81.2500%
Train AUC: 0.904625
Valid AUC: 0.860475
AdamP on PCam_transformed: T 1/3 | E 92/200 Ended | E Time: 10.398s | ~Time Left: 1122.950s |  Train Loss: 0.3931 | Train Acc. 83.1000% | Test Loss: 0.4670 | Test Acc. 78.7500%
Train AUC: 0.9093800000000001
Valid AUC: 0.87915
AdamP on PCam_transformed: T 1/3 | E 93/200 Ended | E Time: 10.499s | ~Time Left: 1123.413s |  Train Loss: 0.3769 | Train Acc. 83.7000% | Test Loss: 0.4390 | Test Acc. 80.0000%
Train AUC: 0.9105460000000001
Valid AUC: 0.84765
AdamP on PCam_transformed: T 1/3 | E 94/200 Ended | E Time: 10.394s | ~Time Left: 1101.775s |  Train Loss: 0.3791 | Train Acc. 84.0500% | Test Loss: 0.4861 | Test Acc. 79.2500%
Train AUC: 0.903195
Valid AUC: 0.879975
AdamP on PCam_transformed: T 1/3 | E 95/200 Ended | E Time: 10.392s | ~Time Left: 1091.202s |  Train Loss: 0.3948 | Train Acc. 83.1500% | Test Loss: 0.4606 | Test Acc. 78.2500%
Train AUC: 0.9072199999999999
Valid AUC: 0.8852749999999999
AdamP on PCam_transformed: T 1/3 | E 96/200 Ended | E Time: 10.421s | ~Time Left: 1083.787s |  Train Loss: 0.3843 | Train Acc. 83.1000% | Test Loss: 0.4358 | Test Acc. 80.5000%
Train AUC: 0.9105679999999998
Valid AUC: 0.867575
AdamP on PCam_transformed: T 1/3 | E 97/200 Ended | E Time: 10.499s | ~Time Left: 1081.377s |  Train Loss: 0.3775 | Train Acc. 82.8500% | Test Loss: 0.4643 | Test Acc. 78.7500%
Train AUC: 0.908316
Valid AUC: 0.867025
AdamP on PCam_transformed: T 1/3 | E 98/200 Ended | E Time: 10.393s | ~Time Left: 1060.110s |  Train Loss: 0.3814 | Train Acc. 82.5500% | Test Loss: 0.5012 | Test Acc. 78.2500%
Train AUC: 0.9083700000000001
Valid AUC: 0.8839250000000001
AdamP on PCam_transformed: T 1/3 | E 99/200 Ended | E Time: 10.514s | ~Time Left: 1061.928s |  Train Loss: 0.3838 | Train Acc. 83.7000% | Test Loss: 0.4408 | Test Acc. 79.2500%
Train AUC: 0.907671
Valid AUC: 0.868875
AdamP on PCam_transformed: T 1/3 | E 100/200 Ended | E Time: 10.445s | ~Time Left: 1044.532s |  Train Loss: 0.3867 | Train Acc. 83.5000% | Test Loss: 0.4408 | Test Acc. 78.7500%
Train AUC: 0.906808
Valid AUC: 0.8827499999999999
AdamP on PCam_transformed: T 1/3 | E 101/200 Ended | E Time: 10.485s | ~Time Left: 1038.049s |  Train Loss: 0.3857 | Train Acc. 82.7000% | Test Loss: 0.4418 | Test Acc. 79.5000%
Train AUC: 0.9093910000000001
Valid AUC: 0.86615
AdamP on PCam_transformed: T 1/3 | E 102/200 Ended | E Time: 10.463s | ~Time Left: 1025.397s |  Train Loss: 0.3806 | Train Acc. 83.0000% | Test Loss: 0.4746 | Test Acc. 78.2500%
Train AUC: 0.9081870000000002
Valid AUC: 0.887625
AdamP on PCam_transformed: T 1/3 | E 103/200 Ended | E Time: 10.439s | ~Time Left: 1012.631s |  Train Loss: 0.3828 | Train Acc. 83.8000% | Test Loss: 0.4515 | Test Acc. 78.5000%
Train AUC: 0.9070100000000001
Valid AUC: 0.8821249999999999
AdamP on PCam_transformed: T 1/3 | E 104/200 Ended | E Time: 10.392s | ~Time Left: 997.645s |  Train Loss: 0.3862 | Train Acc. 82.6500% | Test Loss: 0.4371 | Test Acc. 81.2500%
Train AUC: 0.911858
Valid AUC: 0.90235
AdamP on PCam_transformed: T 1/3 | E 105/200 Ended | E Time: 10.459s | ~Time Left: 993.614s |  Train Loss: 0.3769 | Train Acc. 83.3000% | Test Loss: 0.3898 | Test Acc. 80.7500%
Train AUC: 0.906117
Valid AUC: 0.86185
AdamP on PCam_transformed: T 1/3 | E 106/200 Ended | E Time: 10.536s | ~Time Left: 990.400s |  Train Loss: 0.3885 | Train Acc. 82.4500% | Test Loss: 0.4604 | Test Acc. 76.2500%
Train AUC: 0.9094099999999999
Valid AUC: 0.857075
AdamP on PCam_transformed: T 1/3 | E 107/200 Ended | E Time: 10.381s | ~Time Left: 965.478s |  Train Loss: 0.3833 | Train Acc. 83.7000% | Test Loss: 0.5440 | Test Acc. 79.2500%
Train AUC: 0.91661
Valid AUC: 0.86965
AdamP on PCam_transformed: T 1/3 | E 108/200 Ended | E Time: 10.472s | ~Time Left: 963.438s |  Train Loss: 0.3664 | Train Acc. 84.6500% | Test Loss: 0.4517 | Test Acc. 78.7500%
Train AUC: 0.9089440000000001
Valid AUC: 0.8916999999999999
AdamP on PCam_transformed: T 1/3 | E 109/200 Ended | E Time: 10.484s | ~Time Left: 954.039s |  Train Loss: 0.3812 | Train Acc. 83.4000% | Test Loss: 0.4106 | Test Acc. 80.5000%
Train AUC: 0.911613
Valid AUC: 0.8712
AdamP on PCam_transformed: T 1/3 | E 110/200 Ended | E Time: 10.452s | ~Time Left: 940.656s |  Train Loss: 0.3785 | Train Acc. 83.4000% | Test Loss: 0.4553 | Test Acc. 77.7500%
Train AUC: 0.909764
Valid AUC: 0.8346499999999999
AdamP on PCam_transformed: T 1/3 | E 111/200 Ended | E Time: 10.471s | ~Time Left: 931.931s |  Train Loss: 0.3800 | Train Acc. 83.9000% | Test Loss: 0.5654 | Test Acc. 74.5000%
Train AUC: 0.908165
Valid AUC: 0.884825
AdamP on PCam_transformed: T 1/3 | E 112/200 Ended | E Time: 10.431s | ~Time Left: 917.892s |  Train Loss: 0.3855 | Train Acc. 83.2500% | Test Loss: 0.4429 | Test Acc. 81.0000%
Train AUC: 0.911765
Valid AUC: 0.82845
AdamP on PCam_transformed: T 1/3 | E 113/200 Ended | E Time: 10.498s | ~Time Left: 913.334s |  Train Loss: 0.3773 | Train Acc. 83.9500% | Test Loss: 0.5839 | Test Acc. 75.5000%
Train AUC: 0.9095409999999999
Valid AUC: 0.8562749999999999
AdamP on PCam_transformed: T 1/3 | E 114/200 Ended | E Time: 10.409s | ~Time Left: 895.216s |  Train Loss: 0.3811 | Train Acc. 83.1500% | Test Loss: 0.4806 | Test Acc. 77.5000%
Train AUC: 0.907931
Valid AUC: 0.8440250000000001
AdamP on PCam_transformed: T 1/3 | E 115/200 Ended | E Time: 10.518s | ~Time Left: 894.022s |  Train Loss: 0.3846 | Train Acc. 82.4500% | Test Loss: 0.4915 | Test Acc. 78.5000%
Train AUC: 0.9100259999999999
Valid AUC: 0.871
AdamP on PCam_transformed: T 1/3 | E 116/200 Ended | E Time: 10.390s | ~Time Left: 872.754s |  Train Loss: 0.3806 | Train Acc. 83.6500% | Test Loss: 0.4913 | Test Acc. 78.7500%
Train AUC: 0.912963
Valid AUC: 0.900875
AdamP on PCam_transformed: T 1/3 | E 117/200 Ended | E Time: 10.432s | ~Time Left: 865.887s |  Train Loss: 0.3754 | Train Acc. 84.0500% | Test Loss: 0.4453 | Test Acc. 79.7500%
Train AUC: 0.911373
Valid AUC: 0.86375
AdamP on PCam_transformed: T 1/3 | E 118/200 Ended | E Time: 10.405s | ~Time Left: 853.244s |  Train Loss: 0.3785 | Train Acc. 84.3000% | Test Loss: 0.5007 | Test Acc. 77.2500%
Train AUC: 0.9116850000000001
Valid AUC: 0.85515
AdamP on PCam_transformed: T 1/3 | E 119/200 Ended | E Time: 10.446s | ~Time Left: 846.144s |  Train Loss: 0.3784 | Train Acc. 83.7500% | Test Loss: 0.4905 | Test Acc. 77.7500%
Train AUC: 0.911265
Valid AUC: 0.8853
AdamP on PCam_transformed: T 1/3 | E 120/200 Ended | E Time: 10.521s | ~Time Left: 841.647s |  Train Loss: 0.3753 | Train Acc. 84.0500% | Test Loss: 0.4391 | Test Acc. 80.5000%
Train AUC: 0.9133020000000001
Valid AUC: 0.860225
AdamP on PCam_transformed: T 1/3 | E 121/200 Ended | E Time: 10.518s | ~Time Left: 830.913s |  Train Loss: 0.3731 | Train Acc. 83.8000% | Test Loss: 0.5205 | Test Acc. 79.5000%
Train AUC: 0.911614
Valid AUC: 0.8577750000000001
AdamP on PCam_transformed: T 1/3 | E 122/200 Ended | E Time: 10.468s | ~Time Left: 816.522s |  Train Loss: 0.3776 | Train Acc. 83.6000% | Test Loss: 0.5038 | Test Acc. 78.2500%
Train AUC: 0.9109919999999999
Valid AUC: 0.868425
AdamP on PCam_transformed: T 1/3 | E 123/200 Ended | E Time: 10.409s | ~Time Left: 801.502s |  Train Loss: 0.3792 | Train Acc. 83.7000% | Test Loss: 0.4910 | Test Acc. 77.2500%
Train AUC: 0.913398
Valid AUC: 0.797725
AdamP on PCam_transformed: T 1/3 | E 124/200 Ended | E Time: 10.387s | ~Time Left: 789.442s |  Train Loss: 0.3726 | Train Acc. 83.2500% | Test Loss: 0.7170 | Test Acc. 73.7500%
Train AUC: 0.912841
Valid AUC: 0.8282499999999999
AdamP on PCam_transformed: T 1/3 | E 125/200 Ended | E Time: 10.510s | ~Time Left: 788.269s |  Train Loss: 0.3761 | Train Acc. 83.1500% | Test Loss: 0.5056 | Test Acc. 77.0000%
Train AUC: 0.907646
Valid AUC: 0.843975
AdamP on PCam_transformed: T 1/3 | E 126/200 Ended | E Time: 10.452s | ~Time Left: 773.484s |  Train Loss: 0.3868 | Train Acc. 83.2500% | Test Loss: 0.5077 | Test Acc. 78.5000%
Train AUC: 0.9125460000000001
Valid AUC: 0.879375
AdamP on PCam_transformed: T 1/3 | E 127/200 Ended | E Time: 10.472s | ~Time Left: 764.451s |  Train Loss: 0.3766 | Train Acc. 83.5000% | Test Loss: 0.4480 | Test Acc. 78.7500%
Train AUC: 0.920579
Valid AUC: 0.8815
AdamP on PCam_transformed: T 1/3 | E 128/200 Ended | E Time: 10.422s | ~Time Left: 750.394s |  Train Loss: 0.3577 | Train Acc. 84.7000% | Test Loss: 0.4264 | Test Acc. 78.7500%
Train AUC: 0.91822
Valid AUC: 0.86415
AdamP on PCam_transformed: T 1/3 | E 129/200 Ended | E Time: 10.394s | ~Time Left: 737.945s |  Train Loss: 0.3623 | Train Acc. 84.4500% | Test Loss: 0.4570 | Test Acc. 78.2500%
Train AUC: 0.920906
Valid AUC: 0.85805
AdamP on PCam_transformed: T 1/3 | E 130/200 Ended | E Time: 10.460s | ~Time Left: 732.202s |  Train Loss: 0.3565 | Train Acc. 84.8000% | Test Loss: 0.5108 | Test Acc. 79.0000%
Train AUC: 0.9152785000000001
Valid AUC: 0.83875
AdamP on PCam_transformed: T 1/3 | E 131/200 Ended | E Time: 10.395s | ~Time Left: 717.265s |  Train Loss: 0.3676 | Train Acc. 84.6500% | Test Loss: 0.5403 | Test Acc. 74.2500%
Train AUC: 0.9207350000000001
Valid AUC: 0.8860249999999998
AdamP on PCam_transformed: T 1/3 | E 132/200 Ended | E Time: 10.430s | ~Time Left: 709.240s |  Train Loss: 0.3563 | Train Acc. 85.3000% | Test Loss: 0.4186 | Test Acc. 80.7500%
Train AUC: 0.918849
Valid AUC: 0.856925
AdamP on PCam_transformed: T 1/3 | E 133/200 Ended | E Time: 10.468s | ~Time Left: 701.353s |  Train Loss: 0.3627 | Train Acc. 84.2500% | Test Loss: 0.4905 | Test Acc. 77.5000%
Train AUC: 0.9179610000000001
Valid AUC: 0.885525
AdamP on PCam_transformed: T 1/3 | E 134/200 Ended | E Time: 10.474s | ~Time Left: 691.301s |  Train Loss: 0.3657 | Train Acc. 84.2000% | Test Loss: 0.5662 | Test Acc. 77.5000%
Train AUC: 0.9064369999999999
Valid AUC: 0.8871749999999999
AdamP on PCam_transformed: T 1/3 | E 135/200 Ended | E Time: 10.426s | ~Time Left: 677.671s |  Train Loss: 0.3848 | Train Acc. 83.5500% | Test Loss: 0.4376 | Test Acc. 80.7500%
Train AUC: 0.915741
Valid AUC: 0.9090750000000001
AdamP on PCam_transformed: T 1/3 | E 136/200 Ended | E Time: 10.418s | ~Time Left: 666.758s |  Train Loss: 0.3704 | Train Acc. 83.9000% | Test Loss: 0.3993 | Test Acc. 82.5000%
Train AUC: 0.923107
Valid AUC: 0.876275
AdamP on PCam_transformed: T 1/3 | E 137/200 Ended | E Time: 10.461s | ~Time Left: 659.052s |  Train Loss: 0.3509 | Train Acc. 84.3500% | Test Loss: 0.4531 | Test Acc. 79.0000%
Train AUC: 0.926442
Valid AUC: 0.881
AdamP on PCam_transformed: T 1/3 | E 138/200 Ended | E Time: 10.361s | ~Time Left: 642.410s |  Train Loss: 0.3487 | Train Acc. 85.7500% | Test Loss: 0.4591 | Test Acc. 80.0000%
Train AUC: 0.9164410000000001
Valid AUC: 0.8309
AdamP on PCam_transformed: T 1/3 | E 139/200 Ended | E Time: 10.404s | ~Time Left: 634.628s |  Train Loss: 0.3670 | Train Acc. 84.4000% | Test Loss: 0.5124 | Test Acc. 77.0000%
Train AUC: 0.9089280000000002
Valid AUC: 0.881675
AdamP on PCam_transformed: T 1/3 | E 140/200 Ended | E Time: 10.426s | ~Time Left: 625.547s |  Train Loss: 0.3843 | Train Acc. 83.4000% | Test Loss: 0.4490 | Test Acc. 78.5000%
Train AUC: 0.924078
Valid AUC: 0.8675999999999998
AdamP on PCam_transformed: T 1/3 | E 141/200 Ended | E Time: 10.460s | ~Time Left: 617.165s |  Train Loss: 0.3517 | Train Acc. 85.3500% | Test Loss: 0.6655 | Test Acc. 79.0000%
Train AUC: 0.9199809999999999
Valid AUC: 0.881225
AdamP on PCam_transformed: T 1/3 | E 142/200 Ended | E Time: 10.482s | ~Time Left: 607.976s |  Train Loss: 0.3590 | Train Acc. 83.7000% | Test Loss: 0.4430 | Test Acc. 79.2500%
Train AUC: 0.9163839999999999
Valid AUC: 0.8533999999999999
AdamP on PCam_transformed: T 1/3 | E 143/200 Ended | E Time: 10.506s | ~Time Left: 598.867s |  Train Loss: 0.3693 | Train Acc. 84.2000% | Test Loss: 0.4721 | Test Acc. 76.7500%
Train AUC: 0.921044
Valid AUC: 0.886825
AdamP on PCam_transformed: T 1/3 | E 144/200 Ended | E Time: 10.336s | ~Time Left: 578.800s |  Train Loss: 0.3601 | Train Acc. 84.6000% | Test Loss: 0.4228 | Test Acc. 81.2500%
Train AUC: 0.921595
Valid AUC: 0.891775
AdamP on PCam_transformed: T 1/3 | E 145/200 Ended | E Time: 10.510s | ~Time Left: 578.028s |  Train Loss: 0.3560 | Train Acc. 84.8500% | Test Loss: 0.4196 | Test Acc. 80.5000%
Train AUC: 0.9171830000000001
Valid AUC: 0.9005
AdamP on PCam_transformed: T 1/3 | E 146/200 Ended | E Time: 10.400s | ~Time Left: 561.597s |  Train Loss: 0.3663 | Train Acc. 84.0000% | Test Loss: 0.3985 | Test Acc. 81.5000%
Train AUC: 0.923129
Valid AUC: 0.891825
AdamP on PCam_transformed: T 1/3 | E 147/200 Ended | E Time: 10.351s | ~Time Left: 548.592s |  Train Loss: 0.3522 | Train Acc. 84.9000% | Test Loss: 0.4318 | Test Acc. 79.7500%
Train AUC: 0.922501
Valid AUC: 0.869475
AdamP on PCam_transformed: T 1/3 | E 148/200 Ended | E Time: 10.406s | ~Time Left: 541.091s |  Train Loss: 0.3528 | Train Acc. 85.5000% | Test Loss: 0.6152 | Test Acc. 71.7500%
Train AUC: 0.914996
Valid AUC: 0.896825
AdamP on PCam_transformed: T 1/3 | E 149/200 Ended | E Time: 10.397s | ~Time Left: 530.247s |  Train Loss: 0.3706 | Train Acc. 83.8500% | Test Loss: 0.4195 | Test Acc. 78.7500%
Train AUC: 0.9179400000000001
Valid AUC: 0.888
AdamP on PCam_transformed: T 1/3 | E 150/200 Ended | E Time: 10.449s | ~Time Left: 522.436s |  Train Loss: 0.3647 | Train Acc. 84.4500% | Test Loss: 0.4364 | Test Acc. 81.0000%
Train AUC: 0.928218
Valid AUC: 0.8722249999999999
AdamP on PCam_transformed: T 1/3 | E 151/200 Ended | E Time: 10.439s | ~Time Left: 511.487s |  Train Loss: 0.3432 | Train Acc. 85.9000% | Test Loss: 0.4676 | Test Acc. 80.5000%
Train AUC: 0.9155230000000001
Valid AUC: 0.88675
AdamP on PCam_transformed: T 1/3 | E 152/200 Ended | E Time: 10.412s | ~Time Left: 499.788s |  Train Loss: 0.3706 | Train Acc. 84.7500% | Test Loss: 0.4569 | Test Acc. 77.5000%
Train AUC: 0.9188040000000001
Valid AUC: 0.9005750000000001
AdamP on PCam_transformed: T 1/3 | E 153/200 Ended | E Time: 10.409s | ~Time Left: 489.216s |  Train Loss: 0.3615 | Train Acc. 84.5000% | Test Loss: 0.4037 | Test Acc. 80.5000%
Train AUC: 0.9228669999999999
Valid AUC: 0.8702500000000001
AdamP on PCam_transformed: T 1/3 | E 154/200 Ended | E Time: 10.430s | ~Time Left: 479.781s |  Train Loss: 0.3541 | Train Acc. 84.5000% | Test Loss: 0.5003 | Test Acc. 76.7500%
Train AUC: 0.9161189999999999
Valid AUC: 0.887425
AdamP on PCam_transformed: T 1/3 | E 155/200 Ended | E Time: 10.452s | ~Time Left: 470.347s |  Train Loss: 0.3651 | Train Acc. 84.7500% | Test Loss: 0.4578 | Test Acc. 81.5000%
Train AUC: 0.930773
Valid AUC: 0.884425
AdamP on PCam_transformed: T 1/3 | E 156/200 Ended | E Time: 10.468s | ~Time Left: 460.596s |  Train Loss: 0.3345 | Train Acc. 85.4000% | Test Loss: 0.4606 | Test Acc. 79.2500%
Train AUC: 0.929966
Valid AUC: 0.8706750000000001
AdamP on PCam_transformed: T 1/3 | E 157/200 Ended | E Time: 10.503s | ~Time Left: 451.639s |  Train Loss: 0.3366 | Train Acc. 85.8000% | Test Loss: 0.4840 | Test Acc. 78.5000%
Train AUC: 0.9265550000000001
Valid AUC: 0.894425
AdamP on PCam_transformed: T 1/3 | E 158/200 Ended | E Time: 10.405s | ~Time Left: 437.007s |  Train Loss: 0.3446 | Train Acc. 85.1000% | Test Loss: 0.4137 | Test Acc. 79.2500%
Train AUC: 0.9228910000000001
Valid AUC: 0.8765499999999999
AdamP on PCam_transformed: T 1/3 | E 159/200 Ended | E Time: 10.557s | ~Time Left: 432.825s |  Train Loss: 0.3544 | Train Acc. 84.2000% | Test Loss: 0.4597 | Test Acc. 79.2500%
Train AUC: 0.922567
Valid AUC: 0.8896
AdamP on PCam_transformed: T 1/3 | E 160/200 Ended | E Time: 10.437s | ~Time Left: 417.481s |  Train Loss: 0.3533 | Train Acc. 84.8500% | Test Loss: 0.4458 | Test Acc. 79.5000%
Train AUC: 0.9233199999999999
Valid AUC: 0.8976000000000002
AdamP on PCam_transformed: T 1/3 | E 161/200 Ended | E Time: 10.447s | ~Time Left: 407.415s |  Train Loss: 0.3519 | Train Acc. 84.1000% | Test Loss: 0.4182 | Test Acc. 82.0000%
Train AUC: 0.924541
Valid AUC: 0.89535
AdamP on PCam_transformed: T 1/3 | E 162/200 Ended | E Time: 10.392s | ~Time Left: 394.904s |  Train Loss: 0.3499 | Train Acc. 84.9000% | Test Loss: 0.4295 | Test Acc. 81.2500%
Train AUC: 0.923584
Valid AUC: 0.8595999999999999
AdamP on PCam_transformed: T 1/3 | E 163/200 Ended | E Time: 10.482s | ~Time Left: 387.851s |  Train Loss: 0.3524 | Train Acc. 85.3500% | Test Loss: 0.5293 | Test Acc. 77.0000%
Train AUC: 0.926392
Valid AUC: 0.899675
AdamP on PCam_transformed: T 1/3 | E 164/200 Ended | E Time: 10.432s | ~Time Left: 375.538s |  Train Loss: 0.3426 | Train Acc. 84.9000% | Test Loss: 0.4352 | Test Acc. 80.7500%
Train AUC: 0.930965
Valid AUC: 0.8903500000000001
AdamP on PCam_transformed: T 1/3 | E 165/200 Ended | E Time: 10.487s | ~Time Left: 367.041s |  Train Loss: 0.3337 | Train Acc. 85.2500% | Test Loss: 0.4551 | Test Acc. 81.0000%
Train AUC: 0.934057
Valid AUC: 0.8647
AdamP on PCam_transformed: T 1/3 | E 166/200 Ended | E Time: 10.425s | ~Time Left: 354.446s |  Train Loss: 0.3275 | Train Acc. 85.7000% | Test Loss: 0.5702 | Test Acc. 74.2500%
Train AUC: 0.927138
Valid AUC: 0.89635
AdamP on PCam_transformed: T 1/3 | E 167/200 Ended | E Time: 10.423s | ~Time Left: 343.957s |  Train Loss: 0.3403 | Train Acc. 85.7000% | Test Loss: 0.4154 | Test Acc. 81.5000%
Train AUC: 0.931845
Valid AUC: 0.8839
AdamP on PCam_transformed: T 1/3 | E 168/200 Ended | E Time: 10.502s | ~Time Left: 336.077s |  Train Loss: 0.3317 | Train Acc. 86.2000% | Test Loss: 0.4615 | Test Acc. 80.0000%
Train AUC: 0.9298230000000001
Valid AUC: 0.879975
AdamP on PCam_transformed: T 1/3 | E 169/200 Ended | E Time: 10.539s | ~Time Left: 326.696s |  Train Loss: 0.3389 | Train Acc. 85.5000% | Test Loss: 0.4792 | Test Acc. 78.5000%
Train AUC: 0.92906
Valid AUC: 0.8967500000000002
AdamP on PCam_transformed: T 1/3 | E 170/200 Ended | E Time: 10.411s | ~Time Left: 312.332s |  Train Loss: 0.3407 | Train Acc. 86.1000% | Test Loss: 0.4058 | Test Acc. 80.2500%
Train AUC: 0.925301
Valid AUC: 0.862425
AdamP on PCam_transformed: T 1/3 | E 171/200 Ended | E Time: 10.425s | ~Time Left: 302.325s |  Train Loss: 0.3527 | Train Acc. 84.3500% | Test Loss: 0.5015 | Test Acc. 79.0000%
Train AUC: 0.924184
Valid AUC: 0.881625
AdamP on PCam_transformed: T 1/3 | E 172/200 Ended | E Time: 10.490s | ~Time Left: 293.713s |  Train Loss: 0.3500 | Train Acc. 84.4000% | Test Loss: 0.4340 | Test Acc. 80.5000%
Train AUC: 0.9354710000000002
Valid AUC: 0.90245
AdamP on PCam_transformed: T 1/3 | E 173/200 Ended | E Time: 10.487s | ~Time Left: 283.153s |  Train Loss: 0.3235 | Train Acc. 86.3000% | Test Loss: 0.4180 | Test Acc. 80.7500%
Train AUC: 0.920749
Valid AUC: 0.8964250000000001
AdamP on PCam_transformed: T 1/3 | E 174/200 Ended | E Time: 10.450s | ~Time Left: 271.689s |  Train Loss: 0.3538 | Train Acc. 85.9000% | Test Loss: 0.4216 | Test Acc. 79.5000%
Train AUC: 0.93832
Valid AUC: 0.874825
AdamP on PCam_transformed: T 1/3 | E 175/200 Ended | E Time: 10.470s | ~Time Left: 261.751s |  Train Loss: 0.3166 | Train Acc. 86.4500% | Test Loss: 0.5696 | Test Acc. 79.5000%
Train AUC: 0.931215
Valid AUC: 0.9068499999999999
AdamP on PCam_transformed: T 1/3 | E 176/200 Ended | E Time: 10.383s | ~Time Left: 249.183s |  Train Loss: 0.3379 | Train Acc. 86.2500% | Test Loss: 0.3832 | Test Acc. 79.5000%
Train AUC: 0.934934
Valid AUC: 0.883425
AdamP on PCam_transformed: T 1/3 | E 177/200 Ended | E Time: 10.414s | ~Time Left: 239.531s |  Train Loss: 0.3260 | Train Acc. 86.1500% | Test Loss: 0.4561 | Test Acc. 79.7500%
Train AUC: 0.93731
Valid AUC: 0.8876250000000001
AdamP on PCam_transformed: T 1/3 | E 178/200 Ended | E Time: 10.412s | ~Time Left: 229.064s |  Train Loss: 0.3218 | Train Acc. 86.7000% | Test Loss: 0.4328 | Test Acc. 79.7500%
Train AUC: 0.93716
Valid AUC: 0.8873
AdamP on PCam_transformed: T 1/3 | E 179/200 Ended | E Time: 10.412s | ~Time Left: 218.651s |  Train Loss: 0.3213 | Train Acc. 86.6500% | Test Loss: 0.4500 | Test Acc. 81.5000%
Train AUC: 0.9314379999999999
Valid AUC: 0.8960500000000001
AdamP on PCam_transformed: T 1/3 | E 180/200 Ended | E Time: 10.517s | ~Time Left: 210.330s |  Train Loss: 0.3329 | Train Acc. 85.3000% | Test Loss: 0.4044 | Test Acc. 81.5000%
Train AUC: 0.9350980000000001
Valid AUC: 0.873625
AdamP on PCam_transformed: T 1/3 | E 181/200 Ended | E Time: 10.492s | ~Time Left: 199.356s |  Train Loss: 0.3247 | Train Acc. 86.5500% | Test Loss: 0.4741 | Test Acc. 79.7500%
Train AUC: 0.936035
Valid AUC: 0.885425
AdamP on PCam_transformed: T 1/3 | E 182/200 Ended | E Time: 10.385s | ~Time Left: 186.939s |  Train Loss: 0.3246 | Train Acc. 87.0000% | Test Loss: 0.4740 | Test Acc. 80.5000%
Train AUC: 0.9302230000000001
Valid AUC: 0.853275
AdamP on PCam_transformed: T 1/3 | E 183/200 Ended | E Time: 10.505s | ~Time Left: 178.586s |  Train Loss: 0.3402 | Train Acc. 85.8500% | Test Loss: 0.4627 | Test Acc. 74.7500%
Train AUC: 0.936202
Valid AUC: 0.881775
AdamP on PCam_transformed: T 1/3 | E 184/200 Ended | E Time: 10.476s | ~Time Left: 167.624s |  Train Loss: 0.3252 | Train Acc. 86.6500% | Test Loss: 0.5535 | Test Acc. 78.0000%
Train AUC: 0.937979
Valid AUC: 0.8713
AdamP on PCam_transformed: T 1/3 | E 185/200 Ended | E Time: 10.426s | ~Time Left: 156.395s |  Train Loss: 0.3171 | Train Acc. 87.3500% | Test Loss: 0.4697 | Test Acc. 79.0000%
Train AUC: 0.935679
Valid AUC: 0.9007
AdamP on PCam_transformed: T 1/3 | E 186/200 Ended | E Time: 10.432s | ~Time Left: 146.051s |  Train Loss: 0.3248 | Train Acc. 86.7500% | Test Loss: 0.4335 | Test Acc. 81.7500%
Train AUC: 0.937532
Valid AUC: 0.884775
AdamP on PCam_transformed: T 1/3 | E 187/200 Ended | E Time: 10.536s | ~Time Left: 136.974s |  Train Loss: 0.3230 | Train Acc. 87.9000% | Test Loss: 0.4290 | Test Acc. 81.5000%
Train AUC: 0.9331390000000002
Valid AUC: 0.884475
AdamP on PCam_transformed: T 1/3 | E 188/200 Ended | E Time: 10.568s | ~Time Left: 126.817s |  Train Loss: 0.3310 | Train Acc. 85.7000% | Test Loss: 0.5048 | Test Acc. 73.0000%
Train AUC: 0.938848
Valid AUC: 0.9002
AdamP on PCam_transformed: T 1/3 | E 189/200 Ended | E Time: 10.474s | ~Time Left: 115.213s |  Train Loss: 0.3144 | Train Acc. 86.8500% | Test Loss: 0.4344 | Test Acc. 78.0000%
Train AUC: 0.940093
Valid AUC: 0.883175
AdamP on PCam_transformed: T 1/3 | E 190/200 Ended | E Time: 10.520s | ~Time Left: 105.196s |  Train Loss: 0.3124 | Train Acc. 87.4000% | Test Loss: 0.5104 | Test Acc. 76.0000%
Train AUC: 0.936541
Valid AUC: 0.902075
AdamP on PCam_transformed: T 1/3 | E 191/200 Ended | E Time: 10.545s | ~Time Left: 94.902s |  Train Loss: 0.3219 | Train Acc. 86.5500% | Test Loss: 0.4156 | Test Acc. 79.2500%
Train AUC: 0.928521
Valid AUC: 0.888725
AdamP on PCam_transformed: T 1/3 | E 192/200 Ended | E Time: 10.432s | ~Time Left: 83.454s |  Train Loss: 0.3392 | Train Acc. 85.2500% | Test Loss: 0.4180 | Test Acc. 80.7500%
Train AUC: 0.939674
Valid AUC: 0.882525
AdamP on PCam_transformed: T 1/3 | E 193/200 Ended | E Time: 10.435s | ~Time Left: 73.046s |  Train Loss: 0.3124 | Train Acc. 87.3500% | Test Loss: 0.4796 | Test Acc. 79.5000%
Train AUC: 0.9372320000000001
Valid AUC: 0.8910999999999999
AdamP on PCam_transformed: T 1/3 | E 194/200 Ended | E Time: 10.394s | ~Time Left: 62.366s |  Train Loss: 0.3190 | Train Acc. 86.0500% | Test Loss: 0.4174 | Test Acc. 79.7500%
Train AUC: 0.9380200000000001
Valid AUC: 0.8918999999999999
AdamP on PCam_transformed: T 1/3 | E 195/200 Ended | E Time: 10.356s | ~Time Left: 51.778s |  Train Loss: 0.3176 | Train Acc. 86.5500% | Test Loss: 0.4086 | Test Acc. 79.7500%
Train AUC: 0.930311
Valid AUC: 0.8862
AdamP on PCam_transformed: T 1/3 | E 196/200 Ended | E Time: 10.492s | ~Time Left: 41.967s |  Train Loss: 0.3422 | Train Acc. 86.0500% | Test Loss: 0.4397 | Test Acc. 80.7500%
Train AUC: 0.9353009999999999
Valid AUC: 0.9024749999999999
AdamP on PCam_transformed: T 1/3 | E 197/200 Ended | E Time: 10.560s | ~Time Left: 31.679s |  Train Loss: 0.3253 | Train Acc. 86.7000% | Test Loss: 0.3949 | Test Acc. 80.7500%
Train AUC: 0.936212
Valid AUC: 0.873775
AdamP on PCam_transformed: T 1/3 | E 198/200 Ended | E Time: 10.538s | ~Time Left: 21.076s |  Train Loss: 0.3206 | Train Acc. 86.7000% | Test Loss: 0.6069 | Test Acc. 77.7500%
Train AUC: 0.936062
Valid AUC: 0.8845750000000001
AdamP on PCam_transformed: T 1/3 | E 199/200 Ended | E Time: 10.510s | ~Time Left: 10.510s |  Train Loss: 0.3239 | Train Acc. 86.7500% | Test Loss: 0.4920 | Test Acc. 80.0000%
Train AUC: 0.9364539999999999
Valid AUC: 0.882375
AdamP on PCam_transformed: T 1/3 | E 200/200 Ended | E Time: 10.489s | ~Time Left: 0.000s |  Train Loss: 0.3212 | Train Acc. 86.2500% | Test Loss: 0.4620 | Test Acc. 79.5000%
Train AUC: 0.7174419999999999
Valid AUC: 0.7799749999999999
AdamP on PCam_transformed: T 2/3 | E 1/200 Ended | E Time: 10.465s | ~Time Left: 2082.627s |  Train Loss: 0.6807 | Train Acc. 69.7500% | Test Loss: 0.5047 | Test Acc. 76.2500%
Train AUC: 0.780221
Valid AUC: 0.8437250000000001
AdamP on PCam_transformed: T 2/3 | E 2/200 Ended | E Time: 10.473s | ~Time Left: 2073.611s |  Train Loss: 0.5481 | Train Acc. 74.3500% | Test Loss: 0.5294 | Test Acc. 77.5000%
Train AUC: 0.817451
Valid AUC: 0.8480000000000001
AdamP on PCam_transformed: T 2/3 | E 3/200 Ended | E Time: 10.488s | ~Time Left: 2066.155s |  Train Loss: 0.5205 | Train Acc. 75.8000% | Test Loss: 0.5267 | Test Acc. 75.7500%
Train AUC: 0.8092599999999999
Valid AUC: 0.8455000000000001
AdamP on PCam_transformed: T 2/3 | E 4/200 Ended | E Time: 10.494s | ~Time Left: 2056.827s |  Train Loss: 0.5221 | Train Acc. 76.3000% | Test Loss: 0.4870 | Test Acc. 77.0000%
Train AUC: 0.8228449999999999
Valid AUC: 0.845775
AdamP on PCam_transformed: T 2/3 | E 5/200 Ended | E Time: 10.509s | ~Time Left: 2049.162s |  Train Loss: 0.5127 | Train Acc. 76.3500% | Test Loss: 0.4650 | Test Acc. 77.2500%
Train AUC: 0.8363609999999999
Valid AUC: 0.8325
AdamP on PCam_transformed: T 2/3 | E 6/200 Ended | E Time: 10.495s | ~Time Left: 2036.069s |  Train Loss: 0.4934 | Train Acc. 77.0500% | Test Loss: 0.5038 | Test Acc. 75.2500%
Train AUC: 0.8315650000000001
Valid AUC: 0.823875
AdamP on PCam_transformed: T 2/3 | E 7/200 Ended | E Time: 10.548s | ~Time Left: 2035.836s |  Train Loss: 0.4950 | Train Acc. 77.8000% | Test Loss: 0.6586 | Test Acc. 75.2500%
Train AUC: 0.835705
Valid AUC: 0.8563000000000001
AdamP on PCam_transformed: T 2/3 | E 8/200 Ended | E Time: 10.552s | ~Time Left: 2025.996s |  Train Loss: 0.5000 | Train Acc. 77.5000% | Test Loss: 0.4847 | Test Acc. 78.2500%
Train AUC: 0.8389579999999999
Valid AUC: 0.847675
AdamP on PCam_transformed: T 2/3 | E 9/200 Ended | E Time: 10.500s | ~Time Left: 2005.496s |  Train Loss: 0.4943 | Train Acc. 76.5500% | Test Loss: 0.5511 | Test Acc. 75.5000%
Train AUC: 0.83929
Valid AUC: 0.8375
AdamP on PCam_transformed: T 2/3 | E 10/200 Ended | E Time: 10.557s | ~Time Left: 2005.798s |  Train Loss: 0.4968 | Train Acc. 77.7000% | Test Loss: 0.5131 | Test Acc. 73.5000%
Train AUC: 0.8422009999999999
Valid AUC: 0.83315
AdamP on PCam_transformed: T 2/3 | E 11/200 Ended | E Time: 10.462s | ~Time Left: 1977.253s |  Train Loss: 0.4919 | Train Acc. 78.6500% | Test Loss: 0.5217 | Test Acc. 75.5000%
Train AUC: 0.8494769999999999
Valid AUC: 0.85405
AdamP on PCam_transformed: T 2/3 | E 12/200 Ended | E Time: 10.492s | ~Time Left: 1972.590s |  Train Loss: 0.4854 | Train Acc. 77.2500% | Test Loss: 0.4894 | Test Acc. 77.7500%
Train AUC: 0.858588
Valid AUC: 0.8458
AdamP on PCam_transformed: T 2/3 | E 13/200 Ended | E Time: 10.494s | ~Time Left: 1962.319s |  Train Loss: 0.4671 | Train Acc. 79.8500% | Test Loss: 0.4925 | Test Acc. 77.0000%
Train AUC: 0.852024
Valid AUC: 0.8687250000000001
AdamP on PCam_transformed: T 2/3 | E 14/200 Ended | E Time: 10.553s | ~Time Left: 1962.828s |  Train Loss: 0.4790 | Train Acc. 79.0000% | Test Loss: 0.4654 | Test Acc. 78.2500%
Train AUC: 0.844721
Valid AUC: 0.8523749999999999
AdamP on PCam_transformed: T 2/3 | E 15/200 Ended | E Time: 10.575s | ~Time Left: 1956.358s |  Train Loss: 0.4925 | Train Acc. 78.2000% | Test Loss: 0.4837 | Test Acc. 78.0000%
Train AUC: 0.8634549999999999
Valid AUC: 0.856925
AdamP on PCam_transformed: T 2/3 | E 16/200 Ended | E Time: 10.508s | ~Time Left: 1933.539s |  Train Loss: 0.4670 | Train Acc. 79.2500% | Test Loss: 0.5135 | Test Acc. 76.7500%
Train AUC: 0.8754489999999999
Valid AUC: 0.8398
AdamP on PCam_transformed: T 2/3 | E 17/200 Ended | E Time: 10.504s | ~Time Left: 1922.283s |  Train Loss: 0.4413 | Train Acc. 80.4000% | Test Loss: 0.5377 | Test Acc. 74.5000%
Train AUC: 0.860246
Valid AUC: 0.838625
AdamP on PCam_transformed: T 2/3 | E 18/200 Ended | E Time: 10.522s | ~Time Left: 1915.086s |  Train Loss: 0.4702 | Train Acc. 79.4000% | Test Loss: 0.5965 | Test Acc. 70.5000%
Train AUC: 0.85844
Valid AUC: 0.7749999999999999
AdamP on PCam_transformed: T 2/3 | E 19/200 Ended | E Time: 10.603s | ~Time Left: 1919.064s |  Train Loss: 0.4709 | Train Acc. 78.4000% | Test Loss: 0.6442 | Test Acc. 69.2500%
Train AUC: 0.864246
Valid AUC: 0.8759250000000001
AdamP on PCam_transformed: T 2/3 | E 20/200 Ended | E Time: 10.512s | ~Time Left: 1892.136s |  Train Loss: 0.4595 | Train Acc. 79.1000% | Test Loss: 0.4405 | Test Acc. 79.2500%
Train AUC: 0.8749899999999999
Valid AUC: 0.866525
AdamP on PCam_transformed: T 2/3 | E 21/200 Ended | E Time: 10.459s | ~Time Left: 1872.107s |  Train Loss: 0.4436 | Train Acc. 80.2500% | Test Loss: 0.4562 | Test Acc. 76.7500%
Train AUC: 0.866298
Valid AUC: 0.851075
AdamP on PCam_transformed: T 2/3 | E 22/200 Ended | E Time: 10.512s | ~Time Left: 1871.176s |  Train Loss: 0.4551 | Train Acc. 79.4000% | Test Loss: 0.5186 | Test Acc. 75.0000%
Train AUC: 0.8681809999999999
Valid AUC: 0.839175
AdamP on PCam_transformed: T 2/3 | E 23/200 Ended | E Time: 10.542s | ~Time Left: 1865.920s |  Train Loss: 0.4544 | Train Acc. 80.3000% | Test Loss: 0.5445 | Test Acc. 73.2500%
Train AUC: 0.8681650000000001
Valid AUC: 0.84195
AdamP on PCam_transformed: T 2/3 | E 24/200 Ended | E Time: 10.472s | ~Time Left: 1843.069s |  Train Loss: 0.4480 | Train Acc. 79.7000% | Test Loss: 0.6498 | Test Acc. 77.5000%
Train AUC: 0.8605829999999999
Valid AUC: 0.86525
AdamP on PCam_transformed: T 2/3 | E 25/200 Ended | E Time: 10.513s | ~Time Left: 1839.848s |  Train Loss: 0.4664 | Train Acc. 79.0000% | Test Loss: 0.4624 | Test Acc. 77.7500%
Train AUC: 0.864276
Valid AUC: 0.870825
AdamP on PCam_transformed: T 2/3 | E 26/200 Ended | E Time: 10.486s | ~Time Left: 1824.565s |  Train Loss: 0.4623 | Train Acc. 78.6000% | Test Loss: 0.4528 | Test Acc. 77.5000%
Train AUC: 0.8692469999999999
Valid AUC: 0.8553
AdamP on PCam_transformed: T 2/3 | E 27/200 Ended | E Time: 10.525s | ~Time Left: 1820.901s |  Train Loss: 0.4583 | Train Acc. 79.0500% | Test Loss: 0.4857 | Test Acc. 77.0000%
Train AUC: 0.883206
Valid AUC: 0.8692249999999999
AdamP on PCam_transformed: T 2/3 | E 28/200 Ended | E Time: 10.472s | ~Time Left: 1801.254s |  Train Loss: 0.4299 | Train Acc. 81.6000% | Test Loss: 0.4693 | Test Acc. 78.5000%
Train AUC: 0.873033
Valid AUC: 0.841325
AdamP on PCam_transformed: T 2/3 | E 29/200 Ended | E Time: 10.421s | ~Time Left: 1782.000s |  Train Loss: 0.4460 | Train Acc. 79.5500% | Test Loss: 0.5104 | Test Acc. 76.5000%
Train AUC: 0.8781160000000001
Valid AUC: 0.8483750000000001
AdamP on PCam_transformed: T 2/3 | E 30/200 Ended | E Time: 10.502s | ~Time Left: 1785.285s |  Train Loss: 0.4385 | Train Acc. 79.5000% | Test Loss: 0.5440 | Test Acc. 77.2500%
Train AUC: 0.8744249999999999
Valid AUC: 0.8713749999999999
AdamP on PCam_transformed: T 2/3 | E 31/200 Ended | E Time: 10.454s | ~Time Left: 1766.784s |  Train Loss: 0.4454 | Train Acc. 79.3500% | Test Loss: 0.4471 | Test Acc. 77.7500%
Train AUC: 0.8748419999999999
Valid AUC: 0.8825000000000001
AdamP on PCam_transformed: T 2/3 | E 32/200 Ended | E Time: 10.434s | ~Time Left: 1752.853s |  Train Loss: 0.4423 | Train Acc. 80.2000% | Test Loss: 0.4324 | Test Acc. 79.2500%
Train AUC: 0.879706
Valid AUC: 0.812225
AdamP on PCam_transformed: T 2/3 | E 33/200 Ended | E Time: 10.509s | ~Time Left: 1755.038s |  Train Loss: 0.4348 | Train Acc. 80.7000% | Test Loss: 0.5545 | Test Acc. 75.2500%
Train AUC: 0.8820180000000001
Valid AUC: 0.856075
AdamP on PCam_transformed: T 2/3 | E 34/200 Ended | E Time: 10.677s | ~Time Left: 1772.411s |  Train Loss: 0.4322 | Train Acc. 80.7500% | Test Loss: 0.4867 | Test Acc. 77.5000%
Train AUC: 0.881073
Valid AUC: 0.860525
AdamP on PCam_transformed: T 2/3 | E 35/200 Ended | E Time: 10.501s | ~Time Left: 1732.644s |  Train Loss: 0.4312 | Train Acc. 81.1000% | Test Loss: 0.4652 | Test Acc. 78.2500%
Train AUC: 0.871658
Valid AUC: 0.8730749999999999
AdamP on PCam_transformed: T 2/3 | E 36/200 Ended | E Time: 10.470s | ~Time Left: 1717.066s |  Train Loss: 0.4481 | Train Acc. 80.3000% | Test Loss: 0.4465 | Test Acc. 78.2500%
Train AUC: 0.880277
Valid AUC: 0.8816499999999999
AdamP on PCam_transformed: T 2/3 | E 37/200 Ended | E Time: 10.372s | ~Time Left: 1690.615s |  Train Loss: 0.4324 | Train Acc. 81.0000% | Test Loss: 0.4284 | Test Acc. 79.5000%
Train AUC: 0.8802970000000001
Valid AUC: 0.843725
AdamP on PCam_transformed: T 2/3 | E 38/200 Ended | E Time: 10.485s | ~Time Left: 1698.517s |  Train Loss: 0.4343 | Train Acc. 80.6000% | Test Loss: 0.5196 | Test Acc. 76.0000%
Train AUC: 0.890016
Valid AUC: 0.8580749999999999
AdamP on PCam_transformed: T 2/3 | E 39/200 Ended | E Time: 10.478s | ~Time Left: 1687.006s |  Train Loss: 0.4192 | Train Acc. 81.4000% | Test Loss: 0.4771 | Test Acc. 77.7500%
Train AUC: 0.883753
Valid AUC: 0.7518500000000001
AdamP on PCam_transformed: T 2/3 | E 40/200 Ended | E Time: 10.455s | ~Time Left: 1672.843s |  Train Loss: 0.4278 | Train Acc. 81.5000% | Test Loss: 0.6627 | Test Acc. 65.2500%
Train AUC: 0.87996
Valid AUC: 0.83915
AdamP on PCam_transformed: T 2/3 | E 41/200 Ended | E Time: 10.427s | ~Time Left: 1657.936s |  Train Loss: 0.4379 | Train Acc. 80.0500% | Test Loss: 0.5400 | Test Acc. 75.0000%
Train AUC: 0.882841
Valid AUC: 0.8852500000000001
AdamP on PCam_transformed: T 2/3 | E 42/200 Ended | E Time: 10.456s | ~Time Left: 1651.999s |  Train Loss: 0.4309 | Train Acc. 81.4500% | Test Loss: 0.4491 | Test Acc. 79.0000%
Train AUC: 0.882904
Valid AUC: 0.877325
AdamP on PCam_transformed: T 2/3 | E 43/200 Ended | E Time: 10.521s | ~Time Left: 1651.773s |  Train Loss: 0.4292 | Train Acc. 80.4500% | Test Loss: 0.4543 | Test Acc. 79.5000%
Train AUC: 0.885996
Valid AUC: 0.852875
AdamP on PCam_transformed: T 2/3 | E 44/200 Ended | E Time: 10.462s | ~Time Left: 1632.084s |  Train Loss: 0.4242 | Train Acc. 81.3500% | Test Loss: 0.4802 | Test Acc. 77.2500%
Train AUC: 0.891875
Valid AUC: 0.8736999999999999
AdamP on PCam_transformed: T 2/3 | E 45/200 Ended | E Time: 10.482s | ~Time Left: 1624.784s |  Train Loss: 0.4135 | Train Acc. 81.8500% | Test Loss: 0.4253 | Test Acc. 79.7500%
Train AUC: 0.882799
Valid AUC: 0.8586250000000001
AdamP on PCam_transformed: T 2/3 | E 46/200 Ended | E Time: 10.431s | ~Time Left: 1606.421s |  Train Loss: 0.4308 | Train Acc. 80.7000% | Test Loss: 0.4732 | Test Acc. 76.0000%
Train AUC: 0.887448
Valid AUC: 0.8645
AdamP on PCam_transformed: T 2/3 | E 47/200 Ended | E Time: 10.444s | ~Time Left: 1597.863s |  Train Loss: 0.4231 | Train Acc. 81.7500% | Test Loss: 0.4637 | Test Acc. 78.2500%
Train AUC: 0.8865569999999999
Valid AUC: 0.8633500000000001
AdamP on PCam_transformed: T 2/3 | E 48/200 Ended | E Time: 10.434s | ~Time Left: 1585.994s |  Train Loss: 0.4216 | Train Acc. 81.6000% | Test Loss: 0.4854 | Test Acc. 76.5000%
Train AUC: 0.879774
Valid AUC: 0.8912
AdamP on PCam_transformed: T 2/3 | E 49/200 Ended | E Time: 10.509s | ~Time Left: 1586.882s |  Train Loss: 0.4372 | Train Acc. 80.9500% | Test Loss: 0.4260 | Test Acc. 80.0000%
Train AUC: 0.8942
Valid AUC: 0.8450000000000001
AdamP on PCam_transformed: T 2/3 | E 50/200 Ended | E Time: 10.443s | ~Time Left: 1566.415s |  Train Loss: 0.4080 | Train Acc. 81.7000% | Test Loss: 0.5256 | Test Acc. 76.7500%
Train AUC: 0.8883060000000002
Valid AUC: 0.88
AdamP on PCam_transformed: T 2/3 | E 51/200 Ended | E Time: 10.452s | ~Time Left: 1557.403s |  Train Loss: 0.4207 | Train Acc. 81.4500% | Test Loss: 0.4373 | Test Acc. 78.2500%
Train AUC: 0.8827900000000001
Valid AUC: 0.8519750000000001
AdamP on PCam_transformed: T 2/3 | E 52/200 Ended | E Time: 10.425s | ~Time Left: 1542.873s |  Train Loss: 0.4333 | Train Acc. 81.4500% | Test Loss: 0.5205 | Test Acc. 74.0000%
Train AUC: 0.8917820000000001
Valid AUC: 0.866225
AdamP on PCam_transformed: T 2/3 | E 53/200 Ended | E Time: 10.340s | ~Time Left: 1520.030s |  Train Loss: 0.4124 | Train Acc. 82.1000% | Test Loss: 0.5493 | Test Acc. 77.2500%
Train AUC: 0.89033
Valid AUC: 0.876525
AdamP on PCam_transformed: T 2/3 | E 54/200 Ended | E Time: 10.495s | ~Time Left: 1532.242s |  Train Loss: 0.4152 | Train Acc. 81.9000% | Test Loss: 0.4464 | Test Acc. 78.7500%
Train AUC: 0.8924300000000001
Valid AUC: 0.896
AdamP on PCam_transformed: T 2/3 | E 55/200 Ended | E Time: 10.642s | ~Time Left: 1543.108s |  Train Loss: 0.4132 | Train Acc. 82.3000% | Test Loss: 0.4112 | Test Acc. 81.7500%
Train AUC: 0.8894360000000001
Valid AUC: 0.8768750000000001
AdamP on PCam_transformed: T 2/3 | E 56/200 Ended | E Time: 10.465s | ~Time Left: 1506.991s |  Train Loss: 0.4159 | Train Acc. 81.9000% | Test Loss: 0.4512 | Test Acc. 77.7500%
Train AUC: 0.8894920000000001
Valid AUC: 0.8511
AdamP on PCam_transformed: T 2/3 | E 57/200 Ended | E Time: 10.512s | ~Time Left: 1503.167s |  Train Loss: 0.4173 | Train Acc. 82.0000% | Test Loss: 0.4992 | Test Acc. 77.5000%
Train AUC: 0.8957090000000001
Valid AUC: 0.871875
AdamP on PCam_transformed: T 2/3 | E 58/200 Ended | E Time: 10.486s | ~Time Left: 1488.965s |  Train Loss: 0.4063 | Train Acc. 83.1500% | Test Loss: 0.4852 | Test Acc. 75.5000%
Train AUC: 0.888655
Valid AUC: 0.8744500000000001
AdamP on PCam_transformed: T 2/3 | E 59/200 Ended | E Time: 10.456s | ~Time Left: 1474.296s |  Train Loss: 0.4185 | Train Acc. 81.9000% | Test Loss: 0.4490 | Test Acc. 79.7500%
Train AUC: 0.888723
Valid AUC: 0.867175
AdamP on PCam_transformed: T 2/3 | E 60/200 Ended | E Time: 10.502s | ~Time Left: 1470.328s |  Train Loss: 0.4204 | Train Acc. 81.6000% | Test Loss: 0.4970 | Test Acc. 80.0000%
Train AUC: 0.885684
Valid AUC: 0.868425
AdamP on PCam_transformed: T 2/3 | E 61/200 Ended | E Time: 10.523s | ~Time Left: 1462.659s |  Train Loss: 0.4244 | Train Acc. 81.4000% | Test Loss: 0.4728 | Test Acc. 77.7500%
Train AUC: 0.8960149999999999
Valid AUC: 0.8748499999999999
AdamP on PCam_transformed: T 2/3 | E 62/200 Ended | E Time: 10.426s | ~Time Left: 1438.798s |  Train Loss: 0.4076 | Train Acc. 82.7000% | Test Loss: 0.4779 | Test Acc. 78.2500%
Train AUC: 0.890106
Valid AUC: 0.8828499999999999
AdamP on PCam_transformed: T 2/3 | E 63/200 Ended | E Time: 10.501s | ~Time Left: 1438.666s |  Train Loss: 0.4164 | Train Acc. 81.1000% | Test Loss: 0.4466 | Test Acc. 79.5000%
Train AUC: 0.8942850000000001
Valid AUC: 0.883675
AdamP on PCam_transformed: T 2/3 | E 64/200 Ended | E Time: 10.421s | ~Time Left: 1417.223s |  Train Loss: 0.4076 | Train Acc. 82.3500% | Test Loss: 0.4324 | Test Acc. 78.5000%
Train AUC: 0.888424
Valid AUC: 0.86415
AdamP on PCam_transformed: T 2/3 | E 65/200 Ended | E Time: 10.487s | ~Time Left: 1415.735s |  Train Loss: 0.4200 | Train Acc. 81.4000% | Test Loss: 0.5202 | Test Acc. 75.7500%
Train AUC: 0.8885149999999999
Valid AUC: 0.884
AdamP on PCam_transformed: T 2/3 | E 66/200 Ended | E Time: 10.438s | ~Time Left: 1398.675s |  Train Loss: 0.4182 | Train Acc. 81.5000% | Test Loss: 0.4247 | Test Acc. 79.5000%
Train AUC: 0.8935919999999998
Valid AUC: 0.851575
AdamP on PCam_transformed: T 2/3 | E 67/200 Ended | E Time: 10.560s | ~Time Left: 1404.482s |  Train Loss: 0.4095 | Train Acc. 82.2500% | Test Loss: 0.5000 | Test Acc. 75.0000%
Train AUC: 0.90009
Valid AUC: 0.8885
AdamP on PCam_transformed: T 2/3 | E 68/200 Ended | E Time: 10.520s | ~Time Left: 1388.676s |  Train Loss: 0.4011 | Train Acc. 83.2500% | Test Loss: 0.4392 | Test Acc. 79.0000%
Train AUC: 0.898708
Valid AUC: 0.8848
AdamP on PCam_transformed: T 2/3 | E 69/200 Ended | E Time: 10.408s | ~Time Left: 1363.512s |  Train Loss: 0.3999 | Train Acc. 83.0500% | Test Loss: 0.4333 | Test Acc. 79.2500%
Train AUC: 0.889134
Valid AUC: 0.8851500000000001
AdamP on PCam_transformed: T 2/3 | E 70/200 Ended | E Time: 10.316s | ~Time Left: 1341.125s |  Train Loss: 0.4161 | Train Acc. 81.7000% | Test Loss: 0.4288 | Test Acc. 80.5000%
Train AUC: 0.896024
Valid AUC: 0.89285
AdamP on PCam_transformed: T 2/3 | E 71/200 Ended | E Time: 10.343s | ~Time Left: 1334.241s |  Train Loss: 0.4042 | Train Acc. 82.3500% | Test Loss: 0.4129 | Test Acc. 80.2500%
Train AUC: 0.9008409999999999
Valid AUC: 0.873
AdamP on PCam_transformed: T 2/3 | E 72/200 Ended | E Time: 10.362s | ~Time Left: 1326.347s |  Train Loss: 0.3962 | Train Acc. 82.1500% | Test Loss: 0.4445 | Test Acc. 78.2500%
Train AUC: 0.894539
Valid AUC: 0.8851
AdamP on PCam_transformed: T 2/3 | E 73/200 Ended | E Time: 10.242s | ~Time Left: 1300.754s |  Train Loss: 0.4081 | Train Acc. 81.9000% | Test Loss: 0.4568 | Test Acc. 79.7500%
Train AUC: 0.9032140000000002
Valid AUC: 0.87785
AdamP on PCam_transformed: T 2/3 | E 74/200 Ended | E Time: 10.727s | ~Time Left: 1351.642s |  Train Loss: 0.3942 | Train Acc. 83.3000% | Test Loss: 0.4455 | Test Acc. 77.7500%
Train AUC: 0.9036689999999998
Valid AUC: 0.895525
AdamP on PCam_transformed: T 2/3 | E 75/200 Ended | E Time: 10.277s | ~Time Left: 1284.568s |  Train Loss: 0.3921 | Train Acc. 83.5000% | Test Loss: 0.4447 | Test Acc. 78.5000%
Train AUC: 0.905989
Valid AUC: 0.864425
AdamP on PCam_transformed: T 2/3 | E 76/200 Ended | E Time: 10.333s | ~Time Left: 1281.301s |  Train Loss: 0.3867 | Train Acc. 84.0000% | Test Loss: 0.4591 | Test Acc. 78.5000%
Traceback (most recent call last):
  File "/project/6060173/zhan8425/HistoKT/ENV/lib/python3.8/site-packages/torch/serialization.py", line 372, in save
    _save(obj, opened_zipfile, pickle_module, pickle_protocol)
  File "/project/6060173/zhan8425/HistoKT/ENV/lib/python3.8/site-packages/torch/serialization.py", line 491, in _save
    zip_file.write_record(name, storage.data_ptr(), num_bytes)
OSError: [Errno 122] Disk quota exceeded

During handling of the above exception, another exception occurred:

Traceback (most recent call last):
  File "/project/6060173/zhan8425/HistoKT/ENV/lib/python3.8/site-packages/torch/serialization.py", line 373, in save
    return
  File "/project/6060173/zhan8425/HistoKT/ENV/lib/python3.8/site-packages/torch/serialization.py", line 259, in __exit__
    self.file_like.write_end_of_file()
RuntimeError: [enforce fail at inline_container.cc:274] . unexpected pos 15705664 vs 15705552

During handling of the above exception, another exception occurred:

Traceback (most recent call last):
  File "src/adas/train.py", line 871, in <module>
    main(args)
  File "src/adas/train.py", line 834, in main
    main_worker(args.gpu, ngpus_per_node, args)
  File "src/adas/train.py", line 863, in main_worker
    training_agent.train()
  File "src/adas/train.py", line 411, in train
    self.run_epochs(trial, epochs)
  File "src/adas/train.py", line 462, in run_epochs
    torch.save(data, str(self.checkpoint_path / filename))
  File "/project/6060173/zhan8425/HistoKT/ENV/lib/python3.8/site-packages/torch/serialization.py", line 374, in save
    _legacy_save(obj, opened_file, pickle_module, pickle_protocol)
  File "/project/6060173/zhan8425/HistoKT/ENV/lib/python3.8/site-packages/torch/serialization.py", line 214, in __exit__
    self.file_like.close()
OSError: [Errno 122] Disk quota exceeded
terminate called after throwing an instance of 'c10::Error'
  what():  [enforce fail at inline_container.cc:274] . unexpected pos 15705664 vs 15705552
frame #0: c10::ThrowEnforceNotMet(char const*, int, char const*, std::string const&, void const*) + 0x47 (0x2b7440b2b0e7 in /project/6060173/zhan8425/HistoKT/ENV/lib/python3.8/site-packages/torch/lib/libc10.so)
frame #1: <unknown function> + 0x206a420 (0x2b73f0cbf420 in /project/6060173/zhan8425/HistoKT/ENV/lib/python3.8/site-packages/torch/lib/libtorch_cpu.so)
frame #2: <unknown function> + 0x20665f3 (0x2b73f0cbb5f3 in /project/6060173/zhan8425/HistoKT/ENV/lib/python3.8/site-packages/torch/lib/libtorch_cpu.so)
frame #3: caffe2::serialize::PyTorchStreamWriter::writeRecord(std::string const&, void const*, unsigned long, bool) + 0xa9 (0x2b73f0cbfd99 in /project/6060173/zhan8425/HistoKT/ENV/lib/python3.8/site-packages/torch/lib/libtorch_cpu.so)
frame #4: caffe2::serialize::PyTorchStreamWriter::writeEndOfFile() + 0xe1 (0x2b73f0cc08d1 in /project/6060173/zhan8425/HistoKT/ENV/lib/python3.8/site-packages/torch/lib/libtorch_cpu.so)
frame #5: caffe2::serialize::PyTorchStreamWriter::~PyTorchStreamWriter() + 0x115 (0x2b73f0cc10c5 in /project/6060173/zhan8425/HistoKT/ENV/lib/python3.8/site-packages/torch/lib/libtorch_cpu.so)
frame #6: <unknown function> + 0x737903 (0x2b73edb8c903 in /project/6060173/zhan8425/HistoKT/ENV/lib/python3.8/site-packages/torch/lib/libtorch_python.so)
frame #7: <unknown function> + 0x369b90 (0x2b73ed7beb90 in /project/6060173/zhan8425/HistoKT/ENV/lib/python3.8/site-packages/torch/lib/libtorch_python.so)
frame #8: <unknown function> + 0x36adfe (0x2b73ed7bfdfe in /project/6060173/zhan8425/HistoKT/ENV/lib/python3.8/site-packages/torch/lib/libtorch_python.so)
<omitting python frames>
frame #22: __libc_start_main + 0xeb (0x2b73eb0a4e1b in /cvmfs/soft.computecanada.ca/gentoo/2020/lib64/libc.so.6)

/var/spool/slurmd/job6958639/slurm_script: line 30: 95585 Aborted                 (core dumped) python src/adas/train.py --config PostTrainingConfigs/PCam_transformed_testing/AdamP/lr-0.001-config-AdamP.yaml --output ADP_post_trained/PCam_transformed/AdamP/output/fine_tuning --checkpoint ADP_post_trained/PCam_transformed/AdamP/checkpoint/fine_tuning/lr-0.001 --data $SLURM_TMPDIR --pretrained_model /home/zhan8425/projects/def-plato/zhan8425/HistoKT/.Adas-checkpoint/ADP/best_trial_2.pth.tar --freeze_encoder True
Adas: Argument Parser Options
---------------------------------------------
    config              : PostTrainingConfigs/PCam_transformed_testing/AdamP/lr-0.001-config-AdamP.yaml
    data                : /localscratch/zhan8425.6958639.0        
    output              : ADP_post_trained/PCam_transformed/AdamP/output/deep_tuning
    checkpoint          : ADP_post_trained/PCam_transformed/AdamP/checkpoint/deep_tuning/lr-0.001
    resume              : None                                    
    pretrained_model    : /home/zhan8425/projects/def-plato/zhan8425/HistoKT/.Adas-checkpoint/ADP/best_trial_2.pth.tar
    freeze_encoder      : 0                                       
    root                : .                                       
    save_freq           : 25                                      
    cpu                 : 0                                       
    gpu                 : 0                                       
    mpd                 : 0                                       
    dist_url            : tcp://127.0.0.1:23456                   
    dist_backend        : nccl                                    
    world_size          : -1                                      
    rank                : -1                                      
---------------------------------------------
Adas: Notice: early stop will not be used as it was set to -1.0, training till completion
Adas: Experiment Configuration
---------------------------------------------
    dataset              PCam_transformed    
    network              ResNet18            
    optimizer            AdamP               
    scheduler            None                
    level                L3Only              
    color_kwargs         {'augmentation': 'Color-Distortion', 'distortion': 0.3}
    degree_of_rotation   45                  
    vertical_flipping    0.5                 
    horizontal_flipping  0.5                 
    horizontal_shift     0.1                 
    vertical_shift       0.1                 
    gaussian_blur        0                   
    kernel_size          9                   
    variance             0.1                 
    cutout               0                   
    n_holes              1                   
    cutout_length        16                  
    init_lr              0.001               
    early_stop_threshold -1.0                
    optimizer_kwargs     {'weight_decay': 0.0005}
    scheduler_kwargs     {'gamma': 0.5, 'step_size': 20.0}
    p                    1                   
    start_trial          0                   
    n_trials             3                   
    num_workers          4                   
    max_epochs           200                 
    mini_batch_size      32                  
    loss                 cross_entropy       
    early_stop_patience  10                  
---------------------------------------------
Adas: Pytorch device is set to cuda
Train AUC: 0.755753
Valid AUC: 0.8367
AdamP on PCam_transformed: T 1/3 | E 1/200 Ended | E Time: 10.696s | ~Time Left: 2128.434s |  Train Loss: 0.6752 | Train Acc. 68.3000% | Test Loss: 0.5872 | Test Acc. 78.0000%
Traceback (most recent call last):
  File "/project/6060173/zhan8425/HistoKT/ENV/lib/python3.8/site-packages/torch/serialization.py", line 372, in save
    _save(obj, opened_zipfile, pickle_module, pickle_protocol)
  File "/project/6060173/zhan8425/HistoKT/ENV/lib/python3.8/site-packages/torch/serialization.py", line 491, in _save
    zip_file.write_record(name, storage.data_ptr(), num_bytes)
OSError: [Errno 122] Disk quota exceeded

During handling of the above exception, another exception occurred:

Traceback (most recent call last):
  File "/project/6060173/zhan8425/HistoKT/ENV/lib/python3.8/site-packages/torch/serialization.py", line 373, in save
    return
  File "/project/6060173/zhan8425/HistoKT/ENV/lib/python3.8/site-packages/torch/serialization.py", line 259, in __exit__
    self.file_like.write_end_of_file()
RuntimeError: [enforce fail at inline_container.cc:274] . unexpected pos 7752960 vs 7752848

During handling of the above exception, another exception occurred:

Traceback (most recent call last):
  File "src/adas/train.py", line 871, in <module>
    main(args)
  File "src/adas/train.py", line 834, in main
    main_worker(args.gpu, ngpus_per_node, args)
  File "src/adas/train.py", line 863, in main_worker
    training_agent.train()
  File "src/adas/train.py", line 411, in train
    self.run_epochs(trial, epochs)
  File "src/adas/train.py", line 462, in run_epochs
    torch.save(data, str(self.checkpoint_path / filename))
  File "/project/6060173/zhan8425/HistoKT/ENV/lib/python3.8/site-packages/torch/serialization.py", line 374, in save
    _legacy_save(obj, opened_file, pickle_module, pickle_protocol)
  File "/project/6060173/zhan8425/HistoKT/ENV/lib/python3.8/site-packages/torch/serialization.py", line 214, in __exit__
    self.file_like.close()
OSError: [Errno 122] Disk quota exceeded
terminate called after throwing an instance of 'c10::Error'
  what():  [enforce fail at inline_container.cc:274] . unexpected pos 7752960 vs 7752848
frame #0: c10::ThrowEnforceNotMet(char const*, int, char const*, std::string const&, void const*) + 0x47 (0x2ab4b0cc20e7 in /project/6060173/zhan8425/HistoKT/ENV/lib/python3.8/site-packages/torch/lib/libc10.so)
frame #1: <unknown function> + 0x206a420 (0x2ab460e56420 in /project/6060173/zhan8425/HistoKT/ENV/lib/python3.8/site-packages/torch/lib/libtorch_cpu.so)
frame #2: <unknown function> + 0x20665f3 (0x2ab460e525f3 in /project/6060173/zhan8425/HistoKT/ENV/lib/python3.8/site-packages/torch/lib/libtorch_cpu.so)
frame #3: caffe2::serialize::PyTorchStreamWriter::writeRecord(std::string const&, void const*, unsigned long, bool) + 0xa9 (0x2ab460e56d99 in /project/6060173/zhan8425/HistoKT/ENV/lib/python3.8/site-packages/torch/lib/libtorch_cpu.so)
frame #4: caffe2::serialize::PyTorchStreamWriter::writeEndOfFile() + 0xe1 (0x2ab460e578d1 in /project/6060173/zhan8425/HistoKT/ENV/lib/python3.8/site-packages/torch/lib/libtorch_cpu.so)
frame #5: caffe2::serialize::PyTorchStreamWriter::~PyTorchStreamWriter() + 0x115 (0x2ab460e580c5 in /project/6060173/zhan8425/HistoKT/ENV/lib/python3.8/site-packages/torch/lib/libtorch_cpu.so)
frame #6: <unknown function> + 0x737903 (0x2ab45dd23903 in /project/6060173/zhan8425/HistoKT/ENV/lib/python3.8/site-packages/torch/lib/libtorch_python.so)
frame #7: <unknown function> + 0x369b90 (0x2ab45d955b90 in /project/6060173/zhan8425/HistoKT/ENV/lib/python3.8/site-packages/torch/lib/libtorch_python.so)
frame #8: <unknown function> + 0x36adfe (0x2ab45d956dfe in /project/6060173/zhan8425/HistoKT/ENV/lib/python3.8/site-packages/torch/lib/libtorch_python.so)
<omitting python frames>
frame #22: __libc_start_main + 0xeb (0x2ab45b23be1b in /cvmfs/soft.computecanada.ca/gentoo/2020/lib64/libc.so.6)

/var/spool/slurmd/job6958639/slurm_script: line 31: 137857 Aborted                 (core dumped) python src/adas/train.py --config PostTrainingConfigs/PCam_transformed_testing/AdamP/lr-0.001-config-AdamP.yaml --output ADP_post_trained/PCam_transformed/AdamP/output/deep_tuning --checkpoint ADP_post_trained/PCam_transformed/AdamP/checkpoint/deep_tuning/lr-0.001 --data $SLURM_TMPDIR --pretrained_model /home/zhan8425/projects/def-plato/zhan8425/HistoKT/.Adas-checkpoint/ADP/best_trial_2.pth.tar --freeze_encoder False
