Adas: Argument Parser Options
---------------------------------------------
    config              : src/adas/HistoKTconfigs/ADP-configAdas.yaml
    data                : /home/zhan8425/scratch/HistoKTdata      
    output              : .Adas-output/ADP                        
    checkpoint          : .Adas-checkpoint/ADP                    
    resume              : None                                    
    root                : .                                       
    save_freq           : 25                                      
    cpu                 : 0                                       
    gpu                 : 0                                       
    mpd                 : 0                                       
    dist_url            : tcp://127.0.0.1:23456                   
    dist_backend        : nccl                                    
    world_size          : -1                                      
    rank                : -1                                      
---------------------------------------------
Adas: Output dir .Adas-output/ADP does not exist, building
Adas: Notice: early stop will not be used as it was set to -1.0, training till completion
Adas: Experiment Configuration
---------------------------------------------
    dataset              ADP-Release1        
    network              ResNet18            
    optimizer            Adas                
    scheduler            None                
    level                L3Only              
    color_kwargs         {'augmentation': 'Color-Distortion', 'distortion': 0.3}
    degree_of_rotation   45                  
    vertical_flipping    0.5                 
    horizontal_flipping  0.5                 
    horizontal_shift     0.1                 
    vertical_shift       0.1                 
    gaussian_blur        0                   
    kernel_size          9                   
    variance             0.1                 
    cutout               0                   
    n_holes              1                   
    cutout_length        16                  
    init_lr              0.03                
    early_stop_threshold -1.0                
    optimizer_kwargs     {'momentum': 0.9, 'weight_decay': 0.0005, 'beta': 0.98, 'linear': 0.0, 'gamma': 0.5, 'step_size': 25.0}
    scheduler_kwargs     {}
    p                    1                   
    start_trial          0                   
    n_trials             1                   
    num_workers          2                   
    max_epochs           250                 
    mini_batch_size      32                  
    loss                 MultiLabelSoftMarginLoss
    early_stop_patience  10                  
---------------------------------------------
Adas: Pytorch device is set to cuda
Adas on ADP-Release1: T 1/1 | E 1/250 Ended | E Time: 644.563s | ~Time Left: 160496.227s |  Train Loss: 5.5188 | Train Acc. 82.7733% | Test Loss: 2.5570 | Test Acc. 83.3488%
Adas on ADP-Release1: T 1/1 | E 2/250 Ended | E Time: 533.034s | ~Time Left: 132192.433s |  Train Loss: 2.6403 | Train Acc. 83.4307% | Test Loss: 2.4221 | Test Acc. 83.4851%
slurmstepd: error: *** JOB 4406416 ON cdr2599 CANCELLED AT 2021-06-07T12:43:01 ***
