transferring data

Finished transferring

Adas: Argument Parser Options
---------------------------------------------
    config              : src/adas/HistoKTconfigs/AIDPATH_transformed-configAdas.yaml
    data                : /localscratch/zhan8425.4591664.0        
    output              : .Adas-output/AIDPATH_transformed        
    checkpoint          : .Adas-checkpoint/AIDPATH_transformed    
    resume              : None                                    
    root                : .                                       
    save_freq           : 25                                      
    cpu                 : 0                                       
    gpu                 : 0                                       
    mpd                 : 0                                       
    dist_url            : tcp://127.0.0.1:23456                   
    dist_backend        : nccl                                    
    world_size          : -1                                      
    rank                : -1                                      
---------------------------------------------
Adas: Notice: early stop will not be used as it was set to -1.0, training till completion
Adas: Experiment Configuration
---------------------------------------------
    dataset              AIDPATH_transformed 
    network              ResNet18            
    optimizer            Adas                
    scheduler            None                
    level                L3Only              
    color_kwargs         {'augmentation': 'Color-Distortion', 'distortion': 0.3}
    degree_of_rotation   45                  
    vertical_flipping    0.5                 
    horizontal_flipping  0.5                 
    horizontal_shift     0.1                 
    vertical_shift       0.1                 
    gaussian_blur        0                   
    kernel_size          9                   
    variance             0.1                 
    cutout               0                   
    n_holes              1                   
    cutout_length        16                  
    init_lr              0.03                
    early_stop_threshold -1.0                
    optimizer_kwargs     {'momentum': 0.9, 'weight_decay': 0.0005, 'beta': 0.98, 'linear': 0.0, 'gamma': 0.5, 'step_size': 25.0}
    scheduler_kwargs     {}
    p                    1                   
    start_trial          2                   
    n_trials             1                   
    num_workers          4                   
    max_epochs           250                 
    mini_batch_size      32                  
    loss                 cross_entropy       
    early_stop_patience  10                  
---------------------------------------------
Adas: Pytorch device is set to cuda
Train AUC: 0.740290721896598
Valid AUC: 0.8153958944281525
Adas on AIDPATH_transformed: T 3/1 | E 1/250 Ended | E Time: 10.983s | ~Time Left: 2734.702s |  Train Loss: 1.0560 | Train Acc. 68.5363% | Test Loss: 2.9768 | Test Acc. 78.6325%
Train AUC: 0.9121487966487654
Valid AUC: 0.9429618768328446
Adas on AIDPATH_transformed: T 3/1 | E 2/250 Ended | E Time: 9.907s | ~Time Left: 2456.917s |  Train Loss: 0.4471 | Train Acc. 84.1346% | Test Loss: 0.5402 | Test Acc. 91.8803%
Train AUC: 0.9540415137627768
Valid AUC: 0.9316715542521995
Adas on AIDPATH_transformed: T 3/1 | E 3/250 Ended | E Time: 9.898s | ~Time Left: 2444.687s |  Train Loss: 0.2929 | Train Acc. 88.8355% | Test Loss: 0.6195 | Test Acc. 73.5043%
Train AUC: 0.9617472990942764
Valid AUC: 0.9821847507331379
Adas on AIDPATH_transformed: T 3/1 | E 4/250 Ended | E Time: 9.881s | ~Time Left: 2430.708s |  Train Loss: 0.2565 | Train Acc. 89.7436% | Test Loss: 0.1608 | Test Acc. 92.3077%
Train AUC: 0.9774419440814067
Valid AUC: 0.9782991202346041
Adas on AIDPATH_transformed: T 3/1 | E 5/250 Ended | E Time: 10.395s | ~Time Left: 2546.721s |  Train Loss: 0.1956 | Train Acc. 92.1474% | Test Loss: 0.2369 | Test Acc. 90.5983%
Train AUC: 0.9807646431037729
Valid AUC: 0.8977272727272727
Adas on AIDPATH_transformed: T 3/1 | E 6/250 Ended | E Time: 9.930s | ~Time Left: 2422.865s |  Train Loss: 0.1812 | Train Acc. 92.8953% | Test Loss: 0.7453 | Test Acc. 76.9231%
Train AUC: 0.9772650226288246
Valid AUC: 0.9890029325513197
Adas on AIDPATH_transformed: T 3/1 | E 7/250 Ended | E Time: 9.878s | ~Time Left: 2400.320s |  Train Loss: 0.1911 | Train Acc. 93.2158% | Test Loss: 0.1469 | Test Acc. 94.8718%
Train AUC: 0.987102996821121
Valid AUC: 0.9846774193548388
Adas on AIDPATH_transformed: T 3/1 | E 8/250 Ended | E Time: 9.927s | ~Time Left: 2402.349s |  Train Loss: 0.1446 | Train Acc. 94.4445% | Test Loss: 0.1840 | Test Acc. 91.4530%
Train AUC: 0.9891918113903173
Valid AUC: 0.98841642228739
Adas on AIDPATH_transformed: T 3/1 | E 9/250 Ended | E Time: 9.882s | ~Time Left: 2381.538s |  Train Loss: 0.1282 | Train Acc. 95.1389% | Test Loss: 0.1877 | Test Acc. 91.8803%
Train AUC: 0.9888436756287846
Valid AUC: 0.9903225806451613
Adas on AIDPATH_transformed: T 3/1 | E 10/250 Ended | E Time: 9.979s | ~Time Left: 2394.906s |  Train Loss: 0.1325 | Train Acc. 95.1389% | Test Loss: 0.1216 | Test Acc. 94.0171%
Train AUC: 0.9927485033015826
Valid AUC: 0.9879765395894429
Adas on AIDPATH_transformed: T 3/1 | E 11/250 Ended | E Time: 9.929s | ~Time Left: 2373.084s |  Train Loss: 0.1094 | Train Acc. 95.5662% | Test Loss: 0.1343 | Test Acc. 94.4445%
Train AUC: 0.9891575685285272
Valid AUC: 0.9909824046920822
Adas on AIDPATH_transformed: T 3/1 | E 12/250 Ended | E Time: 9.951s | ~Time Left: 2368.430s |  Train Loss: 0.1320 | Train Acc. 94.5513% | Test Loss: 0.1294 | Test Acc. 94.8718%
Train AUC: 0.9911699073730589
Valid AUC: 0.9945014662756597
Adas on AIDPATH_transformed: T 3/1 | E 13/250 Ended | E Time: 10.035s | ~Time Left: 2378.324s |  Train Loss: 0.1185 | Train Acc. 95.9402% | Test Loss: 0.0950 | Test Acc. 95.2991%
Train AUC: 0.9909735816321289
Valid AUC: 0.9817448680351907
Adas on AIDPATH_transformed: T 3/1 | E 14/250 Ended | E Time: 9.845s | ~Time Left: 2323.324s |  Train Loss: 0.1201 | Train Acc. 96.1539% | Test Loss: 0.2265 | Test Acc. 93.1624%
Train AUC: 0.9946798007065444
Valid AUC: 0.9857038123167156
Adas on AIDPATH_transformed: T 3/1 | E 15/250 Ended | E Time: 9.894s | ~Time Left: 2324.981s |  Train Loss: 0.0922 | Train Acc. 96.3141% | Test Loss: 0.1790 | Test Acc. 93.5897%
Train AUC: 0.9885377727301262
Valid AUC: 0.9901026392961876
Adas on AIDPATH_transformed: T 3/1 | E 16/250 Ended | E Time: 9.891s | ~Time Left: 2314.513s |  Train Loss: 0.1335 | Train Acc. 94.7650% | Test Loss: 0.1281 | Test Acc. 96.1539%
Train AUC: 0.9873358482812937
Valid AUC: 0.9883431085043989
Adas on AIDPATH_transformed: T 3/1 | E 17/250 Ended | E Time: 10.115s | ~Time Left: 2356.686s |  Train Loss: 0.1445 | Train Acc. 94.4445% | Test Loss: 0.1700 | Test Acc. 92.7350%
Train AUC: 0.9900227715030904
Valid AUC: 0.9879032258064516
Adas on AIDPATH_transformed: T 3/1 | E 18/250 Ended | E Time: 9.985s | ~Time Left: 2316.502s |  Train Loss: 0.1283 | Train Acc. 94.9786% | Test Loss: 0.1297 | Test Acc. 94.0171%
Train AUC: 0.9938431334501396
Valid AUC: 0.9865102639296187
Adas on AIDPATH_transformed: T 3/1 | E 19/250 Ended | E Time: 9.910s | ~Time Left: 2289.148s |  Train Loss: 0.1022 | Train Acc. 95.8868% | Test Loss: 0.1740 | Test Acc. 94.4445%
Train AUC: 0.9945782135499004
Valid AUC: 0.9914222873900294
Adas on AIDPATH_transformed: T 3/1 | E 20/250 Ended | E Time: 9.995s | ~Time Left: 2298.930s |  Train Loss: 0.0865 | Train Acc. 97.4359% | Test Loss: 0.1255 | Test Acc. 94.0171%
Train AUC: 0.9952950307900399
Valid AUC: 0.9955278592375366
Adas on AIDPATH_transformed: T 3/1 | E 21/250 Ended | E Time: 9.935s | ~Time Left: 2275.004s |  Train Loss: 0.0870 | Train Acc. 96.6880% | Test Loss: 0.1045 | Test Acc. 96.5812%
Train AUC: 0.9961214251879077
Valid AUC: 0.994208211143695
Adas on AIDPATH_transformed: T 3/1 | E 22/250 Ended | E Time: 9.918s | ~Time Left: 2261.415s |  Train Loss: 0.0775 | Train Acc. 97.3291% | Test Loss: 0.0919 | Test Acc. 96.5812%
Train AUC: 0.9954103150913999
Valid AUC: 0.994208211143695
Adas on AIDPATH_transformed: T 3/1 | E 23/250 Ended | E Time: 9.999s | ~Time Left: 2269.826s |  Train Loss: 0.0845 | Train Acc. 96.9017% | Test Loss: 0.0982 | Test Acc. 96.5812%
Train AUC: 0.9928672118891215
Valid AUC: 0.9860703812316716
Adas on AIDPATH_transformed: T 3/1 | E 24/250 Ended | E Time: 9.937s | ~Time Left: 2245.681s |  Train Loss: 0.1027 | Train Acc. 96.9017% | Test Loss: 0.1714 | Test Acc. 93.5897%
Train AUC: 0.9960803337537596
Valid AUC: 0.9959677419354839
Adas on AIDPATH_transformed: T 3/1 | E 25/250 Ended | E Time: 9.918s | ~Time Left: 2231.607s |  Train Loss: 0.0783 | Train Acc. 97.3291% | Test Loss: 0.0739 | Test Acc. 96.5812%
Train AUC: 0.9940234791889008
Valid AUC: 0.9934750733137829
Adas on AIDPATH_transformed: T 3/1 | E 26/250 Ended | E Time: 9.952s | ~Time Left: 2229.234s |  Train Loss: 0.0937 | Train Acc. 96.4744% | Test Loss: 0.1223 | Test Acc. 93.5897%
Train AUC: 0.9947402964290403
Valid AUC: 0.9970674486803519
Adas on AIDPATH_transformed: T 3/1 | E 27/250 Ended | E Time: 9.907s | ~Time Left: 2209.374s |  Train Loss: 0.0895 | Train Acc. 96.9551% | Test Loss: 0.0720 | Test Acc. 96.5812%
Train AUC: 0.9974968468031435
Valid AUC: 0.9970674486803519
Adas on AIDPATH_transformed: T 3/1 | E 28/250 Ended | E Time: 9.972s | ~Time Left: 2213.827s |  Train Loss: 0.0599 | Train Acc. 97.7030% | Test Loss: 0.0809 | Test Acc. 95.7265%
Train AUC: 0.994790519292999
Valid AUC: 0.9935483870967743
Adas on AIDPATH_transformed: T 3/1 | E 29/250 Ended | E Time: 9.938s | ~Time Left: 2196.358s |  Train Loss: 0.0900 | Train Acc. 96.5278% | Test Loss: 0.1025 | Test Acc. 96.5812%
Train AUC: 0.9966053909678745
Valid AUC: 0.989149560117302
Adas on AIDPATH_transformed: T 3/1 | E 30/250 Ended | E Time: 9.955s | ~Time Left: 2190.103s |  Train Loss: 0.0714 | Train Acc. 97.7030% | Test Loss: 0.1525 | Test Acc. 93.5897%
Train AUC: 0.9969352638697858
Valid AUC: 0.9980938416422288
Adas on AIDPATH_transformed: T 3/1 | E 31/250 Ended | E Time: 10.092s | ~Time Left: 2210.189s |  Train Loss: 0.0664 | Train Acc. 97.4359% | Test Loss: 0.0642 | Test Acc. 97.0086%
Train AUC: 0.9960552223217801
Valid AUC: 0.9969941348973608
Adas on AIDPATH_transformed: T 3/1 | E 32/250 Ended | E Time: 10.035s | ~Time Left: 2187.608s |  Train Loss: 0.0766 | Train Acc. 97.2222% | Test Loss: 0.1268 | Test Acc. 94.4445%
Train AUC: 0.9973313396378246
Valid AUC: 0.9965542521994134
Adas on AIDPATH_transformed: T 3/1 | E 33/250 Ended | E Time: 9.968s | ~Time Left: 2162.962s |  Train Loss: 0.0664 | Train Acc. 97.7030% | Test Loss: 0.0803 | Test Acc. 97.0086%
Train AUC: 0.9961465366198872
Valid AUC: 0.9877565982404692
Adas on AIDPATH_transformed: T 3/1 | E 34/250 Ended | E Time: 9.945s | ~Time Left: 2148.178s |  Train Loss: 0.0792 | Train Acc. 97.2222% | Test Loss: 0.1735 | Test Acc. 94.4445%
Train AUC: 0.9961043037570125
Valid AUC: 0.993475073313783
Adas on AIDPATH_transformed: T 3/1 | E 35/250 Ended | E Time: 10.050s | ~Time Left: 2160.692s |  Train Loss: 0.0764 | Train Acc. 97.1154% | Test Loss: 0.1106 | Test Acc. 94.8718%
Train AUC: 0.9959068365873565
Valid AUC: 0.9964809384164224
Adas on AIDPATH_transformed: T 3/1 | E 36/250 Ended | E Time: 9.954s | ~Time Left: 2130.076s |  Train Loss: 0.0777 | Train Acc. 97.3291% | Test Loss: 0.0741 | Test Acc. 96.1539%
Train AUC: 0.996248123776531
Valid AUC: 0.9926686217008798
Adas on AIDPATH_transformed: T 3/1 | E 37/250 Ended | E Time: 9.979s | ~Time Left: 2125.578s |  Train Loss: 0.0750 | Train Acc. 97.5962% | Test Loss: 0.1210 | Test Acc. 94.8718%
Train AUC: 0.9975345139511125
Valid AUC: 0.9953812316715542
Adas on AIDPATH_transformed: T 3/1 | E 38/250 Ended | E Time: 10.034s | ~Time Left: 2127.283s |  Train Loss: 0.0642 | Train Acc. 97.7030% | Test Loss: 0.0869 | Test Acc. 96.1539%
Train AUC: 0.9979522768649519
Valid AUC: 0.9966275659824047
Adas on AIDPATH_transformed: T 3/1 | E 39/250 Ended | E Time: 9.911s | ~Time Left: 2091.273s |  Train Loss: 0.0553 | Train Acc. 98.1838% | Test Loss: 0.0796 | Test Acc. 96.1539%
Train AUC: 0.9977342639782216
Valid AUC: 0.993841642228739
Adas on AIDPATH_transformed: T 3/1 | E 40/250 Ended | E Time: 10.227s | ~Time Left: 2147.688s |  Train Loss: 0.0578 | Train Acc. 98.0235% | Test Loss: 0.1025 | Test Acc. 94.8718%
Train AUC: 0.9969603753017652
Valid AUC: 0.9958944281524926
Adas on AIDPATH_transformed: T 3/1 | E 41/250 Ended | E Time: 10.029s | ~Time Left: 2095.968s |  Train Loss: 0.0698 | Train Acc. 97.6496% | Test Loss: 0.1329 | Test Acc. 94.8718%
Train AUC: 0.997871235425382
Valid AUC: 0.9991935483870968
Adas on AIDPATH_transformed: T 3/1 | E 42/250 Ended | E Time: 10.051s | ~Time Left: 2090.594s |  Train Loss: 0.0563 | Train Acc. 97.9701% | Test Loss: 0.0487 | Test Acc. 97.8633%
Train AUC: 0.9962835080670476
Valid AUC: 0.9976539589442814
Adas on AIDPATH_transformed: T 3/1 | E 43/250 Ended | E Time: 9.985s | ~Time Left: 2066.937s |  Train Loss: 0.0779 | Train Acc. 96.9551% | Test Loss: 0.0622 | Test Acc. 96.5812%
Train AUC: 0.9967754638480987
Valid AUC: 0.9973607038123168
Adas on AIDPATH_transformed: T 3/1 | E 44/250 Ended | E Time: 9.932s | ~Time Left: 2046.094s |  Train Loss: 0.0696 | Train Acc. 97.7564% | Test Loss: 0.0617 | Test Acc. 97.4359%
Train AUC: 0.9950838664756676
Valid AUC: 0.9966275659824048
Adas on AIDPATH_transformed: T 3/1 | E 45/250 Ended | E Time: 10.093s | ~Time Left: 2069.129s |  Train Loss: 0.0854 | Train Acc. 97.3291% | Test Loss: 0.1802 | Test Acc. 91.4530%
Train AUC: 0.9979591254373099
Valid AUC: 0.9925953079178885
Adas on AIDPATH_transformed: T 3/1 | E 46/250 Ended | E Time: 10.061s | ~Time Left: 2052.526s |  Train Loss: 0.0598 | Train Acc. 97.7030% | Test Loss: 0.1043 | Test Acc. 96.1539%
Train AUC: 0.9975299482362073
Valid AUC: 0.9950146627565982
Adas on AIDPATH_transformed: T 3/1 | E 47/250 Ended | E Time: 10.205s | ~Time Left: 2071.582s |  Train Loss: 0.0638 | Train Acc. 97.6496% | Test Loss: 0.0863 | Test Acc. 97.0086%
Train AUC: 0.9970254367391664
Valid AUC: 0.9969941348973607
Adas on AIDPATH_transformed: T 3/1 | E 48/250 Ended | E Time: 10.025s | ~Time Left: 2024.995s |  Train Loss: 0.0655 | Train Acc. 97.4893% | Test Loss: 0.0756 | Test Acc. 96.1539%
Train AUC: 0.9981269154600814
Valid AUC: 0.9944281524926686
Adas on AIDPATH_transformed: T 3/1 | E 49/250 Ended | E Time: 10.047s | ~Time Left: 2019.489s |  Train Loss: 0.0539 | Train Acc. 97.9701% | Test Loss: 0.1422 | Test Acc. 93.5897%
Train AUC: 0.9980139140161741
Valid AUC: 0.9980205278592376
Adas on AIDPATH_transformed: T 3/1 | E 50/250 Ended | E Time: 9.994s | ~Time Left: 1998.735s |  Train Loss: 0.0507 | Train Acc. 98.3974% | Test Loss: 0.0594 | Test Acc. 97.0086%
Train AUC: 0.9982581797636101
Valid AUC: 0.9947214076246333
Adas on AIDPATH_transformed: T 3/1 | E 51/250 Ended | E Time: 9.969s | ~Time Left: 1983.811s |  Train Loss: 0.0530 | Train Acc. 98.0235% | Test Loss: 0.1033 | Test Acc. 94.8718%
Train AUC: 0.9976726268269993
Valid AUC: 0.9979472140762463
Adas on AIDPATH_transformed: T 3/1 | E 52/250 Ended | E Time: 9.924s | ~Time Left: 1965.026s |  Train Loss: 0.0642 | Train Acc. 97.8633% | Test Loss: 0.0653 | Test Acc. 97.8633%
Train AUC: 0.9982456240476204
Valid AUC: 0.9987536656891496
Adas on AIDPATH_transformed: T 3/1 | E 53/250 Ended | E Time: 9.995s | ~Time Left: 1968.934s |  Train Loss: 0.0469 | Train Acc. 98.7714% | Test Loss: 0.0568 | Test Acc. 98.2906%
Train AUC: 0.9987786712628196
Valid AUC: 0.9974340175953079
Adas on AIDPATH_transformed: T 3/1 | E 54/250 Ended | E Time: 9.977s | ~Time Left: 1955.443s |  Train Loss: 0.0418 | Train Acc. 98.7714% | Test Loss: 0.0600 | Test Acc. 97.4359%
Train AUC: 0.9986964883945235
Valid AUC: 0.9943548387096774
Adas on AIDPATH_transformed: T 3/1 | E 55/250 Ended | E Time: 9.981s | ~Time Left: 1946.344s |  Train Loss: 0.0463 | Train Acc. 98.3440% | Test Loss: 0.1201 | Test Acc. 96.1539%
Train AUC: 0.9991804541744902
Valid AUC: 0.9873167155425221
Adas on AIDPATH_transformed: T 3/1 | E 56/250 Ended | E Time: 9.888s | ~Time Left: 1918.255s |  Train Loss: 0.0372 | Train Acc. 98.4509% | Test Loss: 0.1749 | Test Acc. 93.1624%
Train AUC: 0.998433959787466
Valid AUC: 0.9942815249266862
Adas on AIDPATH_transformed: T 3/1 | E 57/250 Ended | E Time: 10.077s | ~Time Left: 1944.838s |  Train Loss: 0.0481 | Train Acc. 98.5577% | Test Loss: 0.1095 | Test Acc. 95.2991%
Train AUC: 0.9985207083706675
Valid AUC: 0.997434017595308
Adas on AIDPATH_transformed: T 3/1 | E 58/250 Ended | E Time: 10.300s | ~Time Left: 1977.631s |  Train Loss: 0.0510 | Train Acc. 98.2372% | Test Loss: 0.0711 | Test Acc. 97.0086%
Train AUC: 0.9985652240909947
Valid AUC: 0.9966275659824048
Adas on AIDPATH_transformed: T 3/1 | E 59/250 Ended | E Time: 10.091s | ~Time Left: 1927.313s |  Train Loss: 0.0494 | Train Acc. 98.6111% | Test Loss: 0.0651 | Test Acc. 96.5812%
Train AUC: 0.9956819751282681
Valid AUC: 0.9961876832844575
Adas on AIDPATH_transformed: T 3/1 | E 60/250 Ended | E Time: 10.072s | ~Time Left: 1913.603s |  Train Loss: 0.0824 | Train Acc. 97.2222% | Test Loss: 0.0814 | Test Acc. 96.1539%
Train AUC: 0.9987364383999452
Valid AUC: 0.9973607038123167
Adas on AIDPATH_transformed: T 3/1 | E 61/250 Ended | E Time: 9.973s | ~Time Left: 1884.977s |  Train Loss: 0.0425 | Train Acc. 98.6111% | Test Loss: 0.0627 | Test Acc. 96.5812%
Train AUC: 0.9993836284877782
Valid AUC: 0.9972873900293255
Adas on AIDPATH_transformed: T 3/1 | E 62/250 Ended | E Time: 9.925s | ~Time Left: 1865.905s |  Train Loss: 0.0330 | Train Acc. 98.6111% | Test Loss: 0.0609 | Test Acc. 97.0086%
Train AUC: 0.9983540597766224
Valid AUC: 0.9920821114369501
Adas on AIDPATH_transformed: T 3/1 | E 63/250 Ended | E Time: 10.053s | ~Time Left: 1879.954s |  Train Loss: 0.0501 | Train Acc. 97.9701% | Test Loss: 0.1573 | Test Acc. 93.5897%
Train AUC: 0.9990377755836981
Valid AUC: 0.9975806451612903
Adas on AIDPATH_transformed: T 3/1 | E 64/250 Ended | E Time: 10.036s | ~Time Left: 1866.756s |  Train Loss: 0.0369 | Train Acc. 98.7714% | Test Loss: 0.0832 | Test Acc. 97.4359%
Train AUC: 0.998559516947363
Valid AUC: 0.9914222873900294
Adas on AIDPATH_transformed: T 3/1 | E 65/250 Ended | E Time: 9.975s | ~Time Left: 1845.303s |  Train Loss: 0.0467 | Train Acc. 98.1303% | Test Loss: 0.1113 | Test Acc. 96.5812%
Train AUC: 0.9986245783847643
Valid AUC: 0.9978739002932552
Adas on AIDPATH_transformed: T 3/1 | E 66/250 Ended | E Time: 9.921s | ~Time Left: 1825.556s |  Train Loss: 0.0457 | Train Acc. 98.2906% | Test Loss: 0.0595 | Test Acc. 96.5812%
Train AUC: 0.9992112727501014
Valid AUC: 0.998533724340176
Adas on AIDPATH_transformed: T 3/1 | E 67/250 Ended | E Time: 9.928s | ~Time Left: 1816.821s |  Train Loss: 0.0390 | Train Acc. 98.5577% | Test Loss: 0.0581 | Test Acc. 97.0086%
Train AUC: 0.9991861613181219
Valid AUC: 0.9991202346041056
Adas on AIDPATH_transformed: T 3/1 | E 68/250 Ended | E Time: 9.929s | ~Time Left: 1807.030s |  Train Loss: 0.0394 | Train Acc. 98.5577% | Test Loss: 0.0412 | Test Acc. 98.2906%
Train AUC: 0.9987432869723033
Valid AUC: 0.9972140762463344
Adas on AIDPATH_transformed: T 3/1 | E 69/250 Ended | E Time: 10.137s | ~Time Left: 1834.857s |  Train Loss: 0.0472 | Train Acc. 98.4509% | Test Loss: 0.0636 | Test Acc. 97.0086%
Train AUC: 0.9982433411901677
Valid AUC: 0.9993401759530792
Adas on AIDPATH_transformed: T 3/1 | E 70/250 Ended | E Time: 9.996s | ~Time Left: 1799.240s |  Train Loss: 0.0512 | Train Acc. 98.1838% | Test Loss: 0.0399 | Test Acc. 97.8633%
Train AUC: 0.99888139984819
Valid AUC: 0.9975806451612903
Adas on AIDPATH_transformed: T 3/1 | E 71/250 Ended | E Time: 10.002s | ~Time Left: 1790.406s |  Train Loss: 0.0405 | Train Acc. 98.6645% | Test Loss: 0.0897 | Test Acc. 95.7265%
Train AUC: 0.998790085550083
Valid AUC: 0.996407624633431
Adas on AIDPATH_transformed: T 3/1 | E 72/250 Ended | E Time: 10.236s | ~Time Left: 1821.997s |  Train Loss: 0.0418 | Train Acc. 98.5577% | Test Loss: 0.0697 | Test Acc. 96.5812%
Train AUC: 0.9989270569972435
Valid AUC: 0.9963343108504399
Adas on AIDPATH_transformed: T 3/1 | E 73/250 Ended | E Time: 9.983s | ~Time Left: 1767.061s |  Train Loss: 0.0409 | Train Acc. 98.6645% | Test Loss: 0.0740 | Test Acc. 97.0086%
Train AUC: 0.9989065112801694
Valid AUC: 0.9975806451612903
Adas on AIDPATH_transformed: T 3/1 | E 74/250 Ended | E Time: 9.962s | ~Time Left: 1753.242s |  Train Loss: 0.0354 | Train Acc. 98.9850% | Test Loss: 0.0672 | Test Acc. 97.4359%
Train AUC: 0.9988323184129575
Valid AUC: 0.998533724340176
Adas on AIDPATH_transformed: T 3/1 | E 75/250 Ended | E Time: 9.944s | ~Time Left: 1740.136s |  Train Loss: 0.0431 | Train Acc. 98.7180% | Test Loss: 0.0472 | Test Acc. 97.8633%
Train AUC: 0.9990708770167619
Valid AUC: 0.9961876832844575
Adas on AIDPATH_transformed: T 3/1 | E 76/250 Ended | E Time: 10.148s | ~Time Left: 1765.802s |  Train Loss: 0.0359 | Train Acc. 98.8248% | Test Loss: 0.0681 | Test Acc. 96.5812%
Train AUC: 0.9988471569863998
Valid AUC: 0.9972873900293255
Adas on AIDPATH_transformed: T 3/1 | E 77/250 Ended | E Time: 9.931s | ~Time Left: 1718.082s |  Train Loss: 0.0311 | Train Acc. 99.1987% | Test Loss: 0.0758 | Test Acc. 97.4359%
Train AUC: 0.9990149470091714
Valid AUC: 0.9924486803519061
Adas on AIDPATH_transformed: T 3/1 | E 78/250 Ended | E Time: 9.928s | ~Time Left: 1707.594s |  Train Loss: 0.0364 | Train Acc. 98.5577% | Test Loss: 0.1116 | Test Acc. 95.7265%
Train AUC: 0.9995126099338543
Valid AUC: 0.9980205278592376
Adas on AIDPATH_transformed: T 3/1 | E 79/250 Ended | E Time: 9.873s | ~Time Left: 1688.272s |  Train Loss: 0.0270 | Train Acc. 99.0919% | Test Loss: 0.0526 | Test Acc. 97.4359%
Train AUC: 0.9998116642601544
Valid AUC: 0.9994868035190616
Adas on AIDPATH_transformed: T 3/1 | E 80/250 Ended | E Time: 9.968s | ~Time Left: 1694.517s |  Train Loss: 0.0194 | Train Acc. 99.3056% | Test Loss: 0.0261 | Test Acc. 99.1453%
Train AUC: 0.9991108270221837
Valid AUC: 0.9959677419354839
Adas on AIDPATH_transformed: T 3/1 | E 81/250 Ended | E Time: 10.130s | ~Time Left: 1712.052s |  Train Loss: 0.0371 | Train Acc. 98.6645% | Test Loss: 0.0817 | Test Acc. 98.7180%
Train AUC: 0.9992934556183977
Valid AUC: 0.9967008797653958
Adas on AIDPATH_transformed: T 3/1 | E 82/250 Ended | E Time: 9.897s | ~Time Left: 1662.705s |  Train Loss: 0.0330 | Train Acc. 98.5043% | Test Loss: 0.0765 | Test Acc. 96.1539%
Train AUC: 0.9996336013788459
Valid AUC: 0.9978005865102639
Adas on AIDPATH_transformed: T 3/1 | E 83/250 Ended | E Time: 9.978s | ~Time Left: 1666.280s |  Train Loss: 0.0252 | Train Acc. 99.0385% | Test Loss: 0.0585 | Test Acc. 97.4359%
Train AUC: 0.9990937055912886
Valid AUC: 0.9978005865102639
Adas on AIDPATH_transformed: T 3/1 | E 84/250 Ended | E Time: 10.253s | ~Time Left: 1702.081s |  Train Loss: 0.0335 | Train Acc. 98.8248% | Test Loss: 0.0632 | Test Acc. 97.4359%
Train AUC: 0.9995970756596031
Valid AUC: 0.9999266862170088
Adas on AIDPATH_transformed: T 3/1 | E 85/250 Ended | E Time: 10.006s | ~Time Left: 1651.051s |  Train Loss: 0.0268 | Train Acc. 98.9316% | Test Loss: 0.0293 | Test Acc. 98.7180%
Train AUC: 0.9993060113343872
Valid AUC: 0.9994868035190616
Adas on AIDPATH_transformed: T 3/1 | E 86/250 Ended | E Time: 10.043s | ~Time Left: 1647.083s |  Train Loss: 0.0294 | Train Acc. 99.0385% | Test Loss: 0.0261 | Test Acc. 99.1453%
Train AUC: 0.9991062613072783
Valid AUC: 0.9972140762463343
Adas on AIDPATH_transformed: T 3/1 | E 87/250 Ended | E Time: 9.970s | ~Time Left: 1625.156s |  Train Loss: 0.0381 | Train Acc. 98.6645% | Test Loss: 0.0676 | Test Acc. 97.8633%
Train AUC: 0.9995057613614962
Valid AUC: 0.9997800586510264
Adas on AIDPATH_transformed: T 3/1 | E 88/250 Ended | E Time: 10.389s | ~Time Left: 1683.007s |  Train Loss: 0.0273 | Train Acc. 99.1987% | Test Loss: 0.0545 | Test Acc. 98.2906%
Train AUC: 0.9996415913799302
Valid AUC: 0.9978739002932551
Adas on AIDPATH_transformed: T 3/1 | E 89/250 Ended | E Time: 10.350s | ~Time Left: 1666.415s |  Train Loss: 0.0242 | Train Acc. 98.9850% | Test Loss: 0.0588 | Test Acc. 97.4359%
Train AUC: 0.9998162299750598
Valid AUC: 0.998533724340176
Adas on AIDPATH_transformed: T 3/1 | E 90/250 Ended | E Time: 10.014s | ~Time Left: 1602.185s |  Train Loss: 0.0183 | Train Acc. 99.4124% | Test Loss: 0.0551 | Test Acc. 97.8633%
Train AUC: 0.9993824870590519
Valid AUC: 0.9990469208211145
Adas on AIDPATH_transformed: T 3/1 | E 91/250 Ended | E Time: 10.486s | ~Time Left: 1667.284s |  Train Loss: 0.0320 | Train Acc. 98.7180% | Test Loss: 0.0425 | Test Acc. 98.7180%
Train AUC: 0.9995228827923912
Valid AUC: 0.9984604105571848
Adas on AIDPATH_transformed: T 3/1 | E 92/250 Ended | E Time: 10.146s | ~Time Left: 1603.044s |  Train Loss: 0.0269 | Train Acc. 99.1987% | Test Loss: 0.0559 | Test Acc. 97.0086%
Train AUC: 0.9996598542395516
Valid AUC: 0.9991935483870968
Adas on AIDPATH_transformed: T 3/1 | E 93/250 Ended | E Time: 9.989s | ~Time Left: 1568.207s |  Train Loss: 0.0246 | Train Acc. 99.0919% | Test Loss: 0.0412 | Test Acc. 98.2906%
Train AUC: 0.9996381670937513
Valid AUC: 0.9972140762463343
Adas on AIDPATH_transformed: T 3/1 | E 94/250 Ended | E Time: 10.336s | ~Time Left: 1612.379s |  Train Loss: 0.0200 | Train Acc. 99.5727% | Test Loss: 0.0967 | Test Acc. 96.1539%
Train AUC: 0.9994635284986217
Valid AUC: 0.9998533724340176
Adas on AIDPATH_transformed: T 3/1 | E 95/250 Ended | E Time: 9.993s | ~Time Left: 1548.923s |  Train Loss: 0.0254 | Train Acc. 99.1987% | Test Loss: 0.0177 | Test Acc. 99.1453%
Train AUC: 0.9995685399414447
Valid AUC: 0.9994868035190616
Adas on AIDPATH_transformed: T 3/1 | E 96/250 Ended | E Time: 10.021s | ~Time Left: 1543.255s |  Train Loss: 0.0227 | Train Acc. 99.4658% | Test Loss: 0.0314 | Test Acc. 98.7180%
Train AUC: 0.9997888356856277
Valid AUC: 0.997140762463343
Adas on AIDPATH_transformed: T 3/1 | E 97/250 Ended | E Time: 10.047s | ~Time Left: 1537.153s |  Train Loss: 0.0195 | Train Acc. 99.4658% | Test Loss: 0.0625 | Test Acc. 97.4359%
Train AUC: 0.9997443199653006
Valid AUC: 0.9977272727272728
Adas on AIDPATH_transformed: T 3/1 | E 98/250 Ended | E Time: 9.954s | ~Time Left: 1512.960s |  Train Loss: 0.0166 | Train Acc. 99.6261% | Test Loss: 0.0730 | Test Acc. 97.8633%
Train AUC: 0.9992535056129757
Valid AUC: 0.9984604105571848
Adas on AIDPATH_transformed: T 3/1 | E 99/250 Ended | E Time: 10.006s | ~Time Left: 1510.968s |  Train Loss: 0.0336 | Train Acc. 98.7714% | Test Loss: 0.0495 | Test Acc. 97.8633%
Train AUC: 0.9997135013896895
Valid AUC: 0.9997800586510264
Adas on AIDPATH_transformed: T 3/1 | E 100/250 Ended | E Time: 10.167s | ~Time Left: 1525.032s |  Train Loss: 0.0218 | Train Acc. 99.3056% | Test Loss: 0.0238 | Test Acc. 99.1453%
Train AUC: 0.9998927056997243
Valid AUC: 0.9980205278592376
Adas on AIDPATH_transformed: T 3/1 | E 101/250 Ended | E Time: 9.938s | ~Time Left: 1480.694s |  Train Loss: 0.0143 | Train Acc. 99.5192% | Test Loss: 0.0600 | Test Acc. 97.0086%
Train AUC: 0.9996986628162471
Valid AUC: 0.9987536656891496
Adas on AIDPATH_transformed: T 3/1 | E 102/250 Ended | E Time: 10.038s | ~Time Left: 1485.685s |  Train Loss: 0.0193 | Train Acc. 99.3590% | Test Loss: 0.0449 | Test Acc. 97.8633%
Train AUC: 0.9995947928021505
Valid AUC: 0.999266862170088
Adas on AIDPATH_transformed: T 3/1 | E 103/250 Ended | E Time: 10.167s | ~Time Left: 1494.599s |  Train Loss: 0.0218 | Train Acc. 99.4124% | Test Loss: 0.0343 | Test Acc. 97.8633%
Train AUC: 0.9997317642493109
Valid AUC: 0.9987536656891496
Adas on AIDPATH_transformed: T 3/1 | E 104/250 Ended | E Time: 10.263s | ~Time Left: 1498.463s |  Train Loss: 0.0217 | Train Acc. 99.3590% | Test Loss: 0.0630 | Test Acc. 97.4359%
Train AUC: 0.9996358842362987
Valid AUC: 0.9989736070381232
Adas on AIDPATH_transformed: T 3/1 | E 105/250 Ended | E Time: 9.913s | ~Time Left: 1437.387s |  Train Loss: 0.0246 | Train Acc. 98.8782% | Test Loss: 0.0520 | Test Acc. 98.2906%
Train AUC: 0.9998573214092078
Valid AUC: 0.9991202346041056
Adas on AIDPATH_transformed: T 3/1 | E 106/250 Ended | E Time: 10.363s | ~Time Left: 1492.258s |  Train Loss: 0.0160 | Train Acc. 99.3590% | Test Loss: 0.0380 | Test Acc. 97.8633%
Train AUC: 0.9999109685593457
Valid AUC: 0.9986070381231672
Adas on AIDPATH_transformed: T 3/1 | E 107/250 Ended | E Time: 10.000s | ~Time Left: 1429.995s |  Train Loss: 0.0133 | Train Acc. 99.6795% | Test Loss: 0.0569 | Test Acc. 97.4359%
Train AUC: 0.9999315142764198
Valid AUC: 0.9989002932551321
Adas on AIDPATH_transformed: T 3/1 | E 108/250 Ended | E Time: 9.959s | ~Time Left: 1414.247s |  Train Loss: 0.0126 | Train Acc. 99.6261% | Test Loss: 0.0478 | Test Acc. 97.8633%
Train AUC: 0.9996199042341298
Valid AUC: 0.999266862170088
Adas on AIDPATH_transformed: T 3/1 | E 109/250 Ended | E Time: 10.284s | ~Time Left: 1450.009s |  Train Loss: 0.0238 | Train Acc. 99.1453% | Test Loss: 0.0375 | Test Acc. 98.7180%
Train AUC: 0.9994749427858851
Valid AUC: 0.9989736070381232
Adas on AIDPATH_transformed: T 3/1 | E 110/250 Ended | E Time: 9.996s | ~Time Left: 1399.442s |  Train Loss: 0.0268 | Train Acc. 99.1453% | Test Loss: 0.0438 | Test Acc. 97.8633%
Train AUC: 0.9996769756704467
Valid AUC: 0.998900293255132
Adas on AIDPATH_transformed: T 3/1 | E 111/250 Ended | E Time: 9.955s | ~Time Left: 1383.742s |  Train Loss: 0.0218 | Train Acc. 99.4124% | Test Loss: 0.0465 | Test Acc. 97.8633%
Train AUC: 0.9998493314081235
Valid AUC: 0.9998533724340176
Adas on AIDPATH_transformed: T 3/1 | E 112/250 Ended | E Time: 10.181s | ~Time Left: 1405.023s |  Train Loss: 0.0180 | Train Acc. 99.4124% | Test Loss: 0.0183 | Test Acc. 99.5727%
Train AUC: 0.9991815956032166
Valid AUC: 0.9984604105571848
Adas on AIDPATH_transformed: T 3/1 | E 113/250 Ended | E Time: 9.933s | ~Time Left: 1360.791s |  Train Loss: 0.0305 | Train Acc. 98.9316% | Test Loss: 0.0449 | Test Acc. 97.8633%
Train AUC: 0.9998573214092079
Valid AUC: 0.9993401759530792
Adas on AIDPATH_transformed: T 3/1 | E 114/250 Ended | E Time: 9.925s | ~Time Left: 1349.810s |  Train Loss: 0.0186 | Train Acc. 99.5192% | Test Loss: 0.0286 | Test Acc. 99.1453%
Train AUC: 0.9993870527739572
Valid AUC: 0.999633431085044
Adas on AIDPATH_transformed: T 3/1 | E 115/250 Ended | E Time: 9.947s | ~Time Left: 1342.851s |  Train Loss: 0.0269 | Train Acc. 99.1453% | Test Loss: 0.0202 | Test Acc. 99.1453%
Train AUC: 0.9997397542503952
Valid AUC: 0.9993401759530792
Adas on AIDPATH_transformed: T 3/1 | E 116/250 Ended | E Time: 10.006s | ~Time Left: 1340.815s |  Train Loss: 0.0214 | Train Acc. 99.1453% | Test Loss: 0.0329 | Test Acc. 98.7180%
Train AUC: 0.9999474942785884
Valid AUC: 0.999266862170088
Adas on AIDPATH_transformed: T 3/1 | E 117/250 Ended | E Time: 9.946s | ~Time Left: 1322.841s |  Train Loss: 0.0115 | Train Acc. 99.7329% | Test Loss: 0.0431 | Test Acc. 98.2906%
Train AUC: 0.9997089356747841
Valid AUC: 0.9999266862170088
Adas on AIDPATH_transformed: T 3/1 | E 118/250 Ended | E Time: 9.963s | ~Time Left: 1315.111s |  Train Loss: 0.0176 | Train Acc. 99.5192% | Test Loss: 0.0143 | Test Acc. 99.1453%
Train AUC: 0.9997876942569014
Valid AUC: 0.9994868035190616
Adas on AIDPATH_transformed: T 3/1 | E 119/250 Ended | E Time: 10.346s | ~Time Left: 1355.287s |  Train Loss: 0.0166 | Train Acc. 99.5192% | Test Loss: 0.0220 | Test Acc. 99.1453%
Train AUC: 0.9999246657040618
Valid AUC: 0.9997800586510264
Adas on AIDPATH_transformed: T 3/1 | E 120/250 Ended | E Time: 10.132s | ~Time Left: 1317.106s |  Train Loss: 0.0136 | Train Acc. 99.5727% | Test Loss: 0.0217 | Test Acc. 99.1453%
Train AUC: 0.9999086857018931
Valid AUC: 0.9982404692082112
Adas on AIDPATH_transformed: T 3/1 | E 121/250 Ended | E Time: 9.968s | ~Time Left: 1285.886s |  Train Loss: 0.0133 | Train Acc. 99.6261% | Test Loss: 0.0575 | Test Acc. 97.0086%
Train AUC: 0.9998459071219445
Valid AUC: 0.9986070381231671
Adas on AIDPATH_transformed: T 3/1 | E 122/250 Ended | E Time: 10.024s | ~Time Left: 1283.102s |  Train Loss: 0.0147 | Train Acc. 99.5727% | Test Loss: 0.0572 | Test Acc. 97.4359%
Train AUC: 0.9998459071219445
Valid AUC: 0.9997067448680352
Adas on AIDPATH_transformed: T 3/1 | E 123/250 Ended | E Time: 10.019s | ~Time Left: 1272.354s |  Train Loss: 0.0161 | Train Acc. 99.5192% | Test Loss: 0.0201 | Test Acc. 99.1453%
Train AUC: 0.9999303728476934
Valid AUC: 0.9994868035190616
Adas on AIDPATH_transformed: T 3/1 | E 124/250 Ended | E Time: 9.971s | ~Time Left: 1256.296s |  Train Loss: 0.0116 | Train Acc. 99.5727% | Test Loss: 0.0371 | Test Acc. 98.2906%
Train AUC: 0.9998116642601543
Valid AUC: 0.9991202346041056
Adas on AIDPATH_transformed: T 3/1 | E 125/250 Ended | E Time: 10.038s | ~Time Left: 1254.752s |  Train Loss: 0.0164 | Train Acc. 99.5727% | Test Loss: 0.0385 | Test Acc. 98.2906%
Train AUC: 0.9999817371403786
Valid AUC: 0.9994868035190616
Adas on AIDPATH_transformed: T 3/1 | E 126/250 Ended | E Time: 10.320s | ~Time Left: 1279.660s |  Train Loss: 0.0094 | Train Acc. 99.6795% | Test Loss: 0.0307 | Test Acc. 97.8633%
Train AUC: 0.9999212414178827
Valid AUC: 0.999633431085044
Adas on AIDPATH_transformed: T 3/1 | E 127/250 Ended | E Time: 10.177s | ~Time Left: 1251.784s |  Train Loss: 0.0133 | Train Acc. 99.5192% | Test Loss: 0.0244 | Test Acc. 98.7180%
Train AUC: 0.9999543428509465
Valid AUC: 0.9993401759530792
Adas on AIDPATH_transformed: T 3/1 | E 128/250 Ended | E Time: 9.983s | ~Time Left: 1217.945s |  Train Loss: 0.0107 | Train Acc. 99.6795% | Test Loss: 0.0341 | Test Acc. 98.7180%
Train AUC: 0.9999988585712737
Valid AUC: 0.9997800586510264
Adas on AIDPATH_transformed: T 3/1 | E 129/250 Ended | E Time: 9.959s | ~Time Left: 1205.012s |  Train Loss: 0.0057 | Train Acc. 99.9466% | Test Loss: 0.0269 | Test Acc. 99.1453%
Train AUC: 0.9999200999891564
Valid AUC: 0.9980938416422287
Adas on AIDPATH_transformed: T 3/1 | E 130/250 Ended | E Time: 10.374s | ~Time Left: 1244.868s |  Train Loss: 0.0119 | Train Acc. 99.5727% | Test Loss: 0.0545 | Test Acc. 97.8633%
Train AUC: 0.9999634742807572
Valid AUC: 0.999633431085044
Adas on AIDPATH_transformed: T 3/1 | E 131/250 Ended | E Time: 10.080s | ~Time Left: 1199.484s |  Train Loss: 0.0086 | Train Acc. 99.6795% | Test Loss: 0.0237 | Test Acc. 98.2906%
Train AUC: 0.9999258071327881
Valid AUC: 0.9984604105571848
Adas on AIDPATH_transformed: T 3/1 | E 132/250 Ended | E Time: 9.995s | ~Time Left: 1179.419s |  Train Loss: 0.0076 | Train Acc. 99.8932% | Test Loss: 0.0440 | Test Acc. 98.7180%
Train AUC: 0.9999634742807573
Valid AUC: 0.999633431085044
Adas on AIDPATH_transformed: T 3/1 | E 133/250 Ended | E Time: 10.460s | ~Time Left: 1223.807s |  Train Loss: 0.0074 | Train Acc. 99.7329% | Test Loss: 0.0268 | Test Acc. 99.1453%
Train AUC: 0.999989727141463
Valid AUC: 0.9997067448680352
Adas on AIDPATH_transformed: T 3/1 | E 134/250 Ended | E Time: 10.438s | ~Time Left: 1210.803s |  Train Loss: 0.0045 | Train Acc. 99.8932% | Test Loss: 0.0360 | Test Acc. 98.2906%
Train AUC: 0.9999840199978313
Valid AUC: 0.9984604105571848
Adas on AIDPATH_transformed: T 3/1 | E 135/250 Ended | E Time: 9.993s | ~Time Left: 1149.207s |  Train Loss: 0.0064 | Train Acc. 99.8398% | Test Loss: 0.0637 | Test Acc. 97.4359%
Train AUC: 0.999860745695387
Valid AUC: 0.9994134897360704
Adas on AIDPATH_transformed: T 3/1 | E 136/250 Ended | E Time: 10.153s | ~Time Left: 1157.461s |  Train Loss: 0.0146 | Train Acc. 99.4658% | Test Loss: 0.0375 | Test Acc. 98.7180%
Train AUC: 0.9999143928455246
Valid AUC: 0.9997800586510264
Adas on AIDPATH_transformed: T 3/1 | E 137/250 Ended | E Time: 10.404s | ~Time Left: 1175.602s |  Train Loss: 0.0109 | Train Acc. 99.5192% | Test Loss: 0.0210 | Test Acc. 99.1453%
Train AUC: 0.9998481899793972
Valid AUC: 0.9994868035190616
Adas on AIDPATH_transformed: T 3/1 | E 138/250 Ended | E Time: 10.193s | ~Time Left: 1141.657s |  Train Loss: 0.0134 | Train Acc. 99.5727% | Test Loss: 0.0272 | Test Acc. 98.7180%
Train AUC: 0.9999851614265576
Valid AUC: 0.9993401759530792
Adas on AIDPATH_transformed: T 3/1 | E 139/250 Ended | E Time: 10.037s | ~Time Left: 1114.159s |  Train Loss: 0.0068 | Train Acc. 99.6261% | Test Loss: 0.0307 | Test Acc. 98.7180%
Train AUC: 0.9994498313539056
Valid AUC: 0.9993401759530792
Adas on AIDPATH_transformed: T 3/1 | E 140/250 Ended | E Time: 9.970s | ~Time Left: 1096.714s |  Train Loss: 0.0161 | Train Acc. 99.5727% | Test Loss: 0.0344 | Test Acc. 98.7180%
Train AUC: 0.9999703228531153
Valid AUC: 0.9986803519061583
Adas on AIDPATH_transformed: T 3/1 | E 141/250 Ended | E Time: 11.012s | ~Time Left: 1200.263s |  Train Loss: 0.0085 | Train Acc. 99.7329% | Test Loss: 0.0501 | Test Acc. 98.7180%
Train AUC: 0.9999714642818416
Valid AUC: 0.9991935483870968
Adas on AIDPATH_transformed: T 3/1 | E 142/250 Ended | E Time: 9.982s | ~Time Left: 1078.032s |  Train Loss: 0.0097 | Train Acc. 99.6795% | Test Loss: 0.0368 | Test Acc. 99.1453%
Train AUC: 0.9998755842688293
Valid AUC: 0.999266862170088
Adas on AIDPATH_transformed: T 3/1 | E 143/250 Ended | E Time: 10.069s | ~Time Left: 1077.414s |  Train Loss: 0.0142 | Train Acc. 99.4658% | Test Loss: 0.0332 | Test Acc. 99.1453%
Train AUC: 0.9998869985560926
Valid AUC: 0.9986070381231671
Adas on AIDPATH_transformed: T 3/1 | E 144/250 Ended | E Time: 10.045s | ~Time Left: 1064.752s |  Train Loss: 0.0137 | Train Acc. 99.3590% | Test Loss: 0.0598 | Test Acc. 97.8633%
Train AUC: 0.9999748885680206
Valid AUC: 0.9982404692082111
Adas on AIDPATH_transformed: T 3/1 | E 145/250 Ended | E Time: 10.132s | ~Time Left: 1063.874s |  Train Loss: 0.0074 | Train Acc. 99.7863% | Test Loss: 0.0624 | Test Acc. 97.0086%
Train AUC: 0.999982878569105
Valid AUC: 0.999266862170088
Adas on AIDPATH_transformed: T 3/1 | E 146/250 Ended | E Time: 9.990s | ~Time Left: 1038.911s |  Train Loss: 0.0065 | Train Acc. 99.8398% | Test Loss: 0.0359 | Test Acc. 98.7180%
Train AUC: 0.9998892814135453
Valid AUC: 0.9986803519061584
Adas on AIDPATH_transformed: T 3/1 | E 147/250 Ended | E Time: 10.036s | ~Time Left: 1033.683s |  Train Loss: 0.0155 | Train Acc. 99.4658% | Test Loss: 0.0417 | Test Acc. 98.7180%
Train AUC: 0.9998984128433561
Valid AUC: 0.9994134897360705
Adas on AIDPATH_transformed: T 3/1 | E 148/250 Ended | E Time: 10.280s | ~Time Left: 1048.580s |  Train Loss: 0.0131 | Train Acc. 99.4658% | Test Loss: 0.0388 | Test Acc. 98.2906%
Train AUC: 1.0
Valid AUC: 0.9993401759530792
Adas on AIDPATH_transformed: T 3/1 | E 149/250 Ended | E Time: 10.209s | ~Time Left: 1031.130s |  Train Loss: 0.0049 | Train Acc. 99.9466% | Test Loss: 0.0430 | Test Acc. 98.7180%
Train AUC: 0.9999954342850947
Valid AUC: 0.9994134897360704
Adas on AIDPATH_transformed: T 3/1 | E 150/250 Ended | E Time: 10.101s | ~Time Left: 1010.052s |  Train Loss: 0.0046 | Train Acc. 99.8398% | Test Loss: 0.0285 | Test Acc. 98.7180%
Train AUC: 0.9999851614265576
Valid AUC: 0.9994134897360704
Adas on AIDPATH_transformed: T 3/1 | E 151/250 Ended | E Time: 10.154s | ~Time Left: 1005.231s |  Train Loss: 0.0074 | Train Acc. 99.8398% | Test Loss: 0.0290 | Test Acc. 98.7180%
Train AUC: 0.9999988585712737
Valid AUC: 0.9999266862170088
Adas on AIDPATH_transformed: T 3/1 | E 152/250 Ended | E Time: 10.043s | ~Time Left: 984.244s |  Train Loss: 0.0038 | Train Acc. 99.9466% | Test Loss: 0.0136 | Test Acc. 99.5727%
Train AUC: 0.999867594267745
Valid AUC: 0.9994868035190616
Adas on AIDPATH_transformed: T 3/1 | E 153/250 Ended | E Time: 10.109s | ~Time Left: 980.568s |  Train Loss: 0.0112 | Train Acc. 99.6261% | Test Loss: 0.0458 | Test Acc. 98.2906%
Train AUC: 0.9999372214200515
Valid AUC: 0.9999266862170088
Adas on AIDPATH_transformed: T 3/1 | E 154/250 Ended | E Time: 10.177s | ~Time Left: 977.007s |  Train Loss: 0.0078 | Train Acc. 99.8398% | Test Loss: 0.0216 | Test Acc. 99.1453%
Train AUC: 0.9999851614265576
Valid AUC: 0.9995601173020529
Adas on AIDPATH_transformed: T 3/1 | E 155/250 Ended | E Time: 10.550s | ~Time Left: 1002.263s |  Train Loss: 0.0067 | Train Acc. 99.8398% | Test Loss: 0.0298 | Test Acc. 98.7180%
Train AUC: 0.9998961299859034
Valid AUC: 0.9987536656891496
Adas on AIDPATH_transformed: T 3/1 | E 156/250 Ended | E Time: 10.117s | ~Time Left: 951.016s |  Train Loss: 0.0111 | Train Acc. 99.6795% | Test Loss: 0.0422 | Test Acc. 98.2906%
Train AUC: 0.9999737471392942
Valid AUC: 0.9994868035190616
Adas on AIDPATH_transformed: T 3/1 | E 157/250 Ended | E Time: 10.130s | ~Time Left: 942.054s |  Train Loss: 0.0077 | Train Acc. 99.7329% | Test Loss: 0.0363 | Test Acc. 98.7180%
Train AUC: 0.9999600499945782
Valid AUC: 0.9999266862170088
Adas on AIDPATH_transformed: T 3/1 | E 158/250 Ended | E Time: 10.084s | ~Time Left: 927.711s |  Train Loss: 0.0072 | Train Acc. 99.7863% | Test Loss: 0.0116 | Test Acc. 99.5727%
Train AUC: 0.9999885857127366
Valid AUC: 0.9994134897360705
Adas on AIDPATH_transformed: T 3/1 | E 159/250 Ended | E Time: 10.177s | ~Time Left: 926.090s |  Train Loss: 0.0061 | Train Acc. 99.8398% | Test Loss: 0.0373 | Test Acc. 98.7180%
Train AUC: 0.999976029996747
Valid AUC: 0.9993401759530792
Adas on AIDPATH_transformed: T 3/1 | E 160/250 Ended | E Time: 10.228s | ~Time Left: 920.499s |  Train Loss: 0.0074 | Train Acc. 99.7863% | Test Loss: 0.0365 | Test Acc. 98.7180%
Train AUC: 0.9998949885571771
Valid AUC: 0.9993401759530792
Adas on AIDPATH_transformed: T 3/1 | E 161/250 Ended | E Time: 10.062s | ~Time Left: 895.503s |  Train Loss: 0.0108 | Train Acc. 99.9466% | Test Loss: 0.0365 | Test Acc. 97.8633%
Train AUC: 0.9999623328520308
Valid AUC: 0.9995601173020529
Adas on AIDPATH_transformed: T 3/1 | E 162/250 Ended | E Time: 9.991s | ~Time Left: 879.208s |  Train Loss: 0.0083 | Train Acc. 99.6795% | Test Loss: 0.0312 | Test Acc. 99.1453%
Train AUC: 0.9999258071327881
Valid AUC: 0.9974340175953079
Adas on AIDPATH_transformed: T 3/1 | E 163/250 Ended | E Time: 10.224s | ~Time Left: 889.498s |  Train Loss: 0.0109 | Train Acc. 99.5727% | Test Loss: 0.0790 | Test Acc. 98.2906%
Train AUC: 0.9999680399956626
Valid AUC: 0.9990469208211143
Adas on AIDPATH_transformed: T 3/1 | E 164/250 Ended | E Time: 9.971s | ~Time Left: 857.496s |  Train Loss: 0.0067 | Train Acc. 99.7863% | Test Loss: 0.0498 | Test Acc. 98.7180%
Train AUC: 0.9999817371403786
Valid AUC: 0.9998533724340176
Adas on AIDPATH_transformed: T 3/1 | E 165/250 Ended | E Time: 10.131s | ~Time Left: 861.136s |  Train Loss: 0.0066 | Train Acc. 99.7329% | Test Loss: 0.0152 | Test Acc. 99.1453%
Train AUC: 0.9999634742807573
Valid AUC: 0.9991935483870968
Adas on AIDPATH_transformed: T 3/1 | E 166/250 Ended | E Time: 10.858s | ~Time Left: 912.053s |  Train Loss: 0.0081 | Train Acc. 99.7329% | Test Loss: 0.0406 | Test Acc. 98.7180%
Train AUC: 0.9999509185647675
Valid AUC: 0.9993401759530792
Adas on AIDPATH_transformed: T 3/1 | E 167/250 Ended | E Time: 10.084s | ~Time Left: 836.977s |  Train Loss: 0.0090 | Train Acc. 99.7329% | Test Loss: 0.0570 | Test Acc. 97.8633%
Train AUC: 0.9999988585712737
Valid AUC: 0.999266862170088
Adas on AIDPATH_transformed: T 3/1 | E 168/250 Ended | E Time: 10.030s | ~Time Left: 822.501s |  Train Loss: 0.0041 | Train Acc. 99.8932% | Test Loss: 0.0473 | Test Acc. 98.7180%
Train AUC: 0.9999748885680205
Valid AUC: 0.9998533724340176
Adas on AIDPATH_transformed: T 3/1 | E 169/250 Ended | E Time: 10.719s | ~Time Left: 868.245s |  Train Loss: 0.0065 | Train Acc. 99.7863% | Test Loss: 0.0143 | Test Acc. 98.7180%
Train AUC: 0.9999942928563683
Valid AUC: 0.9997067448680352
Adas on AIDPATH_transformed: T 3/1 | E 170/250 Ended | E Time: 10.019s | ~Time Left: 801.492s |  Train Loss: 0.0037 | Train Acc. 99.8932% | Test Loss: 0.0318 | Test Acc. 98.2906%
Train AUC: 0.9999965757138211
Valid AUC: 0.9991935483870968
Adas on AIDPATH_transformed: T 3/1 | E 171/250 Ended | E Time: 10.013s | ~Time Left: 791.062s |  Train Loss: 0.0047 | Train Acc. 99.9466% | Test Loss: 0.0450 | Test Acc. 98.7180%
Train AUC: 0.9999840199978313
Valid AUC: 0.9995601173020529
Adas on AIDPATH_transformed: T 3/1 | E 172/250 Ended | E Time: 10.328s | ~Time Left: 805.553s |  Train Loss: 0.0054 | Train Acc. 99.8398% | Test Loss: 0.0245 | Test Acc. 99.1453%
Train AUC: 1.0
Valid AUC: 0.9997067448680352
Adas on AIDPATH_transformed: T 3/1 | E 173/250 Ended | E Time: 10.434s | ~Time Left: 803.410s |  Train Loss: 0.0033 | Train Acc. 100.0000% | Test Loss: 0.0246 | Test Acc. 99.1453%
Train AUC: 0.9999337971338724
Valid AUC: 0.9976539589442815
Adas on AIDPATH_transformed: T 3/1 | E 174/250 Ended | E Time: 9.955s | ~Time Left: 756.606s |  Train Loss: 0.0097 | Train Acc. 99.6795% | Test Loss: 0.0659 | Test Acc. 97.8633%
Train AUC: 0.9999988585712737
Valid AUC: 0.9997067448680352
Adas on AIDPATH_transformed: T 3/1 | E 175/250 Ended | E Time: 10.133s | ~Time Left: 759.972s |  Train Loss: 0.0031 | Train Acc. 99.8932% | Test Loss: 0.0219 | Test Acc. 98.7180%
Train AUC: 0.9999977171425474
Valid AUC: 0.9997067448680352
Adas on AIDPATH_transformed: T 3/1 | E 176/250 Ended | E Time: 10.231s | ~Time Left: 757.090s |  Train Loss: 0.0032 | Train Acc. 99.8398% | Test Loss: 0.0210 | Test Acc. 98.7180%
Train AUC: 0.9999954342850946
Valid AUC: 0.999633431085044
Adas on AIDPATH_transformed: T 3/1 | E 177/250 Ended | E Time: 9.973s | ~Time Left: 728.045s |  Train Loss: 0.0044 | Train Acc. 99.8398% | Test Loss: 0.0294 | Test Acc. 98.7180%
Train AUC: 0.9999372214200515
Valid AUC: 0.9991202346041056
Adas on AIDPATH_transformed: T 3/1 | E 178/250 Ended | E Time: 10.147s | ~Time Left: 730.564s |  Train Loss: 0.0082 | Train Acc. 99.7863% | Test Loss: 0.0371 | Test Acc. 98.7180%
Train AUC: 0.9999988585712737
Valid AUC: 0.9995601173020529
Adas on AIDPATH_transformed: T 3/1 | E 179/250 Ended | E Time: 10.285s | ~Time Left: 730.206s |  Train Loss: 0.0035 | Train Acc. 99.9466% | Test Loss: 0.0285 | Test Acc. 98.7180%
Train AUC: 0.999996575713821
Valid AUC: 0.9994868035190616
Adas on AIDPATH_transformed: T 3/1 | E 180/250 Ended | E Time: 10.023s | ~Time Left: 701.615s |  Train Loss: 0.0037 | Train Acc. 99.8932% | Test Loss: 0.0302 | Test Acc. 98.7180%
Train AUC: 0.9999486357073148
Valid AUC: 0.9988269794721407
Adas on AIDPATH_transformed: T 3/1 | E 181/250 Ended | E Time: 10.757s | ~Time Left: 742.263s |  Train Loss: 0.0072 | Train Acc. 99.7863% | Test Loss: 0.0415 | Test Acc. 98.7180%
Train AUC: 0.9999988585712737
Valid AUC: 0.9994868035190616
Adas on AIDPATH_transformed: T 3/1 | E 182/250 Ended | E Time: 10.158s | ~Time Left: 690.716s |  Train Loss: 0.0038 | Train Acc. 99.9466% | Test Loss: 0.0290 | Test Acc. 99.1453%
Train AUC: 0.9999988585712737
Valid AUC: 0.9995601173020529
Adas on AIDPATH_transformed: T 3/1 | E 183/250 Ended | E Time: 10.048s | ~Time Left: 673.194s |  Train Loss: 0.0033 | Train Acc. 99.9466% | Test Loss: 0.0369 | Test Acc. 98.7180%
Train AUC: 0.9999851614265577
Valid AUC: 0.9994868035190616
Adas on AIDPATH_transformed: T 3/1 | E 184/250 Ended | E Time: 10.350s | ~Time Left: 683.115s |  Train Loss: 0.0052 | Train Acc. 99.8932% | Test Loss: 0.0285 | Test Acc. 98.7180%
Train AUC: 1.0
Valid AUC: 0.9993401759530792
Adas on AIDPATH_transformed: T 3/1 | E 185/250 Ended | E Time: 10.235s | ~Time Left: 665.245s |  Train Loss: 0.0023 | Train Acc. 100.0000% | Test Loss: 0.0343 | Test Acc. 98.2906%
Train AUC: 0.999989727141463
Valid AUC: 0.9995601173020529
Adas on AIDPATH_transformed: T 3/1 | E 186/250 Ended | E Time: 9.952s | ~Time Left: 636.931s |  Train Loss: 0.0045 | Train Acc. 99.8932% | Test Loss: 0.0283 | Test Acc. 98.7180%
Train AUC: 0.9999212414178827
Valid AUC: 0.999633431085044
Adas on AIDPATH_transformed: T 3/1 | E 187/250 Ended | E Time: 10.300s | ~Time Left: 648.917s |  Train Loss: 0.0107 | Train Acc. 99.5727% | Test Loss: 0.0266 | Test Acc. 98.7180%
Train AUC: 1.0
Valid AUC: 0.9997067448680352
Adas on AIDPATH_transformed: T 3/1 | E 188/250 Ended | E Time: 10.174s | ~Time Left: 630.759s |  Train Loss: 0.0033 | Train Acc. 100.0000% | Test Loss: 0.0175 | Test Acc. 99.5727%
Train AUC: 1.0
Valid AUC: 0.9997800586510264
Adas on AIDPATH_transformed: T 3/1 | E 189/250 Ended | E Time: 9.950s | ~Time Left: 606.962s |  Train Loss: 0.0029 | Train Acc. 99.9466% | Test Loss: 0.0170 | Test Acc. 99.1453%
Train AUC: 1.0
Valid AUC: 0.9991935483870967
Adas on AIDPATH_transformed: T 3/1 | E 190/250 Ended | E Time: 10.678s | ~Time Left: 640.676s |  Train Loss: 0.0025 | Train Acc. 99.9466% | Test Loss: 0.0338 | Test Acc. 99.1453%
Train AUC: 0.9999885857127366
Valid AUC: 0.9990469208211145
Adas on AIDPATH_transformed: T 3/1 | E 191/250 Ended | E Time: 10.101s | ~Time Left: 595.984s |  Train Loss: 0.0058 | Train Acc. 99.8398% | Test Loss: 0.0527 | Test Acc. 98.2906%
Train AUC: 0.9999691814243888
Valid AUC: 0.9983870967741936
Adas on AIDPATH_transformed: T 3/1 | E 192/250 Ended | E Time: 10.047s | ~Time Left: 582.727s |  Train Loss: 0.0072 | Train Acc. 99.7329% | Test Loss: 0.0690 | Test Acc. 98.2906%
Train AUC: 1.0
Valid AUC: 0.998533724340176
Adas on AIDPATH_transformed: T 3/1 | E 193/250 Ended | E Time: 10.575s | ~Time Left: 602.791s |  Train Loss: 0.0028 | Train Acc. 99.9466% | Test Loss: 0.0386 | Test Acc. 99.1453%
Train AUC: 0.9999680399956625
Valid AUC: 0.9995601173020529
Adas on AIDPATH_transformed: T 3/1 | E 194/250 Ended | E Time: 10.138s | ~Time Left: 567.712s |  Train Loss: 0.0059 | Train Acc. 99.7863% | Test Loss: 0.0327 | Test Acc. 98.7180%
Train AUC: 0.9999600499945782
Valid AUC: 0.9994868035190616
Adas on AIDPATH_transformed: T 3/1 | E 195/250 Ended | E Time: 9.906s | ~Time Left: 544.851s |  Train Loss: 0.0066 | Train Acc. 99.7863% | Test Loss: 0.0328 | Test Acc. 98.7180%
Train AUC: 0.9999988585712737
Valid AUC: 0.9997067448680352
Adas on AIDPATH_transformed: T 3/1 | E 196/250 Ended | E Time: 10.477s | ~Time Left: 565.756s |  Train Loss: 0.0034 | Train Acc. 99.9466% | Test Loss: 0.0217 | Test Acc. 99.1453%
Train AUC: 0.9999977171425474
Valid AUC: 0.9998533724340176
Adas on AIDPATH_transformed: T 3/1 | E 197/250 Ended | E Time: 10.002s | ~Time Left: 530.107s |  Train Loss: 0.0037 | Train Acc. 99.9466% | Test Loss: 0.0163 | Test Acc. 98.7180%
Train AUC: 1.0
Valid AUC: 0.999633431085044
Adas on AIDPATH_transformed: T 3/1 | E 198/250 Ended | E Time: 10.036s | ~Time Left: 521.850s |  Train Loss: 0.0026 | Train Acc. 100.0000% | Test Loss: 0.0344 | Test Acc. 98.7180%
Train AUC: 1.0
Valid AUC: 0.9997067448680352
Adas on AIDPATH_transformed: T 3/1 | E 199/250 Ended | E Time: 10.253s | ~Time Left: 522.920s |  Train Loss: 0.0027 | Train Acc. 99.9466% | Test Loss: 0.0299 | Test Acc. 99.1453%
Train AUC: 1.0
Valid AUC: 0.9994134897360705
Adas on AIDPATH_transformed: T 3/1 | E 200/250 Ended | E Time: 10.194s | ~Time Left: 509.701s |  Train Loss: 0.0031 | Train Acc. 99.9466% | Test Loss: 0.0314 | Test Acc. 98.7180%
Train AUC: 0.9999954342850947
Valid AUC: 0.9988269794721408
Adas on AIDPATH_transformed: T 3/1 | E 201/250 Ended | E Time: 10.035s | ~Time Left: 491.704s |  Train Loss: 0.0038 | Train Acc. 99.9466% | Test Loss: 0.0655 | Test Acc. 98.2906%
Train AUC: 1.0
Valid AUC: 0.9997800586510264
Adas on AIDPATH_transformed: T 3/1 | E 202/250 Ended | E Time: 10.136s | ~Time Left: 486.538s |  Train Loss: 0.0024 | Train Acc. 99.9466% | Test Loss: 0.0189 | Test Acc. 99.5727%
Train AUC: 0.9999760299967468
Valid AUC: 0.9999266862170088
Adas on AIDPATH_transformed: T 3/1 | E 203/250 Ended | E Time: 9.934s | ~Time Left: 466.898s |  Train Loss: 0.0069 | Train Acc. 99.7863% | Test Loss: 0.0148 | Test Acc. 99.5727%
Train AUC: 0.999996575713821
Valid AUC: 0.999633431085044
Adas on AIDPATH_transformed: T 3/1 | E 204/250 Ended | E Time: 10.085s | ~Time Left: 463.910s |  Train Loss: 0.0034 | Train Acc. 99.8398% | Test Loss: 0.0336 | Test Acc. 98.7180%
Train AUC: 1.0
Valid AUC: 0.9994134897360704
Adas on AIDPATH_transformed: T 3/1 | E 205/250 Ended | E Time: 10.199s | ~Time Left: 458.963s |  Train Loss: 0.0032 | Train Acc. 99.9466% | Test Loss: 0.0335 | Test Acc. 98.2906%
Train AUC: 0.9999954342850946
Valid AUC: 0.9997800586510264
Adas on AIDPATH_transformed: T 3/1 | E 206/250 Ended | E Time: 10.031s | ~Time Left: 441.352s |  Train Loss: 0.0034 | Train Acc. 99.8932% | Test Loss: 0.0165 | Test Acc. 99.5727%
Train AUC: 0.9999920099989157
Valid AUC: 0.999633431085044
Adas on AIDPATH_transformed: T 3/1 | E 207/250 Ended | E Time: 10.127s | ~Time Left: 435.457s |  Train Loss: 0.0045 | Train Acc. 99.8932% | Test Loss: 0.0279 | Test Acc. 98.2906%
Train AUC: 0.999993151427642
Valid AUC: 0.999266862170088
Adas on AIDPATH_transformed: T 3/1 | E 208/250 Ended | E Time: 10.036s | ~Time Left: 421.526s |  Train Loss: 0.0037 | Train Acc. 99.9466% | Test Loss: 0.0276 | Test Acc. 99.1453%
Train AUC: 1.0
Valid AUC: 0.9997800586510264
Adas on AIDPATH_transformed: T 3/1 | E 209/250 Ended | E Time: 10.876s | ~Time Left: 445.929s |  Train Loss: 0.0035 | Train Acc. 99.9466% | Test Loss: 0.0185 | Test Acc. 98.2906%
Train AUC: 1.0
Valid AUC: 0.9988269794721408
Adas on AIDPATH_transformed: T 3/1 | E 210/250 Ended | E Time: 10.030s | ~Time Left: 401.196s |  Train Loss: 0.0020 | Train Acc. 100.0000% | Test Loss: 0.0540 | Test Acc. 98.2906%
Train AUC: 1.0
Valid AUC: 0.9999266862170088
Adas on AIDPATH_transformed: T 3/1 | E 211/250 Ended | E Time: 10.175s | ~Time Left: 396.822s |  Train Loss: 0.0040 | Train Acc. 99.9466% | Test Loss: 0.0106 | Test Acc. 99.1453%
Train AUC: 0.9999977171425474
Valid AUC: 0.9997067448680352
Adas on AIDPATH_transformed: T 3/1 | E 212/250 Ended | E Time: 10.348s | ~Time Left: 393.234s |  Train Loss: 0.0035 | Train Acc. 99.8932% | Test Loss: 0.0309 | Test Acc. 99.1453%
Train AUC: 0.9999977171425474
Valid AUC: 0.9991202346041056
Adas on AIDPATH_transformed: T 3/1 | E 213/250 Ended | E Time: 10.018s | ~Time Left: 370.660s |  Train Loss: 0.0031 | Train Acc. 99.8932% | Test Loss: 0.0444 | Test Acc. 98.7180%
Train AUC: 1.0
Valid AUC: 0.9994134897360705
Adas on AIDPATH_transformed: T 3/1 | E 214/250 Ended | E Time: 10.046s | ~Time Left: 361.669s |  Train Loss: 0.0027 | Train Acc. 99.9466% | Test Loss: 0.0379 | Test Acc. 98.2906%
Train AUC: 1.0
Valid AUC: 0.9997067448680352
Adas on AIDPATH_transformed: T 3/1 | E 215/250 Ended | E Time: 10.517s | ~Time Left: 368.101s |  Train Loss: 0.0024 | Train Acc. 100.0000% | Test Loss: 0.0200 | Test Acc. 98.7180%
Train AUC: 0.9999977171425474
Valid AUC: 0.9995601173020529
Adas on AIDPATH_transformed: T 3/1 | E 216/250 Ended | E Time: 9.965s | ~Time Left: 338.825s |  Train Loss: 0.0034 | Train Acc. 99.8398% | Test Loss: 0.0327 | Test Acc. 99.1453%
Train AUC: 0.9999874442840103
Valid AUC: 0.9997800586510264
Adas on AIDPATH_transformed: T 3/1 | E 217/250 Ended | E Time: 10.321s | ~Time Left: 340.602s |  Train Loss: 0.0041 | Train Acc. 99.9466% | Test Loss: 0.0229 | Test Acc. 98.7180%
Train AUC: 1.0
Valid AUC: 0.9995601173020529
Adas on AIDPATH_transformed: T 3/1 | E 218/250 Ended | E Time: 10.530s | ~Time Left: 336.976s |  Train Loss: 0.0031 | Train Acc. 99.9466% | Test Loss: 0.0293 | Test Acc. 98.7180%
Train AUC: 1.0
Valid AUC: 0.9995601173020529
Adas on AIDPATH_transformed: T 3/1 | E 219/250 Ended | E Time: 10.151s | ~Time Left: 314.673s |  Train Loss: 0.0025 | Train Acc. 100.0000% | Test Loss: 0.0245 | Test Acc. 99.5727%
Train AUC: 1.0
Valid AUC: 0.9997067448680352
Adas on AIDPATH_transformed: T 3/1 | E 220/250 Ended | E Time: 10.102s | ~Time Left: 303.056s |  Train Loss: 0.0024 | Train Acc. 99.9466% | Test Loss: 0.0200 | Test Acc. 99.1453%
Train AUC: 0.999996575713821
Valid AUC: 0.999633431085044
Adas on AIDPATH_transformed: T 3/1 | E 221/250 Ended | E Time: 10.316s | ~Time Left: 299.165s |  Train Loss: 0.0032 | Train Acc. 99.8932% | Test Loss: 0.0257 | Test Acc. 99.1453%
Train AUC: 1.0
Valid AUC: 0.9994868035190616
Adas on AIDPATH_transformed: T 3/1 | E 222/250 Ended | E Time: 10.080s | ~Time Left: 282.239s |  Train Loss: 0.0026 | Train Acc. 99.9466% | Test Loss: 0.0427 | Test Acc. 98.7180%
Train AUC: 1.0
Valid AUC: 0.9995601173020529
Adas on AIDPATH_transformed: T 3/1 | E 223/250 Ended | E Time: 10.004s | ~Time Left: 270.112s |  Train Loss: 0.0021 | Train Acc. 100.0000% | Test Loss: 0.0325 | Test Acc. 99.1453%
Train AUC: 1.0
Valid AUC: 0.9995601173020529
Adas on AIDPATH_transformed: T 3/1 | E 224/250 Ended | E Time: 10.332s | ~Time Left: 268.629s |  Train Loss: 0.0023 | Train Acc. 100.0000% | Test Loss: 0.0300 | Test Acc. 99.1453%
Train AUC: 0.9999988585712737
Valid AUC: 0.999266862170088
Adas on AIDPATH_transformed: T 3/1 | E 225/250 Ended | E Time: 10.065s | ~Time Left: 251.622s |  Train Loss: 0.0030 | Train Acc. 99.8932% | Test Loss: 0.0379 | Test Acc. 98.2906%
Train AUC: 0.9999988585712737
Valid AUC: 0.999633431085044
Adas on AIDPATH_transformed: T 3/1 | E 226/250 Ended | E Time: 9.978s | ~Time Left: 239.464s |  Train Loss: 0.0029 | Train Acc. 99.9466% | Test Loss: 0.0246 | Test Acc. 98.7180%
Train AUC: 1.0
Valid AUC: 0.998900293255132
Adas on AIDPATH_transformed: T 3/1 | E 227/250 Ended | E Time: 10.387s | ~Time Left: 238.907s |  Train Loss: 0.0015 | Train Acc. 99.9466% | Test Loss: 0.0551 | Test Acc. 98.2906%
Train AUC: 1.0
Valid AUC: 0.9999266862170088
Adas on AIDPATH_transformed: T 3/1 | E 228/250 Ended | E Time: 9.917s | ~Time Left: 218.172s |  Train Loss: 0.0017 | Train Acc. 100.0000% | Test Loss: 0.0117 | Test Acc. 99.5727%
Train AUC: 0.9999977171425474
Valid AUC: 0.9997067448680352
Adas on AIDPATH_transformed: T 3/1 | E 229/250 Ended | E Time: 10.417s | ~Time Left: 218.762s |  Train Loss: 0.0024 | Train Acc. 99.9466% | Test Loss: 0.0305 | Test Acc. 99.1453%
Train AUC: 1.0
Valid AUC: 0.9997800586510264
Adas on AIDPATH_transformed: T 3/1 | E 230/250 Ended | E Time: 10.709s | ~Time Left: 214.178s |  Train Loss: 0.0017 | Train Acc. 100.0000% | Test Loss: 0.0250 | Test Acc. 98.7180%
Train AUC: 0.9999315142764198
Valid AUC: 0.9989736070381232
Adas on AIDPATH_transformed: T 3/1 | E 231/250 Ended | E Time: 10.029s | ~Time Left: 190.552s |  Train Loss: 0.0061 | Train Acc. 99.8398% | Test Loss: 0.0456 | Test Acc. 97.8633%
Train AUC: 1.0
Valid AUC: 0.999633431085044
Adas on AIDPATH_transformed: T 3/1 | E 232/250 Ended | E Time: 10.118s | ~Time Left: 182.127s |  Train Loss: 0.0023 | Train Acc. 99.9466% | Test Loss: 0.0218 | Test Acc. 99.1453%
Train AUC: 0.9999920099989156
Valid AUC: 0.9994868035190616
Adas on AIDPATH_transformed: T 3/1 | E 233/250 Ended | E Time: 10.523s | ~Time Left: 178.887s |  Train Loss: 0.0044 | Train Acc. 99.8398% | Test Loss: 0.0311 | Test Acc. 99.1453%
Train AUC: 0.9999885857127366
Valid AUC: 0.9997800586510264
Adas on AIDPATH_transformed: T 3/1 | E 234/250 Ended | E Time: 9.969s | ~Time Left: 159.504s |  Train Loss: 0.0045 | Train Acc. 99.8932% | Test Loss: 0.0259 | Test Acc. 98.7180%
Train AUC: 0.9999977171425474
Valid AUC: 0.999266862170088
Adas on AIDPATH_transformed: T 3/1 | E 235/250 Ended | E Time: 10.109s | ~Time Left: 151.628s |  Train Loss: 0.0025 | Train Acc. 99.9466% | Test Loss: 0.0485 | Test Acc. 98.2906%
Train AUC: 0.9999920099989156
Valid AUC: 0.9995601173020529
Adas on AIDPATH_transformed: T 3/1 | E 236/250 Ended | E Time: 10.479s | ~Time Left: 146.702s |  Train Loss: 0.0043 | Train Acc. 99.7863% | Test Loss: 0.0227 | Test Acc. 98.7180%
Train AUC: 0.9999954342850946
Valid AUC: 0.9997800586510264
Adas on AIDPATH_transformed: T 3/1 | E 237/250 Ended | E Time: 10.000s | ~Time Left: 130.002s |  Train Loss: 0.0033 | Train Acc. 99.8932% | Test Loss: 0.0209 | Test Acc. 99.1453%
Train AUC: 0.9999988585712737
Valid AUC: 0.9991935483870967
Adas on AIDPATH_transformed: T 3/1 | E 238/250 Ended | E Time: 10.119s | ~Time Left: 121.426s |  Train Loss: 0.0023 | Train Acc. 99.9466% | Test Loss: 0.0299 | Test Acc. 99.5727%
Train AUC: 0.9999977171425474
Valid AUC: 0.9997067448680352
Adas on AIDPATH_transformed: T 3/1 | E 239/250 Ended | E Time: 10.420s | ~Time Left: 114.621s |  Train Loss: 0.0026 | Train Acc. 99.8398% | Test Loss: 0.0313 | Test Acc. 98.2906%
Train AUC: 0.9999920099989156
Valid AUC: 0.9995601173020529
Adas on AIDPATH_transformed: T 3/1 | E 240/250 Ended | E Time: 9.958s | ~Time Left: 99.582s |  Train Loss: 0.0049 | Train Acc. 99.8932% | Test Loss: 0.0377 | Test Acc. 98.2906%
Train AUC: 0.9999954342850946
Valid AUC: 0.999266862170088
Adas on AIDPATH_transformed: T 3/1 | E 241/250 Ended | E Time: 10.298s | ~Time Left: 92.685s |  Train Loss: 0.0043 | Train Acc. 99.8932% | Test Loss: 0.0362 | Test Acc. 98.7180%
Train AUC: 0.9999977171425474
Valid AUC: 0.9997067448680352
Adas on AIDPATH_transformed: T 3/1 | E 242/250 Ended | E Time: 10.509s | ~Time Left: 84.071s |  Train Loss: 0.0032 | Train Acc. 99.8932% | Test Loss: 0.0292 | Test Acc. 99.1453%
Train AUC: 1.0
Valid AUC: 0.9997067448680352
Adas on AIDPATH_transformed: T 3/1 | E 243/250 Ended | E Time: 10.003s | ~Time Left: 70.024s |  Train Loss: 0.0015 | Train Acc. 100.0000% | Test Loss: 0.0235 | Test Acc. 99.1453%
Train AUC: 1.0
Valid AUC: 0.9997067448680352
Adas on AIDPATH_transformed: T 3/1 | E 244/250 Ended | E Time: 9.990s | ~Time Left: 59.941s |  Train Loss: 0.0020 | Train Acc. 100.0000% | Test Loss: 0.0190 | Test Acc. 99.1453%
Train AUC: 0.9999977171425473
Valid AUC: 0.9995601173020529
Adas on AIDPATH_transformed: T 3/1 | E 245/250 Ended | E Time: 10.296s | ~Time Left: 51.480s |  Train Loss: 0.0024 | Train Acc. 99.8932% | Test Loss: 0.0331 | Test Acc. 98.2906%
Train AUC: 0.9999908685701894
Valid AUC: 0.9993401759530792
Adas on AIDPATH_transformed: T 3/1 | E 246/250 Ended | E Time: 10.048s | ~Time Left: 40.192s |  Train Loss: 0.0035 | Train Acc. 99.9466% | Test Loss: 0.0341 | Test Acc. 99.1453%
Train AUC: 0.9999977171425474
Valid AUC: 0.999633431085044
Adas on AIDPATH_transformed: T 3/1 | E 247/250 Ended | E Time: 10.141s | ~Time Left: 30.424s |  Train Loss: 0.0036 | Train Acc. 99.8398% | Test Loss: 0.0248 | Test Acc. 99.1453%
Train AUC: 0.9999942928563683
Valid AUC: 0.9994868035190616
Adas on AIDPATH_transformed: T 3/1 | E 248/250 Ended | E Time: 10.455s | ~Time Left: 20.910s |  Train Loss: 0.0046 | Train Acc. 99.8932% | Test Loss: 0.0385 | Test Acc. 98.7180%
Train AUC: 1.0
Valid AUC: 0.999633431085044
Adas on AIDPATH_transformed: T 3/1 | E 249/250 Ended | E Time: 10.106s | ~Time Left: 10.106s |  Train Loss: 0.0015 | Train Acc. 100.0000% | Test Loss: 0.0297 | Test Acc. 98.2906%
Train AUC: 0.9998584628379342
Valid AUC: 0.9995601173020529
Adas on AIDPATH_transformed: T 3/1 | E 250/250 Ended | E Time: 10.069s | ~Time Left: 0.000s |  Train Loss: 0.0093 | Train Acc. 99.8398% | Test Loss: 0.0227 | Test Acc. 98.7180%
