transferring data
Mon Jun 14 22:22:50 PDT 2021

Finished transferring
Mon Jun 14 22:22:52 PDT 2021

Adas: Argument Parser Options
---------------------------------------------
    config              : HistoKTconfigs/CRC_transformed-configAdas.yaml
    data                : /localscratch/zhan8425.5088827.0        
    output              : .Adas-output/CRC_transformed/500_per_class
    checkpoint          : .Adas-checkpoint/CRC_transformed/500_per_class
    resume              : None                                    
    root                : .                                       
    save_freq           : 25                                      
    cpu                 : 0                                       
    gpu                 : 0                                       
    mpd                 : 0                                       
    dist_url            : tcp://127.0.0.1:23456                   
    dist_backend        : nccl                                    
    world_size          : -1                                      
    rank                : -1                                      
---------------------------------------------
Adas: Output dir .Adas-output/CRC_transformed/500_per_class does not exist, building
Adas: Notice: early stop will not be used as it was set to -1.0, training till completion
Adas: Experiment Configuration
---------------------------------------------
    dataset              CRC_transformed     
    network              ResNet18            
    optimizer            Adas                
    scheduler            None                
    level                L3Only              
    color_kwargs         {'augmentation': 'Color-Distortion', 'distortion': 0.3}
    degree_of_rotation   45                  
    vertical_flipping    0.5                 
    horizontal_flipping  0.5                 
    horizontal_shift     0.1                 
    vertical_shift       0.1                 
    gaussian_blur        0                   
    kernel_size          9                   
    variance             0.1                 
    cutout               0                   
    n_holes              1                   
    cutout_length        16                  
    init_lr              0.03                
    early_stop_threshold -1.0                
    optimizer_kwargs     {'momentum': 0.9, 'weight_decay': 0.0005, 'beta': 0.98, 'linear': 0.0, 'gamma': 0.5, 'step_size': 25.0}
    scheduler_kwargs     {}
    p                    1                   
    start_trial          0                   
    n_trials             1                   
    num_workers          4                   
    max_epochs           250                 
    mini_batch_size      32                  
    loss                 cross_entropy       
    early_stop_patience  10                  
---------------------------------------------
Adas: Pytorch device is set to cuda
Adas on CRC_transformed: T 1/1 | E 1/250 Ended | E Time: 21.654s | ~Time Left: 5391.838s |  Train Loss: 1.7860 | Train Acc. 38.2571% | Test Loss: 8.0472 | Test Acc. 21.7857%
Adas on CRC_transformed: T 1/1 | E 2/250 Ended | E Time: 20.660s | ~Time Left: 5123.633s |  Train Loss: 1.5665 | Train Acc. 46.2286% | Test Loss: 1.1990 | Test Acc. 54.5714%
Adas on CRC_transformed: T 1/1 | E 3/250 Ended | E Time: 21.171s | ~Time Left: 5229.124s |  Train Loss: 1.1653 | Train Acc. 53.2857% | Test Loss: 1.7005 | Test Acc. 51.6429%
Adas on CRC_transformed: T 1/1 | E 4/250 Ended | E Time: 20.614s | ~Time Left: 5071.016s |  Train Loss: 1.1685 | Train Acc. 52.5714% | Test Loss: 0.9878 | Test Acc. 61.5714%
Adas on CRC_transformed: T 1/1 | E 5/250 Ended | E Time: 20.652s | ~Time Left: 5059.819s |  Train Loss: 1.0519 | Train Acc. 59.3429% | Test Loss: 0.9813 | Test Acc. 63.4286%
Adas on CRC_transformed: T 1/1 | E 6/250 Ended | E Time: 20.816s | ~Time Left: 5079.109s |  Train Loss: 0.9986 | Train Acc. 60.6571% | Test Loss: 0.9214 | Test Acc. 65.6429%
Adas on CRC_transformed: T 1/1 | E 7/250 Ended | E Time: 20.631s | ~Time Left: 5013.354s |  Train Loss: 0.9116 | Train Acc. 64.3714% | Test Loss: 0.9381 | Test Acc. 62.9286%
Adas on CRC_transformed: T 1/1 | E 8/250 Ended | E Time: 21.628s | ~Time Left: 5234.051s |  Train Loss: 0.8893 | Train Acc. 65.7429% | Test Loss: 0.9646 | Test Acc. 66.0714%
Adas on CRC_transformed: T 1/1 | E 9/250 Ended | E Time: 21.227s | ~Time Left: 5115.825s |  Train Loss: 0.8702 | Train Acc. 65.8286% | Test Loss: 0.8372 | Test Acc. 68.2857%
Adas on CRC_transformed: T 1/1 | E 10/250 Ended | E Time: 21.909s | ~Time Left: 5258.284s |  Train Loss: 0.8231 | Train Acc. 68.2857% | Test Loss: 0.9275 | Test Acc. 65.7143%
Adas on CRC_transformed: T 1/1 | E 11/250 Ended | E Time: 20.912s | ~Time Left: 4997.932s |  Train Loss: 0.8335 | Train Acc. 68.8857% | Test Loss: 0.8060 | Test Acc. 68.9286%
Adas on CRC_transformed: T 1/1 | E 12/250 Ended | E Time: 20.852s | ~Time Left: 4962.829s |  Train Loss: 0.8112 | Train Acc. 69.3714% | Test Loss: 0.7282 | Test Acc. 72.5000%
Adas on CRC_transformed: T 1/1 | E 13/250 Ended | E Time: 22.960s | ~Time Left: 5441.527s |  Train Loss: 0.7489 | Train Acc. 71.1714% | Test Loss: 0.9668 | Test Acc. 58.9286%
Adas on CRC_transformed: T 1/1 | E 14/250 Ended | E Time: 20.665s | ~Time Left: 4876.943s |  Train Loss: 0.7227 | Train Acc. 73.6000% | Test Loss: 0.8114 | Test Acc. 72.2143%
Adas on CRC_transformed: T 1/1 | E 15/250 Ended | E Time: 20.539s | ~Time Left: 4826.669s |  Train Loss: 0.7247 | Train Acc. 72.5714% | Test Loss: 0.8392 | Test Acc. 71.4286%
Adas on CRC_transformed: T 1/1 | E 16/250 Ended | E Time: 20.616s | ~Time Left: 4824.261s |  Train Loss: 0.6797 | Train Acc. 74.6857% | Test Loss: 1.0619 | Test Acc. 66.9286%
Adas on CRC_transformed: T 1/1 | E 17/250 Ended | E Time: 21.488s | ~Time Left: 5006.695s |  Train Loss: 0.6584 | Train Acc. 75.6000% | Test Loss: 0.9857 | Test Acc. 67.2143%
Adas on CRC_transformed: T 1/1 | E 18/250 Ended | E Time: 20.555s | ~Time Left: 4768.652s |  Train Loss: 0.7377 | Train Acc. 72.2000% | Test Loss: 0.8263 | Test Acc. 71.6429%
Adas on CRC_transformed: T 1/1 | E 19/250 Ended | E Time: 20.685s | ~Time Left: 4778.235s |  Train Loss: 0.6456 | Train Acc. 76.1429% | Test Loss: 0.7666 | Test Acc. 73.9286%
Adas on CRC_transformed: T 1/1 | E 20/250 Ended | E Time: 21.028s | ~Time Left: 4836.411s |  Train Loss: 0.6361 | Train Acc. 77.3429% | Test Loss: 0.5551 | Test Acc. 79.5714%
Adas on CRC_transformed: T 1/1 | E 21/250 Ended | E Time: 21.225s | ~Time Left: 4860.612s |  Train Loss: 0.6056 | Train Acc. 77.1429% | Test Loss: 0.8155 | Test Acc. 71.2143%
Adas on CRC_transformed: T 1/1 | E 22/250 Ended | E Time: 21.339s | ~Time Left: 4865.216s |  Train Loss: 0.6132 | Train Acc. 77.3143% | Test Loss: 0.8142 | Test Acc. 70.9286%
Adas on CRC_transformed: T 1/1 | E 23/250 Ended | E Time: 21.075s | ~Time Left: 4784.072s |  Train Loss: 0.6266 | Train Acc. 76.4286% | Test Loss: 1.5253 | Test Acc. 57.3571%
Adas on CRC_transformed: T 1/1 | E 24/250 Ended | E Time: 20.784s | ~Time Left: 4697.213s |  Train Loss: 0.5932 | Train Acc. 78.8857% | Test Loss: 1.2549 | Test Acc. 64.4286%
Adas on CRC_transformed: T 1/1 | E 25/250 Ended | E Time: 20.808s | ~Time Left: 4681.761s |  Train Loss: 0.5917 | Train Acc. 78.0857% | Test Loss: 2.5666 | Test Acc. 36.8571%
Adas on CRC_transformed: T 1/1 | E 26/250 Ended | E Time: 20.370s | ~Time Left: 4562.871s |  Train Loss: 0.5430 | Train Acc. 80.5143% | Test Loss: 1.5942 | Test Acc. 50.2143%
Adas on CRC_transformed: T 1/1 | E 27/250 Ended | E Time: 20.882s | ~Time Left: 4656.794s |  Train Loss: 0.4849 | Train Acc. 82.6286% | Test Loss: 0.8562 | Test Acc. 73.5714%
Adas on CRC_transformed: T 1/1 | E 28/250 Ended | E Time: 20.571s | ~Time Left: 4566.747s |  Train Loss: 0.5099 | Train Acc. 82.1429% | Test Loss: 0.6462 | Test Acc. 77.2857%
Adas on CRC_transformed: T 1/1 | E 29/250 Ended | E Time: 21.174s | ~Time Left: 4679.424s |  Train Loss: 0.4575 | Train Acc. 82.3429% | Test Loss: 0.8545 | Test Acc. 73.0000%
Adas on CRC_transformed: T 1/1 | E 30/250 Ended | E Time: 20.888s | ~Time Left: 4595.442s |  Train Loss: 0.4806 | Train Acc. 82.2571% | Test Loss: 0.7303 | Test Acc. 73.2857%
Adas on CRC_transformed: T 1/1 | E 31/250 Ended | E Time: 20.771s | ~Time Left: 4548.840s |  Train Loss: 0.4341 | Train Acc. 84.2000% | Test Loss: 1.1571 | Test Acc. 63.5000%
Adas on CRC_transformed: T 1/1 | E 32/250 Ended | E Time: 21.052s | ~Time Left: 4589.299s |  Train Loss: 0.4342 | Train Acc. 83.8571% | Test Loss: 0.4888 | Test Acc. 83.7143%
Adas on CRC_transformed: T 1/1 | E 33/250 Ended | E Time: 21.306s | ~Time Left: 4623.412s |  Train Loss: 0.4421 | Train Acc. 84.3143% | Test Loss: 0.5223 | Test Acc. 82.0000%
Adas on CRC_transformed: T 1/1 | E 34/250 Ended | E Time: 20.932s | ~Time Left: 4521.221s |  Train Loss: 0.3963 | Train Acc. 85.6857% | Test Loss: 0.4755 | Test Acc. 84.0000%
Adas on CRC_transformed: T 1/1 | E 35/250 Ended | E Time: 21.162s | ~Time Left: 4549.825s |  Train Loss: 0.3490 | Train Acc. 87.5714% | Test Loss: 0.4504 | Test Acc. 83.7857%
Adas on CRC_transformed: T 1/1 | E 36/250 Ended | E Time: 20.760s | ~Time Left: 4442.720s |  Train Loss: 0.3657 | Train Acc. 86.5143% | Test Loss: 0.3294 | Test Acc. 88.7857%
Adas on CRC_transformed: T 1/1 | E 37/250 Ended | E Time: 21.600s | ~Time Left: 4600.712s |  Train Loss: 0.3501 | Train Acc. 87.4571% | Test Loss: 0.4415 | Test Acc. 84.5714%
Adas on CRC_transformed: T 1/1 | E 38/250 Ended | E Time: 20.971s | ~Time Left: 4445.862s |  Train Loss: 0.3450 | Train Acc. 88.2000% | Test Loss: 0.4833 | Test Acc. 83.5000%
Adas on CRC_transformed: T 1/1 | E 39/250 Ended | E Time: 20.553s | ~Time Left: 4336.646s |  Train Loss: 0.3521 | Train Acc. 87.7714% | Test Loss: 1.5475 | Test Acc. 62.0000%
Adas on CRC_transformed: T 1/1 | E 40/250 Ended | E Time: 20.960s | ~Time Left: 4401.545s |  Train Loss: 0.3473 | Train Acc. 87.5429% | Test Loss: 0.3419 | Test Acc. 89.2857%
Adas on CRC_transformed: T 1/1 | E 41/250 Ended | E Time: 20.614s | ~Time Left: 4308.335s |  Train Loss: 0.3400 | Train Acc. 87.8286% | Test Loss: 0.4551 | Test Acc. 83.9286%
Adas on CRC_transformed: T 1/1 | E 42/250 Ended | E Time: 20.867s | ~Time Left: 4340.265s |  Train Loss: 0.3426 | Train Acc. 87.2571% | Test Loss: 0.3666 | Test Acc. 86.2143%
Adas on CRC_transformed: T 1/1 | E 43/250 Ended | E Time: 20.772s | ~Time Left: 4299.840s |  Train Loss: 0.3261 | Train Acc. 88.7714% | Test Loss: 0.6993 | Test Acc. 77.7143%
Adas on CRC_transformed: T 1/1 | E 44/250 Ended | E Time: 20.383s | ~Time Left: 4198.885s |  Train Loss: 0.3279 | Train Acc. 87.8000% | Test Loss: 0.4038 | Test Acc. 84.5000%
Adas on CRC_transformed: T 1/1 | E 45/250 Ended | E Time: 21.039s | ~Time Left: 4313.045s |  Train Loss: 0.2771 | Train Acc. 90.0286% | Test Loss: 1.3966 | Test Acc. 63.7857%
Adas on CRC_transformed: T 1/1 | E 46/250 Ended | E Time: 20.786s | ~Time Left: 4240.301s |  Train Loss: 0.3162 | Train Acc. 88.1143% | Test Loss: 0.4036 | Test Acc. 86.4286%
Adas on CRC_transformed: T 1/1 | E 47/250 Ended | E Time: 20.809s | ~Time Left: 4224.196s |  Train Loss: 0.2795 | Train Acc. 89.7143% | Test Loss: 0.3796 | Test Acc. 87.0714%
Adas on CRC_transformed: T 1/1 | E 48/250 Ended | E Time: 20.903s | ~Time Left: 4222.417s |  Train Loss: 0.2922 | Train Acc. 89.6571% | Test Loss: 0.4644 | Test Acc. 85.0714%
Adas on CRC_transformed: T 1/1 | E 49/250 Ended | E Time: 21.184s | ~Time Left: 4257.964s |  Train Loss: 0.2809 | Train Acc. 90.0286% | Test Loss: 0.8079 | Test Acc. 73.0000%
Adas on CRC_transformed: T 1/1 | E 50/250 Ended | E Time: 20.632s | ~Time Left: 4126.362s |  Train Loss: 0.3012 | Train Acc. 89.2571% | Test Loss: 0.3793 | Test Acc. 86.6429%
Adas on CRC_transformed: T 1/1 | E 51/250 Ended | E Time: 21.314s | ~Time Left: 4241.400s |  Train Loss: 0.2692 | Train Acc. 90.3714% | Test Loss: 0.6491 | Test Acc. 75.7857%
Adas on CRC_transformed: T 1/1 | E 52/250 Ended | E Time: 20.862s | ~Time Left: 4130.771s |  Train Loss: 0.2733 | Train Acc. 89.9429% | Test Loss: 0.4755 | Test Acc. 85.8571%
Adas on CRC_transformed: T 1/1 | E 53/250 Ended | E Time: 20.632s | ~Time Left: 4064.492s |  Train Loss: 0.2846 | Train Acc. 89.6000% | Test Loss: 0.9032 | Test Acc. 70.1429%
Adas on CRC_transformed: T 1/1 | E 54/250 Ended | E Time: 20.637s | ~Time Left: 4044.877s |  Train Loss: 0.2772 | Train Acc. 90.2571% | Test Loss: 0.3928 | Test Acc. 85.0714%
Adas on CRC_transformed: T 1/1 | E 55/250 Ended | E Time: 21.034s | ~Time Left: 4101.702s |  Train Loss: 0.2516 | Train Acc. 91.1143% | Test Loss: 0.7646 | Test Acc. 72.6429%
Adas on CRC_transformed: T 1/1 | E 56/250 Ended | E Time: 20.767s | ~Time Left: 4028.734s |  Train Loss: 0.2607 | Train Acc. 90.1429% | Test Loss: 0.3066 | Test Acc. 88.7143%
Adas on CRC_transformed: T 1/1 | E 57/250 Ended | E Time: 21.194s | ~Time Left: 4090.393s |  Train Loss: 0.2343 | Train Acc. 91.5143% | Test Loss: 0.2437 | Test Acc. 91.5000%
Adas on CRC_transformed: T 1/1 | E 58/250 Ended | E Time: 20.906s | ~Time Left: 4013.959s |  Train Loss: 0.2352 | Train Acc. 91.6000% | Test Loss: 0.2654 | Test Acc. 90.0000%
Adas on CRC_transformed: T 1/1 | E 59/250 Ended | E Time: 20.813s | ~Time Left: 3975.234s |  Train Loss: 0.2268 | Train Acc. 91.9143% | Test Loss: 0.2955 | Test Acc. 88.9286%
Adas on CRC_transformed: T 1/1 | E 60/250 Ended | E Time: 21.095s | ~Time Left: 4008.026s |  Train Loss: 0.2329 | Train Acc. 91.6857% | Test Loss: 0.4277 | Test Acc. 85.5000%
Adas on CRC_transformed: T 1/1 | E 61/250 Ended | E Time: 21.082s | ~Time Left: 3984.467s |  Train Loss: 0.2328 | Train Acc. 91.6286% | Test Loss: 0.2261 | Test Acc. 91.7857%
Adas on CRC_transformed: T 1/1 | E 62/250 Ended | E Time: 21.387s | ~Time Left: 4020.806s |  Train Loss: 0.2400 | Train Acc. 91.5143% | Test Loss: 0.4289 | Test Acc. 84.2143%
Adas on CRC_transformed: T 1/1 | E 63/250 Ended | E Time: 21.011s | ~Time Left: 3928.967s |  Train Loss: 0.2295 | Train Acc. 91.5714% | Test Loss: 0.4175 | Test Acc. 84.2143%
Adas on CRC_transformed: T 1/1 | E 64/250 Ended | E Time: 22.163s | ~Time Left: 4122.305s |  Train Loss: 0.2246 | Train Acc. 92.4000% | Test Loss: 0.8846 | Test Acc. 71.6429%
Adas on CRC_transformed: T 1/1 | E 65/250 Ended | E Time: 20.872s | ~Time Left: 3861.333s |  Train Loss: 0.2182 | Train Acc. 92.1143% | Test Loss: 0.4025 | Test Acc. 86.9286%
Adas on CRC_transformed: T 1/1 | E 66/250 Ended | E Time: 20.743s | ~Time Left: 3816.718s |  Train Loss: 0.1948 | Train Acc. 93.0286% | Test Loss: 0.3144 | Test Acc. 88.3571%
Adas on CRC_transformed: T 1/1 | E 67/250 Ended | E Time: 20.644s | ~Time Left: 3777.802s |  Train Loss: 0.2191 | Train Acc. 92.5429% | Test Loss: 0.2108 | Test Acc. 93.0714%
Adas on CRC_transformed: T 1/1 | E 68/250 Ended | E Time: 21.593s | ~Time Left: 3929.916s |  Train Loss: 0.2112 | Train Acc. 92.0857% | Test Loss: 0.3099 | Test Acc. 89.1429%
Adas on CRC_transformed: T 1/1 | E 69/250 Ended | E Time: 20.840s | ~Time Left: 3771.995s |  Train Loss: 0.1918 | Train Acc. 93.6571% | Test Loss: 0.3061 | Test Acc. 90.2857%
Adas on CRC_transformed: T 1/1 | E 70/250 Ended | E Time: 20.945s | ~Time Left: 3770.135s |  Train Loss: 0.1989 | Train Acc. 93.0857% | Test Loss: 0.2420 | Test Acc. 91.0714%
Adas on CRC_transformed: T 1/1 | E 71/250 Ended | E Time: 21.367s | ~Time Left: 3824.697s |  Train Loss: 0.1949 | Train Acc. 92.9143% | Test Loss: 0.2261 | Test Acc. 91.5714%
Adas on CRC_transformed: T 1/1 | E 72/250 Ended | E Time: 20.675s | ~Time Left: 3680.097s |  Train Loss: 0.1951 | Train Acc. 92.9429% | Test Loss: 0.3773 | Test Acc. 85.7857%
Adas on CRC_transformed: T 1/1 | E 73/250 Ended | E Time: 21.329s | ~Time Left: 3775.272s |  Train Loss: 0.1995 | Train Acc. 92.6571% | Test Loss: 0.3234 | Test Acc. 88.2857%
Adas on CRC_transformed: T 1/1 | E 74/250 Ended | E Time: 21.447s | ~Time Left: 3774.643s |  Train Loss: 0.1852 | Train Acc. 93.6571% | Test Loss: 0.5139 | Test Acc. 83.5000%
Adas on CRC_transformed: T 1/1 | E 75/250 Ended | E Time: 20.814s | ~Time Left: 3642.510s |  Train Loss: 0.1912 | Train Acc. 93.0571% | Test Loss: 0.2912 | Test Acc. 90.7857%
Adas on CRC_transformed: T 1/1 | E 76/250 Ended | E Time: 20.841s | ~Time Left: 3626.401s |  Train Loss: 0.1804 | Train Acc. 93.5429% | Test Loss: 0.2148 | Test Acc. 92.3571%
Adas on CRC_transformed: T 1/1 | E 77/250 Ended | E Time: 21.110s | ~Time Left: 3652.055s |  Train Loss: 0.1812 | Train Acc. 93.8571% | Test Loss: 0.2285 | Test Acc. 92.0714%
Adas on CRC_transformed: T 1/1 | E 78/250 Ended | E Time: 21.388s | ~Time Left: 3678.723s |  Train Loss: 0.1929 | Train Acc. 93.2857% | Test Loss: 0.2253 | Test Acc. 92.2857%
Adas on CRC_transformed: T 1/1 | E 79/250 Ended | E Time: 20.940s | ~Time Left: 3580.672s |  Train Loss: 0.1712 | Train Acc. 93.9714% | Test Loss: 0.1690 | Test Acc. 94.5714%
Adas on CRC_transformed: T 1/1 | E 80/250 Ended | E Time: 20.781s | ~Time Left: 3532.728s |  Train Loss: 0.1773 | Train Acc. 93.7714% | Test Loss: 0.2039 | Test Acc. 92.8571%
Adas on CRC_transformed: T 1/1 | E 81/250 Ended | E Time: 21.902s | ~Time Left: 3701.421s |  Train Loss: 0.1608 | Train Acc. 94.3429% | Test Loss: 0.1662 | Test Acc. 94.4286%
Adas on CRC_transformed: T 1/1 | E 82/250 Ended | E Time: 20.931s | ~Time Left: 3516.412s |  Train Loss: 0.1618 | Train Acc. 93.9429% | Test Loss: 0.2967 | Test Acc. 90.1429%
Adas on CRC_transformed: T 1/1 | E 83/250 Ended | E Time: 20.957s | ~Time Left: 3499.869s |  Train Loss: 0.1694 | Train Acc. 94.2286% | Test Loss: 0.1871 | Test Acc. 93.2143%
Adas on CRC_transformed: T 1/1 | E 84/250 Ended | E Time: 21.276s | ~Time Left: 3531.819s |  Train Loss: 0.1532 | Train Acc. 94.6000% | Test Loss: 0.3278 | Test Acc. 86.0000%
Adas on CRC_transformed: T 1/1 | E 85/250 Ended | E Time: 21.241s | ~Time Left: 3504.841s |  Train Loss: 0.1460 | Train Acc. 94.8286% | Test Loss: 0.2677 | Test Acc. 91.0714%
Adas on CRC_transformed: T 1/1 | E 86/250 Ended | E Time: 20.856s | ~Time Left: 3420.357s |  Train Loss: 0.1570 | Train Acc. 94.3143% | Test Loss: 0.4582 | Test Acc. 82.3571%
Adas on CRC_transformed: T 1/1 | E 87/250 Ended | E Time: 21.173s | ~Time Left: 3451.136s |  Train Loss: 0.1573 | Train Acc. 93.9429% | Test Loss: 0.2341 | Test Acc. 90.9286%
Adas on CRC_transformed: T 1/1 | E 88/250 Ended | E Time: 20.848s | ~Time Left: 3377.319s |  Train Loss: 0.1510 | Train Acc. 94.9429% | Test Loss: 0.1963 | Test Acc. 93.3571%
Adas on CRC_transformed: T 1/1 | E 89/250 Ended | E Time: 21.442s | ~Time Left: 3452.092s |  Train Loss: 0.1590 | Train Acc. 94.3143% | Test Loss: 0.3710 | Test Acc. 86.5714%
Adas on CRC_transformed: T 1/1 | E 90/250 Ended | E Time: 20.846s | ~Time Left: 3335.401s |  Train Loss: 0.1561 | Train Acc. 94.4571% | Test Loss: 0.6595 | Test Acc. 77.3571%
Adas on CRC_transformed: T 1/1 | E 91/250 Ended | E Time: 20.781s | ~Time Left: 3304.117s |  Train Loss: 0.1327 | Train Acc. 94.9143% | Test Loss: 0.2205 | Test Acc. 93.1429%
Adas on CRC_transformed: T 1/1 | E 92/250 Ended | E Time: 21.305s | ~Time Left: 3366.206s |  Train Loss: 0.1253 | Train Acc. 95.4857% | Test Loss: 0.2301 | Test Acc. 92.7143%
Adas on CRC_transformed: T 1/1 | E 93/250 Ended | E Time: 21.254s | ~Time Left: 3336.824s |  Train Loss: 0.1430 | Train Acc. 94.8571% | Test Loss: 0.7870 | Test Acc. 75.5000%
Adas on CRC_transformed: T 1/1 | E 94/250 Ended | E Time: 20.974s | ~Time Left: 3271.900s |  Train Loss: 0.1465 | Train Acc. 94.8286% | Test Loss: 0.2340 | Test Acc. 92.5000%
Adas on CRC_transformed: T 1/1 | E 95/250 Ended | E Time: 21.405s | ~Time Left: 3317.750s |  Train Loss: 0.1328 | Train Acc. 95.4857% | Test Loss: 0.2726 | Test Acc. 90.3571%
Adas on CRC_transformed: T 1/1 | E 96/250 Ended | E Time: 20.783s | ~Time Left: 3200.567s |  Train Loss: 0.1244 | Train Acc. 95.7714% | Test Loss: 0.1492 | Test Acc. 94.9286%
Adas on CRC_transformed: T 1/1 | E 97/250 Ended | E Time: 21.496s | ~Time Left: 3288.813s |  Train Loss: 0.1222 | Train Acc. 95.6286% | Test Loss: 0.3394 | Test Acc. 87.6429%
Adas on CRC_transformed: T 1/1 | E 98/250 Ended | E Time: 21.053s | ~Time Left: 3200.098s |  Train Loss: 0.1296 | Train Acc. 95.2857% | Test Loss: 0.2073 | Test Acc. 92.3571%
Adas on CRC_transformed: T 1/1 | E 99/250 Ended | E Time: 20.956s | ~Time Left: 3164.380s |  Train Loss: 0.1092 | Train Acc. 96.3143% | Test Loss: 0.2103 | Test Acc. 93.8571%
Adas on CRC_transformed: T 1/1 | E 100/250 Ended | E Time: 21.233s | ~Time Left: 3184.924s |  Train Loss: 0.1343 | Train Acc. 95.2000% | Test Loss: 0.2048 | Test Acc. 92.9286%
Adas on CRC_transformed: T 1/1 | E 101/250 Ended | E Time: 21.290s | ~Time Left: 3172.170s |  Train Loss: 0.1324 | Train Acc. 95.1143% | Test Loss: 0.1897 | Test Acc. 93.5000%
Adas on CRC_transformed: T 1/1 | E 102/250 Ended | E Time: 21.329s | ~Time Left: 3156.645s |  Train Loss: 0.1119 | Train Acc. 96.0571% | Test Loss: 0.1762 | Test Acc. 94.1429%
Adas on CRC_transformed: T 1/1 | E 103/250 Ended | E Time: 21.275s | ~Time Left: 3127.488s |  Train Loss: 0.1212 | Train Acc. 95.4000% | Test Loss: 0.4383 | Test Acc. 85.2857%
Adas on CRC_transformed: T 1/1 | E 104/250 Ended | E Time: 21.218s | ~Time Left: 3097.779s |  Train Loss: 0.1141 | Train Acc. 96.0571% | Test Loss: 0.2440 | Test Acc. 91.9286%
Adas on CRC_transformed: T 1/1 | E 105/250 Ended | E Time: 21.432s | ~Time Left: 3107.591s |  Train Loss: 0.1079 | Train Acc. 96.5143% | Test Loss: 0.2001 | Test Acc. 92.8571%
Adas on CRC_transformed: T 1/1 | E 106/250 Ended | E Time: 20.871s | ~Time Left: 3005.454s |  Train Loss: 0.1259 | Train Acc. 95.7143% | Test Loss: 0.6671 | Test Acc. 80.0000%
Adas on CRC_transformed: T 1/1 | E 107/250 Ended | E Time: 20.831s | ~Time Left: 2978.867s |  Train Loss: 0.1283 | Train Acc. 95.4857% | Test Loss: 0.1525 | Test Acc. 95.0000%
Adas on CRC_transformed: T 1/1 | E 108/250 Ended | E Time: 20.852s | ~Time Left: 2961.002s |  Train Loss: 0.1060 | Train Acc. 96.3429% | Test Loss: 0.1643 | Test Acc. 94.6429%
Adas on CRC_transformed: T 1/1 | E 109/250 Ended | E Time: 21.004s | ~Time Left: 2961.509s |  Train Loss: 0.1105 | Train Acc. 96.2857% | Test Loss: 0.4565 | Test Acc. 84.8571%
Adas on CRC_transformed: T 1/1 | E 110/250 Ended | E Time: 21.229s | ~Time Left: 2972.121s |  Train Loss: 0.0999 | Train Acc. 96.5143% | Test Loss: 0.1861 | Test Acc. 93.7857%
Adas on CRC_transformed: T 1/1 | E 111/250 Ended | E Time: 21.014s | ~Time Left: 2920.891s |  Train Loss: 0.1108 | Train Acc. 96.2000% | Test Loss: 0.1681 | Test Acc. 94.5000%
Adas on CRC_transformed: T 1/1 | E 112/250 Ended | E Time: 21.868s | ~Time Left: 3017.809s |  Train Loss: 0.1012 | Train Acc. 96.4286% | Test Loss: 0.4939 | Test Acc. 84.8571%
Adas on CRC_transformed: T 1/1 | E 113/250 Ended | E Time: 20.965s | ~Time Left: 2872.269s |  Train Loss: 0.1035 | Train Acc. 96.4000% | Test Loss: 0.1484 | Test Acc. 95.4286%
Adas on CRC_transformed: T 1/1 | E 114/250 Ended | E Time: 21.376s | ~Time Left: 2907.153s |  Train Loss: 0.0977 | Train Acc. 96.4000% | Test Loss: 0.1729 | Test Acc. 94.4286%
Adas on CRC_transformed: T 1/1 | E 115/250 Ended | E Time: 21.649s | ~Time Left: 2922.595s |  Train Loss: 0.0978 | Train Acc. 96.4571% | Test Loss: 0.2949 | Test Acc. 89.1429%
Adas on CRC_transformed: T 1/1 | E 116/250 Ended | E Time: 20.952s | ~Time Left: 2807.544s |  Train Loss: 0.0803 | Train Acc. 97.3714% | Test Loss: 0.1756 | Test Acc. 94.9286%
Adas on CRC_transformed: T 1/1 | E 117/250 Ended | E Time: 21.281s | ~Time Left: 2830.405s |  Train Loss: 0.0906 | Train Acc. 97.0571% | Test Loss: 0.1275 | Test Acc. 95.2143%
Adas on CRC_transformed: T 1/1 | E 118/250 Ended | E Time: 20.955s | ~Time Left: 2766.026s |  Train Loss: 0.1071 | Train Acc. 96.2571% | Test Loss: 0.1493 | Test Acc. 94.4286%
Adas on CRC_transformed: T 1/1 | E 119/250 Ended | E Time: 20.579s | ~Time Left: 2695.906s |  Train Loss: 0.0905 | Train Acc. 97.1143% | Test Loss: 0.1774 | Test Acc. 94.2857%
Adas on CRC_transformed: T 1/1 | E 120/250 Ended | E Time: 20.993s | ~Time Left: 2729.079s |  Train Loss: 0.0972 | Train Acc. 96.5143% | Test Loss: 0.4410 | Test Acc. 86.0000%
Adas on CRC_transformed: T 1/1 | E 121/250 Ended | E Time: 21.585s | ~Time Left: 2784.441s |  Train Loss: 0.0820 | Train Acc. 97.2571% | Test Loss: 0.1516 | Test Acc. 94.5000%
Adas on CRC_transformed: T 1/1 | E 122/250 Ended | E Time: 21.121s | ~Time Left: 2703.446s |  Train Loss: 0.0924 | Train Acc. 96.9143% | Test Loss: 0.1176 | Test Acc. 95.8571%
Adas on CRC_transformed: T 1/1 | E 123/250 Ended | E Time: 21.231s | ~Time Left: 2696.347s |  Train Loss: 0.0951 | Train Acc. 96.6857% | Test Loss: 0.1602 | Test Acc. 94.2857%
Adas on CRC_transformed: T 1/1 | E 124/250 Ended | E Time: 21.414s | ~Time Left: 2698.121s |  Train Loss: 0.0777 | Train Acc. 97.1429% | Test Loss: 0.1488 | Test Acc. 95.0000%
Adas on CRC_transformed: T 1/1 | E 125/250 Ended | E Time: 22.316s | ~Time Left: 2789.526s |  Train Loss: 0.0798 | Train Acc. 97.3143% | Test Loss: 0.1264 | Test Acc. 95.7143%
Adas on CRC_transformed: T 1/1 | E 126/250 Ended | E Time: 21.737s | ~Time Left: 2695.432s |  Train Loss: 0.0747 | Train Acc. 97.6857% | Test Loss: 0.1545 | Test Acc. 94.7143%
Adas on CRC_transformed: T 1/1 | E 127/250 Ended | E Time: 20.710s | ~Time Left: 2547.362s |  Train Loss: 0.0706 | Train Acc. 97.2286% | Test Loss: 0.6109 | Test Acc. 85.5000%
Adas on CRC_transformed: T 1/1 | E 128/250 Ended | E Time: 22.385s | ~Time Left: 2730.921s |  Train Loss: 0.0756 | Train Acc. 97.3714% | Test Loss: 0.1400 | Test Acc. 95.6429%
Adas on CRC_transformed: T 1/1 | E 129/250 Ended | E Time: 20.993s | ~Time Left: 2540.179s |  Train Loss: 0.0596 | Train Acc. 98.1429% | Test Loss: 0.1488 | Test Acc. 95.6429%
Adas on CRC_transformed: T 1/1 | E 130/250 Ended | E Time: 21.887s | ~Time Left: 2626.427s |  Train Loss: 0.0659 | Train Acc. 97.8571% | Test Loss: 0.1458 | Test Acc. 95.2857%
Adas on CRC_transformed: T 1/1 | E 131/250 Ended | E Time: 20.994s | ~Time Left: 2498.268s |  Train Loss: 0.0616 | Train Acc. 98.0857% | Test Loss: 0.1125 | Test Acc. 96.2857%
Adas on CRC_transformed: T 1/1 | E 132/250 Ended | E Time: 21.609s | ~Time Left: 2549.825s |  Train Loss: 0.0634 | Train Acc. 97.8286% | Test Loss: 0.1673 | Test Acc. 94.6429%
Adas on CRC_transformed: T 1/1 | E 133/250 Ended | E Time: 21.355s | ~Time Left: 2498.519s |  Train Loss: 0.0594 | Train Acc. 97.9429% | Test Loss: 0.1174 | Test Acc. 96.1429%
Adas on CRC_transformed: T 1/1 | E 134/250 Ended | E Time: 21.301s | ~Time Left: 2470.920s |  Train Loss: 0.0707 | Train Acc. 97.4286% | Test Loss: 0.2396 | Test Acc. 92.3571%
Adas on CRC_transformed: T 1/1 | E 135/250 Ended | E Time: 21.562s | ~Time Left: 2479.630s |  Train Loss: 0.0605 | Train Acc. 98.0286% | Test Loss: 0.1726 | Test Acc. 94.4286%
Adas on CRC_transformed: T 1/1 | E 136/250 Ended | E Time: 21.208s | ~Time Left: 2417.726s |  Train Loss: 0.0534 | Train Acc. 98.3143% | Test Loss: 0.2533 | Test Acc. 90.8571%
Adas on CRC_transformed: T 1/1 | E 137/250 Ended | E Time: 20.941s | ~Time Left: 2366.333s |  Train Loss: 0.0615 | Train Acc. 97.8571% | Test Loss: 0.1084 | Test Acc. 96.5000%
Adas on CRC_transformed: T 1/1 | E 138/250 Ended | E Time: 21.101s | ~Time Left: 2363.361s |  Train Loss: 0.0515 | Train Acc. 98.2000% | Test Loss: 0.1301 | Test Acc. 95.7857%
Adas on CRC_transformed: T 1/1 | E 139/250 Ended | E Time: 21.041s | ~Time Left: 2335.582s |  Train Loss: 0.0627 | Train Acc. 97.7429% | Test Loss: 0.0953 | Test Acc. 96.6429%
Adas on CRC_transformed: T 1/1 | E 140/250 Ended | E Time: 20.997s | ~Time Left: 2309.702s |  Train Loss: 0.0525 | Train Acc. 98.2857% | Test Loss: 0.2536 | Test Acc. 92.3571%
Adas on CRC_transformed: T 1/1 | E 141/250 Ended | E Time: 21.450s | ~Time Left: 2337.996s |  Train Loss: 0.0568 | Train Acc. 97.8286% | Test Loss: 0.1247 | Test Acc. 95.7857%
Adas on CRC_transformed: T 1/1 | E 142/250 Ended | E Time: 21.373s | ~Time Left: 2308.309s |  Train Loss: 0.0441 | Train Acc. 98.5714% | Test Loss: 0.1028 | Test Acc. 96.5714%
Adas on CRC_transformed: T 1/1 | E 143/250 Ended | E Time: 22.027s | ~Time Left: 2356.850s |  Train Loss: 0.0499 | Train Acc. 98.1714% | Test Loss: 0.1965 | Test Acc. 92.8571%
Adas on CRC_transformed: T 1/1 | E 144/250 Ended | E Time: 21.588s | ~Time Left: 2288.277s |  Train Loss: 0.0528 | Train Acc. 97.9714% | Test Loss: 0.1097 | Test Acc. 96.7857%
Adas on CRC_transformed: T 1/1 | E 145/250 Ended | E Time: 21.318s | ~Time Left: 2238.339s |  Train Loss: 0.0470 | Train Acc. 98.2857% | Test Loss: 0.1155 | Test Acc. 95.7857%
Adas on CRC_transformed: T 1/1 | E 146/250 Ended | E Time: 21.751s | ~Time Left: 2262.152s |  Train Loss: 0.0546 | Train Acc. 98.2000% | Test Loss: 0.1195 | Test Acc. 95.5714%
Adas on CRC_transformed: T 1/1 | E 147/250 Ended | E Time: 21.360s | ~Time Left: 2200.039s |  Train Loss: 0.0451 | Train Acc. 98.5143% | Test Loss: 0.1047 | Test Acc. 96.5000%
Adas on CRC_transformed: T 1/1 | E 148/250 Ended | E Time: 21.065s | ~Time Left: 2148.588s |  Train Loss: 0.0486 | Train Acc. 98.3143% | Test Loss: 0.1163 | Test Acc. 96.5714%
Adas on CRC_transformed: T 1/1 | E 149/250 Ended | E Time: 21.303s | ~Time Left: 2151.555s |  Train Loss: 0.0602 | Train Acc. 98.1429% | Test Loss: 0.1089 | Test Acc. 96.0000%
Adas on CRC_transformed: T 1/1 | E 150/250 Ended | E Time: 21.647s | ~Time Left: 2164.736s |  Train Loss: 0.0470 | Train Acc. 98.4857% | Test Loss: 0.0978 | Test Acc. 96.7143%
Adas on CRC_transformed: T 1/1 | E 151/250 Ended | E Time: 21.132s | ~Time Left: 2092.062s |  Train Loss: 0.0379 | Train Acc. 98.7143% | Test Loss: 0.1060 | Test Acc. 96.5714%
Adas on CRC_transformed: T 1/1 | E 152/250 Ended | E Time: 21.521s | ~Time Left: 2109.074s |  Train Loss: 0.0447 | Train Acc. 98.5143% | Test Loss: 0.1053 | Test Acc. 96.6429%
Adas on CRC_transformed: T 1/1 | E 153/250 Ended | E Time: 21.217s | ~Time Left: 2058.071s |  Train Loss: 0.0541 | Train Acc. 98.0571% | Test Loss: 0.1387 | Test Acc. 96.0714%
Adas on CRC_transformed: T 1/1 | E 154/250 Ended | E Time: 21.539s | ~Time Left: 2067.746s |  Train Loss: 0.0502 | Train Acc. 98.1143% | Test Loss: 0.1300 | Test Acc. 95.5000%
Adas on CRC_transformed: T 1/1 | E 155/250 Ended | E Time: 20.993s | ~Time Left: 1994.301s |  Train Loss: 0.0423 | Train Acc. 98.7143% | Test Loss: 0.1169 | Test Acc. 95.5714%
Adas on CRC_transformed: T 1/1 | E 156/250 Ended | E Time: 21.884s | ~Time Left: 2057.118s |  Train Loss: 0.0348 | Train Acc. 99.0857% | Test Loss: 0.0993 | Test Acc. 96.5714%
Adas on CRC_transformed: T 1/1 | E 157/250 Ended | E Time: 20.778s | ~Time Left: 1932.361s |  Train Loss: 0.0344 | Train Acc. 98.8286% | Test Loss: 0.1582 | Test Acc. 94.8571%
Adas on CRC_transformed: T 1/1 | E 158/250 Ended | E Time: 21.433s | ~Time Left: 1971.862s |  Train Loss: 0.0352 | Train Acc. 98.8571% | Test Loss: 0.0984 | Test Acc. 96.6429%
Adas on CRC_transformed: T 1/1 | E 159/250 Ended | E Time: 22.372s | ~Time Left: 2035.860s |  Train Loss: 0.0410 | Train Acc. 98.7143% | Test Loss: 0.1144 | Test Acc. 96.0714%
Adas on CRC_transformed: T 1/1 | E 160/250 Ended | E Time: 22.190s | ~Time Left: 1997.106s |  Train Loss: 0.0299 | Train Acc. 99.1714% | Test Loss: 0.1232 | Test Acc. 96.2143%
Adas on CRC_transformed: T 1/1 | E 161/250 Ended | E Time: 20.778s | ~Time Left: 1849.241s |  Train Loss: 0.0367 | Train Acc. 98.9714% | Test Loss: 0.1126 | Test Acc. 96.2857%
Adas on CRC_transformed: T 1/1 | E 162/250 Ended | E Time: 20.802s | ~Time Left: 1830.584s |  Train Loss: 0.0449 | Train Acc. 98.3143% | Test Loss: 0.1081 | Test Acc. 96.5714%
Adas on CRC_transformed: T 1/1 | E 163/250 Ended | E Time: 21.463s | ~Time Left: 1867.290s |  Train Loss: 0.0332 | Train Acc. 98.8571% | Test Loss: 0.0901 | Test Acc. 96.7857%
Adas on CRC_transformed: T 1/1 | E 164/250 Ended | E Time: 21.276s | ~Time Left: 1829.779s |  Train Loss: 0.0422 | Train Acc. 98.6857% | Test Loss: 0.1201 | Test Acc. 95.7857%
Adas on CRC_transformed: T 1/1 | E 165/250 Ended | E Time: 21.001s | ~Time Left: 1785.086s |  Train Loss: 0.0333 | Train Acc. 98.9143% | Test Loss: 0.1262 | Test Acc. 95.9286%
Adas on CRC_transformed: T 1/1 | E 166/250 Ended | E Time: 21.005s | ~Time Left: 1764.439s |  Train Loss: 0.0359 | Train Acc. 98.7714% | Test Loss: 0.1680 | Test Acc. 94.3571%
Adas on CRC_transformed: T 1/1 | E 167/250 Ended | E Time: 20.919s | ~Time Left: 1736.280s |  Train Loss: 0.0408 | Train Acc. 98.6571% | Test Loss: 0.0975 | Test Acc. 96.8571%
Adas on CRC_transformed: T 1/1 | E 168/250 Ended | E Time: 20.801s | ~Time Left: 1705.702s |  Train Loss: 0.0306 | Train Acc. 98.9714% | Test Loss: 0.1021 | Test Acc. 96.8571%
Adas on CRC_transformed: T 1/1 | E 169/250 Ended | E Time: 20.690s | ~Time Left: 1675.898s |  Train Loss: 0.0314 | Train Acc. 99.0000% | Test Loss: 0.1323 | Test Acc. 95.4286%
Adas on CRC_transformed: T 1/1 | E 170/250 Ended | E Time: 21.341s | ~Time Left: 1707.291s |  Train Loss: 0.0361 | Train Acc. 98.8571% | Test Loss: 0.1066 | Test Acc. 96.5714%
Adas on CRC_transformed: T 1/1 | E 171/250 Ended | E Time: 21.227s | ~Time Left: 1676.896s |  Train Loss: 0.0272 | Train Acc. 99.1714% | Test Loss: 0.0925 | Test Acc. 96.9286%
Adas on CRC_transformed: T 1/1 | E 172/250 Ended | E Time: 21.964s | ~Time Left: 1713.186s |  Train Loss: 0.0307 | Train Acc. 99.0000% | Test Loss: 0.1274 | Test Acc. 95.8571%
Adas on CRC_transformed: T 1/1 | E 173/250 Ended | E Time: 21.039s | ~Time Left: 1620.040s |  Train Loss: 0.0189 | Train Acc. 99.5143% | Test Loss: 0.1077 | Test Acc. 96.7143%
Adas on CRC_transformed: T 1/1 | E 174/250 Ended | E Time: 22.613s | ~Time Left: 1718.555s |  Train Loss: 0.0301 | Train Acc. 99.0286% | Test Loss: 0.1032 | Test Acc. 96.4286%
Adas on CRC_transformed: T 1/1 | E 175/250 Ended | E Time: 20.572s | ~Time Left: 1542.903s |  Train Loss: 0.0250 | Train Acc. 99.2000% | Test Loss: 0.0946 | Test Acc. 96.7143%
Adas on CRC_transformed: T 1/1 | E 176/250 Ended | E Time: 21.406s | ~Time Left: 1584.065s |  Train Loss: 0.0218 | Train Acc. 99.4857% | Test Loss: 0.0859 | Test Acc. 97.1429%
Adas on CRC_transformed: T 1/1 | E 177/250 Ended | E Time: 21.220s | ~Time Left: 1549.090s |  Train Loss: 0.0156 | Train Acc. 99.5429% | Test Loss: 0.1080 | Test Acc. 96.5000%
Adas on CRC_transformed: T 1/1 | E 178/250 Ended | E Time: 21.734s | ~Time Left: 1564.817s |  Train Loss: 0.0237 | Train Acc. 99.3429% | Test Loss: 0.1016 | Test Acc. 96.6429%
Adas on CRC_transformed: T 1/1 | E 179/250 Ended | E Time: 20.616s | ~Time Left: 1463.739s |  Train Loss: 0.0230 | Train Acc. 99.3714% | Test Loss: 0.0945 | Test Acc. 96.7143%
Adas on CRC_transformed: T 1/1 | E 180/250 Ended | E Time: 20.903s | ~Time Left: 1463.196s |  Train Loss: 0.0254 | Train Acc. 99.1429% | Test Loss: 0.1112 | Test Acc. 96.7857%
Adas on CRC_transformed: T 1/1 | E 181/250 Ended | E Time: 21.596s | ~Time Left: 1490.142s |  Train Loss: 0.0199 | Train Acc. 99.5429% | Test Loss: 0.0934 | Test Acc. 96.6429%
Adas on CRC_transformed: T 1/1 | E 182/250 Ended | E Time: 21.095s | ~Time Left: 1434.491s |  Train Loss: 0.0190 | Train Acc. 99.4857% | Test Loss: 0.1005 | Test Acc. 96.7857%
Adas on CRC_transformed: T 1/1 | E 183/250 Ended | E Time: 21.042s | ~Time Left: 1409.833s |  Train Loss: 0.0171 | Train Acc. 99.5143% | Test Loss: 0.0893 | Test Acc. 97.0714%
Adas on CRC_transformed: T 1/1 | E 184/250 Ended | E Time: 20.895s | ~Time Left: 1379.066s |  Train Loss: 0.0210 | Train Acc. 99.4000% | Test Loss: 0.1119 | Test Acc. 96.6429%
Adas on CRC_transformed: T 1/1 | E 185/250 Ended | E Time: 22.116s | ~Time Left: 1437.562s |  Train Loss: 0.0186 | Train Acc. 99.4571% | Test Loss: 0.0953 | Test Acc. 97.3571%
Adas on CRC_transformed: T 1/1 | E 186/250 Ended | E Time: 20.617s | ~Time Left: 1319.489s |  Train Loss: 0.0135 | Train Acc. 99.6286% | Test Loss: 0.1040 | Test Acc. 96.6429%
Adas on CRC_transformed: T 1/1 | E 187/250 Ended | E Time: 20.966s | ~Time Left: 1320.875s |  Train Loss: 0.0207 | Train Acc. 99.2000% | Test Loss: 0.0928 | Test Acc. 97.0714%
Adas on CRC_transformed: T 1/1 | E 188/250 Ended | E Time: 21.675s | ~Time Left: 1343.838s |  Train Loss: 0.0188 | Train Acc. 99.6857% | Test Loss: 0.0955 | Test Acc. 96.9286%
Adas on CRC_transformed: T 1/1 | E 189/250 Ended | E Time: 20.873s | ~Time Left: 1273.231s |  Train Loss: 0.0199 | Train Acc. 99.1429% | Test Loss: 0.0972 | Test Acc. 96.7143%
Adas on CRC_transformed: T 1/1 | E 190/250 Ended | E Time: 21.231s | ~Time Left: 1273.879s |  Train Loss: 0.0195 | Train Acc. 99.4000% | Test Loss: 0.1056 | Test Acc. 96.5714%
Adas on CRC_transformed: T 1/1 | E 191/250 Ended | E Time: 21.618s | ~Time Left: 1275.483s |  Train Loss: 0.0205 | Train Acc. 99.3429% | Test Loss: 0.1033 | Test Acc. 96.8571%
Adas on CRC_transformed: T 1/1 | E 192/250 Ended | E Time: 21.128s | ~Time Left: 1225.409s |  Train Loss: 0.0169 | Train Acc. 99.5714% | Test Loss: 0.0992 | Test Acc. 97.1429%
Adas on CRC_transformed: T 1/1 | E 193/250 Ended | E Time: 21.512s | ~Time Left: 1226.174s |  Train Loss: 0.0163 | Train Acc. 99.4857% | Test Loss: 0.1109 | Test Acc. 96.2143%
Adas on CRC_transformed: T 1/1 | E 194/250 Ended | E Time: 20.898s | ~Time Left: 1170.275s |  Train Loss: 0.0180 | Train Acc. 99.5143% | Test Loss: 0.0921 | Test Acc. 96.7143%
Adas on CRC_transformed: T 1/1 | E 195/250 Ended | E Time: 21.323s | ~Time Left: 1172.752s |  Train Loss: 0.0201 | Train Acc. 99.5143% | Test Loss: 0.0939 | Test Acc. 97.3571%
Adas on CRC_transformed: T 1/1 | E 196/250 Ended | E Time: 21.259s | ~Time Left: 1148.002s |  Train Loss: 0.0212 | Train Acc. 99.3429% | Test Loss: 0.1042 | Test Acc. 97.0000%
Adas on CRC_transformed: T 1/1 | E 197/250 Ended | E Time: 21.118s | ~Time Left: 1119.233s |  Train Loss: 0.0205 | Train Acc. 99.4857% | Test Loss: 0.0976 | Test Acc. 96.7143%
Adas on CRC_transformed: T 1/1 | E 198/250 Ended | E Time: 21.352s | ~Time Left: 1110.330s |  Train Loss: 0.0181 | Train Acc. 99.4286% | Test Loss: 0.1080 | Test Acc. 96.7143%
Adas on CRC_transformed: T 1/1 | E 199/250 Ended | E Time: 20.954s | ~Time Left: 1068.637s |  Train Loss: 0.0115 | Train Acc. 99.7429% | Test Loss: 0.1030 | Test Acc. 96.4286%
Adas on CRC_transformed: T 1/1 | E 200/250 Ended | E Time: 21.151s | ~Time Left: 1057.570s |  Train Loss: 0.0127 | Train Acc. 99.6571% | Test Loss: 0.0878 | Test Acc. 97.1429%
Adas on CRC_transformed: T 1/1 | E 201/250 Ended | E Time: 20.982s | ~Time Left: 1028.124s |  Train Loss: 0.0126 | Train Acc. 99.6857% | Test Loss: 0.0955 | Test Acc. 97.0000%
Adas on CRC_transformed: T 1/1 | E 202/250 Ended | E Time: 20.910s | ~Time Left: 1003.662s |  Train Loss: 0.0160 | Train Acc. 99.7143% | Test Loss: 0.0896 | Test Acc. 96.7143%
Adas on CRC_transformed: T 1/1 | E 203/250 Ended | E Time: 21.136s | ~Time Left: 993.386s |  Train Loss: 0.0164 | Train Acc. 99.4857% | Test Loss: 0.0883 | Test Acc. 96.9286%
Adas on CRC_transformed: T 1/1 | E 204/250 Ended | E Time: 21.665s | ~Time Left: 996.578s |  Train Loss: 0.0157 | Train Acc. 99.5429% | Test Loss: 0.0755 | Test Acc. 97.2143%
Adas on CRC_transformed: T 1/1 | E 205/250 Ended | E Time: 21.074s | ~Time Left: 948.309s |  Train Loss: 0.0097 | Train Acc. 99.7714% | Test Loss: 0.0854 | Test Acc. 97.2857%
Adas on CRC_transformed: T 1/1 | E 206/250 Ended | E Time: 21.543s | ~Time Left: 947.913s |  Train Loss: 0.0115 | Train Acc. 99.7143% | Test Loss: 0.0736 | Test Acc. 97.7143%
Adas on CRC_transformed: T 1/1 | E 207/250 Ended | E Time: 21.196s | ~Time Left: 911.414s |  Train Loss: 0.0138 | Train Acc. 99.6000% | Test Loss: 0.0768 | Test Acc. 97.1429%
Adas on CRC_transformed: T 1/1 | E 208/250 Ended | E Time: 21.225s | ~Time Left: 891.459s |  Train Loss: 0.0152 | Train Acc. 99.5143% | Test Loss: 0.0929 | Test Acc. 96.6429%
Adas on CRC_transformed: T 1/1 | E 209/250 Ended | E Time: 20.677s | ~Time Left: 847.768s |  Train Loss: 0.0120 | Train Acc. 99.7714% | Test Loss: 0.0804 | Test Acc. 97.5000%
Adas on CRC_transformed: T 1/1 | E 210/250 Ended | E Time: 20.550s | ~Time Left: 822.018s |  Train Loss: 0.0148 | Train Acc. 99.6857% | Test Loss: 0.0991 | Test Acc. 97.0714%
Adas on CRC_transformed: T 1/1 | E 211/250 Ended | E Time: 21.095s | ~Time Left: 822.689s |  Train Loss: 0.0116 | Train Acc. 99.7429% | Test Loss: 0.0914 | Test Acc. 97.0714%
Adas on CRC_transformed: T 1/1 | E 212/250 Ended | E Time: 21.240s | ~Time Left: 807.125s |  Train Loss: 0.0129 | Train Acc. 99.5714% | Test Loss: 0.0881 | Test Acc. 97.1429%
Adas on CRC_transformed: T 1/1 | E 213/250 Ended | E Time: 20.987s | ~Time Left: 776.518s |  Train Loss: 0.0136 | Train Acc. 99.5143% | Test Loss: 0.0859 | Test Acc. 96.9286%
Adas on CRC_transformed: T 1/1 | E 214/250 Ended | E Time: 20.727s | ~Time Left: 746.178s |  Train Loss: 0.0116 | Train Acc. 99.7714% | Test Loss: 0.0905 | Test Acc. 96.8571%
Adas on CRC_transformed: T 1/1 | E 215/250 Ended | E Time: 21.172s | ~Time Left: 741.008s |  Train Loss: 0.0125 | Train Acc. 99.6000% | Test Loss: 0.0799 | Test Acc. 97.3571%
Adas on CRC_transformed: T 1/1 | E 216/250 Ended | E Time: 20.546s | ~Time Left: 698.576s |  Train Loss: 0.0080 | Train Acc. 99.8571% | Test Loss: 0.0845 | Test Acc. 97.2143%
Adas on CRC_transformed: T 1/1 | E 217/250 Ended | E Time: 21.547s | ~Time Left: 711.041s |  Train Loss: 0.0091 | Train Acc. 99.8286% | Test Loss: 0.1024 | Test Acc. 96.6429%
Adas on CRC_transformed: T 1/1 | E 218/250 Ended | E Time: 21.110s | ~Time Left: 675.510s |  Train Loss: 0.0095 | Train Acc. 99.8000% | Test Loss: 0.0870 | Test Acc. 96.9286%
Adas on CRC_transformed: T 1/1 | E 219/250 Ended | E Time: 21.344s | ~Time Left: 661.677s |  Train Loss: 0.0103 | Train Acc. 99.8000% | Test Loss: 0.0992 | Test Acc. 96.6429%
Adas on CRC_transformed: T 1/1 | E 220/250 Ended | E Time: 21.185s | ~Time Left: 635.542s |  Train Loss: 0.0101 | Train Acc. 99.8000% | Test Loss: 0.0996 | Test Acc. 96.8571%
Adas on CRC_transformed: T 1/1 | E 221/250 Ended | E Time: 21.488s | ~Time Left: 623.163s |  Train Loss: 0.0086 | Train Acc. 99.8000% | Test Loss: 0.0794 | Test Acc. 97.4286%
Adas on CRC_transformed: T 1/1 | E 222/250 Ended | E Time: 20.887s | ~Time Left: 584.833s |  Train Loss: 0.0119 | Train Acc. 99.7429% | Test Loss: 0.0873 | Test Acc. 96.8571%
Adas on CRC_transformed: T 1/1 | E 223/250 Ended | E Time: 20.994s | ~Time Left: 566.852s |  Train Loss: 0.0097 | Train Acc. 99.8000% | Test Loss: 0.0986 | Test Acc. 96.3571%
Adas on CRC_transformed: T 1/1 | E 224/250 Ended | E Time: 20.623s | ~Time Left: 536.198s |  Train Loss: 0.0145 | Train Acc. 99.6571% | Test Loss: 0.0902 | Test Acc. 96.9286%
Adas on CRC_transformed: T 1/1 | E 225/250 Ended | E Time: 21.442s | ~Time Left: 536.057s |  Train Loss: 0.0089 | Train Acc. 99.8571% | Test Loss: 0.0989 | Test Acc. 96.9286%
Adas on CRC_transformed: T 1/1 | E 226/250 Ended | E Time: 20.861s | ~Time Left: 500.664s |  Train Loss: 0.0087 | Train Acc. 99.8000% | Test Loss: 0.0913 | Test Acc. 96.9286%
Adas on CRC_transformed: T 1/1 | E 227/250 Ended | E Time: 21.225s | ~Time Left: 488.175s |  Train Loss: 0.0079 | Train Acc. 99.8571% | Test Loss: 0.0939 | Test Acc. 96.6429%
Adas on CRC_transformed: T 1/1 | E 228/250 Ended | E Time: 21.115s | ~Time Left: 464.533s |  Train Loss: 0.0072 | Train Acc. 99.8857% | Test Loss: 0.0953 | Test Acc. 97.0714%
Adas on CRC_transformed: T 1/1 | E 229/250 Ended | E Time: 20.769s | ~Time Left: 436.142s |  Train Loss: 0.0091 | Train Acc. 99.8000% | Test Loss: 0.0723 | Test Acc. 97.2143%
Adas on CRC_transformed: T 1/1 | E 230/250 Ended | E Time: 21.439s | ~Time Left: 428.782s |  Train Loss: 0.0084 | Train Acc. 99.7143% | Test Loss: 0.0798 | Test Acc. 97.2143%
Adas on CRC_transformed: T 1/1 | E 231/250 Ended | E Time: 20.835s | ~Time Left: 395.856s |  Train Loss: 0.0131 | Train Acc. 99.6286% | Test Loss: 0.0909 | Test Acc. 97.2143%
Adas on CRC_transformed: T 1/1 | E 232/250 Ended | E Time: 20.540s | ~Time Left: 369.719s |  Train Loss: 0.0107 | Train Acc. 99.6286% | Test Loss: 0.0972 | Test Acc. 97.0000%
Adas on CRC_transformed: T 1/1 | E 233/250 Ended | E Time: 20.890s | ~Time Left: 355.130s |  Train Loss: 0.0110 | Train Acc. 99.6857% | Test Loss: 0.0790 | Test Acc. 96.9286%
Adas on CRC_transformed: T 1/1 | E 234/250 Ended | E Time: 20.701s | ~Time Left: 331.223s |  Train Loss: 0.0088 | Train Acc. 99.8000% | Test Loss: 0.0891 | Test Acc. 97.2143%
Adas on CRC_transformed: T 1/1 | E 235/250 Ended | E Time: 21.130s | ~Time Left: 316.953s |  Train Loss: 0.0072 | Train Acc. 99.9143% | Test Loss: 0.0801 | Test Acc. 97.1429%
Adas on CRC_transformed: T 1/1 | E 236/250 Ended | E Time: 20.917s | ~Time Left: 292.842s |  Train Loss: 0.0074 | Train Acc. 99.8571% | Test Loss: 0.0814 | Test Acc. 97.4286%
Adas on CRC_transformed: T 1/1 | E 237/250 Ended | E Time: 20.797s | ~Time Left: 270.356s |  Train Loss: 0.0089 | Train Acc. 99.7714% | Test Loss: 0.0818 | Test Acc. 97.1429%
Adas on CRC_transformed: T 1/1 | E 238/250 Ended | E Time: 20.799s | ~Time Left: 249.589s |  Train Loss: 0.0079 | Train Acc. 99.7714% | Test Loss: 0.0844 | Test Acc. 97.3571%
Adas on CRC_transformed: T 1/1 | E 239/250 Ended | E Time: 20.952s | ~Time Left: 230.475s |  Train Loss: 0.0071 | Train Acc. 99.8000% | Test Loss: 0.0966 | Test Acc. 97.1429%
Adas on CRC_transformed: T 1/1 | E 240/250 Ended | E Time: 20.849s | ~Time Left: 208.488s |  Train Loss: 0.0137 | Train Acc. 99.6571% | Test Loss: 0.0915 | Test Acc. 97.0714%
Adas on CRC_transformed: T 1/1 | E 241/250 Ended | E Time: 21.667s | ~Time Left: 195.008s |  Train Loss: 0.0073 | Train Acc. 99.8571% | Test Loss: 0.0897 | Test Acc. 96.7143%
Adas on CRC_transformed: T 1/1 | E 242/250 Ended | E Time: 21.024s | ~Time Left: 168.192s |  Train Loss: 0.0107 | Train Acc. 99.7714% | Test Loss: 0.0913 | Test Acc. 97.0714%
Adas on CRC_transformed: T 1/1 | E 243/250 Ended | E Time: 21.667s | ~Time Left: 151.672s |  Train Loss: 0.0073 | Train Acc. 99.8286% | Test Loss: 0.0901 | Test Acc. 97.0000%
Adas on CRC_transformed: T 1/1 | E 244/250 Ended | E Time: 21.012s | ~Time Left: 126.073s |  Train Loss: 0.0062 | Train Acc. 99.8286% | Test Loss: 0.0887 | Test Acc. 97.1429%
Adas on CRC_transformed: T 1/1 | E 245/250 Ended | E Time: 21.572s | ~Time Left: 107.858s |  Train Loss: 0.0088 | Train Acc. 99.7714% | Test Loss: 0.0854 | Test Acc. 97.2857%
Adas on CRC_transformed: T 1/1 | E 246/250 Ended | E Time: 20.966s | ~Time Left: 83.862s |  Train Loss: 0.0064 | Train Acc. 99.8571% | Test Loss: 0.0779 | Test Acc. 97.4286%
Adas on CRC_transformed: T 1/1 | E 247/250 Ended | E Time: 21.452s | ~Time Left: 64.355s |  Train Loss: 0.0096 | Train Acc. 99.7143% | Test Loss: 0.0844 | Test Acc. 97.1429%
Adas on CRC_transformed: T 1/1 | E 248/250 Ended | E Time: 21.514s | ~Time Left: 43.027s |  Train Loss: 0.0084 | Train Acc. 99.7714% | Test Loss: 0.0869 | Test Acc. 97.2857%
Adas on CRC_transformed: T 1/1 | E 249/250 Ended | E Time: 21.461s | ~Time Left: 21.461s |  Train Loss: 0.0078 | Train Acc. 99.8000% | Test Loss: 0.0880 | Test Acc. 97.2857%
Adas on CRC_transformed: T 1/1 | E 250/250 Ended | E Time: 20.669s | ~Time Left: 0.000s |  Train Loss: 0.0076 | Train Acc. 99.8571% | Test Loss: 0.0743 | Test Acc. 97.6429%
