transferring data
Mon Jun 14 22:22:50 PDT 2021

Finished transferring
Mon Jun 14 22:22:52 PDT 2021

Adas: Argument Parser Options
---------------------------------------------
    config              : HistoKTconfigs/CRC_transformed-configAdas.yaml
    data                : /localscratch/zhan8425.5088836.0        
    output              : .Adas-output/CRC_transformed/1000_per_class
    checkpoint          : .Adas-checkpoint/CRC_transformed/1000_per_class
    resume              : None                                    
    root                : .                                       
    save_freq           : 25                                      
    cpu                 : 0                                       
    gpu                 : 0                                       
    mpd                 : 0                                       
    dist_url            : tcp://127.0.0.1:23456                   
    dist_backend        : nccl                                    
    world_size          : -1                                      
    rank                : -1                                      
---------------------------------------------
Adas: Output dir .Adas-output/CRC_transformed/1000_per_class does not exist, building
Adas: Notice: early stop will not be used as it was set to -1.0, training till completion
Adas: Experiment Configuration
---------------------------------------------
    dataset              CRC_transformed     
    network              ResNet18            
    optimizer            Adas                
    scheduler            None                
    level                L3Only              
    color_kwargs         {'augmentation': 'Color-Distortion', 'distortion': 0.3}
    degree_of_rotation   45                  
    vertical_flipping    0.5                 
    horizontal_flipping  0.5                 
    horizontal_shift     0.1                 
    vertical_shift       0.1                 
    gaussian_blur        0                   
    kernel_size          9                   
    variance             0.1                 
    cutout               0                   
    n_holes              1                   
    cutout_length        16                  
    init_lr              0.03                
    early_stop_threshold -1.0                
    optimizer_kwargs     {'momentum': 0.9, 'weight_decay': 0.0005, 'beta': 0.98, 'linear': 0.0, 'gamma': 0.5, 'step_size': 25.0}
    scheduler_kwargs     {}
    p                    1                   
    start_trial          0                   
    n_trials             1                   
    num_workers          4                   
    max_epochs           250                 
    mini_batch_size      32                  
    loss                 cross_entropy       
    early_stop_patience  10                  
---------------------------------------------
Adas: Pytorch device is set to cuda
Adas on CRC_transformed: T 1/1 | E 1/250 Ended | E Time: 34.361s | ~Time Left: 8555.989s |  Train Loss: 1.5579 | Train Acc. 46.4286% | Test Loss: 2.2060 | Test Acc. 36.5714%
Adas on CRC_transformed: T 1/1 | E 2/250 Ended | E Time: 33.012s | ~Time Left: 8186.863s |  Train Loss: 1.1249 | Train Acc. 55.4571% | Test Loss: 1.0638 | Test Acc. 58.7143%
Adas on CRC_transformed: T 1/1 | E 3/250 Ended | E Time: 33.754s | ~Time Left: 8337.121s |  Train Loss: 1.0285 | Train Acc. 59.7714% | Test Loss: 1.2505 | Test Acc. 54.2857%
Adas on CRC_transformed: T 1/1 | E 4/250 Ended | E Time: 33.414s | ~Time Left: 8219.907s |  Train Loss: 0.9549 | Train Acc. 62.8000% | Test Loss: 0.9817 | Test Acc. 62.4286%
Adas on CRC_transformed: T 1/1 | E 5/250 Ended | E Time: 33.042s | ~Time Left: 8095.397s |  Train Loss: 0.9023 | Train Acc. 65.8571% | Test Loss: 0.8117 | Test Acc. 70.0000%
Adas on CRC_transformed: T 1/1 | E 6/250 Ended | E Time: 32.970s | ~Time Left: 8044.774s |  Train Loss: 0.8517 | Train Acc. 67.7000% | Test Loss: 0.7745 | Test Acc. 71.7857%
Adas on CRC_transformed: T 1/1 | E 7/250 Ended | E Time: 32.916s | ~Time Left: 7998.676s |  Train Loss: 0.7687 | Train Acc. 70.9286% | Test Loss: 0.7235 | Test Acc. 73.5714%
Adas on CRC_transformed: T 1/1 | E 8/250 Ended | E Time: 33.467s | ~Time Left: 8099.120s |  Train Loss: 0.7033 | Train Acc. 73.6429% | Test Loss: 0.6615 | Test Acc. 75.0000%
Adas on CRC_transformed: T 1/1 | E 9/250 Ended | E Time: 33.361s | ~Time Left: 8039.956s |  Train Loss: 0.6886 | Train Acc. 75.0571% | Test Loss: 0.6082 | Test Acc. 77.5000%
Adas on CRC_transformed: T 1/1 | E 10/250 Ended | E Time: 33.042s | ~Time Left: 7930.047s |  Train Loss: 0.6328 | Train Acc. 76.1286% | Test Loss: 0.8170 | Test Acc. 73.3571%
Adas on CRC_transformed: T 1/1 | E 11/250 Ended | E Time: 33.449s | ~Time Left: 7994.363s |  Train Loss: 0.6116 | Train Acc. 77.9714% | Test Loss: 0.7179 | Test Acc. 72.8571%
Adas on CRC_transformed: T 1/1 | E 12/250 Ended | E Time: 33.268s | ~Time Left: 7917.889s |  Train Loss: 0.5969 | Train Acc. 78.4286% | Test Loss: 0.6092 | Test Acc. 78.4286%
Adas on CRC_transformed: T 1/1 | E 13/250 Ended | E Time: 33.168s | ~Time Left: 7860.779s |  Train Loss: 0.5327 | Train Acc. 80.8429% | Test Loss: 0.4400 | Test Acc. 84.2143%
Adas on CRC_transformed: T 1/1 | E 14/250 Ended | E Time: 33.512s | ~Time Left: 7908.785s |  Train Loss: 0.4879 | Train Acc. 82.9714% | Test Loss: 0.5126 | Test Acc. 81.2857%
Adas on CRC_transformed: T 1/1 | E 15/250 Ended | E Time: 33.114s | ~Time Left: 7781.755s |  Train Loss: 0.4442 | Train Acc. 84.0000% | Test Loss: 0.5385 | Test Acc. 81.7857%
Adas on CRC_transformed: T 1/1 | E 16/250 Ended | E Time: 33.540s | ~Time Left: 7848.311s |  Train Loss: 0.4549 | Train Acc. 84.1857% | Test Loss: 0.5696 | Test Acc. 75.7857%
Adas on CRC_transformed: T 1/1 | E 17/250 Ended | E Time: 33.252s | ~Time Left: 7747.758s |  Train Loss: 0.4252 | Train Acc. 84.6714% | Test Loss: 0.5869 | Test Acc. 81.9286%
Adas on CRC_transformed: T 1/1 | E 18/250 Ended | E Time: 33.332s | ~Time Left: 7732.939s |  Train Loss: 0.4325 | Train Acc. 84.4143% | Test Loss: 0.5448 | Test Acc. 81.4286%
Adas on CRC_transformed: T 1/1 | E 19/250 Ended | E Time: 33.171s | ~Time Left: 7662.546s |  Train Loss: 0.4106 | Train Acc. 85.0857% | Test Loss: 0.5593 | Test Acc. 80.0714%
Adas on CRC_transformed: T 1/1 | E 20/250 Ended | E Time: 33.017s | ~Time Left: 7593.977s |  Train Loss: 0.3821 | Train Acc. 86.3000% | Test Loss: 0.4974 | Test Acc. 80.3571%
Adas on CRC_transformed: T 1/1 | E 21/250 Ended | E Time: 33.081s | ~Time Left: 7575.464s |  Train Loss: 0.4188 | Train Acc. 84.8857% | Test Loss: 1.0130 | Test Acc. 64.0714%
Adas on CRC_transformed: T 1/1 | E 22/250 Ended | E Time: 33.332s | ~Time Left: 7599.664s |  Train Loss: 0.3315 | Train Acc. 87.9143% | Test Loss: 0.3846 | Test Acc. 85.5000%
Adas on CRC_transformed: T 1/1 | E 23/250 Ended | E Time: 33.390s | ~Time Left: 7579.565s |  Train Loss: 0.3440 | Train Acc. 87.9571% | Test Loss: 0.3196 | Test Acc. 87.8571%
Adas on CRC_transformed: T 1/1 | E 24/250 Ended | E Time: 33.175s | ~Time Left: 7497.441s |  Train Loss: 0.3399 | Train Acc. 88.0286% | Test Loss: 0.3410 | Test Acc. 88.0000%
Adas on CRC_transformed: T 1/1 | E 25/250 Ended | E Time: 32.991s | ~Time Left: 7423.023s |  Train Loss: 0.3065 | Train Acc. 88.8571% | Test Loss: 0.4207 | Test Acc. 84.5714%
Adas on CRC_transformed: T 1/1 | E 26/250 Ended | E Time: 33.338s | ~Time Left: 7467.777s |  Train Loss: 0.2977 | Train Acc. 89.7429% | Test Loss: 0.4128 | Test Acc. 85.6429%
Adas on CRC_transformed: T 1/1 | E 27/250 Ended | E Time: 32.982s | ~Time Left: 7354.930s |  Train Loss: 0.2982 | Train Acc. 89.6714% | Test Loss: 0.2561 | Test Acc. 91.0000%
Adas on CRC_transformed: T 1/1 | E 28/250 Ended | E Time: 33.399s | ~Time Left: 7414.646s |  Train Loss: 0.2967 | Train Acc. 89.7857% | Test Loss: 0.8999 | Test Acc. 79.4286%
Adas on CRC_transformed: T 1/1 | E 29/250 Ended | E Time: 33.113s | ~Time Left: 7318.032s |  Train Loss: 0.2925 | Train Acc. 89.9857% | Test Loss: 0.7054 | Test Acc. 78.3571%
Adas on CRC_transformed: T 1/1 | E 30/250 Ended | E Time: 33.105s | ~Time Left: 7283.158s |  Train Loss: 0.2737 | Train Acc. 90.4143% | Test Loss: 0.3420 | Test Acc. 87.8571%
Adas on CRC_transformed: T 1/1 | E 31/250 Ended | E Time: 33.486s | ~Time Left: 7333.499s |  Train Loss: 0.2825 | Train Acc. 90.0857% | Test Loss: 0.4177 | Test Acc. 85.3571%
Adas on CRC_transformed: T 1/1 | E 32/250 Ended | E Time: 33.514s | ~Time Left: 7305.960s |  Train Loss: 0.2681 | Train Acc. 90.9143% | Test Loss: 0.2706 | Test Acc. 89.7857%
Adas on CRC_transformed: T 1/1 | E 33/250 Ended | E Time: 33.283s | ~Time Left: 7222.405s |  Train Loss: 0.2834 | Train Acc. 90.0143% | Test Loss: 0.2602 | Test Acc. 90.0714%
Adas on CRC_transformed: T 1/1 | E 34/250 Ended | E Time: 33.365s | ~Time Left: 7206.819s |  Train Loss: 0.2693 | Train Acc. 90.4286% | Test Loss: 0.2581 | Test Acc. 90.0000%
Adas on CRC_transformed: T 1/1 | E 35/250 Ended | E Time: 33.265s | ~Time Left: 7152.065s |  Train Loss: 0.2588 | Train Acc. 90.9571% | Test Loss: 0.2233 | Test Acc. 92.0714%
Adas on CRC_transformed: T 1/1 | E 36/250 Ended | E Time: 33.125s | ~Time Left: 7088.699s |  Train Loss: 0.2615 | Train Acc. 90.4714% | Test Loss: 0.3075 | Test Acc. 88.5000%
Adas on CRC_transformed: T 1/1 | E 37/250 Ended | E Time: 33.299s | ~Time Left: 7092.637s |  Train Loss: 0.2303 | Train Acc. 91.9571% | Test Loss: 0.2583 | Test Acc. 90.6429%
Adas on CRC_transformed: T 1/1 | E 38/250 Ended | E Time: 32.987s | ~Time Left: 6993.231s |  Train Loss: 0.2549 | Train Acc. 91.0857% | Test Loss: 0.2414 | Test Acc. 92.2857%
Adas on CRC_transformed: T 1/1 | E 39/250 Ended | E Time: 32.964s | ~Time Left: 6955.322s |  Train Loss: 0.2516 | Train Acc. 91.2571% | Test Loss: 0.2516 | Test Acc. 91.7143%
Adas on CRC_transformed: T 1/1 | E 40/250 Ended | E Time: 33.050s | ~Time Left: 6940.592s |  Train Loss: 0.2339 | Train Acc. 91.6429% | Test Loss: 0.2233 | Test Acc. 92.0000%
Adas on CRC_transformed: T 1/1 | E 41/250 Ended | E Time: 33.056s | ~Time Left: 6908.719s |  Train Loss: 0.2318 | Train Acc. 91.8857% | Test Loss: 0.2130 | Test Acc. 91.5000%
Adas on CRC_transformed: T 1/1 | E 42/250 Ended | E Time: 33.223s | ~Time Left: 6910.464s |  Train Loss: 0.2375 | Train Acc. 91.7143% | Test Loss: 0.7265 | Test Acc. 75.4286%
Adas on CRC_transformed: T 1/1 | E 43/250 Ended | E Time: 33.003s | ~Time Left: 6831.664s |  Train Loss: 0.2352 | Train Acc. 91.7857% | Test Loss: 0.2585 | Test Acc. 91.0000%
Adas on CRC_transformed: T 1/1 | E 44/250 Ended | E Time: 33.153s | ~Time Left: 6829.478s |  Train Loss: 0.2281 | Train Acc. 91.8286% | Test Loss: 0.4004 | Test Acc. 85.7857%
Adas on CRC_transformed: T 1/1 | E 45/250 Ended | E Time: 32.988s | ~Time Left: 6762.619s |  Train Loss: 0.2248 | Train Acc. 92.1000% | Test Loss: 0.3239 | Test Acc. 88.4286%
Adas on CRC_transformed: T 1/1 | E 46/250 Ended | E Time: 33.265s | ~Time Left: 6786.068s |  Train Loss: 0.2386 | Train Acc. 91.7143% | Test Loss: 0.3243 | Test Acc. 88.0714%
Adas on CRC_transformed: T 1/1 | E 47/250 Ended | E Time: 33.215s | ~Time Left: 6742.598s |  Train Loss: 0.2302 | Train Acc. 91.8429% | Test Loss: 0.2169 | Test Acc. 92.3571%
Adas on CRC_transformed: T 1/1 | E 48/250 Ended | E Time: 33.284s | ~Time Left: 6723.308s |  Train Loss: 0.2118 | Train Acc. 92.5286% | Test Loss: 0.3180 | Test Acc. 89.6429%
Adas on CRC_transformed: T 1/1 | E 49/250 Ended | E Time: 33.053s | ~Time Left: 6643.636s |  Train Loss: 0.2204 | Train Acc. 91.9571% | Test Loss: 0.2231 | Test Acc. 91.9286%
Adas on CRC_transformed: T 1/1 | E 50/250 Ended | E Time: 33.211s | ~Time Left: 6642.297s |  Train Loss: 0.2214 | Train Acc. 92.1714% | Test Loss: 0.2652 | Test Acc. 91.2857%
Adas on CRC_transformed: T 1/1 | E 51/250 Ended | E Time: 33.466s | ~Time Left: 6659.816s |  Train Loss: 0.2098 | Train Acc. 92.8143% | Test Loss: 0.3066 | Test Acc. 89.0714%
Adas on CRC_transformed: T 1/1 | E 52/250 Ended | E Time: 33.045s | ~Time Left: 6542.834s |  Train Loss: 0.2047 | Train Acc. 93.1143% | Test Loss: 0.3087 | Test Acc. 88.4286%
Adas on CRC_transformed: T 1/1 | E 53/250 Ended | E Time: 33.333s | ~Time Left: 6566.590s |  Train Loss: 0.2214 | Train Acc. 92.2857% | Test Loss: 0.2010 | Test Acc. 92.6429%
Adas on CRC_transformed: T 1/1 | E 54/250 Ended | E Time: 33.230s | ~Time Left: 6513.125s |  Train Loss: 0.2019 | Train Acc. 93.2000% | Test Loss: 0.2539 | Test Acc. 90.5000%
Adas on CRC_transformed: T 1/1 | E 55/250 Ended | E Time: 33.142s | ~Time Left: 6462.629s |  Train Loss: 0.1993 | Train Acc. 93.3286% | Test Loss: 0.2840 | Test Acc. 90.2857%
Adas on CRC_transformed: T 1/1 | E 56/250 Ended | E Time: 33.414s | ~Time Left: 6482.372s |  Train Loss: 0.1980 | Train Acc. 93.2714% | Test Loss: 0.3979 | Test Acc. 87.7143%
Adas on CRC_transformed: T 1/1 | E 57/250 Ended | E Time: 33.305s | ~Time Left: 6427.794s |  Train Loss: 0.1899 | Train Acc. 93.1857% | Test Loss: 0.2169 | Test Acc. 92.7857%
Adas on CRC_transformed: T 1/1 | E 58/250 Ended | E Time: 33.094s | ~Time Left: 6354.087s |  Train Loss: 0.1928 | Train Acc. 93.3571% | Test Loss: 0.2472 | Test Acc. 90.7857%
Adas on CRC_transformed: T 1/1 | E 59/250 Ended | E Time: 33.200s | ~Time Left: 6341.129s |  Train Loss: 0.1922 | Train Acc. 93.1429% | Test Loss: 0.5261 | Test Acc. 81.2857%
Adas on CRC_transformed: T 1/1 | E 60/250 Ended | E Time: 33.410s | ~Time Left: 6347.990s |  Train Loss: 0.1961 | Train Acc. 93.2857% | Test Loss: 0.2066 | Test Acc. 93.5714%
Adas on CRC_transformed: T 1/1 | E 61/250 Ended | E Time: 33.471s | ~Time Left: 6326.089s |  Train Loss: 0.1938 | Train Acc. 93.5571% | Test Loss: 0.2835 | Test Acc. 91.0714%
Adas on CRC_transformed: T 1/1 | E 62/250 Ended | E Time: 33.243s | ~Time Left: 6249.735s |  Train Loss: 0.1810 | Train Acc. 93.5143% | Test Loss: 0.2256 | Test Acc. 91.8571%
Adas on CRC_transformed: T 1/1 | E 63/250 Ended | E Time: 32.977s | ~Time Left: 6166.644s |  Train Loss: 0.1789 | Train Acc. 93.6429% | Test Loss: 0.2518 | Test Acc. 91.6429%
Adas on CRC_transformed: T 1/1 | E 64/250 Ended | E Time: 32.980s | ~Time Left: 6134.287s |  Train Loss: 0.1826 | Train Acc. 93.7143% | Test Loss: 0.2070 | Test Acc. 92.9286%
Adas on CRC_transformed: T 1/1 | E 65/250 Ended | E Time: 33.337s | ~Time Left: 6167.408s |  Train Loss: 0.1852 | Train Acc. 93.2000% | Test Loss: 0.2041 | Test Acc. 92.8571%
Adas on CRC_transformed: T 1/1 | E 66/250 Ended | E Time: 33.308s | ~Time Left: 6128.591s |  Train Loss: 0.1625 | Train Acc. 94.5000% | Test Loss: 0.1474 | Test Acc. 95.2143%
Adas on CRC_transformed: T 1/1 | E 67/250 Ended | E Time: 33.444s | ~Time Left: 6120.261s |  Train Loss: 0.1682 | Train Acc. 93.9857% | Test Loss: 0.4328 | Test Acc. 84.7857%
Adas on CRC_transformed: T 1/1 | E 68/250 Ended | E Time: 33.163s | ~Time Left: 6035.746s |  Train Loss: 0.1774 | Train Acc. 93.5714% | Test Loss: 0.2164 | Test Acc. 92.5714%
Adas on CRC_transformed: T 1/1 | E 69/250 Ended | E Time: 33.280s | ~Time Left: 6023.651s |  Train Loss: 0.1713 | Train Acc. 93.9143% | Test Loss: 0.2187 | Test Acc. 92.2143%
Adas on CRC_transformed: T 1/1 | E 70/250 Ended | E Time: 33.157s | ~Time Left: 5968.324s |  Train Loss: 0.1670 | Train Acc. 94.1429% | Test Loss: 0.2580 | Test Acc. 90.9286%
Adas on CRC_transformed: T 1/1 | E 71/250 Ended | E Time: 33.403s | ~Time Left: 5979.079s |  Train Loss: 0.1636 | Train Acc. 94.2143% | Test Loss: 0.1499 | Test Acc. 95.1429%
Adas on CRC_transformed: T 1/1 | E 72/250 Ended | E Time: 33.400s | ~Time Left: 5945.274s |  Train Loss: 0.1506 | Train Acc. 94.7000% | Test Loss: 0.3321 | Test Acc. 87.1429%
Adas on CRC_transformed: T 1/1 | E 73/250 Ended | E Time: 33.137s | ~Time Left: 5865.181s |  Train Loss: 0.1563 | Train Acc. 94.6143% | Test Loss: 0.3416 | Test Acc. 89.8571%
Adas on CRC_transformed: T 1/1 | E 74/250 Ended | E Time: 33.204s | ~Time Left: 5843.981s |  Train Loss: 0.1558 | Train Acc. 94.7429% | Test Loss: 0.2721 | Test Acc. 91.3571%
Adas on CRC_transformed: T 1/1 | E 75/250 Ended | E Time: 32.951s | ~Time Left: 5766.457s |  Train Loss: 0.1681 | Train Acc. 94.1143% | Test Loss: 0.1695 | Test Acc. 94.0714%
Adas on CRC_transformed: T 1/1 | E 76/250 Ended | E Time: 33.088s | ~Time Left: 5757.362s |  Train Loss: 0.1425 | Train Acc. 95.1429% | Test Loss: 0.4129 | Test Acc. 88.2857%
Adas on CRC_transformed: T 1/1 | E 77/250 Ended | E Time: 33.255s | ~Time Left: 5753.067s |  Train Loss: 0.1503 | Train Acc. 94.8857% | Test Loss: 0.2662 | Test Acc. 90.6429%
Adas on CRC_transformed: T 1/1 | E 78/250 Ended | E Time: 33.196s | ~Time Left: 5709.740s |  Train Loss: 0.1439 | Train Acc. 95.1000% | Test Loss: 0.1410 | Test Acc. 94.7857%
Adas on CRC_transformed: T 1/1 | E 79/250 Ended | E Time: 33.528s | ~Time Left: 5733.239s |  Train Loss: 0.1432 | Train Acc. 94.8714% | Test Loss: 0.3362 | Test Acc. 89.0000%
Adas on CRC_transformed: T 1/1 | E 80/250 Ended | E Time: 33.472s | ~Time Left: 5690.267s |  Train Loss: 0.1391 | Train Acc. 95.0857% | Test Loss: 0.1682 | Test Acc. 94.0714%
Adas on CRC_transformed: T 1/1 | E 81/250 Ended | E Time: 33.660s | ~Time Left: 5688.611s |  Train Loss: 0.1379 | Train Acc. 95.1143% | Test Loss: 0.1730 | Test Acc. 93.6429%
Adas on CRC_transformed: T 1/1 | E 82/250 Ended | E Time: 33.218s | ~Time Left: 5580.590s |  Train Loss: 0.1476 | Train Acc. 94.7714% | Test Loss: 0.2032 | Test Acc. 92.2857%
Adas on CRC_transformed: T 1/1 | E 83/250 Ended | E Time: 33.101s | ~Time Left: 5527.828s |  Train Loss: 0.1350 | Train Acc. 95.3429% | Test Loss: 0.1976 | Test Acc. 93.4286%
Adas on CRC_transformed: T 1/1 | E 84/250 Ended | E Time: 33.229s | ~Time Left: 5516.043s |  Train Loss: 0.1321 | Train Acc. 95.3857% | Test Loss: 0.1393 | Test Acc. 94.8571%
Adas on CRC_transformed: T 1/1 | E 85/250 Ended | E Time: 33.615s | ~Time Left: 5546.506s |  Train Loss: 0.1307 | Train Acc. 95.4714% | Test Loss: 0.1946 | Test Acc. 93.1429%
Adas on CRC_transformed: T 1/1 | E 86/250 Ended | E Time: 33.535s | ~Time Left: 5499.787s |  Train Loss: 0.1363 | Train Acc. 95.3571% | Test Loss: 0.1609 | Test Acc. 94.2857%
Adas on CRC_transformed: T 1/1 | E 87/250 Ended | E Time: 33.120s | ~Time Left: 5398.536s |  Train Loss: 0.1323 | Train Acc. 95.4714% | Test Loss: 0.1639 | Test Acc. 94.6429%
Adas on CRC_transformed: T 1/1 | E 88/250 Ended | E Time: 33.258s | ~Time Left: 5387.774s |  Train Loss: 0.1254 | Train Acc. 95.5000% | Test Loss: 0.2632 | Test Acc. 89.9286%
Adas on CRC_transformed: T 1/1 | E 89/250 Ended | E Time: 33.227s | ~Time Left: 5349.557s |  Train Loss: 0.1260 | Train Acc. 95.6571% | Test Loss: 0.1501 | Test Acc. 94.6429%
Adas on CRC_transformed: T 1/1 | E 90/250 Ended | E Time: 33.282s | ~Time Left: 5325.169s |  Train Loss: 0.1364 | Train Acc. 95.5857% | Test Loss: 0.1415 | Test Acc. 95.0714%
Adas on CRC_transformed: T 1/1 | E 91/250 Ended | E Time: 33.443s | ~Time Left: 5317.385s |  Train Loss: 0.1266 | Train Acc. 95.4857% | Test Loss: 0.1118 | Test Acc. 96.2857%
Adas on CRC_transformed: T 1/1 | E 92/250 Ended | E Time: 32.891s | ~Time Left: 5196.720s |  Train Loss: 0.1207 | Train Acc. 95.8286% | Test Loss: 0.1523 | Test Acc. 94.7143%
Adas on CRC_transformed: T 1/1 | E 93/250 Ended | E Time: 33.006s | ~Time Left: 5181.890s |  Train Loss: 0.1280 | Train Acc. 95.4429% | Test Loss: 0.2102 | Test Acc. 93.3571%
Adas on CRC_transformed: T 1/1 | E 94/250 Ended | E Time: 33.256s | ~Time Left: 5187.891s |  Train Loss: 0.1254 | Train Acc. 95.5571% | Test Loss: 0.1882 | Test Acc. 93.0714%
Adas on CRC_transformed: T 1/1 | E 95/250 Ended | E Time: 33.420s | ~Time Left: 5180.111s |  Train Loss: 0.1102 | Train Acc. 96.1286% | Test Loss: 0.1224 | Test Acc. 95.8571%
Adas on CRC_transformed: T 1/1 | E 96/250 Ended | E Time: 33.566s | ~Time Left: 5169.204s |  Train Loss: 0.1118 | Train Acc. 95.8143% | Test Loss: 0.1732 | Test Acc. 94.0714%
Adas on CRC_transformed: T 1/1 | E 97/250 Ended | E Time: 33.628s | ~Time Left: 5145.024s |  Train Loss: 0.1072 | Train Acc. 96.2000% | Test Loss: 0.1157 | Test Acc. 95.7143%
Adas on CRC_transformed: T 1/1 | E 98/250 Ended | E Time: 33.341s | ~Time Left: 5067.842s |  Train Loss: 0.1179 | Train Acc. 95.6571% | Test Loss: 0.1710 | Test Acc. 94.4286%
Adas on CRC_transformed: T 1/1 | E 99/250 Ended | E Time: 33.074s | ~Time Left: 4994.195s |  Train Loss: 0.1057 | Train Acc. 96.3143% | Test Loss: 0.2801 | Test Acc. 89.8571%
Adas on CRC_transformed: T 1/1 | E 100/250 Ended | E Time: 33.118s | ~Time Left: 4967.736s |  Train Loss: 0.1176 | Train Acc. 95.9286% | Test Loss: 0.1988 | Test Acc. 93.9286%
Adas on CRC_transformed: T 1/1 | E 101/250 Ended | E Time: 33.186s | ~Time Left: 4944.666s |  Train Loss: 0.1098 | Train Acc. 95.9143% | Test Loss: 0.0917 | Test Acc. 97.2143%
Adas on CRC_transformed: T 1/1 | E 102/250 Ended | E Time: 33.752s | ~Time Left: 4995.255s |  Train Loss: 0.0982 | Train Acc. 96.4429% | Test Loss: 0.0963 | Test Acc. 96.7857%
Adas on CRC_transformed: T 1/1 | E 103/250 Ended | E Time: 33.205s | ~Time Left: 4881.146s |  Train Loss: 0.1063 | Train Acc. 96.2571% | Test Loss: 0.1206 | Test Acc. 95.8571%
Adas on CRC_transformed: T 1/1 | E 104/250 Ended | E Time: 33.508s | ~Time Left: 4892.169s |  Train Loss: 0.0956 | Train Acc. 96.7286% | Test Loss: 0.1372 | Test Acc. 95.2143%
Adas on CRC_transformed: T 1/1 | E 105/250 Ended | E Time: 33.090s | ~Time Left: 4798.072s |  Train Loss: 0.0941 | Train Acc. 96.7286% | Test Loss: 0.1106 | Test Acc. 96.5000%
Adas on CRC_transformed: T 1/1 | E 106/250 Ended | E Time: 32.964s | ~Time Left: 4746.819s |  Train Loss: 0.0871 | Train Acc. 96.9714% | Test Loss: 0.1730 | Test Acc. 93.5714%
Adas on CRC_transformed: T 1/1 | E 107/250 Ended | E Time: 33.289s | ~Time Left: 4760.333s |  Train Loss: 0.1041 | Train Acc. 96.2571% | Test Loss: 0.1166 | Test Acc. 96.0714%
Adas on CRC_transformed: T 1/1 | E 108/250 Ended | E Time: 33.339s | ~Time Left: 4734.078s |  Train Loss: 0.1056 | Train Acc. 96.3429% | Test Loss: 0.2291 | Test Acc. 92.2857%
Adas on CRC_transformed: T 1/1 | E 109/250 Ended | E Time: 33.454s | ~Time Left: 4716.949s |  Train Loss: 0.0986 | Train Acc. 96.5429% | Test Loss: 0.1795 | Test Acc. 93.9286%
Adas on CRC_transformed: T 1/1 | E 110/250 Ended | E Time: 33.410s | ~Time Left: 4677.337s |  Train Loss: 0.0853 | Train Acc. 97.1571% | Test Loss: 0.4657 | Test Acc. 87.0000%
Adas on CRC_transformed: T 1/1 | E 111/250 Ended | E Time: 33.382s | ~Time Left: 4640.154s |  Train Loss: 0.0995 | Train Acc. 96.5714% | Test Loss: 0.1767 | Test Acc. 94.2143%
Adas on CRC_transformed: T 1/1 | E 112/250 Ended | E Time: 33.094s | ~Time Left: 4566.978s |  Train Loss: 0.0907 | Train Acc. 96.8143% | Test Loss: 0.1024 | Test Acc. 95.9286%
Adas on CRC_transformed: T 1/1 | E 113/250 Ended | E Time: 33.067s | ~Time Left: 4530.185s |  Train Loss: 0.0899 | Train Acc. 97.0286% | Test Loss: 0.0829 | Test Acc. 97.0714%
Adas on CRC_transformed: T 1/1 | E 114/250 Ended | E Time: 33.225s | ~Time Left: 4518.549s |  Train Loss: 0.0864 | Train Acc. 97.1000% | Test Loss: 0.1094 | Test Acc. 96.6429%
Adas on CRC_transformed: T 1/1 | E 115/250 Ended | E Time: 33.348s | ~Time Left: 4502.037s |  Train Loss: 0.0789 | Train Acc. 97.3429% | Test Loss: 0.1091 | Test Acc. 96.6429%
Adas on CRC_transformed: T 1/1 | E 116/250 Ended | E Time: 33.497s | ~Time Left: 4488.663s |  Train Loss: 0.0838 | Train Acc. 97.0000% | Test Loss: 0.0915 | Test Acc. 96.7857%
Adas on CRC_transformed: T 1/1 | E 117/250 Ended | E Time: 33.416s | ~Time Left: 4444.319s |  Train Loss: 0.0803 | Train Acc. 97.4286% | Test Loss: 0.1083 | Test Acc. 96.4286%
Adas on CRC_transformed: T 1/1 | E 118/250 Ended | E Time: 33.209s | ~Time Left: 4383.548s |  Train Loss: 0.0789 | Train Acc. 97.2857% | Test Loss: 0.0836 | Test Acc. 96.9286%
Adas on CRC_transformed: T 1/1 | E 119/250 Ended | E Time: 33.155s | ~Time Left: 4343.357s |  Train Loss: 0.0838 | Train Acc. 97.1286% | Test Loss: 0.1784 | Test Acc. 93.7857%
Adas on CRC_transformed: T 1/1 | E 120/250 Ended | E Time: 33.009s | ~Time Left: 4291.112s |  Train Loss: 0.0826 | Train Acc. 97.0857% | Test Loss: 0.1826 | Test Acc. 93.8571%
Adas on CRC_transformed: T 1/1 | E 121/250 Ended | E Time: 33.293s | ~Time Left: 4294.846s |  Train Loss: 0.0719 | Train Acc. 97.7286% | Test Loss: 0.0910 | Test Acc. 96.9286%
Adas on CRC_transformed: T 1/1 | E 122/250 Ended | E Time: 32.864s | ~Time Left: 4206.552s |  Train Loss: 0.0771 | Train Acc. 97.2857% | Test Loss: 0.1233 | Test Acc. 95.5714%
Adas on CRC_transformed: T 1/1 | E 123/250 Ended | E Time: 33.406s | ~Time Left: 4242.624s |  Train Loss: 0.0753 | Train Acc. 97.5429% | Test Loss: 0.2311 | Test Acc. 93.1429%
Adas on CRC_transformed: T 1/1 | E 124/250 Ended | E Time: 33.246s | ~Time Left: 4188.935s |  Train Loss: 0.0712 | Train Acc. 97.3286% | Test Loss: 0.1086 | Test Acc. 95.9286%
Adas on CRC_transformed: T 1/1 | E 125/250 Ended | E Time: 33.253s | ~Time Left: 4156.644s |  Train Loss: 0.0733 | Train Acc. 97.5429% | Test Loss: 0.1051 | Test Acc. 96.6429%
Adas on CRC_transformed: T 1/1 | E 126/250 Ended | E Time: 33.530s | ~Time Left: 4157.672s |  Train Loss: 0.0651 | Train Acc. 97.7286% | Test Loss: 0.0952 | Test Acc. 96.9286%
Adas on CRC_transformed: T 1/1 | E 127/250 Ended | E Time: 33.071s | ~Time Left: 4067.710s |  Train Loss: 0.0668 | Train Acc. 97.7714% | Test Loss: 0.1397 | Test Acc. 95.0714%
Adas on CRC_transformed: T 1/1 | E 128/250 Ended | E Time: 33.442s | ~Time Left: 4079.887s |  Train Loss: 0.0639 | Train Acc. 97.8571% | Test Loss: 0.0822 | Test Acc. 97.0714%
Adas on CRC_transformed: T 1/1 | E 129/250 Ended | E Time: 33.874s | ~Time Left: 4098.797s |  Train Loss: 0.0609 | Train Acc. 98.0000% | Test Loss: 0.0940 | Test Acc. 97.0714%
Adas on CRC_transformed: T 1/1 | E 130/250 Ended | E Time: 33.249s | ~Time Left: 3989.835s |  Train Loss: 0.0640 | Train Acc. 97.9857% | Test Loss: 0.1090 | Test Acc. 96.5000%
Adas on CRC_transformed: T 1/1 | E 131/250 Ended | E Time: 33.452s | ~Time Left: 3980.816s |  Train Loss: 0.0641 | Train Acc. 97.6143% | Test Loss: 0.1018 | Test Acc. 96.2143%
Adas on CRC_transformed: T 1/1 | E 132/250 Ended | E Time: 33.115s | ~Time Left: 3907.563s |  Train Loss: 0.0630 | Train Acc. 97.7000% | Test Loss: 0.1065 | Test Acc. 96.4286%
Adas on CRC_transformed: T 1/1 | E 133/250 Ended | E Time: 33.377s | ~Time Left: 3905.143s |  Train Loss: 0.0677 | Train Acc. 97.6571% | Test Loss: 0.1607 | Test Acc. 94.5000%
Adas on CRC_transformed: T 1/1 | E 134/250 Ended | E Time: 33.576s | ~Time Left: 3894.776s |  Train Loss: 0.0666 | Train Acc. 97.5143% | Test Loss: 0.1125 | Test Acc. 96.2857%
Adas on CRC_transformed: T 1/1 | E 135/250 Ended | E Time: 33.097s | ~Time Left: 3806.153s |  Train Loss: 0.0609 | Train Acc. 98.0000% | Test Loss: 0.1466 | Test Acc. 95.1429%
Adas on CRC_transformed: T 1/1 | E 136/250 Ended | E Time: 33.145s | ~Time Left: 3778.558s |  Train Loss: 0.0541 | Train Acc. 98.2714% | Test Loss: 0.1105 | Test Acc. 96.0000%
Adas on CRC_transformed: T 1/1 | E 137/250 Ended | E Time: 33.270s | ~Time Left: 3759.509s |  Train Loss: 0.0520 | Train Acc. 98.2429% | Test Loss: 0.1191 | Test Acc. 95.4286%
Adas on CRC_transformed: T 1/1 | E 138/250 Ended | E Time: 33.229s | ~Time Left: 3721.674s |  Train Loss: 0.0523 | Train Acc. 98.3429% | Test Loss: 0.1052 | Test Acc. 96.4286%
Adas on CRC_transformed: T 1/1 | E 139/250 Ended | E Time: 33.009s | ~Time Left: 3663.945s |  Train Loss: 0.0612 | Train Acc. 98.0714% | Test Loss: 0.0985 | Test Acc. 96.3571%
Adas on CRC_transformed: T 1/1 | E 140/250 Ended | E Time: 33.040s | ~Time Left: 3634.368s |  Train Loss: 0.0473 | Train Acc. 98.4000% | Test Loss: 0.0870 | Test Acc. 97.0714%
Adas on CRC_transformed: T 1/1 | E 141/250 Ended | E Time: 33.088s | ~Time Left: 3606.641s |  Train Loss: 0.0465 | Train Acc. 98.5714% | Test Loss: 0.0978 | Test Acc. 96.5714%
Adas on CRC_transformed: T 1/1 | E 142/250 Ended | E Time: 33.072s | ~Time Left: 3571.821s |  Train Loss: 0.0504 | Train Acc. 98.2429% | Test Loss: 0.1007 | Test Acc. 96.4286%
Adas on CRC_transformed: T 1/1 | E 143/250 Ended | E Time: 33.497s | ~Time Left: 3584.233s |  Train Loss: 0.0468 | Train Acc. 98.4286% | Test Loss: 0.1281 | Test Acc. 95.2143%
Adas on CRC_transformed: T 1/1 | E 144/250 Ended | E Time: 33.274s | ~Time Left: 3527.047s |  Train Loss: 0.0500 | Train Acc. 98.4286% | Test Loss: 0.0942 | Test Acc. 97.0000%
Adas on CRC_transformed: T 1/1 | E 145/250 Ended | E Time: 33.383s | ~Time Left: 3505.171s |  Train Loss: 0.0515 | Train Acc. 98.1714% | Test Loss: 0.0987 | Test Acc. 97.0000%
Adas on CRC_transformed: T 1/1 | E 146/250 Ended | E Time: 33.145s | ~Time Left: 3447.055s |  Train Loss: 0.0428 | Train Acc. 98.6571% | Test Loss: 0.0814 | Test Acc. 97.5714%
Adas on CRC_transformed: T 1/1 | E 147/250 Ended | E Time: 32.969s | ~Time Left: 3395.850s |  Train Loss: 0.0422 | Train Acc. 98.5286% | Test Loss: 0.0736 | Test Acc. 97.4286%
Adas on CRC_transformed: T 1/1 | E 148/250 Ended | E Time: 33.350s | ~Time Left: 3401.694s |  Train Loss: 0.0517 | Train Acc. 98.1000% | Test Loss: 0.1057 | Test Acc. 96.5714%
Adas on CRC_transformed: T 1/1 | E 149/250 Ended | E Time: 33.011s | ~Time Left: 3334.093s |  Train Loss: 0.0481 | Train Acc. 98.6429% | Test Loss: 0.0775 | Test Acc. 97.2857%
Adas on CRC_transformed: T 1/1 | E 150/250 Ended | E Time: 33.270s | ~Time Left: 3327.028s |  Train Loss: 0.0489 | Train Acc. 98.4571% | Test Loss: 0.0989 | Test Acc. 96.5000%
Adas on CRC_transformed: T 1/1 | E 151/250 Ended | E Time: 33.294s | ~Time Left: 3296.134s |  Train Loss: 0.0326 | Train Acc. 98.9429% | Test Loss: 0.0810 | Test Acc. 97.0714%
Adas on CRC_transformed: T 1/1 | E 152/250 Ended | E Time: 33.375s | ~Time Left: 3270.711s |  Train Loss: 0.0378 | Train Acc. 98.6000% | Test Loss: 0.1162 | Test Acc. 96.0000%
Adas on CRC_transformed: T 1/1 | E 153/250 Ended | E Time: 33.232s | ~Time Left: 3223.515s |  Train Loss: 0.0407 | Train Acc. 98.6000% | Test Loss: 0.1677 | Test Acc. 95.0000%
Adas on CRC_transformed: T 1/1 | E 154/250 Ended | E Time: 33.192s | ~Time Left: 3186.436s |  Train Loss: 0.0371 | Train Acc. 98.9000% | Test Loss: 0.0817 | Test Acc. 97.2857%
Adas on CRC_transformed: T 1/1 | E 155/250 Ended | E Time: 33.214s | ~Time Left: 3155.368s |  Train Loss: 0.0419 | Train Acc. 98.5571% | Test Loss: 0.0838 | Test Acc. 96.9286%
Adas on CRC_transformed: T 1/1 | E 156/250 Ended | E Time: 33.085s | ~Time Left: 3109.964s |  Train Loss: 0.0359 | Train Acc. 98.7857% | Test Loss: 0.0740 | Test Acc. 97.0000%
Adas on CRC_transformed: T 1/1 | E 157/250 Ended | E Time: 33.406s | ~Time Left: 3106.752s |  Train Loss: 0.0336 | Train Acc. 98.9286% | Test Loss: 0.0938 | Test Acc. 96.7143%
Adas on CRC_transformed: T 1/1 | E 158/250 Ended | E Time: 33.149s | ~Time Left: 3049.710s |  Train Loss: 0.0281 | Train Acc. 99.2000% | Test Loss: 0.1003 | Test Acc. 96.8571%
Adas on CRC_transformed: T 1/1 | E 159/250 Ended | E Time: 33.657s | ~Time Left: 3062.750s |  Train Loss: 0.0342 | Train Acc. 98.7857% | Test Loss: 0.0693 | Test Acc. 97.4286%
Adas on CRC_transformed: T 1/1 | E 160/250 Ended | E Time: 33.383s | ~Time Left: 3004.466s |  Train Loss: 0.0253 | Train Acc. 99.2286% | Test Loss: 0.0783 | Test Acc. 97.0714%
Adas on CRC_transformed: T 1/1 | E 161/250 Ended | E Time: 33.229s | ~Time Left: 2957.392s |  Train Loss: 0.0316 | Train Acc. 99.0857% | Test Loss: 0.0731 | Test Acc. 97.5000%
Adas on CRC_transformed: T 1/1 | E 162/250 Ended | E Time: 33.211s | ~Time Left: 2922.599s |  Train Loss: 0.0291 | Train Acc. 99.0000% | Test Loss: 0.0651 | Test Acc. 97.7857%
Adas on CRC_transformed: T 1/1 | E 163/250 Ended | E Time: 33.101s | ~Time Left: 2879.748s |  Train Loss: 0.0318 | Train Acc. 98.9143% | Test Loss: 0.0819 | Test Acc. 96.7857%
Adas on CRC_transformed: T 1/1 | E 164/250 Ended | E Time: 33.651s | ~Time Left: 2893.969s |  Train Loss: 0.0323 | Train Acc. 98.8857% | Test Loss: 0.0943 | Test Acc. 96.7857%
Adas on CRC_transformed: T 1/1 | E 165/250 Ended | E Time: 33.270s | ~Time Left: 2827.933s |  Train Loss: 0.0243 | Train Acc. 99.2857% | Test Loss: 0.0773 | Test Acc. 97.5000%
Adas on CRC_transformed: T 1/1 | E 166/250 Ended | E Time: 33.393s | ~Time Left: 2805.005s |  Train Loss: 0.0250 | Train Acc. 99.1143% | Test Loss: 0.0742 | Test Acc. 97.6429%
Adas on CRC_transformed: T 1/1 | E 167/250 Ended | E Time: 33.384s | ~Time Left: 2770.902s |  Train Loss: 0.0262 | Train Acc. 99.1286% | Test Loss: 0.0904 | Test Acc. 97.1429%
Adas on CRC_transformed: T 1/1 | E 168/250 Ended | E Time: 33.512s | ~Time Left: 2748.001s |  Train Loss: 0.0311 | Train Acc. 99.0429% | Test Loss: 0.1078 | Test Acc. 96.5000%
Adas on CRC_transformed: T 1/1 | E 169/250 Ended | E Time: 35.118s | ~Time Left: 2844.572s |  Train Loss: 0.0253 | Train Acc. 99.3000% | Test Loss: 0.0956 | Test Acc. 97.0714%
Adas on CRC_transformed: T 1/1 | E 170/250 Ended | E Time: 32.999s | ~Time Left: 2639.892s |  Train Loss: 0.0252 | Train Acc. 99.2429% | Test Loss: 0.0832 | Test Acc. 96.7143%
Adas on CRC_transformed: T 1/1 | E 171/250 Ended | E Time: 33.375s | ~Time Left: 2636.652s |  Train Loss: 0.0310 | Train Acc. 98.9714% | Test Loss: 0.0923 | Test Acc. 96.8571%
Adas on CRC_transformed: T 1/1 | E 172/250 Ended | E Time: 33.430s | ~Time Left: 2607.522s |  Train Loss: 0.0258 | Train Acc. 99.0857% | Test Loss: 0.1229 | Test Acc. 95.7857%
Adas on CRC_transformed: T 1/1 | E 173/250 Ended | E Time: 33.116s | ~Time Left: 2549.902s |  Train Loss: 0.0222 | Train Acc. 99.2714% | Test Loss: 0.0740 | Test Acc. 97.5000%
Adas on CRC_transformed: T 1/1 | E 174/250 Ended | E Time: 33.228s | ~Time Left: 2525.296s |  Train Loss: 0.0205 | Train Acc. 99.3429% | Test Loss: 0.0619 | Test Acc. 97.9286%
Adas on CRC_transformed: T 1/1 | E 175/250 Ended | E Time: 33.226s | ~Time Left: 2491.942s |  Train Loss: 0.0280 | Train Acc. 99.0857% | Test Loss: 0.0906 | Test Acc. 97.0000%
Adas on CRC_transformed: T 1/1 | E 176/250 Ended | E Time: 34.028s | ~Time Left: 2518.108s |  Train Loss: 0.0236 | Train Acc. 99.1857% | Test Loss: 0.0607 | Test Acc. 97.5714%
Adas on CRC_transformed: T 1/1 | E 177/250 Ended | E Time: 33.327s | ~Time Left: 2432.859s |  Train Loss: 0.0193 | Train Acc. 99.5571% | Test Loss: 0.0676 | Test Acc. 97.2143%
Adas on CRC_transformed: T 1/1 | E 178/250 Ended | E Time: 34.621s | ~Time Left: 2492.690s |  Train Loss: 0.0153 | Train Acc. 99.6571% | Test Loss: 0.0770 | Test Acc. 97.5714%
Adas on CRC_transformed: T 1/1 | E 179/250 Ended | E Time: 33.456s | ~Time Left: 2375.370s |  Train Loss: 0.0158 | Train Acc. 99.4714% | Test Loss: 0.0696 | Test Acc. 97.7143%
Adas on CRC_transformed: T 1/1 | E 180/250 Ended | E Time: 32.917s | ~Time Left: 2304.163s |  Train Loss: 0.0173 | Train Acc. 99.3714% | Test Loss: 0.0766 | Test Acc. 97.4286%
Adas on CRC_transformed: T 1/1 | E 181/250 Ended | E Time: 33.313s | ~Time Left: 2298.578s |  Train Loss: 0.0172 | Train Acc. 99.5286% | Test Loss: 0.0682 | Test Acc. 97.8571%
Adas on CRC_transformed: T 1/1 | E 182/250 Ended | E Time: 33.150s | ~Time Left: 2254.221s |  Train Loss: 0.0133 | Train Acc. 99.6143% | Test Loss: 0.0654 | Test Acc. 97.7857%
Adas on CRC_transformed: T 1/1 | E 183/250 Ended | E Time: 33.720s | ~Time Left: 2259.237s |  Train Loss: 0.0156 | Train Acc. 99.5429% | Test Loss: 0.0830 | Test Acc. 97.2857%
Adas on CRC_transformed: T 1/1 | E 184/250 Ended | E Time: 33.285s | ~Time Left: 2196.794s |  Train Loss: 0.0152 | Train Acc. 99.4857% | Test Loss: 0.0686 | Test Acc. 97.5000%
Adas on CRC_transformed: T 1/1 | E 185/250 Ended | E Time: 33.454s | ~Time Left: 2174.531s |  Train Loss: 0.0207 | Train Acc. 99.3571% | Test Loss: 0.0719 | Test Acc. 97.8571%
Adas on CRC_transformed: T 1/1 | E 186/250 Ended | E Time: 34.115s | ~Time Left: 2183.331s |  Train Loss: 0.0147 | Train Acc. 99.6429% | Test Loss: 0.0718 | Test Acc. 97.3571%
Adas on CRC_transformed: T 1/1 | E 187/250 Ended | E Time: 32.957s | ~Time Left: 2076.269s |  Train Loss: 0.0193 | Train Acc. 99.3714% | Test Loss: 0.0729 | Test Acc. 97.4286%
Adas on CRC_transformed: T 1/1 | E 188/250 Ended | E Time: 33.835s | ~Time Left: 2097.743s |  Train Loss: 0.0126 | Train Acc. 99.6857% | Test Loss: 0.0620 | Test Acc. 98.0714%
Adas on CRC_transformed: T 1/1 | E 189/250 Ended | E Time: 33.130s | ~Time Left: 2020.916s |  Train Loss: 0.0121 | Train Acc. 99.6571% | Test Loss: 0.0545 | Test Acc. 98.0714%
Adas on CRC_transformed: T 1/1 | E 190/250 Ended | E Time: 33.525s | ~Time Left: 2011.517s |  Train Loss: 0.0142 | Train Acc. 99.6000% | Test Loss: 0.0985 | Test Acc. 96.7857%
Adas on CRC_transformed: T 1/1 | E 191/250 Ended | E Time: 33.475s | ~Time Left: 1975.015s |  Train Loss: 0.0120 | Train Acc. 99.6429% | Test Loss: 0.0617 | Test Acc. 97.8571%
Adas on CRC_transformed: T 1/1 | E 192/250 Ended | E Time: 33.970s | ~Time Left: 1970.285s |  Train Loss: 0.0129 | Train Acc. 99.6429% | Test Loss: 0.0538 | Test Acc. 98.2143%
Adas on CRC_transformed: T 1/1 | E 193/250 Ended | E Time: 33.091s | ~Time Left: 1886.215s |  Train Loss: 0.0129 | Train Acc. 99.6714% | Test Loss: 0.0641 | Test Acc. 97.7143%
Adas on CRC_transformed: T 1/1 | E 194/250 Ended | E Time: 33.227s | ~Time Left: 1860.693s |  Train Loss: 0.0139 | Train Acc. 99.5571% | Test Loss: 0.0743 | Test Acc. 97.7143%
Adas on CRC_transformed: T 1/1 | E 195/250 Ended | E Time: 33.470s | ~Time Left: 1840.851s |  Train Loss: 0.0116 | Train Acc. 99.7143% | Test Loss: 0.0666 | Test Acc. 98.0714%
Adas on CRC_transformed: T 1/1 | E 196/250 Ended | E Time: 33.288s | ~Time Left: 1797.537s |  Train Loss: 0.0123 | Train Acc. 99.6286% | Test Loss: 0.0649 | Test Acc. 98.0714%
Adas on CRC_transformed: T 1/1 | E 197/250 Ended | E Time: 33.360s | ~Time Left: 1768.058s |  Train Loss: 0.0089 | Train Acc. 99.8143% | Test Loss: 0.0524 | Test Acc. 98.2857%
Adas on CRC_transformed: T 1/1 | E 198/250 Ended | E Time: 35.035s | ~Time Left: 1821.797s |  Train Loss: 0.0092 | Train Acc. 99.8429% | Test Loss: 0.0737 | Test Acc. 97.8571%
Adas on CRC_transformed: T 1/1 | E 199/250 Ended | E Time: 33.442s | ~Time Left: 1705.536s |  Train Loss: 0.0076 | Train Acc. 99.8714% | Test Loss: 0.0611 | Test Acc. 98.3571%
Adas on CRC_transformed: T 1/1 | E 200/250 Ended | E Time: 33.353s | ~Time Left: 1667.634s |  Train Loss: 0.0086 | Train Acc. 99.8286% | Test Loss: 0.0558 | Test Acc. 98.2143%
Adas on CRC_transformed: T 1/1 | E 201/250 Ended | E Time: 33.324s | ~Time Left: 1632.877s |  Train Loss: 0.0078 | Train Acc. 99.8000% | Test Loss: 0.0511 | Test Acc. 98.2857%
Adas on CRC_transformed: T 1/1 | E 202/250 Ended | E Time: 33.260s | ~Time Left: 1596.498s |  Train Loss: 0.0130 | Train Acc. 99.7143% | Test Loss: 0.0656 | Test Acc. 97.9286%
Adas on CRC_transformed: T 1/1 | E 203/250 Ended | E Time: 32.877s | ~Time Left: 1545.210s |  Train Loss: 0.0091 | Train Acc. 99.7857% | Test Loss: 0.0624 | Test Acc. 97.8571%
Adas on CRC_transformed: T 1/1 | E 204/250 Ended | E Time: 33.331s | ~Time Left: 1533.241s |  Train Loss: 0.0077 | Train Acc. 99.8000% | Test Loss: 0.0655 | Test Acc. 98.1429%
Adas on CRC_transformed: T 1/1 | E 205/250 Ended | E Time: 33.694s | ~Time Left: 1516.215s |  Train Loss: 0.0091 | Train Acc. 99.7857% | Test Loss: 0.0544 | Test Acc. 98.0714%
Adas on CRC_transformed: T 1/1 | E 206/250 Ended | E Time: 33.433s | ~Time Left: 1471.073s |  Train Loss: 0.0077 | Train Acc. 99.8286% | Test Loss: 0.0547 | Test Acc. 98.5714%
Adas on CRC_transformed: T 1/1 | E 207/250 Ended | E Time: 33.639s | ~Time Left: 1446.457s |  Train Loss: 0.0083 | Train Acc. 99.7286% | Test Loss: 0.0506 | Test Acc. 98.2857%
Adas on CRC_transformed: T 1/1 | E 208/250 Ended | E Time: 33.367s | ~Time Left: 1401.415s |  Train Loss: 0.0081 | Train Acc. 99.7857% | Test Loss: 0.0662 | Test Acc. 97.9286%
Adas on CRC_transformed: T 1/1 | E 209/250 Ended | E Time: 33.268s | ~Time Left: 1364.008s |  Train Loss: 0.0086 | Train Acc. 99.7714% | Test Loss: 0.0496 | Test Acc. 98.7143%
Adas on CRC_transformed: T 1/1 | E 210/250 Ended | E Time: 33.190s | ~Time Left: 1327.612s |  Train Loss: 0.0060 | Train Acc. 99.9143% | Test Loss: 0.0563 | Test Acc. 98.2857%
Adas on CRC_transformed: T 1/1 | E 211/250 Ended | E Time: 33.351s | ~Time Left: 1300.680s |  Train Loss: 0.0054 | Train Acc. 99.9000% | Test Loss: 0.0568 | Test Acc. 98.2143%
Adas on CRC_transformed: T 1/1 | E 212/250 Ended | E Time: 33.205s | ~Time Left: 1261.782s |  Train Loss: 0.0069 | Train Acc. 99.9000% | Test Loss: 0.0715 | Test Acc. 98.0000%
Adas on CRC_transformed: T 1/1 | E 213/250 Ended | E Time: 33.236s | ~Time Left: 1229.716s |  Train Loss: 0.0079 | Train Acc. 99.8143% | Test Loss: 0.0589 | Test Acc. 98.3571%
Adas on CRC_transformed: T 1/1 | E 214/250 Ended | E Time: 34.085s | ~Time Left: 1227.065s |  Train Loss: 0.0072 | Train Acc. 99.8000% | Test Loss: 0.0595 | Test Acc. 98.0000%
Adas on CRC_transformed: T 1/1 | E 215/250 Ended | E Time: 33.040s | ~Time Left: 1156.395s |  Train Loss: 0.0083 | Train Acc. 99.7714% | Test Loss: 0.0655 | Test Acc. 98.0000%
Adas on CRC_transformed: T 1/1 | E 216/250 Ended | E Time: 33.215s | ~Time Left: 1129.308s |  Train Loss: 0.0067 | Train Acc. 99.8429% | Test Loss: 0.0622 | Test Acc. 97.9286%
Adas on CRC_transformed: T 1/1 | E 217/250 Ended | E Time: 33.539s | ~Time Left: 1106.803s |  Train Loss: 0.0067 | Train Acc. 99.8429% | Test Loss: 0.0525 | Test Acc. 98.1429%
Adas on CRC_transformed: T 1/1 | E 218/250 Ended | E Time: 32.989s | ~Time Left: 1055.639s |  Train Loss: 0.0055 | Train Acc. 99.9143% | Test Loss: 0.0536 | Test Acc. 98.0714%
Adas on CRC_transformed: T 1/1 | E 219/250 Ended | E Time: 33.416s | ~Time Left: 1035.893s |  Train Loss: 0.0063 | Train Acc. 99.8429% | Test Loss: 0.0601 | Test Acc. 98.0714%
Adas on CRC_transformed: T 1/1 | E 220/250 Ended | E Time: 33.257s | ~Time Left: 997.709s |  Train Loss: 0.0063 | Train Acc. 99.8571% | Test Loss: 0.0560 | Test Acc. 98.1429%
Adas on CRC_transformed: T 1/1 | E 221/250 Ended | E Time: 33.368s | ~Time Left: 967.668s |  Train Loss: 0.0050 | Train Acc. 99.9000% | Test Loss: 0.0621 | Test Acc. 98.0714%
Adas on CRC_transformed: T 1/1 | E 222/250 Ended | E Time: 33.147s | ~Time Left: 928.109s |  Train Loss: 0.0052 | Train Acc. 99.9000% | Test Loss: 0.0537 | Test Acc. 98.2857%
Adas on CRC_transformed: T 1/1 | E 223/250 Ended | E Time: 33.288s | ~Time Left: 898.771s |  Train Loss: 0.0051 | Train Acc. 99.9000% | Test Loss: 0.0591 | Test Acc. 98.0714%
Adas on CRC_transformed: T 1/1 | E 224/250 Ended | E Time: 32.985s | ~Time Left: 857.610s |  Train Loss: 0.0050 | Train Acc. 99.9429% | Test Loss: 0.0517 | Test Acc. 98.2143%
Adas on CRC_transformed: T 1/1 | E 225/250 Ended | E Time: 33.219s | ~Time Left: 830.465s |  Train Loss: 0.0050 | Train Acc. 99.8571% | Test Loss: 0.0543 | Test Acc. 98.0714%
Adas on CRC_transformed: T 1/1 | E 226/250 Ended | E Time: 32.994s | ~Time Left: 791.861s |  Train Loss: 0.0049 | Train Acc. 99.9000% | Test Loss: 0.0511 | Test Acc. 98.4286%
Adas on CRC_transformed: T 1/1 | E 227/250 Ended | E Time: 33.337s | ~Time Left: 766.762s |  Train Loss: 0.0045 | Train Acc. 99.9286% | Test Loss: 0.0511 | Test Acc. 98.5000%
Adas on CRC_transformed: T 1/1 | E 228/250 Ended | E Time: 33.725s | ~Time Left: 741.960s |  Train Loss: 0.0053 | Train Acc. 99.9000% | Test Loss: 0.0511 | Test Acc. 98.4286%
Adas on CRC_transformed: T 1/1 | E 229/250 Ended | E Time: 32.944s | ~Time Left: 691.827s |  Train Loss: 0.0040 | Train Acc. 99.9714% | Test Loss: 0.0557 | Test Acc. 98.2857%
Adas on CRC_transformed: T 1/1 | E 230/250 Ended | E Time: 34.508s | ~Time Left: 690.164s |  Train Loss: 0.0040 | Train Acc. 99.9429% | Test Loss: 0.0443 | Test Acc. 98.7857%
Adas on CRC_transformed: T 1/1 | E 231/250 Ended | E Time: 33.055s | ~Time Left: 628.049s |  Train Loss: 0.0037 | Train Acc. 99.9571% | Test Loss: 0.0518 | Test Acc. 98.3571%
Adas on CRC_transformed: T 1/1 | E 232/250 Ended | E Time: 33.709s | ~Time Left: 606.765s |  Train Loss: 0.0047 | Train Acc. 99.9143% | Test Loss: 0.0503 | Test Acc. 98.2143%
Adas on CRC_transformed: T 1/1 | E 233/250 Ended | E Time: 32.966s | ~Time Left: 560.416s |  Train Loss: 0.0039 | Train Acc. 99.9429% | Test Loss: 0.0598 | Test Acc. 98.4286%
Adas on CRC_transformed: T 1/1 | E 234/250 Ended | E Time: 33.913s | ~Time Left: 542.611s |  Train Loss: 0.0036 | Train Acc. 99.9571% | Test Loss: 0.0475 | Test Acc. 98.5000%
Adas on CRC_transformed: T 1/1 | E 235/250 Ended | E Time: 32.965s | ~Time Left: 494.470s |  Train Loss: 0.0037 | Train Acc. 99.9286% | Test Loss: 0.0496 | Test Acc. 98.1429%
Adas on CRC_transformed: T 1/1 | E 236/250 Ended | E Time: 33.492s | ~Time Left: 468.892s |  Train Loss: 0.0043 | Train Acc. 99.9143% | Test Loss: 0.0544 | Test Acc. 98.4286%
Adas on CRC_transformed: T 1/1 | E 237/250 Ended | E Time: 33.445s | ~Time Left: 434.785s |  Train Loss: 0.0031 | Train Acc. 99.9571% | Test Loss: 0.0524 | Test Acc. 98.2857%
Adas on CRC_transformed: T 1/1 | E 238/250 Ended | E Time: 33.143s | ~Time Left: 397.713s |  Train Loss: 0.0033 | Train Acc. 99.9571% | Test Loss: 0.0501 | Test Acc. 98.7143%
Adas on CRC_transformed: T 1/1 | E 239/250 Ended | E Time: 33.151s | ~Time Left: 364.663s |  Train Loss: 0.0032 | Train Acc. 99.9571% | Test Loss: 0.0566 | Test Acc. 98.0000%
Adas on CRC_transformed: T 1/1 | E 240/250 Ended | E Time: 33.251s | ~Time Left: 332.513s |  Train Loss: 0.0046 | Train Acc. 99.8571% | Test Loss: 0.0474 | Test Acc. 98.5714%
Adas on CRC_transformed: T 1/1 | E 241/250 Ended | E Time: 34.065s | ~Time Left: 306.581s |  Train Loss: 0.0041 | Train Acc. 99.9143% | Test Loss: 0.0573 | Test Acc. 98.3571%
Adas on CRC_transformed: T 1/1 | E 242/250 Ended | E Time: 33.312s | ~Time Left: 266.498s |  Train Loss: 0.0033 | Train Acc. 99.9857% | Test Loss: 0.0519 | Test Acc. 98.3571%
Adas on CRC_transformed: T 1/1 | E 243/250 Ended | E Time: 33.486s | ~Time Left: 234.405s |  Train Loss: 0.0043 | Train Acc. 99.9429% | Test Loss: 0.0602 | Test Acc. 98.2857%
Adas on CRC_transformed: T 1/1 | E 244/250 Ended | E Time: 33.492s | ~Time Left: 200.954s |  Train Loss: 0.0040 | Train Acc. 99.9000% | Test Loss: 0.0525 | Test Acc. 98.2143%
Adas on CRC_transformed: T 1/1 | E 245/250 Ended | E Time: 32.970s | ~Time Left: 164.851s |  Train Loss: 0.0034 | Train Acc. 99.9286% | Test Loss: 0.0458 | Test Acc. 98.6429%
Adas on CRC_transformed: T 1/1 | E 246/250 Ended | E Time: 33.142s | ~Time Left: 132.568s |  Train Loss: 0.0034 | Train Acc. 99.9571% | Test Loss: 0.0588 | Test Acc. 97.9286%
Adas on CRC_transformed: T 1/1 | E 247/250 Ended | E Time: 33.192s | ~Time Left: 99.575s |  Train Loss: 0.0045 | Train Acc. 99.9286% | Test Loss: 0.0549 | Test Acc. 98.2857%
Adas on CRC_transformed: T 1/1 | E 248/250 Ended | E Time: 34.479s | ~Time Left: 68.958s |  Train Loss: 0.0033 | Train Acc. 99.9429% | Test Loss: 0.0469 | Test Acc. 98.2857%
Adas on CRC_transformed: T 1/1 | E 249/250 Ended | E Time: 33.079s | ~Time Left: 33.079s |  Train Loss: 0.0033 | Train Acc. 99.9429% | Test Loss: 0.0585 | Test Acc. 98.0714%
Adas on CRC_transformed: T 1/1 | E 250/250 Ended | E Time: 33.532s | ~Time Left: 0.000s |  Train Loss: 0.0031 | Train Acc. 99.9571% | Test Loss: 0.0532 | Test Acc. 98.5000%
