transferring data

Finished transferring

Adas: Argument Parser Options
---------------------------------------------
    config              : src/adas/HistoKTconfigs/CRC_transformed-configAdas.yaml
    data                : /localscratch/zhan8425.4634971.0        
    output              : .Adas-output/CRC_transformed            
    checkpoint          : .Adas-checkpoint/CRC_transformed        
    resume              : None                                    
    root                : .                                       
    save_freq           : 25                                      
    cpu                 : 0                                       
    gpu                 : 0                                       
    mpd                 : 0                                       
    dist_url            : tcp://127.0.0.1:23456                   
    dist_backend        : nccl                                    
    world_size          : -1                                      
    rank                : -1                                      
---------------------------------------------
Adas: Notice: early stop will not be used as it was set to -1.0, training till completion
Adas: Experiment Configuration
---------------------------------------------
    dataset              CRC_transformed     
    network              ResNet18            
    optimizer            Adas                
    scheduler            None                
    level                L3Only              
    color_kwargs         {'augmentation': 'Color-Distortion', 'distortion': 0.3}
    degree_of_rotation   45                  
    vertical_flipping    0.5                 
    horizontal_flipping  0.5                 
    horizontal_shift     0.1                 
    vertical_shift       0.1                 
    gaussian_blur        0                   
    kernel_size          9                   
    variance             0.1                 
    cutout               0                   
    n_holes              1                   
    cutout_length        16                  
    init_lr              0.03                
    early_stop_threshold -1.0                
    optimizer_kwargs     {'momentum': 0.9, 'weight_decay': 0.0005, 'beta': 0.98, 'linear': 0.0, 'gamma': 0.5, 'step_size': 25.0}
    scheduler_kwargs     {}
    p                    1                   
    start_trial          0                   
    n_trials             1                   
    num_workers          4                   
    max_epochs           250                 
    mini_batch_size      32                  
    loss                 cross_entropy       
    early_stop_patience  10                  
---------------------------------------------
Adas: Pytorch device is set to cuda
Adas on CRC_transformed: T 1/1 | E 1/250 Ended | E Time: 284.532s | ~Time Left: 70848.414s |  Train Loss: 0.9276 | Train Acc. 64.5541% | Test Loss: 0.6897 | Test Acc. 70.7953%
Adas on CRC_transformed: T 1/1 | E 2/250 Ended | E Time: 283.144s | ~Time Left: 70219.816s |  Train Loss: 0.4373 | Train Acc. 84.4460% | Test Loss: 0.5331 | Test Acc. 82.4654%
Adas on CRC_transformed: T 1/1 | E 3/250 Ended | E Time: 284.100s | ~Time Left: 70172.766s |  Train Loss: 0.3530 | Train Acc. 87.6428% | Test Loss: 1.2226 | Test Acc. 62.4089%
Adas on CRC_transformed: T 1/1 | E 4/250 Ended | E Time: 283.870s | ~Time Left: 69832.012s |  Train Loss: 0.3027 | Train Acc. 89.4900% | Test Loss: 0.3230 | Test Acc. 88.2774%
Adas on CRC_transformed: T 1/1 | E 5/250 Ended | E Time: 283.683s | ~Time Left: 69502.443s |  Train Loss: 0.3036 | Train Acc. 89.6345% | Test Loss: 0.3337 | Test Acc. 87.6798%
Adas on CRC_transformed: T 1/1 | E 6/250 Ended | E Time: 283.668s | ~Time Left: 69214.873s |  Train Loss: 0.2987 | Train Acc. 89.7133% | Test Loss: 0.3443 | Test Acc. 87.6732%
Adas on CRC_transformed: T 1/1 | E 7/250 Ended | E Time: 282.985s | ~Time Left: 68765.477s |  Train Loss: 0.2888 | Train Acc. 90.0269% | Test Loss: 0.4381 | Test Acc. 85.8015%
Adas on CRC_transformed: T 1/1 | E 8/250 Ended | E Time: 282.873s | ~Time Left: 68455.337s |  Train Loss: 0.2888 | Train Acc. 89.9432% | Test Loss: 0.2882 | Test Acc. 90.2082%
Adas on CRC_transformed: T 1/1 | E 9/250 Ended | E Time: 282.979s | ~Time Left: 68197.887s |  Train Loss: 0.2811 | Train Acc. 90.3964% | Test Loss: 0.5075 | Test Acc. 81.5065%
Adas on CRC_transformed: T 1/1 | E 10/250 Ended | E Time: 282.089s | ~Time Left: 67701.302s |  Train Loss: 0.2743 | Train Acc. 90.4670% | Test Loss: 0.3584 | Test Acc. 87.4237%
Adas on CRC_transformed: T 1/1 | E 11/250 Ended | E Time: 282.785s | ~Time Left: 67585.550s |  Train Loss: 0.2656 | Train Acc. 90.8889% | Test Loss: 0.2734 | Test Acc. 90.0506%
Adas on CRC_transformed: T 1/1 | E 12/250 Ended | E Time: 283.030s | ~Time Left: 67361.065s |  Train Loss: 0.2751 | Train Acc. 90.3389% | Test Loss: 0.5335 | Test Acc. 81.1125%
Adas on CRC_transformed: T 1/1 | E 13/250 Ended | E Time: 283.675s | ~Time Left: 67231.087s |  Train Loss: 0.2631 | Train Acc. 90.9973% | Test Loss: 1.0304 | Test Acc. 78.3936%
Adas on CRC_transformed: T 1/1 | E 14/250 Ended | E Time: 282.615s | ~Time Left: 66697.241s |  Train Loss: 0.2653 | Train Acc. 90.8709% | Test Loss: 0.5464 | Test Acc. 80.9220%
Adas on CRC_transformed: T 1/1 | E 15/250 Ended | E Time: 282.952s | ~Time Left: 66493.697s |  Train Loss: 0.2612 | Train Acc. 90.9398% | Test Loss: 0.5292 | Test Acc. 82.6886%
Adas on CRC_transformed: T 1/1 | E 16/250 Ended | E Time: 283.515s | ~Time Left: 66342.597s |  Train Loss: 0.2588 | Train Acc. 90.9579% | Test Loss: 0.6713 | Test Acc. 76.4694%
Adas on CRC_transformed: T 1/1 | E 17/250 Ended | E Time: 283.339s | ~Time Left: 66018.000s |  Train Loss: 0.2533 | Train Acc. 91.1960% | Test Loss: 0.7325 | Test Acc. 77.3429%
Adas on CRC_transformed: T 1/1 | E 18/250 Ended | E Time: 283.238s | ~Time Left: 65711.154s |  Train Loss: 0.2571 | Train Acc. 90.9448% | Test Loss: 0.3811 | Test Acc. 87.2201%
Adas on CRC_transformed: T 1/1 | E 19/250 Ended | E Time: 283.447s | ~Time Left: 65476.302s |  Train Loss: 0.2474 | Train Acc. 91.5506% | Test Loss: 0.3621 | Test Acc. 87.0427%
Adas on CRC_transformed: T 1/1 | E 20/250 Ended | E Time: 283.683s | ~Time Left: 65247.131s |  Train Loss: 0.2474 | Train Acc. 91.4965% | Test Loss: 0.4492 | Test Acc. 85.1711%
Adas on CRC_transformed: T 1/1 | E 21/250 Ended | E Time: 284.012s | ~Time Left: 65038.819s |  Train Loss: 0.2388 | Train Acc. 91.7953% | Test Loss: 0.2599 | Test Acc. 90.4183%
Adas on CRC_transformed: T 1/1 | E 22/250 Ended | E Time: 284.579s | ~Time Left: 64883.909s |  Train Loss: 0.2410 | Train Acc. 91.7690% | Test Loss: 1.2872 | Test Acc. 67.9123%
Adas on CRC_transformed: T 1/1 | E 23/250 Ended | E Time: 283.293s | ~Time Left: 64307.618s |  Train Loss: 0.2394 | Train Acc. 91.6787% | Test Loss: 0.5497 | Test Acc. 81.8809%
Adas on CRC_transformed: T 1/1 | E 24/250 Ended | E Time: 283.145s | ~Time Left: 63990.795s |  Train Loss: 0.2328 | Train Acc. 91.9234% | Test Loss: 0.3330 | Test Acc. 88.3234%
Adas on CRC_transformed: T 1/1 | E 25/250 Ended | E Time: 284.454s | ~Time Left: 64002.046s |  Train Loss: 0.2317 | Train Acc. 92.0711% | Test Loss: 0.3301 | Test Acc. 89.0064%
Adas on CRC_transformed: T 1/1 | E 26/250 Ended | E Time: 282.988s | ~Time Left: 63389.291s |  Train Loss: 0.2311 | Train Acc. 92.0514% | Test Loss: 0.2818 | Test Acc. 90.0768%
Adas on CRC_transformed: T 1/1 | E 27/250 Ended | E Time: 284.235s | ~Time Left: 63384.518s |  Train Loss: 0.2288 | Train Acc. 92.1778% | Test Loss: 0.3333 | Test Acc. 89.3413%
Adas on CRC_transformed: T 1/1 | E 28/250 Ended | E Time: 283.700s | ~Time Left: 62981.452s |  Train Loss: 0.2315 | Train Acc. 92.0875% | Test Loss: 0.2056 | Test Acc. 93.3999%
Adas on CRC_transformed: T 1/1 | E 29/250 Ended | E Time: 283.719s | ~Time Left: 62701.983s |  Train Loss: 0.2230 | Train Acc. 92.4159% | Test Loss: 0.4320 | Test Acc. 85.5585%
Adas on CRC_transformed: T 1/1 | E 30/250 Ended | E Time: 282.992s | ~Time Left: 62258.339s |  Train Loss: 0.2239 | Train Acc. 92.2764% | Test Loss: 0.4196 | Test Acc. 85.1973%
Adas on CRC_transformed: T 1/1 | E 31/250 Ended | E Time: 283.008s | ~Time Left: 61978.694s |  Train Loss: 0.2193 | Train Acc. 92.4980% | Test Loss: 0.3516 | Test Acc. 87.6995%
Adas on CRC_transformed: T 1/1 | E 32/250 Ended | E Time: 283.427s | ~Time Left: 61787.181s |  Train Loss: 0.2202 | Train Acc. 92.5670% | Test Loss: 0.3062 | Test Acc. 89.6697%
Adas on CRC_transformed: T 1/1 | E 33/250 Ended | E Time: 283.190s | ~Time Left: 61452.284s |  Train Loss: 0.2232 | Train Acc. 92.3158% | Test Loss: 0.2154 | Test Acc. 92.7103%
Adas on CRC_transformed: T 1/1 | E 34/250 Ended | E Time: 283.840s | ~Time Left: 61309.350s |  Train Loss: 0.2172 | Train Acc. 92.5522% | Test Loss: 0.2627 | Test Acc. 91.2458%
Adas on CRC_transformed: T 1/1 | E 35/250 Ended | E Time: 283.312s | ~Time Left: 60912.029s |  Train Loss: 0.2153 | Train Acc. 92.6589% | Test Loss: 0.2547 | Test Acc. 91.5807%
Adas on CRC_transformed: T 1/1 | E 36/250 Ended | E Time: 282.769s | ~Time Left: 60512.530s |  Train Loss: 0.2124 | Train Acc. 92.7213% | Test Loss: 0.5882 | Test Acc. 78.1638%
Adas on CRC_transformed: T 1/1 | E 37/250 Ended | E Time: 283.927s | ~Time Left: 60476.424s |  Train Loss: 0.2054 | Train Acc. 92.9348% | Test Loss: 0.3128 | Test Acc. 89.5843%
Adas on CRC_transformed: T 1/1 | E 38/250 Ended | E Time: 282.982s | ~Time Left: 59992.206s |  Train Loss: 0.2064 | Train Acc. 92.8855% | Test Loss: 0.3905 | Test Acc. 87.1150%
Adas on CRC_transformed: T 1/1 | E 39/250 Ended | E Time: 284.256s | ~Time Left: 59978.054s |  Train Loss: 0.2034 | Train Acc. 93.0399% | Test Loss: 0.2797 | Test Acc. 89.8667%
Adas on CRC_transformed: T 1/1 | E 40/250 Ended | E Time: 283.296s | ~Time Left: 59492.215s |  Train Loss: 0.2038 | Train Acc. 93.0431% | Test Loss: 0.2780 | Test Acc. 90.4315%
Adas on CRC_transformed: T 1/1 | E 41/250 Ended | E Time: 283.166s | ~Time Left: 59181.738s |  Train Loss: 0.2027 | Train Acc. 93.1170% | Test Loss: 0.3501 | Test Acc. 88.4087%
Adas on CRC_transformed: T 1/1 | E 42/250 Ended | E Time: 282.947s | ~Time Left: 58852.981s |  Train Loss: 0.1951 | Train Acc. 93.4750% | Test Loss: 0.1537 | Test Acc. 94.8644%
Adas on CRC_transformed: T 1/1 | E 43/250 Ended | E Time: 283.541s | ~Time Left: 58692.950s |  Train Loss: 0.1958 | Train Acc. 93.3091% | Test Loss: 0.6565 | Test Acc. 77.5136%
Adas on CRC_transformed: T 1/1 | E 44/250 Ended | E Time: 284.588s | ~Time Left: 58625.077s |  Train Loss: 0.1967 | Train Acc. 93.2402% | Test Loss: 0.1836 | Test Acc. 93.7873%
Adas on CRC_transformed: T 1/1 | E 45/250 Ended | E Time: 282.540s | ~Time Left: 57920.607s |  Train Loss: 0.1884 | Train Acc. 93.6622% | Test Loss: 0.1400 | Test Acc. 95.2781%
Adas on CRC_transformed: T 1/1 | E 46/250 Ended | E Time: 283.500s | ~Time Left: 57833.919s |  Train Loss: 0.1930 | Train Acc. 93.4027% | Test Loss: 0.3129 | Test Acc. 89.4135%
Adas on CRC_transformed: T 1/1 | E 47/250 Ended | E Time: 283.858s | ~Time Left: 57623.264s |  Train Loss: 0.1894 | Train Acc. 93.5390% | Test Loss: 0.3379 | Test Acc. 88.1264%
Adas on CRC_transformed: T 1/1 | E 48/250 Ended | E Time: 282.830s | ~Time Left: 57131.752s |  Train Loss: 0.1944 | Train Acc. 93.3748% | Test Loss: 0.4562 | Test Acc. 84.0743%
Adas on CRC_transformed: T 1/1 | E 49/250 Ended | E Time: 283.281s | ~Time Left: 56939.495s |  Train Loss: 0.1832 | Train Acc. 93.8362% | Test Loss: 0.2042 | Test Acc. 93.3145%
Adas on CRC_transformed: T 1/1 | E 50/250 Ended | E Time: 283.969s | ~Time Left: 56793.870s |  Train Loss: 0.1818 | Train Acc. 93.7590% | Test Loss: 0.1715 | Test Acc. 94.3390%
/project/6060173/zhan8425/HistoKT/src/adas/VBMF.py:286: RuntimeWarning: divide by zero encountered in log
  term1 = np.sum(z2 - np.log(z2))
/project/6060173/zhan8425/HistoKT/ENV/lib/python3.8/site-packages/scipy/optimize/optimize.py:1978: RuntimeWarning: invalid value encountered in double_scalars
  r = (xf - nfc) * (fx - ffulc)
/project/6060173/zhan8425/HistoKT/ENV/lib/python3.8/site-packages/scipy/optimize/optimize.py:1979: RuntimeWarning: invalid value encountered in double_scalars
  q = (xf - fulc) * (fx - fnfc)
/project/6060173/zhan8425/HistoKT/src/adas/optim/matrix_factorization.py:160: RuntimeWarning: divide by zero encountered in log
  term1 = np.sum(z2 - np.log(z2))
Adas on CRC_transformed: T 1/1 | E 51/250 Ended | E Time: 284.671s | ~Time Left: 56649.438s |  Train Loss: 0.1835 | Train Acc. 93.7360% | Test Loss: 0.2112 | Test Acc. 92.6446%
Adas on CRC_transformed: T 1/1 | E 52/250 Ended | E Time: 282.409s | ~Time Left: 55917.009s |  Train Loss: 0.1835 | Train Acc. 93.8313% | Test Loss: 0.2757 | Test Acc. 90.5103%
Adas on CRC_transformed: T 1/1 | E 53/250 Ended | E Time: 283.610s | ~Time Left: 55871.088s |  Train Loss: 0.1781 | Train Acc. 93.9232% | Test Loss: 0.1559 | Test Acc. 94.8972%
Adas on CRC_transformed: T 1/1 | E 54/250 Ended | E Time: 283.256s | ~Time Left: 55518.087s |  Train Loss: 0.1797 | Train Acc. 93.8247% | Test Loss: 0.2571 | Test Acc. 90.6613%
Adas on CRC_transformed: T 1/1 | E 55/250 Ended | E Time: 284.579s | ~Time Left: 55492.927s |  Train Loss: 0.1754 | Train Acc. 94.0234% | Test Loss: 0.3494 | Test Acc. 87.4696%
Adas on CRC_transformed: T 1/1 | E 56/250 Ended | E Time: 284.707s | ~Time Left: 55233.183s |  Train Loss: 0.1742 | Train Acc. 94.0776% | Test Loss: 0.2280 | Test Acc. 91.9616%
Adas on CRC_transformed: T 1/1 | E 57/250 Ended | E Time: 284.346s | ~Time Left: 54878.815s |  Train Loss: 0.1732 | Train Acc. 93.9659% | Test Loss: 0.2008 | Test Acc. 93.0190%
Adas on CRC_transformed: T 1/1 | E 58/250 Ended | E Time: 283.280s | ~Time Left: 54389.757s |  Train Loss: 0.1676 | Train Acc. 94.3468% | Test Loss: 0.3070 | Test Acc. 89.7879%
Adas on CRC_transformed: T 1/1 | E 59/250 Ended | E Time: 282.956s | ~Time Left: 54044.652s |  Train Loss: 0.1720 | Train Acc. 94.1252% | Test Loss: 0.1984 | Test Acc. 93.1109%
Adas on CRC_transformed: T 1/1 | E 60/250 Ended | E Time: 283.366s | ~Time Left: 53839.621s |  Train Loss: 0.1683 | Train Acc. 94.2779% | Test Loss: 0.2873 | Test Acc. 90.1031%
Adas on CRC_transformed: T 1/1 | E 61/250 Ended | E Time: 284.361s | ~Time Left: 53744.164s |  Train Loss: 0.1689 | Train Acc. 94.1909% | Test Loss: 0.1670 | Test Acc. 94.1288%
Adas on CRC_transformed: T 1/1 | E 62/250 Ended | E Time: 283.774s | ~Time Left: 53349.578s |  Train Loss: 0.1679 | Train Acc. 94.3239% | Test Loss: 0.1627 | Test Acc. 94.5426%
Adas on CRC_transformed: T 1/1 | E 63/250 Ended | E Time: 284.671s | ~Time Left: 53233.515s |  Train Loss: 0.1621 | Train Acc. 94.5357% | Test Loss: 0.4352 | Test Acc. 84.5866%
Adas on CRC_transformed: T 1/1 | E 64/250 Ended | E Time: 283.794s | ~Time Left: 52785.667s |  Train Loss: 0.1618 | Train Acc. 94.4158% | Test Loss: 0.3735 | Test Acc. 87.4237%
Adas on CRC_transformed: T 1/1 | E 65/250 Ended | E Time: 283.636s | ~Time Left: 52472.721s |  Train Loss: 0.1597 | Train Acc. 94.6276% | Test Loss: 0.1570 | Test Acc. 94.6017%
Adas on CRC_transformed: T 1/1 | E 66/250 Ended | E Time: 283.223s | ~Time Left: 52113.037s |  Train Loss: 0.1586 | Train Acc. 94.6884% | Test Loss: 0.2746 | Test Acc. 90.3264%
Adas on CRC_transformed: T 1/1 | E 67/250 Ended | E Time: 283.582s | ~Time Left: 51895.503s |  Train Loss: 0.1613 | Train Acc. 94.5488% | Test Loss: 0.1925 | Test Acc. 93.4458%
Adas on CRC_transformed: T 1/1 | E 68/250 Ended | E Time: 284.086s | ~Time Left: 51703.618s |  Train Loss: 0.1551 | Train Acc. 94.6818% | Test Loss: 0.2264 | Test Acc. 92.5855%
Adas on CRC_transformed: T 1/1 | E 69/250 Ended | E Time: 283.710s | ~Time Left: 51351.486s |  Train Loss: 0.1599 | Train Acc. 94.5784% | Test Loss: 0.2111 | Test Acc. 92.9139%
Adas on CRC_transformed: T 1/1 | E 70/250 Ended | E Time: 284.221s | ~Time Left: 51159.783s |  Train Loss: 0.1529 | Train Acc. 94.8017% | Test Loss: 0.3099 | Test Acc. 89.3544%
Adas on CRC_transformed: T 1/1 | E 71/250 Ended | E Time: 282.999s | ~Time Left: 50656.738s |  Train Loss: 0.1488 | Train Acc. 94.9346% | Test Loss: 0.2090 | Test Acc. 92.6578%
Adas on CRC_transformed: T 1/1 | E 72/250 Ended | E Time: 286.096s | ~Time Left: 50925.143s |  Train Loss: 0.1523 | Train Acc. 94.8017% | Test Loss: 0.1705 | Test Acc. 94.0829%
Adas on CRC_transformed: T 1/1 | E 73/250 Ended | E Time: 282.841s | ~Time Left: 50062.867s |  Train Loss: 0.1443 | Train Acc. 95.0151% | Test Loss: 0.3067 | Test Acc. 88.3759%
Adas on CRC_transformed: T 1/1 | E 74/250 Ended | E Time: 284.147s | ~Time Left: 50009.802s |  Train Loss: 0.1460 | Train Acc. 95.0512% | Test Loss: 0.1933 | Test Acc. 93.5641%
Adas on CRC_transformed: T 1/1 | E 75/250 Ended | E Time: 283.486s | ~Time Left: 49610.131s |  Train Loss: 0.1469 | Train Acc. 94.9593% | Test Loss: 0.1606 | Test Acc. 94.4703%
Adas on CRC_transformed: T 1/1 | E 76/250 Ended | E Time: 283.724s | ~Time Left: 49367.952s |  Train Loss: 0.1451 | Train Acc. 95.1284% | Test Loss: 0.2265 | Test Acc. 92.1521%
Adas on CRC_transformed: T 1/1 | E 77/250 Ended | E Time: 283.446s | ~Time Left: 49036.108s |  Train Loss: 0.1451 | Train Acc. 95.1235% | Test Loss: 0.2160 | Test Acc. 92.6643%
Adas on CRC_transformed: T 1/1 | E 78/250 Ended | E Time: 283.769s | ~Time Left: 48808.323s |  Train Loss: 0.1439 | Train Acc. 95.0972% | Test Loss: 0.1492 | Test Acc. 94.7724%
Adas on CRC_transformed: T 1/1 | E 79/250 Ended | E Time: 283.647s | ~Time Left: 48503.586s |  Train Loss: 0.1364 | Train Acc. 95.3107% | Test Loss: 0.2196 | Test Acc. 92.3885%
Adas on CRC_transformed: T 1/1 | E 80/250 Ended | E Time: 283.972s | ~Time Left: 48275.289s |  Train Loss: 0.1367 | Train Acc. 95.3829% | Test Loss: 0.1460 | Test Acc. 94.9169%
Adas on CRC_transformed: T 1/1 | E 81/250 Ended | E Time: 284.340s | ~Time Left: 48053.445s |  Train Loss: 0.1339 | Train Acc. 95.4551% | Test Loss: 0.2081 | Test Acc. 92.9008%
Adas on CRC_transformed: T 1/1 | E 82/250 Ended | E Time: 283.506s | ~Time Left: 47628.991s |  Train Loss: 0.1360 | Train Acc. 95.4322% | Test Loss: 0.3924 | Test Acc. 87.7586%
Adas on CRC_transformed: T 1/1 | E 83/250 Ended | E Time: 282.669s | ~Time Left: 47205.670s |  Train Loss: 0.1313 | Train Acc. 95.5865% | Test Loss: 0.1414 | Test Acc. 95.1533%
Adas on CRC_transformed: T 1/1 | E 84/250 Ended | E Time: 284.104s | ~Time Left: 47161.341s |  Train Loss: 0.1319 | Train Acc. 95.5372% | Test Loss: 0.2170 | Test Acc. 92.4936%
Adas on CRC_transformed: T 1/1 | E 85/250 Ended | E Time: 284.064s | ~Time Left: 46870.643s |  Train Loss: 0.1287 | Train Acc. 95.6867% | Test Loss: 0.2226 | Test Acc. 92.5855%
Adas on CRC_transformed: T 1/1 | E 86/250 Ended | E Time: 285.802s | ~Time Left: 46871.589s |  Train Loss: 0.1330 | Train Acc. 95.5537% | Test Loss: 0.1322 | Test Acc. 95.5802%
Adas on CRC_transformed: T 1/1 | E 87/250 Ended | E Time: 284.253s | ~Time Left: 46333.301s |  Train Loss: 0.1255 | Train Acc. 95.8032% | Test Loss: 0.1987 | Test Acc. 93.2291%
Adas on CRC_transformed: T 1/1 | E 88/250 Ended | E Time: 287.178s | ~Time Left: 46522.802s |  Train Loss: 0.1247 | Train Acc. 95.8492% | Test Loss: 0.3031 | Test Acc. 89.4792%
Adas on CRC_transformed: T 1/1 | E 89/250 Ended | E Time: 287.282s | ~Time Left: 46252.464s |  Train Loss: 0.1238 | Train Acc. 95.8164% | Test Loss: 0.1510 | Test Acc. 95.0089%
Adas on CRC_transformed: T 1/1 | E 90/250 Ended | E Time: 285.049s | ~Time Left: 45607.796s |  Train Loss: 0.1223 | Train Acc. 95.9297% | Test Loss: 0.1265 | Test Acc. 95.6459%
Adas on CRC_transformed: T 1/1 | E 91/250 Ended | E Time: 286.484s | ~Time Left: 45550.919s |  Train Loss: 0.1229 | Train Acc. 95.8426% | Test Loss: 0.1188 | Test Acc. 96.0202%
Adas on CRC_transformed: T 1/1 | E 92/250 Ended | E Time: 285.218s | ~Time Left: 45064.466s |  Train Loss: 0.1209 | Train Acc. 95.8673% | Test Loss: 0.1224 | Test Acc. 95.7969%
Adas on CRC_transformed: T 1/1 | E 93/250 Ended | E Time: 284.877s | ~Time Left: 44725.635s |  Train Loss: 0.1185 | Train Acc. 96.0003% | Test Loss: 0.1348 | Test Acc. 95.6590%
Adas on CRC_transformed: T 1/1 | E 94/250 Ended | E Time: 285.361s | ~Time Left: 44516.306s |  Train Loss: 0.1174 | Train Acc. 96.0971% | Test Loss: 0.1249 | Test Acc. 95.8232%
Adas on CRC_transformed: T 1/1 | E 95/250 Ended | E Time: 285.103s | ~Time Left: 44190.925s |  Train Loss: 0.1183 | Train Acc. 96.1201% | Test Loss: 0.1144 | Test Acc. 96.1713%
Adas on CRC_transformed: T 1/1 | E 96/250 Ended | E Time: 285.817s | ~Time Left: 44015.774s |  Train Loss: 0.1140 | Train Acc. 96.1021% | Test Loss: 0.0977 | Test Acc. 96.7295%
Adas on CRC_transformed: T 1/1 | E 97/250 Ended | E Time: 285.283s | ~Time Left: 43648.371s |  Train Loss: 0.1124 | Train Acc. 96.2383% | Test Loss: 0.2223 | Test Acc. 92.4411%
Adas on CRC_transformed: T 1/1 | E 98/250 Ended | E Time: 285.554s | ~Time Left: 43404.147s |  Train Loss: 0.1102 | Train Acc. 96.3878% | Test Loss: 0.2683 | Test Acc. 91.7581%
Adas on CRC_transformed: T 1/1 | E 99/250 Ended | E Time: 285.746s | ~Time Left: 43147.685s |  Train Loss: 0.1150 | Train Acc. 96.0430% | Test Loss: 0.1420 | Test Acc. 95.2650%
Adas on CRC_transformed: T 1/1 | E 100/250 Ended | E Time: 285.539s | ~Time Left: 42830.892s |  Train Loss: 0.1099 | Train Acc. 96.3007% | Test Loss: 0.1091 | Test Acc. 96.6441%
Adas on CRC_transformed: T 1/1 | E 101/250 Ended | E Time: 284.787s | ~Time Left: 42433.210s |  Train Loss: 0.1097 | Train Acc. 96.2597% | Test Loss: 0.1044 | Test Acc. 96.6704%
Adas on CRC_transformed: T 1/1 | E 102/250 Ended | E Time: 285.474s | ~Time Left: 42250.206s |  Train Loss: 0.1078 | Train Acc. 96.4534% | Test Loss: 0.1079 | Test Acc. 96.2501%
Adas on CRC_transformed: T 1/1 | E 103/250 Ended | E Time: 285.020s | ~Time Left: 41897.920s |  Train Loss: 0.1041 | Train Acc. 96.5355% | Test Loss: 0.0997 | Test Acc. 96.7426%
Adas on CRC_transformed: T 1/1 | E 104/250 Ended | E Time: 285.479s | ~Time Left: 41679.941s |  Train Loss: 0.1061 | Train Acc. 96.4042% | Test Loss: 0.1044 | Test Acc. 96.5719%
Adas on CRC_transformed: T 1/1 | E 105/250 Ended | E Time: 286.514s | ~Time Left: 41544.577s |  Train Loss: 0.1052 | Train Acc. 96.4682% | Test Loss: 0.1657 | Test Acc. 94.6936%
Adas on CRC_transformed: T 1/1 | E 106/250 Ended | E Time: 285.484s | ~Time Left: 41109.725s |  Train Loss: 0.1042 | Train Acc. 96.5224% | Test Loss: 0.1020 | Test Acc. 96.5784%
Adas on CRC_transformed: T 1/1 | E 107/250 Ended | E Time: 285.192s | ~Time Left: 40782.484s |  Train Loss: 0.1014 | Train Acc. 96.5831% | Test Loss: 0.1057 | Test Acc. 96.5193%
Adas on CRC_transformed: T 1/1 | E 108/250 Ended | E Time: 286.392s | ~Time Left: 40667.674s |  Train Loss: 0.1018 | Train Acc. 96.6012% | Test Loss: 0.2308 | Test Acc. 91.9945%
Adas on CRC_transformed: T 1/1 | E 109/250 Ended | E Time: 284.754s | ~Time Left: 40150.362s |  Train Loss: 0.1008 | Train Acc. 96.5733% | Test Loss: 0.1542 | Test Acc. 94.7790%
Adas on CRC_transformed: T 1/1 | E 110/250 Ended | E Time: 285.482s | ~Time Left: 39967.457s |  Train Loss: 0.0976 | Train Acc. 96.7342% | Test Loss: 0.1541 | Test Acc. 94.9169%
Adas on CRC_transformed: T 1/1 | E 111/250 Ended | E Time: 285.710s | ~Time Left: 39713.648s |  Train Loss: 0.0974 | Train Acc. 96.7112% | Test Loss: 0.0895 | Test Acc. 97.0447%
Adas on CRC_transformed: T 1/1 | E 112/250 Ended | E Time: 284.800s | ~Time Left: 39302.379s |  Train Loss: 0.0975 | Train Acc. 96.7063% | Test Loss: 0.1033 | Test Acc. 96.6178%
Adas on CRC_transformed: T 1/1 | E 113/250 Ended | E Time: 284.263s | ~Time Left: 38944.064s |  Train Loss: 0.0964 | Train Acc. 96.7736% | Test Loss: 0.0820 | Test Acc. 97.3402%
Adas on CRC_transformed: T 1/1 | E 114/250 Ended | E Time: 284.991s | ~Time Left: 38758.777s |  Train Loss: 0.0957 | Train Acc. 96.7178% | Test Loss: 0.3036 | Test Acc. 90.3461%
Adas on CRC_transformed: T 1/1 | E 115/250 Ended | E Time: 284.462s | ~Time Left: 38402.385s |  Train Loss: 0.0931 | Train Acc. 96.8885% | Test Loss: 0.1267 | Test Acc. 95.7444%
Adas on CRC_transformed: T 1/1 | E 116/250 Ended | E Time: 284.676s | ~Time Left: 38146.527s |  Train Loss: 0.0924 | Train Acc. 96.8984% | Test Loss: 0.1099 | Test Acc. 96.1975%
Adas on CRC_transformed: T 1/1 | E 117/250 Ended | E Time: 284.628s | ~Time Left: 37855.522s |  Train Loss: 0.0916 | Train Acc. 96.8803% | Test Loss: 0.0835 | Test Acc. 97.4322%
Adas on CRC_transformed: T 1/1 | E 118/250 Ended | E Time: 285.760s | ~Time Left: 37720.316s |  Train Loss: 0.0904 | Train Acc. 96.9345% | Test Loss: 0.0993 | Test Acc. 96.7361%
Adas on CRC_transformed: T 1/1 | E 119/250 Ended | E Time: 284.511s | ~Time Left: 37270.912s |  Train Loss: 0.0901 | Train Acc. 96.9756% | Test Loss: 0.1328 | Test Acc. 95.4686%
Adas on CRC_transformed: T 1/1 | E 120/250 Ended | E Time: 284.665s | ~Time Left: 37006.494s |  Train Loss: 0.0929 | Train Acc. 96.8426% | Test Loss: 0.0969 | Test Acc. 96.7361%
Adas on CRC_transformed: T 1/1 | E 121/250 Ended | E Time: 285.234s | ~Time Left: 36795.202s |  Train Loss: 0.0885 | Train Acc. 97.0609% | Test Loss: 0.0869 | Test Acc. 97.1432%
Adas on CRC_transformed: T 1/1 | E 122/250 Ended | E Time: 284.379s | ~Time Left: 36400.550s |  Train Loss: 0.0870 | Train Acc. 97.0905% | Test Loss: 0.0760 | Test Acc. 97.5373%
Adas on CRC_transformed: T 1/1 | E 123/250 Ended | E Time: 284.840s | ~Time Left: 36174.622s |  Train Loss: 0.0870 | Train Acc. 97.1020% | Test Loss: 0.1011 | Test Acc. 96.7098%
Adas on CRC_transformed: T 1/1 | E 124/250 Ended | E Time: 284.675s | ~Time Left: 35869.076s |  Train Loss: 0.0859 | Train Acc. 97.1168% | Test Loss: 0.0886 | Test Acc. 97.1498%
Adas on CRC_transformed: T 1/1 | E 125/250 Ended | E Time: 284.998s | ~Time Left: 35624.800s |  Train Loss: 0.0830 | Train Acc. 97.2432% | Test Loss: 0.1554 | Test Acc. 94.5229%
Adas on CRC_transformed: T 1/1 | E 126/250 Ended | E Time: 284.745s | ~Time Left: 35308.353s |  Train Loss: 0.0858 | Train Acc. 97.0872% | Test Loss: 0.0759 | Test Acc. 97.4322%
Adas on CRC_transformed: T 1/1 | E 127/250 Ended | E Time: 285.129s | ~Time Left: 35070.871s |  Train Loss: 0.0854 | Train Acc. 97.1381% | Test Loss: 0.0628 | Test Acc. 97.9182%
Adas on CRC_transformed: T 1/1 | E 128/250 Ended | E Time: 285.652s | ~Time Left: 34849.535s |  Train Loss: 0.0798 | Train Acc. 97.3434% | Test Loss: 0.1508 | Test Acc. 95.0614%
Adas on CRC_transformed: T 1/1 | E 129/250 Ended | E Time: 284.252s | ~Time Left: 34394.464s |  Train Loss: 0.0832 | Train Acc. 97.2399% | Test Loss: 0.0918 | Test Acc. 96.8937%
Adas on CRC_transformed: T 1/1 | E 130/250 Ended | E Time: 284.701s | ~Time Left: 34164.078s |  Train Loss: 0.0795 | Train Acc. 97.3910% | Test Loss: 0.1119 | Test Acc. 96.2895%
Adas on CRC_transformed: T 1/1 | E 131/250 Ended | E Time: 285.151s | ~Time Left: 33933.010s |  Train Loss: 0.0764 | Train Acc. 97.3647% | Test Loss: 0.1199 | Test Acc. 95.9414%
Adas on CRC_transformed: T 1/1 | E 132/250 Ended | E Time: 285.719s | ~Time Left: 33714.807s |  Train Loss: 0.0787 | Train Acc. 97.3483% | Test Loss: 0.0820 | Test Acc. 97.2483%
Adas on CRC_transformed: T 1/1 | E 133/250 Ended | E Time: 284.820s | ~Time Left: 33323.968s |  Train Loss: 0.0768 | Train Acc. 97.4517% | Test Loss: 0.0790 | Test Acc. 97.5701%
Adas on CRC_transformed: T 1/1 | E 134/250 Ended | E Time: 284.509s | ~Time Left: 33003.097s |  Train Loss: 0.0737 | Train Acc. 97.4731% | Test Loss: 0.0876 | Test Acc. 97.0316%
Adas on CRC_transformed: T 1/1 | E 135/250 Ended | E Time: 284.618s | ~Time Left: 32731.119s |  Train Loss: 0.0746 | Train Acc. 97.5108% | Test Loss: 0.1052 | Test Acc. 96.5916%
Adas on CRC_transformed: T 1/1 | E 136/250 Ended | E Time: 284.890s | ~Time Left: 32477.449s |  Train Loss: 0.0733 | Train Acc. 97.5256% | Test Loss: 0.0745 | Test Acc. 97.3731%
Adas on CRC_transformed: T 1/1 | E 137/250 Ended | E Time: 284.692s | ~Time Left: 32170.211s |  Train Loss: 0.0730 | Train Acc. 97.5617% | Test Loss: 0.1078 | Test Acc. 96.2961%
Adas on CRC_transformed: T 1/1 | E 138/250 Ended | E Time: 284.818s | ~Time Left: 31899.622s |  Train Loss: 0.0748 | Train Acc. 97.5059% | Test Loss: 0.0724 | Test Acc. 97.6752%
Adas on CRC_transformed: T 1/1 | E 139/250 Ended | E Time: 284.591s | ~Time Left: 31589.574s |  Train Loss: 0.0699 | Train Acc. 97.6931% | Test Loss: 0.0754 | Test Acc. 97.5438%
Adas on CRC_transformed: T 1/1 | E 140/250 Ended | E Time: 284.339s | ~Time Left: 31277.283s |  Train Loss: 0.0689 | Train Acc. 97.7046% | Test Loss: 0.0655 | Test Acc. 97.9444%
Adas on CRC_transformed: T 1/1 | E 141/250 Ended | E Time: 284.889s | ~Time Left: 31052.884s |  Train Loss: 0.0679 | Train Acc. 97.7276% | Test Loss: 0.0771 | Test Acc. 97.6358%
Adas on CRC_transformed: T 1/1 | E 142/250 Ended | E Time: 284.503s | ~Time Left: 30726.356s |  Train Loss: 0.0715 | Train Acc. 97.5749% | Test Loss: 0.0713 | Test Acc. 97.6029%
Adas on CRC_transformed: T 1/1 | E 143/250 Ended | E Time: 284.443s | ~Time Left: 30435.385s |  Train Loss: 0.0673 | Train Acc. 97.7719% | Test Loss: 0.0571 | Test Acc. 98.1940%
Adas on CRC_transformed: T 1/1 | E 144/250 Ended | E Time: 284.663s | ~Time Left: 30174.325s |  Train Loss: 0.0667 | Train Acc. 97.7735% | Test Loss: 0.0652 | Test Acc. 97.9247%
Adas on CRC_transformed: T 1/1 | E 145/250 Ended | E Time: 284.859s | ~Time Left: 29910.167s |  Train Loss: 0.0689 | Train Acc. 97.6980% | Test Loss: 0.0710 | Test Acc. 97.6817%
Adas on CRC_transformed: T 1/1 | E 146/250 Ended | E Time: 284.406s | ~Time Left: 29578.186s |  Train Loss: 0.0668 | Train Acc. 97.8146% | Test Loss: 0.0789 | Test Acc. 97.3797%
Adas on CRC_transformed: T 1/1 | E 147/250 Ended | E Time: 284.239s | ~Time Left: 29276.631s |  Train Loss: 0.0649 | Train Acc. 97.8441% | Test Loss: 0.1128 | Test Acc. 96.4077%
Adas on CRC_transformed: T 1/1 | E 148/250 Ended | E Time: 285.271s | ~Time Left: 29097.640s |  Train Loss: 0.0648 | Train Acc. 97.8244% | Test Loss: 0.0620 | Test Acc. 98.0035%
Adas on CRC_transformed: T 1/1 | E 149/250 Ended | E Time: 285.706s | ~Time Left: 28856.320s |  Train Loss: 0.0637 | Train Acc. 97.8786% | Test Loss: 0.0611 | Test Acc. 98.0298%
Adas on CRC_transformed: T 1/1 | E 150/250 Ended | E Time: 284.706s | ~Time Left: 28470.555s |  Train Loss: 0.0625 | Train Acc. 97.8228% | Test Loss: 0.0852 | Test Acc. 97.2943%
Adas on CRC_transformed: T 1/1 | E 151/250 Ended | E Time: 284.496s | ~Time Left: 28165.135s |  Train Loss: 0.0616 | Train Acc. 97.9771% | Test Loss: 0.0652 | Test Acc. 97.9641%
Adas on CRC_transformed: T 1/1 | E 152/250 Ended | E Time: 285.126s | ~Time Left: 27942.316s |  Train Loss: 0.0617 | Train Acc. 97.8983% | Test Loss: 0.0765 | Test Acc. 97.5176%
Adas on CRC_transformed: T 1/1 | E 153/250 Ended | E Time: 284.458s | ~Time Left: 27592.388s |  Train Loss: 0.0617 | Train Acc. 97.9180% | Test Loss: 0.0611 | Test Acc. 98.0101%
Adas on CRC_transformed: T 1/1 | E 154/250 Ended | E Time: 284.571s | ~Time Left: 27318.842s |  Train Loss: 0.0595 | Train Acc. 98.0248% | Test Loss: 0.0976 | Test Acc. 96.7295%
Adas on CRC_transformed: T 1/1 | E 155/250 Ended | E Time: 285.462s | ~Time Left: 27118.856s |  Train Loss: 0.0596 | Train Acc. 98.0198% | Test Loss: 0.0641 | Test Acc. 97.8459%
Adas on CRC_transformed: T 1/1 | E 156/250 Ended | E Time: 285.305s | ~Time Left: 26818.626s |  Train Loss: 0.0589 | Train Acc. 98.0313% | Test Loss: 0.0779 | Test Acc. 97.4585%
Adas on CRC_transformed: T 1/1 | E 157/250 Ended | E Time: 284.483s | ~Time Left: 26456.945s |  Train Loss: 0.0563 | Train Acc. 98.1430% | Test Loss: 0.0893 | Test Acc. 97.1367%
Adas on CRC_transformed: T 1/1 | E 158/250 Ended | E Time: 283.845s | ~Time Left: 26113.772s |  Train Loss: 0.0576 | Train Acc. 98.0428% | Test Loss: 0.0556 | Test Acc. 98.0429%
Adas on CRC_transformed: T 1/1 | E 159/250 Ended | E Time: 285.141s | ~Time Left: 25947.870s |  Train Loss: 0.0551 | Train Acc. 98.0872% | Test Loss: 0.0767 | Test Acc. 97.6489%
Adas on CRC_transformed: T 1/1 | E 160/250 Ended | E Time: 284.084s | ~Time Left: 25567.571s |  Train Loss: 0.0567 | Train Acc. 98.0510% | Test Loss: 0.0481 | Test Acc. 98.4173%
Adas on CRC_transformed: T 1/1 | E 161/250 Ended | E Time: 284.344s | ~Time Left: 25306.636s |  Train Loss: 0.0555 | Train Acc. 98.1463% | Test Loss: 0.0513 | Test Acc. 98.3056%
Adas on CRC_transformed: T 1/1 | E 162/250 Ended | E Time: 285.303s | ~Time Left: 25106.644s |  Train Loss: 0.0532 | Train Acc. 98.2546% | Test Loss: 0.1284 | Test Acc. 95.6919%
Adas on CRC_transformed: T 1/1 | E 163/250 Ended | E Time: 285.321s | ~Time Left: 24822.922s |  Train Loss: 0.0545 | Train Acc. 98.1594% | Test Loss: 0.0790 | Test Acc. 97.4191%
Adas on CRC_transformed: T 1/1 | E 164/250 Ended | E Time: 285.156s | ~Time Left: 24523.393s |  Train Loss: 0.0523 | Train Acc. 98.2513% | Test Loss: 0.0610 | Test Acc. 97.9970%
Adas on CRC_transformed: T 1/1 | E 165/250 Ended | E Time: 284.778s | ~Time Left: 24206.103s |  Train Loss: 0.0522 | Train Acc. 98.2333% | Test Loss: 0.0697 | Test Acc. 97.7080%
Adas on CRC_transformed: T 1/1 | E 166/250 Ended | E Time: 286.160s | ~Time Left: 24037.448s |  Train Loss: 0.0540 | Train Acc. 98.1807% | Test Loss: 0.1095 | Test Acc. 96.0990%
Adas on CRC_transformed: T 1/1 | E 167/250 Ended | E Time: 285.289s | ~Time Left: 23678.958s |  Train Loss: 0.0520 | Train Acc. 98.2743% | Test Loss: 0.0634 | Test Acc. 97.9444%
Adas on CRC_transformed: T 1/1 | E 168/250 Ended | E Time: 285.892s | ~Time Left: 23443.120s |  Train Loss: 0.0513 | Train Acc. 98.3039% | Test Loss: 0.0661 | Test Acc. 97.6752%
Adas on CRC_transformed: T 1/1 | E 169/250 Ended | E Time: 285.987s | ~Time Left: 23164.945s |  Train Loss: 0.0495 | Train Acc. 98.3679% | Test Loss: 0.0537 | Test Acc. 98.2334%
Adas on CRC_transformed: T 1/1 | E 170/250 Ended | E Time: 285.997s | ~Time Left: 22879.763s |  Train Loss: 0.0484 | Train Acc. 98.3909% | Test Loss: 0.0634 | Test Acc. 97.9182%
Adas on CRC_transformed: T 1/1 | E 171/250 Ended | E Time: 286.103s | ~Time Left: 22602.165s |  Train Loss: 0.0480 | Train Acc. 98.3975% | Test Loss: 0.0545 | Test Acc. 98.1809%
Adas on CRC_transformed: T 1/1 | E 172/250 Ended | E Time: 291.068s | ~Time Left: 22703.282s |  Train Loss: 0.0504 | Train Acc. 98.2957% | Test Loss: 0.1012 | Test Acc. 96.7623%
Adas on CRC_transformed: T 1/1 | E 173/250 Ended | E Time: 286.421s | ~Time Left: 22054.381s |  Train Loss: 0.0447 | Train Acc. 98.5272% | Test Loss: 0.0496 | Test Acc. 98.3450%
Adas on CRC_transformed: T 1/1 | E 174/250 Ended | E Time: 285.176s | ~Time Left: 21673.342s |  Train Loss: 0.0470 | Train Acc. 98.4139% | Test Loss: 0.0711 | Test Acc. 97.4979%
Adas on CRC_transformed: T 1/1 | E 175/250 Ended | E Time: 285.921s | ~Time Left: 21444.105s |  Train Loss: 0.0449 | Train Acc. 98.5354% | Test Loss: 0.0732 | Test Acc. 97.6883%
Adas on CRC_transformed: T 1/1 | E 176/250 Ended | E Time: 285.445s | ~Time Left: 21122.918s |  Train Loss: 0.0459 | Train Acc. 98.4845% | Test Loss: 0.0597 | Test Acc. 98.1021%
Adas on CRC_transformed: T 1/1 | E 177/250 Ended | E Time: 284.550s | ~Time Left: 20772.167s |  Train Loss: 0.0429 | Train Acc. 98.6044% | Test Loss: 0.0606 | Test Acc. 97.9050%
Adas on CRC_transformed: T 1/1 | E 178/250 Ended | E Time: 285.217s | ~Time Left: 20535.597s |  Train Loss: 0.0437 | Train Acc. 98.6027% | Test Loss: 0.0520 | Test Acc. 98.2991%
Adas on CRC_transformed: T 1/1 | E 179/250 Ended | E Time: 284.693s | ~Time Left: 20213.193s |  Train Loss: 0.0436 | Train Acc. 98.5814% | Test Loss: 0.0439 | Test Acc. 98.4764%
Adas on CRC_transformed: T 1/1 | E 180/250 Ended | E Time: 283.820s | ~Time Left: 19867.436s |  Train Loss: 0.0404 | Train Acc. 98.6323% | Test Loss: 0.0595 | Test Acc. 97.9182%
Adas on CRC_transformed: T 1/1 | E 181/250 Ended | E Time: 287.274s | ~Time Left: 19821.921s |  Train Loss: 0.0430 | Train Acc. 98.5551% | Test Loss: 0.0547 | Test Acc. 98.1940%
Adas on CRC_transformed: T 1/1 | E 182/250 Ended | E Time: 286.022s | ~Time Left: 19449.519s |  Train Loss: 0.0405 | Train Acc. 98.6109% | Test Loss: 0.1184 | Test Acc. 96.0202%
Adas on CRC_transformed: T 1/1 | E 183/250 Ended | E Time: 286.314s | ~Time Left: 19183.015s |  Train Loss: 0.0414 | Train Acc. 98.6273% | Test Loss: 0.0487 | Test Acc. 98.4173%
Adas on CRC_transformed: T 1/1 | E 184/250 Ended | E Time: 285.197s | ~Time Left: 18823.031s |  Train Loss: 0.0395 | Train Acc. 98.7094% | Test Loss: 0.0459 | Test Acc. 98.5880%
Adas on CRC_transformed: T 1/1 | E 185/250 Ended | E Time: 286.276s | ~Time Left: 18607.963s |  Train Loss: 0.0398 | Train Acc. 98.7193% | Test Loss: 0.0519 | Test Acc. 98.2662%
Adas on CRC_transformed: T 1/1 | E 186/250 Ended | E Time: 285.391s | ~Time Left: 18265.053s |  Train Loss: 0.0386 | Train Acc. 98.7094% | Test Loss: 0.0474 | Test Acc. 98.4961%
Adas on CRC_transformed: T 1/1 | E 187/250 Ended | E Time: 285.420s | ~Time Left: 17981.454s |  Train Loss: 0.0393 | Train Acc. 98.6569% | Test Loss: 0.0541 | Test Acc. 98.2071%
Adas on CRC_transformed: T 1/1 | E 188/250 Ended | E Time: 284.612s | ~Time Left: 17645.957s |  Train Loss: 0.0371 | Train Acc. 98.7456% | Test Loss: 0.0499 | Test Acc. 98.4895%
Adas on CRC_transformed: T 1/1 | E 189/250 Ended | E Time: 285.750s | ~Time Left: 17430.765s |  Train Loss: 0.0393 | Train Acc. 98.6717% | Test Loss: 0.0460 | Test Acc. 98.4698%
Adas on CRC_transformed: T 1/1 | E 190/250 Ended | E Time: 284.358s | ~Time Left: 17061.487s |  Train Loss: 0.0357 | Train Acc. 98.8129% | Test Loss: 0.0418 | Test Acc. 98.6209%
Adas on CRC_transformed: T 1/1 | E 191/250 Ended | E Time: 285.145s | ~Time Left: 16823.551s |  Train Loss: 0.0352 | Train Acc. 98.8244% | Test Loss: 0.0384 | Test Acc. 98.8442%
Adas on CRC_transformed: T 1/1 | E 192/250 Ended | E Time: 285.788s | ~Time Left: 16575.703s |  Train Loss: 0.0355 | Train Acc. 98.7768% | Test Loss: 0.0578 | Test Acc. 98.2400%
Adas on CRC_transformed: T 1/1 | E 193/250 Ended | E Time: 285.395s | ~Time Left: 16267.526s |  Train Loss: 0.0344 | Train Acc. 98.8868% | Test Loss: 0.0417 | Test Acc. 98.6931%
Adas on CRC_transformed: T 1/1 | E 194/250 Ended | E Time: 285.097s | ~Time Left: 15965.447s |  Train Loss: 0.0365 | Train Acc. 98.7620% | Test Loss: 0.0441 | Test Acc. 98.6143%
Adas on CRC_transformed: T 1/1 | E 195/250 Ended | E Time: 285.370s | ~Time Left: 15695.327s |  Train Loss: 0.0323 | Train Acc. 98.9377% | Test Loss: 0.0560 | Test Acc. 98.1612%
Adas on CRC_transformed: T 1/1 | E 196/250 Ended | E Time: 283.612s | ~Time Left: 15315.029s |  Train Loss: 0.0328 | Train Acc. 98.9327% | Test Loss: 0.0453 | Test Acc. 98.5355%
Adas on CRC_transformed: T 1/1 | E 197/250 Ended | E Time: 285.051s | ~Time Left: 15107.711s |  Train Loss: 0.0346 | Train Acc. 98.8145% | Test Loss: 0.0562 | Test Acc. 98.2531%
Adas on CRC_transformed: T 1/1 | E 198/250 Ended | E Time: 284.936s | ~Time Left: 14816.693s |  Train Loss: 0.0342 | Train Acc. 98.8835% | Test Loss: 0.0440 | Test Acc. 98.5683%
Adas on CRC_transformed: T 1/1 | E 199/250 Ended | E Time: 284.699s | ~Time Left: 14519.624s |  Train Loss: 0.0300 | Train Acc. 99.0230% | Test Loss: 0.0427 | Test Acc. 98.6865%
Adas on CRC_transformed: T 1/1 | E 200/250 Ended | E Time: 285.227s | ~Time Left: 14261.352s |  Train Loss: 0.0304 | Train Acc. 98.9968% | Test Loss: 0.0532 | Test Acc. 98.3188%
Adas on CRC_transformed: T 1/1 | E 201/250 Ended | E Time: 285.441s | ~Time Left: 13986.593s |  Train Loss: 0.0291 | Train Acc. 99.0345% | Test Loss: 0.0494 | Test Acc. 98.4961%
Adas on CRC_transformed: T 1/1 | E 202/250 Ended | E Time: 284.400s | ~Time Left: 13651.221s |  Train Loss: 0.0300 | Train Acc. 99.0148% | Test Loss: 0.0444 | Test Acc. 98.5815%
Adas on CRC_transformed: T 1/1 | E 203/250 Ended | E Time: 285.963s | ~Time Left: 13440.255s |  Train Loss: 0.0320 | Train Acc. 98.8966% | Test Loss: 0.0482 | Test Acc. 98.4239%
Adas on CRC_transformed: T 1/1 | E 204/250 Ended | E Time: 285.586s | ~Time Left: 13136.961s |  Train Loss: 0.0282 | Train Acc. 99.0542% | Test Loss: 0.0448 | Test Acc. 98.6603%
Adas on CRC_transformed: T 1/1 | E 205/250 Ended | E Time: 284.226s | ~Time Left: 12790.149s |  Train Loss: 0.0297 | Train Acc. 99.0198% | Test Loss: 0.0416 | Test Acc. 98.6471%
Adas on CRC_transformed: T 1/1 | E 206/250 Ended | E Time: 285.722s | ~Time Left: 12571.778s |  Train Loss: 0.0279 | Train Acc. 99.0592% | Test Loss: 0.0407 | Test Acc. 98.6800%
Adas on CRC_transformed: T 1/1 | E 207/250 Ended | E Time: 284.287s | ~Time Left: 12224.324s |  Train Loss: 0.0292 | Train Acc. 99.0428% | Test Loss: 0.0400 | Test Acc. 98.7391%
Adas on CRC_transformed: T 1/1 | E 208/250 Ended | E Time: 284.786s | ~Time Left: 11960.995s |  Train Loss: 0.0263 | Train Acc. 99.1363% | Test Loss: 0.0494 | Test Acc. 98.4370%
Adas on CRC_transformed: T 1/1 | E 209/250 Ended | E Time: 284.179s | ~Time Left: 11651.355s |  Train Loss: 0.0275 | Train Acc. 99.0969% | Test Loss: 0.0526 | Test Acc. 98.2465%
Adas on CRC_transformed: T 1/1 | E 210/250 Ended | E Time: 285.633s | ~Time Left: 11425.333s |  Train Loss: 0.0247 | Train Acc. 99.2349% | Test Loss: 0.0411 | Test Acc. 98.7259%
Adas on CRC_transformed: T 1/1 | E 211/250 Ended | E Time: 285.227s | ~Time Left: 11123.854s |  Train Loss: 0.0266 | Train Acc. 99.1314% | Test Loss: 0.0379 | Test Acc. 98.7456%
Adas on CRC_transformed: T 1/1 | E 212/250 Ended | E Time: 285.237s | ~Time Left: 10839.020s |  Train Loss: 0.0259 | Train Acc. 99.1758% | Test Loss: 0.0432 | Test Acc. 98.6340%
Adas on CRC_transformed: T 1/1 | E 213/250 Ended | E Time: 285.446s | ~Time Left: 10561.514s |  Train Loss: 0.0219 | Train Acc. 99.2956% | Test Loss: 0.0442 | Test Acc. 98.6274%
Adas on CRC_transformed: T 1/1 | E 214/250 Ended | E Time: 284.823s | ~Time Left: 10253.637s |  Train Loss: 0.0246 | Train Acc. 99.2234% | Test Loss: 0.0344 | Test Acc. 98.8704%
Adas on CRC_transformed: T 1/1 | E 215/250 Ended | E Time: 285.243s | ~Time Left: 9983.499s |  Train Loss: 0.0238 | Train Acc. 99.2201% | Test Loss: 0.0396 | Test Acc. 98.7456%
Adas on CRC_transformed: T 1/1 | E 216/250 Ended | E Time: 284.501s | ~Time Left: 9673.018s |  Train Loss: 0.0254 | Train Acc. 99.1528% | Test Loss: 0.0413 | Test Acc. 98.7391%
Adas on CRC_transformed: T 1/1 | E 217/250 Ended | E Time: 287.084s | ~Time Left: 9473.785s |  Train Loss: 0.0241 | Train Acc. 99.1922% | Test Loss: 0.0464 | Test Acc. 98.6274%
Adas on CRC_transformed: T 1/1 | E 218/250 Ended | E Time: 285.475s | ~Time Left: 9135.216s |  Train Loss: 0.0214 | Train Acc. 99.3170% | Test Loss: 0.0406 | Test Acc. 98.7391%
Adas on CRC_transformed: T 1/1 | E 219/250 Ended | E Time: 286.604s | ~Time Left: 8884.731s |  Train Loss: 0.0233 | Train Acc. 99.2299% | Test Loss: 0.0456 | Test Acc. 98.5683%
Adas on CRC_transformed: T 1/1 | E 220/250 Ended | E Time: 285.728s | ~Time Left: 8571.851s |  Train Loss: 0.0211 | Train Acc. 99.3071% | Test Loss: 0.0348 | Test Acc. 98.8770%
Adas on CRC_transformed: T 1/1 | E 221/250 Ended | E Time: 284.984s | ~Time Left: 8264.523s |  Train Loss: 0.0219 | Train Acc. 99.2628% | Test Loss: 0.0365 | Test Acc. 98.8704%
Adas on CRC_transformed: T 1/1 | E 222/250 Ended | E Time: 285.206s | ~Time Left: 7985.757s |  Train Loss: 0.0216 | Train Acc. 99.2940% | Test Loss: 0.0344 | Test Acc. 98.8704%
Adas on CRC_transformed: T 1/1 | E 223/250 Ended | E Time: 284.343s | ~Time Left: 7677.267s |  Train Loss: 0.0206 | Train Acc. 99.3514% | Test Loss: 0.0337 | Test Acc. 98.9492%
Adas on CRC_transformed: T 1/1 | E 224/250 Ended | E Time: 286.001s | ~Time Left: 7436.024s |  Train Loss: 0.0198 | Train Acc. 99.3728% | Test Loss: 0.0368 | Test Acc. 98.7456%
Adas on CRC_transformed: T 1/1 | E 225/250 Ended | E Time: 285.201s | ~Time Left: 7130.032s |  Train Loss: 0.0188 | Train Acc. 99.4335% | Test Loss: 0.0573 | Test Acc. 98.0692%
Adas on CRC_transformed: T 1/1 | E 226/250 Ended | E Time: 285.601s | ~Time Left: 6854.416s |  Train Loss: 0.0207 | Train Acc. 99.3514% | Test Loss: 0.0344 | Test Acc. 98.8442%
Adas on CRC_transformed: T 1/1 | E 227/250 Ended | E Time: 285.238s | ~Time Left: 6560.480s |  Train Loss: 0.0184 | Train Acc. 99.4155% | Test Loss: 0.0348 | Test Acc. 98.9295%
Adas on CRC_transformed: T 1/1 | E 228/250 Ended | E Time: 285.587s | ~Time Left: 6282.921s |  Train Loss: 0.0178 | Train Acc. 99.4352% | Test Loss: 0.0450 | Test Acc. 98.6077%
Adas on CRC_transformed: T 1/1 | E 229/250 Ended | E Time: 285.173s | ~Time Left: 5988.629s |  Train Loss: 0.0187 | Train Acc. 99.4023% | Test Loss: 0.0420 | Test Acc. 98.7588%
Adas on CRC_transformed: T 1/1 | E 230/250 Ended | E Time: 286.613s | ~Time Left: 5732.251s |  Train Loss: 0.0196 | Train Acc. 99.3482% | Test Loss: 0.0326 | Test Acc. 98.9295%
Adas on CRC_transformed: T 1/1 | E 231/250 Ended | E Time: 285.228s | ~Time Left: 5419.340s |  Train Loss: 0.0170 | Train Acc. 99.4598% | Test Loss: 0.0320 | Test Acc. 99.0806%
Adas on CRC_transformed: T 1/1 | E 232/250 Ended | E Time: 285.698s | ~Time Left: 5142.570s |  Train Loss: 0.0178 | Train Acc. 99.4089% | Test Loss: 0.0413 | Test Acc. 98.6668%
Adas on CRC_transformed: T 1/1 | E 233/250 Ended | E Time: 285.555s | ~Time Left: 4854.431s |  Train Loss: 0.0168 | Train Acc. 99.4614% | Test Loss: 0.0360 | Test Acc. 98.7916%
Adas on CRC_transformed: T 1/1 | E 234/250 Ended | E Time: 285.081s | ~Time Left: 4561.293s |  Train Loss: 0.0162 | Train Acc. 99.4943% | Test Loss: 0.0349 | Test Acc. 98.9558%
Adas on CRC_transformed: T 1/1 | E 235/250 Ended | E Time: 284.643s | ~Time Left: 4269.638s |  Train Loss: 0.0165 | Train Acc. 99.4959% | Test Loss: 0.0319 | Test Acc. 99.0346%
Adas on CRC_transformed: T 1/1 | E 236/250 Ended | E Time: 286.413s | ~Time Left: 4009.780s |  Train Loss: 0.0166 | Train Acc. 99.4943% | Test Loss: 0.0366 | Test Acc. 98.8113%
Adas on CRC_transformed: T 1/1 | E 237/250 Ended | E Time: 284.619s | ~Time Left: 3700.044s |  Train Loss: 0.0140 | Train Acc. 99.5862% | Test Loss: 0.0298 | Test Acc. 99.0806%
Adas on CRC_transformed: T 1/1 | E 238/250 Ended | E Time: 285.577s | ~Time Left: 3426.920s |  Train Loss: 0.0137 | Train Acc. 99.5797% | Test Loss: 0.0352 | Test Acc. 98.9230%
Adas on CRC_transformed: T 1/1 | E 239/250 Ended | E Time: 284.527s | ~Time Left: 3129.802s |  Train Loss: 0.0152 | Train Acc. 99.5206% | Test Loss: 0.0446 | Test Acc. 98.5224%
Adas on CRC_transformed: T 1/1 | E 240/250 Ended | E Time: 287.090s | ~Time Left: 2870.900s |  Train Loss: 0.0136 | Train Acc. 99.5600% | Test Loss: 0.0319 | Test Acc. 98.9558%
Adas on CRC_transformed: T 1/1 | E 241/250 Ended | E Time: 284.747s | ~Time Left: 2562.723s |  Train Loss: 0.0143 | Train Acc. 99.5435% | Test Loss: 0.0360 | Test Acc. 98.9230%
Adas on CRC_transformed: T 1/1 | E 242/250 Ended | E Time: 286.256s | ~Time Left: 2290.044s |  Train Loss: 0.0159 | Train Acc. 99.4894% | Test Loss: 0.0339 | Test Acc. 98.9295%
Adas on CRC_transformed: T 1/1 | E 243/250 Ended | E Time: 285.051s | ~Time Left: 1995.356s |  Train Loss: 0.0130 | Train Acc. 99.5928% | Test Loss: 0.0329 | Test Acc. 99.0215%
Adas on CRC_transformed: T 1/1 | E 244/250 Ended | E Time: 284.842s | ~Time Left: 1709.049s |  Train Loss: 0.0136 | Train Acc. 99.5829% | Test Loss: 0.0292 | Test Acc. 99.0937%
Adas on CRC_transformed: T 1/1 | E 245/250 Ended | E Time: 285.939s | ~Time Left: 1429.693s |  Train Loss: 0.0134 | Train Acc. 99.6092% | Test Loss: 0.0348 | Test Acc. 98.9492%
Adas on CRC_transformed: T 1/1 | E 246/250 Ended | E Time: 283.966s | ~Time Left: 1135.865s |  Train Loss: 0.0124 | Train Acc. 99.6207% | Test Loss: 0.0339 | Test Acc. 98.9558%
Adas on CRC_transformed: T 1/1 | E 247/250 Ended | E Time: 286.092s | ~Time Left: 858.275s |  Train Loss: 0.0122 | Train Acc. 99.6191% | Test Loss: 0.0294 | Test Acc. 99.1200%
Adas on CRC_transformed: T 1/1 | E 248/250 Ended | E Time: 286.200s | ~Time Left: 572.399s |  Train Loss: 0.0109 | Train Acc. 99.6601% | Test Loss: 0.0309 | Test Acc. 99.0543%
Adas on CRC_transformed: T 1/1 | E 249/250 Ended | E Time: 285.201s | ~Time Left: 285.201s |  Train Loss: 0.0111 | Train Acc. 99.6683% | Test Loss: 0.0326 | Test Acc. 98.9952%
Adas on CRC_transformed: T 1/1 | E 250/250 Ended | E Time: 286.083s | ~Time Left: 0.000s |  Train Loss: 0.0120 | Train Acc. 99.6470% | Test Loss: 0.0312 | Test Acc. 99.0674%
