transferring data
Mon Jun 14 22:17:22 PDT 2021

Finished transferring
Mon Jun 14 22:17:24 PDT 2021

Adas: Argument Parser Options
---------------------------------------------
    config              : HistoKTconfigs/CRC_transformed-configAdas.yaml
    data                : /localscratch/zhan8425.5088810.0        
    output              : .Adas-output/CRC_transformed/200_per_class
    checkpoint          : .Adas-checkpoint/CRC_transformed/200_per_class
    resume              : None                                    
    root                : .                                       
    save_freq           : 25                                      
    cpu                 : 0                                       
    gpu                 : 0                                       
    mpd                 : 0                                       
    dist_url            : tcp://127.0.0.1:23456                   
    dist_backend        : nccl                                    
    world_size          : -1                                      
    rank                : -1                                      
---------------------------------------------
Adas: Output dir .Adas-output/CRC_transformed/200_per_class does not exist, building
Adas: Notice: early stop will not be used as it was set to -1.0, training till completion
Adas: Experiment Configuration
---------------------------------------------
    dataset              CRC_transformed     
    network              ResNet18            
    optimizer            Adas                
    scheduler            None                
    level                L3Only              
    color_kwargs         {'augmentation': 'Color-Distortion', 'distortion': 0.3}
    degree_of_rotation   45                  
    vertical_flipping    0.5                 
    horizontal_flipping  0.5                 
    horizontal_shift     0.1                 
    vertical_shift       0.1                 
    gaussian_blur        0                   
    kernel_size          9                   
    variance             0.1                 
    cutout               0                   
    n_holes              1                   
    cutout_length        16                  
    init_lr              0.03                
    early_stop_threshold -1.0                
    optimizer_kwargs     {'momentum': 0.9, 'weight_decay': 0.0005, 'beta': 0.98, 'linear': 0.0, 'gamma': 0.5, 'step_size': 25.0}
    scheduler_kwargs     {}
    p                    1                   
    start_trial          0                   
    n_trials             1                   
    num_workers          4                   
    max_epochs           250                 
    mini_batch_size      32                  
    loss                 cross_entropy       
    early_stop_patience  10                  
---------------------------------------------
Adas: Pytorch device is set to cuda
Adas on CRC_transformed: T 1/1 | E 1/250 Ended | E Time: 15.648s | ~Time Left: 3896.257s |  Train Loss: 2.1313 | Train Acc. 34.7857% | Test Loss: 29.3200 | Test Acc. 23.3571%
Adas on CRC_transformed: T 1/1 | E 2/250 Ended | E Time: 12.522s | ~Time Left: 3105.504s |  Train Loss: 1.9138 | Train Acc. 43.8571% | Test Loss: 1.2939 | Test Acc. 48.5714%
Adas on CRC_transformed: T 1/1 | E 3/250 Ended | E Time: 12.723s | ~Time Left: 3142.605s |  Train Loss: 1.4340 | Train Acc. 47.9286% | Test Loss: 1.3216 | Test Acc. 45.9286%
Adas on CRC_transformed: T 1/1 | E 4/250 Ended | E Time: 14.022s | ~Time Left: 3449.461s |  Train Loss: 1.1773 | Train Acc. 51.2857% | Test Loss: 1.1522 | Test Acc. 52.0714%
Adas on CRC_transformed: T 1/1 | E 5/250 Ended | E Time: 12.989s | ~Time Left: 3182.405s |  Train Loss: 1.1379 | Train Acc. 53.1429% | Test Loss: 1.0261 | Test Acc. 59.6429%
Adas on CRC_transformed: T 1/1 | E 6/250 Ended | E Time: 12.702s | ~Time Left: 3099.374s |  Train Loss: 1.0630 | Train Acc. 55.3571% | Test Loss: 1.3428 | Test Acc. 44.0000%
Adas on CRC_transformed: T 1/1 | E 7/250 Ended | E Time: 12.651s | ~Time Left: 3074.187s |  Train Loss: 1.0314 | Train Acc. 58.2857% | Test Loss: 0.9863 | Test Acc. 59.0000%
Adas on CRC_transformed: T 1/1 | E 8/250 Ended | E Time: 13.080s | ~Time Left: 3165.404s |  Train Loss: 0.9960 | Train Acc. 57.6429% | Test Loss: 1.1186 | Test Acc. 56.1429%
Adas on CRC_transformed: T 1/1 | E 9/250 Ended | E Time: 12.700s | ~Time Left: 3060.637s |  Train Loss: 1.0030 | Train Acc. 60.1429% | Test Loss: 1.2613 | Test Acc. 46.8571%
Adas on CRC_transformed: T 1/1 | E 10/250 Ended | E Time: 12.719s | ~Time Left: 3052.563s |  Train Loss: 1.1004 | Train Acc. 60.2857% | Test Loss: 0.9764 | Test Acc. 62.2857%
Adas on CRC_transformed: T 1/1 | E 11/250 Ended | E Time: 13.012s | ~Time Left: 3109.929s |  Train Loss: 1.0636 | Train Acc. 59.5714% | Test Loss: 1.2439 | Test Acc. 48.9286%
Adas on CRC_transformed: T 1/1 | E 12/250 Ended | E Time: 12.667s | ~Time Left: 3014.749s |  Train Loss: 1.0780 | Train Acc. 57.3571% | Test Loss: 0.9496 | Test Acc. 61.0714%
Adas on CRC_transformed: T 1/1 | E 13/250 Ended | E Time: 12.682s | ~Time Left: 3005.695s |  Train Loss: 0.9546 | Train Acc. 62.5000% | Test Loss: 0.9270 | Test Acc. 64.1429%
Adas on CRC_transformed: T 1/1 | E 14/250 Ended | E Time: 13.429s | ~Time Left: 3169.215s |  Train Loss: 0.9560 | Train Acc. 63.4286% | Test Loss: 0.9649 | Test Acc. 64.7143%
Adas on CRC_transformed: T 1/1 | E 15/250 Ended | E Time: 12.520s | ~Time Left: 2942.124s |  Train Loss: 0.8638 | Train Acc. 66.5714% | Test Loss: 0.8675 | Test Acc. 67.0714%
Adas on CRC_transformed: T 1/1 | E 16/250 Ended | E Time: 12.669s | ~Time Left: 2964.543s |  Train Loss: 0.8368 | Train Acc. 69.0000% | Test Loss: 1.0428 | Test Acc. 62.0714%
Adas on CRC_transformed: T 1/1 | E 17/250 Ended | E Time: 12.978s | ~Time Left: 3023.893s |  Train Loss: 0.8637 | Train Acc. 67.8571% | Test Loss: 0.7643 | Test Acc. 69.2857%
Adas on CRC_transformed: T 1/1 | E 18/250 Ended | E Time: 12.569s | ~Time Left: 2916.024s |  Train Loss: 0.8081 | Train Acc. 68.5000% | Test Loss: 1.0853 | Test Acc. 63.9286%
Adas on CRC_transformed: T 1/1 | E 19/250 Ended | E Time: 12.638s | ~Time Left: 2919.418s |  Train Loss: 0.8773 | Train Acc. 67.7857% | Test Loss: 0.7174 | Test Acc. 71.6429%
Adas on CRC_transformed: T 1/1 | E 20/250 Ended | E Time: 12.806s | ~Time Left: 2945.284s |  Train Loss: 0.7812 | Train Acc. 72.2857% | Test Loss: 0.7111 | Test Acc. 72.7857%
Adas on CRC_transformed: T 1/1 | E 21/250 Ended | E Time: 12.890s | ~Time Left: 2951.914s |  Train Loss: 0.8004 | Train Acc. 70.0000% | Test Loss: 0.8810 | Test Acc. 68.5714%
Adas on CRC_transformed: T 1/1 | E 22/250 Ended | E Time: 12.563s | ~Time Left: 2864.422s |  Train Loss: 0.7291 | Train Acc. 72.8571% | Test Loss: 0.8653 | Test Acc. 68.0000%
Adas on CRC_transformed: T 1/1 | E 23/250 Ended | E Time: 12.522s | ~Time Left: 2842.556s |  Train Loss: 0.7888 | Train Acc. 72.1429% | Test Loss: 1.0707 | Test Acc. 63.2143%
Adas on CRC_transformed: T 1/1 | E 24/250 Ended | E Time: 12.605s | ~Time Left: 2848.770s |  Train Loss: 0.7107 | Train Acc. 73.0000% | Test Loss: 0.9717 | Test Acc. 69.3571%
Adas on CRC_transformed: T 1/1 | E 25/250 Ended | E Time: 12.656s | ~Time Left: 2847.514s |  Train Loss: 0.7361 | Train Acc. 71.4286% | Test Loss: 0.6488 | Test Acc. 75.4286%
Adas on CRC_transformed: T 1/1 | E 26/250 Ended | E Time: 12.508s | ~Time Left: 2801.812s |  Train Loss: 0.6872 | Train Acc. 75.1429% | Test Loss: 0.7637 | Test Acc. 72.6429%
Adas on CRC_transformed: T 1/1 | E 27/250 Ended | E Time: 12.613s | ~Time Left: 2812.593s |  Train Loss: 0.7214 | Train Acc. 73.8571% | Test Loss: 0.6332 | Test Acc. 77.4286%
Adas on CRC_transformed: T 1/1 | E 28/250 Ended | E Time: 12.522s | ~Time Left: 2779.825s |  Train Loss: 0.6425 | Train Acc. 77.2857% | Test Loss: 1.0551 | Test Acc. 67.8571%
Adas on CRC_transformed: T 1/1 | E 29/250 Ended | E Time: 12.623s | ~Time Left: 2789.660s |  Train Loss: 0.6282 | Train Acc. 75.1429% | Test Loss: 0.9602 | Test Acc. 69.7857%
Adas on CRC_transformed: T 1/1 | E 30/250 Ended | E Time: 12.498s | ~Time Left: 2749.632s |  Train Loss: 0.6198 | Train Acc. 77.0714% | Test Loss: 0.5857 | Test Acc. 78.7857%
Adas on CRC_transformed: T 1/1 | E 31/250 Ended | E Time: 12.696s | ~Time Left: 2780.462s |  Train Loss: 0.6311 | Train Acc. 77.2857% | Test Loss: 0.6982 | Test Acc. 73.4286%
Adas on CRC_transformed: T 1/1 | E 32/250 Ended | E Time: 12.503s | ~Time Left: 2725.720s |  Train Loss: 0.6711 | Train Acc. 76.2143% | Test Loss: 0.7395 | Test Acc. 72.2857%
Adas on CRC_transformed: T 1/1 | E 33/250 Ended | E Time: 12.538s | ~Time Left: 2720.729s |  Train Loss: 0.6703 | Train Acc. 74.4286% | Test Loss: 0.6431 | Test Acc. 77.1429%
Adas on CRC_transformed: T 1/1 | E 34/250 Ended | E Time: 12.606s | ~Time Left: 2722.861s |  Train Loss: 0.6631 | Train Acc. 75.1429% | Test Loss: 0.6007 | Test Acc. 78.5714%
Adas on CRC_transformed: T 1/1 | E 35/250 Ended | E Time: 12.512s | ~Time Left: 2689.991s |  Train Loss: 0.6039 | Train Acc. 76.8571% | Test Loss: 0.6115 | Test Acc. 78.3571%
Adas on CRC_transformed: T 1/1 | E 36/250 Ended | E Time: 12.531s | ~Time Left: 2681.611s |  Train Loss: 0.6398 | Train Acc. 76.1429% | Test Loss: 0.9327 | Test Acc. 69.2857%
Adas on CRC_transformed: T 1/1 | E 37/250 Ended | E Time: 12.633s | ~Time Left: 2690.897s |  Train Loss: 0.5735 | Train Acc. 79.3571% | Test Loss: 0.8744 | Test Acc. 71.5714%
Adas on CRC_transformed: T 1/1 | E 38/250 Ended | E Time: 12.602s | ~Time Left: 2671.717s |  Train Loss: 0.6209 | Train Acc. 76.5000% | Test Loss: 0.7649 | Test Acc. 74.5714%
Adas on CRC_transformed: T 1/1 | E 39/250 Ended | E Time: 12.657s | ~Time Left: 2670.704s |  Train Loss: 0.5831 | Train Acc. 78.9286% | Test Loss: 0.6027 | Test Acc. 78.1429%
Adas on CRC_transformed: T 1/1 | E 40/250 Ended | E Time: 12.612s | ~Time Left: 2648.448s |  Train Loss: 0.5502 | Train Acc. 79.6429% | Test Loss: 0.6031 | Test Acc. 79.7857%
Adas on CRC_transformed: T 1/1 | E 41/250 Ended | E Time: 12.507s | ~Time Left: 2614.047s |  Train Loss: 0.5976 | Train Acc. 78.6429% | Test Loss: 0.5158 | Test Acc. 81.7143%
Adas on CRC_transformed: T 1/1 | E 42/250 Ended | E Time: 12.431s | ~Time Left: 2585.633s |  Train Loss: 0.5643 | Train Acc. 79.3571% | Test Loss: 0.8550 | Test Acc. 73.1429%
Adas on CRC_transformed: T 1/1 | E 43/250 Ended | E Time: 12.609s | ~Time Left: 2610.013s |  Train Loss: 0.5628 | Train Acc. 78.5000% | Test Loss: 1.2339 | Test Acc. 62.2143%
Adas on CRC_transformed: T 1/1 | E 44/250 Ended | E Time: 12.948s | ~Time Left: 2667.218s |  Train Loss: 0.5613 | Train Acc. 80.0000% | Test Loss: 0.6045 | Test Acc. 78.1429%
Adas on CRC_transformed: T 1/1 | E 45/250 Ended | E Time: 12.586s | ~Time Left: 2580.210s |  Train Loss: 0.5143 | Train Acc. 81.2143% | Test Loss: 0.4522 | Test Acc. 83.9286%
Adas on CRC_transformed: T 1/1 | E 46/250 Ended | E Time: 12.479s | ~Time Left: 2545.778s |  Train Loss: 0.4783 | Train Acc. 81.9286% | Test Loss: 0.9894 | Test Acc. 68.7857%
Adas on CRC_transformed: T 1/1 | E 47/250 Ended | E Time: 12.533s | ~Time Left: 2544.225s |  Train Loss: 0.4647 | Train Acc. 83.0000% | Test Loss: 0.6317 | Test Acc. 79.1429%
Adas on CRC_transformed: T 1/1 | E 48/250 Ended | E Time: 12.685s | ~Time Left: 2562.466s |  Train Loss: 0.5174 | Train Acc. 81.0714% | Test Loss: 0.6014 | Test Acc. 77.8571%
Adas on CRC_transformed: T 1/1 | E 49/250 Ended | E Time: 12.729s | ~Time Left: 2558.554s |  Train Loss: 0.5027 | Train Acc. 81.3571% | Test Loss: 0.4585 | Test Acc. 83.5714%
Adas on CRC_transformed: T 1/1 | E 50/250 Ended | E Time: 12.585s | ~Time Left: 2516.943s |  Train Loss: 0.4691 | Train Acc. 83.0714% | Test Loss: 0.5059 | Test Acc. 82.7143%
Adas on CRC_transformed: T 1/1 | E 51/250 Ended | E Time: 12.762s | ~Time Left: 2539.714s |  Train Loss: 0.4810 | Train Acc. 82.1429% | Test Loss: 2.0403 | Test Acc. 65.0714%
Adas on CRC_transformed: T 1/1 | E 52/250 Ended | E Time: 12.703s | ~Time Left: 2515.246s |  Train Loss: 0.5314 | Train Acc. 81.9286% | Test Loss: 0.5545 | Test Acc. 80.2857%
Adas on CRC_transformed: T 1/1 | E 53/250 Ended | E Time: 13.102s | ~Time Left: 2581.091s |  Train Loss: 0.4587 | Train Acc. 82.7857% | Test Loss: 0.5365 | Test Acc. 80.8571%
Adas on CRC_transformed: T 1/1 | E 54/250 Ended | E Time: 12.644s | ~Time Left: 2478.280s |  Train Loss: 0.4804 | Train Acc. 82.8571% | Test Loss: 0.7560 | Test Acc. 75.5000%
Adas on CRC_transformed: T 1/1 | E 55/250 Ended | E Time: 12.619s | ~Time Left: 2460.714s |  Train Loss: 0.4571 | Train Acc. 83.3571% | Test Loss: 0.5261 | Test Acc. 80.6429%
Adas on CRC_transformed: T 1/1 | E 56/250 Ended | E Time: 13.317s | ~Time Left: 2583.585s |  Train Loss: 0.4356 | Train Acc. 83.4286% | Test Loss: 0.4046 | Test Acc. 86.2857%
Adas on CRC_transformed: T 1/1 | E 57/250 Ended | E Time: 12.553s | ~Time Left: 2422.684s |  Train Loss: 0.4348 | Train Acc. 84.1429% | Test Loss: 0.6571 | Test Acc. 74.8571%
Adas on CRC_transformed: T 1/1 | E 58/250 Ended | E Time: 12.631s | ~Time Left: 2425.079s |  Train Loss: 0.4506 | Train Acc. 85.2857% | Test Loss: 0.3686 | Test Acc. 86.5000%
Adas on CRC_transformed: T 1/1 | E 59/250 Ended | E Time: 12.874s | ~Time Left: 2458.888s |  Train Loss: 0.4298 | Train Acc. 84.1429% | Test Loss: 0.4424 | Test Acc. 84.6429%
Adas on CRC_transformed: T 1/1 | E 60/250 Ended | E Time: 12.604s | ~Time Left: 2394.728s |  Train Loss: 0.4101 | Train Acc. 84.9286% | Test Loss: 0.5642 | Test Acc. 81.2143%
Adas on CRC_transformed: T 1/1 | E 61/250 Ended | E Time: 12.617s | ~Time Left: 2384.550s |  Train Loss: 0.4600 | Train Acc. 82.7857% | Test Loss: 0.6114 | Test Acc. 74.8571%
Adas on CRC_transformed: T 1/1 | E 62/250 Ended | E Time: 12.801s | ~Time Left: 2406.664s |  Train Loss: 0.4007 | Train Acc. 84.3571% | Test Loss: 0.3974 | Test Acc. 86.1429%
Adas on CRC_transformed: T 1/1 | E 63/250 Ended | E Time: 12.649s | ~Time Left: 2365.306s |  Train Loss: 0.3853 | Train Acc. 85.8571% | Test Loss: 0.6153 | Test Acc. 76.9286%
Adas on CRC_transformed: T 1/1 | E 64/250 Ended | E Time: 12.663s | ~Time Left: 2355.317s |  Train Loss: 0.3787 | Train Acc. 86.6429% | Test Loss: 0.5496 | Test Acc. 81.9286%
Adas on CRC_transformed: T 1/1 | E 65/250 Ended | E Time: 12.596s | ~Time Left: 2330.338s |  Train Loss: 0.3457 | Train Acc. 87.1429% | Test Loss: 0.3576 | Test Acc. 86.0000%
Adas on CRC_transformed: T 1/1 | E 66/250 Ended | E Time: 12.606s | ~Time Left: 2319.439s |  Train Loss: 0.3543 | Train Acc. 87.1429% | Test Loss: 0.4294 | Test Acc. 86.7143%
Adas on CRC_transformed: T 1/1 | E 67/250 Ended | E Time: 12.934s | ~Time Left: 2367.008s |  Train Loss: 0.3618 | Train Acc. 87.5714% | Test Loss: 0.3917 | Test Acc. 85.2143%
Adas on CRC_transformed: T 1/1 | E 68/250 Ended | E Time: 12.536s | ~Time Left: 2281.519s |  Train Loss: 0.3578 | Train Acc. 88.0000% | Test Loss: 0.3445 | Test Acc. 88.6429%
Adas on CRC_transformed: T 1/1 | E 69/250 Ended | E Time: 12.672s | ~Time Left: 2293.566s |  Train Loss: 0.3511 | Train Acc. 87.7143% | Test Loss: 0.4556 | Test Acc. 85.0000%
Adas on CRC_transformed: T 1/1 | E 70/250 Ended | E Time: 12.692s | ~Time Left: 2284.606s |  Train Loss: 0.3291 | Train Acc. 88.5000% | Test Loss: 0.4016 | Test Acc. 86.3571%
Adas on CRC_transformed: T 1/1 | E 71/250 Ended | E Time: 12.611s | ~Time Left: 2257.295s |  Train Loss: 0.3753 | Train Acc. 86.5714% | Test Loss: 0.8380 | Test Acc. 77.0000%
Adas on CRC_transformed: T 1/1 | E 72/250 Ended | E Time: 12.717s | ~Time Left: 2263.577s |  Train Loss: 0.3979 | Train Acc. 85.5000% | Test Loss: 0.5096 | Test Acc. 82.1429%
Adas on CRC_transformed: T 1/1 | E 73/250 Ended | E Time: 12.697s | ~Time Left: 2247.364s |  Train Loss: 0.3069 | Train Acc. 88.7857% | Test Loss: 0.3392 | Test Acc. 88.0000%
Adas on CRC_transformed: T 1/1 | E 74/250 Ended | E Time: 12.630s | ~Time Left: 2222.948s |  Train Loss: 0.3203 | Train Acc. 88.9286% | Test Loss: 0.4936 | Test Acc. 83.6429%
Adas on CRC_transformed: T 1/1 | E 75/250 Ended | E Time: 12.487s | ~Time Left: 2185.195s |  Train Loss: 0.3349 | Train Acc. 87.0714% | Test Loss: 0.6696 | Test Acc. 80.4286%
Adas on CRC_transformed: T 1/1 | E 76/250 Ended | E Time: 13.035s | ~Time Left: 2268.178s |  Train Loss: 0.3277 | Train Acc. 87.7857% | Test Loss: 3.0150 | Test Acc. 68.7143%
Adas on CRC_transformed: T 1/1 | E 77/250 Ended | E Time: 13.080s | ~Time Left: 2262.782s |  Train Loss: 0.3076 | Train Acc. 88.5714% | Test Loss: 0.2814 | Test Acc. 90.3571%
Adas on CRC_transformed: T 1/1 | E 78/250 Ended | E Time: 12.667s | ~Time Left: 2178.770s |  Train Loss: 0.2922 | Train Acc. 90.0714% | Test Loss: 0.4380 | Test Acc. 85.9286%
Adas on CRC_transformed: T 1/1 | E 79/250 Ended | E Time: 12.581s | ~Time Left: 2151.352s |  Train Loss: 0.3539 | Train Acc. 87.2143% | Test Loss: 1.1250 | Test Acc. 63.7143%
Adas on CRC_transformed: T 1/1 | E 80/250 Ended | E Time: 12.564s | ~Time Left: 2135.829s |  Train Loss: 0.2916 | Train Acc. 89.1429% | Test Loss: 0.5582 | Test Acc. 81.7143%
Adas on CRC_transformed: T 1/1 | E 81/250 Ended | E Time: 12.604s | ~Time Left: 2129.999s |  Train Loss: 0.2893 | Train Acc. 90.1429% | Test Loss: 0.2728 | Test Acc. 90.5000%
Adas on CRC_transformed: T 1/1 | E 82/250 Ended | E Time: 12.582s | ~Time Left: 2113.814s |  Train Loss: 0.3123 | Train Acc. 88.2143% | Test Loss: 0.3434 | Test Acc. 89.4286%
Adas on CRC_transformed: T 1/1 | E 83/250 Ended | E Time: 12.581s | ~Time Left: 2101.024s |  Train Loss: 0.2911 | Train Acc. 90.1429% | Test Loss: 0.4281 | Test Acc. 83.2143%
Adas on CRC_transformed: T 1/1 | E 84/250 Ended | E Time: 14.613s | ~Time Left: 2425.834s |  Train Loss: 0.3390 | Train Acc. 87.0714% | Test Loss: 1.1310 | Test Acc. 63.9286%
Adas on CRC_transformed: T 1/1 | E 85/250 Ended | E Time: 12.556s | ~Time Left: 2071.716s |  Train Loss: 0.3128 | Train Acc. 88.5000% | Test Loss: 0.4078 | Test Acc. 85.3571%
Adas on CRC_transformed: T 1/1 | E 86/250 Ended | E Time: 12.916s | ~Time Left: 2118.145s |  Train Loss: 0.2913 | Train Acc. 90.2143% | Test Loss: 0.2875 | Test Acc. 89.8571%
Adas on CRC_transformed: T 1/1 | E 87/250 Ended | E Time: 13.098s | ~Time Left: 2134.907s |  Train Loss: 0.2877 | Train Acc. 90.0714% | Test Loss: 0.4753 | Test Acc. 83.9286%
Adas on CRC_transformed: T 1/1 | E 88/250 Ended | E Time: 13.293s | ~Time Left: 2153.488s |  Train Loss: 0.2868 | Train Acc. 89.6429% | Test Loss: 0.4962 | Test Acc. 84.8571%
Adas on CRC_transformed: T 1/1 | E 89/250 Ended | E Time: 13.168s | ~Time Left: 2120.010s |  Train Loss: 0.2921 | Train Acc. 89.3571% | Test Loss: 0.3365 | Test Acc. 87.9286%
Adas on CRC_transformed: T 1/1 | E 90/250 Ended | E Time: 12.627s | ~Time Left: 2020.308s |  Train Loss: 0.2643 | Train Acc. 90.1429% | Test Loss: 0.3257 | Test Acc. 88.3571%
Adas on CRC_transformed: T 1/1 | E 91/250 Ended | E Time: 12.903s | ~Time Left: 2051.587s |  Train Loss: 0.2827 | Train Acc. 90.2143% | Test Loss: 0.2947 | Test Acc. 89.9286%
Adas on CRC_transformed: T 1/1 | E 92/250 Ended | E Time: 12.613s | ~Time Left: 1992.807s |  Train Loss: 0.2551 | Train Acc. 92.0000% | Test Loss: 0.3007 | Test Acc. 89.2857%
Adas on CRC_transformed: T 1/1 | E 93/250 Ended | E Time: 12.644s | ~Time Left: 1985.167s |  Train Loss: 0.2560 | Train Acc. 91.0714% | Test Loss: 0.3578 | Test Acc. 87.7857%
Adas on CRC_transformed: T 1/1 | E 94/250 Ended | E Time: 12.696s | ~Time Left: 1980.603s |  Train Loss: 0.2577 | Train Acc. 90.9286% | Test Loss: 0.2517 | Test Acc. 90.9286%
Adas on CRC_transformed: T 1/1 | E 95/250 Ended | E Time: 12.510s | ~Time Left: 1939.000s |  Train Loss: 0.2424 | Train Acc. 91.7857% | Test Loss: 0.2999 | Test Acc. 89.7857%
Adas on CRC_transformed: T 1/1 | E 96/250 Ended | E Time: 12.499s | ~Time Left: 1924.920s |  Train Loss: 0.2465 | Train Acc. 90.6429% | Test Loss: 0.2978 | Test Acc. 90.0000%
Adas on CRC_transformed: T 1/1 | E 97/250 Ended | E Time: 12.660s | ~Time Left: 1937.009s |  Train Loss: 0.2239 | Train Acc. 91.4286% | Test Loss: 0.2689 | Test Acc. 91.2143%
Adas on CRC_transformed: T 1/1 | E 98/250 Ended | E Time: 12.807s | ~Time Left: 1946.687s |  Train Loss: 0.2739 | Train Acc. 90.5714% | Test Loss: 0.3961 | Test Acc. 86.2857%
Adas on CRC_transformed: T 1/1 | E 99/250 Ended | E Time: 12.489s | ~Time Left: 1885.797s |  Train Loss: 0.2797 | Train Acc. 90.2857% | Test Loss: 0.2854 | Test Acc. 91.0000%
Adas on CRC_transformed: T 1/1 | E 100/250 Ended | E Time: 12.594s | ~Time Left: 1889.095s |  Train Loss: 0.2485 | Train Acc. 91.2857% | Test Loss: 0.3049 | Test Acc. 90.0000%
Adas on CRC_transformed: T 1/1 | E 101/250 Ended | E Time: 12.562s | ~Time Left: 1871.757s |  Train Loss: 0.2446 | Train Acc. 91.2857% | Test Loss: 0.3170 | Test Acc. 88.7857%
Adas on CRC_transformed: T 1/1 | E 102/250 Ended | E Time: 12.565s | ~Time Left: 1859.604s |  Train Loss: 0.2108 | Train Acc. 92.1429% | Test Loss: 0.3058 | Test Acc. 89.1429%
Adas on CRC_transformed: T 1/1 | E 103/250 Ended | E Time: 12.457s | ~Time Left: 1831.206s |  Train Loss: 0.2152 | Train Acc. 92.2857% | Test Loss: 0.3677 | Test Acc. 86.7857%
Adas on CRC_transformed: T 1/1 | E 104/250 Ended | E Time: 13.149s | ~Time Left: 1919.793s |  Train Loss: 0.2300 | Train Acc. 92.4286% | Test Loss: 0.2488 | Test Acc. 91.2857%
Adas on CRC_transformed: T 1/1 | E 105/250 Ended | E Time: 12.597s | ~Time Left: 1826.634s |  Train Loss: 0.2460 | Train Acc. 90.5000% | Test Loss: 0.2906 | Test Acc. 89.5714%
Adas on CRC_transformed: T 1/1 | E 106/250 Ended | E Time: 12.614s | ~Time Left: 1816.422s |  Train Loss: 0.2274 | Train Acc. 92.2143% | Test Loss: 0.2490 | Test Acc. 91.8571%
Adas on CRC_transformed: T 1/1 | E 107/250 Ended | E Time: 12.771s | ~Time Left: 1826.232s |  Train Loss: 0.2277 | Train Acc. 91.0000% | Test Loss: 0.2580 | Test Acc. 91.0000%
Adas on CRC_transformed: T 1/1 | E 108/250 Ended | E Time: 12.552s | ~Time Left: 1782.405s |  Train Loss: 0.2066 | Train Acc. 93.0000% | Test Loss: 0.2503 | Test Acc. 91.2143%
Adas on CRC_transformed: T 1/1 | E 109/250 Ended | E Time: 12.480s | ~Time Left: 1759.751s |  Train Loss: 0.2109 | Train Acc. 92.0714% | Test Loss: 0.2659 | Test Acc. 90.8571%
Adas on CRC_transformed: T 1/1 | E 110/250 Ended | E Time: 12.578s | ~Time Left: 1760.893s |  Train Loss: 0.2268 | Train Acc. 92.2857% | Test Loss: 0.2681 | Test Acc. 90.7857%
Adas on CRC_transformed: T 1/1 | E 111/250 Ended | E Time: 12.667s | ~Time Left: 1760.664s |  Train Loss: 0.2226 | Train Acc. 91.5714% | Test Loss: 0.2240 | Test Acc. 91.5000%
Adas on CRC_transformed: T 1/1 | E 112/250 Ended | E Time: 12.664s | ~Time Left: 1747.586s |  Train Loss: 0.2152 | Train Acc. 92.4286% | Test Loss: 0.2479 | Test Acc. 90.3571%
Adas on CRC_transformed: T 1/1 | E 113/250 Ended | E Time: 12.755s | ~Time Left: 1747.449s |  Train Loss: 0.2051 | Train Acc. 92.5000% | Test Loss: 0.4012 | Test Acc. 85.0000%
Adas on CRC_transformed: T 1/1 | E 114/250 Ended | E Time: 12.555s | ~Time Left: 1707.511s |  Train Loss: 0.2461 | Train Acc. 91.7143% | Test Loss: 0.3563 | Test Acc. 87.3571%
Adas on CRC_transformed: T 1/1 | E 115/250 Ended | E Time: 12.502s | ~Time Left: 1687.836s |  Train Loss: 0.2212 | Train Acc. 91.7857% | Test Loss: 0.2345 | Test Acc. 91.3571%
Adas on CRC_transformed: T 1/1 | E 116/250 Ended | E Time: 13.115s | ~Time Left: 1757.403s |  Train Loss: 0.1964 | Train Acc. 92.5000% | Test Loss: 0.2291 | Test Acc. 91.5714%
Adas on CRC_transformed: T 1/1 | E 117/250 Ended | E Time: 12.516s | ~Time Left: 1664.626s |  Train Loss: 0.1743 | Train Acc. 93.6429% | Test Loss: 0.2968 | Test Acc. 89.9286%
Adas on CRC_transformed: T 1/1 | E 118/250 Ended | E Time: 12.499s | ~Time Left: 1649.878s |  Train Loss: 0.1926 | Train Acc. 93.2857% | Test Loss: 0.3142 | Test Acc. 89.7143%
Adas on CRC_transformed: T 1/1 | E 119/250 Ended | E Time: 12.544s | ~Time Left: 1643.262s |  Train Loss: 0.2311 | Train Acc. 91.9286% | Test Loss: 0.1960 | Test Acc. 93.6429%
Adas on CRC_transformed: T 1/1 | E 120/250 Ended | E Time: 12.682s | ~Time Left: 1648.705s |  Train Loss: 0.1833 | Train Acc. 93.3571% | Test Loss: 0.2412 | Test Acc. 92.2143%
Adas on CRC_transformed: T 1/1 | E 121/250 Ended | E Time: 12.509s | ~Time Left: 1613.714s |  Train Loss: 0.1829 | Train Acc. 92.9286% | Test Loss: 0.2048 | Test Acc. 92.4286%
Adas on CRC_transformed: T 1/1 | E 122/250 Ended | E Time: 12.648s | ~Time Left: 1618.922s |  Train Loss: 0.2182 | Train Acc. 92.6429% | Test Loss: 0.3278 | Test Acc. 89.0714%
Adas on CRC_transformed: T 1/1 | E 123/250 Ended | E Time: 12.640s | ~Time Left: 1605.304s |  Train Loss: 0.1808 | Train Acc. 94.1429% | Test Loss: 0.2068 | Test Acc. 93.2857%
Adas on CRC_transformed: T 1/1 | E 124/250 Ended | E Time: 12.535s | ~Time Left: 1579.354s |  Train Loss: 0.1656 | Train Acc. 93.7143% | Test Loss: 0.2163 | Test Acc. 92.8571%
Adas on CRC_transformed: T 1/1 | E 125/250 Ended | E Time: 12.735s | ~Time Left: 1591.834s |  Train Loss: 0.1878 | Train Acc. 93.0714% | Test Loss: 0.2816 | Test Acc. 90.5714%
Adas on CRC_transformed: T 1/1 | E 126/250 Ended | E Time: 12.595s | ~Time Left: 1561.792s |  Train Loss: 0.1815 | Train Acc. 93.8571% | Test Loss: 0.2238 | Test Acc. 91.7143%
Adas on CRC_transformed: T 1/1 | E 127/250 Ended | E Time: 12.593s | ~Time Left: 1548.910s |  Train Loss: 0.1768 | Train Acc. 93.5000% | Test Loss: 0.2495 | Test Acc. 91.7143%
Adas on CRC_transformed: T 1/1 | E 128/250 Ended | E Time: 12.552s | ~Time Left: 1531.323s |  Train Loss: 0.1669 | Train Acc. 94.8571% | Test Loss: 0.4089 | Test Acc. 85.6429%
Adas on CRC_transformed: T 1/1 | E 129/250 Ended | E Time: 12.604s | ~Time Left: 1525.110s |  Train Loss: 0.1586 | Train Acc. 94.5714% | Test Loss: 0.3257 | Test Acc. 88.3571%
Adas on CRC_transformed: T 1/1 | E 130/250 Ended | E Time: 12.771s | ~Time Left: 1532.466s |  Train Loss: 0.1788 | Train Acc. 93.7143% | Test Loss: 0.2413 | Test Acc. 91.5000%
Adas on CRC_transformed: T 1/1 | E 131/250 Ended | E Time: 12.612s | ~Time Left: 1500.846s |  Train Loss: 0.1750 | Train Acc. 93.7857% | Test Loss: 0.2545 | Test Acc. 90.7143%
Adas on CRC_transformed: T 1/1 | E 132/250 Ended | E Time: 12.417s | ~Time Left: 1465.254s |  Train Loss: 0.1763 | Train Acc. 93.7143% | Test Loss: 0.2304 | Test Acc. 92.0714%
Adas on CRC_transformed: T 1/1 | E 133/250 Ended | E Time: 12.812s | ~Time Left: 1499.052s |  Train Loss: 0.1776 | Train Acc. 93.2143% | Test Loss: 0.1993 | Test Acc. 93.5714%
Adas on CRC_transformed: T 1/1 | E 134/250 Ended | E Time: 12.539s | ~Time Left: 1454.489s |  Train Loss: 0.1671 | Train Acc. 94.3571% | Test Loss: 0.2241 | Test Acc. 92.2143%
Adas on CRC_transformed: T 1/1 | E 135/250 Ended | E Time: 12.560s | ~Time Left: 1444.381s |  Train Loss: 0.1620 | Train Acc. 93.6429% | Test Loss: 0.2221 | Test Acc. 92.8571%
Adas on CRC_transformed: T 1/1 | E 136/250 Ended | E Time: 12.650s | ~Time Left: 1442.145s |  Train Loss: 0.1725 | Train Acc. 93.0714% | Test Loss: 0.2182 | Test Acc. 92.1429%
Adas on CRC_transformed: T 1/1 | E 137/250 Ended | E Time: 12.530s | ~Time Left: 1415.904s |  Train Loss: 0.1653 | Train Acc. 93.5000% | Test Loss: 0.1682 | Test Acc. 94.0714%
Adas on CRC_transformed: T 1/1 | E 138/250 Ended | E Time: 12.869s | ~Time Left: 1441.299s |  Train Loss: 0.1433 | Train Acc. 94.7143% | Test Loss: 0.2129 | Test Acc. 92.2857%
Adas on CRC_transformed: T 1/1 | E 139/250 Ended | E Time: 12.537s | ~Time Left: 1391.635s |  Train Loss: 0.1514 | Train Acc. 94.2857% | Test Loss: 0.2083 | Test Acc. 92.7857%
Adas on CRC_transformed: T 1/1 | E 140/250 Ended | E Time: 12.784s | ~Time Left: 1406.286s |  Train Loss: 0.1560 | Train Acc. 94.2857% | Test Loss: 0.2158 | Test Acc. 92.7857%
Adas on CRC_transformed: T 1/1 | E 141/250 Ended | E Time: 12.547s | ~Time Left: 1367.669s |  Train Loss: 0.1593 | Train Acc. 94.5000% | Test Loss: 0.2409 | Test Acc. 91.7857%
Adas on CRC_transformed: T 1/1 | E 142/250 Ended | E Time: 12.615s | ~Time Left: 1362.450s |  Train Loss: 0.1688 | Train Acc. 94.1429% | Test Loss: 0.2734 | Test Acc. 91.5000%
Adas on CRC_transformed: T 1/1 | E 143/250 Ended | E Time: 12.574s | ~Time Left: 1345.457s |  Train Loss: 0.1750 | Train Acc. 93.2143% | Test Loss: 0.2012 | Test Acc. 92.6429%
Adas on CRC_transformed: T 1/1 | E 144/250 Ended | E Time: 12.920s | ~Time Left: 1369.518s |  Train Loss: 0.1361 | Train Acc. 95.0714% | Test Loss: 0.6761 | Test Acc. 80.3571%
Adas on CRC_transformed: T 1/1 | E 145/250 Ended | E Time: 12.476s | ~Time Left: 1309.960s |  Train Loss: 0.1537 | Train Acc. 94.5000% | Test Loss: 0.2049 | Test Acc. 92.8571%
Adas on CRC_transformed: T 1/1 | E 146/250 Ended | E Time: 12.650s | ~Time Left: 1315.641s |  Train Loss: 0.1595 | Train Acc. 94.6429% | Test Loss: 0.1852 | Test Acc. 93.4286%
Adas on CRC_transformed: T 1/1 | E 147/250 Ended | E Time: 12.668s | ~Time Left: 1304.825s |  Train Loss: 0.1336 | Train Acc. 95.1429% | Test Loss: 0.1957 | Test Acc. 93.6429%
Adas on CRC_transformed: T 1/1 | E 148/250 Ended | E Time: 12.561s | ~Time Left: 1281.262s |  Train Loss: 0.1433 | Train Acc. 94.7143% | Test Loss: 0.1797 | Test Acc. 93.7143%
Adas on CRC_transformed: T 1/1 | E 149/250 Ended | E Time: 12.530s | ~Time Left: 1265.492s |  Train Loss: 0.1276 | Train Acc. 95.0714% | Test Loss: 0.1920 | Test Acc. 93.7857%
Adas on CRC_transformed: T 1/1 | E 150/250 Ended | E Time: 13.061s | ~Time Left: 1306.057s |  Train Loss: 0.1900 | Train Acc. 94.1429% | Test Loss: 0.2029 | Test Acc. 92.9286%
Adas on CRC_transformed: T 1/1 | E 151/250 Ended | E Time: 12.572s | ~Time Left: 1244.608s |  Train Loss: 0.1519 | Train Acc. 94.7857% | Test Loss: 0.2654 | Test Acc. 91.7857%
Adas on CRC_transformed: T 1/1 | E 152/250 Ended | E Time: 12.639s | ~Time Left: 1238.652s |  Train Loss: 0.1439 | Train Acc. 94.8571% | Test Loss: 0.2255 | Test Acc. 92.3571%
Adas on CRC_transformed: T 1/1 | E 153/250 Ended | E Time: 12.586s | ~Time Left: 1220.850s |  Train Loss: 0.1197 | Train Acc. 95.7143% | Test Loss: 0.1971 | Test Acc. 92.8571%
Adas on CRC_transformed: T 1/1 | E 154/250 Ended | E Time: 12.655s | ~Time Left: 1214.885s |  Train Loss: 0.1241 | Train Acc. 95.7857% | Test Loss: 0.1966 | Test Acc. 92.6429%
Adas on CRC_transformed: T 1/1 | E 155/250 Ended | E Time: 12.662s | ~Time Left: 1202.905s |  Train Loss: 0.1395 | Train Acc. 94.6429% | Test Loss: 0.1849 | Test Acc. 93.2857%
Adas on CRC_transformed: T 1/1 | E 156/250 Ended | E Time: 12.545s | ~Time Left: 1179.224s |  Train Loss: 0.1295 | Train Acc. 95.7857% | Test Loss: 0.1875 | Test Acc. 93.5714%
Adas on CRC_transformed: T 1/1 | E 157/250 Ended | E Time: 12.627s | ~Time Left: 1174.313s |  Train Loss: 0.1415 | Train Acc. 95.0714% | Test Loss: 0.1786 | Test Acc. 94.0000%
Adas on CRC_transformed: T 1/1 | E 158/250 Ended | E Time: 12.846s | ~Time Left: 1181.836s |  Train Loss: 0.1295 | Train Acc. 96.2143% | Test Loss: 0.1856 | Test Acc. 93.7857%
Adas on CRC_transformed: T 1/1 | E 159/250 Ended | E Time: 12.553s | ~Time Left: 1142.340s |  Train Loss: 0.1326 | Train Acc. 95.2857% | Test Loss: 0.1976 | Test Acc. 93.2143%
Adas on CRC_transformed: T 1/1 | E 160/250 Ended | E Time: 12.627s | ~Time Left: 1136.468s |  Train Loss: 0.1353 | Train Acc. 94.7857% | Test Loss: 0.2042 | Test Acc. 92.9286%
Adas on CRC_transformed: T 1/1 | E 161/250 Ended | E Time: 12.629s | ~Time Left: 1124.020s |  Train Loss: 0.1149 | Train Acc. 96.2143% | Test Loss: 0.2016 | Test Acc. 93.7857%
Adas on CRC_transformed: T 1/1 | E 162/250 Ended | E Time: 13.007s | ~Time Left: 1144.605s |  Train Loss: 0.1258 | Train Acc. 95.7857% | Test Loss: 0.2253 | Test Acc. 92.2857%
Adas on CRC_transformed: T 1/1 | E 163/250 Ended | E Time: 12.509s | ~Time Left: 1088.284s |  Train Loss: 0.1147 | Train Acc. 96.0714% | Test Loss: 0.1886 | Test Acc. 93.8571%
Adas on CRC_transformed: T 1/1 | E 164/250 Ended | E Time: 12.727s | ~Time Left: 1094.548s |  Train Loss: 0.1219 | Train Acc. 95.5714% | Test Loss: 0.2172 | Test Acc. 92.7857%
Adas on CRC_transformed: T 1/1 | E 165/250 Ended | E Time: 12.845s | ~Time Left: 1091.853s |  Train Loss: 0.1177 | Train Acc. 95.7143% | Test Loss: 0.1879 | Test Acc. 93.9286%
Adas on CRC_transformed: T 1/1 | E 166/250 Ended | E Time: 12.920s | ~Time Left: 1085.309s |  Train Loss: 0.1264 | Train Acc. 96.0000% | Test Loss: 0.1751 | Test Acc. 93.5714%
Adas on CRC_transformed: T 1/1 | E 167/250 Ended | E Time: 12.632s | ~Time Left: 1048.497s |  Train Loss: 0.1058 | Train Acc. 96.5714% | Test Loss: 0.2050 | Test Acc. 93.2143%
Adas on CRC_transformed: T 1/1 | E 168/250 Ended | E Time: 12.544s | ~Time Left: 1028.613s |  Train Loss: 0.1250 | Train Acc. 95.7143% | Test Loss: 0.1837 | Test Acc. 94.2857%
Adas on CRC_transformed: T 1/1 | E 169/250 Ended | E Time: 12.497s | ~Time Left: 1012.235s |  Train Loss: 0.1066 | Train Acc. 96.3571% | Test Loss: 0.1993 | Test Acc. 93.3571%
Adas on CRC_transformed: T 1/1 | E 170/250 Ended | E Time: 12.609s | ~Time Left: 1008.685s |  Train Loss: 0.1225 | Train Acc. 96.2143% | Test Loss: 0.1969 | Test Acc. 94.0714%
Adas on CRC_transformed: T 1/1 | E 171/250 Ended | E Time: 12.475s | ~Time Left: 985.558s |  Train Loss: 0.1163 | Train Acc. 95.5714% | Test Loss: 0.2062 | Test Acc. 93.0714%
Adas on CRC_transformed: T 1/1 | E 172/250 Ended | E Time: 12.637s | ~Time Left: 985.658s |  Train Loss: 0.1267 | Train Acc. 95.5714% | Test Loss: 0.1890 | Test Acc. 93.5000%
Adas on CRC_transformed: T 1/1 | E 173/250 Ended | E Time: 12.753s | ~Time Left: 981.984s |  Train Loss: 0.1051 | Train Acc. 96.2857% | Test Loss: 0.1769 | Test Acc. 93.8571%
Adas on CRC_transformed: T 1/1 | E 174/250 Ended | E Time: 13.178s | ~Time Left: 1001.505s |  Train Loss: 0.1079 | Train Acc. 95.7857% | Test Loss: 0.1775 | Test Acc. 94.2857%
Adas on CRC_transformed: T 1/1 | E 175/250 Ended | E Time: 12.641s | ~Time Left: 948.039s |  Train Loss: 0.1094 | Train Acc. 96.2143% | Test Loss: 0.2114 | Test Acc. 93.2143%
Adas on CRC_transformed: T 1/1 | E 176/250 Ended | E Time: 12.520s | ~Time Left: 926.506s |  Train Loss: 0.1055 | Train Acc. 96.6429% | Test Loss: 0.1863 | Test Acc. 93.5000%
Adas on CRC_transformed: T 1/1 | E 177/250 Ended | E Time: 12.725s | ~Time Left: 928.911s |  Train Loss: 0.1186 | Train Acc. 95.6429% | Test Loss: 0.1921 | Test Acc. 93.7143%
Adas on CRC_transformed: T 1/1 | E 178/250 Ended | E Time: 12.715s | ~Time Left: 915.500s |  Train Loss: 0.0897 | Train Acc. 96.7857% | Test Loss: 0.1936 | Test Acc. 93.5000%
Adas on CRC_transformed: T 1/1 | E 179/250 Ended | E Time: 12.796s | ~Time Left: 908.551s |  Train Loss: 0.1030 | Train Acc. 96.5000% | Test Loss: 0.1935 | Test Acc. 93.3571%
Adas on CRC_transformed: T 1/1 | E 180/250 Ended | E Time: 12.781s | ~Time Left: 894.654s |  Train Loss: 0.0995 | Train Acc. 96.5714% | Test Loss: 0.1784 | Test Acc. 93.7857%
Adas on CRC_transformed: T 1/1 | E 181/250 Ended | E Time: 12.641s | ~Time Left: 872.223s |  Train Loss: 0.1204 | Train Acc. 95.5714% | Test Loss: 0.1907 | Test Acc. 93.7143%
Adas on CRC_transformed: T 1/1 | E 182/250 Ended | E Time: 12.500s | ~Time Left: 850.016s |  Train Loss: 0.1317 | Train Acc. 95.7143% | Test Loss: 0.2127 | Test Acc. 93.2143%
Adas on CRC_transformed: T 1/1 | E 183/250 Ended | E Time: 12.629s | ~Time Left: 846.118s |  Train Loss: 0.1205 | Train Acc. 95.7857% | Test Loss: 0.1806 | Test Acc. 93.9286%
Adas on CRC_transformed: T 1/1 | E 184/250 Ended | E Time: 12.568s | ~Time Left: 829.477s |  Train Loss: 0.1002 | Train Acc. 96.5714% | Test Loss: 0.2015 | Test Acc. 93.1429%
Adas on CRC_transformed: T 1/1 | E 185/250 Ended | E Time: 12.673s | ~Time Left: 823.740s |  Train Loss: 0.1002 | Train Acc. 96.5000% | Test Loss: 0.1743 | Test Acc. 94.2857%
Adas on CRC_transformed: T 1/1 | E 186/250 Ended | E Time: 12.513s | ~Time Left: 800.836s |  Train Loss: 0.1000 | Train Acc. 96.1429% | Test Loss: 0.1791 | Test Acc. 94.0714%
Adas on CRC_transformed: T 1/1 | E 187/250 Ended | E Time: 12.595s | ~Time Left: 793.458s |  Train Loss: 0.0954 | Train Acc. 96.7143% | Test Loss: 0.1741 | Test Acc. 94.3571%
Adas on CRC_transformed: T 1/1 | E 188/250 Ended | E Time: 12.755s | ~Time Left: 790.796s |  Train Loss: 0.0969 | Train Acc. 96.2143% | Test Loss: 0.2203 | Test Acc. 93.0000%
Adas on CRC_transformed: T 1/1 | E 189/250 Ended | E Time: 12.580s | ~Time Left: 767.355s |  Train Loss: 0.0999 | Train Acc. 96.2143% | Test Loss: 0.1777 | Test Acc. 94.3571%
Adas on CRC_transformed: T 1/1 | E 190/250 Ended | E Time: 12.800s | ~Time Left: 768.026s |  Train Loss: 0.1052 | Train Acc. 97.0000% | Test Loss: 0.1910 | Test Acc. 93.3571%
Adas on CRC_transformed: T 1/1 | E 191/250 Ended | E Time: 12.618s | ~Time Left: 744.472s |  Train Loss: 0.0846 | Train Acc. 96.8571% | Test Loss: 0.1861 | Test Acc. 93.5714%
Adas on CRC_transformed: T 1/1 | E 192/250 Ended | E Time: 12.953s | ~Time Left: 751.269s |  Train Loss: 0.1007 | Train Acc. 96.9286% | Test Loss: 0.2130 | Test Acc. 92.6429%
Adas on CRC_transformed: T 1/1 | E 193/250 Ended | E Time: 12.507s | ~Time Left: 712.906s |  Train Loss: 0.0989 | Train Acc. 96.6429% | Test Loss: 0.1875 | Test Acc. 93.7143%
Adas on CRC_transformed: T 1/1 | E 194/250 Ended | E Time: 12.581s | ~Time Left: 704.535s |  Train Loss: 0.1017 | Train Acc. 96.4286% | Test Loss: 0.1931 | Test Acc. 93.2857%
Adas on CRC_transformed: T 1/1 | E 195/250 Ended | E Time: 12.552s | ~Time Left: 690.346s |  Train Loss: 0.0995 | Train Acc. 96.4286% | Test Loss: 0.2210 | Test Acc. 92.9286%
Adas on CRC_transformed: T 1/1 | E 196/250 Ended | E Time: 12.552s | ~Time Left: 677.790s |  Train Loss: 0.0979 | Train Acc. 96.7143% | Test Loss: 0.1615 | Test Acc. 95.5714%
Adas on CRC_transformed: T 1/1 | E 197/250 Ended | E Time: 12.602s | ~Time Left: 667.880s |  Train Loss: 0.0978 | Train Acc. 97.0000% | Test Loss: 0.1532 | Test Acc. 95.0000%
Adas on CRC_transformed: T 1/1 | E 198/250 Ended | E Time: 12.704s | ~Time Left: 660.632s |  Train Loss: 0.0856 | Train Acc. 97.5000% | Test Loss: 0.1912 | Test Acc. 93.5000%
Adas on CRC_transformed: T 1/1 | E 199/250 Ended | E Time: 15.419s | ~Time Left: 786.351s |  Train Loss: 0.1051 | Train Acc. 96.2143% | Test Loss: 0.1929 | Test Acc. 93.6429%
Adas on CRC_transformed: T 1/1 | E 200/250 Ended | E Time: 14.904s | ~Time Left: 745.213s |  Train Loss: 0.1039 | Train Acc. 96.6429% | Test Loss: 0.1734 | Test Acc. 94.7143%
Adas on CRC_transformed: T 1/1 | E 201/250 Ended | E Time: 12.661s | ~Time Left: 620.382s |  Train Loss: 0.0952 | Train Acc. 96.5000% | Test Loss: 0.1675 | Test Acc. 93.8571%
Adas on CRC_transformed: T 1/1 | E 202/250 Ended | E Time: 12.483s | ~Time Left: 599.207s |  Train Loss: 0.0848 | Train Acc. 97.0000% | Test Loss: 0.1791 | Test Acc. 94.3571%
Adas on CRC_transformed: T 1/1 | E 203/250 Ended | E Time: 12.539s | ~Time Left: 589.348s |  Train Loss: 0.0888 | Train Acc. 97.2143% | Test Loss: 0.1670 | Test Acc. 94.0714%
Adas on CRC_transformed: T 1/1 | E 204/250 Ended | E Time: 13.238s | ~Time Left: 608.931s |  Train Loss: 0.0830 | Train Acc. 97.1429% | Test Loss: 0.1570 | Test Acc. 94.1429%
Adas on CRC_transformed: T 1/1 | E 205/250 Ended | E Time: 12.790s | ~Time Left: 575.536s |  Train Loss: 0.0762 | Train Acc. 97.7143% | Test Loss: 0.1778 | Test Acc. 94.2857%
Adas on CRC_transformed: T 1/1 | E 206/250 Ended | E Time: 13.286s | ~Time Left: 584.603s |  Train Loss: 0.0996 | Train Acc. 96.5000% | Test Loss: 0.1750 | Test Acc. 94.0000%
Adas on CRC_transformed: T 1/1 | E 207/250 Ended | E Time: 12.815s | ~Time Left: 551.050s |  Train Loss: 0.0863 | Train Acc. 97.2143% | Test Loss: 0.1738 | Test Acc. 94.7143%
Adas on CRC_transformed: T 1/1 | E 208/250 Ended | E Time: 12.717s | ~Time Left: 534.112s |  Train Loss: 0.0939 | Train Acc. 96.4286% | Test Loss: 0.1497 | Test Acc. 94.9286%
Adas on CRC_transformed: T 1/1 | E 209/250 Ended | E Time: 12.706s | ~Time Left: 520.951s |  Train Loss: 0.0906 | Train Acc. 97.1429% | Test Loss: 0.1799 | Test Acc. 93.9286%
Adas on CRC_transformed: T 1/1 | E 210/250 Ended | E Time: 12.802s | ~Time Left: 512.092s |  Train Loss: 0.0925 | Train Acc. 96.2143% | Test Loss: 0.1706 | Test Acc. 93.6429%
Adas on CRC_transformed: T 1/1 | E 211/250 Ended | E Time: 12.740s | ~Time Left: 496.877s |  Train Loss: 0.0852 | Train Acc. 96.7143% | Test Loss: 0.1739 | Test Acc. 95.0714%
Adas on CRC_transformed: T 1/1 | E 212/250 Ended | E Time: 12.740s | ~Time Left: 484.111s |  Train Loss: 0.0829 | Train Acc. 97.5000% | Test Loss: 0.1914 | Test Acc. 93.7857%
Adas on CRC_transformed: T 1/1 | E 213/250 Ended | E Time: 12.690s | ~Time Left: 469.514s |  Train Loss: 0.0812 | Train Acc. 97.5000% | Test Loss: 0.1869 | Test Acc. 94.2143%
Adas on CRC_transformed: T 1/1 | E 214/250 Ended | E Time: 12.614s | ~Time Left: 454.118s |  Train Loss: 0.0777 | Train Acc. 97.4286% | Test Loss: 0.1637 | Test Acc. 95.0000%
Adas on CRC_transformed: T 1/1 | E 215/250 Ended | E Time: 12.840s | ~Time Left: 449.402s |  Train Loss: 0.0850 | Train Acc. 97.5000% | Test Loss: 0.1620 | Test Acc. 95.2143%
Adas on CRC_transformed: T 1/1 | E 216/250 Ended | E Time: 12.788s | ~Time Left: 434.790s |  Train Loss: 0.1030 | Train Acc. 96.3571% | Test Loss: 0.2084 | Test Acc. 92.5000%
Adas on CRC_transformed: T 1/1 | E 217/250 Ended | E Time: 12.510s | ~Time Left: 412.828s |  Train Loss: 0.0793 | Train Acc. 97.0714% | Test Loss: 0.1737 | Test Acc. 94.5714%
Adas on CRC_transformed: T 1/1 | E 218/250 Ended | E Time: 12.499s | ~Time Left: 399.973s |  Train Loss: 0.0785 | Train Acc. 97.4286% | Test Loss: 0.1793 | Test Acc. 93.7857%
Adas on CRC_transformed: T 1/1 | E 219/250 Ended | E Time: 13.253s | ~Time Left: 410.856s |  Train Loss: 0.0708 | Train Acc. 97.6429% | Test Loss: 0.1661 | Test Acc. 94.2857%
Adas on CRC_transformed: T 1/1 | E 220/250 Ended | E Time: 12.699s | ~Time Left: 380.983s |  Train Loss: 0.0884 | Train Acc. 97.0000% | Test Loss: 0.1896 | Test Acc. 93.7857%
Adas on CRC_transformed: T 1/1 | E 221/250 Ended | E Time: 12.618s | ~Time Left: 365.920s |  Train Loss: 0.0853 | Train Acc. 96.8571% | Test Loss: 0.1538 | Test Acc. 94.5000%
Adas on CRC_transformed: T 1/1 | E 222/250 Ended | E Time: 12.753s | ~Time Left: 357.084s |  Train Loss: 0.0948 | Train Acc. 96.5000% | Test Loss: 0.1604 | Test Acc. 94.7143%
Adas on CRC_transformed: T 1/1 | E 223/250 Ended | E Time: 12.682s | ~Time Left: 342.424s |  Train Loss: 0.0730 | Train Acc. 97.6429% | Test Loss: 0.1554 | Test Acc. 94.7857%
Adas on CRC_transformed: T 1/1 | E 224/250 Ended | E Time: 12.493s | ~Time Left: 324.807s |  Train Loss: 0.0774 | Train Acc. 97.2143% | Test Loss: 0.1580 | Test Acc. 94.7143%
Adas on CRC_transformed: T 1/1 | E 225/250 Ended | E Time: 12.694s | ~Time Left: 317.361s |  Train Loss: 0.0798 | Train Acc. 97.2857% | Test Loss: 0.1657 | Test Acc. 94.3571%
Adas on CRC_transformed: T 1/1 | E 226/250 Ended | E Time: 12.683s | ~Time Left: 304.381s |  Train Loss: 0.0958 | Train Acc. 96.7143% | Test Loss: 0.1557 | Test Acc. 95.7143%
Adas on CRC_transformed: T 1/1 | E 227/250 Ended | E Time: 12.525s | ~Time Left: 288.071s |  Train Loss: 0.0728 | Train Acc. 97.5000% | Test Loss: 0.1758 | Test Acc. 94.1429%
Adas on CRC_transformed: T 1/1 | E 228/250 Ended | E Time: 12.666s | ~Time Left: 278.657s |  Train Loss: 0.1001 | Train Acc. 96.0000% | Test Loss: 0.1576 | Test Acc. 94.5000%
Adas on CRC_transformed: T 1/1 | E 229/250 Ended | E Time: 12.598s | ~Time Left: 264.567s |  Train Loss: 0.0781 | Train Acc. 97.2857% | Test Loss: 0.1586 | Test Acc. 95.2857%
Adas on CRC_transformed: T 1/1 | E 230/250 Ended | E Time: 12.672s | ~Time Left: 253.442s |  Train Loss: 0.1038 | Train Acc. 95.9286% | Test Loss: 0.1919 | Test Acc. 93.7143%
Adas on CRC_transformed: T 1/1 | E 231/250 Ended | E Time: 12.601s | ~Time Left: 239.411s |  Train Loss: 0.0776 | Train Acc. 97.1429% | Test Loss: 0.1688 | Test Acc. 94.4286%
Adas on CRC_transformed: T 1/1 | E 232/250 Ended | E Time: 13.097s | ~Time Left: 235.746s |  Train Loss: 0.0818 | Train Acc. 97.0000% | Test Loss: 0.1693 | Test Acc. 93.7143%
Adas on CRC_transformed: T 1/1 | E 233/250 Ended | E Time: 12.636s | ~Time Left: 214.814s |  Train Loss: 0.0740 | Train Acc. 97.5000% | Test Loss: 0.1715 | Test Acc. 93.7857%
Adas on CRC_transformed: T 1/1 | E 234/250 Ended | E Time: 12.631s | ~Time Left: 202.096s |  Train Loss: 0.0748 | Train Acc. 97.5714% | Test Loss: 0.1848 | Test Acc. 94.2143%
Adas on CRC_transformed: T 1/1 | E 235/250 Ended | E Time: 13.447s | ~Time Left: 201.713s |  Train Loss: 0.0790 | Train Acc. 97.5000% | Test Loss: 0.1513 | Test Acc. 95.0714%
Adas on CRC_transformed: T 1/1 | E 236/250 Ended | E Time: 12.542s | ~Time Left: 175.586s |  Train Loss: 0.0810 | Train Acc. 97.1429% | Test Loss: 0.1934 | Test Acc. 93.5714%
Adas on CRC_transformed: T 1/1 | E 237/250 Ended | E Time: 12.608s | ~Time Left: 163.904s |  Train Loss: 0.0697 | Train Acc. 97.4286% | Test Loss: 0.1642 | Test Acc. 94.8571%
Adas on CRC_transformed: T 1/1 | E 238/250 Ended | E Time: 12.706s | ~Time Left: 152.472s |  Train Loss: 0.0793 | Train Acc. 97.3571% | Test Loss: 0.1639 | Test Acc. 94.3571%
Adas on CRC_transformed: T 1/1 | E 239/250 Ended | E Time: 12.877s | ~Time Left: 141.644s |  Train Loss: 0.0810 | Train Acc. 97.0000% | Test Loss: 0.1665 | Test Acc. 94.5000%
Adas on CRC_transformed: T 1/1 | E 240/250 Ended | E Time: 12.863s | ~Time Left: 128.632s |  Train Loss: 0.0860 | Train Acc. 97.2857% | Test Loss: 0.1627 | Test Acc. 94.7143%
Adas on CRC_transformed: T 1/1 | E 241/250 Ended | E Time: 12.504s | ~Time Left: 112.537s |  Train Loss: 0.0676 | Train Acc. 97.4286% | Test Loss: 0.1691 | Test Acc. 94.0714%
Adas on CRC_transformed: T 1/1 | E 242/250 Ended | E Time: 12.605s | ~Time Left: 100.841s |  Train Loss: 0.0726 | Train Acc. 97.8571% | Test Loss: 0.1835 | Test Acc. 93.8571%
Adas on CRC_transformed: T 1/1 | E 243/250 Ended | E Time: 12.867s | ~Time Left: 90.069s |  Train Loss: 0.0744 | Train Acc. 97.5000% | Test Loss: 0.1653 | Test Acc. 94.7143%
Adas on CRC_transformed: T 1/1 | E 244/250 Ended | E Time: 12.875s | ~Time Left: 77.253s |  Train Loss: 0.0817 | Train Acc. 97.6429% | Test Loss: 0.1845 | Test Acc. 94.4286%
Adas on CRC_transformed: T 1/1 | E 245/250 Ended | E Time: 12.695s | ~Time Left: 63.475s |  Train Loss: 0.0720 | Train Acc. 97.1429% | Test Loss: 0.1733 | Test Acc. 93.5000%
Adas on CRC_transformed: T 1/1 | E 246/250 Ended | E Time: 12.553s | ~Time Left: 50.212s |  Train Loss: 0.0755 | Train Acc. 97.2143% | Test Loss: 0.1775 | Test Acc. 94.5000%
Adas on CRC_transformed: T 1/1 | E 247/250 Ended | E Time: 12.687s | ~Time Left: 38.060s |  Train Loss: 0.0757 | Train Acc. 97.0714% | Test Loss: 0.1903 | Test Acc. 94.0714%
Adas on CRC_transformed: T 1/1 | E 248/250 Ended | E Time: 12.543s | ~Time Left: 25.087s |  Train Loss: 0.0780 | Train Acc. 97.1429% | Test Loss: 0.1764 | Test Acc. 94.7143%
Adas on CRC_transformed: T 1/1 | E 249/250 Ended | E Time: 12.624s | ~Time Left: 12.624s |  Train Loss: 0.0767 | Train Acc. 97.6429% | Test Loss: 0.1620 | Test Acc. 94.5000%
Adas on CRC_transformed: T 1/1 | E 250/250 Ended | E Time: 12.719s | ~Time Left: 0.000s |  Train Loss: 0.0884 | Train Acc. 96.5000% | Test Loss: 0.1725 | Test Acc. 93.7143%
