Adas: Argument Parser Options
---------------------------------------------
    config              : src/adas/HistoKTconfigs/MHIST_transformed-configAdas.yaml
    data                : /home/zhan8425/scratch/HistoKTdata      
    output              : .Adas-output/MHIST_transformed          
    checkpoint          : .Adas-checkpoint/MHIST_transformed      
    resume              : None                                    
    root                : .                                       
    save_freq           : 25                                      
    cpu                 : 0                                       
    gpu                 : 0                                       
    mpd                 : 0                                       
    dist_url            : tcp://127.0.0.1:23456                   
    dist_backend        : nccl                                    
    world_size          : -1                                      
    rank                : -1                                      
---------------------------------------------
Adas: Output dir .Adas-output/MHIST_transformed does not exist, building
Adas: Notice: early stop will not be used as it was set to -1.0, training till completion
Adas: Experiment Configuration
---------------------------------------------
    dataset              MHIST_transformed   
    network              ResNet18            
    optimizer            Adas                
    scheduler            None                
    level                L3Only              
    color_kwargs         {'augmentation': 'Color-Distortion', 'distortion': 0.3}
    degree_of_rotation   45                  
    vertical_flipping    0.5                 
    horizontal_flipping  0.5                 
    horizontal_shift     0.1                 
    vertical_shift       0.1                 
    gaussian_blur        0                   
    kernel_size          9                   
    variance             0.1                 
    cutout               0                   
    n_holes              1                   
    cutout_length        16                  
    init_lr              0.03                
    early_stop_threshold -1.0                
    optimizer_kwargs     {'momentum': 0.9, 'weight_decay': 0.0005, 'beta': 0.98, 'linear': 0.0, 'gamma': 0.5, 'step_size': 25.0}
    scheduler_kwargs     {}
    p                    1                   
    start_trial          0                   
    n_trials             1                   
    num_workers          4                   
    max_epochs           250                 
    mini_batch_size      32                  
    loss                 cross_entropy       
    early_stop_patience  10                  
---------------------------------------------
Adas: Pytorch device is set to cuda
Train AUC: 0.5331587490743601
Valid AUC: 0.4992039368939065
Adas on MHIST_transformed: T 1/1 | E 1/250 Ended | E Time: 54.156s | ~Time Left: 13484.859s |  Train Loss: 1.0858 | Train Acc. 64.3103% | Test Loss: 1.3108 | Test Acc. 42.2989%
Train AUC: 0.5205210065076773
Valid AUC: 0.5841897042504947
Adas on MHIST_transformed: T 1/1 | E 2/250 Ended | E Time: 45.481s | ~Time Left: 11279.252s |  Train Loss: 0.7580 | Train Acc. 64.8276% | Test Loss: 0.6393 | Test Acc. 67.5862%
Train AUC: 0.5141686242008439
Valid AUC: 0.5851787523520046
Adas on MHIST_transformed: T 1/1 | E 3/250 Ended | E Time: 31.590s | ~Time Left: 7802.673s |  Train Loss: 0.6296 | Train Acc. 69.0230% | Test Loss: 0.6457 | Test Acc. 66.4368%
Train AUC: 0.4979574622510581
Valid AUC: 0.5872292179283061
Adas on MHIST_transformed: T 1/1 | E 4/250 Ended | E Time: 14.496s | ~Time Left: 3566.074s |  Train Loss: 0.6373 | Train Acc. 69.5402% | Test Loss: 0.6182 | Test Acc. 67.5862%
Train AUC: 0.5292428633780092
Valid AUC: 0.5646499734645631
Adas on MHIST_transformed: T 1/1 | E 5/250 Ended | E Time: 11.458s | ~Time Left: 2807.102s |  Train Loss: 0.6196 | Train Acc. 70.5172% | Test Loss: 0.6298 | Test Acc. 67.5862%
Train AUC: 0.5290164596339288
Valid AUC: 0.5863849085733586
Adas on MHIST_transformed: T 1/1 | E 6/250 Ended | E Time: 11.462s | ~Time Left: 2796.835s |  Train Loss: 0.5967 | Train Acc. 71.7241% | Test Loss: 0.6841 | Test Acc. 67.5862%
Train AUC: 0.5453011823669898
Valid AUC: 0.577338736913205
Adas on MHIST_transformed: T 1/1 | E 7/250 Ended | E Time: 11.536s | ~Time Left: 2803.226s |  Train Loss: 0.6070 | Train Acc. 71.3218% | Test Loss: 0.6535 | Test Acc. 67.5862%
Train AUC: 0.5175785751766685
Valid AUC: 0.5405027259130604
Adas on MHIST_transformed: T 1/1 | E 8/250 Ended | E Time: 11.499s | ~Time Left: 2782.873s |  Train Loss: 0.6058 | Train Acc. 71.7816% | Test Loss: 0.6561 | Test Acc. 67.5862%
Train AUC: 0.5773687798227676
Valid AUC: 0.6369711004969363
Adas on MHIST_transformed: T 1/1 | E 9/250 Ended | E Time: 11.515s | ~Time Left: 2775.001s |  Train Loss: 0.5843 | Train Acc. 71.8966% | Test Loss: 0.6275 | Test Acc. 67.5862%
Train AUC: 0.5817006926156416
Valid AUC: 0.642591788488445
Adas on MHIST_transformed: T 1/1 | E 10/250 Ended | E Time: 11.517s | ~Time Left: 2764.177s |  Train Loss: 0.5809 | Train Acc. 71.7241% | Test Loss: 0.5971 | Test Acc. 67.5862%
Train AUC: 0.6024333907107443
Valid AUC: 0.6623486273942201
Adas on MHIST_transformed: T 1/1 | E 11/250 Ended | E Time: 11.557s | ~Time Left: 2762.201s |  Train Loss: 0.5753 | Train Acc. 71.8391% | Test Loss: 0.5901 | Test Acc. 67.5862%
Train AUC: 0.6176220577730045
Valid AUC: 0.6710329521879674
Adas on MHIST_transformed: T 1/1 | E 12/250 Ended | E Time: 11.521s | ~Time Left: 2742.030s |  Train Loss: 0.5703 | Train Acc. 71.8966% | Test Loss: 0.6137 | Test Acc. 67.5862%
Train AUC: 0.6134854897268279
Valid AUC: 0.5868673710618999
Adas on MHIST_transformed: T 1/1 | E 13/250 Ended | E Time: 11.405s | ~Time Left: 2703.054s |  Train Loss: 0.5785 | Train Acc. 71.6092% | Test Loss: 0.6291 | Test Acc. 67.3563%
Train AUC: 0.6370527300041358
Valid AUC: 0.6961451247165533
Adas on MHIST_transformed: T 1/1 | E 14/250 Ended | E Time: 11.435s | ~Time Left: 2698.708s |  Train Loss: 0.5609 | Train Acc. 71.2644% | Test Loss: 0.5652 | Test Acc. 68.5057%
Train AUC: 0.6255249379228723
Valid AUC: 0.6944082597578038
Adas on MHIST_transformed: T 1/1 | E 15/250 Ended | E Time: 11.431s | ~Time Left: 2686.178s |  Train Loss: 0.5710 | Train Acc. 71.7816% | Test Loss: 0.5862 | Test Acc. 66.6667%
Train AUC: 0.6489025548477374
Valid AUC: 0.6641819848506778
Adas on MHIST_transformed: T 1/1 | E 16/250 Ended | E Time: 11.522s | ~Time Left: 2696.212s |  Train Loss: 0.5638 | Train Acc. 71.8966% | Test Loss: 0.6013 | Test Acc. 67.5862%
Train AUC: 0.6537314115987374
Valid AUC: 0.698267959666136
Adas on MHIST_transformed: T 1/1 | E 17/250 Ended | E Time: 11.450s | ~Time Left: 2667.945s |  Train Loss: 0.5657 | Train Acc. 71.3218% | Test Loss: 0.5949 | Test Acc. 67.1264%
Train AUC: 0.6456119358092258
Valid AUC: 0.7072176388285811
Adas on MHIST_transformed: T 1/1 | E 18/250 Ended | E Time: 11.444s | ~Time Left: 2655.050s |  Train Loss: 0.5628 | Train Acc. 70.6322% | Test Loss: 0.5761 | Test Acc. 66.2069%
Train AUC: 0.6872538778792916
Valid AUC: 0.7327399044724272
Adas on MHIST_transformed: T 1/1 | E 19/250 Ended | E Time: 11.445s | ~Time Left: 2643.753s |  Train Loss: 0.5476 | Train Acc. 71.9540% | Test Loss: 0.5631 | Test Acc. 70.1149%
Train AUC: 0.7090736408827948
Valid AUC: 0.7288560814396681
Adas on MHIST_transformed: T 1/1 | E 20/250 Ended | E Time: 11.474s | ~Time Left: 2638.976s |  Train Loss: 0.5376 | Train Acc. 72.2414% | Test Loss: 0.5871 | Test Acc. 68.9655%
Train AUC: 0.6625783218006372
Valid AUC: 0.5949486177449703
Adas on MHIST_transformed: T 1/1 | E 21/250 Ended | E Time: 11.423s | ~Time Left: 2615.857s |  Train Loss: 0.5523 | Train Acc. 71.7241% | Test Loss: 0.6251 | Test Acc. 66.8966%
Train AUC: 0.694005123099884
Valid AUC: 0.6829497756549429
Adas on MHIST_transformed: T 1/1 | E 22/250 Ended | E Time: 11.665s | ~Time Left: 2659.527s |  Train Loss: 0.5368 | Train Acc. 71.3218% | Test Loss: 0.5771 | Test Acc. 67.5862%
Train AUC: 0.6964064740028019
Valid AUC: 0.5919091040671589
Adas on MHIST_transformed: T 1/1 | E 23/250 Ended | E Time: 11.559s | ~Time Left: 2623.815s |  Train Loss: 0.5393 | Train Acc. 71.9540% | Test Loss: 0.8179 | Test Acc. 67.5862%
Train AUC: 0.6788957382151539
Valid AUC: 0.7444637429439861
Adas on MHIST_transformed: T 1/1 | E 24/250 Ended | E Time: 11.474s | ~Time Left: 2593.036s |  Train Loss: 0.5524 | Train Acc. 71.7816% | Test Loss: 0.5594 | Test Acc. 68.0460%
Train AUC: 0.717752178625198
Valid AUC: 0.6648815554590631
Adas on MHIST_transformed: T 1/1 | E 25/250 Ended | E Time: 11.383s | ~Time Left: 2561.277s |  Train Loss: 0.5217 | Train Acc. 71.6667% | Test Loss: 0.6883 | Test Acc. 67.3563%
Train AUC: 0.7059562983559982
Valid AUC: 0.6354995899068846
Adas on MHIST_transformed: T 1/1 | E 26/250 Ended | E Time: 11.585s | ~Time Left: 2595.013s |  Train Loss: 0.5347 | Train Acc. 71.7816% | Test Loss: 0.7047 | Test Acc. 67.1264%
Train AUC: 0.733149267906738
Valid AUC: 0.7602643894437208
Adas on MHIST_transformed: T 1/1 | E 27/250 Ended | E Time: 11.450s | ~Time Left: 2553.435s |  Train Loss: 0.5193 | Train Acc. 72.5862% | Test Loss: 0.5423 | Test Acc. 68.5057%
Train AUC: 0.733759005065886
Valid AUC: 0.7650166449558546
Adas on MHIST_transformed: T 1/1 | E 28/250 Ended | E Time: 11.900s | ~Time Left: 2641.834s |  Train Loss: 0.5184 | Train Acc. 72.8161% | Test Loss: 0.5254 | Test Acc. 70.1149%
Train AUC: 0.7567279509725553
Valid AUC: 0.5925121821778357
Adas on MHIST_transformed: T 1/1 | E 29/250 Ended | E Time: 11.689s | ~Time Left: 2583.368s |  Train Loss: 0.5065 | Train Acc. 73.5632% | Test Loss: 0.8022 | Test Acc. 60.6897%
Train AUC: 0.6725727802216306
Valid AUC: 0.6699956578376032
Adas on MHIST_transformed: T 1/1 | E 30/250 Ended | E Time: 11.497s | ~Time Left: 2529.385s |  Train Loss: 0.5590 | Train Acc. 70.5747% | Test Loss: 0.6159 | Test Acc. 67.8161%
Train AUC: 0.6841022069869667
Valid AUC: 0.567158778404979
Adas on MHIST_transformed: T 1/1 | E 31/250 Ended | E Time: 11.374s | ~Time Left: 2490.821s |  Train Loss: 0.5532 | Train Acc. 70.2874% | Test Loss: 0.6757 | Test Acc. 68.2759%
Train AUC: 0.7072869311912433
Valid AUC: 0.7895016162493366
Adas on MHIST_transformed: T 1/1 | E 32/250 Ended | E Time: 11.429s | ~Time Left: 2491.491s |  Train Loss: 0.5314 | Train Acc. 71.8966% | Test Loss: 0.5277 | Test Acc. 68.5057%
Train AUC: 0.7248352647125652
Valid AUC: 0.7223910840932117
Adas on MHIST_transformed: T 1/1 | E 33/250 Ended | E Time: 11.439s | ~Time Left: 2482.266s |  Train Loss: 0.5248 | Train Acc. 72.4713% | Test Loss: 0.5573 | Test Acc. 69.8851%
Train AUC: 0.7139956746259434
Valid AUC: 0.7874029044241809
Adas on MHIST_transformed: T 1/1 | E 34/250 Ended | E Time: 11.624s | ~Time Left: 2510.783s |  Train Loss: 0.5250 | Train Acc. 71.9540% | Test Loss: 0.5291 | Test Acc. 67.5862%
Train AUC: 0.7497772742950833
Valid AUC: 0.7702996092053843
Adas on MHIST_transformed: T 1/1 | E 35/250 Ended | E Time: 11.544s | ~Time Left: 2481.913s |  Train Loss: 0.5041 | Train Acc. 72.4713% | Test Loss: 0.6404 | Test Acc. 66.8966%
Train AUC: 0.7396749267252865
Valid AUC: 0.7414001061417475
Adas on MHIST_transformed: T 1/1 | E 36/250 Ended | E Time: 11.583s | ~Time Left: 2478.684s |  Train Loss: 0.5131 | Train Acc. 72.9310% | Test Loss: 0.5436 | Test Acc. 67.5862%
Train AUC: 0.7580275248104174
Valid AUC: 0.8231774979495343
Adas on MHIST_transformed: T 1/1 | E 37/250 Ended | E Time: 11.268s | ~Time Left: 2400.140s |  Train Loss: 0.5000 | Train Acc. 73.5057% | Test Loss: 0.4935 | Test Acc. 71.4943%
Train AUC: 0.7833095486800743
Valid AUC: 0.8138900950451102
Adas on MHIST_transformed: T 1/1 | E 38/250 Ended | E Time: 11.488s | ~Time Left: 2435.474s |  Train Loss: 0.4835 | Train Acc. 74.9425% | Test Loss: 0.5087 | Test Acc. 73.3333%
Train AUC: 0.7651743635766234
Valid AUC: 0.7532928064842959
Adas on MHIST_transformed: T 1/1 | E 39/250 Ended | E Time: 11.658s | ~Time Left: 2459.852s |  Train Loss: 0.4969 | Train Acc. 73.7356% | Test Loss: 0.5630 | Test Acc. 73.1034%
Train AUC: 0.7621305818331021
Valid AUC: 0.8018285328315723
Adas on MHIST_transformed: T 1/1 | E 40/250 Ended | E Time: 11.547s | ~Time Left: 2424.893s |  Train Loss: 0.4968 | Train Acc. 73.5632% | Test Loss: 0.5143 | Test Acc. 73.5632%
Train AUC: 0.7896128904647242
Valid AUC: 0.8078593139383412
Adas on MHIST_transformed: T 1/1 | E 41/250 Ended | E Time: 11.430s | ~Time Left: 2388.777s |  Train Loss: 0.4806 | Train Acc. 74.0805% | Test Loss: 0.5186 | Test Acc. 71.4943%
Train AUC: 0.7634873696135116
Valid AUC: 0.8219230954793264
Adas on MHIST_transformed: T 1/1 | E 42/250 Ended | E Time: 11.544s | ~Time Left: 2401.180s |  Train Loss: 0.4972 | Train Acc. 72.9885% | Test Loss: 0.4856 | Test Acc. 76.3218%
Train AUC: 0.781627458769181
Valid AUC: 0.848193177980412
Adas on MHIST_transformed: T 1/1 | E 43/250 Ended | E Time: 11.548s | ~Time Left: 2390.467s |  Train Loss: 0.4856 | Train Acc. 74.4253% | Test Loss: 0.4691 | Test Acc. 77.4713%
Train AUC: 0.794835706077265
Valid AUC: 0.7856177932165774
Adas on MHIST_transformed: T 1/1 | E 44/250 Ended | E Time: 11.476s | ~Time Left: 2363.976s |  Train Loss: 0.4762 | Train Acc. 75.0000% | Test Loss: 0.5546 | Test Acc. 71.9540%
Train AUC: 0.7718324318050671
Valid AUC: 0.8246490085395861
Adas on MHIST_transformed: T 1/1 | E 45/250 Ended | E Time: 11.682s | ~Time Left: 2394.783s |  Train Loss: 0.4921 | Train Acc. 73.7931% | Test Loss: 0.4923 | Test Acc. 73.3333%
Train AUC: 0.7981557494290865
Valid AUC: 0.7713851498046027
Adas on MHIST_transformed: T 1/1 | E 46/250 Ended | E Time: 11.521s | ~Time Left: 2350.280s |  Train Loss: 0.4790 | Train Acc. 76.1494% | Test Loss: 0.5342 | Test Acc. 71.9540%
Train AUC: 0.7470032154235713
Valid AUC: 0.8205239542625561
Adas on MHIST_transformed: T 1/1 | E 47/250 Ended | E Time: 11.423s | ~Time Left: 2318.938s |  Train Loss: 0.5113 | Train Acc. 72.7011% | Test Loss: 0.5053 | Test Acc. 69.1954%
Train AUC: 0.7868976802198324
Valid AUC: 0.7861967482028271
Adas on MHIST_transformed: T 1/1 | E 48/250 Ended | E Time: 11.474s | ~Time Left: 2317.826s |  Train Loss: 0.4806 | Train Acc. 73.8506% | Test Loss: 0.5437 | Test Acc. 69.1954%
Train AUC: 0.7878294501413183
Valid AUC: 0.8129251700680272
Adas on MHIST_transformed: T 1/1 | E 49/250 Ended | E Time: 11.628s | ~Time Left: 2337.244s |  Train Loss: 0.4807 | Train Acc. 73.9655% | Test Loss: 0.4910 | Test Acc. 75.6322%
Train AUC: 0.7975362041655019
Valid AUC: 0.7878371206638685
Adas on MHIST_transformed: T 1/1 | E 50/250 Ended | E Time: 11.328s | ~Time Left: 2265.642s |  Train Loss: 0.4731 | Train Acc. 75.5747% | Test Loss: 0.5077 | Test Acc. 71.0345%
Train AUC: 0.7972305182438916
Valid AUC: 0.8378202344767696
Adas on MHIST_transformed: T 1/1 | E 51/250 Ended | E Time: 11.509s | ~Time Left: 2290.337s |  Train Loss: 0.4753 | Train Acc. 75.5747% | Test Loss: 0.4578 | Test Acc. 75.6322%
Train AUC: 0.7854395420269102
Valid AUC: 0.719303324166546
Adas on MHIST_transformed: T 1/1 | E 52/250 Ended | E Time: 11.430s | ~Time Left: 2263.120s |  Train Loss: 0.4836 | Train Acc. 74.3103% | Test Loss: 0.5858 | Test Acc. 65.0575%
Train AUC: 0.7912214195923425
Valid AUC: 0.7087132725430597
Adas on MHIST_transformed: T 1/1 | E 53/250 Ended | E Time: 11.471s | ~Time Left: 2259.875s |  Train Loss: 0.4778 | Train Acc. 74.7701% | Test Loss: 0.6968 | Test Acc. 71.9540%
Train AUC: 0.7914306591536586
Valid AUC: 0.8346842283012496
Adas on MHIST_transformed: T 1/1 | E 54/250 Ended | E Time: 11.482s | ~Time Left: 2250.563s |  Train Loss: 0.4804 | Train Acc. 74.9425% | Test Loss: 0.4835 | Test Acc. 71.4943%
Train AUC: 0.7936701763333709
Valid AUC: 0.7984754185362088
Adas on MHIST_transformed: T 1/1 | E 55/250 Ended | E Time: 11.625s | ~Time Left: 2266.855s |  Train Loss: 0.4769 | Train Acc. 75.2299% | Test Loss: 0.5049 | Test Acc. 72.8736%
Train AUC: 0.7945692525734014
Valid AUC: 0.8122979688329233
Adas on MHIST_transformed: T 1/1 | E 56/250 Ended | E Time: 11.400s | ~Time Left: 2211.624s |  Train Loss: 0.4709 | Train Acc. 75.0000% | Test Loss: 0.5555 | Test Acc. 72.8736%
Train AUC: 0.8019498511620151
Valid AUC: 0.8140107106672457
Adas on MHIST_transformed: T 1/1 | E 57/250 Ended | E Time: 11.451s | ~Time Left: 2209.997s |  Train Loss: 0.4708 | Train Acc. 75.9770% | Test Loss: 0.5062 | Test Acc. 72.8736%
Train AUC: 0.805245374252745
Valid AUC: 0.8126598156993294
Adas on MHIST_transformed: T 1/1 | E 58/250 Ended | E Time: 11.630s | ~Time Left: 2232.884s |  Train Loss: 0.4694 | Train Acc. 76.1494% | Test Loss: 0.4970 | Test Acc. 74.2529%
Train AUC: 0.8092732358080815
Valid AUC: 0.820210353645004
Adas on MHIST_transformed: T 1/1 | E 59/250 Ended | E Time: 11.653s | ~Time Left: 2225.704s |  Train Loss: 0.4597 | Train Acc. 76.6667% | Test Loss: 0.4841 | Test Acc. 73.3333%
Train AUC: 0.8062474355893607
Valid AUC: 0.8242389154243257
Adas on MHIST_transformed: T 1/1 | E 60/250 Ended | E Time: 11.439s | ~Time Left: 2173.420s |  Train Loss: 0.4664 | Train Acc. 76.0920% | Test Loss: 0.5201 | Test Acc. 71.4943%
Train AUC: 0.8196583837224699
Valid AUC: 0.8324649008539585
Adas on MHIST_transformed: T 1/1 | E 61/250 Ended | E Time: 11.594s | ~Time Left: 2191.245s |  Train Loss: 0.4506 | Train Acc. 76.2069% | Test Loss: 0.4642 | Test Acc. 76.3218%
Train AUC: 0.7991202130320284
Valid AUC: 0.8247455010372944
Adas on MHIST_transformed: T 1/1 | E 62/250 Ended | E Time: 26.955s | ~Time Left: 5067.487s |  Train Loss: 0.4660 | Train Acc. 74.6552% | Test Loss: 0.4812 | Test Acc. 75.8621%
Train AUC: 0.8012240514336997
Valid AUC: 0.8530660491146814
Adas on MHIST_transformed: T 1/1 | E 63/250 Ended | E Time: 43.983s | ~Time Left: 8224.859s |  Train Loss: 0.4660 | Train Acc. 76.2069% | Test Loss: 0.4544 | Test Acc. 76.0920%
Train AUC: 0.8065907192446451
Valid AUC: 0.8273990447242726
Adas on MHIST_transformed: T 1/1 | E 64/250 Ended | E Time: 32.985s | ~Time Left: 6135.232s |  Train Loss: 0.4619 | Train Acc. 76.4943% | Test Loss: 0.4714 | Test Acc. 74.9425%
Train AUC: 0.8284268290888761
Valid AUC: 0.8517634003956192
Adas on MHIST_transformed: T 1/1 | E 65/250 Ended | E Time: 22.278s | ~Time Left: 4121.493s |  Train Loss: 0.4431 | Train Acc. 78.1034% | Test Loss: 0.4915 | Test Acc. 71.0345%
Train AUC: 0.8213094146359803
Valid AUC: 0.8355526607806243
Adas on MHIST_transformed: T 1/1 | E 66/250 Ended | E Time: 11.543s | ~Time Left: 2123.903s |  Train Loss: 0.4469 | Train Acc. 76.1494% | Test Loss: 0.4595 | Test Acc. 76.0920%
Train AUC: 0.8186007431273794
Valid AUC: 0.8623293288946785
Adas on MHIST_transformed: T 1/1 | E 67/250 Ended | E Time: 11.485s | ~Time Left: 2101.835s |  Train Loss: 0.4574 | Train Acc. 77.1264% | Test Loss: 0.4526 | Test Acc. 74.7126%
Train AUC: 0.8269131116374794
Valid AUC: 0.8451777874270275
Adas on MHIST_transformed: T 1/1 | E 68/250 Ended | E Time: 11.351s | ~Time Left: 2065.858s |  Train Loss: 0.4450 | Train Acc. 77.9310% | Test Loss: 0.4730 | Test Acc. 72.4138%
Train AUC: 0.8300819467125686
Valid AUC: 0.8609784339267622
Adas on MHIST_transformed: T 1/1 | E 69/250 Ended | E Time: 11.649s | ~Time Left: 2108.466s |  Train Loss: 0.4444 | Train Acc. 77.4713% | Test Loss: 0.4351 | Test Acc. 78.6207%
Train AUC: 0.8363387000011443
Valid AUC: 0.8466492980170792
Adas on MHIST_transformed: T 1/1 | E 70/250 Ended | E Time: 11.451s | ~Time Left: 2061.146s |  Train Loss: 0.4322 | Train Acc. 78.6782% | Test Loss: 0.4577 | Test Acc. 73.7931%
Train AUC: 0.8330300994378321
Valid AUC: 0.8493510879529116
Adas on MHIST_transformed: T 1/1 | E 71/250 Ended | E Time: 11.585s | ~Time Left: 2073.638s |  Train Loss: 0.4411 | Train Acc. 78.4483% | Test Loss: 0.4545 | Test Acc. 77.2414%
Train AUC: 0.818491219294503
Valid AUC: 0.8081970376803204
Adas on MHIST_transformed: T 1/1 | E 72/250 Ended | E Time: 11.711s | ~Time Left: 2084.511s |  Train Loss: 0.4560 | Train Acc. 76.8966% | Test Loss: 0.5952 | Test Acc. 74.9425%
Train AUC: 0.8257541206298764
Valid AUC: 0.809017223910841
Adas on MHIST_transformed: T 1/1 | E 73/250 Ended | E Time: 11.533s | ~Time Left: 2041.358s |  Train Loss: 0.4420 | Train Acc. 77.7011% | Test Loss: 0.5020 | Test Acc. 73.1034%
Train AUC: 0.83229449160508
Valid AUC: 0.7890915231340764
Adas on MHIST_transformed: T 1/1 | E 74/250 Ended | E Time: 11.345s | ~Time Left: 1996.725s |  Train Loss: 0.4405 | Train Acc. 77.1839% | Test Loss: 0.6227 | Test Acc. 74.0230%
Train AUC: 0.8456089933778947
Valid AUC: 0.8301732040333865
Adas on MHIST_transformed: T 1/1 | E 75/250 Ended | E Time: 11.604s | ~Time Left: 2030.753s |  Train Loss: 0.4248 | Train Acc. 78.9655% | Test Loss: 0.4701 | Test Acc. 75.6322%
Train AUC: 0.8341204337143783
Valid AUC: 0.8335263183287499
Adas on MHIST_transformed: T 1/1 | E 76/250 Ended | E Time: 11.499s | ~Time Left: 2000.899s |  Train Loss: 0.4439 | Train Acc. 78.9080% | Test Loss: 0.5479 | Test Acc. 76.3218%
Train AUC: 0.8427057944646328
Valid AUC: 0.8558643315482221
Adas on MHIST_transformed: T 1/1 | E 77/250 Ended | E Time: 11.612s | ~Time Left: 2008.894s |  Train Loss: 0.4268 | Train Acc. 78.6207% | Test Loss: 0.4480 | Test Acc. 78.6207%
Train AUC: 0.849556755413665
Valid AUC: 0.8408115019057268
Adas on MHIST_transformed: T 1/1 | E 78/250 Ended | E Time: 11.451s | ~Time Left: 1969.487s |  Train Loss: 0.4190 | Train Acc. 79.3678% | Test Loss: 0.4577 | Test Acc. 77.4713%
Train AUC: 0.8403518493998257
Valid AUC: 0.8748009842234766
Adas on MHIST_transformed: T 1/1 | E 79/250 Ended | E Time: 11.578s | ~Time Left: 1979.822s |  Train Loss: 0.4337 | Train Acc. 78.4483% | Test Loss: 0.4432 | Test Acc. 75.8621%
Train AUC: 0.846006221607581
Valid AUC: 0.8436339074636948
Adas on MHIST_transformed: T 1/1 | E 80/250 Ended | E Time: 11.545s | ~Time Left: 1962.656s |  Train Loss: 0.4221 | Train Acc. 78.4483% | Test Loss: 0.4701 | Test Acc. 77.0115%
Train AUC: 0.8421075000939944
Valid AUC: 0.8544893134558788
Adas on MHIST_transformed: T 1/1 | E 81/250 Ended | E Time: 11.449s | ~Time Left: 1934.928s |  Train Loss: 0.4306 | Train Acc. 78.2184% | Test Loss: 0.4355 | Test Acc. 77.2414%
Train AUC: 0.8578429689786004
Valid AUC: 0.749191875331693
Adas on MHIST_transformed: T 1/1 | E 82/250 Ended | E Time: 11.559s | ~Time Left: 1941.911s |  Train Loss: 0.4063 | Train Acc. 78.9080% | Test Loss: 0.9082 | Test Acc. 72.4138%
Train AUC: 0.8494995414711176
Valid AUC: 0.8700487287113426
Adas on MHIST_transformed: T 1/1 | E 83/250 Ended | E Time: 11.674s | ~Time Left: 1949.541s |  Train Loss: 0.4199 | Train Acc. 79.1379% | Test Loss: 0.4145 | Test Acc. 76.5517%
Train AUC: 0.848992789408555
Valid AUC: 0.8726057799006128
Adas on MHIST_transformed: T 1/1 | E 84/250 Ended | E Time: 11.643s | ~Time Left: 1932.708s |  Train Loss: 0.4206 | Train Acc. 79.4253% | Test Loss: 0.4587 | Test Acc. 75.6322%
Train AUC: 0.8577334451457239
Valid AUC: 0.8802528103439958
Adas on MHIST_transformed: T 1/1 | E 85/250 Ended | E Time: 11.449s | ~Time Left: 1889.012s |  Train Loss: 0.4107 | Train Acc. 79.2529% | Test Loss: 0.4131 | Test Acc. 79.5402%
Train AUC: 0.8492461654398364
Valid AUC: 0.8830028465286824
Adas on MHIST_transformed: T 1/1 | E 86/250 Ended | E Time: 11.548s | ~Time Left: 1893.826s |  Train Loss: 0.4214 | Train Acc. 79.0805% | Test Loss: 0.4011 | Test Acc. 80.4598%
Train AUC: 0.8583987615633465
Valid AUC: 0.8250832247792734
Adas on MHIST_transformed: T 1/1 | E 87/250 Ended | E Time: 11.696s | ~Time Left: 1906.528s |  Train Loss: 0.4072 | Train Acc. 79.2529% | Test Loss: 0.6605 | Test Acc. 72.8736%
Train AUC: 0.8664005400996176
Valid AUC: 0.8696627587205095
Adas on MHIST_transformed: T 1/1 | E 88/250 Ended | E Time: 11.930s | ~Time Left: 1932.612s |  Train Loss: 0.4026 | Train Acc. 81.2069% | Test Loss: 0.4234 | Test Acc. 78.6207%
Train AUC: 0.8515102028806402
Valid AUC: 0.862208713272543
Adas on MHIST_transformed: T 1/1 | E 89/250 Ended | E Time: 11.944s | ~Time Left: 1923.013s |  Train Loss: 0.4190 | Train Acc. 79.4253% | Test Loss: 0.4233 | Test Acc. 78.1609%
Train AUC: 0.8680254160679637
Valid AUC: 0.8670574612823853
Adas on MHIST_transformed: T 1/1 | E 90/250 Ended | E Time: 57.188s | ~Time Left: 9150.092s |  Train Loss: 0.3976 | Train Acc. 80.6897% | Test Loss: 0.4296 | Test Acc. 79.0805%
Train AUC: 0.8608867507221216
Valid AUC: 0.858349013364211
Adas on MHIST_transformed: T 1/1 | E 91/250 Ended | E Time: 27.711s | ~Time Left: 4406.118s |  Train Loss: 0.4139 | Train Acc. 80.7471% | Test Loss: 0.4388 | Test Acc. 78.8506%
Train AUC: 0.8627012500429104
Valid AUC: 0.8805664109615476
Adas on MHIST_transformed: T 1/1 | E 92/250 Ended | E Time: 12.620s | ~Time Left: 1993.989s |  Train Loss: 0.4065 | Train Acc. 80.3448% | Test Loss: 0.4165 | Test Acc. 79.3103%
Train AUC: 0.8653788625541285
Valid AUC: 0.8664061369228543
Adas on MHIST_transformed: T 1/1 | E 93/250 Ended | E Time: 11.391s | ~Time Left: 1788.386s |  Train Loss: 0.4024 | Train Acc. 79.4253% | Test Loss: 0.4491 | Test Acc. 79.3103%
Train AUC: 0.8654883863870049
Valid AUC: 0.8599893858252521
Adas on MHIST_transformed: T 1/1 | E 94/250 Ended | E Time: 11.368s | ~Time Left: 1773.359s |  Train Loss: 0.4013 | Train Acc. 80.6322% | Test Loss: 0.4582 | Test Acc. 74.7126%
Train AUC: 0.8758833424058299
Valid AUC: 0.8660925363053023
Adas on MHIST_transformed: T 1/1 | E 95/250 Ended | E Time: 11.482s | ~Time Left: 1779.650s |  Train Loss: 0.3853 | Train Acc. 80.7471% | Test Loss: 0.4463 | Test Acc. 79.0805%
Train AUC: 0.862652209520727
Valid AUC: 0.8769961885463405
Adas on MHIST_transformed: T 1/1 | E 96/250 Ended | E Time: 11.442s | ~Time Left: 1762.103s |  Train Loss: 0.4036 | Train Acc. 79.0805% | Test Loss: 0.4196 | Test Acc. 79.7701%
Train AUC: 0.8760582536016177
Valid AUC: 0.859338061465721
Adas on MHIST_transformed: T 1/1 | E 97/250 Ended | E Time: 11.515s | ~Time Left: 1761.759s |  Train Loss: 0.3867 | Train Acc. 81.2644% | Test Loss: 0.4320 | Test Acc. 78.8506%
Train AUC: 0.865014328005898
Valid AUC: 0.7816133545616828
Adas on MHIST_transformed: T 1/1 | E 98/250 Ended | E Time: 11.400s | ~Time Left: 1732.869s |  Train Loss: 0.4028 | Train Acc. 81.0345% | Test Loss: 0.7064 | Test Acc. 75.1724%
Train AUC: 0.859065712665042
Valid AUC: 0.849158102957495
Adas on MHIST_transformed: T 1/1 | E 99/250 Ended | E Time: 11.754s | ~Time Left: 1774.928s |  Train Loss: 0.4108 | Train Acc. 80.1149% | Test Loss: 0.4445 | Test Acc. 75.8621%
Train AUC: 0.861169551066713
Valid AUC: 0.8795049934867564
Adas on MHIST_transformed: T 1/1 | E 100/250 Ended | E Time: 11.466s | ~Time Left: 1719.869s |  Train Loss: 0.4087 | Train Acc. 79.7126% | Test Loss: 0.4124 | Test Acc. 78.6207%
Train AUC: 0.879093861924775
Valid AUC: 0.8733777198822791
Adas on MHIST_transformed: T 1/1 | E 101/250 Ended | E Time: 11.491s | ~Time Left: 1712.192s |  Train Loss: 0.3833 | Train Acc. 81.7816% | Test Loss: 0.4119 | Test Acc. 80.0000%
Train AUC: 0.8761530652778391
Valid AUC: 0.8692767887296763
Adas on MHIST_transformed: T 1/1 | E 102/250 Ended | E Time: 11.322s | ~Time Left: 1675.596s |  Train Loss: 0.3868 | Train Acc. 81.7816% | Test Loss: 0.4291 | Test Acc. 77.4713%
Train AUC: 0.8703025309813498
Valid AUC: 0.8417281806339557
Adas on MHIST_transformed: T 1/1 | E 103/250 Ended | E Time: 11.542s | ~Time Left: 1696.656s |  Train Loss: 0.3956 | Train Acc. 80.8046% | Test Loss: 0.4820 | Test Acc. 75.8621%
Train AUC: 0.8767497249644048
Valid AUC: 0.8795291166111835
Adas on MHIST_transformed: T 1/1 | E 104/250 Ended | E Time: 11.534s | ~Time Left: 1683.938s |  Train Loss: 0.3915 | Train Acc. 82.0115% | Test Loss: 0.4057 | Test Acc. 79.3103%
Train AUC: 0.8775637976326506
Valid AUC: 0.8756211704539971
Adas on MHIST_transformed: T 1/1 | E 105/250 Ended | E Time: 11.484s | ~Time Left: 1665.160s |  Train Loss: 0.3822 | Train Acc. 81.8391% | Test Loss: 0.4163 | Test Acc. 81.1494%
Train AUC: 0.882163798613461
Valid AUC: 0.8705794374487383
Adas on MHIST_transformed: T 1/1 | E 106/250 Ended | E Time: 11.491s | ~Time Left: 1654.774s |  Train Loss: 0.3767 | Train Acc. 81.7816% | Test Loss: 0.4319 | Test Acc. 80.0000%
Train AUC: 0.8774199454342456
Valid AUC: 0.9013122979688328
Adas on MHIST_transformed: T 1/1 | E 107/250 Ended | E Time: 11.488s | ~Time Left: 1642.800s |  Train Loss: 0.3839 | Train Acc. 81.3793% | Test Loss: 0.3840 | Test Acc. 82.9885%
Train AUC: 0.8816112753968606
Valid AUC: 0.9074395715733102
Adas on MHIST_transformed: T 1/1 | E 108/250 Ended | E Time: 11.633s | ~Time Left: 1651.955s |  Train Loss: 0.3793 | Train Acc. 81.6092% | Test Loss: 0.3913 | Test Acc. 78.6207%
Train AUC: 0.8862276232183988
Valid AUC: 0.8642833019732715
Adas on MHIST_transformed: T 1/1 | E 109/250 Ended | E Time: 11.583s | ~Time Left: 1633.177s |  Train Loss: 0.3734 | Train Acc. 82.6437% | Test Loss: 0.4486 | Test Acc. 79.0805%
Train AUC: 0.8881483770039184
Valid AUC: 0.8918077869445651
Adas on MHIST_transformed: T 1/1 | E 110/250 Ended | E Time: 11.824s | ~Time Left: 1655.324s |  Train Loss: 0.3725 | Train Acc. 82.0690% | Test Loss: 0.3793 | Test Acc. 81.8391%
Train AUC: 0.901600192238847
Valid AUC: 0.8741255367395185
Adas on MHIST_transformed: T 1/1 | E 111/250 Ended | E Time: 11.420s | ~Time Left: 1587.415s |  Train Loss: 0.3483 | Train Acc. 83.7931% | Test Loss: 0.4317 | Test Acc. 79.7701%
Train AUC: 0.8853775875005517
Valid AUC: 0.9024702079413326
Adas on MHIST_transformed: T 1/1 | E 112/250 Ended | E Time: 11.439s | ~Time Left: 1578.538s |  Train Loss: 0.3730 | Train Acc. 82.8736% | Test Loss: 0.3914 | Test Acc. 80.0000%
Train AUC: 0.9003463895550226
Valid AUC: 0.8627635451343658
Adas on MHIST_transformed: T 1/1 | E 113/250 Ended | E Time: 11.483s | ~Time Left: 1573.123s |  Train Loss: 0.3517 | Train Acc. 83.2759% | Test Loss: 0.4334 | Test Acc. 77.7011%
Train AUC: 0.895672827790937
Valid AUC: 0.8849568196072756
Adas on MHIST_transformed: T 1/1 | E 114/250 Ended | E Time: 11.573s | ~Time Left: 1573.916s |  Train Loss: 0.3619 | Train Acc. 82.4713% | Test Loss: 0.4074 | Test Acc. 81.6092%
Train AUC: 0.9001976333043995
Valid AUC: 0.9000096492497708
Adas on MHIST_transformed: T 1/1 | E 115/250 Ended | E Time: 11.342s | ~Time Left: 1531.127s |  Train Loss: 0.3541 | Train Acc. 83.5057% | Test Loss: 0.3745 | Test Acc. 82.5287%
Train AUC: 0.9090347354018626
Valid AUC: 0.8787089303806629
Adas on MHIST_transformed: T 1/1 | E 116/250 Ended | E Time: 11.618s | ~Time Left: 1556.794s |  Train Loss: 0.3357 | Train Acc. 84.5402% | Test Loss: 0.4290 | Test Acc. 80.6897%
Train AUC: 0.8975069433205991
Valid AUC: 0.8978385680513341
Adas on MHIST_transformed: T 1/1 | E 117/250 Ended | E Time: 11.774s | ~Time Left: 1565.880s |  Train Loss: 0.3575 | Train Acc. 83.6207% | Test Loss: 0.3707 | Test Acc. 81.6092%
Train AUC: 0.9095202365714791
Valid AUC: 0.8824721377912866
Adas on MHIST_transformed: T 1/1 | E 118/250 Ended | E Time: 11.407s | ~Time Left: 1505.737s |  Train Loss: 0.3363 | Train Acc. 83.6782% | Test Loss: 0.4360 | Test Acc. 81.8391%
Train AUC: 0.9015495170325907
Valid AUC: 0.8933275437834709
Adas on MHIST_transformed: T 1/1 | E 119/250 Ended | E Time: 11.389s | ~Time Left: 1491.963s |  Train Loss: 0.3528 | Train Acc. 84.2529% | Test Loss: 0.3779 | Test Acc. 81.1494%
Train AUC: 0.8993786565839355
Valid AUC: 0.8569498721474406
Adas on MHIST_transformed: T 1/1 | E 120/250 Ended | E Time: 11.721s | ~Time Left: 1523.741s |  Train Loss: 0.3545 | Train Acc. 84.1954% | Test Loss: 0.4382 | Test Acc. 81.1494%
Train AUC: 0.8948816406997102
Valid AUC: 0.9075360640710185
Adas on MHIST_transformed: T 1/1 | E 121/250 Ended | E Time: 11.553s | ~Time Left: 1490.344s |  Train Loss: 0.3698 | Train Acc. 83.1609% | Test Loss: 0.4173 | Test Acc. 79.5402%
Train AUC: 0.9109996256573474
Valid AUC: 0.898827616152844
Adas on MHIST_transformed: T 1/1 | E 122/250 Ended | E Time: 11.606s | ~Time Left: 1485.617s |  Train Loss: 0.3355 | Train Acc. 85.5747% | Test Loss: 0.3924 | Test Acc. 80.6897%
Train AUC: 0.9088843444671666
Valid AUC: 0.8954262556086264
Adas on MHIST_transformed: T 1/1 | E 123/250 Ended | E Time: 11.426s | ~Time Left: 1451.091s |  Train Loss: 0.3365 | Train Acc. 84.2529% | Test Loss: 0.3850 | Test Acc. 81.8391%
Train AUC: 0.9162649430557803
Valid AUC: 0.8845226033675881
Adas on MHIST_transformed: T 1/1 | E 124/250 Ended | E Time: 11.513s | ~Time Left: 1450.667s |  Train Loss: 0.3262 | Train Acc. 84.7701% | Test Loss: 0.4116 | Test Acc. 79.7701%
Train AUC: 0.9138161863147518
Valid AUC: 0.9120712114633087
Adas on MHIST_transformed: T 1/1 | E 125/250 Ended | E Time: 11.778s | ~Time Left: 1472.223s |  Train Loss: 0.3268 | Train Acc. 85.3448% | Test Loss: 0.3613 | Test Acc. 83.2184%
Train AUC: 0.9030910241132247
Valid AUC: 0.8652482269503546
Adas on MHIST_transformed: T 1/1 | E 126/250 Ended | E Time: 11.572s | ~Time Left: 1434.983s |  Train Loss: 0.3500 | Train Acc. 83.2759% | Test Loss: 0.4499 | Test Acc. 79.5402%
Train AUC: 0.916356485363856
Valid AUC: 0.8891059970087325
Adas on MHIST_transformed: T 1/1 | E 127/250 Ended | E Time: 11.816s | ~Time Left: 1453.358s |  Train Loss: 0.3227 | Train Acc. 86.2644% | Test Loss: 0.4173 | Test Acc. 80.2299%
Train AUC: 0.9132734712025881
Valid AUC: 0.9078014184397163
Adas on MHIST_transformed: T 1/1 | E 128/250 Ended | E Time: 11.397s | ~Time Left: 1390.481s |  Train Loss: 0.3272 | Train Acc. 85.3448% | Test Loss: 0.3641 | Test Acc. 82.7586%
Train AUC: 0.9206181067416006
Valid AUC: 0.892434988179669
Adas on MHIST_transformed: T 1/1 | E 129/250 Ended | E Time: 11.959s | ~Time Left: 1447.085s |  Train Loss: 0.3123 | Train Acc. 86.2644% | Test Loss: 0.4132 | Test Acc. 81.8391%
Train AUC: 0.9187594709508466
Valid AUC: 0.8986105080330005
Adas on MHIST_transformed: T 1/1 | E 130/250 Ended | E Time: 11.208s | ~Time Left: 1344.953s |  Train Loss: 0.3188 | Train Acc. 85.6897% | Test Loss: 0.3895 | Test Acc. 83.6782%
Train AUC: 0.9147397828158741
Valid AUC: 0.8929656969170647
Adas on MHIST_transformed: T 1/1 | E 131/250 Ended | E Time: 11.276s | ~Time Left: 1341.902s |  Train Loss: 0.3295 | Train Acc. 85.1149% | Test Loss: 0.3942 | Test Acc. 82.9885%
Train AUC: 0.9239724784589508
Valid AUC: 0.911202778983934
Adas on MHIST_transformed: T 1/1 | E 132/250 Ended | E Time: 11.326s | ~Time Left: 1336.467s |  Train Loss: 0.3085 | Train Acc. 86.6092% | Test Loss: 0.3959 | Test Acc. 82.7586%
Train AUC: 0.9229377234408792
Valid AUC: 0.8896849519949823
Adas on MHIST_transformed: T 1/1 | E 133/250 Ended | E Time: 11.427s | ~Time Left: 1336.999s |  Train Loss: 0.3070 | Train Acc. 85.6322% | Test Loss: 0.4350 | Test Acc. 80.6897%
Train AUC: 0.9269999133617443
Valid AUC: 0.8802045640951416
Adas on MHIST_transformed: T 1/1 | E 134/250 Ended | E Time: 11.265s | ~Time Left: 1306.740s |  Train Loss: 0.3055 | Train Acc. 85.9770% | Test Loss: 0.4577 | Test Acc. 78.3908%
Train AUC: 0.9223884695924242
Valid AUC: 0.901022820475708
Adas on MHIST_transformed: T 1/1 | E 135/250 Ended | E Time: 11.576s | ~Time Left: 1331.298s |  Train Loss: 0.3112 | Train Acc. 86.4368% | Test Loss: 0.4313 | Test Acc. 82.7586%
Train AUC: 0.9256333174768978
Valid AUC: 0.8808558884546727
Adas on MHIST_transformed: T 1/1 | E 136/250 Ended | E Time: 11.441s | ~Time Left: 1304.309s |  Train Loss: 0.3046 | Train Acc. 86.4368% | Test Loss: 0.4368 | Test Acc. 81.1494%
Train AUC: 0.9268348102703932
Valid AUC: 0.8939788681430019
Adas on MHIST_transformed: T 1/1 | E 137/250 Ended | E Time: 11.825s | ~Time Left: 1336.245s |  Train Loss: 0.3037 | Train Acc. 87.5287% | Test Loss: 0.3955 | Test Acc. 80.6897%
Train AUC: 0.9241898914406307
Valid AUC: 0.8930139431659188
Adas on MHIST_transformed: T 1/1 | E 138/250 Ended | E Time: 11.654s | ~Time Left: 1305.204s |  Train Loss: 0.3105 | Train Acc. 86.5517% | Test Loss: 0.4092 | Test Acc. 80.2299%
Train AUC: 0.9306272773192488
Valid AUC: 0.8952573937376368
Adas on MHIST_transformed: T 1/1 | E 139/250 Ended | E Time: 11.516s | ~Time Left: 1278.226s |  Train Loss: 0.3006 | Train Acc. 87.2414% | Test Loss: 0.3804 | Test Acc. 81.6092%
Train AUC: 0.9223426984383863
Valid AUC: 0.9142181695373185
Adas on MHIST_transformed: T 1/1 | E 140/250 Ended | E Time: 11.733s | ~Time Left: 1290.626s |  Train Loss: 0.3165 | Train Acc. 86.1494% | Test Loss: 0.3594 | Test Acc. 85.7471%
Train AUC: 0.9251772406205914
Valid AUC: 0.9054373522458629
Adas on MHIST_transformed: T 1/1 | E 141/250 Ended | E Time: 11.527s | ~Time Left: 1256.466s |  Train Loss: 0.3037 | Train Acc. 87.0690% | Test Loss: 0.3973 | Test Acc. 82.5287%
Train AUC: 0.937891813338695
Valid AUC: 0.9079702803107058
Adas on MHIST_transformed: T 1/1 | E 142/250 Ended | E Time: 11.614s | ~Time Left: 1254.344s |  Train Loss: 0.2851 | Train Acc. 87.5862% | Test Loss: 0.3740 | Test Acc. 84.3678%
Train AUC: 0.9332558493082834
Valid AUC: 0.9076325565687268
Adas on MHIST_transformed: T 1/1 | E 143/250 Ended | E Time: 11.468s | ~Time Left: 1227.116s |  Train Loss: 0.2940 | Train Acc. 87.3563% | Test Loss: 0.3958 | Test Acc. 80.6897%
Train AUC: 0.9393025456935065
Valid AUC: 0.9085251121725285
Adas on MHIST_transformed: T 1/1 | E 144/250 Ended | E Time: 11.558s | ~Time Left: 1225.142s |  Train Loss: 0.2787 | Train Acc. 88.1034% | Test Loss: 0.3718 | Test Acc. 82.9885%
Train AUC: 0.9272091529230603
Valid AUC: 0.9132291214358084
Adas on MHIST_transformed: T 1/1 | E 145/250 Ended | E Time: 11.659s | ~Time Left: 1224.215s |  Train Loss: 0.3007 | Train Acc. 87.1839% | Test Loss: 0.3587 | Test Acc. 85.2874%
Train AUC: 0.9295255002541934
Valid AUC: 0.8931586819124813
Adas on MHIST_transformed: T 1/1 | E 146/250 Ended | E Time: 11.507s | ~Time Left: 1196.769s |  Train Loss: 0.2975 | Train Acc. 87.0690% | Test Loss: 0.4074 | Test Acc. 83.2184%
Train AUC: 0.9399972864244392
Valid AUC: 0.9032903941718532
Adas on MHIST_transformed: T 1/1 | E 147/250 Ended | E Time: 11.391s | ~Time Left: 1173.270s |  Train Loss: 0.2793 | Train Acc. 87.4713% | Test Loss: 0.3886 | Test Acc. 82.0690%
Train AUC: 0.9341075197102031
Valid AUC: 0.9087180971679452
Adas on MHIST_transformed: T 1/1 | E 148/250 Ended | E Time: 11.426s | ~Time Left: 1165.500s |  Train Loss: 0.2897 | Train Acc. 87.6437% | Test Loss: 0.3622 | Test Acc. 82.7586%
Train AUC: 0.9378493115528028
Valid AUC: 0.90389347228253
Adas on MHIST_transformed: T 1/1 | E 149/250 Ended | E Time: 11.532s | ~Time Left: 1164.760s |  Train Loss: 0.2800 | Train Acc. 86.9540% | Test Loss: 0.3910 | Test Acc. 83.6782%
Train AUC: 0.9379245070201506
Valid AUC: 0.8948955468712307
Adas on MHIST_transformed: T 1/1 | E 150/250 Ended | E Time: 11.323s | ~Time Left: 1132.296s |  Train Loss: 0.2829 | Train Acc. 87.2989% | Test Loss: 0.4146 | Test Acc. 82.0690%
Train AUC: 0.9408342446697039
Valid AUC: 0.9111062864862257
Adas on MHIST_transformed: T 1/1 | E 151/250 Ended | E Time: 11.513s | ~Time Left: 1139.808s |  Train Loss: 0.2742 | Train Acc. 88.6207% | Test Loss: 0.3749 | Test Acc. 82.0690%
Train AUC: 0.9436083035412162
Valid AUC: 0.9027114391856033
Adas on MHIST_transformed: T 1/1 | E 152/250 Ended | E Time: 11.449s | ~Time Left: 1122.046s |  Train Loss: 0.2748 | Train Acc. 88.2759% | Test Loss: 0.3853 | Test Acc. 83.4483%
Train AUC: 0.9399678621111291
Valid AUC: 0.9179572538235152
Adas on MHIST_transformed: T 1/1 | E 153/250 Ended | E Time: 11.682s | ~Time Left: 1133.158s |  Train Loss: 0.2738 | Train Acc. 88.1034% | Test Loss: 0.3738 | Test Acc. 84.3678%
Train AUC: 0.9380438389574639
Valid AUC: 0.9003232498673228
Adas on MHIST_transformed: T 1/1 | E 154/250 Ended | E Time: 11.483s | ~Time Left: 1102.360s |  Train Loss: 0.2817 | Train Acc. 87.8736% | Test Loss: 0.4960 | Test Acc. 80.6897%
Train AUC: 0.9386650189051212
Valid AUC: 0.9085492352969556
Adas on MHIST_transformed: T 1/1 | E 155/250 Ended | E Time: 17.649s | ~Time Left: 1676.625s |  Train Loss: 0.2785 | Train Acc. 87.9310% | Test Loss: 0.4053 | Test Acc. 79.5402%
Train AUC: 0.946820457744234
Valid AUC: 0.9061369228542481
Adas on MHIST_transformed: T 1/1 | E 156/250 Ended | E Time: 12.271s | ~Time Left: 1153.504s |  Train Loss: 0.2647 | Train Acc. 89.2529% | Test Loss: 0.4427 | Test Acc. 83.6782%
Train AUC: 0.9387156941113776
Valid AUC: 0.9171611907174217
Adas on MHIST_transformed: T 1/1 | E 157/250 Ended | E Time: 11.433s | ~Time Left: 1063.262s |  Train Loss: 0.2802 | Train Acc. 86.6667% | Test Loss: 0.3587 | Test Acc. 83.2184%
Train AUC: 0.9424771021628504
Valid AUC: 0.9207796593814832
Adas on MHIST_transformed: T 1/1 | E 158/250 Ended | E Time: 11.290s | ~Time Left: 1038.636s |  Train Loss: 0.2693 | Train Acc. 87.5287% | Test Loss: 0.3586 | Test Acc. 83.9080%
Train AUC: 0.9489913181928894
Valid AUC: 0.9122159502098711
Adas on MHIST_transformed: T 1/1 | E 159/250 Ended | E Time: 11.436s | ~Time Left: 1040.639s |  Train Loss: 0.2567 | Train Acc. 89.5977% | Test Loss: 0.4612 | Test Acc. 80.4598%
Train AUC: 0.9506570612630549
Valid AUC: 0.9028320548077386
Adas on MHIST_transformed: T 1/1 | E 160/250 Ended | E Time: 11.631s | ~Time Left: 1046.776s |  Train Loss: 0.2539 | Train Acc. 89.1954% | Test Loss: 0.4049 | Test Acc. 83.4483%
Train AUC: 0.9470100810966768
Valid AUC: 0.9143870314083079
Adas on MHIST_transformed: T 1/1 | E 161/250 Ended | E Time: 11.408s | ~Time Left: 1015.294s |  Train Loss: 0.2598 | Train Acc. 88.5057% | Test Loss: 0.4064 | Test Acc. 83.2184%
Train AUC: 0.9516509491793069
Valid AUC: 0.8957639793506055
Adas on MHIST_transformed: T 1/1 | E 162/250 Ended | E Time: 11.647s | ~Time Left: 1024.954s |  Train Loss: 0.2507 | Train Acc. 89.4253% | Test Loss: 0.4321 | Test Acc. 82.7586%
Train AUC: 0.948769001158991
Valid AUC: 0.9083321271771121
Adas on MHIST_transformed: T 1/1 | E 163/250 Ended | E Time: 11.493s | ~Time Left: 999.883s |  Train Loss: 0.2548 | Train Acc. 90.0000% | Test Loss: 0.3792 | Test Acc. 83.2184%
Train AUC: 0.9553600473404508
Valid AUC: 0.9166787282288802
Adas on MHIST_transformed: T 1/1 | E 164/250 Ended | E Time: 11.908s | ~Time Left: 1024.060s |  Train Loss: 0.2366 | Train Acc. 91.0345% | Test Loss: 0.3552 | Test Acc. 82.9885%
Train AUC: 0.9553404311315773
Valid AUC: 0.9047136585130506
Adas on MHIST_transformed: T 1/1 | E 165/250 Ended | E Time: 11.549s | ~Time Left: 981.679s |  Train Loss: 0.2391 | Train Acc. 89.4828% | Test Loss: 0.4221 | Test Acc. 82.7586%
Train AUC: 0.9512945880514403
Valid AUC: 0.9181261156945048
Adas on MHIST_transformed: T 1/1 | E 166/250 Ended | E Time: 11.515s | ~Time Left: 967.276s |  Train Loss: 0.2508 | Train Acc. 88.9080% | Test Loss: 0.3556 | Test Acc. 85.7471%
Train AUC: 0.9510902525423425
Valid AUC: 0.9094900371496117
Adas on MHIST_transformed: T 1/1 | E 167/250 Ended | E Time: 14.818s | ~Time Left: 1229.861s |  Train Loss: 0.2502 | Train Acc. 89.3678% | Test Loss: 0.3794 | Test Acc. 83.6782%
Train AUC: 0.9487248646890258
Valid AUC: 0.9243498817966903
Adas on MHIST_transformed: T 1/1 | E 168/250 Ended | E Time: 11.505s | ~Time Left: 943.418s |  Train Loss: 0.2526 | Train Acc. 88.8506% | Test Loss: 0.3415 | Test Acc. 84.5977%
Train AUC: 0.9491776721771866
Valid AUC: 0.9063057847252376
Adas on MHIST_transformed: T 1/1 | E 169/250 Ended | E Time: 11.353s | ~Time Left: 919.629s |  Train Loss: 0.2567 | Train Acc. 89.3678% | Test Loss: 0.3947 | Test Acc. 81.6092%
Train AUC: 0.9546179007714074
Valid AUC: 0.9194770106624209
Adas on MHIST_transformed: T 1/1 | E 170/250 Ended | E Time: 14.018s | ~Time Left: 1121.448s |  Train Loss: 0.2416 | Train Acc. 90.2299% | Test Loss: 0.3817 | Test Acc. 83.2184%
Train AUC: 0.9558422791419215
Valid AUC: 0.92550779176919
Adas on MHIST_transformed: T 1/1 | E 171/250 Ended | E Time: 11.573s | ~Time Left: 914.261s |  Train Loss: 0.2390 | Train Acc. 89.9425% | Test Loss: 0.3549 | Test Acc. 86.2069%
Train AUC: 0.9544609711004203
Valid AUC: 0.8989482317749795
Adas on MHIST_transformed: T 1/1 | E 172/250 Ended | E Time: 11.465s | ~Time Left: 894.291s |  Train Loss: 0.2388 | Train Acc. 89.8851% | Test Loss: 0.4434 | Test Acc. 83.2184%
Train AUC: 0.9543007720612877
Valid AUC: 0.9103343465045592
Adas on MHIST_transformed: T 1/1 | E 173/250 Ended | E Time: 13.421s | ~Time Left: 1033.427s |  Train Loss: 0.2409 | Train Acc. 90.1149% | Test Loss: 0.3758 | Test Acc. 84.3678%
Train AUC: 0.9614688617204395
Valid AUC: 0.9064505234718001
Adas on MHIST_transformed: T 1/1 | E 174/250 Ended | E Time: 11.641s | ~Time Left: 884.683s |  Train Loss: 0.2213 | Train Acc. 90.5747% | Test Loss: 0.4275 | Test Acc. 83.6782%
Train AUC: 0.9518356684795312
Valid AUC: 0.9071983403290395
Adas on MHIST_transformed: T 1/1 | E 175/250 Ended | E Time: 14.133s | ~Time Left: 1059.939s |  Train Loss: 0.2443 | Train Acc. 90.0575% | Test Loss: 0.3832 | Test Acc. 83.2184%
Train AUC: 0.9568476098466829
Valid AUC: 0.9228783712066386
Adas on MHIST_transformed: T 1/1 | E 176/250 Ended | E Time: 12.176s | ~Time Left: 901.034s |  Train Loss: 0.2333 | Train Acc. 89.6552% | Test Loss: 0.3975 | Test Acc. 83.4483%
Train AUC: 0.9563882636222311
Valid AUC: 0.9181019925700777
Adas on MHIST_transformed: T 1/1 | E 177/250 Ended | E Time: 11.439s | ~Time Left: 835.081s |  Train Loss: 0.2350 | Train Acc. 90.2299% | Test Loss: 0.3498 | Test Acc. 83.6782%
Train AUC: 0.9508548580358617
Valid AUC: 0.9231196024509094
Adas on MHIST_transformed: T 1/1 | E 178/250 Ended | E Time: 11.568s | ~Time Left: 832.896s |  Train Loss: 0.2550 | Train Acc. 89.0805% | Test Loss: 0.3423 | Test Acc. 85.2874%
Train AUC: 0.9549938781081475
Valid AUC: 0.9241810199257008
Adas on MHIST_transformed: T 1/1 | E 179/250 Ended | E Time: 11.489s | ~Time Left: 815.695s |  Train Loss: 0.2440 | Train Acc. 89.2529% | Test Loss: 0.3467 | Test Acc. 85.7471%
Train AUC: 0.9675335396304634
Valid AUC: 0.9230713562020553
Adas on MHIST_transformed: T 1/1 | E 180/250 Ended | E Time: 11.558s | ~Time Left: 809.095s |  Train Loss: 0.2094 | Train Acc. 91.6092% | Test Loss: 0.3698 | Test Acc. 85.2874%
Train AUC: 0.9581962242067287
Valid AUC: 0.915351956385391
Adas on MHIST_transformed: T 1/1 | E 181/250 Ended | E Time: 11.397s | ~Time Left: 786.361s |  Train Loss: 0.2302 | Train Acc. 90.5747% | Test Loss: 0.3756 | Test Acc. 83.6782%
Train AUC: 0.9563637433611393
Valid AUC: 0.9105032083755488
Adas on MHIST_transformed: T 1/1 | E 182/250 Ended | E Time: 11.538s | ~Time Left: 784.578s |  Train Loss: 0.2337 | Train Acc. 90.3448% | Test Loss: 0.4210 | Test Acc. 82.5287%
Train AUC: 0.9640974337094741
Valid AUC: 0.9066435084672165
Adas on MHIST_transformed: T 1/1 | E 183/250 Ended | E Time: 11.472s | ~Time Left: 768.635s |  Train Loss: 0.2181 | Train Acc. 90.8621% | Test Loss: 0.3937 | Test Acc. 84.1379%
Train AUC: 0.9607724863054342
Valid AUC: 0.9147971245235682
Adas on MHIST_transformed: T 1/1 | E 184/250 Ended | E Time: 11.646s | ~Time Left: 768.622s |  Train Loss: 0.2231 | Train Acc. 90.5747% | Test Loss: 0.3625 | Test Acc. 84.5977%
Train AUC: 0.9631754718924247
Valid AUC: 0.9158585419983596
Adas on MHIST_transformed: T 1/1 | E 185/250 Ended | E Time: 15.037s | ~Time Left: 977.406s |  Train Loss: 0.2153 | Train Acc. 90.5172% | Test Loss: 0.3842 | Test Acc. 83.2184%
Train AUC: 0.9628501697619409
Valid AUC: 0.9119264727167463
Adas on MHIST_transformed: T 1/1 | E 186/250 Ended | E Time: 14.042s | ~Time Left: 898.677s |  Train Loss: 0.2173 | Train Acc. 90.8621% | Test Loss: 0.4131 | Test Acc. 82.5287%
Train AUC: 0.9647954438085522
Valid AUC: 0.9192116562937231
Adas on MHIST_transformed: T 1/1 | E 187/250 Ended | E Time: 13.502s | ~Time Left: 850.638s |  Train Loss: 0.2158 | Train Acc. 91.3793% | Test Loss: 0.3870 | Test Acc. 83.6782%
Train AUC: 0.963940504038487
Valid AUC: 0.9087663434167994
Adas on MHIST_transformed: T 1/1 | E 188/250 Ended | E Time: 11.466s | ~Time Left: 710.873s |  Train Loss: 0.2174 | Train Acc. 91.4368% | Test Loss: 0.4139 | Test Acc. 82.2989%
Train AUC: 0.9584937367079751
Valid AUC: 0.9148453707724225
Adas on MHIST_transformed: T 1/1 | E 189/250 Ended | E Time: 11.257s | ~Time Left: 686.702s |  Train Loss: 0.2335 | Train Acc. 90.0575% | Test Loss: 0.3792 | Test Acc. 84.8276%
Train AUC: 0.9616519463365913
Valid AUC: 0.9219134462295557
Adas on MHIST_transformed: T 1/1 | E 190/250 Ended | E Time: 11.427s | ~Time Left: 685.605s |  Train Loss: 0.2196 | Train Acc. 90.9195% | Test Loss: 0.3599 | Test Acc. 84.3678%
Train AUC: 0.9683263614057629
Valid AUC: 0.908356250301539
Adas on MHIST_transformed: T 1/1 | E 191/250 Ended | E Time: 11.502s | ~Time Left: 678.617s |  Train Loss: 0.2074 | Train Acc. 91.0920% | Test Loss: 0.4137 | Test Acc. 83.9080%
Train AUC: 0.9642020534901322
Valid AUC: 0.910237854006851
Adas on MHIST_transformed: T 1/1 | E 192/250 Ended | E Time: 11.721s | ~Time Left: 679.823s |  Train Loss: 0.2125 | Train Acc. 91.2644% | Test Loss: 0.3963 | Test Acc. 84.1379%
Train AUC: 0.9694003488415811
Valid AUC: 0.9220581849761181
Adas on MHIST_transformed: T 1/1 | E 193/250 Ended | E Time: 11.564s | ~Time Left: 659.145s |  Train Loss: 0.2013 | Train Acc. 92.0115% | Test Loss: 0.3696 | Test Acc. 84.3678%
Train AUC: 0.9701359566743334
Valid AUC: 0.8976455830559174
Adas on MHIST_transformed: T 1/1 | E 194/250 Ended | E Time: 11.586s | ~Time Left: 648.835s |  Train Loss: 0.1954 | Train Acc. 91.2069% | Test Loss: 0.4199 | Test Acc. 82.0690%
Train AUC: 0.9646973627641855
Valid AUC: 0.9124813045785689
Adas on MHIST_transformed: T 1/1 | E 195/250 Ended | E Time: 11.612s | ~Time Left: 638.657s |  Train Loss: 0.2149 | Train Acc. 90.9195% | Test Loss: 0.3780 | Test Acc. 85.0575%
Train AUC: 0.9649262185343749
Valid AUC: 0.9292709991798137
Adas on MHIST_transformed: T 1/1 | E 196/250 Ended | E Time: 11.630s | ~Time Left: 628.006s |  Train Loss: 0.2106 | Train Acc. 91.5517% | Test Loss: 0.3435 | Test Acc. 85.0575%
Train AUC: 0.9679324025442224
Valid AUC: 0.9150624788922661
Adas on MHIST_transformed: T 1/1 | E 197/250 Ended | E Time: 11.793s | ~Time Left: 625.040s |  Train Loss: 0.1988 | Train Acc. 91.8966% | Test Loss: 0.3954 | Test Acc. 85.7471%
Train AUC: 0.9689835044030216
Valid AUC: 0.9064987697206541
Adas on MHIST_transformed: T 1/1 | E 198/250 Ended | E Time: 11.764s | ~Time Left: 611.743s |  Train Loss: 0.2002 | Train Acc. 91.4943% | Test Loss: 0.3979 | Test Acc. 81.6092%
Train AUC: 0.9701751890920801
Valid AUC: 0.9144835239060164
Adas on MHIST_transformed: T 1/1 | E 199/250 Ended | E Time: 11.460s | ~Time Left: 584.474s |  Train Loss: 0.1989 | Train Acc. 91.4368% | Test Loss: 0.3779 | Test Acc. 85.0575%
Train AUC: 0.9687742648417055
Valid AUC: 0.913108505813673
Adas on MHIST_transformed: T 1/1 | E 200/250 Ended | E Time: 11.484s | ~Time Left: 574.189s |  Train Loss: 0.1994 | Train Acc. 91.3218% | Test Loss: 0.4002 | Test Acc. 83.4483%
Train AUC: 0.9662666594740567
Valid AUC: 0.9156896801273701
Adas on MHIST_transformed: T 1/1 | E 201/250 Ended | E Time: 11.524s | ~Time Left: 564.689s |  Train Loss: 0.2049 | Train Acc. 91.2069% | Test Loss: 0.3767 | Test Acc. 83.4483%
Train AUC: 0.9678261480794914
Valid AUC: 0.9138080764220582
Adas on MHIST_transformed: T 1/1 | E 202/250 Ended | E Time: 11.800s | ~Time Left: 566.400s |  Train Loss: 0.2063 | Train Acc. 90.9770% | Test Loss: 0.3751 | Test Acc. 84.3678%
Train AUC: 0.9717444858019515
Valid AUC: 0.9066435084672166
Adas on MHIST_transformed: T 1/1 | E 203/250 Ended | E Time: 11.475s | ~Time Left: 539.348s |  Train Loss: 0.1909 | Train Acc. 92.0115% | Test Loss: 0.4142 | Test Acc. 82.0690%
Train AUC: 0.9689083089356735
Valid AUC: 0.931249095382834
Adas on MHIST_transformed: T 1/1 | E 204/250 Ended | E Time: 11.811s | ~Time Left: 543.287s |  Train Loss: 0.2041 | Train Acc. 91.4368% | Test Loss: 0.3380 | Test Acc. 85.9770%
Train AUC: 0.9789174795133219
Valid AUC: 0.9145076470304434
Adas on MHIST_transformed: T 1/1 | E 205/250 Ended | E Time: 11.394s | ~Time Left: 512.731s |  Train Loss: 0.1679 | Train Acc. 93.2184% | Test Loss: 0.4075 | Test Acc. 84.8276%
Train AUC: 0.9685535824918796
Valid AUC: 0.8973319824383654
Adas on MHIST_transformed: T 1/1 | E 206/250 Ended | E Time: 11.717s | ~Time Left: 515.562s |  Train Loss: 0.2007 | Train Acc. 91.1494% | Test Loss: 0.4600 | Test Acc. 83.6782%
Train AUC: 0.9740395822401384
Valid AUC: 0.9017947604573744
Adas on MHIST_transformed: T 1/1 | E 207/250 Ended | E Time: 11.669s | ~Time Left: 501.777s |  Train Loss: 0.1827 | Train Acc. 92.9885% | Test Loss: 0.4782 | Test Acc. 82.2989%
Train AUC: 0.9704563547525988
Valid AUC: 0.9088869590389347
Adas on MHIST_transformed: T 1/1 | E 208/250 Ended | E Time: 11.789s | ~Time Left: 495.134s |  Train Loss: 0.1953 | Train Acc. 92.3563% | Test Loss: 0.4533 | Test Acc. 84.1379%
Train AUC: 0.9716382313372206
Valid AUC: 0.9069571090847687
Adas on MHIST_transformed: T 1/1 | E 209/250 Ended | E Time: 11.610s | ~Time Left: 476.010s |  Train Loss: 0.1915 | Train Acc. 91.8966% | Test Loss: 0.4222 | Test Acc. 84.1379%
Train AUC: 0.9735328301775759
Valid AUC: 0.9271722873546582
Adas on MHIST_transformed: T 1/1 | E 210/250 Ended | E Time: 11.768s | ~Time Left: 470.732s |  Train Loss: 0.1860 | Train Acc. 92.5287% | Test Loss: 0.3722 | Test Acc. 85.2874%
Train AUC: 0.9727302002978395
Valid AUC: 0.915351956385391
Adas on MHIST_transformed: T 1/1 | E 211/250 Ended | E Time: 11.706s | ~Time Left: 456.548s |  Train Loss: 0.1837 | Train Acc. 92.5862% | Test Loss: 0.3765 | Test Acc. 85.2874%
Train AUC: 0.9709761842877436
Valid AUC: 0.9223717855936701
Adas on MHIST_transformed: T 1/1 | E 212/250 Ended | E Time: 11.707s | ~Time Left: 444.872s |  Train Loss: 0.1913 | Train Acc. 92.2989% | Test Loss: 0.3702 | Test Acc. 87.3563%
Train AUC: 0.9749272156916593
Valid AUC: 0.9136633376754958
Adas on MHIST_transformed: T 1/1 | E 213/250 Ended | E Time: 11.470s | ~Time Left: 424.394s |  Train Loss: 0.1818 | Train Acc. 92.5287% | Test Loss: 0.4077 | Test Acc. 83.9080%
Train AUC: 0.9708470442459939
Valid AUC: 0.9125295508274232
Adas on MHIST_transformed: T 1/1 | E 214/250 Ended | E Time: 11.554s | ~Time Left: 415.947s |  Train Loss: 0.1950 | Train Acc. 92.3563% | Test Loss: 0.3995 | Test Acc. 85.2874%
Train AUC: 0.97494519721646
Valid AUC: 0.9241086505524195
Adas on MHIST_transformed: T 1/1 | E 215/250 Ended | E Time: 11.543s | ~Time Left: 404.009s |  Train Loss: 0.1769 | Train Acc. 92.5287% | Test Loss: 0.3760 | Test Acc. 83.6782%
Train AUC: 0.9803870604947534
Valid AUC: 0.9218169537318474
Adas on MHIST_transformed: T 1/1 | E 216/250 Ended | E Time: 12.567s | ~Time Left: 427.268s |  Train Loss: 0.1629 | Train Acc. 93.3908% | Test Loss: 0.3693 | Test Acc. 83.4483%
Train AUC: 0.9755157019578611
Valid AUC: 0.8984175230375838
Adas on MHIST_transformed: T 1/1 | E 217/250 Ended | E Time: 11.462s | ~Time Left: 378.254s |  Train Loss: 0.1763 | Train Acc. 93.1034% | Test Loss: 0.4486 | Test Acc. 82.7586%
Train AUC: 0.9755663771641173
Valid AUC: 0.9197182419066918
Adas on MHIST_transformed: T 1/1 | E 218/250 Ended | E Time: 11.869s | ~Time Left: 379.810s |  Train Loss: 0.1781 | Train Acc. 92.3563% | Test Loss: 0.3841 | Test Acc. 83.4483%
Train AUC: 0.9735818706997592
Valid AUC: 0.9162203888647658
Adas on MHIST_transformed: T 1/1 | E 219/250 Ended | E Time: 11.439s | ~Time Left: 354.597s |  Train Loss: 0.1830 | Train Acc. 92.4713% | Test Loss: 0.3871 | Test Acc. 85.5172%
Train AUC: 0.9761287084851545
Valid AUC: 0.9163892507357554
Adas on MHIST_transformed: T 1/1 | E 220/250 Ended | E Time: 11.599s | ~Time Left: 347.979s |  Train Loss: 0.1785 | Train Acc. 92.7011% | Test Loss: 0.4049 | Test Acc. 84.3678%
Train AUC: 0.9793277852155903
Valid AUC: 0.9210450137501809
Adas on MHIST_transformed: T 1/1 | E 221/250 Ended | E Time: 11.621s | ~Time Left: 337.002s |  Train Loss: 0.1627 | Train Acc. 93.4483% | Test Loss: 0.3695 | Test Acc. 84.5977%
Train AUC: 0.9751658795662858
Valid AUC: 0.9194528875379939
Adas on MHIST_transformed: T 1/1 | E 222/250 Ended | E Time: 11.470s | ~Time Left: 321.157s |  Train Loss: 0.1806 | Train Acc. 92.4138% | Test Loss: 0.3913 | Test Acc. 84.1379%
Train AUC: 0.9764343944067649
Valid AUC: 0.900371496116177
Adas on MHIST_transformed: T 1/1 | E 223/250 Ended | E Time: 11.633s | ~Time Left: 314.090s |  Train Loss: 0.1778 | Train Acc. 93.4483% | Test Loss: 0.4478 | Test Acc. 82.7586%
Train AUC: 0.9786788156386956
Valid AUC: 0.9171129444685675
Adas on MHIST_transformed: T 1/1 | E 224/250 Ended | E Time: 11.261s | ~Time Left: 292.791s |  Train Loss: 0.1663 | Train Acc. 93.4483% | Test Loss: 0.3911 | Test Acc. 83.4483%
Train AUC: 0.9812469043170372
Valid AUC: 0.9137839532976311
Adas on MHIST_transformed: T 1/1 | E 225/250 Ended | E Time: 11.545s | ~Time Left: 288.631s |  Train Loss: 0.1582 | Train Acc. 93.7356% | Test Loss: 0.4089 | Test Acc. 84.3678%
Train AUC: 0.9772827954405392
Valid AUC: 0.9052202441260192
Adas on MHIST_transformed: T 1/1 | E 226/250 Ended | E Time: 11.576s | ~Time Left: 277.818s |  Train Loss: 0.1778 | Train Acc. 92.8161% | Test Loss: 0.4325 | Test Acc. 82.7586%
Train AUC: 0.9743714231069133
Valid AUC: 0.9304047860278862
Adas on MHIST_transformed: T 1/1 | E 227/250 Ended | E Time: 11.652s | ~Time Left: 267.992s |  Train Loss: 0.1825 | Train Acc. 92.6437% | Test Loss: 0.3540 | Test Acc. 85.0575%
Train AUC: 0.9787834354193536
Valid AUC: 0.9161238963670574
Adas on MHIST_transformed: T 1/1 | E 228/250 Ended | E Time: 11.714s | ~Time Left: 257.701s |  Train Loss: 0.1711 | Train Acc. 93.1609% | Test Loss: 0.4057 | Test Acc. 84.1379%
Train AUC: 0.9768152757957234
Valid AUC: 0.8964635499589907
Adas on MHIST_transformed: T 1/1 | E 229/250 Ended | E Time: 11.332s | ~Time Left: 237.977s |  Train Loss: 0.1742 | Train Acc. 92.5287% | Test Loss: 0.4387 | Test Acc. 84.8276%
Train AUC: 0.9787703579467715
Valid AUC: 0.9195976262845563
Adas on MHIST_transformed: T 1/1 | E 230/250 Ended | E Time: 11.583s | ~Time Left: 231.666s |  Train Loss: 0.1647 | Train Acc. 93.3908% | Test Loss: 0.4036 | Test Acc. 84.5977%
Train AUC: 0.9798819431162636
Valid AUC: 0.9227577555845032
Adas on MHIST_transformed: T 1/1 | E 231/250 Ended | E Time: 11.632s | ~Time Left: 221.004s |  Train Loss: 0.1596 | Train Acc. 93.2184% | Test Loss: 0.3659 | Test Acc. 85.0575%
Train AUC: 0.9830483261652437
Valid AUC: 0.919742365031119
Adas on MHIST_transformed: T 1/1 | E 232/250 Ended | E Time: 11.872s | ~Time Left: 213.702s |  Train Loss: 0.1505 | Train Acc. 93.9655% | Test Loss: 0.4000 | Test Acc. 83.9080%
Train AUC: 0.9788569962026289
Valid AUC: 0.9028320548077386
Adas on MHIST_transformed: T 1/1 | E 233/250 Ended | E Time: 11.636s | ~Time Left: 197.819s |  Train Loss: 0.1655 | Train Acc. 93.4483% | Test Loss: 0.4463 | Test Acc. 83.9080%
Train AUC: 0.9791855677012583
Valid AUC: 0.9237226805615864
Adas on MHIST_transformed: T 1/1 | E 234/250 Ended | E Time: 11.791s | ~Time Left: 188.661s |  Train Loss: 0.1611 | Train Acc. 93.4483% | Test Loss: 0.3848 | Test Acc. 84.1379%
Train AUC: 0.9803886951788263
Valid AUC: 0.9022289766970618
Adas on MHIST_transformed: T 1/1 | E 235/250 Ended | E Time: 11.711s | ~Time Left: 175.671s |  Train Loss: 0.1610 | Train Acc. 93.2759% | Test Loss: 0.4530 | Test Acc. 84.5977%
Train AUC: 0.9825007070008615
Valid AUC: 0.9206831668837747
Adas on MHIST_transformed: T 1/1 | E 236/250 Ended | E Time: 20.575s | ~Time Left: 288.055s |  Train Loss: 0.1528 | Train Acc. 94.0805% | Test Loss: 0.4004 | Test Acc. 85.0575%
Train AUC: 0.9816931730689069
Valid AUC: 0.9177401457036716
Adas on MHIST_transformed: T 1/1 | E 237/250 Ended | E Time: 45.190s | ~Time Left: 587.468s |  Train Loss: 0.1531 | Train Acc. 94.3103% | Test Loss: 0.4103 | Test Acc. 84.8276%
Train AUC: 0.9845522355122037
Valid AUC: 0.9256766536401795
Adas on MHIST_transformed: T 1/1 | E 238/250 Ended | E Time: 34.427s | ~Time Left: 413.130s |  Train Loss: 0.1438 | Train Acc. 93.6782% | Test Loss: 0.3935 | Test Acc. 85.2874%
Train AUC: 0.984609449454751
Valid AUC: 0.9111545327350798
Adas on MHIST_transformed: T 1/1 | E 239/250 Ended | E Time: 35.720s | ~Time Left: 392.921s |  Train Loss: 0.1465 | Train Acc. 94.0230% | Test Loss: 0.4281 | Test Acc. 84.5977%
Train AUC: 0.984333187846451
Valid AUC: 0.9200077193998166
Adas on MHIST_transformed: T 1/1 | E 240/250 Ended | E Time: 25.288s | ~Time Left: 252.880s |  Train Loss: 0.1466 | Train Acc. 94.3678% | Test Loss: 0.3941 | Test Acc. 87.5862%
Train AUC: 0.9827933154498896
Valid AUC: 0.9094176677763304
Adas on MHIST_transformed: T 1/1 | E 241/250 Ended | E Time: 18.520s | ~Time Left: 166.683s |  Train Loss: 0.1504 | Train Acc. 94.0805% | Test Loss: 0.4500 | Test Acc. 85.0575%
Train AUC: 0.9835943106455531
Valid AUC: 0.9129396439426835
Adas on MHIST_transformed: T 1/1 | E 242/250 Ended | E Time: 11.368s | ~Time Left: 90.945s |  Train Loss: 0.1491 | Train Acc. 94.2529% | Test Loss: 0.4302 | Test Acc. 84.5977%
Train AUC: 0.9838166276794515
Valid AUC: 0.9211415062478892
Adas on MHIST_transformed: T 1/1 | E 243/250 Ended | E Time: 14.530s | ~Time Left: 101.713s |  Train Loss: 0.1434 | Train Acc. 94.7126% | Test Loss: 0.4106 | Test Acc. 84.5977%
Train AUC: 0.9846094494547513
Valid AUC: 0.9175712838326819
Adas on MHIST_transformed: T 1/1 | E 244/250 Ended | E Time: 14.370s | ~Time Left: 86.219s |  Train Loss: 0.1436 | Train Acc. 94.6552% | Test Loss: 0.4051 | Test Acc. 84.5977%
Train AUC: 0.9818059662699289
Valid AUC: 0.8998407873787814
Adas on MHIST_transformed: T 1/1 | E 245/250 Ended | E Time: 14.463s | ~Time Left: 72.317s |  Train Loss: 0.1537 | Train Acc. 94.0805% | Test Loss: 0.4590 | Test Acc. 83.4483%
Train AUC: 0.9836384471155183
Valid AUC: 0.9191151637960149
Adas on MHIST_transformed: T 1/1 | E 246/250 Ended | E Time: 11.652s | ~Time Left: 46.609s |  Train Loss: 0.1447 | Train Acc. 94.4253% | Test Loss: 0.3879 | Test Acc. 85.0575%
Train AUC: 0.9817422135910903
Valid AUC: 0.9243016355478361
Adas on MHIST_transformed: T 1/1 | E 247/250 Ended | E Time: 11.669s | ~Time Left: 35.008s |  Train Loss: 0.1489 | Train Acc. 93.9655% | Test Loss: 0.3950 | Test Acc. 85.5172%
Train AUC: 0.9812583471055466
Valid AUC: 0.923312587446326
Adas on MHIST_transformed: T 1/1 | E 248/250 Ended | E Time: 11.516s | ~Time Left: 23.032s |  Train Loss: 0.1585 | Train Acc. 93.5632% | Test Loss: 0.3922 | Test Acc. 85.0575%
Train AUC: 0.9861215322220751
Valid AUC: 0.9185844550586192
Adas on MHIST_transformed: T 1/1 | E 249/250 Ended | E Time: 11.680s | ~Time Left: 11.680s |  Train Loss: 0.1362 | Train Acc. 94.3678% | Test Loss: 0.4233 | Test Acc. 84.1379%
Train AUC: 0.9841631807028814
Valid AUC: 0.9092246827809137
Adas on MHIST_transformed: T 1/1 | E 250/250 Ended | E Time: 11.718s | ~Time Left: 0.000s |  Train Loss: 0.1448 | Train Acc. 94.1954% | Test Loss: 0.4277 | Test Acc. 83.2184%
