Adas: Argument Parser Options
---------------------------------------------
    config              : src/adas/HistoKTconfigs/OSDataset_transformed-configAdas.yaml
    data                : /home/zhan8425/scratch/HistoKTdata      
    output              : .Adas-output/OSDataset_transformed      
    checkpoint          : .Adas-checkpoint/OSDataset_transformed  
    resume              : None                                    
    root                : .                                       
    save_freq           : 25                                      
    cpu                 : 0                                       
    gpu                 : 0                                       
    mpd                 : 0                                       
    dist_url            : tcp://127.0.0.1:23456                   
    dist_backend        : nccl                                    
    world_size          : -1                                      
    rank                : -1                                      
---------------------------------------------
Adas: Output dir .Adas-output/OSDataset_transformed does not exist, building
Adas: Notice: early stop will not be used as it was set to -1.0, training till completion
Adas: Experiment Configuration
---------------------------------------------
    dataset              OSDataset_transformed
    network              ResNet18            
    optimizer            Adas                
    scheduler            None                
    level                L3Only              
    color_kwargs         {'augmentation': 'Color-Distortion', 'distortion': 0.3}
    degree_of_rotation   45                  
    vertical_flipping    0.5                 
    horizontal_flipping  0.5                 
    horizontal_shift     0.1                 
    vertical_shift       0.1                 
    gaussian_blur        0                   
    kernel_size          9                   
    variance             0.1                 
    cutout               0                   
    n_holes              1                   
    cutout_length        16                  
    init_lr              0.03                
    early_stop_threshold -1.0                
    optimizer_kwargs     {'momentum': 0.9, 'weight_decay': 0.0005, 'beta': 0.98, 'linear': 0.0, 'gamma': 0.5, 'step_size': 25.0}
    scheduler_kwargs     {}
    p                    1                   
    start_trial          0                   
    n_trials             1                   
    num_workers          4                   
    max_epochs           250                 
    mini_batch_size      32                  
    loss                 cross_entropy       
    early_stop_patience  10                  
---------------------------------------------
Adas: Pytorch device is set to cuda
Adas on OSDataset_transformed: T 1/1 | E 1/250 Ended | E Time: 620.348s | ~Time Left: 154466.673s |  Train Loss: 1.0940 | Train Acc. 62.1447% | Test Loss: 0.8057 | Test Acc. 72.4688%
Adas on OSDataset_transformed: T 1/1 | E 2/250 Ended | E Time: 584.991s | ~Time Left: 145077.792s |  Train Loss: 0.7811 | Train Acc. 70.9387% | Test Loss: 0.6829 | Test Acc. 73.1946%
Adas on OSDataset_transformed: T 1/1 | E 3/250 Ended | E Time: 552.192s | ~Time Left: 136391.305s |  Train Loss: 0.7145 | Train Acc. 72.7773% | Test Loss: 0.7027 | Test Acc. 74.7671%
Adas on OSDataset_transformed: T 1/1 | E 4/250 Ended | E Time: 577.425s | ~Time Left: 142046.478s |  Train Loss: 0.6773 | Train Acc. 74.7127% | Test Loss: 0.6173 | Test Acc. 76.4122%
Adas on OSDataset_transformed: T 1/1 | E 5/250 Ended | E Time: 580.950s | ~Time Left: 142332.868s |  Train Loss: 0.6397 | Train Acc. 76.0191% | Test Loss: 1.0950 | Test Acc. 65.3744%
Adas on OSDataset_transformed: T 1/1 | E 6/250 Ended | E Time: 590.963s | ~Time Left: 144194.908s |  Train Loss: 0.6063 | Train Acc. 77.6763% | Test Loss: 0.6325 | Test Acc. 76.4667%
Adas on OSDataset_transformed: T 1/1 | E 7/250 Ended | E Time: 582.016s | ~Time Left: 141429.995s |  Train Loss: 0.5875 | Train Acc. 78.5170% | Test Loss: 0.6679 | Test Acc. 76.9505%
Adas on OSDataset_transformed: T 1/1 | E 8/250 Ended | E Time: 567.326s | ~Time Left: 137292.969s |  Train Loss: 0.5765 | Train Acc. 79.1400% | Test Loss: 0.5884 | Test Acc. 79.3395%
Adas on OSDataset_transformed: T 1/1 | E 9/250 Ended | E Time: 560.204s | ~Time Left: 135009.271s |  Train Loss: 0.5559 | Train Acc. 79.7629% | Test Loss: 0.6100 | Test Acc. 76.8175%
Adas on OSDataset_transformed: T 1/1 | E 10/250 Ended | E Time: 557.117s | ~Time Left: 133708.091s |  Train Loss: 0.5441 | Train Acc. 80.6036% | Test Loss: 0.6379 | Test Acc. 77.6642%
Adas on OSDataset_transformed: T 1/1 | E 11/250 Ended | E Time: 611.772s | ~Time Left: 146213.489s |  Train Loss: 0.5341 | Train Acc. 80.4766% | Test Loss: 0.5996 | Test Acc. 79.3819%
Adas on OSDataset_transformed: T 1/1 | E 12/250 Ended | E Time: 602.328s | ~Time Left: 143354.059s |  Train Loss: 0.5340 | Train Acc. 80.8576% | Test Loss: 0.5224 | Test Acc. 80.8274%
Adas on OSDataset_transformed: T 1/1 | E 13/250 Ended | E Time: 578.724s | ~Time Left: 137157.531s |  Train Loss: 0.5222 | Train Acc. 81.2508% | Test Loss: 0.4877 | Test Acc. 82.5874%
Adas on OSDataset_transformed: T 1/1 | E 14/250 Ended | E Time: 591.590s | ~Time Left: 139615.297s |  Train Loss: 0.5194 | Train Acc. 81.6136% | Test Loss: 0.5199 | Test Acc. 81.5894%
Adas on OSDataset_transformed: T 1/1 | E 15/250 Ended | E Time: 565.872s | ~Time Left: 132979.871s |  Train Loss: 0.5128 | Train Acc. 81.4866% | Test Loss: 0.5797 | Test Acc. 78.9464%
Adas on OSDataset_transformed: T 1/1 | E 16/250 Ended | E Time: 1358.581s | ~Time Left: 317907.918s |  Train Loss: 0.5070 | Train Acc. 81.8556% | Test Loss: 0.5353 | Test Acc. 80.5431%
Adas on OSDataset_transformed: T 1/1 | E 17/250 Ended | E Time: 696.543s | ~Time Left: 162294.473s |  Train Loss: 0.5107 | Train Acc. 81.6318% | Test Loss: 0.5549 | Test Acc. 79.7750%
Adas on OSDataset_transformed: T 1/1 | E 18/250 Ended | E Time: 595.365s | ~Time Left: 138124.791s |  Train Loss: 0.5084 | Train Acc. 81.4987% | Test Loss: 0.9174 | Test Acc. 68.9125%
Adas on OSDataset_transformed: T 1/1 | E 19/250 Ended | E Time: 602.639s | ~Time Left: 139209.536s |  Train Loss: 0.5054 | Train Acc. 81.6076% | Test Loss: 0.5975 | Test Acc. 79.1158%
Adas on OSDataset_transformed: T 1/1 | E 20/250 Ended | E Time: 647.462s | ~Time Left: 148916.221s |  Train Loss: 0.5021 | Train Acc. 81.9100% | Test Loss: 0.4705 | Test Acc. 83.2225%
Adas on OSDataset_transformed: T 1/1 | E 21/250 Ended | E Time: 568.205s | ~Time Left: 130119.056s |  Train Loss: 0.5028 | Train Acc. 81.7830% | Test Loss: 0.4819 | Test Acc. 82.7507%
Adas on OSDataset_transformed: T 1/1 | E 22/250 Ended | E Time: 544.492s | ~Time Left: 124144.099s |  Train Loss: 0.4970 | Train Acc. 82.0128% | Test Loss: 0.5033 | Test Acc. 82.6116%
Adas on OSDataset_transformed: T 1/1 | E 23/250 Ended | E Time: 558.066s | ~Time Left: 126680.957s |  Train Loss: 0.4927 | Train Acc. 82.4543% | Test Loss: 0.4734 | Test Acc. 83.8091%
Adas on OSDataset_transformed: T 1/1 | E 24/250 Ended | E Time: 537.194s | ~Time Left: 121405.888s |  Train Loss: 0.4951 | Train Acc. 82.1640% | Test Loss: 0.5193 | Test Acc. 81.0270%
Adas on OSDataset_transformed: T 1/1 | E 25/250 Ended | E Time: 628.543s | ~Time Left: 141422.196s |  Train Loss: 0.4868 | Train Acc. 82.5269% | Test Loss: 0.5140 | Test Acc. 81.9160%
Adas on OSDataset_transformed: T 1/1 | E 26/250 Ended | E Time: 591.183s | ~Time Left: 132425.085s |  Train Loss: 0.4857 | Train Acc. 82.5330% | Test Loss: 0.5135 | Test Acc. 80.9483%
Adas on OSDataset_transformed: T 1/1 | E 27/250 Ended | E Time: 532.532s | ~Time Left: 118754.622s |  Train Loss: 0.4829 | Train Acc. 82.6902% | Test Loss: 0.4983 | Test Acc. 82.3213%
Adas on OSDataset_transformed: T 1/1 | E 28/250 Ended | E Time: 557.560s | ~Time Left: 123778.251s |  Train Loss: 0.4769 | Train Acc. 82.7809% | Test Loss: 0.4904 | Test Acc. 81.6681%
Adas on OSDataset_transformed: T 1/1 | E 29/250 Ended | E Time: 561.972s | ~Time Left: 124195.767s |  Train Loss: 0.4728 | Train Acc. 83.0108% | Test Loss: 0.4897 | Test Acc. 82.6721%
Adas on OSDataset_transformed: T 1/1 | E 30/250 Ended | E Time: 534.930s | ~Time Left: 117684.662s |  Train Loss: 0.4788 | Train Acc. 83.0712% | Test Loss: 0.5052 | Test Acc. 80.9483%
Adas on OSDataset_transformed: T 1/1 | E 31/250 Ended | E Time: 591.989s | ~Time Left: 129645.585s |  Train Loss: 0.4779 | Train Acc. 82.8777% | Test Loss: 0.5382 | Test Acc. 80.6278%
Adas on OSDataset_transformed: T 1/1 | E 32/250 Ended | E Time: 572.401s | ~Time Left: 124783.393s |  Train Loss: 0.4651 | Train Acc. 83.2406% | Test Loss: 0.4296 | Test Acc. 84.2385%
Adas on OSDataset_transformed: T 1/1 | E 33/250 Ended | E Time: 559.921s | ~Time Left: 121502.882s |  Train Loss: 0.4641 | Train Acc. 83.4523% | Test Loss: 0.4600 | Test Acc. 83.5914%
Adas on OSDataset_transformed: T 1/1 | E 34/250 Ended | E Time: 546.418s | ~Time Left: 118026.373s |  Train Loss: 0.4609 | Train Acc. 83.4341% | Test Loss: 0.7391 | Test Acc. 74.3801%
Adas on OSDataset_transformed: T 1/1 | E 35/250 Ended | E Time: 557.142s | ~Time Left: 119785.544s |  Train Loss: 0.4617 | Train Acc. 83.4099% | Test Loss: 0.5583 | Test Acc. 81.1600%
Adas on OSDataset_transformed: T 1/1 | E 36/250 Ended | E Time: 527.820s | ~Time Left: 112953.428s |  Train Loss: 0.4643 | Train Acc. 83.3736% | Test Loss: 0.4442 | Test Acc. 84.0631%
Adas on OSDataset_transformed: T 1/1 | E 37/250 Ended | E Time: 506.645s | ~Time Left: 107915.404s |  Train Loss: 0.4561 | Train Acc. 83.5853% | Test Loss: 0.5009 | Test Acc. 81.7044%
Adas on OSDataset_transformed: T 1/1 | E 38/250 Ended | E Time: 494.172s | ~Time Left: 104764.414s |  Train Loss: 0.4511 | Train Acc. 83.7607% | Test Loss: 0.4795 | Test Acc. 82.1580%
Adas on OSDataset_transformed: T 1/1 | E 39/250 Ended | E Time: 521.556s | ~Time Left: 110048.329s |  Train Loss: 0.4564 | Train Acc. 83.3192% | Test Loss: 0.5123 | Test Acc. 81.5290%
Adas on OSDataset_transformed: T 1/1 | E 40/250 Ended | E Time: 534.302s | ~Time Left: 112203.412s |  Train Loss: 0.4468 | Train Acc. 83.9724% | Test Loss: 0.4865 | Test Acc. 82.3515%
Adas on OSDataset_transformed: T 1/1 | E 41/250 Ended | E Time: 583.055s | ~Time Left: 121858.470s |  Train Loss: 0.4489 | Train Acc. 84.0571% | Test Loss: 0.5794 | Test Acc. 78.2085%
Adas on OSDataset_transformed: T 1/1 | E 42/250 Ended | E Time: 684.558s | ~Time Left: 142388.059s |  Train Loss: 0.4530 | Train Acc. 83.8212% | Test Loss: 0.4737 | Test Acc. 83.0833%
Adas on OSDataset_transformed: T 1/1 | E 43/250 Ended | E Time: 540.924s | ~Time Left: 111971.206s |  Train Loss: 0.4499 | Train Acc. 83.8333% | Test Loss: 0.5337 | Test Acc. 80.8455%
Adas on OSDataset_transformed: T 1/1 | E 44/250 Ended | E Time: 527.536s | ~Time Left: 108672.420s |  Train Loss: 0.4436 | Train Acc. 84.1539% | Test Loss: 0.4431 | Test Acc. 83.6700%
Adas on OSDataset_transformed: T 1/1 | E 45/250 Ended | E Time: 499.419s | ~Time Left: 102380.968s |  Train Loss: 0.4394 | Train Acc. 84.2264% | Test Loss: 0.4793 | Test Acc. 82.8172%
Adas on OSDataset_transformed: T 1/1 | E 46/250 Ended | E Time: 520.594s | ~Time Left: 106201.130s |  Train Loss: 0.4449 | Train Acc. 83.9301% | Test Loss: 0.4604 | Test Acc. 83.3978%
Adas on OSDataset_transformed: T 1/1 | E 47/250 Ended | E Time: 508.322s | ~Time Left: 103189.436s |  Train Loss: 0.4385 | Train Acc. 84.2204% | Test Loss: 0.4392 | Test Acc. 83.8938%
Adas on OSDataset_transformed: T 1/1 | E 48/250 Ended | E Time: 481.563s | ~Time Left: 97275.639s |  Train Loss: 0.4408 | Train Acc. 84.2325% | Test Loss: 0.4232 | Test Acc. 84.8071%
Adas on OSDataset_transformed: T 1/1 | E 49/250 Ended | E Time: 500.648s | ~Time Left: 100630.268s |  Train Loss: 0.4373 | Train Acc. 83.9543% | Test Loss: 0.4270 | Test Acc. 84.3232%
slurmstepd: error: *** JOB 4420022 ON cdr2607 CANCELLED AT 2021-06-07T21:57:19 DUE TO TIME LIMIT ***
