transferring data
Mon Jun 14 22:22:50 PDT 2021

Finished transferring
Mon Jun 14 22:22:50 PDT 2021

Adas: Argument Parser Options
---------------------------------------------
    config              : HistoKTconfigs/PCam_transformed-configAdas.yaml
    data                : /localscratch/zhan8425.5088862.0        
    output              : .Adas-output/PCam_transformed/200_per_class
    checkpoint          : .Adas-checkpoint/PCam_transformed/200_per_class
    resume              : None                                    
    root                : .                                       
    save_freq           : 25                                      
    cpu                 : 0                                       
    gpu                 : 0                                       
    mpd                 : 0                                       
    dist_url            : tcp://127.0.0.1:23456                   
    dist_backend        : nccl                                    
    world_size          : -1                                      
    rank                : -1                                      
---------------------------------------------
Adas: Output dir .Adas-output/PCam_transformed/200_per_class does not exist, building
Adas: Notice: early stop will not be used as it was set to -1.0, training till completion
Adas: Experiment Configuration
---------------------------------------------
    dataset              PCam_transformed    
    network              ResNet18            
    optimizer            Adas                
    scheduler            None                
    level                L3Only              
    color_kwargs         {'augmentation': 'Color-Distortion', 'distortion': 0.3}
    degree_of_rotation   45                  
    vertical_flipping    0.5                 
    horizontal_flipping  0.5                 
    horizontal_shift     0.1                 
    vertical_shift       0.1                 
    gaussian_blur        0                   
    kernel_size          9                   
    variance             0.1                 
    cutout               0                   
    n_holes              1                   
    cutout_length        16                  
    init_lr              0.03                
    early_stop_threshold -1.0                
    optimizer_kwargs     {'momentum': 0.9, 'weight_decay': 0.0005, 'beta': 0.98, 'linear': 0.0, 'gamma': 0.5, 'step_size': 25.0}
    scheduler_kwargs     {}
    p                    1                   
    start_trial          0                   
    n_trials             1                   
    num_workers          4                   
    max_epochs           250                 
    mini_batch_size      32                  
    loss                 cross_entropy       
    early_stop_patience  10                  
---------------------------------------------
Adas: Pytorch device is set to cuda
Train AUC: 0.589975
Valid AUC: 0.7234
Adas on PCam_transformed: T 1/1 | E 1/250 Ended | E Time: 5.490s | ~Time Left: 1367.133s |  Train Loss: 1.2915 | Train Acc. 55.7500% | Test Loss: 4.1255 | Test Acc. 55.0000%
Train AUC: 0.61805
Valid AUC: 0.5916
Adas on PCam_transformed: T 1/1 | E 2/250 Ended | E Time: 4.770s | ~Time Left: 1183.016s |  Train Loss: 1.5761 | Train Acc. 56.7500% | Test Loss: 5.6351 | Test Acc. 54.7500%
Train AUC: 0.62275
Valid AUC: 0.6760499999999999
Adas on PCam_transformed: T 1/1 | E 3/250 Ended | E Time: 4.754s | ~Time Left: 1174.290s |  Train Loss: 1.4083 | Train Acc. 58.0000% | Test Loss: 1.3415 | Test Acc. 58.0000%
Train AUC: 0.6573499999999999
Valid AUC: 0.6598999999999999
Adas on PCam_transformed: T 1/1 | E 4/250 Ended | E Time: 4.761s | ~Time Left: 1171.235s |  Train Loss: 1.0122 | Train Acc. 59.2500% | Test Loss: 3.4120 | Test Acc. 52.7500%
Train AUC: 0.7296499999999999
Valid AUC: 0.7192
Adas on PCam_transformed: T 1/1 | E 5/250 Ended | E Time: 4.721s | ~Time Left: 1156.580s |  Train Loss: 0.8809 | Train Acc. 67.0000% | Test Loss: 0.6454 | Test Acc. 65.0000%
Train AUC: 0.7482
Valid AUC: 0.826225
Adas on PCam_transformed: T 1/1 | E 6/250 Ended | E Time: 4.781s | ~Time Left: 1166.566s |  Train Loss: 0.6880 | Train Acc. 70.5000% | Test Loss: 0.7820 | Test Acc. 70.2500%
Train AUC: 0.7726500000000001
Valid AUC: 0.8185
Adas on PCam_transformed: T 1/1 | E 7/250 Ended | E Time: 4.896s | ~Time Left: 1189.791s |  Train Loss: 0.6066 | Train Acc. 69.5000% | Test Loss: 0.5658 | Test Acc. 74.2500%
Train AUC: 0.779175
Valid AUC: 0.849225
Adas on PCam_transformed: T 1/1 | E 8/250 Ended | E Time: 4.816s | ~Time Left: 1165.551s |  Train Loss: 0.6324 | Train Acc. 72.7500% | Test Loss: 0.4960 | Test Acc. 74.2500%
Train AUC: 0.793575
Valid AUC: 0.7896249999999999
Adas on PCam_transformed: T 1/1 | E 9/250 Ended | E Time: 4.781s | ~Time Left: 1152.229s |  Train Loss: 0.5580 | Train Acc. 73.5000% | Test Loss: 0.5745 | Test Acc. 69.2500%
Train AUC: 0.835425
Valid AUC: 0.7707
Adas on PCam_transformed: T 1/1 | E 10/250 Ended | E Time: 4.815s | ~Time Left: 1155.682s |  Train Loss: 0.4979 | Train Acc. 76.0000% | Test Loss: 0.6171 | Test Acc. 67.7500%
Train AUC: 0.8241999999999999
Valid AUC: 0.740325
Adas on PCam_transformed: T 1/1 | E 11/250 Ended | E Time: 4.798s | ~Time Left: 1146.734s |  Train Loss: 0.5302 | Train Acc. 75.0000% | Test Loss: 0.7031 | Test Acc. 66.2500%
Train AUC: 0.81625
Valid AUC: 0.8225
Adas on PCam_transformed: T 1/1 | E 12/250 Ended | E Time: 4.803s | ~Time Left: 1143.116s |  Train Loss: 0.5452 | Train Acc. 75.7500% | Test Loss: 0.5146 | Test Acc. 75.2500%
Train AUC: 0.8361500000000001
Valid AUC: 0.8494
Adas on PCam_transformed: T 1/1 | E 13/250 Ended | E Time: 4.813s | ~Time Left: 1140.617s |  Train Loss: 0.5082 | Train Acc. 78.0000% | Test Loss: 0.4867 | Test Acc. 77.0000%
Train AUC: 0.8464999999999999
Valid AUC: 0.8424750000000001
Adas on PCam_transformed: T 1/1 | E 14/250 Ended | E Time: 4.767s | ~Time Left: 1125.020s |  Train Loss: 0.4990 | Train Acc. 79.0000% | Test Loss: 0.4891 | Test Acc. 77.0000%
Train AUC: 0.8532749999999999
Valid AUC: 0.8335250000000001
Adas on PCam_transformed: T 1/1 | E 15/250 Ended | E Time: 4.806s | ~Time Left: 1129.484s |  Train Loss: 0.4899 | Train Acc. 76.5000% | Test Loss: 0.5203 | Test Acc. 75.7500%
Train AUC: 0.8354249999999999
Valid AUC: 0.837475
Adas on PCam_transformed: T 1/1 | E 16/250 Ended | E Time: 4.787s | ~Time Left: 1120.126s |  Train Loss: 0.5150 | Train Acc. 78.0000% | Test Loss: 0.4932 | Test Acc. 78.0000%
Train AUC: 0.8577250000000001
Valid AUC: 0.8179000000000001
Adas on PCam_transformed: T 1/1 | E 17/250 Ended | E Time: 4.791s | ~Time Left: 1116.350s |  Train Loss: 0.4771 | Train Acc. 79.5000% | Test Loss: 0.5433 | Test Acc. 73.5000%
Train AUC: 0.7934000000000001
Valid AUC: 0.824925
Adas on PCam_transformed: T 1/1 | E 18/250 Ended | E Time: 4.838s | ~Time Left: 1122.436s |  Train Loss: 0.5601 | Train Acc. 71.5000% | Test Loss: 0.5260 | Test Acc. 74.0000%
Train AUC: 0.81525
Valid AUC: 0.8339000000000001
Adas on PCam_transformed: T 1/1 | E 19/250 Ended | E Time: 4.801s | ~Time Left: 1109.003s |  Train Loss: 0.5444 | Train Acc. 76.5000% | Test Loss: 0.5452 | Test Acc. 76.0000%
Train AUC: 0.8467250000000001
Valid AUC: 0.8376500000000001
Adas on PCam_transformed: T 1/1 | E 20/250 Ended | E Time: 4.765s | ~Time Left: 1095.914s |  Train Loss: 0.5113 | Train Acc. 78.7500% | Test Loss: 0.5076 | Test Acc. 74.2500%
Train AUC: 0.8623250000000001
Valid AUC: 0.8374
Adas on PCam_transformed: T 1/1 | E 21/250 Ended | E Time: 4.768s | ~Time Left: 1091.796s |  Train Loss: 0.4745 | Train Acc. 80.0000% | Test Loss: 0.5373 | Test Acc. 74.2500%
Train AUC: 0.8372250000000001
Valid AUC: 0.84215
Adas on PCam_transformed: T 1/1 | E 22/250 Ended | E Time: 4.804s | ~Time Left: 1095.231s |  Train Loss: 0.5195 | Train Acc. 76.2500% | Test Loss: 0.4991 | Test Acc. 75.7500%
Train AUC: 0.84975
Valid AUC: 0.8019749999999999
Adas on PCam_transformed: T 1/1 | E 23/250 Ended | E Time: 4.761s | ~Time Left: 1080.750s |  Train Loss: 0.4764 | Train Acc. 80.7500% | Test Loss: 0.5583 | Test Acc. 75.0000%
Train AUC: 0.8536000000000001
Valid AUC: 0.8426499999999999
Adas on PCam_transformed: T 1/1 | E 24/250 Ended | E Time: 4.768s | ~Time Left: 1077.460s |  Train Loss: 0.4816 | Train Acc. 77.2500% | Test Loss: 0.4871 | Test Acc. 78.2500%
Train AUC: 0.8574999999999999
Valid AUC: 0.83175
Adas on PCam_transformed: T 1/1 | E 25/250 Ended | E Time: 4.784s | ~Time Left: 1076.409s |  Train Loss: 0.4679 | Train Acc. 78.7500% | Test Loss: 0.6349 | Test Acc. 72.0000%
Train AUC: 0.846175
Valid AUC: 0.85155
Adas on PCam_transformed: T 1/1 | E 26/250 Ended | E Time: 4.799s | ~Time Left: 1075.079s |  Train Loss: 0.5089 | Train Acc. 79.5000% | Test Loss: 0.4850 | Test Acc. 77.7500%
Train AUC: 0.87715
Valid AUC: 0.845275
Adas on PCam_transformed: T 1/1 | E 27/250 Ended | E Time: 4.778s | ~Time Left: 1065.404s |  Train Loss: 0.4370 | Train Acc. 80.2500% | Test Loss: 0.5215 | Test Acc. 76.7500%
Train AUC: 0.8684499999999999
Valid AUC: 0.81105
Adas on PCam_transformed: T 1/1 | E 28/250 Ended | E Time: 4.802s | ~Time Left: 1065.936s |  Train Loss: 0.4546 | Train Acc. 81.7500% | Test Loss: 0.5408 | Test Acc. 73.7500%
Train AUC: 0.8446999999999999
Valid AUC: 0.844125
Adas on PCam_transformed: T 1/1 | E 29/250 Ended | E Time: 4.798s | ~Time Left: 1060.434s |  Train Loss: 0.4966 | Train Acc. 77.5000% | Test Loss: 0.4962 | Test Acc. 76.5000%
Train AUC: 0.8623250000000001
Valid AUC: 0.856725
Adas on PCam_transformed: T 1/1 | E 30/250 Ended | E Time: 4.735s | ~Time Left: 1041.743s |  Train Loss: 0.4922 | Train Acc. 79.7500% | Test Loss: 0.5009 | Test Acc. 75.2500%
Train AUC: 0.829
Valid AUC: 0.8034
Adas on PCam_transformed: T 1/1 | E 31/250 Ended | E Time: 4.797s | ~Time Left: 1050.586s |  Train Loss: 0.5197 | Train Acc. 76.5000% | Test Loss: 0.5404 | Test Acc. 75.7500%
Train AUC: 0.8366750000000001
Valid AUC: 0.8640000000000001
Adas on PCam_transformed: T 1/1 | E 32/250 Ended | E Time: 4.779s | ~Time Left: 1041.745s |  Train Loss: 0.4840 | Train Acc. 75.2500% | Test Loss: 0.4938 | Test Acc. 75.7500%
Train AUC: 0.86015
Valid AUC: 0.843475
Adas on PCam_transformed: T 1/1 | E 33/250 Ended | E Time: 4.804s | ~Time Left: 1042.480s |  Train Loss: 0.4647 | Train Acc. 79.2500% | Test Loss: 0.5135 | Test Acc. 75.0000%
Train AUC: 0.8945
Valid AUC: 0.8353
Adas on PCam_transformed: T 1/1 | E 34/250 Ended | E Time: 4.837s | ~Time Left: 1044.866s |  Train Loss: 0.4104 | Train Acc. 81.5000% | Test Loss: 0.5036 | Test Acc. 75.7500%
Train AUC: 0.873325
Valid AUC: 0.8588
Adas on PCam_transformed: T 1/1 | E 35/250 Ended | E Time: 4.814s | ~Time Left: 1035.069s |  Train Loss: 0.4635 | Train Acc. 80.2500% | Test Loss: 0.4794 | Test Acc. 78.7500%
Train AUC: 0.850325
Valid AUC: 0.83445
Adas on PCam_transformed: T 1/1 | E 36/250 Ended | E Time: 4.793s | ~Time Left: 1025.717s |  Train Loss: 0.4884 | Train Acc. 79.0000% | Test Loss: 0.5212 | Test Acc. 74.5000%
Train AUC: 0.874075
Valid AUC: 0.8404249999999999
Adas on PCam_transformed: T 1/1 | E 37/250 Ended | E Time: 4.848s | ~Time Left: 1032.715s |  Train Loss: 0.4425 | Train Acc. 81.0000% | Test Loss: 0.5478 | Test Acc. 75.2500%
Train AUC: 0.875525
Valid AUC: 0.8387499999999999
Adas on PCam_transformed: T 1/1 | E 38/250 Ended | E Time: 4.812s | ~Time Left: 1020.197s |  Train Loss: 0.4474 | Train Acc. 82.2500% | Test Loss: 0.5077 | Test Acc. 76.7500%
Train AUC: 0.8543
Valid AUC: 0.8367
Adas on PCam_transformed: T 1/1 | E 39/250 Ended | E Time: 4.831s | ~Time Left: 1019.306s |  Train Loss: 0.4916 | Train Acc. 78.2500% | Test Loss: 0.5246 | Test Acc. 77.2500%
Train AUC: 0.8567
Valid AUC: 0.8533999999999999
Adas on PCam_transformed: T 1/1 | E 40/250 Ended | E Time: 4.746s | ~Time Left: 996.635s |  Train Loss: 0.5085 | Train Acc. 77.7500% | Test Loss: 0.5066 | Test Acc. 74.5000%
Train AUC: 0.8558499999999999
Valid AUC: 0.8425499999999999
Adas on PCam_transformed: T 1/1 | E 41/250 Ended | E Time: 4.760s | ~Time Left: 994.830s |  Train Loss: 0.4928 | Train Acc. 81.7500% | Test Loss: 0.4964 | Test Acc. 76.0000%
Train AUC: 0.8863000000000001
Valid AUC: 0.83265
Adas on PCam_transformed: T 1/1 | E 42/250 Ended | E Time: 4.744s | ~Time Left: 986.804s |  Train Loss: 0.4269 | Train Acc. 82.2500% | Test Loss: 0.5127 | Test Acc. 76.7500%
Train AUC: 0.86915
Valid AUC: 0.8568749999999999
Adas on PCam_transformed: T 1/1 | E 43/250 Ended | E Time: 4.790s | ~Time Left: 991.548s |  Train Loss: 0.4609 | Train Acc. 80.2500% | Test Loss: 0.4798 | Test Acc. 79.5000%
Train AUC: 0.852525
Valid AUC: 0.840725
Adas on PCam_transformed: T 1/1 | E 44/250 Ended | E Time: 4.805s | ~Time Left: 989.767s |  Train Loss: 0.4812 | Train Acc. 78.2500% | Test Loss: 0.5163 | Test Acc. 77.2500%
Train AUC: 0.8628499999999999
Valid AUC: 0.8543499999999999
Adas on PCam_transformed: T 1/1 | E 45/250 Ended | E Time: 4.747s | ~Time Left: 973.236s |  Train Loss: 0.4616 | Train Acc. 78.2500% | Test Loss: 0.4655 | Test Acc. 77.7500%
Train AUC: 0.8817750000000001
Valid AUC: 0.82695
Adas on PCam_transformed: T 1/1 | E 46/250 Ended | E Time: 4.820s | ~Time Left: 983.366s |  Train Loss: 0.4442 | Train Acc. 81.5000% | Test Loss: 0.5256 | Test Acc. 77.2500%
Train AUC: 0.8785
Valid AUC: 0.8253
Adas on PCam_transformed: T 1/1 | E 47/250 Ended | E Time: 4.785s | ~Time Left: 971.272s |  Train Loss: 0.4368 | Train Acc. 81.2500% | Test Loss: 0.5468 | Test Acc. 73.7500%
Train AUC: 0.877725
Valid AUC: 0.845525
Adas on PCam_transformed: T 1/1 | E 48/250 Ended | E Time: 4.757s | ~Time Left: 961.015s |  Train Loss: 0.4507 | Train Acc. 82.0000% | Test Loss: 0.4959 | Test Acc. 75.2500%
Train AUC: 0.8527750000000001
Valid AUC: 0.7994249999999999
Adas on PCam_transformed: T 1/1 | E 49/250 Ended | E Time: 4.765s | ~Time Left: 957.794s |  Train Loss: 0.4843 | Train Acc. 78.0000% | Test Loss: 0.5478 | Test Acc. 72.2500%
Train AUC: 0.8850250000000001
Valid AUC: 0.848225
Adas on PCam_transformed: T 1/1 | E 50/250 Ended | E Time: 4.828s | ~Time Left: 965.628s |  Train Loss: 0.4370 | Train Acc. 80.7500% | Test Loss: 0.4834 | Test Acc. 77.0000%
Train AUC: 0.871775
Valid AUC: 0.8499749999999999
Adas on PCam_transformed: T 1/1 | E 51/250 Ended | E Time: 4.759s | ~Time Left: 946.983s |  Train Loss: 0.4552 | Train Acc. 79.5000% | Test Loss: 0.4851 | Test Acc. 77.7500%
Train AUC: 0.862725
Valid AUC: 0.848425
Adas on PCam_transformed: T 1/1 | E 52/250 Ended | E Time: 4.798s | ~Time Left: 949.976s |  Train Loss: 0.4561 | Train Acc. 78.7500% | Test Loss: 0.4934 | Test Acc. 77.0000%
Train AUC: 0.886475
Valid AUC: 0.8408000000000001
Adas on PCam_transformed: T 1/1 | E 53/250 Ended | E Time: 4.786s | ~Time Left: 942.814s |  Train Loss: 0.4167 | Train Acc. 81.2500% | Test Loss: 0.5037 | Test Acc. 75.7500%
Train AUC: 0.901525
Valid AUC: 0.8440499999999999
Adas on PCam_transformed: T 1/1 | E 54/250 Ended | E Time: 4.784s | ~Time Left: 937.685s |  Train Loss: 0.3996 | Train Acc. 82.0000% | Test Loss: 0.5151 | Test Acc. 77.7500%
Train AUC: 0.8789
Valid AUC: 0.8133250000000001
Adas on PCam_transformed: T 1/1 | E 55/250 Ended | E Time: 4.774s | ~Time Left: 930.868s |  Train Loss: 0.4427 | Train Acc. 81.5000% | Test Loss: 0.5812 | Test Acc. 75.5000%
Train AUC: 0.866325
Valid AUC: 0.8641
Adas on PCam_transformed: T 1/1 | E 56/250 Ended | E Time: 4.789s | ~Time Left: 929.100s |  Train Loss: 0.4614 | Train Acc. 78.5000% | Test Loss: 0.5081 | Test Acc. 75.7500%
Train AUC: 0.859475
Valid AUC: 0.81725
Adas on PCam_transformed: T 1/1 | E 57/250 Ended | E Time: 4.770s | ~Time Left: 920.666s |  Train Loss: 0.4732 | Train Acc. 79.7500% | Test Loss: 0.5412 | Test Acc. 75.2500%
Train AUC: 0.8838499999999999
Valid AUC: 0.859675
Adas on PCam_transformed: T 1/1 | E 58/250 Ended | E Time: 4.816s | ~Time Left: 924.579s |  Train Loss: 0.4208 | Train Acc. 82.2500% | Test Loss: 0.4604 | Test Acc. 76.7500%
Train AUC: 0.903125
Valid AUC: 0.83145
Adas on PCam_transformed: T 1/1 | E 59/250 Ended | E Time: 4.820s | ~Time Left: 920.594s |  Train Loss: 0.3954 | Train Acc. 83.0000% | Test Loss: 0.5428 | Test Acc. 75.0000%
Train AUC: 0.907625
Valid AUC: 0.8289
Adas on PCam_transformed: T 1/1 | E 60/250 Ended | E Time: 4.790s | ~Time Left: 910.090s |  Train Loss: 0.3940 | Train Acc. 83.5000% | Test Loss: 0.5104 | Test Acc. 74.5000%
Train AUC: 0.888175
Valid AUC: 0.81755
Adas on PCam_transformed: T 1/1 | E 61/250 Ended | E Time: 4.782s | ~Time Left: 903.736s |  Train Loss: 0.4247 | Train Acc. 80.5000% | Test Loss: 0.5620 | Test Acc. 76.5000%
Train AUC: 0.8960750000000001
Valid AUC: 0.858025
Adas on PCam_transformed: T 1/1 | E 62/250 Ended | E Time: 4.899s | ~Time Left: 920.980s |  Train Loss: 0.4132 | Train Acc. 81.2500% | Test Loss: 0.4653 | Test Acc. 78.5000%
Train AUC: 0.896275
Valid AUC: 0.84555
Adas on PCam_transformed: T 1/1 | E 63/250 Ended | E Time: 4.808s | ~Time Left: 899.081s |  Train Loss: 0.4044 | Train Acc. 82.2500% | Test Loss: 0.5283 | Test Acc. 76.2500%
Train AUC: 0.8866499999999999
Valid AUC: 0.8237249999999999
Adas on PCam_transformed: T 1/1 | E 64/250 Ended | E Time: 4.790s | ~Time Left: 890.931s |  Train Loss: 0.4237 | Train Acc. 82.5000% | Test Loss: 0.5379 | Test Acc. 74.7500%
Train AUC: 0.897675
Valid AUC: 0.855725
Adas on PCam_transformed: T 1/1 | E 65/250 Ended | E Time: 4.857s | ~Time Left: 898.529s |  Train Loss: 0.3963 | Train Acc. 82.7500% | Test Loss: 0.5144 | Test Acc. 78.5000%
Train AUC: 0.891325
Valid AUC: 0.850475
Adas on PCam_transformed: T 1/1 | E 66/250 Ended | E Time: 4.793s | ~Time Left: 881.826s |  Train Loss: 0.4094 | Train Acc. 82.0000% | Test Loss: 0.5019 | Test Acc. 74.7500%
Train AUC: 0.8885750000000001
Valid AUC: 0.839475
Adas on PCam_transformed: T 1/1 | E 67/250 Ended | E Time: 4.872s | ~Time Left: 891.638s |  Train Loss: 0.4296 | Train Acc. 83.0000% | Test Loss: 0.5297 | Test Acc. 75.5000%
Train AUC: 0.8923749999999999
Valid AUC: 0.850625
Adas on PCam_transformed: T 1/1 | E 68/250 Ended | E Time: 4.973s | ~Time Left: 905.029s |  Train Loss: 0.4048 | Train Acc. 84.0000% | Test Loss: 0.5165 | Test Acc. 77.5000%
Train AUC: 0.89105
Valid AUC: 0.86505
Adas on PCam_transformed: T 1/1 | E 69/250 Ended | E Time: 4.790s | ~Time Left: 866.980s |  Train Loss: 0.4072 | Train Acc. 83.2500% | Test Loss: 0.4502 | Test Acc. 78.7500%
Train AUC: 0.8816
Valid AUC: 0.847375
Adas on PCam_transformed: T 1/1 | E 70/250 Ended | E Time: 4.747s | ~Time Left: 854.477s |  Train Loss: 0.4454 | Train Acc. 81.7500% | Test Loss: 0.4983 | Test Acc. 75.5000%
Train AUC: 0.90055
Valid AUC: 0.84815
Adas on PCam_transformed: T 1/1 | E 71/250 Ended | E Time: 4.777s | ~Time Left: 855.164s |  Train Loss: 0.4096 | Train Acc. 83.0000% | Test Loss: 0.4970 | Test Acc. 76.5000%
Train AUC: 0.8935
Valid AUC: 0.82655
Adas on PCam_transformed: T 1/1 | E 72/250 Ended | E Time: 4.792s | ~Time Left: 852.935s |  Train Loss: 0.3995 | Train Acc. 83.0000% | Test Loss: 0.5488 | Test Acc. 75.5000%
Train AUC: 0.910125
Valid AUC: 0.842625
Adas on PCam_transformed: T 1/1 | E 73/250 Ended | E Time: 4.816s | ~Time Left: 852.426s |  Train Loss: 0.3777 | Train Acc. 83.7500% | Test Loss: 0.5309 | Test Acc. 76.2500%
Train AUC: 0.911475
Valid AUC: 0.8438499999999999
Adas on PCam_transformed: T 1/1 | E 74/250 Ended | E Time: 4.861s | ~Time Left: 855.566s |  Train Loss: 0.3783 | Train Acc. 83.0000% | Test Loss: 0.4896 | Test Acc. 78.2500%
Train AUC: 0.903325
Valid AUC: 0.8603749999999999
Adas on PCam_transformed: T 1/1 | E 75/250 Ended | E Time: 4.891s | ~Time Left: 855.841s |  Train Loss: 0.3830 | Train Acc. 85.0000% | Test Loss: 0.4828 | Test Acc. 78.0000%
Train AUC: 0.9043249999999999
Valid AUC: 0.8623000000000001
Adas on PCam_transformed: T 1/1 | E 76/250 Ended | E Time: 4.765s | ~Time Left: 829.123s |  Train Loss: 0.3844 | Train Acc. 84.5000% | Test Loss: 0.4656 | Test Acc. 76.7500%
Train AUC: 0.907975
Valid AUC: 0.8716500000000001
Adas on PCam_transformed: T 1/1 | E 77/250 Ended | E Time: 4.783s | ~Time Left: 827.385s |  Train Loss: 0.3884 | Train Acc. 81.7500% | Test Loss: 0.4835 | Test Acc. 78.0000%
Train AUC: 0.8904249999999999
Valid AUC: 0.86085
Adas on PCam_transformed: T 1/1 | E 78/250 Ended | E Time: 4.773s | ~Time Left: 821.039s |  Train Loss: 0.4340 | Train Acc. 80.0000% | Test Loss: 0.5053 | Test Acc. 78.0000%
Train AUC: 0.8932
Valid AUC: 0.85495
Adas on PCam_transformed: T 1/1 | E 79/250 Ended | E Time: 4.779s | ~Time Left: 817.254s |  Train Loss: 0.4108 | Train Acc. 83.7500% | Test Loss: 0.4764 | Test Acc. 78.5000%
Train AUC: 0.89
Valid AUC: 0.86655
Adas on PCam_transformed: T 1/1 | E 80/250 Ended | E Time: 4.818s | ~Time Left: 819.039s |  Train Loss: 0.4327 | Train Acc. 81.2500% | Test Loss: 0.4749 | Test Acc. 75.7500%
Train AUC: 0.876925
Valid AUC: 0.86845
Adas on PCam_transformed: T 1/1 | E 81/250 Ended | E Time: 4.771s | ~Time Left: 806.254s |  Train Loss: 0.4474 | Train Acc. 83.5000% | Test Loss: 0.4672 | Test Acc. 78.2500%
Train AUC: 0.8995
Valid AUC: 0.85285
Adas on PCam_transformed: T 1/1 | E 82/250 Ended | E Time: 4.763s | ~Time Left: 800.203s |  Train Loss: 0.3973 | Train Acc. 82.7500% | Test Loss: 0.4769 | Test Acc. 76.7500%
Train AUC: 0.90115
Valid AUC: 0.8545750000000001
Adas on PCam_transformed: T 1/1 | E 83/250 Ended | E Time: 4.798s | ~Time Left: 801.227s |  Train Loss: 0.3999 | Train Acc. 81.2500% | Test Loss: 0.5007 | Test Acc. 76.0000%
Train AUC: 0.91095
Valid AUC: 0.8575
Adas on PCam_transformed: T 1/1 | E 84/250 Ended | E Time: 4.752s | ~Time Left: 788.753s |  Train Loss: 0.3825 | Train Acc. 83.2500% | Test Loss: 0.4892 | Test Acc. 77.0000%
Train AUC: 0.922425
Valid AUC: 0.872775
Adas on PCam_transformed: T 1/1 | E 85/250 Ended | E Time: 4.837s | ~Time Left: 798.054s |  Train Loss: 0.3557 | Train Acc. 85.5000% | Test Loss: 0.4591 | Test Acc. 78.2500%
Train AUC: 0.911175
Valid AUC: 0.8712749999999999
Adas on PCam_transformed: T 1/1 | E 86/250 Ended | E Time: 4.959s | ~Time Left: 813.204s |  Train Loss: 0.3745 | Train Acc. 86.0000% | Test Loss: 0.4596 | Test Acc. 80.5000%
Train AUC: 0.8930249999999998
Valid AUC: 0.87395
Adas on PCam_transformed: T 1/1 | E 87/250 Ended | E Time: 4.765s | ~Time Left: 776.709s |  Train Loss: 0.4248 | Train Acc. 81.7500% | Test Loss: 0.4722 | Test Acc. 78.2500%
Train AUC: 0.90855
Valid AUC: 0.848575
Adas on PCam_transformed: T 1/1 | E 88/250 Ended | E Time: 4.830s | ~Time Left: 782.482s |  Train Loss: 0.3940 | Train Acc. 85.0000% | Test Loss: 0.5076 | Test Acc. 78.2500%
Train AUC: 0.906975
Valid AUC: 0.8698
Adas on PCam_transformed: T 1/1 | E 89/250 Ended | E Time: 4.831s | ~Time Left: 777.856s |  Train Loss: 0.3848 | Train Acc. 85.2500% | Test Loss: 0.4546 | Test Acc. 78.5000%
Train AUC: 0.9194500000000001
Valid AUC: 0.866575
Adas on PCam_transformed: T 1/1 | E 90/250 Ended | E Time: 4.894s | ~Time Left: 782.993s |  Train Loss: 0.3585 | Train Acc. 85.7500% | Test Loss: 0.4931 | Test Acc. 76.2500%
Train AUC: 0.9161250000000001
Valid AUC: 0.8811
Adas on PCam_transformed: T 1/1 | E 91/250 Ended | E Time: 4.775s | ~Time Left: 759.151s |  Train Loss: 0.3709 | Train Acc. 83.5000% | Test Loss: 0.4413 | Test Acc. 78.0000%
Train AUC: 0.926775
Valid AUC: 0.8422000000000001
Adas on PCam_transformed: T 1/1 | E 92/250 Ended | E Time: 5.037s | ~Time Left: 795.854s |  Train Loss: 0.3370 | Train Acc. 85.2500% | Test Loss: 0.5196 | Test Acc. 77.5000%
Train AUC: 0.916125
Valid AUC: 0.86445
Adas on PCam_transformed: T 1/1 | E 93/250 Ended | E Time: 4.806s | ~Time Left: 754.518s |  Train Loss: 0.3683 | Train Acc. 84.5000% | Test Loss: 0.4819 | Test Acc. 79.5000%
Train AUC: 0.9074
Valid AUC: 0.85175
Adas on PCam_transformed: T 1/1 | E 94/250 Ended | E Time: 4.810s | ~Time Left: 750.355s |  Train Loss: 0.3897 | Train Acc. 83.7500% | Test Loss: 0.5048 | Test Acc. 78.5000%
Train AUC: 0.9107
Valid AUC: 0.868325
Adas on PCam_transformed: T 1/1 | E 95/250 Ended | E Time: 4.846s | ~Time Left: 751.173s |  Train Loss: 0.3689 | Train Acc. 83.0000% | Test Loss: 0.4601 | Test Acc. 78.7500%
Train AUC: 0.91335
Valid AUC: 0.86805
Adas on PCam_transformed: T 1/1 | E 96/250 Ended | E Time: 4.817s | ~Time Left: 741.759s |  Train Loss: 0.3663 | Train Acc. 84.5000% | Test Loss: 0.4750 | Test Acc. 77.7500%
Train AUC: 0.9142
Valid AUC: 0.8671
Adas on PCam_transformed: T 1/1 | E 97/250 Ended | E Time: 4.781s | ~Time Left: 731.419s |  Train Loss: 0.3696 | Train Acc. 83.7500% | Test Loss: 0.4679 | Test Acc. 76.0000%
Train AUC: 0.905275
Valid AUC: 0.8627
Adas on PCam_transformed: T 1/1 | E 98/250 Ended | E Time: 4.918s | ~Time Left: 747.542s |  Train Loss: 0.3801 | Train Acc. 84.7500% | Test Loss: 0.4872 | Test Acc. 78.0000%
Train AUC: 0.9093
Valid AUC: 0.855025
Adas on PCam_transformed: T 1/1 | E 99/250 Ended | E Time: 4.793s | ~Time Left: 723.762s |  Train Loss: 0.3888 | Train Acc. 83.2500% | Test Loss: 0.5129 | Test Acc. 77.2500%
Train AUC: 0.9062250000000001
Valid AUC: 0.8674000000000001
Adas on PCam_transformed: T 1/1 | E 100/250 Ended | E Time: 4.806s | ~Time Left: 720.955s |  Train Loss: 0.3892 | Train Acc. 83.2500% | Test Loss: 0.4606 | Test Acc. 79.2500%
Train AUC: 0.9295249999999999
Valid AUC: 0.8659000000000001
Adas on PCam_transformed: T 1/1 | E 101/250 Ended | E Time: 4.782s | ~Time Left: 712.578s |  Train Loss: 0.3365 | Train Acc. 85.7500% | Test Loss: 0.5027 | Test Acc. 79.5000%
Train AUC: 0.926525
Valid AUC: 0.8617250000000001
Adas on PCam_transformed: T 1/1 | E 102/250 Ended | E Time: 4.820s | ~Time Left: 713.362s |  Train Loss: 0.3385 | Train Acc. 86.2500% | Test Loss: 0.4879 | Test Acc. 79.2500%
Train AUC: 0.9254500000000001
Valid AUC: 0.86315
Adas on PCam_transformed: T 1/1 | E 103/250 Ended | E Time: 4.807s | ~Time Left: 706.613s |  Train Loss: 0.3504 | Train Acc. 85.5000% | Test Loss: 0.4796 | Test Acc. 76.7500%
Train AUC: 0.9265
Valid AUC: 0.8691
Adas on PCam_transformed: T 1/1 | E 104/250 Ended | E Time: 4.816s | ~Time Left: 703.190s |  Train Loss: 0.3466 | Train Acc. 85.7500% | Test Loss: 0.4751 | Test Acc. 77.5000%
Train AUC: 0.9211999999999999
Valid AUC: 0.8684
Adas on PCam_transformed: T 1/1 | E 105/250 Ended | E Time: 4.756s | ~Time Left: 689.580s |  Train Loss: 0.3639 | Train Acc. 83.0000% | Test Loss: 0.4904 | Test Acc. 80.0000%
Train AUC: 0.922775
Valid AUC: 0.843525
Adas on PCam_transformed: T 1/1 | E 106/250 Ended | E Time: 4.804s | ~Time Left: 691.707s |  Train Loss: 0.3493 | Train Acc. 85.2500% | Test Loss: 0.5210 | Test Acc. 77.0000%
Train AUC: 0.91745
Valid AUC: 0.87375
Adas on PCam_transformed: T 1/1 | E 107/250 Ended | E Time: 4.871s | ~Time Left: 696.507s |  Train Loss: 0.3578 | Train Acc. 86.2500% | Test Loss: 0.4734 | Test Acc. 77.7500%
Train AUC: 0.934825
Valid AUC: 0.8634999999999999
Adas on PCam_transformed: T 1/1 | E 108/250 Ended | E Time: 4.783s | ~Time Left: 679.165s |  Train Loss: 0.3337 | Train Acc. 85.5000% | Test Loss: 0.4796 | Test Acc. 77.0000%
Train AUC: 0.9289000000000001
Valid AUC: 0.8678750000000001
Adas on PCam_transformed: T 1/1 | E 109/250 Ended | E Time: 4.768s | ~Time Left: 672.285s |  Train Loss: 0.3472 | Train Acc. 85.5000% | Test Loss: 0.4995 | Test Acc. 76.5000%
Train AUC: 0.91835
Valid AUC: 0.864175
Adas on PCam_transformed: T 1/1 | E 110/250 Ended | E Time: 4.828s | ~Time Left: 675.900s |  Train Loss: 0.3596 | Train Acc. 84.2500% | Test Loss: 0.5016 | Test Acc. 78.2500%
Train AUC: 0.9328
Valid AUC: 0.83955
Adas on PCam_transformed: T 1/1 | E 111/250 Ended | E Time: 4.771s | ~Time Left: 663.136s |  Train Loss: 0.3316 | Train Acc. 86.0000% | Test Loss: 0.5547 | Test Acc. 76.0000%
Train AUC: 0.9215749999999999
Valid AUC: 0.8408249999999999
Adas on PCam_transformed: T 1/1 | E 112/250 Ended | E Time: 4.772s | ~Time Left: 658.543s |  Train Loss: 0.3728 | Train Acc. 84.5000% | Test Loss: 0.5341 | Test Acc. 77.5000%
Train AUC: 0.9104499999999999
Valid AUC: 0.8552
Adas on PCam_transformed: T 1/1 | E 113/250 Ended | E Time: 4.775s | ~Time Left: 654.114s |  Train Loss: 0.3841 | Train Acc. 83.2500% | Test Loss: 0.5280 | Test Acc. 79.2500%
Train AUC: 0.92425
Valid AUC: 0.840225
Adas on PCam_transformed: T 1/1 | E 114/250 Ended | E Time: 4.741s | ~Time Left: 644.744s |  Train Loss: 0.3545 | Train Acc. 83.0000% | Test Loss: 0.5334 | Test Acc. 76.2500%
Train AUC: 0.917475
Valid AUC: 0.81115
Adas on PCam_transformed: T 1/1 | E 115/250 Ended | E Time: 4.787s | ~Time Left: 646.281s |  Train Loss: 0.3720 | Train Acc. 84.0000% | Test Loss: 0.6330 | Test Acc. 72.2500%
Train AUC: 0.928575
Valid AUC: 0.8699499999999999
Adas on PCam_transformed: T 1/1 | E 116/250 Ended | E Time: 4.801s | ~Time Left: 643.340s |  Train Loss: 0.3349 | Train Acc. 86.0000% | Test Loss: 0.4760 | Test Acc. 77.7500%
Train AUC: 0.917725
Valid AUC: 0.8708
Adas on PCam_transformed: T 1/1 | E 117/250 Ended | E Time: 4.790s | ~Time Left: 637.092s |  Train Loss: 0.3742 | Train Acc. 83.7500% | Test Loss: 0.4685 | Test Acc. 77.7500%
Train AUC: 0.932075
Valid AUC: 0.8820749999999999
Adas on PCam_transformed: T 1/1 | E 118/250 Ended | E Time: 4.914s | ~Time Left: 648.672s |  Train Loss: 0.3277 | Train Acc. 85.7500% | Test Loss: 0.4315 | Test Acc. 79.2500%
Train AUC: 0.930475
Valid AUC: 0.8537500000000001
Adas on PCam_transformed: T 1/1 | E 119/250 Ended | E Time: 4.800s | ~Time Left: 628.785s |  Train Loss: 0.3421 | Train Acc. 85.2500% | Test Loss: 0.5352 | Test Acc. 76.7500%
Train AUC: 0.926775
Valid AUC: 0.87195
Adas on PCam_transformed: T 1/1 | E 120/250 Ended | E Time: 4.801s | ~Time Left: 624.070s |  Train Loss: 0.3378 | Train Acc. 85.2500% | Test Loss: 0.4633 | Test Acc. 77.7500%
Train AUC: 0.930275
Valid AUC: 0.85605
Adas on PCam_transformed: T 1/1 | E 121/250 Ended | E Time: 4.971s | ~Time Left: 641.270s |  Train Loss: 0.3414 | Train Acc. 86.0000% | Test Loss: 0.5081 | Test Acc. 76.7500%
Train AUC: 0.9347
Valid AUC: 0.8596750000000001
Adas on PCam_transformed: T 1/1 | E 122/250 Ended | E Time: 4.860s | ~Time Left: 622.021s |  Train Loss: 0.3427 | Train Acc. 87.2500% | Test Loss: 0.5054 | Test Acc. 79.2500%
Train AUC: 0.926575
Valid AUC: 0.8649749999999999
Adas on PCam_transformed: T 1/1 | E 123/250 Ended | E Time: 4.795s | ~Time Left: 608.991s |  Train Loss: 0.3463 | Train Acc. 85.5000% | Test Loss: 0.4706 | Test Acc. 77.7500%
Train AUC: 0.9269999999999999
Valid AUC: 0.8507500000000001
Adas on PCam_transformed: T 1/1 | E 124/250 Ended | E Time: 4.817s | ~Time Left: 606.934s |  Train Loss: 0.3430 | Train Acc. 85.0000% | Test Loss: 0.5006 | Test Acc. 74.7500%
Train AUC: 0.93735
Valid AUC: 0.879525
Adas on PCam_transformed: T 1/1 | E 125/250 Ended | E Time: 4.815s | ~Time Left: 601.861s |  Train Loss: 0.3106 | Train Acc. 88.0000% | Test Loss: 0.4569 | Test Acc. 78.2500%
Train AUC: 0.9287
Valid AUC: 0.88035
Adas on PCam_transformed: T 1/1 | E 126/250 Ended | E Time: 4.768s | ~Time Left: 591.286s |  Train Loss: 0.3345 | Train Acc. 85.7500% | Test Loss: 0.4603 | Test Acc. 80.0000%
Train AUC: 0.9316
Valid AUC: 0.8620500000000001
Adas on PCam_transformed: T 1/1 | E 127/250 Ended | E Time: 4.792s | ~Time Left: 589.386s |  Train Loss: 0.3431 | Train Acc. 84.5000% | Test Loss: 0.5351 | Test Acc. 75.7500%
Train AUC: 0.9329999999999999
Valid AUC: 0.8467999999999999
Adas on PCam_transformed: T 1/1 | E 128/250 Ended | E Time: 4.785s | ~Time Left: 583.731s |  Train Loss: 0.3280 | Train Acc. 86.5000% | Test Loss: 0.5143 | Test Acc. 76.5000%
Train AUC: 0.933
Valid AUC: 0.8633
Adas on PCam_transformed: T 1/1 | E 129/250 Ended | E Time: 4.887s | ~Time Left: 591.376s |  Train Loss: 0.3230 | Train Acc. 87.2500% | Test Loss: 0.4915 | Test Acc. 78.2500%
Train AUC: 0.932275
Valid AUC: 0.8591500000000001
Adas on PCam_transformed: T 1/1 | E 130/250 Ended | E Time: 4.772s | ~Time Left: 572.587s |  Train Loss: 0.3333 | Train Acc. 85.2500% | Test Loss: 0.5128 | Test Acc. 78.0000%
Train AUC: 0.9350999999999999
Valid AUC: 0.870125
Adas on PCam_transformed: T 1/1 | E 131/250 Ended | E Time: 4.857s | ~Time Left: 577.976s |  Train Loss: 0.3359 | Train Acc. 85.5000% | Test Loss: 0.4886 | Test Acc. 79.5000%
Train AUC: 0.9219750000000001
Valid AUC: 0.8582249999999999
Adas on PCam_transformed: T 1/1 | E 132/250 Ended | E Time: 4.779s | ~Time Left: 563.943s |  Train Loss: 0.3533 | Train Acc. 84.2500% | Test Loss: 0.5043 | Test Acc. 79.5000%
Train AUC: 0.9304
Valid AUC: 0.871375
Adas on PCam_transformed: T 1/1 | E 133/250 Ended | E Time: 4.837s | ~Time Left: 565.944s |  Train Loss: 0.3301 | Train Acc. 86.2500% | Test Loss: 0.4643 | Test Acc. 77.7500%
Train AUC: 0.94235
Valid AUC: 0.8586750000000001
Adas on PCam_transformed: T 1/1 | E 134/250 Ended | E Time: 4.808s | ~Time Left: 557.739s |  Train Loss: 0.3074 | Train Acc. 86.7500% | Test Loss: 0.5209 | Test Acc. 77.0000%
Train AUC: 0.9244999999999999
Valid AUC: 0.869725
Adas on PCam_transformed: T 1/1 | E 135/250 Ended | E Time: 4.849s | ~Time Left: 557.580s |  Train Loss: 0.3451 | Train Acc. 86.7500% | Test Loss: 0.4968 | Test Acc. 76.5000%
Train AUC: 0.9305
Valid AUC: 0.8733
Adas on PCam_transformed: T 1/1 | E 136/250 Ended | E Time: 4.750s | ~Time Left: 541.535s |  Train Loss: 0.3265 | Train Acc. 84.7500% | Test Loss: 0.4662 | Test Acc. 77.2500%
Train AUC: 0.9345249999999999
Valid AUC: 0.865275
Adas on PCam_transformed: T 1/1 | E 137/250 Ended | E Time: 4.837s | ~Time Left: 546.596s |  Train Loss: 0.3312 | Train Acc. 87.2500% | Test Loss: 0.5080 | Test Acc. 78.0000%
Train AUC: 0.925725
Valid AUC: 0.8677499999999999
Adas on PCam_transformed: T 1/1 | E 138/250 Ended | E Time: 4.805s | ~Time Left: 538.136s |  Train Loss: 0.3371 | Train Acc. 85.5000% | Test Loss: 0.4892 | Test Acc. 76.7500%
Train AUC: 0.940075
Valid AUC: 0.8716499999999999
Adas on PCam_transformed: T 1/1 | E 139/250 Ended | E Time: 4.821s | ~Time Left: 535.112s |  Train Loss: 0.3029 | Train Acc. 88.2500% | Test Loss: 0.4596 | Test Acc. 79.2500%
Train AUC: 0.941325
Valid AUC: 0.8671249999999999
Adas on PCam_transformed: T 1/1 | E 140/250 Ended | E Time: 4.800s | ~Time Left: 527.979s |  Train Loss: 0.3113 | Train Acc. 88.2500% | Test Loss: 0.4989 | Test Acc. 77.0000%
Train AUC: 0.9302999999999999
Valid AUC: 0.883425
Adas on PCam_transformed: T 1/1 | E 141/250 Ended | E Time: 4.855s | ~Time Left: 529.213s |  Train Loss: 0.3377 | Train Acc. 87.5000% | Test Loss: 0.4380 | Test Acc. 80.5000%
Train AUC: 0.936125
Valid AUC: 0.8599000000000001
Adas on PCam_transformed: T 1/1 | E 142/250 Ended | E Time: 4.808s | ~Time Left: 519.317s |  Train Loss: 0.3140 | Train Acc. 87.0000% | Test Loss: 0.4827 | Test Acc. 77.2500%
Train AUC: 0.9423250000000001
Valid AUC: 0.86195
Adas on PCam_transformed: T 1/1 | E 143/250 Ended | E Time: 4.822s | ~Time Left: 515.988s |  Train Loss: 0.3068 | Train Acc. 87.5000% | Test Loss: 0.4991 | Test Acc. 77.7500%
Train AUC: 0.944375
Valid AUC: 0.879675
Adas on PCam_transformed: T 1/1 | E 144/250 Ended | E Time: 4.795s | ~Time Left: 508.255s |  Train Loss: 0.2977 | Train Acc. 88.5000% | Test Loss: 0.4587 | Test Acc. 79.2500%
Train AUC: 0.9464
Valid AUC: 0.858075
Adas on PCam_transformed: T 1/1 | E 145/250 Ended | E Time: 4.887s | ~Time Left: 513.166s |  Train Loss: 0.3009 | Train Acc. 87.7500% | Test Loss: 0.5048 | Test Acc. 75.2500%
Train AUC: 0.94665
Valid AUC: 0.8696
Adas on PCam_transformed: T 1/1 | E 146/250 Ended | E Time: 4.852s | ~Time Left: 504.638s |  Train Loss: 0.2809 | Train Acc. 88.5000% | Test Loss: 0.4854 | Test Acc. 79.2500%
Train AUC: 0.9533499999999999
Valid AUC: 0.871425
Adas on PCam_transformed: T 1/1 | E 147/250 Ended | E Time: 4.853s | ~Time Left: 499.851s |  Train Loss: 0.2772 | Train Acc. 89.5000% | Test Loss: 0.4986 | Test Acc. 79.2500%
Train AUC: 0.943425
Valid AUC: 0.8708250000000001
Adas on PCam_transformed: T 1/1 | E 148/250 Ended | E Time: 4.792s | ~Time Left: 488.745s |  Train Loss: 0.3035 | Train Acc. 86.5000% | Test Loss: 0.4928 | Test Acc. 77.7500%
Train AUC: 0.931025
Valid AUC: 0.869025
Adas on PCam_transformed: T 1/1 | E 149/250 Ended | E Time: 4.872s | ~Time Left: 492.116s |  Train Loss: 0.3272 | Train Acc. 85.5000% | Test Loss: 0.4798 | Test Acc. 77.5000%
Train AUC: 0.938075
Valid AUC: 0.8815000000000001
Adas on PCam_transformed: T 1/1 | E 150/250 Ended | E Time: 4.780s | ~Time Left: 478.006s |  Train Loss: 0.3164 | Train Acc. 87.0000% | Test Loss: 0.4902 | Test Acc. 79.5000%
Train AUC: 0.942625
Valid AUC: 0.8781
Adas on PCam_transformed: T 1/1 | E 151/250 Ended | E Time: 4.777s | ~Time Left: 472.964s |  Train Loss: 0.3029 | Train Acc. 88.5000% | Test Loss: 0.4672 | Test Acc. 78.7500%
Train AUC: 0.9446249999999999
Valid AUC: 0.8582749999999999
Adas on PCam_transformed: T 1/1 | E 152/250 Ended | E Time: 4.972s | ~Time Left: 487.226s |  Train Loss: 0.3007 | Train Acc. 88.2500% | Test Loss: 0.4984 | Test Acc. 77.2500%
Train AUC: 0.937225
Valid AUC: 0.8579
Adas on PCam_transformed: T 1/1 | E 153/250 Ended | E Time: 4.855s | ~Time Left: 470.973s |  Train Loss: 0.3145 | Train Acc. 86.5000% | Test Loss: 0.5170 | Test Acc. 78.0000%
Train AUC: 0.945325
Valid AUC: 0.8723
Adas on PCam_transformed: T 1/1 | E 154/250 Ended | E Time: 4.831s | ~Time Left: 463.786s |  Train Loss: 0.2916 | Train Acc. 90.7500% | Test Loss: 0.4973 | Test Acc. 78.0000%
Train AUC: 0.94475
Valid AUC: 0.8545
Adas on PCam_transformed: T 1/1 | E 155/250 Ended | E Time: 4.856s | ~Time Left: 461.291s |  Train Loss: 0.2950 | Train Acc. 89.0000% | Test Loss: 0.5211 | Test Acc. 78.2500%
Train AUC: 0.94295
Valid AUC: 0.8662000000000001
Adas on PCam_transformed: T 1/1 | E 156/250 Ended | E Time: 4.763s | ~Time Left: 447.677s |  Train Loss: 0.3050 | Train Acc. 88.7500% | Test Loss: 0.5353 | Test Acc. 79.2500%
Train AUC: 0.95105
Valid AUC: 0.8579749999999999
Adas on PCam_transformed: T 1/1 | E 157/250 Ended | E Time: 4.800s | ~Time Left: 446.378s |  Train Loss: 0.2756 | Train Acc. 88.0000% | Test Loss: 0.5067 | Test Acc. 76.5000%
Train AUC: 0.9588
Valid AUC: 0.87395
Adas on PCam_transformed: T 1/1 | E 158/250 Ended | E Time: 4.858s | ~Time Left: 446.909s |  Train Loss: 0.2758 | Train Acc. 89.7500% | Test Loss: 0.4921 | Test Acc. 79.2500%
Train AUC: 0.949925
Valid AUC: 0.8683249999999999
Adas on PCam_transformed: T 1/1 | E 159/250 Ended | E Time: 4.862s | ~Time Left: 442.435s |  Train Loss: 0.2774 | Train Acc. 87.2500% | Test Loss: 0.4944 | Test Acc. 75.7500%
Train AUC: 0.950575
Valid AUC: 0.874275
Adas on PCam_transformed: T 1/1 | E 160/250 Ended | E Time: 4.790s | ~Time Left: 431.131s |  Train Loss: 0.2804 | Train Acc. 88.0000% | Test Loss: 0.4979 | Test Acc. 79.5000%
Train AUC: 0.9494749999999998
Valid AUC: 0.877675
Adas on PCam_transformed: T 1/1 | E 161/250 Ended | E Time: 4.788s | ~Time Left: 426.133s |  Train Loss: 0.2837 | Train Acc. 88.5000% | Test Loss: 0.4598 | Test Acc. 77.5000%
Train AUC: 0.942625
Valid AUC: 0.8680749999999999
Adas on PCam_transformed: T 1/1 | E 162/250 Ended | E Time: 4.878s | ~Time Left: 429.284s |  Train Loss: 0.3156 | Train Acc. 87.7500% | Test Loss: 0.5443 | Test Acc. 76.7500%
Train AUC: 0.9462
Valid AUC: 0.850675
Adas on PCam_transformed: T 1/1 | E 163/250 Ended | E Time: 4.776s | ~Time Left: 415.524s |  Train Loss: 0.3029 | Train Acc. 88.7500% | Test Loss: 0.5290 | Test Acc. 78.0000%
Train AUC: 0.949875
Valid AUC: 0.870825
Adas on PCam_transformed: T 1/1 | E 164/250 Ended | E Time: 4.823s | ~Time Left: 414.812s |  Train Loss: 0.2813 | Train Acc. 88.2500% | Test Loss: 0.5147 | Test Acc. 78.5000%
Train AUC: 0.942525
Valid AUC: 0.84915
Adas on PCam_transformed: T 1/1 | E 165/250 Ended | E Time: 4.762s | ~Time Left: 404.783s |  Train Loss: 0.2969 | Train Acc. 87.7500% | Test Loss: 0.5521 | Test Acc. 76.5000%
Train AUC: 0.94895
Valid AUC: 0.85365
Adas on PCam_transformed: T 1/1 | E 166/250 Ended | E Time: 4.856s | ~Time Left: 407.891s |  Train Loss: 0.2825 | Train Acc. 89.0000% | Test Loss: 0.5253 | Test Acc. 76.7500%
Train AUC: 0.95325
Valid AUC: 0.8685
Adas on PCam_transformed: T 1/1 | E 167/250 Ended | E Time: 4.811s | ~Time Left: 399.338s |  Train Loss: 0.2718 | Train Acc. 88.5000% | Test Loss: 0.4862 | Test Acc. 78.7500%
Train AUC: 0.953425
Valid AUC: 0.8792749999999999
Adas on PCam_transformed: T 1/1 | E 168/250 Ended | E Time: 4.797s | ~Time Left: 393.359s |  Train Loss: 0.2802 | Train Acc. 88.5000% | Test Loss: 0.4517 | Test Acc. 78.0000%
Train AUC: 0.9472999999999999
Valid AUC: 0.877625
Adas on PCam_transformed: T 1/1 | E 169/250 Ended | E Time: 4.800s | ~Time Left: 388.779s |  Train Loss: 0.2933 | Train Acc. 87.5000% | Test Loss: 0.4932 | Test Acc. 79.7500%
Train AUC: 0.9613
Valid AUC: 0.8758250000000001
Adas on PCam_transformed: T 1/1 | E 170/250 Ended | E Time: 4.927s | ~Time Left: 394.166s |  Train Loss: 0.2537 | Train Acc. 88.2500% | Test Loss: 0.4586 | Test Acc. 77.5000%
Train AUC: 0.951075
Valid AUC: 0.86635
Adas on PCam_transformed: T 1/1 | E 171/250 Ended | E Time: 4.855s | ~Time Left: 383.516s |  Train Loss: 0.2712 | Train Acc. 89.0000% | Test Loss: 0.5235 | Test Acc. 78.0000%
Train AUC: 0.95505
Valid AUC: 0.863825
Adas on PCam_transformed: T 1/1 | E 172/250 Ended | E Time: 4.807s | ~Time Left: 374.963s |  Train Loss: 0.2641 | Train Acc. 88.2500% | Test Loss: 0.5134 | Test Acc. 77.2500%
Train AUC: 0.9573
Valid AUC: 0.852025
Adas on PCam_transformed: T 1/1 | E 173/250 Ended | E Time: 4.817s | ~Time Left: 370.921s |  Train Loss: 0.2617 | Train Acc. 88.5000% | Test Loss: 0.5614 | Test Acc. 78.2500%
Train AUC: 0.9404
Valid AUC: 0.8677999999999999
Adas on PCam_transformed: T 1/1 | E 174/250 Ended | E Time: 4.862s | ~Time Left: 369.513s |  Train Loss: 0.3158 | Train Acc. 88.0000% | Test Loss: 0.4845 | Test Acc. 78.5000%
Train AUC: 0.949975
Valid AUC: 0.8721249999999999
Adas on PCam_transformed: T 1/1 | E 175/250 Ended | E Time: 4.802s | ~Time Left: 360.161s |  Train Loss: 0.2861 | Train Acc. 88.5000% | Test Loss: 0.4706 | Test Acc. 76.2500%
Train AUC: 0.95275
Valid AUC: 0.8843500000000001
Adas on PCam_transformed: T 1/1 | E 176/250 Ended | E Time: 4.944s | ~Time Left: 365.822s |  Train Loss: 0.2813 | Train Acc. 89.7500% | Test Loss: 0.4502 | Test Acc. 79.2500%
Train AUC: 0.956625
Valid AUC: 0.864475
Adas on PCam_transformed: T 1/1 | E 177/250 Ended | E Time: 4.845s | ~Time Left: 353.662s |  Train Loss: 0.2583 | Train Acc. 90.0000% | Test Loss: 0.5170 | Test Acc. 76.7500%
Train AUC: 0.954625
Valid AUC: 0.866475
Adas on PCam_transformed: T 1/1 | E 178/250 Ended | E Time: 4.822s | ~Time Left: 347.163s |  Train Loss: 0.2678 | Train Acc. 88.5000% | Test Loss: 0.5147 | Test Acc. 77.5000%
Train AUC: 0.9602749999999999
Valid AUC: 0.870075
Adas on PCam_transformed: T 1/1 | E 179/250 Ended | E Time: 4.799s | ~Time Left: 340.719s |  Train Loss: 0.2465 | Train Acc. 90.7500% | Test Loss: 0.5113 | Test Acc. 77.2500%
Train AUC: 0.958425
Valid AUC: 0.8744
Adas on PCam_transformed: T 1/1 | E 180/250 Ended | E Time: 4.870s | ~Time Left: 340.928s |  Train Loss: 0.2550 | Train Acc. 90.0000% | Test Loss: 0.5023 | Test Acc. 78.5000%
Train AUC: 0.9636750000000001
Valid AUC: 0.8688499999999999
Adas on PCam_transformed: T 1/1 | E 181/250 Ended | E Time: 4.786s | ~Time Left: 330.243s |  Train Loss: 0.2441 | Train Acc. 89.7500% | Test Loss: 0.5275 | Test Acc. 79.5000%
Train AUC: 0.9433750000000001
Valid AUC: 0.865525
Adas on PCam_transformed: T 1/1 | E 182/250 Ended | E Time: 4.773s | ~Time Left: 324.583s |  Train Loss: 0.3033 | Train Acc. 88.0000% | Test Loss: 0.5364 | Test Acc. 79.2500%
Train AUC: 0.963825
Valid AUC: 0.871775
Adas on PCam_transformed: T 1/1 | E 183/250 Ended | E Time: 4.857s | ~Time Left: 325.393s |  Train Loss: 0.2599 | Train Acc. 92.5000% | Test Loss: 0.5276 | Test Acc. 77.0000%
Train AUC: 0.94735
Valid AUC: 0.8686500000000001
Adas on PCam_transformed: T 1/1 | E 184/250 Ended | E Time: 4.972s | ~Time Left: 328.140s |  Train Loss: 0.2998 | Train Acc. 88.2500% | Test Loss: 0.5086 | Test Acc. 78.5000%
Train AUC: 0.9583000000000002
Valid AUC: 0.87335
Adas on PCam_transformed: T 1/1 | E 185/250 Ended | E Time: 4.819s | ~Time Left: 313.225s |  Train Loss: 0.2581 | Train Acc. 88.5000% | Test Loss: 0.5041 | Test Acc. 77.7500%
Train AUC: 0.960575
Valid AUC: 0.8617250000000001
Adas on PCam_transformed: T 1/1 | E 186/250 Ended | E Time: 4.815s | ~Time Left: 308.156s |  Train Loss: 0.2509 | Train Acc. 89.0000% | Test Loss: 0.5279 | Test Acc. 77.5000%
Train AUC: 0.9493
Valid AUC: 0.868625
Adas on PCam_transformed: T 1/1 | E 187/250 Ended | E Time: 4.866s | ~Time Left: 306.558s |  Train Loss: 0.2822 | Train Acc. 87.7500% | Test Loss: 0.5208 | Test Acc. 76.7500%
Train AUC: 0.95295
Valid AUC: 0.8696250000000001
Adas on PCam_transformed: T 1/1 | E 188/250 Ended | E Time: 4.846s | ~Time Left: 300.461s |  Train Loss: 0.2814 | Train Acc. 88.7500% | Test Loss: 0.4946 | Test Acc. 78.7500%
Train AUC: 0.9545000000000001
Valid AUC: 0.877625
Adas on PCam_transformed: T 1/1 | E 189/250 Ended | E Time: 4.817s | ~Time Left: 293.831s |  Train Loss: 0.2681 | Train Acc. 90.0000% | Test Loss: 0.4856 | Test Acc. 80.0000%
Train AUC: 0.95435
Valid AUC: 0.87615
Adas on PCam_transformed: T 1/1 | E 190/250 Ended | E Time: 4.868s | ~Time Left: 292.054s |  Train Loss: 0.2668 | Train Acc. 91.0000% | Test Loss: 0.4692 | Test Acc. 77.5000%
Train AUC: 0.9643
Valid AUC: 0.855775
Adas on PCam_transformed: T 1/1 | E 191/250 Ended | E Time: 4.843s | ~Time Left: 285.738s |  Train Loss: 0.2345 | Train Acc. 91.2500% | Test Loss: 0.5459 | Test Acc. 77.7500%
Train AUC: 0.9606250000000001
Valid AUC: 0.880925
Adas on PCam_transformed: T 1/1 | E 192/250 Ended | E Time: 4.763s | ~Time Left: 276.254s |  Train Loss: 0.2592 | Train Acc. 90.5000% | Test Loss: 0.5157 | Test Acc. 77.5000%
Train AUC: 0.963175
Valid AUC: 0.8761500000000001
Adas on PCam_transformed: T 1/1 | E 193/250 Ended | E Time: 4.796s | ~Time Left: 273.348s |  Train Loss: 0.2445 | Train Acc. 91.2500% | Test Loss: 0.4958 | Test Acc. 78.2500%
Train AUC: 0.9546250000000001
Valid AUC: 0.8634249999999999
Adas on PCam_transformed: T 1/1 | E 194/250 Ended | E Time: 4.806s | ~Time Left: 269.133s |  Train Loss: 0.2765 | Train Acc. 88.7500% | Test Loss: 0.5329 | Test Acc. 78.5000%
Train AUC: 0.9494999999999999
Valid AUC: 0.8651750000000001
Adas on PCam_transformed: T 1/1 | E 195/250 Ended | E Time: 4.847s | ~Time Left: 266.606s |  Train Loss: 0.2831 | Train Acc. 89.0000% | Test Loss: 0.5455 | Test Acc. 77.2500%
Train AUC: 0.9678249999999999
Valid AUC: 0.85025
Adas on PCam_transformed: T 1/1 | E 196/250 Ended | E Time: 4.790s | ~Time Left: 258.639s |  Train Loss: 0.2356 | Train Acc. 91.0000% | Test Loss: 0.5463 | Test Acc. 78.0000%
Train AUC: 0.9614250000000001
Valid AUC: 0.867375
Adas on PCam_transformed: T 1/1 | E 197/250 Ended | E Time: 4.829s | ~Time Left: 255.923s |  Train Loss: 0.2468 | Train Acc. 90.5000% | Test Loss: 0.5001 | Test Acc. 78.5000%
Train AUC: 0.9577
Valid AUC: 0.8672
Adas on PCam_transformed: T 1/1 | E 198/250 Ended | E Time: 4.829s | ~Time Left: 251.088s |  Train Loss: 0.2687 | Train Acc. 90.2500% | Test Loss: 0.5311 | Test Acc. 78.5000%
Train AUC: 0.9697
Valid AUC: 0.8627250000000001
Adas on PCam_transformed: T 1/1 | E 199/250 Ended | E Time: 4.871s | ~Time Left: 248.400s |  Train Loss: 0.2249 | Train Acc. 90.2500% | Test Loss: 0.5491 | Test Acc. 76.7500%
Train AUC: 0.954975
Valid AUC: 0.8611500000000001
Adas on PCam_transformed: T 1/1 | E 200/250 Ended | E Time: 4.832s | ~Time Left: 241.624s |  Train Loss: 0.2659 | Train Acc. 88.0000% | Test Loss: 0.5391 | Test Acc. 78.5000%
Train AUC: 0.9536749999999999
Valid AUC: 0.8783749999999998
Adas on PCam_transformed: T 1/1 | E 201/250 Ended | E Time: 4.833s | ~Time Left: 236.835s |  Train Loss: 0.2693 | Train Acc. 89.0000% | Test Loss: 0.4894 | Test Acc. 79.0000%
Train AUC: 0.9627000000000001
Valid AUC: 0.8701000000000001
Adas on PCam_transformed: T 1/1 | E 202/250 Ended | E Time: 4.893s | ~Time Left: 234.841s |  Train Loss: 0.2453 | Train Acc. 89.7500% | Test Loss: 0.4880 | Test Acc. 79.0000%
Train AUC: 0.9654
Valid AUC: 0.868
Adas on PCam_transformed: T 1/1 | E 203/250 Ended | E Time: 4.884s | ~Time Left: 229.560s |  Train Loss: 0.2338 | Train Acc. 89.7500% | Test Loss: 0.5123 | Test Acc. 78.5000%
Train AUC: 0.9667
Valid AUC: 0.8712250000000001
Adas on PCam_transformed: T 1/1 | E 204/250 Ended | E Time: 4.798s | ~Time Left: 220.724s |  Train Loss: 0.2325 | Train Acc. 91.2500% | Test Loss: 0.5267 | Test Acc. 77.7500%
Train AUC: 0.95325
Valid AUC: 0.873225
Adas on PCam_transformed: T 1/1 | E 205/250 Ended | E Time: 4.782s | ~Time Left: 215.185s |  Train Loss: 0.2829 | Train Acc. 88.0000% | Test Loss: 0.4973 | Test Acc. 79.0000%
Train AUC: 0.9622249999999999
Valid AUC: 0.885825
Adas on PCam_transformed: T 1/1 | E 206/250 Ended | E Time: 4.833s | ~Time Left: 212.650s |  Train Loss: 0.2416 | Train Acc. 88.0000% | Test Loss: 0.4726 | Test Acc. 79.5000%
Train AUC: 0.957875
Valid AUC: 0.884325
Adas on PCam_transformed: T 1/1 | E 207/250 Ended | E Time: 4.793s | ~Time Left: 206.078s |  Train Loss: 0.2700 | Train Acc. 88.0000% | Test Loss: 0.4707 | Test Acc. 78.5000%
Train AUC: 0.9636499999999999
Valid AUC: 0.8818750000000001
Adas on PCam_transformed: T 1/1 | E 208/250 Ended | E Time: 4.842s | ~Time Left: 203.352s |  Train Loss: 0.2472 | Train Acc. 89.7500% | Test Loss: 0.4734 | Test Acc. 79.2500%
Train AUC: 0.967725
Valid AUC: 0.8799499999999999
Adas on PCam_transformed: T 1/1 | E 209/250 Ended | E Time: 4.782s | ~Time Left: 196.043s |  Train Loss: 0.2307 | Train Acc. 91.2500% | Test Loss: 0.4905 | Test Acc. 79.2500%
Train AUC: 0.9578499999999999
Valid AUC: 0.864425
Adas on PCam_transformed: T 1/1 | E 210/250 Ended | E Time: 4.783s | ~Time Left: 191.300s |  Train Loss: 0.2538 | Train Acc. 90.5000% | Test Loss: 0.5493 | Test Acc. 77.5000%
Train AUC: 0.9607249999999999
Valid AUC: 0.8874999999999998
Adas on PCam_transformed: T 1/1 | E 211/250 Ended | E Time: 4.786s | ~Time Left: 186.645s |  Train Loss: 0.2469 | Train Acc. 90.0000% | Test Loss: 0.4742 | Test Acc. 78.7500%
Train AUC: 0.9704
Valid AUC: 0.8729250000000001
Adas on PCam_transformed: T 1/1 | E 212/250 Ended | E Time: 4.847s | ~Time Left: 184.201s |  Train Loss: 0.2140 | Train Acc. 91.7500% | Test Loss: 0.5204 | Test Acc. 76.5000%
Train AUC: 0.9676750000000001
Valid AUC: 0.876975
Adas on PCam_transformed: T 1/1 | E 213/250 Ended | E Time: 4.753s | ~Time Left: 175.852s |  Train Loss: 0.2281 | Train Acc. 90.5000% | Test Loss: 0.4972 | Test Acc. 79.0000%
Train AUC: 0.9644999999999999
Valid AUC: 0.869275
Adas on PCam_transformed: T 1/1 | E 214/250 Ended | E Time: 4.841s | ~Time Left: 174.282s |  Train Loss: 0.2360 | Train Acc. 89.0000% | Test Loss: 0.5284 | Test Acc. 77.5000%
Train AUC: 0.967025
Valid AUC: 0.861775
Adas on PCam_transformed: T 1/1 | E 215/250 Ended | E Time: 4.814s | ~Time Left: 168.499s |  Train Loss: 0.2219 | Train Acc. 91.2500% | Test Loss: 0.5608 | Test Acc. 77.5000%
Train AUC: 0.960625
Valid AUC: 0.860875
Adas on PCam_transformed: T 1/1 | E 216/250 Ended | E Time: 4.867s | ~Time Left: 165.468s |  Train Loss: 0.2377 | Train Acc. 88.7500% | Test Loss: 0.5451 | Test Acc. 77.5000%
Train AUC: 0.97345
Valid AUC: 0.8705
Adas on PCam_transformed: T 1/1 | E 217/250 Ended | E Time: 4.750s | ~Time Left: 156.742s |  Train Loss: 0.2145 | Train Acc. 92.5000% | Test Loss: 0.5252 | Test Acc. 78.0000%
Train AUC: 0.96255
Valid AUC: 0.8758500000000001
Adas on PCam_transformed: T 1/1 | E 218/250 Ended | E Time: 4.893s | ~Time Left: 156.582s |  Train Loss: 0.2620 | Train Acc. 89.0000% | Test Loss: 0.5214 | Test Acc. 80.0000%
Train AUC: 0.965375
Valid AUC: 0.859125
Adas on PCam_transformed: T 1/1 | E 219/250 Ended | E Time: 4.893s | ~Time Left: 151.682s |  Train Loss: 0.2317 | Train Acc. 89.7500% | Test Loss: 0.5454 | Test Acc. 80.0000%
Train AUC: 0.965575
Valid AUC: 0.867275
Adas on PCam_transformed: T 1/1 | E 220/250 Ended | E Time: 4.762s | ~Time Left: 142.865s |  Train Loss: 0.2525 | Train Acc. 89.5000% | Test Loss: 0.5673 | Test Acc. 78.5000%
Train AUC: 0.9607249999999999
Valid AUC: 0.8546999999999999
Adas on PCam_transformed: T 1/1 | E 221/250 Ended | E Time: 4.783s | ~Time Left: 138.710s |  Train Loss: 0.2443 | Train Acc. 89.5000% | Test Loss: 0.5707 | Test Acc. 77.0000%
Train AUC: 0.9689499999999999
Valid AUC: 0.866375
Adas on PCam_transformed: T 1/1 | E 222/250 Ended | E Time: 4.842s | ~Time Left: 135.579s |  Train Loss: 0.2349 | Train Acc. 91.2500% | Test Loss: 0.5319 | Test Acc. 78.7500%
Train AUC: 0.9756250000000001
Valid AUC: 0.87515
Adas on PCam_transformed: T 1/1 | E 223/250 Ended | E Time: 4.790s | ~Time Left: 129.318s |  Train Loss: 0.2148 | Train Acc. 92.0000% | Test Loss: 0.5129 | Test Acc. 77.5000%
Train AUC: 0.9626250000000001
Valid AUC: 0.872325
Adas on PCam_transformed: T 1/1 | E 224/250 Ended | E Time: 4.878s | ~Time Left: 126.831s |  Train Loss: 0.2591 | Train Acc. 88.7500% | Test Loss: 0.5195 | Test Acc. 79.2500%
Train AUC: 0.969
Valid AUC: 0.877
Adas on PCam_transformed: T 1/1 | E 225/250 Ended | E Time: 4.858s | ~Time Left: 121.456s |  Train Loss: 0.2175 | Train Acc. 90.5000% | Test Loss: 0.5010 | Test Acc. 78.5000%
Train AUC: 0.968525
Valid AUC: 0.8618750000000001
Adas on PCam_transformed: T 1/1 | E 226/250 Ended | E Time: 4.819s | ~Time Left: 115.666s |  Train Loss: 0.2361 | Train Acc. 90.5000% | Test Loss: 0.5439 | Test Acc. 77.0000%
Train AUC: 0.969925
Valid AUC: 0.8745
Adas on PCam_transformed: T 1/1 | E 227/250 Ended | E Time: 4.866s | ~Time Left: 111.926s |  Train Loss: 0.2202 | Train Acc. 91.7500% | Test Loss: 0.5034 | Test Acc. 79.5000%
Train AUC: 0.9706250000000001
Valid AUC: 0.872975
Adas on PCam_transformed: T 1/1 | E 228/250 Ended | E Time: 4.806s | ~Time Left: 105.726s |  Train Loss: 0.2274 | Train Acc. 90.0000% | Test Loss: 0.4991 | Test Acc. 81.5000%
Train AUC: 0.9739
Valid AUC: 0.8765499999999998
Adas on PCam_transformed: T 1/1 | E 229/250 Ended | E Time: 4.792s | ~Time Left: 100.631s |  Train Loss: 0.2142 | Train Acc. 90.7500% | Test Loss: 0.5197 | Test Acc. 78.0000%
Train AUC: 0.9731
Valid AUC: 0.8738
Adas on PCam_transformed: T 1/1 | E 230/250 Ended | E Time: 4.852s | ~Time Left: 97.036s |  Train Loss: 0.2100 | Train Acc. 90.0000% | Test Loss: 0.5727 | Test Acc. 79.2500%
Train AUC: 0.971125
Valid AUC: 0.867925
Adas on PCam_transformed: T 1/1 | E 231/250 Ended | E Time: 4.777s | ~Time Left: 90.765s |  Train Loss: 0.2243 | Train Acc. 90.2500% | Test Loss: 0.5352 | Test Acc. 79.5000%
Train AUC: 0.957575
Valid AUC: 0.85605
Adas on PCam_transformed: T 1/1 | E 232/250 Ended | E Time: 4.874s | ~Time Left: 87.738s |  Train Loss: 0.2614 | Train Acc. 89.5000% | Test Loss: 0.5315 | Test Acc. 76.2500%
Train AUC: 0.9676999999999999
Valid AUC: 0.872575
Adas on PCam_transformed: T 1/1 | E 233/250 Ended | E Time: 4.848s | ~Time Left: 82.423s |  Train Loss: 0.2311 | Train Acc. 90.7500% | Test Loss: 0.5323 | Test Acc. 79.5000%
Train AUC: 0.974075
Valid AUC: 0.877525
Adas on PCam_transformed: T 1/1 | E 234/250 Ended | E Time: 4.928s | ~Time Left: 78.850s |  Train Loss: 0.2135 | Train Acc. 91.5000% | Test Loss: 0.5187 | Test Acc. 79.2500%
Train AUC: 0.9738249999999999
Valid AUC: 0.8681000000000001
Adas on PCam_transformed: T 1/1 | E 235/250 Ended | E Time: 4.774s | ~Time Left: 71.615s |  Train Loss: 0.1943 | Train Acc. 93.2500% | Test Loss: 0.5520 | Test Acc. 79.0000%
Train AUC: 0.97045
Valid AUC: 0.874525
Adas on PCam_transformed: T 1/1 | E 236/250 Ended | E Time: 4.819s | ~Time Left: 67.465s |  Train Loss: 0.2319 | Train Acc. 91.2500% | Test Loss: 0.5382 | Test Acc. 80.7500%
Train AUC: 0.97245
Valid AUC: 0.86605
Adas on PCam_transformed: T 1/1 | E 237/250 Ended | E Time: 4.834s | ~Time Left: 62.840s |  Train Loss: 0.2097 | Train Acc. 91.2500% | Test Loss: 0.5218 | Test Acc. 76.7500%
Train AUC: 0.9818250000000001
Valid AUC: 0.874325
Adas on PCam_transformed: T 1/1 | E 238/250 Ended | E Time: 4.780s | ~Time Left: 57.363s |  Train Loss: 0.1828 | Train Acc. 91.5000% | Test Loss: 0.5194 | Test Acc. 79.7500%
Train AUC: 0.96135
Valid AUC: 0.8841999999999999
Adas on PCam_transformed: T 1/1 | E 239/250 Ended | E Time: 4.838s | ~Time Left: 53.223s |  Train Loss: 0.2539 | Train Acc. 90.2500% | Test Loss: 0.4946 | Test Acc. 79.5000%
Train AUC: 0.9717499999999999
Valid AUC: 0.8755499999999999
Adas on PCam_transformed: T 1/1 | E 240/250 Ended | E Time: 4.922s | ~Time Left: 49.217s |  Train Loss: 0.2160 | Train Acc. 91.7500% | Test Loss: 0.5380 | Test Acc. 80.0000%
Train AUC: 0.9762
Valid AUC: 0.8677999999999999
Adas on PCam_transformed: T 1/1 | E 241/250 Ended | E Time: 4.786s | ~Time Left: 43.071s |  Train Loss: 0.2151 | Train Acc. 92.5000% | Test Loss: 0.5423 | Test Acc. 77.5000%
Train AUC: 0.97655
Valid AUC: 0.8605999999999999
Adas on PCam_transformed: T 1/1 | E 242/250 Ended | E Time: 4.809s | ~Time Left: 38.472s |  Train Loss: 0.2042 | Train Acc. 92.0000% | Test Loss: 0.6145 | Test Acc. 77.0000%
Train AUC: 0.9713999999999999
Valid AUC: 0.878975
Adas on PCam_transformed: T 1/1 | E 243/250 Ended | E Time: 4.751s | ~Time Left: 33.259s |  Train Loss: 0.2169 | Train Acc. 90.2500% | Test Loss: 0.5330 | Test Acc. 79.5000%
Train AUC: 0.961775
Valid AUC: 0.8692500000000001
Adas on PCam_transformed: T 1/1 | E 244/250 Ended | E Time: 5.169s | ~Time Left: 31.013s |  Train Loss: 0.2517 | Train Acc. 88.7500% | Test Loss: 0.5403 | Test Acc. 78.5000%
Train AUC: 0.976425
Valid AUC: 0.869175
Adas on PCam_transformed: T 1/1 | E 245/250 Ended | E Time: 4.849s | ~Time Left: 24.247s |  Train Loss: 0.2001 | Train Acc. 92.0000% | Test Loss: 0.5509 | Test Acc. 77.7500%
Train AUC: 0.972975
Valid AUC: 0.8747499999999999
Adas on PCam_transformed: T 1/1 | E 246/250 Ended | E Time: 4.751s | ~Time Left: 19.005s |  Train Loss: 0.2057 | Train Acc. 91.2500% | Test Loss: 0.5272 | Test Acc. 78.5000%
Train AUC: 0.97125
Valid AUC: 0.874375
Adas on PCam_transformed: T 1/1 | E 247/250 Ended | E Time: 4.892s | ~Time Left: 14.676s |  Train Loss: 0.2136 | Train Acc. 91.0000% | Test Loss: 0.5213 | Test Acc. 79.0000%
Train AUC: 0.9712000000000001
Valid AUC: 0.875275
Adas on PCam_transformed: T 1/1 | E 248/250 Ended | E Time: 4.853s | ~Time Left: 9.706s |  Train Loss: 0.2139 | Train Acc. 92.7500% | Test Loss: 0.5415 | Test Acc. 79.0000%
Train AUC: 0.9695250000000001
Valid AUC: 0.8734250000000001
Adas on PCam_transformed: T 1/1 | E 249/250 Ended | E Time: 4.922s | ~Time Left: 4.922s |  Train Loss: 0.2188 | Train Acc. 89.7500% | Test Loss: 0.5293 | Test Acc. 77.7500%
Train AUC: 0.975225
Valid AUC: 0.8787250000000001
Adas on PCam_transformed: T 1/1 | E 250/250 Ended | E Time: 4.773s | ~Time Left: 0.000s |  Train Loss: 0.2117 | Train Acc. 92.5000% | Test Loss: 0.5436 | Test Acc. 79.0000%
