transferring data
Mon Jun 14 22:22:50 PDT 2021

Finished transferring
Mon Jun 14 22:22:51 PDT 2021

Adas: Argument Parser Options
---------------------------------------------
    config              : HistoKTconfigs/PCam_transformed-configAdas.yaml
    data                : /localscratch/zhan8425.5088889.0        
    output              : .Adas-output/PCam_transformed/500_per_class
    checkpoint          : .Adas-checkpoint/PCam_transformed/500_per_class
    resume              : None                                    
    root                : .                                       
    save_freq           : 25                                      
    cpu                 : 0                                       
    gpu                 : 0                                       
    mpd                 : 0                                       
    dist_url            : tcp://127.0.0.1:23456                   
    dist_backend        : nccl                                    
    world_size          : -1                                      
    rank                : -1                                      
---------------------------------------------
Adas: Output dir .Adas-output/PCam_transformed/500_per_class does not exist, building
Adas: Notice: early stop will not be used as it was set to -1.0, training till completion
Adas: Experiment Configuration
---------------------------------------------
    dataset              PCam_transformed    
    network              ResNet18            
    optimizer            Adas                
    scheduler            None                
    level                L3Only              
    color_kwargs         {'augmentation': 'Color-Distortion', 'distortion': 0.3}
    degree_of_rotation   45                  
    vertical_flipping    0.5                 
    horizontal_flipping  0.5                 
    horizontal_shift     0.1                 
    vertical_shift       0.1                 
    gaussian_blur        0                   
    kernel_size          9                   
    variance             0.1                 
    cutout               0                   
    n_holes              1                   
    cutout_length        16                  
    init_lr              0.03                
    early_stop_threshold -1.0                
    optimizer_kwargs     {'momentum': 0.9, 'weight_decay': 0.0005, 'beta': 0.98, 'linear': 0.0, 'gamma': 0.5, 'step_size': 25.0}
    scheduler_kwargs     {}
    p                    1                   
    start_trial          0                   
    n_trials             1                   
    num_workers          4                   
    max_epochs           250                 
    mini_batch_size      32                  
    loss                 cross_entropy       
    early_stop_patience  10                  
---------------------------------------------
Adas: Pytorch device is set to cuda
Train AUC: 0.595852
Valid AUC: 0.700325
Adas on PCam_transformed: T 1/1 | E 1/250 Ended | E Time: 8.009s | ~Time Left: 1994.144s |  Train Loss: 1.5055 | Train Acc. 58.5000% | Test Loss: 0.7446 | Test Acc. 59.7500%
Train AUC: 0.6598600000000001
Valid AUC: 0.645925
Adas on PCam_transformed: T 1/1 | E 2/250 Ended | E Time: 7.013s | ~Time Left: 1739.134s |  Train Loss: 1.3968 | Train Acc. 60.8000% | Test Loss: 10.2966 | Test Acc. 58.7500%
Train AUC: 0.7231639999999999
Valid AUC: 0.81685
Adas on PCam_transformed: T 1/1 | E 3/250 Ended | E Time: 7.080s | ~Time Left: 1748.834s |  Train Loss: 0.7007 | Train Acc. 66.6000% | Test Loss: 0.6093 | Test Acc. 68.7500%
Train AUC: 0.7926479999999999
Valid AUC: 0.838375
Adas on PCam_transformed: T 1/1 | E 4/250 Ended | E Time: 7.023s | ~Time Left: 1727.604s |  Train Loss: 0.5625 | Train Acc. 71.8000% | Test Loss: 0.5027 | Test Acc. 75.2500%
Train AUC: 0.787464
Valid AUC: 0.843425
Adas on PCam_transformed: T 1/1 | E 5/250 Ended | E Time: 7.066s | ~Time Left: 1731.169s |  Train Loss: 0.6715 | Train Acc. 72.9000% | Test Loss: 0.6655 | Test Acc. 70.0000%
Train AUC: 0.804964
Valid AUC: 0.7967249999999999
Adas on PCam_transformed: T 1/1 | E 6/250 Ended | E Time: 7.022s | ~Time Left: 1713.372s |  Train Loss: 0.5739 | Train Acc. 73.0000% | Test Loss: 0.5602 | Test Acc. 72.0000%
Train AUC: 0.823964
Valid AUC: 0.8166
Adas on PCam_transformed: T 1/1 | E 7/250 Ended | E Time: 7.116s | ~Time Left: 1729.207s |  Train Loss: 0.5390 | Train Acc. 75.8000% | Test Loss: 0.5154 | Test Acc. 75.0000%
Train AUC: 0.820828
Valid AUC: 0.7564250000000001
Adas on PCam_transformed: T 1/1 | E 8/250 Ended | E Time: 7.092s | ~Time Left: 1716.203s |  Train Loss: 0.5666 | Train Acc. 75.6000% | Test Loss: 0.6066 | Test Acc. 66.2500%
Train AUC: 0.8362999999999999
Valid AUC: 0.843575
Adas on PCam_transformed: T 1/1 | E 9/250 Ended | E Time: 7.165s | ~Time Left: 1726.871s |  Train Loss: 0.5057 | Train Acc. 76.2000% | Test Loss: 0.4830 | Test Acc. 76.5000%
Train AUC: 0.844556
Valid AUC: 0.80235
Adas on PCam_transformed: T 1/1 | E 10/250 Ended | E Time: 7.120s | ~Time Left: 1708.867s |  Train Loss: 0.5001 | Train Acc. 77.3000% | Test Loss: 0.5850 | Test Acc. 72.5000%
Train AUC: 0.8505799999999999
Valid AUC: 0.8325500000000001
Adas on PCam_transformed: T 1/1 | E 11/250 Ended | E Time: 7.097s | ~Time Left: 1696.242s |  Train Loss: 0.5223 | Train Acc. 77.7000% | Test Loss: 0.6861 | Test Acc. 70.0000%
Train AUC: 0.8429519999999999
Valid AUC: 0.841775
Adas on PCam_transformed: T 1/1 | E 12/250 Ended | E Time: 7.120s | ~Time Left: 1694.629s |  Train Loss: 0.5006 | Train Acc. 76.9000% | Test Loss: 0.6856 | Test Acc. 74.7500%
Train AUC: 0.8421879999999999
Valid AUC: 0.836975
Adas on PCam_transformed: T 1/1 | E 13/250 Ended | E Time: 7.086s | ~Time Left: 1679.465s |  Train Loss: 0.5035 | Train Acc. 78.2000% | Test Loss: 0.5054 | Test Acc. 76.0000%
Train AUC: 0.8518280000000001
Valid AUC: 0.834125
Adas on PCam_transformed: T 1/1 | E 14/250 Ended | E Time: 7.120s | ~Time Left: 1680.341s |  Train Loss: 0.4813 | Train Acc. 77.8000% | Test Loss: 0.5313 | Test Acc. 74.2500%
Train AUC: 0.870964
Valid AUC: 0.8489249999999999
Adas on PCam_transformed: T 1/1 | E 15/250 Ended | E Time: 7.081s | ~Time Left: 1664.073s |  Train Loss: 0.4505 | Train Acc. 80.3000% | Test Loss: 0.5470 | Test Acc. 74.2500%
Train AUC: 0.873332
Valid AUC: 0.793075
Adas on PCam_transformed: T 1/1 | E 16/250 Ended | E Time: 7.074s | ~Time Left: 1655.227s |  Train Loss: 0.4551 | Train Acc. 80.7000% | Test Loss: 0.6033 | Test Acc. 70.2500%
Train AUC: 0.85166
Valid AUC: 0.8508250000000002
Adas on PCam_transformed: T 1/1 | E 17/250 Ended | E Time: 7.230s | ~Time Left: 1684.572s |  Train Loss: 0.4828 | Train Acc. 77.8000% | Test Loss: 0.4852 | Test Acc. 77.2500%
Train AUC: 0.8639039999999999
Valid AUC: 0.845575
Adas on PCam_transformed: T 1/1 | E 18/250 Ended | E Time: 7.102s | ~Time Left: 1647.579s |  Train Loss: 0.4654 | Train Acc. 79.9000% | Test Loss: 0.4875 | Test Acc. 76.5000%
Train AUC: 0.8757600000000001
Valid AUC: 0.7994499999999999
Adas on PCam_transformed: T 1/1 | E 19/250 Ended | E Time: 7.120s | ~Time Left: 1644.766s |  Train Loss: 0.4540 | Train Acc. 80.4000% | Test Loss: 0.6043 | Test Acc. 73.2500%
Train AUC: 0.859612
Valid AUC: 0.816925
Adas on PCam_transformed: T 1/1 | E 20/250 Ended | E Time: 7.185s | ~Time Left: 1652.495s |  Train Loss: 0.4844 | Train Acc. 80.1000% | Test Loss: 0.5626 | Test Acc. 73.5000%
Train AUC: 0.862156
Valid AUC: 0.8451000000000001
Adas on PCam_transformed: T 1/1 | E 21/250 Ended | E Time: 7.125s | ~Time Left: 1631.517s |  Train Loss: 0.4681 | Train Acc. 78.8000% | Test Loss: 0.5082 | Test Acc. 77.2500%
Train AUC: 0.856532
Valid AUC: 0.8052000000000001
Adas on PCam_transformed: T 1/1 | E 22/250 Ended | E Time: 7.102s | ~Time Left: 1619.174s |  Train Loss: 0.4822 | Train Acc. 79.9000% | Test Loss: 0.5962 | Test Acc. 74.5000%
Train AUC: 0.8722320000000001
Valid AUC: 0.824725
Adas on PCam_transformed: T 1/1 | E 23/250 Ended | E Time: 7.190s | ~Time Left: 1632.219s |  Train Loss: 0.4434 | Train Acc. 80.4000% | Test Loss: 0.6386 | Test Acc. 76.2500%
Train AUC: 0.872024
Valid AUC: 0.85215
Adas on PCam_transformed: T 1/1 | E 24/250 Ended | E Time: 7.028s | ~Time Left: 1588.340s |  Train Loss: 0.4514 | Train Acc. 79.3000% | Test Loss: 0.5163 | Test Acc. 76.0000%
Train AUC: 0.8551
Valid AUC: 0.8535999999999999
Adas on PCam_transformed: T 1/1 | E 25/250 Ended | E Time: 7.161s | ~Time Left: 1611.281s |  Train Loss: 0.4754 | Train Acc. 79.1000% | Test Loss: 0.4875 | Test Acc. 76.7500%
Train AUC: 0.868644
Valid AUC: 0.8489749999999999
Adas on PCam_transformed: T 1/1 | E 26/250 Ended | E Time: 7.117s | ~Time Left: 1594.277s |  Train Loss: 0.4685 | Train Acc. 79.9000% | Test Loss: 0.4904 | Test Acc. 78.7500%
Train AUC: 0.868188
Valid AUC: 0.83615
Adas on PCam_transformed: T 1/1 | E 27/250 Ended | E Time: 7.079s | ~Time Left: 1578.560s |  Train Loss: 0.4648 | Train Acc. 80.5000% | Test Loss: 0.5051 | Test Acc. 77.0000%
Train AUC: 0.874612
Valid AUC: 0.800975
Adas on PCam_transformed: T 1/1 | E 28/250 Ended | E Time: 7.162s | ~Time Left: 1589.905s |  Train Loss: 0.4552 | Train Acc. 80.6000% | Test Loss: 0.6525 | Test Acc. 67.7500%
Train AUC: 0.8618920000000001
Valid AUC: 0.844775
Adas on PCam_transformed: T 1/1 | E 29/250 Ended | E Time: 7.107s | ~Time Left: 1570.711s |  Train Loss: 0.4851 | Train Acc. 80.0000% | Test Loss: 0.6065 | Test Acc. 78.0000%
Train AUC: 0.885812
Valid AUC: 0.850625
Adas on PCam_transformed: T 1/1 | E 30/250 Ended | E Time: 7.132s | ~Time Left: 1569.089s |  Train Loss: 0.4314 | Train Acc. 81.5000% | Test Loss: 0.4849 | Test Acc. 76.7500%
Train AUC: 0.8789800000000001
Valid AUC: 0.845725
Adas on PCam_transformed: T 1/1 | E 31/250 Ended | E Time: 7.154s | ~Time Left: 1566.619s |  Train Loss: 0.4465 | Train Acc. 79.8000% | Test Loss: 0.5114 | Test Acc. 75.5000%
Train AUC: 0.876712
Valid AUC: 0.8519
Adas on PCam_transformed: T 1/1 | E 32/250 Ended | E Time: 7.087s | ~Time Left: 1544.866s |  Train Loss: 0.4470 | Train Acc. 81.5000% | Test Loss: 0.4968 | Test Acc. 77.7500%
Train AUC: 0.8853
Valid AUC: 0.849175
Adas on PCam_transformed: T 1/1 | E 33/250 Ended | E Time: 7.073s | ~Time Left: 1534.878s |  Train Loss: 0.4264 | Train Acc. 82.0000% | Test Loss: 0.4908 | Test Acc. 76.7500%
Train AUC: 0.8874360000000001
Valid AUC: 0.8561000000000001
Adas on PCam_transformed: T 1/1 | E 34/250 Ended | E Time: 7.074s | ~Time Left: 1528.031s |  Train Loss: 0.4290 | Train Acc. 82.0000% | Test Loss: 0.4804 | Test Acc. 78.7500%
Train AUC: 0.8892439999999999
Valid AUC: 0.827225
Adas on PCam_transformed: T 1/1 | E 35/250 Ended | E Time: 7.096s | ~Time Left: 1525.556s |  Train Loss: 0.4224 | Train Acc. 81.8000% | Test Loss: 0.5501 | Test Acc. 73.2500%
Train AUC: 0.888548
Valid AUC: 0.843475
Adas on PCam_transformed: T 1/1 | E 36/250 Ended | E Time: 7.121s | ~Time Left: 1523.905s |  Train Loss: 0.4187 | Train Acc. 82.0000% | Test Loss: 0.5176 | Test Acc. 78.7500%
Train AUC: 0.8721000000000001
Valid AUC: 0.8600000000000001
Adas on PCam_transformed: T 1/1 | E 37/250 Ended | E Time: 7.061s | ~Time Left: 1504.038s |  Train Loss: 0.4499 | Train Acc. 79.8000% | Test Loss: 0.4710 | Test Acc. 76.0000%
Train AUC: 0.8798719999999999
Valid AUC: 0.8719250000000001
Adas on PCam_transformed: T 1/1 | E 38/250 Ended | E Time: 7.043s | ~Time Left: 1493.169s |  Train Loss: 0.4326 | Train Acc. 81.2000% | Test Loss: 0.4574 | Test Acc. 77.7500%
Train AUC: 0.8877999999999999
Valid AUC: 0.8483499999999999
Adas on PCam_transformed: T 1/1 | E 39/250 Ended | E Time: 7.134s | ~Time Left: 1505.309s |  Train Loss: 0.4254 | Train Acc. 80.6000% | Test Loss: 0.4814 | Test Acc. 78.5000%
Train AUC: 0.887008
Valid AUC: 0.869525
Adas on PCam_transformed: T 1/1 | E 40/250 Ended | E Time: 7.115s | ~Time Left: 1494.193s |  Train Loss: 0.4376 | Train Acc. 81.6000% | Test Loss: 0.4739 | Test Acc. 76.7500%
Train AUC: 0.8908760000000001
Valid AUC: 0.8678250000000001
Adas on PCam_transformed: T 1/1 | E 41/250 Ended | E Time: 7.073s | ~Time Left: 1478.275s |  Train Loss: 0.4239 | Train Acc. 81.7000% | Test Loss: 0.4730 | Test Acc. 77.5000%
Train AUC: 0.877816
Valid AUC: 0.85785
Adas on PCam_transformed: T 1/1 | E 42/250 Ended | E Time: 7.081s | ~Time Left: 1472.856s |  Train Loss: 0.4533 | Train Acc. 81.3000% | Test Loss: 0.4729 | Test Acc. 78.5000%
Train AUC: 0.8805200000000001
Valid AUC: 0.86385
Adas on PCam_transformed: T 1/1 | E 43/250 Ended | E Time: 7.016s | ~Time Left: 1452.277s |  Train Loss: 0.4475 | Train Acc. 81.4000% | Test Loss: 0.4901 | Test Acc. 75.0000%
Train AUC: 0.8827360000000001
Valid AUC: 0.86705
Adas on PCam_transformed: T 1/1 | E 44/250 Ended | E Time: 7.087s | ~Time Left: 1459.933s |  Train Loss: 0.4294 | Train Acc. 80.9000% | Test Loss: 0.4548 | Test Acc. 79.5000%
Train AUC: 0.8907600000000001
Valid AUC: 0.8776250000000001
Adas on PCam_transformed: T 1/1 | E 45/250 Ended | E Time: 7.062s | ~Time Left: 1447.694s |  Train Loss: 0.4284 | Train Acc. 82.6000% | Test Loss: 0.4431 | Test Acc. 78.2500%
Train AUC: 0.879256
Valid AUC: 0.874675
Adas on PCam_transformed: T 1/1 | E 46/250 Ended | E Time: 7.049s | ~Time Left: 1437.909s |  Train Loss: 0.4398 | Train Acc. 80.5000% | Test Loss: 0.4475 | Test Acc. 78.0000%
Train AUC: 0.8901960000000001
Valid AUC: 0.8667499999999999
Adas on PCam_transformed: T 1/1 | E 47/250 Ended | E Time: 7.075s | ~Time Left: 1436.163s |  Train Loss: 0.4163 | Train Acc. 81.9000% | Test Loss: 0.4654 | Test Acc. 77.5000%
Train AUC: 0.9066
Valid AUC: 0.86455
Adas on PCam_transformed: T 1/1 | E 48/250 Ended | E Time: 7.037s | ~Time Left: 1421.507s |  Train Loss: 0.4048 | Train Acc. 84.2000% | Test Loss: 0.4860 | Test Acc. 77.7500%
Train AUC: 0.8755719999999999
Valid AUC: 0.8104249999999998
Adas on PCam_transformed: T 1/1 | E 49/250 Ended | E Time: 7.141s | ~Time Left: 1435.310s |  Train Loss: 0.4530 | Train Acc. 78.8000% | Test Loss: 0.5424 | Test Acc. 73.7500%
Train AUC: 0.894708
Valid AUC: 0.8663000000000001
Adas on PCam_transformed: T 1/1 | E 50/250 Ended | E Time: 7.074s | ~Time Left: 1414.762s |  Train Loss: 0.4104 | Train Acc. 82.0000% | Test Loss: 0.4578 | Test Acc. 79.0000%
Train AUC: 0.8906680000000001
Valid AUC: 0.8661000000000001
Adas on PCam_transformed: T 1/1 | E 51/250 Ended | E Time: 7.123s | ~Time Left: 1417.511s |  Train Loss: 0.4239 | Train Acc. 81.1000% | Test Loss: 0.4717 | Test Acc. 79.2500%
Train AUC: 0.889584
Valid AUC: 0.8706999999999999
Adas on PCam_transformed: T 1/1 | E 52/250 Ended | E Time: 7.042s | ~Time Left: 1394.276s |  Train Loss: 0.4399 | Train Acc. 82.6000% | Test Loss: 0.4759 | Test Acc. 78.0000%
Train AUC: 0.8892360000000001
Valid AUC: 0.880425
Adas on PCam_transformed: T 1/1 | E 53/250 Ended | E Time: 7.085s | ~Time Left: 1395.710s |  Train Loss: 0.4196 | Train Acc. 81.2000% | Test Loss: 0.4456 | Test Acc. 79.2500%
Train AUC: 0.895108
Valid AUC: 0.8539499999999999
Adas on PCam_transformed: T 1/1 | E 54/250 Ended | E Time: 7.153s | ~Time Left: 1402.085s |  Train Loss: 0.4062 | Train Acc. 82.1000% | Test Loss: 0.4772 | Test Acc. 79.5000%
Train AUC: 0.8924839999999999
Valid AUC: 0.871675
Adas on PCam_transformed: T 1/1 | E 55/250 Ended | E Time: 7.206s | ~Time Left: 1405.156s |  Train Loss: 0.4141 | Train Acc. 81.4000% | Test Loss: 0.4673 | Test Acc. 77.7500%
Train AUC: 0.898612
Valid AUC: 0.8632749999999999
Adas on PCam_transformed: T 1/1 | E 56/250 Ended | E Time: 7.084s | ~Time Left: 1374.353s |  Train Loss: 0.4224 | Train Acc. 82.5000% | Test Loss: 0.4702 | Test Acc. 79.2500%
Train AUC: 0.8983599999999999
Valid AUC: 0.86525
Adas on PCam_transformed: T 1/1 | E 57/250 Ended | E Time: 7.137s | ~Time Left: 1377.518s |  Train Loss: 0.4007 | Train Acc. 83.1000% | Test Loss: 0.4774 | Test Acc. 79.2500%
Train AUC: 0.902552
Valid AUC: 0.863975
Adas on PCam_transformed: T 1/1 | E 58/250 Ended | E Time: 7.097s | ~Time Left: 1362.620s |  Train Loss: 0.3959 | Train Acc. 82.8000% | Test Loss: 0.4963 | Test Acc. 79.5000%
Train AUC: 0.906112
Valid AUC: 0.875675
Adas on PCam_transformed: T 1/1 | E 59/250 Ended | E Time: 7.135s | ~Time Left: 1362.714s |  Train Loss: 0.3822 | Train Acc. 83.9000% | Test Loss: 0.4563 | Test Acc. 79.5000%
Train AUC: 0.902512
Valid AUC: 0.8772
Adas on PCam_transformed: T 1/1 | E 60/250 Ended | E Time: 7.227s | ~Time Left: 1373.053s |  Train Loss: 0.4024 | Train Acc. 84.1000% | Test Loss: 0.4524 | Test Acc. 80.2500%
Train AUC: 0.899344
Valid AUC: 0.8760249999999999
Adas on PCam_transformed: T 1/1 | E 61/250 Ended | E Time: 7.129s | ~Time Left: 1347.373s |  Train Loss: 0.3935 | Train Acc. 82.9000% | Test Loss: 0.4544 | Test Acc. 79.5000%
Train AUC: 0.9070679999999999
Valid AUC: 0.8716499999999999
Adas on PCam_transformed: T 1/1 | E 62/250 Ended | E Time: 7.129s | ~Time Left: 1340.204s |  Train Loss: 0.3859 | Train Acc. 83.3000% | Test Loss: 0.4613 | Test Acc. 77.7500%
Train AUC: 0.9019560000000001
Valid AUC: 0.86635
Adas on PCam_transformed: T 1/1 | E 63/250 Ended | E Time: 7.071s | ~Time Left: 1322.290s |  Train Loss: 0.3951 | Train Acc. 83.1000% | Test Loss: 0.4698 | Test Acc. 77.5000%
Train AUC: 0.8888999999999999
Valid AUC: 0.884625
Adas on PCam_transformed: T 1/1 | E 64/250 Ended | E Time: 7.091s | ~Time Left: 1318.901s |  Train Loss: 0.4135 | Train Acc. 81.0000% | Test Loss: 0.4372 | Test Acc. 79.7500%
Train AUC: 0.9001240000000001
Valid AUC: 0.8460999999999999
Adas on PCam_transformed: T 1/1 | E 65/250 Ended | E Time: 7.084s | ~Time Left: 1310.603s |  Train Loss: 0.4009 | Train Acc. 82.6000% | Test Loss: 0.5072 | Test Acc. 78.0000%
Train AUC: 0.9038440000000001
Valid AUC: 0.8556250000000001
Adas on PCam_transformed: T 1/1 | E 66/250 Ended | E Time: 7.135s | ~Time Left: 1312.817s |  Train Loss: 0.3932 | Train Acc. 83.0000% | Test Loss: 0.4820 | Test Acc. 77.7500%
Train AUC: 0.911628
Valid AUC: 0.8652500000000001
Adas on PCam_transformed: T 1/1 | E 67/250 Ended | E Time: 7.056s | ~Time Left: 1291.291s |  Train Loss: 0.3840 | Train Acc. 83.9000% | Test Loss: 0.4644 | Test Acc. 78.7500%
Train AUC: 0.90772
Valid AUC: 0.8630500000000001
Adas on PCam_transformed: T 1/1 | E 68/250 Ended | E Time: 7.163s | ~Time Left: 1303.695s |  Train Loss: 0.3857 | Train Acc. 85.2000% | Test Loss: 0.4625 | Test Acc. 77.2500%
Train AUC: 0.900312
Valid AUC: 0.8924
Adas on PCam_transformed: T 1/1 | E 69/250 Ended | E Time: 7.312s | ~Time Left: 1323.515s |  Train Loss: 0.3978 | Train Acc. 82.7000% | Test Loss: 0.4569 | Test Acc. 80.0000%
Train AUC: 0.9077240000000001
Valid AUC: 0.8446750000000001
Adas on PCam_transformed: T 1/1 | E 70/250 Ended | E Time: 7.359s | ~Time Left: 1324.549s |  Train Loss: 0.3856 | Train Acc. 82.3000% | Test Loss: 0.5395 | Test Acc. 74.5000%
Train AUC: 0.9003439999999998
Valid AUC: 0.84915
Adas on PCam_transformed: T 1/1 | E 71/250 Ended | E Time: 7.127s | ~Time Left: 1275.799s |  Train Loss: 0.3997 | Train Acc. 83.2000% | Test Loss: 0.5153 | Test Acc. 77.0000%
Train AUC: 0.901412
Valid AUC: 0.8791
Adas on PCam_transformed: T 1/1 | E 72/250 Ended | E Time: 7.160s | ~Time Left: 1274.502s |  Train Loss: 0.3999 | Train Acc. 82.4000% | Test Loss: 0.4502 | Test Acc. 79.7500%
Train AUC: 0.902536
Valid AUC: 0.889775
Adas on PCam_transformed: T 1/1 | E 73/250 Ended | E Time: 7.145s | ~Time Left: 1264.615s |  Train Loss: 0.4156 | Train Acc. 82.7000% | Test Loss: 0.4341 | Test Acc. 79.5000%
Train AUC: 0.899024
Valid AUC: 0.873
Adas on PCam_transformed: T 1/1 | E 74/250 Ended | E Time: 7.135s | ~Time Left: 1255.761s |  Train Loss: 0.4083 | Train Acc. 81.9000% | Test Loss: 0.4466 | Test Acc. 79.2500%
Train AUC: 0.9024559999999999
Valid AUC: 0.8742
Adas on PCam_transformed: T 1/1 | E 75/250 Ended | E Time: 7.139s | ~Time Left: 1249.252s |  Train Loss: 0.3980 | Train Acc. 83.5000% | Test Loss: 0.4438 | Test Acc. 79.7500%
Train AUC: 0.915172
Valid AUC: 0.884025
Adas on PCam_transformed: T 1/1 | E 76/250 Ended | E Time: 7.130s | ~Time Left: 1240.559s |  Train Loss: 0.3743 | Train Acc. 84.5000% | Test Loss: 0.4296 | Test Acc. 80.5000%
Train AUC: 0.908368
Valid AUC: 0.839
Adas on PCam_transformed: T 1/1 | E 77/250 Ended | E Time: 7.179s | ~Time Left: 1242.022s |  Train Loss: 0.3890 | Train Acc. 84.0000% | Test Loss: 0.5117 | Test Acc. 76.2500%
Train AUC: 0.912052
Valid AUC: 0.8792
Adas on PCam_transformed: T 1/1 | E 78/250 Ended | E Time: 7.079s | ~Time Left: 1217.578s |  Train Loss: 0.3721 | Train Acc. 82.3000% | Test Loss: 0.4462 | Test Acc. 80.0000%
Train AUC: 0.909268
Valid AUC: 0.88435
Adas on PCam_transformed: T 1/1 | E 79/250 Ended | E Time: 7.059s | ~Time Left: 1207.042s |  Train Loss: 0.3798 | Train Acc. 82.7000% | Test Loss: 0.4303 | Test Acc. 80.5000%
Train AUC: 0.9027520000000001
Valid AUC: 0.88845
Adas on PCam_transformed: T 1/1 | E 80/250 Ended | E Time: 7.091s | ~Time Left: 1205.537s |  Train Loss: 0.4001 | Train Acc. 83.7000% | Test Loss: 0.4187 | Test Acc. 80.7500%
Train AUC: 0.905388
Valid AUC: 0.8508249999999999
Adas on PCam_transformed: T 1/1 | E 81/250 Ended | E Time: 7.081s | ~Time Left: 1196.733s |  Train Loss: 0.3842 | Train Acc. 83.2000% | Test Loss: 0.4922 | Test Acc. 79.7500%
Train AUC: 0.917724
Valid AUC: 0.865125
Adas on PCam_transformed: T 1/1 | E 82/250 Ended | E Time: 7.069s | ~Time Left: 1187.673s |  Train Loss: 0.3693 | Train Acc. 84.1000% | Test Loss: 0.4891 | Test Acc. 78.7500%
Train AUC: 0.9099839999999999
Valid AUC: 0.890875
Adas on PCam_transformed: T 1/1 | E 83/250 Ended | E Time: 7.142s | ~Time Left: 1192.689s |  Train Loss: 0.3757 | Train Acc. 83.9000% | Test Loss: 0.4302 | Test Acc. 81.0000%
Train AUC: 0.90546
Valid AUC: 0.881
Adas on PCam_transformed: T 1/1 | E 84/250 Ended | E Time: 7.194s | ~Time Left: 1194.227s |  Train Loss: 0.3936 | Train Acc. 84.7000% | Test Loss: 0.4471 | Test Acc. 79.7500%
Train AUC: 0.913476
Valid AUC: 0.8808
Adas on PCam_transformed: T 1/1 | E 85/250 Ended | E Time: 7.096s | ~Time Left: 1170.844s |  Train Loss: 0.3703 | Train Acc. 84.4000% | Test Loss: 0.4403 | Test Acc. 79.7500%
Train AUC: 0.9211479999999999
Valid AUC: 0.887675
Adas on PCam_transformed: T 1/1 | E 86/250 Ended | E Time: 7.149s | ~Time Left: 1172.390s |  Train Loss: 0.3509 | Train Acc. 84.3000% | Test Loss: 0.4433 | Test Acc. 79.5000%
Train AUC: 0.920668
Valid AUC: 0.866775
Adas on PCam_transformed: T 1/1 | E 87/250 Ended | E Time: 7.115s | ~Time Left: 1159.825s |  Train Loss: 0.3633 | Train Acc. 84.9000% | Test Loss: 0.4643 | Test Acc. 79.0000%
Train AUC: 0.9099799999999998
Valid AUC: 0.8768750000000001
Adas on PCam_transformed: T 1/1 | E 88/250 Ended | E Time: 7.170s | ~Time Left: 1161.578s |  Train Loss: 0.3832 | Train Acc. 83.0000% | Test Loss: 0.4527 | Test Acc. 79.5000%
Train AUC: 0.9083640000000001
Valid AUC: 0.8859499999999999
Adas on PCam_transformed: T 1/1 | E 89/250 Ended | E Time: 7.132s | ~Time Left: 1148.264s |  Train Loss: 0.4004 | Train Acc. 83.4000% | Test Loss: 0.4415 | Test Acc. 78.2500%
Train AUC: 0.9122560000000001
Valid AUC: 0.8898999999999999
Adas on PCam_transformed: T 1/1 | E 90/250 Ended | E Time: 7.112s | ~Time Left: 1137.850s |  Train Loss: 0.3726 | Train Acc. 83.8000% | Test Loss: 0.4298 | Test Acc. 80.0000%
Train AUC: 0.909348
Valid AUC: 0.8762
Adas on PCam_transformed: T 1/1 | E 91/250 Ended | E Time: 7.110s | ~Time Left: 1130.501s |  Train Loss: 0.3990 | Train Acc. 83.8000% | Test Loss: 0.4531 | Test Acc. 79.2500%
Train AUC: 0.92086
Valid AUC: 0.8798750000000001
Adas on PCam_transformed: T 1/1 | E 92/250 Ended | E Time: 7.156s | ~Time Left: 1130.606s |  Train Loss: 0.3623 | Train Acc. 84.1000% | Test Loss: 0.4604 | Test Acc. 79.5000%
Train AUC: 0.919492
Valid AUC: 0.8728250000000001
Adas on PCam_transformed: T 1/1 | E 93/250 Ended | E Time: 7.138s | ~Time Left: 1120.592s |  Train Loss: 0.3668 | Train Acc. 85.0000% | Test Loss: 0.4652 | Test Acc. 80.2500%
Train AUC: 0.91716
Valid AUC: 0.8928
Adas on PCam_transformed: T 1/1 | E 94/250 Ended | E Time: 7.200s | ~Time Left: 1123.239s |  Train Loss: 0.3668 | Train Acc. 84.0000% | Test Loss: 0.4179 | Test Acc. 79.0000%
Train AUC: 0.9207799999999999
Valid AUC: 0.88375
Adas on PCam_transformed: T 1/1 | E 95/250 Ended | E Time: 7.176s | ~Time Left: 1112.247s |  Train Loss: 0.3534 | Train Acc. 84.7000% | Test Loss: 0.4443 | Test Acc. 80.2500%
Train AUC: 0.917428
Valid AUC: 0.8982500000000001
Adas on PCam_transformed: T 1/1 | E 96/250 Ended | E Time: 7.096s | ~Time Left: 1092.748s |  Train Loss: 0.3643 | Train Acc. 84.4000% | Test Loss: 0.4311 | Test Acc. 81.2500%
Train AUC: 0.9117320000000001
Valid AUC: 0.8858500000000001
Adas on PCam_transformed: T 1/1 | E 97/250 Ended | E Time: 7.109s | ~Time Left: 1087.620s |  Train Loss: 0.3685 | Train Acc. 83.5000% | Test Loss: 0.4427 | Test Acc. 80.5000%
Train AUC: 0.9260999999999999
Valid AUC: 0.8864
Adas on PCam_transformed: T 1/1 | E 98/250 Ended | E Time: 7.114s | ~Time Left: 1081.268s |  Train Loss: 0.3558 | Train Acc. 85.6000% | Test Loss: 0.4456 | Test Acc. 80.0000%
Train AUC: 0.9210320000000001
Valid AUC: 0.8924
Adas on PCam_transformed: T 1/1 | E 99/250 Ended | E Time: 7.076s | ~Time Left: 1068.455s |  Train Loss: 0.3521 | Train Acc. 85.3000% | Test Loss: 0.4236 | Test Acc. 81.5000%
Train AUC: 0.9263640000000001
Valid AUC: 0.8699
Adas on PCam_transformed: T 1/1 | E 100/250 Ended | E Time: 7.054s | ~Time Left: 1058.053s |  Train Loss: 0.3384 | Train Acc. 84.7000% | Test Loss: 0.4674 | Test Acc. 79.0000%
Train AUC: 0.923724
Valid AUC: 0.885225
Adas on PCam_transformed: T 1/1 | E 101/250 Ended | E Time: 7.054s | ~Time Left: 1051.107s |  Train Loss: 0.3444 | Train Acc. 85.6000% | Test Loss: 0.4477 | Test Acc. 80.5000%
Train AUC: 0.919456
Valid AUC: 0.875275
Adas on PCam_transformed: T 1/1 | E 102/250 Ended | E Time: 7.088s | ~Time Left: 1049.071s |  Train Loss: 0.3625 | Train Acc. 84.1000% | Test Loss: 0.4670 | Test Acc. 79.2500%
Train AUC: 0.92266
Valid AUC: 0.884
Adas on PCam_transformed: T 1/1 | E 103/250 Ended | E Time: 7.058s | ~Time Left: 1037.532s |  Train Loss: 0.3506 | Train Acc. 84.8000% | Test Loss: 0.4452 | Test Acc. 79.5000%
Train AUC: 0.922684
Valid AUC: 0.859425
Adas on PCam_transformed: T 1/1 | E 104/250 Ended | E Time: 7.098s | ~Time Left: 1036.276s |  Train Loss: 0.3518 | Train Acc. 85.4000% | Test Loss: 0.4990 | Test Acc. 78.5000%
Train AUC: 0.9114720000000001
Valid AUC: 0.874125
Adas on PCam_transformed: T 1/1 | E 105/250 Ended | E Time: 7.107s | ~Time Left: 1030.495s |  Train Loss: 0.3937 | Train Acc. 83.8000% | Test Loss: 0.4625 | Test Acc. 78.7500%
Train AUC: 0.924032
Valid AUC: 0.8715
Adas on PCam_transformed: T 1/1 | E 106/250 Ended | E Time: 7.095s | ~Time Left: 1021.637s |  Train Loss: 0.3448 | Train Acc. 85.6000% | Test Loss: 0.4566 | Test Acc. 79.7500%
Train AUC: 0.9262080000000001
Valid AUC: 0.864025
Adas on PCam_transformed: T 1/1 | E 107/250 Ended | E Time: 7.021s | ~Time Left: 1003.957s |  Train Loss: 0.3406 | Train Acc. 86.2000% | Test Loss: 0.4913 | Test Acc. 77.5000%
Train AUC: 0.9196479999999999
Valid AUC: 0.88485
Adas on PCam_transformed: T 1/1 | E 108/250 Ended | E Time: 7.375s | ~Time Left: 1047.243s |  Train Loss: 0.3526 | Train Acc. 85.0000% | Test Loss: 0.4490 | Test Acc. 79.5000%
Train AUC: 0.924168
Valid AUC: 0.8656250000000001
Adas on PCam_transformed: T 1/1 | E 109/250 Ended | E Time: 7.125s | ~Time Left: 1004.628s |  Train Loss: 0.3542 | Train Acc. 84.1000% | Test Loss: 0.4763 | Test Acc. 78.2500%
Train AUC: 0.9196200000000001
Valid AUC: 0.8775000000000001
Adas on PCam_transformed: T 1/1 | E 110/250 Ended | E Time: 7.083s | ~Time Left: 991.621s |  Train Loss: 0.3561 | Train Acc. 84.5000% | Test Loss: 0.4555 | Test Acc. 80.2500%
Train AUC: 0.921904
Valid AUC: 0.8715
Adas on PCam_transformed: T 1/1 | E 111/250 Ended | E Time: 7.112s | ~Time Left: 988.580s |  Train Loss: 0.3492 | Train Acc. 84.6000% | Test Loss: 0.4640 | Test Acc. 78.7500%
Train AUC: 0.918644
Valid AUC: 0.8966749999999999
Adas on PCam_transformed: T 1/1 | E 112/250 Ended | E Time: 7.109s | ~Time Left: 980.992s |  Train Loss: 0.3750 | Train Acc. 85.8000% | Test Loss: 0.4201 | Test Acc. 81.7500%
Train AUC: 0.931712
Valid AUC: 0.8919125
Adas on PCam_transformed: T 1/1 | E 113/250 Ended | E Time: 7.126s | ~Time Left: 976.289s |  Train Loss: 0.3283 | Train Acc. 85.3000% | Test Loss: 0.4220 | Test Acc. 80.7500%
Train AUC: 0.922908
Valid AUC: 0.8651
Adas on PCam_transformed: T 1/1 | E 114/250 Ended | E Time: 7.040s | ~Time Left: 957.418s |  Train Loss: 0.3536 | Train Acc. 85.4000% | Test Loss: 0.4656 | Test Acc. 80.2500%
Train AUC: 0.9252600000000001
Valid AUC: 0.88855
Adas on PCam_transformed: T 1/1 | E 115/250 Ended | E Time: 7.042s | ~Time Left: 950.674s |  Train Loss: 0.3525 | Train Acc. 84.8000% | Test Loss: 0.4366 | Test Acc. 80.0000%
Train AUC: 0.9254279999999999
Valid AUC: 0.8795499999999999
Adas on PCam_transformed: T 1/1 | E 116/250 Ended | E Time: 7.136s | ~Time Left: 956.240s |  Train Loss: 0.3412 | Train Acc. 84.6000% | Test Loss: 0.4479 | Test Acc. 79.7500%
Train AUC: 0.933024
Valid AUC: 0.857
Adas on PCam_transformed: T 1/1 | E 117/250 Ended | E Time: 7.088s | ~Time Left: 942.645s |  Train Loss: 0.3381 | Train Acc. 85.6000% | Test Loss: 0.5076 | Test Acc. 76.7500%
Train AUC: 0.9243480000000001
Valid AUC: 0.8842249999999999
Adas on PCam_transformed: T 1/1 | E 118/250 Ended | E Time: 7.081s | ~Time Left: 934.674s |  Train Loss: 0.3546 | Train Acc. 85.3000% | Test Loss: 0.4568 | Test Acc. 79.0000%
Train AUC: 0.927848
Valid AUC: 0.8851499999999999
Adas on PCam_transformed: T 1/1 | E 119/250 Ended | E Time: 7.069s | ~Time Left: 926.062s |  Train Loss: 0.3436 | Train Acc. 85.8000% | Test Loss: 0.4628 | Test Acc. 79.0000%
Train AUC: 0.924448
Valid AUC: 0.8706499999999999
Adas on PCam_transformed: T 1/1 | E 120/250 Ended | E Time: 7.138s | ~Time Left: 927.973s |  Train Loss: 0.3508 | Train Acc. 85.1000% | Test Loss: 0.5246 | Test Acc. 77.0000%
Train AUC: 0.9234840000000001
Valid AUC: 0.8941749999999999
Adas on PCam_transformed: T 1/1 | E 121/250 Ended | E Time: 7.089s | ~Time Left: 914.487s |  Train Loss: 0.3479 | Train Acc. 85.1000% | Test Loss: 0.4311 | Test Acc. 78.7500%
Train AUC: 0.928308
Valid AUC: 0.8796999999999999
Adas on PCam_transformed: T 1/1 | E 122/250 Ended | E Time: 7.056s | ~Time Left: 903.159s |  Train Loss: 0.3388 | Train Acc. 85.4000% | Test Loss: 0.4408 | Test Acc. 79.7500%
Train AUC: 0.924292
Valid AUC: 0.8849499999999999
Adas on PCam_transformed: T 1/1 | E 123/250 Ended | E Time: 7.150s | ~Time Left: 908.091s |  Train Loss: 0.3522 | Train Acc. 84.3000% | Test Loss: 0.4418 | Test Acc. 79.5000%
Train AUC: 0.916584
Valid AUC: 0.8580500000000001
Adas on PCam_transformed: T 1/1 | E 124/250 Ended | E Time: 7.172s | ~Time Left: 903.735s |  Train Loss: 0.3838 | Train Acc. 84.6000% | Test Loss: 0.4795 | Test Acc. 77.2500%
Train AUC: 0.923876
Valid AUC: 0.8736999999999999
Adas on PCam_transformed: T 1/1 | E 125/250 Ended | E Time: 7.103s | ~Time Left: 887.836s |  Train Loss: 0.3484 | Train Acc. 86.0000% | Test Loss: 0.4717 | Test Acc. 77.2500%
Train AUC: 0.9278
Valid AUC: 0.8939
Adas on PCam_transformed: T 1/1 | E 126/250 Ended | E Time: 7.078s | ~Time Left: 877.633s |  Train Loss: 0.3347 | Train Acc. 86.1000% | Test Loss: 0.4255 | Test Acc. 80.7500%
Train AUC: 0.928824
Valid AUC: 0.8761499999999999
Adas on PCam_transformed: T 1/1 | E 127/250 Ended | E Time: 7.098s | ~Time Left: 873.082s |  Train Loss: 0.3468 | Train Acc. 85.1000% | Test Loss: 0.4573 | Test Acc. 78.5000%
Train AUC: 0.9225040000000001
Valid AUC: 0.9024
Adas on PCam_transformed: T 1/1 | E 128/250 Ended | E Time: 7.177s | ~Time Left: 875.624s |  Train Loss: 0.3501 | Train Acc. 85.3000% | Test Loss: 0.4057 | Test Acc. 82.0000%
Train AUC: 0.92468
Valid AUC: 0.8895500000000001
Adas on PCam_transformed: T 1/1 | E 129/250 Ended | E Time: 7.128s | ~Time Left: 862.541s |  Train Loss: 0.3555 | Train Acc. 85.4000% | Test Loss: 0.4412 | Test Acc. 79.2500%
Train AUC: 0.9309200000000001
Valid AUC: 0.8746999999999999
Adas on PCam_transformed: T 1/1 | E 130/250 Ended | E Time: 7.122s | ~Time Left: 854.635s |  Train Loss: 0.3324 | Train Acc. 86.5000% | Test Loss: 0.4617 | Test Acc. 79.7500%
Train AUC: 0.9291079999999999
Valid AUC: 0.87295
Adas on PCam_transformed: T 1/1 | E 131/250 Ended | E Time: 7.198s | ~Time Left: 856.589s |  Train Loss: 0.3363 | Train Acc. 85.2000% | Test Loss: 0.4569 | Test Acc. 80.2500%
Train AUC: 0.9264720000000001
Valid AUC: 0.889875
Adas on PCam_transformed: T 1/1 | E 132/250 Ended | E Time: 7.064s | ~Time Left: 833.556s |  Train Loss: 0.3395 | Train Acc. 85.6000% | Test Loss: 0.4265 | Test Acc. 78.7500%
Train AUC: 0.937368
Valid AUC: 0.883275
Adas on PCam_transformed: T 1/1 | E 133/250 Ended | E Time: 7.052s | ~Time Left: 825.139s |  Train Loss: 0.3154 | Train Acc. 86.8000% | Test Loss: 0.4404 | Test Acc. 80.5000%
Train AUC: 0.926344
Valid AUC: 0.892575
Adas on PCam_transformed: T 1/1 | E 134/250 Ended | E Time: 7.072s | ~Time Left: 820.312s |  Train Loss: 0.3494 | Train Acc. 85.5000% | Test Loss: 0.4301 | Test Acc. 82.2500%
Train AUC: 0.9391160000000001
Valid AUC: 0.8818500000000001
Adas on PCam_transformed: T 1/1 | E 135/250 Ended | E Time: 7.130s | ~Time Left: 819.893s |  Train Loss: 0.3095 | Train Acc. 88.3000% | Test Loss: 0.4489 | Test Acc. 78.2500%
Train AUC: 0.93116
Valid AUC: 0.87465
Adas on PCam_transformed: T 1/1 | E 136/250 Ended | E Time: 7.086s | ~Time Left: 807.782s |  Train Loss: 0.3291 | Train Acc. 86.9000% | Test Loss: 0.4595 | Test Acc. 80.0000%
Train AUC: 0.9341280000000001
Valid AUC: 0.886825
Adas on PCam_transformed: T 1/1 | E 137/250 Ended | E Time: 7.117s | ~Time Left: 804.191s |  Train Loss: 0.3207 | Train Acc. 85.4000% | Test Loss: 0.4417 | Test Acc. 78.0000%
Train AUC: 0.933744
Valid AUC: 0.883525
Adas on PCam_transformed: T 1/1 | E 138/250 Ended | E Time: 7.010s | ~Time Left: 785.116s |  Train Loss: 0.3384 | Train Acc. 86.1000% | Test Loss: 0.4561 | Test Acc. 80.5000%
Train AUC: 0.926684
Valid AUC: 0.889125
Adas on PCam_transformed: T 1/1 | E 139/250 Ended | E Time: 7.238s | ~Time Left: 803.397s |  Train Loss: 0.3515 | Train Acc. 85.6000% | Test Loss: 0.4469 | Test Acc. 81.0000%
Train AUC: 0.926488
Valid AUC: 0.89725
Adas on PCam_transformed: T 1/1 | E 140/250 Ended | E Time: 7.076s | ~Time Left: 778.322s |  Train Loss: 0.3419 | Train Acc. 85.5000% | Test Loss: 0.4213 | Test Acc. 81.0000%
Train AUC: 0.9339759999999999
Valid AUC: 0.8942749999999999
Adas on PCam_transformed: T 1/1 | E 141/250 Ended | E Time: 7.091s | ~Time Left: 772.882s |  Train Loss: 0.3237 | Train Acc. 86.7000% | Test Loss: 0.4146 | Test Acc. 80.2500%
Train AUC: 0.929316
Valid AUC: 0.8958250000000001
Adas on PCam_transformed: T 1/1 | E 142/250 Ended | E Time: 7.115s | ~Time Left: 768.409s |  Train Loss: 0.3302 | Train Acc. 85.5000% | Test Loss: 0.4112 | Test Acc. 79.5000%
Train AUC: 0.937176
Valid AUC: 0.8748
Adas on PCam_transformed: T 1/1 | E 143/250 Ended | E Time: 7.124s | ~Time Left: 762.241s |  Train Loss: 0.3173 | Train Acc. 87.1000% | Test Loss: 0.4628 | Test Acc. 78.0000%
Train AUC: 0.9336119999999999
Valid AUC: 0.89525
Adas on PCam_transformed: T 1/1 | E 144/250 Ended | E Time: 7.099s | ~Time Left: 752.456s |  Train Loss: 0.3189 | Train Acc. 86.7000% | Test Loss: 0.4199 | Test Acc. 81.5000%
Train AUC: 0.936924
Valid AUC: 0.8653000000000001
Adas on PCam_transformed: T 1/1 | E 145/250 Ended | E Time: 7.105s | ~Time Left: 745.995s |  Train Loss: 0.3146 | Train Acc. 86.0000% | Test Loss: 0.4748 | Test Acc. 79.2500%
Train AUC: 0.930608
Valid AUC: 0.8807
Adas on PCam_transformed: T 1/1 | E 146/250 Ended | E Time: 7.108s | ~Time Left: 739.251s |  Train Loss: 0.3444 | Train Acc. 85.1000% | Test Loss: 0.4794 | Test Acc. 78.7500%
Train AUC: 0.9286559999999999
Valid AUC: 0.87905
Adas on PCam_transformed: T 1/1 | E 147/250 Ended | E Time: 7.085s | ~Time Left: 729.713s |  Train Loss: 0.3401 | Train Acc. 84.5000% | Test Loss: 0.4694 | Test Acc. 78.5000%
Train AUC: 0.922356
Valid AUC: 0.8946500000000001
Adas on PCam_transformed: T 1/1 | E 148/250 Ended | E Time: 7.131s | ~Time Left: 727.384s |  Train Loss: 0.3514 | Train Acc. 84.9000% | Test Loss: 0.4110 | Test Acc. 79.7500%
Train AUC: 0.9313199999999999
Valid AUC: 0.89355
Adas on PCam_transformed: T 1/1 | E 149/250 Ended | E Time: 7.121s | ~Time Left: 719.199s |  Train Loss: 0.3311 | Train Acc. 86.2000% | Test Loss: 0.4274 | Test Acc. 80.7500%
Train AUC: 0.9358759999999999
Valid AUC: 0.8873500000000001
Adas on PCam_transformed: T 1/1 | E 150/250 Ended | E Time: 7.177s | ~Time Left: 717.687s |  Train Loss: 0.3285 | Train Acc. 86.1000% | Test Loss: 0.4350 | Test Acc. 79.7500%
Train AUC: 0.9327039999999999
Valid AUC: 0.888875
Adas on PCam_transformed: T 1/1 | E 151/250 Ended | E Time: 7.125s | ~Time Left: 705.420s |  Train Loss: 0.3466 | Train Acc. 87.2000% | Test Loss: 0.4264 | Test Acc. 81.7500%
Train AUC: 0.9321079999999999
Valid AUC: 0.89695
Adas on PCam_transformed: T 1/1 | E 152/250 Ended | E Time: 7.117s | ~Time Left: 697.508s |  Train Loss: 0.3278 | Train Acc. 85.8000% | Test Loss: 0.4223 | Test Acc. 80.0000%
Train AUC: 0.9349000000000001
Valid AUC: 0.89935
Adas on PCam_transformed: T 1/1 | E 153/250 Ended | E Time: 7.111s | ~Time Left: 689.813s |  Train Loss: 0.3218 | Train Acc. 86.4000% | Test Loss: 0.4115 | Test Acc. 82.5000%
Train AUC: 0.9405439999999999
Valid AUC: 0.8911
Adas on PCam_transformed: T 1/1 | E 154/250 Ended | E Time: 7.060s | ~Time Left: 677.781s |  Train Loss: 0.3055 | Train Acc. 87.7000% | Test Loss: 0.4417 | Test Acc. 80.5000%
Train AUC: 0.9363239999999999
Valid AUC: 0.891275
Adas on PCam_transformed: T 1/1 | E 155/250 Ended | E Time: 7.173s | ~Time Left: 681.450s |  Train Loss: 0.3192 | Train Acc. 86.4000% | Test Loss: 0.4296 | Test Acc. 81.0000%
Train AUC: 0.9425119999999999
Valid AUC: 0.8848750000000001
Adas on PCam_transformed: T 1/1 | E 156/250 Ended | E Time: 7.112s | ~Time Left: 668.527s |  Train Loss: 0.3068 | Train Acc. 88.2000% | Test Loss: 0.4332 | Test Acc. 79.5000%
Train AUC: 0.934052
Valid AUC: 0.8785249999999999
Adas on PCam_transformed: T 1/1 | E 157/250 Ended | E Time: 7.150s | ~Time Left: 664.986s |  Train Loss: 0.3547 | Train Acc. 86.2000% | Test Loss: 0.4665 | Test Acc. 80.0000%
Train AUC: 0.9345399999999999
Valid AUC: 0.887875
Adas on PCam_transformed: T 1/1 | E 158/250 Ended | E Time: 7.133s | ~Time Left: 656.200s |  Train Loss: 0.3210 | Train Acc. 86.4000% | Test Loss: 0.4274 | Test Acc. 81.0000%
Train AUC: 0.9350040000000001
Valid AUC: 0.88325
Adas on PCam_transformed: T 1/1 | E 159/250 Ended | E Time: 7.160s | ~Time Left: 651.597s |  Train Loss: 0.3237 | Train Acc. 86.3000% | Test Loss: 0.4541 | Test Acc. 80.2500%
Train AUC: 0.937476
Valid AUC: 0.8705999999999999
Adas on PCam_transformed: T 1/1 | E 160/250 Ended | E Time: 7.315s | ~Time Left: 658.330s |  Train Loss: 0.3171 | Train Acc. 85.9000% | Test Loss: 0.4846 | Test Acc. 78.7500%
Train AUC: 0.9391439999999999
Valid AUC: 0.8813999999999999
Adas on PCam_transformed: T 1/1 | E 161/250 Ended | E Time: 7.179s | ~Time Left: 638.944s |  Train Loss: 0.3102 | Train Acc. 86.7000% | Test Loss: 0.4588 | Test Acc. 82.0000%
Train AUC: 0.940976
Valid AUC: 0.8852499999999999
Adas on PCam_transformed: T 1/1 | E 162/250 Ended | E Time: 7.163s | ~Time Left: 630.377s |  Train Loss: 0.3087 | Train Acc. 86.9000% | Test Loss: 0.4580 | Test Acc. 80.7500%
Train AUC: 0.931252
Valid AUC: 0.8992
Adas on PCam_transformed: T 1/1 | E 163/250 Ended | E Time: 7.145s | ~Time Left: 621.651s |  Train Loss: 0.3420 | Train Acc. 85.8000% | Test Loss: 0.4109 | Test Acc. 81.0000%
Train AUC: 0.936412
Valid AUC: 0.8818750000000001
Adas on PCam_transformed: T 1/1 | E 164/250 Ended | E Time: 7.161s | ~Time Left: 615.827s |  Train Loss: 0.3200 | Train Acc. 86.9000% | Test Loss: 0.4478 | Test Acc. 81.5000%
Train AUC: 0.9410879999999999
Valid AUC: 0.88655
Adas on PCam_transformed: T 1/1 | E 165/250 Ended | E Time: 7.106s | ~Time Left: 604.017s |  Train Loss: 0.3055 | Train Acc. 87.0000% | Test Loss: 0.4435 | Test Acc. 80.2500%
Train AUC: 0.940064
Valid AUC: 0.88915
Adas on PCam_transformed: T 1/1 | E 166/250 Ended | E Time: 7.127s | ~Time Left: 598.660s |  Train Loss: 0.3306 | Train Acc. 87.4000% | Test Loss: 0.4414 | Test Acc. 81.7500%
Train AUC: 0.9441600000000001
Valid AUC: 0.89795
Adas on PCam_transformed: T 1/1 | E 167/250 Ended | E Time: 7.108s | ~Time Left: 589.972s |  Train Loss: 0.3039 | Train Acc. 87.2000% | Test Loss: 0.4323 | Test Acc. 81.2500%
Train AUC: 0.9418839999999999
Valid AUC: 0.8734500000000001
Adas on PCam_transformed: T 1/1 | E 168/250 Ended | E Time: 7.580s | ~Time Left: 621.588s |  Train Loss: 0.3076 | Train Acc. 86.3000% | Test Loss: 0.4816 | Test Acc. 79.0000%
Train AUC: 0.9405079999999999
Valid AUC: 0.875275
Adas on PCam_transformed: T 1/1 | E 169/250 Ended | E Time: 7.147s | ~Time Left: 578.873s |  Train Loss: 0.3070 | Train Acc. 85.7000% | Test Loss: 0.4663 | Test Acc. 80.0000%
Train AUC: 0.934628
Valid AUC: 0.8876499999999999
Adas on PCam_transformed: T 1/1 | E 170/250 Ended | E Time: 7.076s | ~Time Left: 566.055s |  Train Loss: 0.3199 | Train Acc. 86.2000% | Test Loss: 0.4536 | Test Acc. 78.5000%
Train AUC: 0.94316
Valid AUC: 0.877275
Adas on PCam_transformed: T 1/1 | E 171/250 Ended | E Time: 7.093s | ~Time Left: 560.368s |  Train Loss: 0.2985 | Train Acc. 87.2000% | Test Loss: 0.4601 | Test Acc. 79.2500%
Train AUC: 0.9390280000000001
Valid AUC: 0.880575
Adas on PCam_transformed: T 1/1 | E 172/250 Ended | E Time: 7.643s | ~Time Left: 596.189s |  Train Loss: 0.3197 | Train Acc. 86.9000% | Test Loss: 0.4636 | Test Acc. 79.2500%
Train AUC: 0.92954
Valid AUC: 0.896575
Adas on PCam_transformed: T 1/1 | E 173/250 Ended | E Time: 7.102s | ~Time Left: 546.840s |  Train Loss: 0.3385 | Train Acc. 86.4000% | Test Loss: 0.4090 | Test Acc. 82.2500%
Train AUC: 0.9352479999999999
Valid AUC: 0.8896
Adas on PCam_transformed: T 1/1 | E 174/250 Ended | E Time: 7.099s | ~Time Left: 539.521s |  Train Loss: 0.3234 | Train Acc. 86.4000% | Test Loss: 0.4367 | Test Acc. 80.0000%
Train AUC: 0.9387479999999999
Valid AUC: 0.8853249999999999
Adas on PCam_transformed: T 1/1 | E 175/250 Ended | E Time: 7.133s | ~Time Left: 535.011s |  Train Loss: 0.3151 | Train Acc. 88.1000% | Test Loss: 0.4440 | Test Acc. 79.5000%
Train AUC: 0.945756
Valid AUC: 0.8779
Adas on PCam_transformed: T 1/1 | E 176/250 Ended | E Time: 7.307s | ~Time Left: 540.698s |  Train Loss: 0.2964 | Train Acc. 87.6000% | Test Loss: 0.4685 | Test Acc. 80.5000%
Train AUC: 0.94546
Valid AUC: 0.88335
Adas on PCam_transformed: T 1/1 | E 177/250 Ended | E Time: 7.117s | ~Time Left: 519.529s |  Train Loss: 0.2922 | Train Acc. 88.1000% | Test Loss: 0.4489 | Test Acc. 80.5000%
Train AUC: 0.941896
Valid AUC: 0.8946999999999999
Adas on PCam_transformed: T 1/1 | E 178/250 Ended | E Time: 7.105s | ~Time Left: 511.589s |  Train Loss: 0.3047 | Train Acc. 86.8000% | Test Loss: 0.4281 | Test Acc. 81.0000%
Train AUC: 0.945664
Valid AUC: 0.8764249999999999
Adas on PCam_transformed: T 1/1 | E 179/250 Ended | E Time: 7.115s | ~Time Left: 505.154s |  Train Loss: 0.2958 | Train Acc. 87.4000% | Test Loss: 0.4711 | Test Acc. 78.7500%
Train AUC: 0.938692
Valid AUC: 0.891625
Adas on PCam_transformed: T 1/1 | E 180/250 Ended | E Time: 7.430s | ~Time Left: 520.125s |  Train Loss: 0.3157 | Train Acc. 86.4000% | Test Loss: 0.4412 | Test Acc. 80.5000%
Train AUC: 0.9408880000000001
Valid AUC: 0.884175
Adas on PCam_transformed: T 1/1 | E 181/250 Ended | E Time: 7.207s | ~Time Left: 497.274s |  Train Loss: 0.3040 | Train Acc. 86.2000% | Test Loss: 0.4591 | Test Acc. 80.5000%
Train AUC: 0.940244
Valid AUC: 0.8876499999999999
Adas on PCam_transformed: T 1/1 | E 182/250 Ended | E Time: 7.156s | ~Time Left: 486.607s |  Train Loss: 0.3122 | Train Acc. 86.7000% | Test Loss: 0.4474 | Test Acc. 80.5000%
Train AUC: 0.9387719999999999
Valid AUC: 0.87675
Adas on PCam_transformed: T 1/1 | E 183/250 Ended | E Time: 7.145s | ~Time Left: 478.682s |  Train Loss: 0.3187 | Train Acc. 86.7000% | Test Loss: 0.4716 | Test Acc. 80.2500%
Train AUC: 0.9485559999999998
Valid AUC: 0.8976999999999998
Adas on PCam_transformed: T 1/1 | E 184/250 Ended | E Time: 7.225s | ~Time Left: 476.826s |  Train Loss: 0.2882 | Train Acc. 87.8000% | Test Loss: 0.4358 | Test Acc. 82.2500%
Train AUC: 0.942552
Valid AUC: 0.8811249999999999
Adas on PCam_transformed: T 1/1 | E 185/250 Ended | E Time: 7.147s | ~Time Left: 464.552s |  Train Loss: 0.3079 | Train Acc. 87.2000% | Test Loss: 0.4596 | Test Acc. 78.7500%
Train AUC: 0.93792
Valid AUC: 0.88435
Adas on PCam_transformed: T 1/1 | E 186/250 Ended | E Time: 7.132s | ~Time Left: 456.448s |  Train Loss: 0.3232 | Train Acc. 86.3000% | Test Loss: 0.4727 | Test Acc. 80.2500%
Train AUC: 0.9449600000000001
Valid AUC: 0.8886249999999999
Adas on PCam_transformed: T 1/1 | E 187/250 Ended | E Time: 7.088s | ~Time Left: 446.563s |  Train Loss: 0.3002 | Train Acc. 87.2000% | Test Loss: 0.4356 | Test Acc. 80.7500%
Train AUC: 0.9446
Valid AUC: 0.89335
Adas on PCam_transformed: T 1/1 | E 188/250 Ended | E Time: 7.095s | ~Time Left: 439.877s |  Train Loss: 0.3011 | Train Acc. 86.5000% | Test Loss: 0.4289 | Test Acc. 80.2500%
Train AUC: 0.9439
Valid AUC: 0.8853000000000001
Adas on PCam_transformed: T 1/1 | E 189/250 Ended | E Time: 7.154s | ~Time Left: 436.384s |  Train Loss: 0.3120 | Train Acc. 87.7000% | Test Loss: 0.4455 | Test Acc. 80.0000%
Train AUC: 0.9397059999999999
Valid AUC: 0.8743749999999999
Adas on PCam_transformed: T 1/1 | E 190/250 Ended | E Time: 7.140s | ~Time Left: 428.398s |  Train Loss: 0.3277 | Train Acc. 87.1000% | Test Loss: 0.4695 | Test Acc. 79.5000%
Train AUC: 0.9417000000000001
Valid AUC: 0.88655
Adas on PCam_transformed: T 1/1 | E 191/250 Ended | E Time: 7.145s | ~Time Left: 421.563s |  Train Loss: 0.3164 | Train Acc. 87.9000% | Test Loss: 0.4474 | Test Acc. 80.7500%
Train AUC: 0.944536
Valid AUC: 0.894725
Adas on PCam_transformed: T 1/1 | E 192/250 Ended | E Time: 7.168s | ~Time Left: 415.749s |  Train Loss: 0.3025 | Train Acc. 87.4000% | Test Loss: 0.4312 | Test Acc. 82.0000%
Train AUC: 0.9449120000000001
Valid AUC: 0.88525
Adas on PCam_transformed: T 1/1 | E 193/250 Ended | E Time: 7.138s | ~Time Left: 406.869s |  Train Loss: 0.3000 | Train Acc. 87.3000% | Test Loss: 0.4470 | Test Acc. 79.5000%
Train AUC: 0.9517519999999999
Valid AUC: 0.87125
Adas on PCam_transformed: T 1/1 | E 194/250 Ended | E Time: 7.184s | ~Time Left: 402.317s |  Train Loss: 0.2802 | Train Acc. 88.1000% | Test Loss: 0.4861 | Test Acc. 79.5000%
Train AUC: 0.943944
Valid AUC: 0.881575
Adas on PCam_transformed: T 1/1 | E 195/250 Ended | E Time: 7.131s | ~Time Left: 392.188s |  Train Loss: 0.2992 | Train Acc. 86.5000% | Test Loss: 0.4743 | Test Acc. 80.2500%
Train AUC: 0.941168
Valid AUC: 0.875975
Adas on PCam_transformed: T 1/1 | E 196/250 Ended | E Time: 7.082s | ~Time Left: 382.454s |  Train Loss: 0.3126 | Train Acc. 86.9000% | Test Loss: 0.4642 | Test Acc. 80.2500%
Train AUC: 0.9460759999999999
Valid AUC: 0.8819750000000001
Adas on PCam_transformed: T 1/1 | E 197/250 Ended | E Time: 7.076s | ~Time Left: 375.023s |  Train Loss: 0.2913 | Train Acc. 87.2000% | Test Loss: 0.4600 | Test Acc. 80.7500%
Train AUC: 0.942268
Valid AUC: 0.8914749999999999
Adas on PCam_transformed: T 1/1 | E 198/250 Ended | E Time: 7.086s | ~Time Left: 368.458s |  Train Loss: 0.3138 | Train Acc. 86.5000% | Test Loss: 0.4342 | Test Acc. 80.0000%
Train AUC: 0.9411160000000001
Valid AUC: 0.8910000000000001
Adas on PCam_transformed: T 1/1 | E 199/250 Ended | E Time: 7.083s | ~Time Left: 361.240s |  Train Loss: 0.3285 | Train Acc. 86.6000% | Test Loss: 0.4341 | Test Acc. 81.2500%
Train AUC: 0.9409960000000002
Valid AUC: 0.878875
Adas on PCam_transformed: T 1/1 | E 200/250 Ended | E Time: 7.156s | ~Time Left: 357.790s |  Train Loss: 0.3064 | Train Acc. 87.5000% | Test Loss: 0.4591 | Test Acc. 79.7500%
Train AUC: 0.9483039999999999
Valid AUC: 0.8878250000000001
Adas on PCam_transformed: T 1/1 | E 201/250 Ended | E Time: 7.114s | ~Time Left: 348.605s |  Train Loss: 0.2842 | Train Acc. 88.3000% | Test Loss: 0.4542 | Test Acc. 79.7500%
Train AUC: 0.945444
Valid AUC: 0.899275
Adas on PCam_transformed: T 1/1 | E 202/250 Ended | E Time: 7.127s | ~Time Left: 342.073s |  Train Loss: 0.2995 | Train Acc. 87.5000% | Test Loss: 0.4180 | Test Acc. 82.7500%
Train AUC: 0.947584
Valid AUC: 0.8861999999999999
Adas on PCam_transformed: T 1/1 | E 203/250 Ended | E Time: 7.118s | ~Time Left: 334.560s |  Train Loss: 0.3033 | Train Acc. 88.3000% | Test Loss: 0.4512 | Test Acc. 80.5000%
Train AUC: 0.950276
Valid AUC: 0.8843249999999999
Adas on PCam_transformed: T 1/1 | E 204/250 Ended | E Time: 7.083s | ~Time Left: 325.808s |  Train Loss: 0.2913 | Train Acc. 88.1000% | Test Loss: 0.4510 | Test Acc. 81.5000%
Train AUC: 0.941916
Valid AUC: 0.8843
Adas on PCam_transformed: T 1/1 | E 205/250 Ended | E Time: 7.550s | ~Time Left: 339.769s |  Train Loss: 0.3192 | Train Acc. 87.1000% | Test Loss: 0.4570 | Test Acc. 79.0000%
Train AUC: 0.9415199999999999
Valid AUC: 0.880525
Adas on PCam_transformed: T 1/1 | E 206/250 Ended | E Time: 7.132s | ~Time Left: 313.811s |  Train Loss: 0.3136 | Train Acc. 87.7000% | Test Loss: 0.4524 | Test Acc. 80.5000%
Train AUC: 0.946952
Valid AUC: 0.8793249999999999
Adas on PCam_transformed: T 1/1 | E 207/250 Ended | E Time: 7.142s | ~Time Left: 307.116s |  Train Loss: 0.2971 | Train Acc. 88.8000% | Test Loss: 0.4858 | Test Acc. 80.7500%
Train AUC: 0.94702
Valid AUC: 0.885025
Adas on PCam_transformed: T 1/1 | E 208/250 Ended | E Time: 7.118s | ~Time Left: 298.958s |  Train Loss: 0.2935 | Train Acc. 88.3000% | Test Loss: 0.4642 | Test Acc. 80.7500%
Train AUC: 0.9484920000000001
Valid AUC: 0.88625
Adas on PCam_transformed: T 1/1 | E 209/250 Ended | E Time: 7.170s | ~Time Left: 293.957s |  Train Loss: 0.2895 | Train Acc. 87.8000% | Test Loss: 0.4588 | Test Acc. 79.5000%
Train AUC: 0.94774
Valid AUC: 0.8914
Adas on PCam_transformed: T 1/1 | E 210/250 Ended | E Time: 7.114s | ~Time Left: 284.579s |  Train Loss: 0.2848 | Train Acc. 88.8000% | Test Loss: 0.4430 | Test Acc. 80.7500%
Train AUC: 0.945944
Valid AUC: 0.8781
Adas on PCam_transformed: T 1/1 | E 211/250 Ended | E Time: 7.115s | ~Time Left: 277.471s |  Train Loss: 0.2934 | Train Acc. 87.3000% | Test Loss: 0.4573 | Test Acc. 79.5000%
Train AUC: 0.9495400000000002
Valid AUC: 0.8857
Adas on PCam_transformed: T 1/1 | E 212/250 Ended | E Time: 7.109s | ~Time Left: 270.155s |  Train Loss: 0.2842 | Train Acc. 87.9000% | Test Loss: 0.4630 | Test Acc. 81.7500%
Train AUC: 0.94604
Valid AUC: 0.88175
Adas on PCam_transformed: T 1/1 | E 213/250 Ended | E Time: 7.113s | ~Time Left: 263.181s |  Train Loss: 0.3073 | Train Acc. 88.3000% | Test Loss: 0.4548 | Test Acc. 80.0000%
Train AUC: 0.948228
Valid AUC: 0.885625
Adas on PCam_transformed: T 1/1 | E 214/250 Ended | E Time: 7.165s | ~Time Left: 257.954s |  Train Loss: 0.2863 | Train Acc. 87.9000% | Test Loss: 0.4530 | Test Acc. 79.7500%
Train AUC: 0.947364
Valid AUC: 0.8840749999999998
Adas on PCam_transformed: T 1/1 | E 215/250 Ended | E Time: 7.120s | ~Time Left: 249.198s |  Train Loss: 0.2885 | Train Acc. 88.6000% | Test Loss: 0.4632 | Test Acc. 81.2500%
Train AUC: 0.9509639999999999
Valid AUC: 0.8969249999999999
Adas on PCam_transformed: T 1/1 | E 216/250 Ended | E Time: 7.100s | ~Time Left: 241.392s |  Train Loss: 0.2836 | Train Acc. 88.4000% | Test Loss: 0.4331 | Test Acc. 80.5000%
Train AUC: 0.948692
Valid AUC: 0.882675
Adas on PCam_transformed: T 1/1 | E 217/250 Ended | E Time: 7.109s | ~Time Left: 234.600s |  Train Loss: 0.2852 | Train Acc. 88.5000% | Test Loss: 0.4537 | Test Acc. 80.2500%
Train AUC: 0.9413399999999998
Valid AUC: 0.8796
Adas on PCam_transformed: T 1/1 | E 218/250 Ended | E Time: 7.198s | ~Time Left: 230.326s |  Train Loss: 0.3086 | Train Acc. 88.4000% | Test Loss: 0.4716 | Test Acc. 80.7500%
Train AUC: 0.946052
Valid AUC: 0.88075
Adas on PCam_transformed: T 1/1 | E 219/250 Ended | E Time: 7.126s | ~Time Left: 220.915s |  Train Loss: 0.2971 | Train Acc. 87.3000% | Test Loss: 0.4674 | Test Acc. 79.5000%
Train AUC: 0.961628
Valid AUC: 0.88455
Adas on PCam_transformed: T 1/1 | E 220/250 Ended | E Time: 7.052s | ~Time Left: 211.562s |  Train Loss: 0.2486 | Train Acc. 90.5000% | Test Loss: 0.4523 | Test Acc. 80.5000%
Train AUC: 0.9480080000000001
Valid AUC: 0.8866749999999999
Adas on PCam_transformed: T 1/1 | E 221/250 Ended | E Time: 7.137s | ~Time Left: 206.964s |  Train Loss: 0.2864 | Train Acc. 88.0000% | Test Loss: 0.4517 | Test Acc. 79.2500%
Train AUC: 0.946896
Valid AUC: 0.885075
Adas on PCam_transformed: T 1/1 | E 222/250 Ended | E Time: 7.168s | ~Time Left: 200.692s |  Train Loss: 0.2863 | Train Acc. 88.8000% | Test Loss: 0.4559 | Test Acc. 78.5000%
Train AUC: 0.9544119999999999
Valid AUC: 0.879925
Adas on PCam_transformed: T 1/1 | E 223/250 Ended | E Time: 7.121s | ~Time Left: 192.269s |  Train Loss: 0.2670 | Train Acc. 89.7000% | Test Loss: 0.4846 | Test Acc. 80.5000%
Train AUC: 0.948596
Valid AUC: 0.8880249999999998
Adas on PCam_transformed: T 1/1 | E 224/250 Ended | E Time: 7.172s | ~Time Left: 186.477s |  Train Loss: 0.2886 | Train Acc. 88.5000% | Test Loss: 0.4635 | Test Acc. 79.5000%
Train AUC: 0.947988
Valid AUC: 0.8869
Adas on PCam_transformed: T 1/1 | E 225/250 Ended | E Time: 7.180s | ~Time Left: 179.503s |  Train Loss: 0.3053 | Train Acc. 89.0000% | Test Loss: 0.4475 | Test Acc. 79.7500%
Train AUC: 0.94678
Valid AUC: 0.888725
Adas on PCam_transformed: T 1/1 | E 226/250 Ended | E Time: 7.125s | ~Time Left: 170.988s |  Train Loss: 0.2978 | Train Acc. 87.8000% | Test Loss: 0.4542 | Test Acc. 80.7500%
Train AUC: 0.9465319999999999
Valid AUC: 0.87265
Adas on PCam_transformed: T 1/1 | E 227/250 Ended | E Time: 7.048s | ~Time Left: 162.093s |  Train Loss: 0.2872 | Train Acc. 87.9000% | Test Loss: 0.5153 | Test Acc. 80.5000%
Train AUC: 0.942268
Valid AUC: 0.884725
Adas on PCam_transformed: T 1/1 | E 228/250 Ended | E Time: 7.175s | ~Time Left: 157.849s |  Train Loss: 0.3099 | Train Acc. 87.0000% | Test Loss: 0.4564 | Test Acc. 80.2500%
Train AUC: 0.954388
Valid AUC: 0.8772249999999999
Adas on PCam_transformed: T 1/1 | E 229/250 Ended | E Time: 7.034s | ~Time Left: 147.711s |  Train Loss: 0.2807 | Train Acc. 89.0000% | Test Loss: 0.4811 | Test Acc. 78.7500%
Train AUC: 0.954364
Valid AUC: 0.887825
Adas on PCam_transformed: T 1/1 | E 230/250 Ended | E Time: 7.102s | ~Time Left: 142.044s |  Train Loss: 0.2727 | Train Acc. 89.3000% | Test Loss: 0.4533 | Test Acc. 80.5000%
Train AUC: 0.950624
Valid AUC: 0.888175
Adas on PCam_transformed: T 1/1 | E 231/250 Ended | E Time: 7.128s | ~Time Left: 135.439s |  Train Loss: 0.2812 | Train Acc. 88.2000% | Test Loss: 0.4622 | Test Acc. 80.2500%
Train AUC: 0.9512039999999999
Valid AUC: 0.8763499999999999
Adas on PCam_transformed: T 1/1 | E 232/250 Ended | E Time: 7.197s | ~Time Left: 129.539s |  Train Loss: 0.2748 | Train Acc. 88.5000% | Test Loss: 0.4716 | Test Acc. 79.0000%
Train AUC: 0.946624
Valid AUC: 0.883925
Adas on PCam_transformed: T 1/1 | E 233/250 Ended | E Time: 7.187s | ~Time Left: 122.187s |  Train Loss: 0.2881 | Train Acc. 87.4000% | Test Loss: 0.4601 | Test Acc. 81.0000%
Train AUC: 0.953372
Valid AUC: 0.8884750000000001
Adas on PCam_transformed: T 1/1 | E 234/250 Ended | E Time: 7.170s | ~Time Left: 114.727s |  Train Loss: 0.2840 | Train Acc. 88.6000% | Test Loss: 0.4571 | Test Acc. 80.0000%
Train AUC: 0.947344
Valid AUC: 0.8818000000000001
Adas on PCam_transformed: T 1/1 | E 235/250 Ended | E Time: 7.121s | ~Time Left: 106.820s |  Train Loss: 0.2877 | Train Acc. 88.1000% | Test Loss: 0.4662 | Test Acc. 80.2500%
Train AUC: 0.9580919999999999
Valid AUC: 0.8886999999999999
Adas on PCam_transformed: T 1/1 | E 236/250 Ended | E Time: 7.124s | ~Time Left: 99.743s |  Train Loss: 0.2718 | Train Acc. 88.6000% | Test Loss: 0.4617 | Test Acc. 80.0000%
Train AUC: 0.954476
Valid AUC: 0.8586999999999999
Adas on PCam_transformed: T 1/1 | E 237/250 Ended | E Time: 7.228s | ~Time Left: 93.961s |  Train Loss: 0.2781 | Train Acc. 88.7000% | Test Loss: 0.5284 | Test Acc. 80.2500%
Train AUC: 0.9518800000000001
Valid AUC: 0.8812749999999999
Adas on PCam_transformed: T 1/1 | E 238/250 Ended | E Time: 7.180s | ~Time Left: 86.161s |  Train Loss: 0.2745 | Train Acc. 88.9000% | Test Loss: 0.4830 | Test Acc. 79.5000%
Train AUC: 0.9464679999999999
Valid AUC: 0.88015
Adas on PCam_transformed: T 1/1 | E 239/250 Ended | E Time: 7.239s | ~Time Left: 79.634s |  Train Loss: 0.2922 | Train Acc. 87.9000% | Test Loss: 0.4868 | Test Acc. 78.0000%
Train AUC: 0.9576479999999999
Valid AUC: 0.8869750000000001
Adas on PCam_transformed: T 1/1 | E 240/250 Ended | E Time: 7.123s | ~Time Left: 71.229s |  Train Loss: 0.2570 | Train Acc. 89.5000% | Test Loss: 0.4695 | Test Acc. 82.0000%
Train AUC: 0.9519599999999999
Valid AUC: 0.88125
Adas on PCam_transformed: T 1/1 | E 241/250 Ended | E Time: 7.173s | ~Time Left: 64.555s |  Train Loss: 0.2852 | Train Acc. 89.6000% | Test Loss: 0.4778 | Test Acc. 77.2500%
Train AUC: 0.952088
Valid AUC: 0.872725
Adas on PCam_transformed: T 1/1 | E 242/250 Ended | E Time: 7.083s | ~Time Left: 56.664s |  Train Loss: 0.2722 | Train Acc. 89.5000% | Test Loss: 0.4956 | Test Acc. 80.7500%
Train AUC: 0.957976
Valid AUC: 0.8685750000000001
Adas on PCam_transformed: T 1/1 | E 243/250 Ended | E Time: 7.123s | ~Time Left: 49.859s |  Train Loss: 0.2580 | Train Acc. 89.7000% | Test Loss: 0.5251 | Test Acc. 79.5000%
Train AUC: 0.9466600000000001
Valid AUC: 0.8863500000000001
Adas on PCam_transformed: T 1/1 | E 244/250 Ended | E Time: 7.121s | ~Time Left: 42.724s |  Train Loss: 0.2885 | Train Acc. 87.8000% | Test Loss: 0.4612 | Test Acc. 80.0000%
Train AUC: 0.953852
Valid AUC: 0.890575
Adas on PCam_transformed: T 1/1 | E 245/250 Ended | E Time: 7.214s | ~Time Left: 36.071s |  Train Loss: 0.2747 | Train Acc. 89.4000% | Test Loss: 0.4596 | Test Acc. 80.0000%
Train AUC: 0.954596
Valid AUC: 0.8805000000000001
Adas on PCam_transformed: T 1/1 | E 246/250 Ended | E Time: 7.138s | ~Time Left: 28.550s |  Train Loss: 0.2732 | Train Acc. 89.8000% | Test Loss: 0.4687 | Test Acc. 80.0000%
Train AUC: 0.954248
Valid AUC: 0.8775499999999999
Adas on PCam_transformed: T 1/1 | E 247/250 Ended | E Time: 7.132s | ~Time Left: 21.395s |  Train Loss: 0.2710 | Train Acc. 87.7000% | Test Loss: 0.4798 | Test Acc. 79.7500%
Train AUC: 0.9552039999999998
Valid AUC: 0.878725
Adas on PCam_transformed: T 1/1 | E 248/250 Ended | E Time: 7.135s | ~Time Left: 14.270s |  Train Loss: 0.2628 | Train Acc. 90.1000% | Test Loss: 0.4876 | Test Acc. 78.7500%
Train AUC: 0.957652
Valid AUC: 0.87495
Adas on PCam_transformed: T 1/1 | E 249/250 Ended | E Time: 7.215s | ~Time Left: 7.215s |  Train Loss: 0.2563 | Train Acc. 88.6000% | Test Loss: 0.4842 | Test Acc. 81.2500%
Train AUC: 0.94804
Valid AUC: 0.89105
Adas on PCam_transformed: T 1/1 | E 250/250 Ended | E Time: 7.161s | ~Time Left: 0.000s |  Train Loss: 0.2962 | Train Acc. 87.2000% | Test Loss: 0.4552 | Test Acc. 81.0000%
