transferring data
Mon Jun 14 22:22:50 PDT 2021

Finished transferring
Mon Jun 14 22:22:51 PDT 2021

Adas: Argument Parser Options
---------------------------------------------
    config              : HistoKTconfigs/PCam_transformed-configAdas.yaml
    data                : /localscratch/zhan8425.5088845.0        
    output              : .Adas-output/PCam_transformed/100_per_class
    checkpoint          : .Adas-checkpoint/PCam_transformed/100_per_class
    resume              : None                                    
    root                : .                                       
    save_freq           : 25                                      
    cpu                 : 0                                       
    gpu                 : 0                                       
    mpd                 : 0                                       
    dist_url            : tcp://127.0.0.1:23456                   
    dist_backend        : nccl                                    
    world_size          : -1                                      
    rank                : -1                                      
---------------------------------------------
Adas: Output dir .Adas-output/PCam_transformed/100_per_class does not exist, building
Adas: Notice: early stop will not be used as it was set to -1.0, training till completion
Adas: Experiment Configuration
---------------------------------------------
    dataset              PCam_transformed    
    network              ResNet18            
    optimizer            Adas                
    scheduler            None                
    level                L3Only              
    color_kwargs         {'augmentation': 'Color-Distortion', 'distortion': 0.3}
    degree_of_rotation   45                  
    vertical_flipping    0.5                 
    horizontal_flipping  0.5                 
    horizontal_shift     0.1                 
    vertical_shift       0.1                 
    gaussian_blur        0                   
    kernel_size          9                   
    variance             0.1                 
    cutout               0                   
    n_holes              1                   
    cutout_length        16                  
    init_lr              0.03                
    early_stop_threshold -1.0                
    optimizer_kwargs     {'momentum': 0.9, 'weight_decay': 0.0005, 'beta': 0.98, 'linear': 0.0, 'gamma': 0.5, 'step_size': 25.0}
    scheduler_kwargs     {}
    p                    1                   
    start_trial          0                   
    n_trials             1                   
    num_workers          4                   
    max_epochs           250                 
    mini_batch_size      32                  
    loss                 cross_entropy       
    early_stop_patience  10                  
---------------------------------------------
Adas: Pytorch device is set to cuda
Train AUC: 0.574
Valid AUC: 0.612
Adas on PCam_transformed: T 1/1 | E 1/250 Ended | E Time: 5.094s | ~Time Left: 1268.358s |  Train Loss: 1.0722 | Train Acc. 56.0000% | Test Loss: 11.4058 | Test Acc. 50.0000%
Train AUC: 0.6107
Valid AUC: 0.276675
Adas on PCam_transformed: T 1/1 | E 2/250 Ended | E Time: 4.159s | ~Time Left: 1031.499s |  Train Loss: 1.4088 | Train Acc. 57.5000% | Test Loss: 3.5160 | Test Acc. 50.0000%
Train AUC: 0.6285000000000001
Valid AUC: 0.612425
Adas on PCam_transformed: T 1/1 | E 3/250 Ended | E Time: 4.161s | ~Time Left: 1027.885s |  Train Loss: 1.2413 | Train Acc. 62.0000% | Test Loss: 681.7556 | Test Acc. 50.0000%
Train AUC: 0.5647
Valid AUC: 0.5109250000000001
Adas on PCam_transformed: T 1/1 | E 4/250 Ended | E Time: 4.232s | ~Time Left: 1041.049s |  Train Loss: 2.0728 | Train Acc. 56.0000% | Test Loss: 301.9982 | Test Acc. 50.0000%
Train AUC: 0.5787
Valid AUC: 0.5855
Adas on PCam_transformed: T 1/1 | E 5/250 Ended | E Time: 4.194s | ~Time Left: 1027.433s |  Train Loss: 2.3993 | Train Acc. 51.5000% | Test Loss: 164.5701 | Test Acc. 50.0000%
Train AUC: 0.6465000000000001
Valid AUC: 0.565925
Adas on PCam_transformed: T 1/1 | E 6/250 Ended | E Time: 4.179s | ~Time Left: 1019.637s |  Train Loss: 0.9924 | Train Acc. 59.5000% | Test Loss: 30.5056 | Test Acc. 50.0000%
Train AUC: 0.5778
Valid AUC: 0.5168750000000001
Adas on PCam_transformed: T 1/1 | E 7/250 Ended | E Time: 4.172s | ~Time Left: 1013.773s |  Train Loss: 0.9433 | Train Acc. 55.0000% | Test Loss: 0.7652 | Test Acc. 60.7500%
Train AUC: 0.7335
Valid AUC: 0.495625
Adas on PCam_transformed: T 1/1 | E 8/250 Ended | E Time: 4.287s | ~Time Left: 1037.372s |  Train Loss: 0.6692 | Train Acc. 65.5000% | Test Loss: 2.4471 | Test Acc. 54.2500%
Train AUC: 0.6834
Valid AUC: 0.6221999999999999
Adas on PCam_transformed: T 1/1 | E 9/250 Ended | E Time: 4.218s | ~Time Left: 1016.561s |  Train Loss: 0.6564 | Train Acc. 61.5000% | Test Loss: 1.5120 | Test Acc. 56.5000%
Train AUC: 0.645
Valid AUC: 0.5135500000000001
Adas on PCam_transformed: T 1/1 | E 10/250 Ended | E Time: 4.202s | ~Time Left: 1008.440s |  Train Loss: 0.7713 | Train Acc. 61.5000% | Test Loss: 1.9418 | Test Acc. 54.7500%
Train AUC: 0.7085999999999999
Valid AUC: 0.695975
Adas on PCam_transformed: T 1/1 | E 11/250 Ended | E Time: 4.205s | ~Time Left: 1004.929s |  Train Loss: 0.6410 | Train Acc. 66.5000% | Test Loss: 0.8111 | Test Acc. 63.0000%
Train AUC: 0.7030000000000001
Valid AUC: 0.7498250000000001
Adas on PCam_transformed: T 1/1 | E 12/250 Ended | E Time: 4.194s | ~Time Left: 998.093s |  Train Loss: 0.6667 | Train Acc. 69.0000% | Test Loss: 0.5952 | Test Acc. 69.2500%
Train AUC: 0.779
Valid AUC: 0.669975
Adas on PCam_transformed: T 1/1 | E 13/250 Ended | E Time: 4.198s | ~Time Left: 994.902s |  Train Loss: 0.5392 | Train Acc. 72.0000% | Test Loss: 0.9890 | Test Acc. 60.0000%
Train AUC: 0.7299
Valid AUC: 0.761825
Adas on PCam_transformed: T 1/1 | E 14/250 Ended | E Time: 4.267s | ~Time Left: 1006.974s |  Train Loss: 0.7022 | Train Acc. 71.5000% | Test Loss: 0.6352 | Test Acc. 70.0000%
Train AUC: 0.7261000000000001
Valid AUC: 0.7645000000000001
Adas on PCam_transformed: T 1/1 | E 15/250 Ended | E Time: 4.241s | ~Time Left: 996.651s |  Train Loss: 0.7588 | Train Acc. 67.5000% | Test Loss: 0.6344 | Test Acc. 68.7500%
Train AUC: 0.762
Valid AUC: 0.760975
Adas on PCam_transformed: T 1/1 | E 16/250 Ended | E Time: 4.208s | ~Time Left: 984.755s |  Train Loss: 0.6738 | Train Acc. 70.5000% | Test Loss: 0.6810 | Test Acc. 71.0000%
Train AUC: 0.6682
Valid AUC: 0.691925
Adas on PCam_transformed: T 1/1 | E 17/250 Ended | E Time: 4.229s | ~Time Left: 985.461s |  Train Loss: 0.7451 | Train Acc. 58.0000% | Test Loss: 0.8778 | Test Acc. 60.0000%
Train AUC: 0.5996000000000001
Valid AUC: 0.744175
Adas on PCam_transformed: T 1/1 | E 18/250 Ended | E Time: 4.200s | ~Time Left: 974.501s |  Train Loss: 0.8647 | Train Acc. 61.0000% | Test Loss: 0.5949 | Test Acc. 68.5000%
Train AUC: 0.6264
Valid AUC: 0.7496999999999998
Adas on PCam_transformed: T 1/1 | E 19/250 Ended | E Time: 4.188s | ~Time Left: 967.393s |  Train Loss: 0.7193 | Train Acc. 61.0000% | Test Loss: 0.6425 | Test Acc. 65.2500%
Train AUC: 0.6705999999999999
Valid AUC: 0.804325
Adas on PCam_transformed: T 1/1 | E 20/250 Ended | E Time: 4.215s | ~Time Left: 969.355s |  Train Loss: 0.6943 | Train Acc. 63.5000% | Test Loss: 0.6053 | Test Acc. 69.0000%
Train AUC: 0.7907000000000001
Valid AUC: 0.7789
Adas on PCam_transformed: T 1/1 | E 21/250 Ended | E Time: 4.201s | ~Time Left: 961.981s |  Train Loss: 0.5462 | Train Acc. 72.0000% | Test Loss: 0.6591 | Test Acc. 68.7500%
Train AUC: 0.7887000000000001
Valid AUC: 0.698675
Adas on PCam_transformed: T 1/1 | E 22/250 Ended | E Time: 4.220s | ~Time Left: 962.220s |  Train Loss: 0.5309 | Train Acc. 70.5000% | Test Loss: 0.7762 | Test Acc. 66.0000%
Train AUC: 0.776
Valid AUC: 0.7982
Adas on PCam_transformed: T 1/1 | E 23/250 Ended | E Time: 4.242s | ~Time Left: 962.877s |  Train Loss: 0.6006 | Train Acc. 73.0000% | Test Loss: 0.5579 | Test Acc. 71.7500%
Train AUC: 0.7945
Valid AUC: 0.7812250000000001
Adas on PCam_transformed: T 1/1 | E 24/250 Ended | E Time: 4.193s | ~Time Left: 947.517s |  Train Loss: 0.5689 | Train Acc. 71.5000% | Test Loss: 0.5841 | Test Acc. 71.2500%
Train AUC: 0.7976
Valid AUC: 0.806025
Adas on PCam_transformed: T 1/1 | E 25/250 Ended | E Time: 4.269s | ~Time Left: 960.573s |  Train Loss: 0.5648 | Train Acc. 73.5000% | Test Loss: 0.5359 | Test Acc. 75.0000%
Train AUC: 0.8099
Valid AUC: 0.766775
Adas on PCam_transformed: T 1/1 | E 26/250 Ended | E Time: 4.168s | ~Time Left: 933.540s |  Train Loss: 0.5766 | Train Acc. 73.5000% | Test Loss: 0.5993 | Test Acc. 71.5000%
Train AUC: 0.8519999999999999
Valid AUC: 0.7504499999999998
Adas on PCam_transformed: T 1/1 | E 27/250 Ended | E Time: 4.200s | ~Time Left: 936.522s |  Train Loss: 0.4652 | Train Acc. 79.5000% | Test Loss: 0.6095 | Test Acc. 68.7500%
Train AUC: 0.8177
Valid AUC: 0.779175
Adas on PCam_transformed: T 1/1 | E 28/250 Ended | E Time: 4.188s | ~Time Left: 929.819s |  Train Loss: 0.5037 | Train Acc. 73.0000% | Test Loss: 0.6017 | Test Acc. 71.7500%
Train AUC: 0.845
Valid AUC: 0.807025
Adas on PCam_transformed: T 1/1 | E 29/250 Ended | E Time: 4.219s | ~Time Left: 932.426s |  Train Loss: 0.4654 | Train Acc. 78.0000% | Test Loss: 0.5534 | Test Acc. 73.2500%
Train AUC: 0.8304000000000001
Valid AUC: 0.8037
Adas on PCam_transformed: T 1/1 | E 30/250 Ended | E Time: 4.213s | ~Time Left: 926.823s |  Train Loss: 0.5005 | Train Acc. 73.5000% | Test Loss: 0.5490 | Test Acc. 73.5000%
Train AUC: 0.8518
Valid AUC: 0.80545
Adas on PCam_transformed: T 1/1 | E 31/250 Ended | E Time: 4.224s | ~Time Left: 925.133s |  Train Loss: 0.4604 | Train Acc. 79.0000% | Test Loss: 0.5681 | Test Acc. 73.0000%
Train AUC: 0.8471000000000001
Valid AUC: 0.803875
Adas on PCam_transformed: T 1/1 | E 32/250 Ended | E Time: 4.241s | ~Time Left: 924.583s |  Train Loss: 0.5223 | Train Acc. 78.5000% | Test Loss: 0.6117 | Test Acc. 74.7500%
Train AUC: 0.8196000000000001
Valid AUC: 0.7839499999999999
Adas on PCam_transformed: T 1/1 | E 33/250 Ended | E Time: 4.231s | ~Time Left: 918.059s |  Train Loss: 0.5445 | Train Acc. 75.5000% | Test Loss: 0.5761 | Test Acc. 72.7500%
Train AUC: 0.8151
Valid AUC: 0.7645249999999999
Adas on PCam_transformed: T 1/1 | E 34/250 Ended | E Time: 4.162s | ~Time Left: 898.945s |  Train Loss: 0.5005 | Train Acc. 76.0000% | Test Loss: 0.6167 | Test Acc. 68.7500%
Train AUC: 0.7976000000000001
Valid AUC: 0.80835
Adas on PCam_transformed: T 1/1 | E 35/250 Ended | E Time: 4.248s | ~Time Left: 913.353s |  Train Loss: 0.5933 | Train Acc. 76.0000% | Test Loss: 0.5448 | Test Acc. 73.7500%
Train AUC: 0.8325
Valid AUC: 0.8085500000000001
Adas on PCam_transformed: T 1/1 | E 36/250 Ended | E Time: 4.316s | ~Time Left: 923.539s |  Train Loss: 0.4904 | Train Acc. 77.0000% | Test Loss: 0.5767 | Test Acc. 73.7500%
Train AUC: 0.8392
Valid AUC: 0.815175
Adas on PCam_transformed: T 1/1 | E 37/250 Ended | E Time: 4.233s | ~Time Left: 901.590s |  Train Loss: 0.5041 | Train Acc. 79.0000% | Test Loss: 0.5716 | Test Acc. 69.7500%
Train AUC: 0.8287
Valid AUC: 0.79655
Adas on PCam_transformed: T 1/1 | E 38/250 Ended | E Time: 4.233s | ~Time Left: 897.378s |  Train Loss: 0.5078 | Train Acc. 76.5000% | Test Loss: 0.5561 | Test Acc. 73.0000%
Train AUC: 0.8453999999999999
Valid AUC: 0.78915
Adas on PCam_transformed: T 1/1 | E 39/250 Ended | E Time: 4.243s | ~Time Left: 895.212s |  Train Loss: 0.5246 | Train Acc. 74.5000% | Test Loss: 0.5616 | Test Acc. 69.5000%
Train AUC: 0.8312
Valid AUC: 0.809425
Adas on PCam_transformed: T 1/1 | E 40/250 Ended | E Time: 4.296s | ~Time Left: 902.127s |  Train Loss: 0.5290 | Train Acc. 78.5000% | Test Loss: 0.5453 | Test Acc. 71.7500%
Train AUC: 0.8297000000000001
Valid AUC: 0.81345
Adas on PCam_transformed: T 1/1 | E 41/250 Ended | E Time: 4.242s | ~Time Left: 886.596s |  Train Loss: 0.4904 | Train Acc. 76.5000% | Test Loss: 0.5253 | Test Acc. 73.2500%
Train AUC: 0.8533999999999999
Valid AUC: 0.8211749999999999
Adas on PCam_transformed: T 1/1 | E 42/250 Ended | E Time: 4.237s | ~Time Left: 881.301s |  Train Loss: 0.4875 | Train Acc. 76.0000% | Test Loss: 0.5498 | Test Acc. 73.2500%
Train AUC: 0.8492999999999999
Valid AUC: 0.802625
Adas on PCam_transformed: T 1/1 | E 43/250 Ended | E Time: 4.228s | ~Time Left: 875.155s |  Train Loss: 0.5225 | Train Acc. 77.5000% | Test Loss: 0.5478 | Test Acc. 73.2500%
Train AUC: 0.8533999999999999
Valid AUC: 0.8201750000000001
Adas on PCam_transformed: T 1/1 | E 44/250 Ended | E Time: 4.218s | ~Time Left: 868.856s |  Train Loss: 0.5458 | Train Acc. 78.5000% | Test Loss: 0.5214 | Test Acc. 74.5000%
Train AUC: 0.8431
Valid AUC: 0.7513500000000001
Adas on PCam_transformed: T 1/1 | E 45/250 Ended | E Time: 4.250s | ~Time Left: 871.233s |  Train Loss: 0.4926 | Train Acc. 77.0000% | Test Loss: 0.6731 | Test Acc. 63.7500%
Train AUC: 0.8003
Valid AUC: 0.8089625
Adas on PCam_transformed: T 1/1 | E 46/250 Ended | E Time: 4.231s | ~Time Left: 863.124s |  Train Loss: 0.5688 | Train Acc. 70.5000% | Test Loss: 0.5834 | Test Acc. 74.2500%
Train AUC: 0.8197
Valid AUC: 0.8263750000000001
Adas on PCam_transformed: T 1/1 | E 47/250 Ended | E Time: 4.281s | ~Time Left: 869.058s |  Train Loss: 0.5340 | Train Acc. 74.0000% | Test Loss: 0.5290 | Test Acc. 74.2500%
Train AUC: 0.8396
Valid AUC: 0.8065249999999999
Adas on PCam_transformed: T 1/1 | E 48/250 Ended | E Time: 4.216s | ~Time Left: 851.619s |  Train Loss: 0.4832 | Train Acc. 78.0000% | Test Loss: 0.5483 | Test Acc. 73.2500%
Train AUC: 0.867
Valid AUC: 0.818375
Adas on PCam_transformed: T 1/1 | E 49/250 Ended | E Time: 4.186s | ~Time Left: 841.423s |  Train Loss: 0.4779 | Train Acc. 79.5000% | Test Loss: 0.5476 | Test Acc. 73.0000%
Train AUC: 0.8616
Valid AUC: 0.817025
Adas on PCam_transformed: T 1/1 | E 50/250 Ended | E Time: 4.188s | ~Time Left: 837.625s |  Train Loss: 0.4857 | Train Acc. 77.0000% | Test Loss: 0.5420 | Test Acc. 73.0000%
Train AUC: 0.8617
Valid AUC: 0.725075
Adas on PCam_transformed: T 1/1 | E 51/250 Ended | E Time: 4.249s | ~Time Left: 845.470s |  Train Loss: 0.4792 | Train Acc. 80.5000% | Test Loss: 0.6790 | Test Acc. 66.0000%
Train AUC: 0.8569999999999999
Valid AUC: 0.7995999999999999
Adas on PCam_transformed: T 1/1 | E 52/250 Ended | E Time: 4.230s | ~Time Left: 837.567s |  Train Loss: 0.4371 | Train Acc. 77.0000% | Test Loss: 0.5646 | Test Acc. 72.5000%
Train AUC: 0.8682999999999998
Valid AUC: 0.810875
Adas on PCam_transformed: T 1/1 | E 53/250 Ended | E Time: 4.254s | ~Time Left: 838.123s |  Train Loss: 0.4621 | Train Acc. 80.5000% | Test Loss: 0.5461 | Test Acc. 76.2500%
Train AUC: 0.8783
Valid AUC: 0.8299
Adas on PCam_transformed: T 1/1 | E 54/250 Ended | E Time: 4.194s | ~Time Left: 821.990s |  Train Loss: 0.5256 | Train Acc. 80.0000% | Test Loss: 0.5272 | Test Acc. 76.7500%
Train AUC: 0.8505
Valid AUC: 0.766775
Adas on PCam_transformed: T 1/1 | E 55/250 Ended | E Time: 4.224s | ~Time Left: 823.612s |  Train Loss: 0.5050 | Train Acc. 76.5000% | Test Loss: 0.6034 | Test Acc. 67.7500%
Train AUC: 0.8433999999999999
Valid AUC: 0.8153250000000001
Adas on PCam_transformed: T 1/1 | E 56/250 Ended | E Time: 4.189s | ~Time Left: 812.740s |  Train Loss: 0.5156 | Train Acc. 76.5000% | Test Loss: 0.5582 | Test Acc. 74.5000%
Train AUC: 0.8445
Valid AUC: 0.811825
Adas on PCam_transformed: T 1/1 | E 57/250 Ended | E Time: 4.152s | ~Time Left: 801.299s |  Train Loss: 0.5102 | Train Acc. 76.5000% | Test Loss: 0.5614 | Test Acc. 74.5000%
Train AUC: 0.8568999999999999
Valid AUC: 0.831375
Adas on PCam_transformed: T 1/1 | E 58/250 Ended | E Time: 4.223s | ~Time Left: 810.890s |  Train Loss: 0.5544 | Train Acc. 76.0000% | Test Loss: 0.5326 | Test Acc. 73.2500%
Train AUC: 0.8644
Valid AUC: 0.8275250000000001
Adas on PCam_transformed: T 1/1 | E 59/250 Ended | E Time: 4.223s | ~Time Left: 806.645s |  Train Loss: 0.5041 | Train Acc. 81.0000% | Test Loss: 0.5141 | Test Acc. 76.7500%
Train AUC: 0.8371
Valid AUC: 0.8071249999999999
Adas on PCam_transformed: T 1/1 | E 60/250 Ended | E Time: 4.166s | ~Time Left: 791.466s |  Train Loss: 0.5797 | Train Acc. 74.5000% | Test Loss: 0.5910 | Test Acc. 74.0000%
Train AUC: 0.8678
Valid AUC: 0.8289749999999998
Adas on PCam_transformed: T 1/1 | E 61/250 Ended | E Time: 4.220s | ~Time Left: 797.495s |  Train Loss: 0.4385 | Train Acc. 80.0000% | Test Loss: 0.5078 | Test Acc. 76.5000%
Train AUC: 0.8573
Valid AUC: 0.816675
Adas on PCam_transformed: T 1/1 | E 62/250 Ended | E Time: 4.168s | ~Time Left: 783.560s |  Train Loss: 0.5231 | Train Acc. 81.0000% | Test Loss: 0.5431 | Test Acc. 72.7500%
Train AUC: 0.8513
Valid AUC: 0.8206000000000001
Adas on PCam_transformed: T 1/1 | E 63/250 Ended | E Time: 4.434s | ~Time Left: 829.149s |  Train Loss: 0.5132 | Train Acc. 77.0000% | Test Loss: 0.5286 | Test Acc. 74.7500%
Train AUC: 0.8386
Valid AUC: 0.771725
Adas on PCam_transformed: T 1/1 | E 64/250 Ended | E Time: 4.246s | ~Time Left: 789.723s |  Train Loss: 0.4875 | Train Acc. 80.0000% | Test Loss: 0.6273 | Test Acc. 70.2500%
Train AUC: 0.85
Valid AUC: 0.7861250000000001
Adas on PCam_transformed: T 1/1 | E 65/250 Ended | E Time: 4.246s | ~Time Left: 785.507s |  Train Loss: 0.4706 | Train Acc. 75.0000% | Test Loss: 0.6357 | Test Acc. 71.5000%
Train AUC: 0.8513999999999999
Valid AUC: 0.8053750000000001
Adas on PCam_transformed: T 1/1 | E 66/250 Ended | E Time: 4.178s | ~Time Left: 768.663s |  Train Loss: 0.5582 | Train Acc. 76.5000% | Test Loss: 0.5987 | Test Acc. 73.7500%
Train AUC: 0.8835
Valid AUC: 0.8312499999999999
Adas on PCam_transformed: T 1/1 | E 67/250 Ended | E Time: 4.210s | ~Time Left: 770.492s |  Train Loss: 0.4661 | Train Acc. 81.0000% | Test Loss: 0.5514 | Test Acc. 75.5000%
Train AUC: 0.8439
Valid AUC: 0.8352999999999999
Adas on PCam_transformed: T 1/1 | E 68/250 Ended | E Time: 4.200s | ~Time Left: 764.476s |  Train Loss: 0.4531 | Train Acc. 82.5000% | Test Loss: 0.5071 | Test Acc. 74.0000%
Train AUC: 0.8917
Valid AUC: 0.8193750000000002
Adas on PCam_transformed: T 1/1 | E 69/250 Ended | E Time: 4.208s | ~Time Left: 761.616s |  Train Loss: 0.4182 | Train Acc. 82.5000% | Test Loss: 0.5364 | Test Acc. 73.2500%
Train AUC: 0.873
Valid AUC: 0.83355
Adas on PCam_transformed: T 1/1 | E 70/250 Ended | E Time: 4.213s | ~Time Left: 758.422s |  Train Loss: 0.4549 | Train Acc. 79.5000% | Test Loss: 0.5198 | Test Acc. 76.0000%
Train AUC: 0.8828
Valid AUC: 0.8020750000000001
Adas on PCam_transformed: T 1/1 | E 71/250 Ended | E Time: 4.231s | ~Time Left: 757.398s |  Train Loss: 0.4535 | Train Acc. 80.5000% | Test Loss: 0.6063 | Test Acc. 75.2500%
Train AUC: 0.8779
Valid AUC: 0.833525
Adas on PCam_transformed: T 1/1 | E 72/250 Ended | E Time: 4.278s | ~Time Left: 761.551s |  Train Loss: 0.4325 | Train Acc. 83.5000% | Test Loss: 0.5173 | Test Acc. 74.7500%
Train AUC: 0.8376
Valid AUC: 0.8061499999999999
Adas on PCam_transformed: T 1/1 | E 73/250 Ended | E Time: 4.210s | ~Time Left: 745.209s |  Train Loss: 0.4843 | Train Acc. 75.5000% | Test Loss: 0.5567 | Test Acc. 72.5000%
Train AUC: 0.8833
Valid AUC: 0.804275
Adas on PCam_transformed: T 1/1 | E 74/250 Ended | E Time: 4.287s | ~Time Left: 754.530s |  Train Loss: 0.4445 | Train Acc. 82.5000% | Test Loss: 0.5550 | Test Acc. 74.0000%
Train AUC: 0.8796
Valid AUC: 0.8168249999999999
Adas on PCam_transformed: T 1/1 | E 75/250 Ended | E Time: 4.226s | ~Time Left: 739.554s |  Train Loss: 0.4120 | Train Acc. 78.0000% | Test Loss: 0.5544 | Test Acc. 75.0000%
Train AUC: 0.8607
Valid AUC: 0.8258
Adas on PCam_transformed: T 1/1 | E 76/250 Ended | E Time: 4.254s | ~Time Left: 740.141s |  Train Loss: 0.4894 | Train Acc. 81.5000% | Test Loss: 0.5340 | Test Acc. 76.7500%
Train AUC: 0.879
Valid AUC: 0.79505
Adas on PCam_transformed: T 1/1 | E 77/250 Ended | E Time: 4.194s | ~Time Left: 725.603s |  Train Loss: 0.4556 | Train Acc. 80.0000% | Test Loss: 0.6452 | Test Acc. 73.5000%
Train AUC: 0.8651
Valid AUC: 0.790675
Adas on PCam_transformed: T 1/1 | E 78/250 Ended | E Time: 4.223s | ~Time Left: 726.301s |  Train Loss: 0.4782 | Train Acc. 77.0000% | Test Loss: 0.6201 | Test Acc. 73.5000%
Train AUC: 0.8916
Valid AUC: 0.801575
Adas on PCam_transformed: T 1/1 | E 79/250 Ended | E Time: 4.222s | ~Time Left: 721.922s |  Train Loss: 0.3962 | Train Acc. 81.5000% | Test Loss: 0.5790 | Test Acc. 74.7500%
Train AUC: 0.8865999999999999
Valid AUC: 0.8264
Adas on PCam_transformed: T 1/1 | E 80/250 Ended | E Time: 4.186s | ~Time Left: 711.539s |  Train Loss: 0.4327 | Train Acc. 81.0000% | Test Loss: 0.5427 | Test Acc. 75.5000%
Train AUC: 0.8943000000000001
Valid AUC: 0.8206749999999999
Adas on PCam_transformed: T 1/1 | E 81/250 Ended | E Time: 4.211s | ~Time Left: 711.663s |  Train Loss: 0.4244 | Train Acc. 82.5000% | Test Loss: 0.5226 | Test Acc. 75.7500%
Train AUC: 0.8723000000000001
Valid AUC: 0.793
Adas on PCam_transformed: T 1/1 | E 82/250 Ended | E Time: 4.175s | ~Time Left: 701.364s |  Train Loss: 0.4505 | Train Acc. 79.5000% | Test Loss: 0.5776 | Test Acc. 75.7500%
Train AUC: 0.8602000000000001
Valid AUC: 0.7970750000000001
Adas on PCam_transformed: T 1/1 | E 83/250 Ended | E Time: 4.218s | ~Time Left: 704.356s |  Train Loss: 0.4805 | Train Acc. 78.5000% | Test Loss: 0.6001 | Test Acc. 74.2500%
Train AUC: 0.8911
Valid AUC: 0.82185
Adas on PCam_transformed: T 1/1 | E 84/250 Ended | E Time: 4.186s | ~Time Left: 694.823s |  Train Loss: 0.4007 | Train Acc. 80.5000% | Test Loss: 0.5659 | Test Acc. 76.5000%
Train AUC: 0.8824
Valid AUC: 0.8266749999999999
Adas on PCam_transformed: T 1/1 | E 85/250 Ended | E Time: 4.186s | ~Time Left: 690.693s |  Train Loss: 0.4444 | Train Acc. 80.5000% | Test Loss: 0.5653 | Test Acc. 75.7500%
Train AUC: 0.8795
Valid AUC: 0.8387
Adas on PCam_transformed: T 1/1 | E 86/250 Ended | E Time: 4.223s | ~Time Left: 692.623s |  Train Loss: 0.4346 | Train Acc. 83.5000% | Test Loss: 0.5210 | Test Acc. 76.0000%
Train AUC: 0.8693
Valid AUC: 0.778675
Adas on PCam_transformed: T 1/1 | E 87/250 Ended | E Time: 4.210s | ~Time Left: 686.192s |  Train Loss: 0.4247 | Train Acc. 78.0000% | Test Loss: 0.6311 | Test Acc. 72.2500%
Train AUC: 0.8711
Valid AUC: 0.805875
Adas on PCam_transformed: T 1/1 | E 88/250 Ended | E Time: 4.216s | ~Time Left: 682.951s |  Train Loss: 0.4733 | Train Acc. 79.0000% | Test Loss: 0.5818 | Test Acc. 76.7500%
Train AUC: 0.8827
Valid AUC: 0.81255
Adas on PCam_transformed: T 1/1 | E 89/250 Ended | E Time: 4.161s | ~Time Left: 669.874s |  Train Loss: 0.4695 | Train Acc. 80.0000% | Test Loss: 0.5492 | Test Acc. 76.0000%
Train AUC: 0.889
Valid AUC: 0.846475
Adas on PCam_transformed: T 1/1 | E 90/250 Ended | E Time: 4.208s | ~Time Left: 673.202s |  Train Loss: 0.3883 | Train Acc. 83.5000% | Test Loss: 0.4887 | Test Acc. 76.5000%
Train AUC: 0.8838
Valid AUC: 0.851275
Adas on PCam_transformed: T 1/1 | E 91/250 Ended | E Time: 4.234s | ~Time Left: 673.159s |  Train Loss: 0.4126 | Train Acc. 81.5000% | Test Loss: 0.4893 | Test Acc. 77.5000%
Train AUC: 0.8809999999999999
Valid AUC: 0.843025
Adas on PCam_transformed: T 1/1 | E 92/250 Ended | E Time: 4.198s | ~Time Left: 663.295s |  Train Loss: 0.4726 | Train Acc. 80.0000% | Test Loss: 0.5183 | Test Acc. 76.0000%
Train AUC: 0.8732
Valid AUC: 0.7888250000000001
Adas on PCam_transformed: T 1/1 | E 93/250 Ended | E Time: 4.174s | ~Time Left: 655.301s |  Train Loss: 0.4201 | Train Acc. 79.0000% | Test Loss: 0.5983 | Test Acc. 74.5000%
Train AUC: 0.8716
Valid AUC: 0.8023
Adas on PCam_transformed: T 1/1 | E 94/250 Ended | E Time: 4.272s | ~Time Left: 666.451s |  Train Loss: 0.4726 | Train Acc. 80.5000% | Test Loss: 0.5523 | Test Acc. 74.5000%
Train AUC: 0.8662
Valid AUC: 0.814525
Adas on PCam_transformed: T 1/1 | E 95/250 Ended | E Time: 4.227s | ~Time Left: 655.168s |  Train Loss: 0.4917 | Train Acc. 83.0000% | Test Loss: 0.5547 | Test Acc. 76.0000%
Train AUC: 0.9065000000000001
Valid AUC: 0.8220249999999999
Adas on PCam_transformed: T 1/1 | E 96/250 Ended | E Time: 4.270s | ~Time Left: 657.507s |  Train Loss: 0.3884 | Train Acc. 81.5000% | Test Loss: 0.5334 | Test Acc. 75.2500%
Train AUC: 0.8994
Valid AUC: 0.829375
Adas on PCam_transformed: T 1/1 | E 97/250 Ended | E Time: 4.188s | ~Time Left: 640.813s |  Train Loss: 0.3792 | Train Acc. 85.0000% | Test Loss: 0.5275 | Test Acc. 76.5000%
Train AUC: 0.8937
Valid AUC: 0.8212
Adas on PCam_transformed: T 1/1 | E 98/250 Ended | E Time: 4.371s | ~Time Left: 664.396s |  Train Loss: 0.4182 | Train Acc. 81.0000% | Test Loss: 0.5499 | Test Acc. 75.5000%
Train AUC: 0.8928
Valid AUC: 0.8099750000000001
Adas on PCam_transformed: T 1/1 | E 99/250 Ended | E Time: 4.296s | ~Time Left: 648.639s |  Train Loss: 0.3766 | Train Acc. 80.0000% | Test Loss: 0.5900 | Test Acc. 75.2500%
Train AUC: 0.8788
Valid AUC: 0.8371999999999999
Adas on PCam_transformed: T 1/1 | E 100/250 Ended | E Time: 4.293s | ~Time Left: 643.951s |  Train Loss: 0.4362 | Train Acc. 82.0000% | Test Loss: 0.5333 | Test Acc. 76.7500%
Train AUC: 0.8751000000000001
Valid AUC: 0.8269
Adas on PCam_transformed: T 1/1 | E 101/250 Ended | E Time: 4.183s | ~Time Left: 623.198s |  Train Loss: 0.5105 | Train Acc. 81.5000% | Test Loss: 0.5522 | Test Acc. 77.0000%
Train AUC: 0.8866999999999999
Valid AUC: 0.7838999999999999
Adas on PCam_transformed: T 1/1 | E 102/250 Ended | E Time: 4.200s | ~Time Left: 621.631s |  Train Loss: 0.4254 | Train Acc. 81.0000% | Test Loss: 0.6215 | Test Acc. 75.0000%
Train AUC: 0.8643
Valid AUC: 0.8280000000000001
Adas on PCam_transformed: T 1/1 | E 103/250 Ended | E Time: 4.201s | ~Time Left: 617.596s |  Train Loss: 0.4650 | Train Acc. 77.5000% | Test Loss: 0.5806 | Test Acc. 76.7500%
Train AUC: 0.9054000000000001
Valid AUC: 0.8330750000000001
Adas on PCam_transformed: T 1/1 | E 104/250 Ended | E Time: 4.174s | ~Time Left: 609.422s |  Train Loss: 0.4106 | Train Acc. 85.0000% | Test Loss: 0.5453 | Test Acc. 77.2500%
Train AUC: 0.8749000000000001
Valid AUC: 0.814275
Adas on PCam_transformed: T 1/1 | E 105/250 Ended | E Time: 4.269s | ~Time Left: 619.018s |  Train Loss: 0.4358 | Train Acc. 79.5000% | Test Loss: 0.5546 | Test Acc. 76.2500%
Train AUC: 0.8592
Valid AUC: 0.8063
Adas on PCam_transformed: T 1/1 | E 106/250 Ended | E Time: 4.276s | ~Time Left: 615.758s |  Train Loss: 0.4282 | Train Acc. 78.5000% | Test Loss: 0.5632 | Test Acc. 74.2500%
Train AUC: 0.8706999999999999
Valid AUC: 0.7905500000000001
Adas on PCam_transformed: T 1/1 | E 107/250 Ended | E Time: 4.211s | ~Time Left: 602.179s |  Train Loss: 0.5147 | Train Acc. 80.0000% | Test Loss: 0.5973 | Test Acc. 73.0000%
Train AUC: 0.8955
Valid AUC: 0.8094250000000001
Adas on PCam_transformed: T 1/1 | E 108/250 Ended | E Time: 4.199s | ~Time Left: 596.310s |  Train Loss: 0.4280 | Train Acc. 81.5000% | Test Loss: 0.5894 | Test Acc. 74.0000%
Train AUC: 0.8984
Valid AUC: 0.84655
Adas on PCam_transformed: T 1/1 | E 109/250 Ended | E Time: 4.188s | ~Time Left: 590.579s |  Train Loss: 0.4012 | Train Acc. 84.5000% | Test Loss: 0.4890 | Test Acc. 76.5000%
Train AUC: 0.897
Valid AUC: 0.7994499999999999
Adas on PCam_transformed: T 1/1 | E 110/250 Ended | E Time: 4.171s | ~Time Left: 583.989s |  Train Loss: 0.3876 | Train Acc. 83.0000% | Test Loss: 0.5804 | Test Acc. 73.7500%
Train AUC: 0.8906
Valid AUC: 0.829175
Adas on PCam_transformed: T 1/1 | E 111/250 Ended | E Time: 4.214s | ~Time Left: 585.734s |  Train Loss: 0.3925 | Train Acc. 82.0000% | Test Loss: 0.5370 | Test Acc. 75.7500%
Train AUC: 0.867
Valid AUC: 0.8309250000000001
Adas on PCam_transformed: T 1/1 | E 112/250 Ended | E Time: 4.212s | ~Time Left: 581.263s |  Train Loss: 0.4600 | Train Acc. 79.5000% | Test Loss: 0.5430 | Test Acc. 76.7500%
Train AUC: 0.8832
Valid AUC: 0.807825
Adas on PCam_transformed: T 1/1 | E 113/250 Ended | E Time: 4.205s | ~Time Left: 576.061s |  Train Loss: 0.4332 | Train Acc. 79.5000% | Test Loss: 0.5598 | Test Acc. 75.2500%
Train AUC: 0.8911
Valid AUC: 0.7989250000000001
Adas on PCam_transformed: T 1/1 | E 114/250 Ended | E Time: 4.252s | ~Time Left: 578.230s |  Train Loss: 0.4105 | Train Acc. 81.0000% | Test Loss: 0.5485 | Test Acc. 77.2500%
Train AUC: 0.8924
Valid AUC: 0.8252250000000001
Adas on PCam_transformed: T 1/1 | E 115/250 Ended | E Time: 4.238s | ~Time Left: 572.171s |  Train Loss: 0.3985 | Train Acc. 79.0000% | Test Loss: 0.5241 | Test Acc. 76.7500%
Train AUC: 0.8964
Valid AUC: 0.8334749999999999
Adas on PCam_transformed: T 1/1 | E 116/250 Ended | E Time: 4.196s | ~Time Left: 562.214s |  Train Loss: 0.4213 | Train Acc. 83.0000% | Test Loss: 0.5328 | Test Acc. 75.7500%
Train AUC: 0.8953
Valid AUC: 0.8193750000000001
Adas on PCam_transformed: T 1/1 | E 117/250 Ended | E Time: 4.275s | ~Time Left: 568.628s |  Train Loss: 0.4961 | Train Acc. 81.0000% | Test Loss: 0.5521 | Test Acc. 76.7500%
Train AUC: 0.8775
Valid AUC: 0.770725
Adas on PCam_transformed: T 1/1 | E 118/250 Ended | E Time: 4.192s | ~Time Left: 553.316s |  Train Loss: 0.4542 | Train Acc. 79.5000% | Test Loss: 0.6208 | Test Acc. 72.5000%
Train AUC: 0.8603999999999999
Valid AUC: 0.816925
Adas on PCam_transformed: T 1/1 | E 119/250 Ended | E Time: 4.262s | ~Time Left: 558.342s |  Train Loss: 0.5050 | Train Acc. 77.5000% | Test Loss: 0.5653 | Test Acc. 76.7500%
Train AUC: 0.8803
Valid AUC: 0.796125
Adas on PCam_transformed: T 1/1 | E 120/250 Ended | E Time: 4.235s | ~Time Left: 550.494s |  Train Loss: 0.4180 | Train Acc. 83.5000% | Test Loss: 0.5865 | Test Acc. 75.5000%
Train AUC: 0.8871
Valid AUC: 0.808925
Adas on PCam_transformed: T 1/1 | E 121/250 Ended | E Time: 4.217s | ~Time Left: 543.998s |  Train Loss: 0.4020 | Train Acc. 81.0000% | Test Loss: 0.5496 | Test Acc. 76.2500%
Train AUC: 0.8828
Valid AUC: 0.825575
Adas on PCam_transformed: T 1/1 | E 122/250 Ended | E Time: 4.276s | ~Time Left: 547.310s |  Train Loss: 0.4511 | Train Acc. 80.5000% | Test Loss: 0.5380 | Test Acc. 74.0000%
Train AUC: 0.8948999999999999
Valid AUC: 0.843525
Adas on PCam_transformed: T 1/1 | E 123/250 Ended | E Time: 4.254s | ~Time Left: 540.308s |  Train Loss: 0.4410 | Train Acc. 85.5000% | Test Loss: 0.5084 | Test Acc. 78.2500%
Train AUC: 0.9027
Valid AUC: 0.8457
Adas on PCam_transformed: T 1/1 | E 124/250 Ended | E Time: 4.250s | ~Time Left: 535.474s |  Train Loss: 0.3855 | Train Acc. 84.0000% | Test Loss: 0.5197 | Test Acc. 77.0000%
Train AUC: 0.8899999999999999
Valid AUC: 0.8361999999999998
Adas on PCam_transformed: T 1/1 | E 125/250 Ended | E Time: 4.215s | ~Time Left: 526.861s |  Train Loss: 0.4502 | Train Acc. 80.0000% | Test Loss: 0.5219 | Test Acc. 76.7500%
Train AUC: 0.8855999999999999
Valid AUC: 0.804575
Adas on PCam_transformed: T 1/1 | E 126/250 Ended | E Time: 4.233s | ~Time Left: 524.893s |  Train Loss: 0.4018 | Train Acc. 80.0000% | Test Loss: 0.5691 | Test Acc. 75.5000%
Train AUC: 0.894
Valid AUC: 0.8191
Adas on PCam_transformed: T 1/1 | E 127/250 Ended | E Time: 4.283s | ~Time Left: 526.811s |  Train Loss: 0.4045 | Train Acc. 83.0000% | Test Loss: 0.5474 | Test Acc. 78.0000%
Train AUC: 0.8909
Valid AUC: 0.8181249999999999
Adas on PCam_transformed: T 1/1 | E 128/250 Ended | E Time: 4.218s | ~Time Left: 514.645s |  Train Loss: 0.4456 | Train Acc. 79.0000% | Test Loss: 0.5532 | Test Acc. 76.0000%
Train AUC: 0.9057000000000001
Valid AUC: 0.8104250000000001
Adas on PCam_transformed: T 1/1 | E 129/250 Ended | E Time: 4.283s | ~Time Left: 518.250s |  Train Loss: 0.4361 | Train Acc. 82.0000% | Test Loss: 0.5424 | Test Acc. 76.0000%
Train AUC: 0.8986000000000001
Valid AUC: 0.808125
Adas on PCam_transformed: T 1/1 | E 130/250 Ended | E Time: 4.227s | ~Time Left: 507.228s |  Train Loss: 0.3987 | Train Acc. 81.5000% | Test Loss: 0.5520 | Test Acc. 75.7500%
Train AUC: 0.8880000000000001
Valid AUC: 0.805975
Adas on PCam_transformed: T 1/1 | E 131/250 Ended | E Time: 4.258s | ~Time Left: 506.742s |  Train Loss: 0.3934 | Train Acc. 81.0000% | Test Loss: 0.5635 | Test Acc. 76.7500%
Train AUC: 0.9041
Valid AUC: 0.8176
Adas on PCam_transformed: T 1/1 | E 132/250 Ended | E Time: 4.274s | ~Time Left: 504.299s |  Train Loss: 0.4054 | Train Acc. 85.5000% | Test Loss: 0.5476 | Test Acc. 77.0000%
Train AUC: 0.9163000000000001
Valid AUC: 0.8167250000000001
Adas on PCam_transformed: T 1/1 | E 133/250 Ended | E Time: 4.266s | ~Time Left: 499.096s |  Train Loss: 0.3531 | Train Acc. 84.5000% | Test Loss: 0.5588 | Test Acc. 75.5000%
Train AUC: 0.9001
Valid AUC: 0.81135
Adas on PCam_transformed: T 1/1 | E 134/250 Ended | E Time: 4.193s | ~Time Left: 486.441s |  Train Loss: 0.4169 | Train Acc. 83.5000% | Test Loss: 0.5848 | Test Acc. 77.0000%
Train AUC: 0.8754
Valid AUC: 0.829325
Adas on PCam_transformed: T 1/1 | E 135/250 Ended | E Time: 4.250s | ~Time Left: 488.715s |  Train Loss: 0.4511 | Train Acc. 82.0000% | Test Loss: 0.5414 | Test Acc. 76.2500%
Train AUC: 0.8810999999999999
Valid AUC: 0.8173999999999999
Adas on PCam_transformed: T 1/1 | E 136/250 Ended | E Time: 4.190s | ~Time Left: 477.655s |  Train Loss: 0.4253 | Train Acc. 80.5000% | Test Loss: 0.5546 | Test Acc. 76.2500%
Train AUC: 0.9053
Valid AUC: 0.8319749999999999
Adas on PCam_transformed: T 1/1 | E 137/250 Ended | E Time: 4.241s | ~Time Left: 479.234s |  Train Loss: 0.3577 | Train Acc. 82.0000% | Test Loss: 0.5341 | Test Acc. 75.5000%
Train AUC: 0.8799
Valid AUC: 0.821125
Adas on PCam_transformed: T 1/1 | E 138/250 Ended | E Time: 4.221s | ~Time Left: 472.791s |  Train Loss: 0.4573 | Train Acc. 79.0000% | Test Loss: 0.5338 | Test Acc. 75.2500%
Train AUC: 0.9258000000000001
Valid AUC: 0.8134999999999999
Adas on PCam_transformed: T 1/1 | E 139/250 Ended | E Time: 4.239s | ~Time Left: 470.525s |  Train Loss: 0.3715 | Train Acc. 85.0000% | Test Loss: 0.5453 | Test Acc. 75.7500%
Train AUC: 0.8957999999999999
Valid AUC: 0.81175
Adas on PCam_transformed: T 1/1 | E 140/250 Ended | E Time: 4.182s | ~Time Left: 460.028s |  Train Loss: 0.4071 | Train Acc. 81.5000% | Test Loss: 0.5429 | Test Acc. 75.0000%
Train AUC: 0.9001999999999999
Valid AUC: 0.8270499999999998
Adas on PCam_transformed: T 1/1 | E 141/250 Ended | E Time: 4.228s | ~Time Left: 460.828s |  Train Loss: 0.4126 | Train Acc. 84.0000% | Test Loss: 0.5443 | Test Acc. 76.5000%
Train AUC: 0.9134
Valid AUC: 0.8191750000000001
Adas on PCam_transformed: T 1/1 | E 142/250 Ended | E Time: 4.219s | ~Time Left: 455.641s |  Train Loss: 0.3545 | Train Acc. 82.5000% | Test Loss: 0.5531 | Test Acc. 76.5000%
Train AUC: 0.9052
Valid AUC: 0.8117
Adas on PCam_transformed: T 1/1 | E 143/250 Ended | E Time: 4.218s | ~Time Left: 451.376s |  Train Loss: 0.3756 | Train Acc. 81.5000% | Test Loss: 0.5694 | Test Acc. 74.0000%
Train AUC: 0.9018999999999999
Valid AUC: 0.836175
Adas on PCam_transformed: T 1/1 | E 144/250 Ended | E Time: 4.241s | ~Time Left: 449.572s |  Train Loss: 0.3787 | Train Acc. 83.5000% | Test Loss: 0.5356 | Test Acc. 78.2500%
Train AUC: 0.8916
Valid AUC: 0.8359
Adas on PCam_transformed: T 1/1 | E 145/250 Ended | E Time: 4.259s | ~Time Left: 447.157s |  Train Loss: 0.4391 | Train Acc. 82.0000% | Test Loss: 0.5354 | Test Acc. 78.5000%
Train AUC: 0.8993
Valid AUC: 0.821975
Adas on PCam_transformed: T 1/1 | E 146/250 Ended | E Time: 4.234s | ~Time Left: 440.347s |  Train Loss: 0.4400 | Train Acc. 82.5000% | Test Loss: 0.5554 | Test Acc. 76.7500%
Train AUC: 0.9028
Valid AUC: 0.8105
Adas on PCam_transformed: T 1/1 | E 147/250 Ended | E Time: 4.255s | ~Time Left: 438.317s |  Train Loss: 0.4483 | Train Acc. 83.0000% | Test Loss: 0.5802 | Test Acc. 73.5000%
Train AUC: 0.8976999999999999
Valid AUC: 0.7645749999999999
Adas on PCam_transformed: T 1/1 | E 148/250 Ended | E Time: 4.232s | ~Time Left: 431.698s |  Train Loss: 0.4153 | Train Acc. 82.0000% | Test Loss: 0.6205 | Test Acc. 72.2500%
Train AUC: 0.9089
Valid AUC: 0.825975
Adas on PCam_transformed: T 1/1 | E 149/250 Ended | E Time: 4.205s | ~Time Left: 424.750s |  Train Loss: 0.3967 | Train Acc. 82.5000% | Test Loss: 0.5292 | Test Acc. 74.5000%
Train AUC: 0.8774
Valid AUC: 0.8172
Adas on PCam_transformed: T 1/1 | E 150/250 Ended | E Time: 4.239s | ~Time Left: 423.882s |  Train Loss: 0.4626 | Train Acc. 81.0000% | Test Loss: 0.5664 | Test Acc. 76.0000%
Train AUC: 0.9077999999999999
Valid AUC: 0.842475
Adas on PCam_transformed: T 1/1 | E 151/250 Ended | E Time: 4.306s | ~Time Left: 426.302s |  Train Loss: 0.4465 | Train Acc. 85.0000% | Test Loss: 0.5121 | Test Acc. 76.0000%
Train AUC: 0.8760999999999999
Valid AUC: 0.8045
Adas on PCam_transformed: T 1/1 | E 152/250 Ended | E Time: 4.212s | ~Time Left: 412.793s |  Train Loss: 0.4120 | Train Acc. 80.0000% | Test Loss: 0.5587 | Test Acc. 77.5000%
Train AUC: 0.8978
Valid AUC: 0.8156750000000001
Adas on PCam_transformed: T 1/1 | E 153/250 Ended | E Time: 4.251s | ~Time Left: 412.317s |  Train Loss: 0.3845 | Train Acc. 81.0000% | Test Loss: 0.5492 | Test Acc. 76.5000%
Train AUC: 0.9004000000000001
Valid AUC: 0.8538
Adas on PCam_transformed: T 1/1 | E 154/250 Ended | E Time: 4.210s | ~Time Left: 404.123s |  Train Loss: 0.3959 | Train Acc. 83.0000% | Test Loss: 0.5004 | Test Acc. 77.7500%
Train AUC: 0.9119999999999999
Valid AUC: 0.820625
Adas on PCam_transformed: T 1/1 | E 155/250 Ended | E Time: 4.275s | ~Time Left: 406.132s |  Train Loss: 0.3802 | Train Acc. 84.5000% | Test Loss: 0.5572 | Test Acc. 75.7500%
Train AUC: 0.8874000000000001
Valid AUC: 0.829075
Adas on PCam_transformed: T 1/1 | E 156/250 Ended | E Time: 4.230s | ~Time Left: 397.597s |  Train Loss: 0.3976 | Train Acc. 81.0000% | Test Loss: 0.5322 | Test Acc. 75.2500%
Train AUC: 0.9015
Valid AUC: 0.8228749999999999
Adas on PCam_transformed: T 1/1 | E 157/250 Ended | E Time: 4.193s | ~Time Left: 389.909s |  Train Loss: 0.3914 | Train Acc. 83.0000% | Test Loss: 0.5496 | Test Acc. 76.2500%
Train AUC: 0.9026
Valid AUC: 0.840475
Adas on PCam_transformed: T 1/1 | E 158/250 Ended | E Time: 4.235s | ~Time Left: 389.591s |  Train Loss: 0.3830 | Train Acc. 83.0000% | Test Loss: 0.5269 | Test Acc. 77.2500%
Train AUC: 0.9219
Valid AUC: 0.8310749999999999
Adas on PCam_transformed: T 1/1 | E 159/250 Ended | E Time: 4.201s | ~Time Left: 382.317s |  Train Loss: 0.3553 | Train Acc. 86.5000% | Test Loss: 0.5480 | Test Acc. 76.2500%
Train AUC: 0.9194
Valid AUC: 0.8190750000000001
Adas on PCam_transformed: T 1/1 | E 160/250 Ended | E Time: 4.194s | ~Time Left: 377.451s |  Train Loss: 0.3648 | Train Acc. 84.0000% | Test Loss: 0.5510 | Test Acc. 77.2500%
Train AUC: 0.9054
Valid AUC: 0.813775
Adas on PCam_transformed: T 1/1 | E 161/250 Ended | E Time: 4.240s | ~Time Left: 377.364s |  Train Loss: 0.3922 | Train Acc. 82.0000% | Test Loss: 0.5629 | Test Acc. 73.5000%
Train AUC: 0.8958999999999999
Valid AUC: 0.8280000000000001
Adas on PCam_transformed: T 1/1 | E 162/250 Ended | E Time: 4.270s | ~Time Left: 375.722s |  Train Loss: 0.4342 | Train Acc. 84.5000% | Test Loss: 0.5458 | Test Acc. 76.2500%
Train AUC: 0.9193
Valid AUC: 0.83715
Adas on PCam_transformed: T 1/1 | E 163/250 Ended | E Time: 4.256s | ~Time Left: 370.276s |  Train Loss: 0.3773 | Train Acc. 83.5000% | Test Loss: 0.5290 | Test Acc. 76.2500%
Train AUC: 0.9104
Valid AUC: 0.824825
Adas on PCam_transformed: T 1/1 | E 164/250 Ended | E Time: 4.197s | ~Time Left: 360.908s |  Train Loss: 0.3578 | Train Acc. 81.5000% | Test Loss: 0.5460 | Test Acc. 76.5000%
Train AUC: 0.9308000000000001
Valid AUC: 0.8310500000000001
Adas on PCam_transformed: T 1/1 | E 165/250 Ended | E Time: 4.321s | ~Time Left: 367.270s |  Train Loss: 0.3406 | Train Acc. 84.0000% | Test Loss: 0.5173 | Test Acc. 76.5000%
Train AUC: 0.8843000000000001
Valid AUC: 0.8449500000000001
Adas on PCam_transformed: T 1/1 | E 166/250 Ended | E Time: 4.248s | ~Time Left: 356.848s |  Train Loss: 0.4386 | Train Acc. 84.5000% | Test Loss: 0.5013 | Test Acc. 77.5000%
Train AUC: 0.887
Valid AUC: 0.8332999999999999
Adas on PCam_transformed: T 1/1 | E 167/250 Ended | E Time: 4.241s | ~Time Left: 352.032s |  Train Loss: 0.4134 | Train Acc. 82.5000% | Test Loss: 0.5204 | Test Acc. 77.5000%
Train AUC: 0.9099
Valid AUC: 0.824275
Adas on PCam_transformed: T 1/1 | E 168/250 Ended | E Time: 4.211s | ~Time Left: 345.340s |  Train Loss: 0.3972 | Train Acc. 82.5000% | Test Loss: 0.5812 | Test Acc. 75.0000%
Train AUC: 0.9298
Valid AUC: 0.8441
Adas on PCam_transformed: T 1/1 | E 169/250 Ended | E Time: 4.270s | ~Time Left: 345.894s |  Train Loss: 0.3131 | Train Acc. 86.0000% | Test Loss: 0.5373 | Test Acc. 75.7500%
Train AUC: 0.9132
Valid AUC: 0.8326500000000001
Adas on PCam_transformed: T 1/1 | E 170/250 Ended | E Time: 4.289s | ~Time Left: 343.088s |  Train Loss: 0.3798 | Train Acc. 83.0000% | Test Loss: 0.5716 | Test Acc. 76.0000%
Train AUC: 0.9145
Valid AUC: 0.8373499999999999
Adas on PCam_transformed: T 1/1 | E 171/250 Ended | E Time: 4.283s | ~Time Left: 338.387s |  Train Loss: 0.3632 | Train Acc. 83.5000% | Test Loss: 0.5512 | Test Acc. 77.7500%
Train AUC: 0.9257
Valid AUC: 0.8297249999999999
Adas on PCam_transformed: T 1/1 | E 172/250 Ended | E Time: 4.208s | ~Time Left: 328.237s |  Train Loss: 0.3531 | Train Acc. 85.0000% | Test Loss: 0.5366 | Test Acc. 77.2500%
Train AUC: 0.9257000000000001
Valid AUC: 0.8230500000000001
Adas on PCam_transformed: T 1/1 | E 173/250 Ended | E Time: 4.311s | ~Time Left: 331.967s |  Train Loss: 0.3568 | Train Acc. 85.5000% | Test Loss: 0.5576 | Test Acc. 77.0000%
Train AUC: 0.9072
Valid AUC: 0.8187500000000001
Adas on PCam_transformed: T 1/1 | E 174/250 Ended | E Time: 4.222s | ~Time Left: 320.870s |  Train Loss: 0.3832 | Train Acc. 83.0000% | Test Loss: 0.5842 | Test Acc. 76.0000%
Train AUC: 0.9178
Valid AUC: 0.8051499999999999
Adas on PCam_transformed: T 1/1 | E 175/250 Ended | E Time: 4.224s | ~Time Left: 316.803s |  Train Loss: 0.3472 | Train Acc. 84.0000% | Test Loss: 0.6292 | Test Acc. 75.7500%
Train AUC: 0.8919
Valid AUC: 0.8347500000000001
Adas on PCam_transformed: T 1/1 | E 176/250 Ended | E Time: 4.328s | ~Time Left: 320.240s |  Train Loss: 0.4386 | Train Acc. 80.0000% | Test Loss: 0.5631 | Test Acc. 76.0000%
Train AUC: 0.9305999999999999
Valid AUC: 0.8385750000000001
Adas on PCam_transformed: T 1/1 | E 177/250 Ended | E Time: 4.195s | ~Time Left: 306.228s |  Train Loss: 0.3167 | Train Acc. 86.5000% | Test Loss: 0.5456 | Test Acc. 76.0000%
Train AUC: 0.9308
Valid AUC: 0.8034499999999999
Adas on PCam_transformed: T 1/1 | E 178/250 Ended | E Time: 4.193s | ~Time Left: 301.929s |  Train Loss: 0.3533 | Train Acc. 83.5000% | Test Loss: 0.6013 | Test Acc. 74.7500%
Train AUC: 0.9282999999999999
Valid AUC: 0.8271999999999999
Adas on PCam_transformed: T 1/1 | E 179/250 Ended | E Time: 4.291s | ~Time Left: 304.655s |  Train Loss: 0.3537 | Train Acc. 85.5000% | Test Loss: 0.5449 | Test Acc. 76.0000%
Train AUC: 0.8982999999999999
Valid AUC: 0.82885
Adas on PCam_transformed: T 1/1 | E 180/250 Ended | E Time: 4.207s | ~Time Left: 294.498s |  Train Loss: 0.4747 | Train Acc. 82.5000% | Test Loss: 0.5506 | Test Acc. 76.2500%
Train AUC: 0.9380999999999999
Valid AUC: 0.8244499999999999
Adas on PCam_transformed: T 1/1 | E 181/250 Ended | E Time: 4.222s | ~Time Left: 291.340s |  Train Loss: 0.3123 | Train Acc. 86.5000% | Test Loss: 0.5439 | Test Acc. 75.7500%
Train AUC: 0.9289000000000001
Valid AUC: 0.8159
Adas on PCam_transformed: T 1/1 | E 182/250 Ended | E Time: 4.207s | ~Time Left: 286.066s |  Train Loss: 0.3674 | Train Acc. 86.0000% | Test Loss: 0.5552 | Test Acc. 76.0000%
Train AUC: 0.9166000000000001
Valid AUC: 0.8327749999999999
Adas on PCam_transformed: T 1/1 | E 183/250 Ended | E Time: 4.300s | ~Time Left: 288.076s |  Train Loss: 0.3478 | Train Acc. 86.5000% | Test Loss: 0.5437 | Test Acc. 78.2500%
Train AUC: 0.9344
Valid AUC: 0.837825
Adas on PCam_transformed: T 1/1 | E 184/250 Ended | E Time: 4.248s | ~Time Left: 280.351s |  Train Loss: 0.3616 | Train Acc. 87.5000% | Test Loss: 0.5236 | Test Acc. 76.7500%
Train AUC: 0.9364999999999999
Valid AUC: 0.8369499999999999
Adas on PCam_transformed: T 1/1 | E 185/250 Ended | E Time: 4.169s | ~Time Left: 270.993s |  Train Loss: 0.3335 | Train Acc. 86.5000% | Test Loss: 0.5192 | Test Acc. 77.5000%
Train AUC: 0.9033000000000001
Valid AUC: 0.8315875
Adas on PCam_transformed: T 1/1 | E 186/250 Ended | E Time: 4.363s | ~Time Left: 279.257s |  Train Loss: 0.4246 | Train Acc. 83.0000% | Test Loss: 0.5304 | Test Acc. 77.2500%
Train AUC: 0.9295
Valid AUC: 0.831125
Adas on PCam_transformed: T 1/1 | E 187/250 Ended | E Time: 4.206s | ~Time Left: 264.965s |  Train Loss: 0.3531 | Train Acc. 82.0000% | Test Loss: 0.5416 | Test Acc. 75.5000%
Train AUC: 0.9106
Valid AUC: 0.8272750000000001
Adas on PCam_transformed: T 1/1 | E 188/250 Ended | E Time: 4.192s | ~Time Left: 259.927s |  Train Loss: 0.3412 | Train Acc. 85.0000% | Test Loss: 0.5352 | Test Acc. 78.2500%
Train AUC: 0.9209999999999999
Valid AUC: 0.8190249999999999
Adas on PCam_transformed: T 1/1 | E 189/250 Ended | E Time: 4.217s | ~Time Left: 257.259s |  Train Loss: 0.3300 | Train Acc. 82.5000% | Test Loss: 0.5798 | Test Acc. 74.5000%
Train AUC: 0.9189
Valid AUC: 0.8391000000000001
Adas on PCam_transformed: T 1/1 | E 190/250 Ended | E Time: 4.285s | ~Time Left: 257.073s |  Train Loss: 0.3390 | Train Acc. 83.5000% | Test Loss: 0.5551 | Test Acc. 76.7500%
Train AUC: 0.9206
Valid AUC: 0.8215749999999999
Adas on PCam_transformed: T 1/1 | E 191/250 Ended | E Time: 4.311s | ~Time Left: 254.341s |  Train Loss: 0.3765 | Train Acc. 85.0000% | Test Loss: 0.5703 | Test Acc. 75.5000%
Train AUC: 0.9315
Valid AUC: 0.8428999999999999
Adas on PCam_transformed: T 1/1 | E 192/250 Ended | E Time: 4.281s | ~Time Left: 248.323s |  Train Loss: 0.3182 | Train Acc. 87.5000% | Test Loss: 0.5102 | Test Acc. 77.7500%
Train AUC: 0.9282
Valid AUC: 0.8264
Adas on PCam_transformed: T 1/1 | E 193/250 Ended | E Time: 4.246s | ~Time Left: 242.039s |  Train Loss: 0.3547 | Train Acc. 86.0000% | Test Loss: 0.5690 | Test Acc. 76.5000%
Train AUC: 0.93
Valid AUC: 0.8323500000000001
Adas on PCam_transformed: T 1/1 | E 194/250 Ended | E Time: 4.227s | ~Time Left: 236.693s |  Train Loss: 0.3354 | Train Acc. 83.0000% | Test Loss: 0.5749 | Test Acc. 75.2500%
Train AUC: 0.9324
Valid AUC: 0.8239
Adas on PCam_transformed: T 1/1 | E 195/250 Ended | E Time: 4.204s | ~Time Left: 231.237s |  Train Loss: 0.3242 | Train Acc. 86.0000% | Test Loss: 0.6013 | Test Acc. 76.7500%
Train AUC: 0.9365999999999999
Valid AUC: 0.832875
Adas on PCam_transformed: T 1/1 | E 196/250 Ended | E Time: 4.283s | ~Time Left: 231.257s |  Train Loss: 0.3376 | Train Acc. 84.5000% | Test Loss: 0.6050 | Test Acc. 76.0000%
Train AUC: 0.9167
Valid AUC: 0.812975
Adas on PCam_transformed: T 1/1 | E 197/250 Ended | E Time: 4.222s | ~Time Left: 223.776s |  Train Loss: 0.3630 | Train Acc. 86.5000% | Test Loss: 0.6473 | Test Acc. 73.2500%
Train AUC: 0.9149
Valid AUC: 0.846675
Adas on PCam_transformed: T 1/1 | E 198/250 Ended | E Time: 4.200s | ~Time Left: 218.413s |  Train Loss: 0.3609 | Train Acc. 83.0000% | Test Loss: 0.5465 | Test Acc. 76.7500%
Train AUC: 0.9239
Valid AUC: 0.8565499999999999
Adas on PCam_transformed: T 1/1 | E 199/250 Ended | E Time: 4.192s | ~Time Left: 213.806s |  Train Loss: 0.3384 | Train Acc. 86.5000% | Test Loss: 0.5166 | Test Acc. 79.5000%
Train AUC: 0.9348
Valid AUC: 0.8472500000000001
Adas on PCam_transformed: T 1/1 | E 200/250 Ended | E Time: 4.253s | ~Time Left: 212.664s |  Train Loss: 0.3175 | Train Acc. 87.0000% | Test Loss: 0.5369 | Test Acc. 78.0000%
Train AUC: 0.9141
Valid AUC: 0.8234999999999999
Adas on PCam_transformed: T 1/1 | E 201/250 Ended | E Time: 4.233s | ~Time Left: 207.406s |  Train Loss: 0.3891 | Train Acc. 83.5000% | Test Loss: 0.5771 | Test Acc. 73.7500%
Train AUC: 0.929
Valid AUC: 0.8488249999999999
Adas on PCam_transformed: T 1/1 | E 202/250 Ended | E Time: 4.330s | ~Time Left: 207.851s |  Train Loss: 0.3422 | Train Acc. 86.5000% | Test Loss: 0.5284 | Test Acc. 75.7500%
Train AUC: 0.9182
Valid AUC: 0.844375
Adas on PCam_transformed: T 1/1 | E 203/250 Ended | E Time: 4.209s | ~Time Left: 197.828s |  Train Loss: 0.3675 | Train Acc. 83.0000% | Test Loss: 0.5469 | Test Acc. 78.5000%
Train AUC: 0.9172999999999999
Valid AUC: 0.8414749999999999
Adas on PCam_transformed: T 1/1 | E 204/250 Ended | E Time: 4.242s | ~Time Left: 195.114s |  Train Loss: 0.4253 | Train Acc. 84.0000% | Test Loss: 0.5445 | Test Acc. 78.5000%
Train AUC: 0.9226
Valid AUC: 0.8354999999999999
Adas on PCam_transformed: T 1/1 | E 205/250 Ended | E Time: 4.601s | ~Time Left: 207.027s |  Train Loss: 0.3533 | Train Acc. 87.0000% | Test Loss: 0.5446 | Test Acc. 76.0000%
Train AUC: 0.9434
Valid AUC: 0.8274999999999999
Adas on PCam_transformed: T 1/1 | E 206/250 Ended | E Time: 4.184s | ~Time Left: 184.102s |  Train Loss: 0.2982 | Train Acc. 88.5000% | Test Loss: 0.5377 | Test Acc. 78.7500%
Train AUC: 0.9362999999999999
Valid AUC: 0.8284750000000001
Adas on PCam_transformed: T 1/1 | E 207/250 Ended | E Time: 4.246s | ~Time Left: 182.600s |  Train Loss: 0.3571 | Train Acc. 88.0000% | Test Loss: 0.5534 | Test Acc. 76.2500%
Train AUC: 0.9144
Valid AUC: 0.8274750000000001
Adas on PCam_transformed: T 1/1 | E 208/250 Ended | E Time: 4.178s | ~Time Left: 175.484s |  Train Loss: 0.4217 | Train Acc. 86.0000% | Test Loss: 0.5499 | Test Acc. 76.5000%
Train AUC: 0.9295
Valid AUC: 0.8077500000000001
Adas on PCam_transformed: T 1/1 | E 209/250 Ended | E Time: 4.261s | ~Time Left: 174.706s |  Train Loss: 0.3497 | Train Acc. 85.5000% | Test Loss: 0.6174 | Test Acc. 74.7500%
Train AUC: 0.9269999999999999
Valid AUC: 0.8152
Adas on PCam_transformed: T 1/1 | E 210/250 Ended | E Time: 4.363s | ~Time Left: 174.502s |  Train Loss: 0.3208 | Train Acc. 86.0000% | Test Loss: 0.5776 | Test Acc. 77.2500%
Train AUC: 0.9232999999999999
Valid AUC: 0.8226499999999999
Adas on PCam_transformed: T 1/1 | E 211/250 Ended | E Time: 4.260s | ~Time Left: 166.157s |  Train Loss: 0.3458 | Train Acc. 85.5000% | Test Loss: 0.5751 | Test Acc. 76.7500%
Train AUC: 0.9149999999999999
Valid AUC: 0.821825
Adas on PCam_transformed: T 1/1 | E 212/250 Ended | E Time: 4.240s | ~Time Left: 161.119s |  Train Loss: 0.3452 | Train Acc. 84.0000% | Test Loss: 0.5813 | Test Acc. 77.7500%
Train AUC: 0.9332999999999999
Valid AUC: 0.831975
Adas on PCam_transformed: T 1/1 | E 213/250 Ended | E Time: 4.212s | ~Time Left: 155.857s |  Train Loss: 0.3203 | Train Acc. 88.0000% | Test Loss: 0.5587 | Test Acc. 76.5000%
Train AUC: 0.9214
Valid AUC: 0.8313749999999999
Adas on PCam_transformed: T 1/1 | E 214/250 Ended | E Time: 4.287s | ~Time Left: 154.325s |  Train Loss: 0.3864 | Train Acc. 83.5000% | Test Loss: 0.5606 | Test Acc. 75.2500%
Train AUC: 0.9359999999999999
Valid AUC: 0.8350749999999999
Adas on PCam_transformed: T 1/1 | E 215/250 Ended | E Time: 4.235s | ~Time Left: 148.219s |  Train Loss: 0.2932 | Train Acc. 87.5000% | Test Loss: 0.5484 | Test Acc. 78.7500%
Train AUC: 0.9489000000000001
Valid AUC: 0.8448
Adas on PCam_transformed: T 1/1 | E 216/250 Ended | E Time: 4.307s | ~Time Left: 146.442s |  Train Loss: 0.3024 | Train Acc. 87.5000% | Test Loss: 0.5365 | Test Acc. 77.5000%
Train AUC: 0.9300999999999999
Valid AUC: 0.8497
Adas on PCam_transformed: T 1/1 | E 217/250 Ended | E Time: 4.258s | ~Time Left: 140.509s |  Train Loss: 0.3462 | Train Acc. 84.5000% | Test Loss: 0.5281 | Test Acc. 76.0000%
Train AUC: 0.9247
Valid AUC: 0.8411
Adas on PCam_transformed: T 1/1 | E 218/250 Ended | E Time: 4.306s | ~Time Left: 137.807s |  Train Loss: 0.3366 | Train Acc. 85.5000% | Test Loss: 0.5616 | Test Acc. 77.0000%
Train AUC: 0.9240999999999999
Valid AUC: 0.8402000000000001
Adas on PCam_transformed: T 1/1 | E 219/250 Ended | E Time: 4.247s | ~Time Left: 131.661s |  Train Loss: 0.3184 | Train Acc. 85.5000% | Test Loss: 0.5391 | Test Acc. 76.2500%
Train AUC: 0.9263
Valid AUC: 0.8425750000000001
Adas on PCam_transformed: T 1/1 | E 220/250 Ended | E Time: 4.199s | ~Time Left: 125.984s |  Train Loss: 0.3706 | Train Acc. 84.0000% | Test Loss: 0.5503 | Test Acc. 77.5000%
Train AUC: 0.9278
Valid AUC: 0.839675
Adas on PCam_transformed: T 1/1 | E 221/250 Ended | E Time: 4.314s | ~Time Left: 125.105s |  Train Loss: 0.3521 | Train Acc. 85.5000% | Test Loss: 0.5350 | Test Acc. 77.7500%
Train AUC: 0.9352
Valid AUC: 0.85345
Adas on PCam_transformed: T 1/1 | E 222/250 Ended | E Time: 4.283s | ~Time Left: 119.928s |  Train Loss: 0.3708 | Train Acc. 84.5000% | Test Loss: 0.5194 | Test Acc. 76.2500%
Train AUC: 0.9387000000000001
Valid AUC: 0.8439999999999999
Adas on PCam_transformed: T 1/1 | E 223/250 Ended | E Time: 4.217s | ~Time Left: 113.857s |  Train Loss: 0.3347 | Train Acc. 88.0000% | Test Loss: 0.5525 | Test Acc. 76.7500%
Train AUC: 0.9199999999999999
Valid AUC: 0.857475
Adas on PCam_transformed: T 1/1 | E 224/250 Ended | E Time: 4.220s | ~Time Left: 109.731s |  Train Loss: 0.3490 | Train Acc. 86.0000% | Test Loss: 0.5293 | Test Acc. 76.2500%
Train AUC: 0.9279
Valid AUC: 0.832725
Adas on PCam_transformed: T 1/1 | E 225/250 Ended | E Time: 4.244s | ~Time Left: 106.106s |  Train Loss: 0.3254 | Train Acc. 85.0000% | Test Loss: 0.5501 | Test Acc. 76.7500%
Train AUC: 0.9327
Valid AUC: 0.835625
Adas on PCam_transformed: T 1/1 | E 226/250 Ended | E Time: 4.320s | ~Time Left: 103.669s |  Train Loss: 0.3045 | Train Acc. 86.0000% | Test Loss: 0.5636 | Test Acc. 75.0000%
Train AUC: 0.9238
Valid AUC: 0.8325999999999999
Adas on PCam_transformed: T 1/1 | E 227/250 Ended | E Time: 4.220s | ~Time Left: 97.059s |  Train Loss: 0.3429 | Train Acc. 83.0000% | Test Loss: 0.5535 | Test Acc. 77.0000%
Train AUC: 0.9439000000000001
Valid AUC: 0.8437999999999999
Adas on PCam_transformed: T 1/1 | E 228/250 Ended | E Time: 4.255s | ~Time Left: 93.612s |  Train Loss: 0.2839 | Train Acc. 86.5000% | Test Loss: 0.5300 | Test Acc. 76.7500%
Train AUC: 0.9389000000000001
Valid AUC: 0.8294250000000002
Adas on PCam_transformed: T 1/1 | E 229/250 Ended | E Time: 4.544s | ~Time Left: 95.424s |  Train Loss: 0.3276 | Train Acc. 86.5000% | Test Loss: 0.5647 | Test Acc. 76.5000%
Train AUC: 0.9369000000000001
Valid AUC: 0.8335999999999999
Adas on PCam_transformed: T 1/1 | E 230/250 Ended | E Time: 4.241s | ~Time Left: 84.829s |  Train Loss: 0.3046 | Train Acc. 85.5000% | Test Loss: 0.5453 | Test Acc. 76.5000%
Train AUC: 0.9326999999999999
Valid AUC: 0.83345
Adas on PCam_transformed: T 1/1 | E 231/250 Ended | E Time: 4.206s | ~Time Left: 79.914s |  Train Loss: 0.2975 | Train Acc. 87.5000% | Test Loss: 0.5589 | Test Acc. 77.7500%
Train AUC: 0.923
Valid AUC: 0.852875
Adas on PCam_transformed: T 1/1 | E 232/250 Ended | E Time: 4.211s | ~Time Left: 75.791s |  Train Loss: 0.3482 | Train Acc. 84.0000% | Test Loss: 0.5399 | Test Acc. 76.5000%
Train AUC: 0.9303000000000001
Valid AUC: 0.8468
Adas on PCam_transformed: T 1/1 | E 233/250 Ended | E Time: 4.251s | ~Time Left: 72.261s |  Train Loss: 0.3874 | Train Acc. 87.0000% | Test Loss: 0.5384 | Test Acc. 78.5000%
Train AUC: 0.9222
Valid AUC: 0.8349500000000001
Adas on PCam_transformed: T 1/1 | E 234/250 Ended | E Time: 4.226s | ~Time Left: 67.616s |  Train Loss: 0.3838 | Train Acc. 85.0000% | Test Loss: 0.5434 | Test Acc. 77.7500%
Train AUC: 0.9426
Valid AUC: 0.857475
Adas on PCam_transformed: T 1/1 | E 235/250 Ended | E Time: 4.228s | ~Time Left: 63.426s |  Train Loss: 0.3120 | Train Acc. 86.0000% | Test Loss: 0.4916 | Test Acc. 79.5000%
Train AUC: 0.9374
Valid AUC: 0.8417
Adas on PCam_transformed: T 1/1 | E 236/250 Ended | E Time: 4.227s | ~Time Left: 59.182s |  Train Loss: 0.3156 | Train Acc. 85.5000% | Test Loss: 0.5280 | Test Acc. 76.2500%
Train AUC: 0.9204
Valid AUC: 0.8449500000000001
Adas on PCam_transformed: T 1/1 | E 237/250 Ended | E Time: 4.281s | ~Time Left: 55.651s |  Train Loss: 0.3502 | Train Acc. 83.0000% | Test Loss: 0.5175 | Test Acc. 79.5000%
Train AUC: 0.9319
Valid AUC: 0.853575
Adas on PCam_transformed: T 1/1 | E 238/250 Ended | E Time: 4.244s | ~Time Left: 50.933s |  Train Loss: 0.3261 | Train Acc. 86.5000% | Test Loss: 0.5168 | Test Acc. 76.5000%
Train AUC: 0.9356
Valid AUC: 0.84065
Adas on PCam_transformed: T 1/1 | E 239/250 Ended | E Time: 4.245s | ~Time Left: 46.690s |  Train Loss: 0.3387 | Train Acc. 87.5000% | Test Loss: 0.5358 | Test Acc. 77.2500%
Train AUC: 0.9401999999999999
Valid AUC: 0.8485749999999999
Adas on PCam_transformed: T 1/1 | E 240/250 Ended | E Time: 4.239s | ~Time Left: 42.388s |  Train Loss: 0.2954 | Train Acc. 87.0000% | Test Loss: 0.5068 | Test Acc. 78.0000%
Train AUC: 0.933
Valid AUC: 0.837475
Adas on PCam_transformed: T 1/1 | E 241/250 Ended | E Time: 4.230s | ~Time Left: 38.070s |  Train Loss: 0.3865 | Train Acc. 87.5000% | Test Loss: 0.5495 | Test Acc. 78.0000%
Train AUC: 0.9345
Valid AUC: 0.83515
Adas on PCam_transformed: T 1/1 | E 242/250 Ended | E Time: 4.244s | ~Time Left: 33.954s |  Train Loss: 0.3505 | Train Acc. 87.5000% | Test Loss: 0.5441 | Test Acc. 78.7500%
Train AUC: 0.928
Valid AUC: 0.826325
Adas on PCam_transformed: T 1/1 | E 243/250 Ended | E Time: 4.279s | ~Time Left: 29.951s |  Train Loss: 0.3772 | Train Acc. 85.5000% | Test Loss: 0.5764 | Test Acc. 76.5000%
Train AUC: 0.9079
Valid AUC: 0.83205
Adas on PCam_transformed: T 1/1 | E 244/250 Ended | E Time: 4.246s | ~Time Left: 25.475s |  Train Loss: 0.3506 | Train Acc. 85.0000% | Test Loss: 0.5438 | Test Acc. 77.2500%
Train AUC: 0.9241999999999999
Valid AUC: 0.85155
Adas on PCam_transformed: T 1/1 | E 245/250 Ended | E Time: 4.234s | ~Time Left: 21.168s |  Train Loss: 0.3211 | Train Acc. 84.0000% | Test Loss: 0.5116 | Test Acc. 77.2500%
Train AUC: 0.9277
Valid AUC: 0.8469249999999999
Adas on PCam_transformed: T 1/1 | E 246/250 Ended | E Time: 4.330s | ~Time Left: 17.322s |  Train Loss: 0.3392 | Train Acc. 86.0000% | Test Loss: 0.5394 | Test Acc. 76.7500%
Train AUC: 0.9265000000000001
Valid AUC: 0.8466
Adas on PCam_transformed: T 1/1 | E 247/250 Ended | E Time: 4.288s | ~Time Left: 12.864s |  Train Loss: 0.3138 | Train Acc. 87.5000% | Test Loss: 0.5301 | Test Acc. 77.7500%
Train AUC: 0.9453
Valid AUC: 0.8508
Adas on PCam_transformed: T 1/1 | E 248/250 Ended | E Time: 4.227s | ~Time Left: 8.454s |  Train Loss: 0.2661 | Train Acc. 90.0000% | Test Loss: 0.5204 | Test Acc. 77.2500%
Train AUC: 0.9469000000000001
Valid AUC: 0.8529000000000001
Adas on PCam_transformed: T 1/1 | E 249/250 Ended | E Time: 4.286s | ~Time Left: 4.286s |  Train Loss: 0.2897 | Train Acc. 86.5000% | Test Loss: 0.5159 | Test Acc. 75.7500%
Train AUC: 0.9379
Valid AUC: 0.8402749999999999
Adas on PCam_transformed: T 1/1 | E 250/250 Ended | E Time: 4.223s | ~Time Left: 0.000s |  Train Loss: 0.3769 | Train Acc. 88.0000% | Test Loss: 0.5496 | Test Acc. 77.5000%
