Files already downloaded and verified
Files already downloaded and verified
### Creating features from pre-trained context model ###
/project/6060173/stephy/HistoKT/env/lib/python3.8/site-packages/torch/utils/data/dataloader.py:478: UserWarning: This DataLoader will create 8 worker processes in total. Our suggested max number of worker in current system is 6, which is smaller than what this DataLoader is going to create. Please be aware that excessive worker creation might get DataLoader running slow or even freeze, lower the worker number to avoid potential slowness/freeze if necessary.
  warnings.warn(_create_warning_msg(
Step [0/195]	 Computing features...
Step [20/195]	 Computing features...
Step [40/195]	 Computing features...
Step [60/195]	 Computing features...
Step [80/195]	 Computing features...
Step [100/195]	 Computing features...
Step [120/195]	 Computing features...
Step [140/195]	 Computing features...
Step [160/195]	 Computing features...
Step [180/195]	 Computing features...
Features shape (49920, 512)
/project/6060173/stephy/HistoKT/env/lib/python3.8/site-packages/torch/nn/functional.py:718: UserWarning: Named tensors and all their associated APIs are an experimental feature and subject to change. Please do not use them for anything important until they are released as stable. (Triggered internally at  /pytorch/c10/core/TensorImpl.h:1156.)
  return torch.max_pool2d(input, kernel_size, stride, padding, dilation, ceil_mode)
Step [0/39]	 Computing features...
Step [20/39]	 Computing features...
Features shape (9984, 512)
Epoch [0/500]	 Loss: 2.114998487937145	 Accuracy: 0.5067508012820513
Epoch [1/500]	 Loss: 1.8142955828935672	 Accuracy: 0.6170873397435898
Epoch [2/500]	 Loss: 1.59911482273004	 Accuracy: 0.6356169871794872
Epoch [3/500]	 Loss: 1.4449112036289313	 Accuracy: 0.6442708333333333
Epoch [4/500]	 Loss: 1.3326491221403465	 Accuracy: 0.6512419871794872
Epoch [5/500]	 Loss: 1.2489191923386012	 Accuracy: 0.6567708333333333
Epoch [6/500]	 Loss: 1.1848064758838752	 Accuracy: 0.6614783653846154
Epoch [7/500]	 Loss: 1.134468615360749	 Accuracy: 0.6647435897435897
Epoch [8/500]	 Loss: 1.0940404292864678	 Accuracy: 0.6676081730769231
Epoch [9/500]	 Loss: 1.0609143727864974	 Accuracy: 0.6702524038461538
Epoch [10/500]	 Loss: 1.0332907273219183	 Accuracy: 0.6731770833333334
Epoch [11/500]	 Loss: 1.0098985999058454	 Accuracy: 0.6754407051282051
Epoch [12/500]	 Loss: 0.9898210247357686	 Accuracy: 0.6780649038461538
Epoch [13/500]	 Loss: 0.972383086497967	 Accuracy: 0.6801081730769231
Epoch [14/500]	 Loss: 0.9570790263322684	 Accuracy: 0.6822315705128205
Epoch [15/500]	 Loss: 0.9435235906869938	 Accuracy: 0.6842748397435897
Epoch [16/500]	 Loss: 0.9314188886911441	 Accuracy: 0.6865184294871794
Epoch [17/500]	 Loss: 0.920531384455852	 Accuracy: 0.6884214743589744
Epoch [18/500]	 Loss: 0.9106757475779607	 Accuracy: 0.6901442307692308
Epoch [19/500]	 Loss: 0.9017031039947119	 Accuracy: 0.6921073717948718
Epoch [20/500]	 Loss: 0.8934925730411823	 Accuracy: 0.693729967948718
Epoch [21/500]	 Loss: 0.8859450010152964	 Accuracy: 0.6954927884615385
Epoch [22/500]	 Loss: 0.8789782863396864	 Accuracy: 0.696895032051282
Epoch [23/500]	 Loss: 0.8725238017546825	 Accuracy: 0.6983974358974359
Epoch [24/500]	 Loss: 0.8665237014110272	 Accuracy: 0.6999198717948718
Epoch [25/500]	 Loss: 0.8609288570208428	 Accuracy: 0.7013621794871795
Epoch [26/500]	 Loss: 0.8556972155204186	 Accuracy: 0.7028245192307693
Epoch [27/500]	 Loss: 0.8507925042739282	 Accuracy: 0.7040064102564103
Epoch [28/500]	 Loss: 0.8461832428589845	 Accuracy: 0.7052684294871795
Epoch [29/500]	 Loss: 0.8418419810441824	 Accuracy: 0.7063100961538461
Epoch [30/500]	 Loss: 0.8377445758917392	 Accuracy: 0.7071514423076923
Epoch [31/500]	 Loss: 0.8338697506831243	 Accuracy: 0.7082331730769231
Epoch [32/500]	 Loss: 0.8301986241951967	 Accuracy: 0.7094350961538461
Epoch [33/500]	 Loss: 0.826714379970844	 Accuracy: 0.7104567307692308
Epoch [34/500]	 Loss: 0.8234019600428067	 Accuracy: 0.7112379807692307
Epoch [35/500]	 Loss: 0.82024787572714	 Accuracy: 0.7119190705128206
Epoch [36/500]	 Loss: 0.8172399771519196	 Accuracy: 0.7126001602564103
Epoch [37/500]	 Loss: 0.8143673111230899	 Accuracy: 0.7131410256410257
Epoch [38/500]	 Loss: 0.8116199398652101	 Accuracy: 0.7139222756410256
Epoch [39/500]	 Loss: 0.808988861548595	 Accuracy: 0.7147235576923077
Epoch [40/500]	 Loss: 0.8064658629588591	 Accuracy: 0.7155248397435897
Epoch [41/500]	 Loss: 0.8040435280555334	 Accuracy: 0.7161057692307692
Epoch [42/500]	 Loss: 0.8017150172820457	 Accuracy: 0.7170272435897436
Epoch [43/500]	 Loss: 0.7994741140267788	 Accuracy: 0.7180288461538461
Epoch [44/500]	 Loss: 0.7973151387312474	 Accuracy: 0.7185697115384615
Epoch [45/500]	 Loss: 0.7952328562736511	 Accuracy: 0.7193309294871795
Epoch [46/500]	 Loss: 0.793222500422062	 Accuracy: 0.7199919871794872
Epoch [47/500]	 Loss: 0.7912796378135681	 Accuracy: 0.7206330128205128
Epoch [48/500]	 Loss: 0.7894002263362591	 Accuracy: 0.7210536858974359
Epoch [49/500]	 Loss: 0.7875805286260752	 Accuracy: 0.7217147435897436
Epoch [50/500]	 Loss: 0.7858171163461147	 Accuracy: 0.7222956730769231
Epoch [51/500]	 Loss: 0.7841067879627912	 Accuracy: 0.7227764423076923
Epoch [52/500]	 Loss: 0.7824466130672357	 Accuracy: 0.723457532051282
Epoch [53/500]	 Loss: 0.7808338538194314	 Accuracy: 0.7238982371794872
Epoch [54/500]	 Loss: 0.7792660227188697	 Accuracy: 0.7244991987179488
Epoch [55/500]	 Loss: 0.7777407254928198	 Accuracy: 0.725040064102564
Epoch [56/500]	 Loss: 0.7762558319629767	 Accuracy: 0.7256610576923077
Epoch [57/500]	 Loss: 0.7748092669707078	 Accuracy: 0.7261017628205129
Epoch [58/500]	 Loss: 0.7733992050855588	 Accuracy: 0.7266426282051283
Epoch [59/500]	 Loss: 0.7720238581681863	 Accuracy: 0.727363782051282
Epoch [60/500]	 Loss: 0.7706815710434547	 Accuracy: 0.7278245192307692
Epoch [61/500]	 Loss: 0.7693708548179039	 Accuracy: 0.7281850961538462
Epoch [62/500]	 Loss: 0.768090250247564	 Accuracy: 0.7286858974358974
Epoch [63/500]	 Loss: 0.7668384121014522	 Accuracy: 0.7291666666666666
Epoch [64/500]	 Loss: 0.7656141057992593	 Accuracy: 0.7293669871794872
Epoch [65/500]	 Loss: 0.7644161273271609	 Accuracy: 0.7296875
Epoch [66/500]	 Loss: 0.7632433830163418	 Accuracy: 0.730088141025641
Epoch [67/500]	 Loss: 0.7620948430819389	 Accuracy: 0.7303084935897436
Epoch [68/500]	 Loss: 0.7609695040262663	 Accuracy: 0.7305088141025641
Epoch [69/500]	 Loss: 0.7598664690286685	 Accuracy: 0.7306490384615385
Epoch [70/500]	 Loss: 0.7587848385175069	 Accuracy: 0.7310897435897435
Epoch [71/500]	 Loss: 0.7577238177641844	 Accuracy: 0.7315104166666667
Epoch [72/500]	 Loss: 0.7566826154024173	 Accuracy: 0.7321113782051282
Epoch [73/500]	 Loss: 0.7556605057838636	 Accuracy: 0.7326121794871795
Epoch [74/500]	 Loss: 0.754656789241693	 Accuracy: 0.7329527243589744
Epoch [75/500]	 Loss: 0.7536708235740661	 Accuracy: 0.7331530448717949
Epoch [76/500]	 Loss: 0.7527019723867758	 Accuracy: 0.7334535256410256
Epoch [77/500]	 Loss: 0.7517496420786931	 Accuracy: 0.7337139423076923
Epoch [78/500]	 Loss: 0.7508132815361023	 Accuracy: 0.7342548076923077
Epoch [79/500]	 Loss: 0.7498923411736121	 Accuracy: 0.7347355769230769
Epoch [80/500]	 Loss: 0.7489863456823886	 Accuracy: 0.735176282051282
Epoch [81/500]	 Loss: 0.7480947674849094	 Accuracy: 0.7352964743589744
Epoch [82/500]	 Loss: 0.7472171920996445	 Accuracy: 0.7357171474358974
Epoch [83/500]	 Loss: 0.7463531512480516	 Accuracy: 0.7360977564102564
Epoch [84/500]	 Loss: 0.745502223723974	 Accuracy: 0.7363581730769231
Epoch [85/500]	 Loss: 0.744664040589944	 Accuracy: 0.7365584935897436
Epoch [86/500]	 Loss: 0.7438381986740308	 Accuracy: 0.736758814102564
Epoch [87/500]	 Loss: 0.7430243430993496	 Accuracy: 0.7372395833333333
Epoch [88/500]	 Loss: 0.7422221052340973	 Accuracy: 0.7376201923076923
Epoch [89/500]	 Loss: 0.7414311742171263	 Accuracy: 0.7376602564102565
Epoch [90/500]	 Loss: 0.7406512297116793	 Accuracy: 0.7378605769230769
Epoch [91/500]	 Loss: 0.7398819529093229	 Accuracy: 0.7380809294871795
Epoch [92/500]	 Loss: 0.7391230684060317	 Accuracy: 0.7384615384615385
Epoch [93/500]	 Loss: 0.7383742787899115	 Accuracy: 0.7387419871794871
Epoch [94/500]	 Loss: 0.737635326385498	 Accuracy: 0.7390224358974359
Epoch [95/500]	 Loss: 0.7369059467927004	 Accuracy: 0.7392628205128206
Epoch [96/500]	 Loss: 0.7361858912003346	 Accuracy: 0.7396233974358974
Epoch [97/500]	 Loss: 0.7354749254691295	 Accuracy: 0.7398237179487179
Epoch [98/500]	 Loss: 0.7347727980369176	 Accuracy: 0.740224358974359
Epoch [99/500]	 Loss: 0.7340793178631709	 Accuracy: 0.7402644230769231
Epoch [100/500]	 Loss: 0.7333942578389094	 Accuracy: 0.7403846153846154
Epoch [101/500]	 Loss: 0.7327174146970113	 Accuracy: 0.7406850961538461
Epoch [102/500]	 Loss: 0.7320485894496624	 Accuracy: 0.741005608974359
Epoch [103/500]	 Loss: 0.7313875913619995	 Accuracy: 0.7411658653846154
Epoch [104/500]	 Loss: 0.7307342410087585	 Accuracy: 0.74140625
Epoch [105/500]	 Loss: 0.7300883488777357	 Accuracy: 0.7416666666666667
Epoch [106/500]	 Loss: 0.7294497593855247	 Accuracy: 0.7417668269230769
Epoch [107/500]	 Loss: 0.7288183028881366	 Accuracy: 0.7419871794871795
Epoch [108/500]	 Loss: 0.7281938063792693	 Accuracy: 0.7423076923076923
Epoch [109/500]	 Loss: 0.727576133226737	 Accuracy: 0.7424879807692307
Epoch [110/500]	 Loss: 0.7269651370170789	 Accuracy: 0.7426682692307692
Epoch [111/500]	 Loss: 0.7263606594159053	 Accuracy: 0.7428886217948718
Epoch [112/500]	 Loss: 0.7257625585947282	 Accuracy: 0.7432291666666667
Epoch [113/500]	 Loss: 0.7251707135102687	 Accuracy: 0.743369391025641
Epoch [114/500]	 Loss: 0.7245849875303415	 Accuracy: 0.7436498397435898
Epoch [115/500]	 Loss: 0.7240052431057661	 Accuracy: 0.7438501602564103
Epoch [116/500]	 Loss: 0.7234313790614788	 Accuracy: 0.7442508012820512
Epoch [117/500]	 Loss: 0.7228632633502666	 Accuracy: 0.7445512820512821
Epoch [118/500]	 Loss: 0.722300774928851	 Accuracy: 0.7447716346153846
Epoch [119/500]	 Loss: 0.721743818735465	 Accuracy: 0.7451522435897436
Epoch [120/500]	 Loss: 0.7211922712815113	 Accuracy: 0.7453926282051282
Epoch [121/500]	 Loss: 0.7206460323089209	 Accuracy: 0.7455528846153846
Epoch [122/500]	 Loss: 0.7201050046162728	 Accuracy: 0.745713141025641
Epoch [123/500]	 Loss: 0.7195690796925471	 Accuracy: 0.7460136217948717
Epoch [124/500]	 Loss: 0.7190381734799116	 Accuracy: 0.7462339743589743
Epoch [125/500]	 Loss: 0.7185121741050329	 Accuracy: 0.7463741987179487
Epoch [126/500]	 Loss: 0.7179910192122826	 Accuracy: 0.7466346153846154
Epoch [127/500]	 Loss: 0.717474599984976	 Accuracy: 0.7468349358974359
Epoch [128/500]	 Loss: 0.716962823501	 Accuracy: 0.7471354166666667
Epoch [129/500]	 Loss: 0.7164556151781327	 Accuracy: 0.7473157051282051
Epoch [130/500]	 Loss: 0.7159529059361189	 Accuracy: 0.7473958333333334
Epoch [131/500]	 Loss: 0.7154546049924997	 Accuracy: 0.7475961538461539
Epoch [132/500]	 Loss: 0.7149606185081677	 Accuracy: 0.7478165064102564
Epoch [133/500]	 Loss: 0.7144708972710829	 Accuracy: 0.7479767628205128
Epoch [134/500]	 Loss: 0.7139853734236498	 Accuracy: 0.7480769230769231
Epoch [135/500]	 Loss: 0.7135039509871067	 Accuracy: 0.7482772435897436
Epoch [136/500]	 Loss: 0.7130265776927655	 Accuracy: 0.748417467948718
Epoch [137/500]	 Loss: 0.7125531673431397	 Accuracy: 0.7485576923076923
Epoch [138/500]	 Loss: 0.712083673171508	 Accuracy: 0.7487980769230769
Epoch [139/500]	 Loss: 0.7116180209013132	 Accuracy: 0.7489383012820513
Epoch [140/500]	 Loss: 0.7111561536788941	 Accuracy: 0.7491586538461539
Epoch [141/500]	 Loss: 0.7106980180129027	 Accuracy: 0.7493790064102565
Epoch [142/500]	 Loss: 0.7102435362644685	 Accuracy: 0.7496594551282051
Epoch [143/500]	 Loss: 0.7097926576932271	 Accuracy: 0.7500400641025641
Epoch [144/500]	 Loss: 0.7093453327814738	 Accuracy: 0.7503205128205128
Epoch [145/500]	 Loss: 0.708901501313234	 Accuracy: 0.7505809294871795
Epoch [146/500]	 Loss: 0.7084610917629339	 Accuracy: 0.750761217948718
Epoch [147/500]	 Loss: 0.7080240744810838	 Accuracy: 0.7509815705128206
Epoch [148/500]	 Loss: 0.7075904008669731	 Accuracy: 0.7510817307692308
Epoch [149/500]	 Loss: 0.7071600052026602	 Accuracy: 0.7512019230769231
Epoch [150/500]	 Loss: 0.7067328278835003	 Accuracy: 0.7514423076923077
Epoch [151/500]	 Loss: 0.7063088588225536	 Accuracy: 0.7516426282051282
Epoch [152/500]	 Loss: 0.705888007237361	 Accuracy: 0.7518229166666667
Epoch [153/500]	 Loss: 0.7054702651806367	 Accuracy: 0.751963141025641
Epoch [154/500]	 Loss: 0.7050555681570982	 Accuracy: 0.7522636217948718
Epoch [155/500]	 Loss: 0.7046438715396783	 Accuracy: 0.752323717948718
Epoch [156/500]	 Loss: 0.7042351325352987	 Accuracy: 0.7524238782051282
Epoch [157/500]	 Loss: 0.7038293211888045	 Accuracy: 0.7525641025641026
Epoch [158/500]	 Loss: 0.7034263778955508	 Accuracy: 0.7526842948717949
Epoch [159/500]	 Loss: 0.7030262727003831	 Accuracy: 0.752724358974359
Epoch [160/500]	 Loss: 0.7026289713688386	 Accuracy: 0.7528044871794872
Epoch [161/500]	 Loss: 0.7022344164359264	 Accuracy: 0.7530048076923077
Epoch [162/500]	 Loss: 0.701842593229734	 Accuracy: 0.7532051282051282
Epoch [163/500]	 Loss: 0.7014534549835401	 Accuracy: 0.7532251602564103
Epoch [164/500]	 Loss: 0.7010669589042664	 Accuracy: 0.7533854166666667
Epoch [165/500]	 Loss: 0.7006830750367581	 Accuracy: 0.7536057692307693
Epoch [166/500]	 Loss: 0.7003017792334923	 Accuracy: 0.7537459935897436
Epoch [167/500]	 Loss: 0.6999230158634675	 Accuracy: 0.75390625
Epoch [168/500]	 Loss: 0.6995467671981225	 Accuracy: 0.7540264423076923
Epoch [169/500]	 Loss: 0.6991729968633407	 Accuracy: 0.7541466346153847
Epoch [170/500]	 Loss: 0.6988016663453518	 Accuracy: 0.754286858974359
Epoch [171/500]	 Loss: 0.6984327600552486	 Accuracy: 0.7544671474358975
Epoch [172/500]	 Loss: 0.698066218999716	 Accuracy: 0.754667467948718
Epoch [173/500]	 Loss: 0.697702045012743	 Accuracy: 0.7546073717948718
Epoch [174/500]	 Loss: 0.6973401812406687	 Accuracy: 0.7549078525641025
Epoch [175/500]	 Loss: 0.6969806182078826	 Accuracy: 0.7549679487179487
Epoch [176/500]	 Loss: 0.6966233183176089	 Accuracy: 0.7551682692307692
Epoch [177/500]	 Loss: 0.6962682705659132	 Accuracy: 0.7552884615384615
Epoch [178/500]	 Loss: 0.6959154211557829	 Accuracy: 0.7554086538461539
Epoch [179/500]	 Loss: 0.6955647633625911	 Accuracy: 0.7556490384615384
Epoch [180/500]	 Loss: 0.6952162363590338	 Accuracy: 0.7560496794871795
Epoch [181/500]	 Loss: 0.6948698548170237	 Accuracy: 0.7561698717948718
Epoch [182/500]	 Loss: 0.6945255860304221	 Accuracy: 0.7562099358974359
Epoch [183/500]	 Loss: 0.6941833813985189	 Accuracy: 0.7563501602564102
Epoch [184/500]	 Loss: 0.6938432415326437	 Accuracy: 0.7563501602564102
Epoch [185/500]	 Loss: 0.6935051251680423	 Accuracy: 0.7565504807692308
Epoch [186/500]	 Loss: 0.6931690271084125	 Accuracy: 0.7567708333333333
Epoch [187/500]	 Loss: 0.6928349115909674	 Accuracy: 0.7568108974358975
Epoch [188/500]	 Loss: 0.6925027563021733	 Accuracy: 0.7569511217948718
Epoch [189/500]	 Loss: 0.6921725386228317	 Accuracy: 0.7571714743589744
Epoch [190/500]	 Loss: 0.6918442206505018	 Accuracy: 0.7572115384615384
Epoch [191/500]	 Loss: 0.6915178149174421	 Accuracy: 0.7572716346153846
Epoch [192/500]	 Loss: 0.6911932844382066	 Accuracy: 0.7573918269230769
Epoch [193/500]	 Loss: 0.6908705891707004	 Accuracy: 0.7575120192307693
Epoch [194/500]	 Loss: 0.6905497465378199	 Accuracy: 0.7576522435897436
Epoch [195/500]	 Loss: 0.690230697240585	 Accuracy: 0.7577323717948717
Epoch [196/500]	 Loss: 0.6899134513659355	 Accuracy: 0.7577924679487179
Epoch [197/500]	 Loss: 0.6895979798757113	 Accuracy: 0.7578926282051283
Epoch [198/500]	 Loss: 0.6892842467014606	 Accuracy: 0.7579126602564102
Epoch [199/500]	 Loss: 0.6889722558168264	 Accuracy: 0.7580929487179487
Epoch [200/500]	 Loss: 0.6886619751270001	 Accuracy: 0.7582732371794871
Epoch [201/500]	 Loss: 0.6883533960733659	 Accuracy: 0.7584134615384616
Epoch [202/500]	 Loss: 0.6880464975650494	 Accuracy: 0.7584535256410256
Epoch [203/500]	 Loss: 0.6877412527035445	 Accuracy: 0.7585536858974359
Epoch [204/500]	 Loss: 0.6874376572095431	 Accuracy: 0.7586738782051282
Epoch [205/500]	 Loss: 0.6871356799052312	 Accuracy: 0.7587540064102564
Epoch [206/500]	 Loss: 0.6868353094810095	 Accuracy: 0.7588541666666667
Epoch [207/500]	 Loss: 0.6865365352386084	 Accuracy: 0.7588942307692308
Epoch [208/500]	 Loss: 0.6862393495364066	 Accuracy: 0.7590144230769231
Epoch [209/500]	 Loss: 0.6859437175286122	 Accuracy: 0.7591746794871795
Epoch [210/500]	 Loss: 0.6856496306566092	 Accuracy: 0.7592347756410256
Epoch [211/500]	 Loss: 0.6853570540746053	 Accuracy: 0.7593549679487179
Epoch [212/500]	 Loss: 0.6850660018431834	 Accuracy: 0.7594951923076924
Epoch [213/500]	 Loss: 0.68477645164881	 Accuracy: 0.7595352564102564
Epoch [214/500]	 Loss: 0.6844883781213027	 Accuracy: 0.7596554487179488
Epoch [215/500]	 Loss: 0.6842017815663264	 Accuracy: 0.7596955128205128
Epoch [216/500]	 Loss: 0.6839166259154296	 Accuracy: 0.7598357371794872
Epoch [217/500]	 Loss: 0.6836329221725463	 Accuracy: 0.7598758012820512
Epoch [218/500]	 Loss: 0.683350638854198	 Accuracy: 0.7600360576923076
Epoch [219/500]	 Loss: 0.6830697652621147	 Accuracy: 0.7600961538461538
Epoch [220/500]	 Loss: 0.6827902888640379	 Accuracy: 0.7602964743589744
Epoch [221/500]	 Loss: 0.6825122081316435	 Accuracy: 0.7604366987179487
Epoch [222/500]	 Loss: 0.6822354729358967	 Accuracy: 0.7604166666666666
Epoch [223/500]	 Loss: 0.6819601211792383	 Accuracy: 0.7604567307692308
Epoch [224/500]	 Loss: 0.6816861018156394	 Accuracy: 0.7605969551282051
Epoch [225/500]	 Loss: 0.6814134151507647	 Accuracy: 0.7606370192307692
Epoch [226/500]	 Loss: 0.6811420593506251	 Accuracy: 0.7606370192307692
Epoch [227/500]	 Loss: 0.6808719980411041	 Accuracy: 0.7607171474358975
Epoch [228/500]	 Loss: 0.6806032406978119	 Accuracy: 0.7608573717948718
Epoch [229/500]	 Loss: 0.680335752474956	 Accuracy: 0.7608373397435897
Epoch [230/500]	 Loss: 0.6800695550747407	 Accuracy: 0.7608573717948718
Epoch [231/500]	 Loss: 0.6798045989794609	 Accuracy: 0.7610176282051282
Epoch [232/500]	 Loss: 0.679540915061266	 Accuracy: 0.7611778846153846
Epoch [233/500]	 Loss: 0.6792784534967863	 Accuracy: 0.7612980769230769
Epoch [234/500]	 Loss: 0.6790172191766592	 Accuracy: 0.7613181089743589
Epoch [235/500]	 Loss: 0.6787572047649286	 Accuracy: 0.7613581730769231
Epoch [236/500]	 Loss: 0.6784983827517583	 Accuracy: 0.7614783653846153
Epoch [237/500]	 Loss: 0.6782407684203906	 Accuracy: 0.7614983974358974
Epoch [238/500]	 Loss: 0.6779843177550878	 Accuracy: 0.7615985576923077
Epoch [239/500]	 Loss: 0.67772906040534	 Accuracy: 0.7616586538461538
Epoch [240/500]	 Loss: 0.6774749523554093	 Accuracy: 0.7617988782051283
Epoch [241/500]	 Loss: 0.6772220009412521	 Accuracy: 0.7619190705128205
Epoch [242/500]	 Loss: 0.6769701875173129	 Accuracy: 0.7620192307692307
Epoch [243/500]	 Loss: 0.6767195142232455	 Accuracy: 0.7621193910256411
Epoch [244/500]	 Loss: 0.6764699477415819	 Accuracy: 0.7622195512820513
Epoch [245/500]	 Loss: 0.6762215100801908	 Accuracy: 0.7622796474358975
Epoch [246/500]	 Loss: 0.6759741715895824	 Accuracy: 0.7623597756410256
Epoch [247/500]	 Loss: 0.6757279191261683	 Accuracy: 0.7624399038461539
Epoch [248/500]	 Loss: 0.6754827600259047	 Accuracy: 0.7626001602564103
Epoch [249/500]	 Loss: 0.6752386756432363	 Accuracy: 0.7626201923076923
Epoch [250/500]	 Loss: 0.6749956558912228	 Accuracy: 0.7627203525641025
Epoch [251/500]	 Loss: 0.6747536925169138	 Accuracy: 0.7628205128205128
Epoch [252/500]	 Loss: 0.6745127784900177	 Accuracy: 0.7628806089743589
Epoch [253/500]	 Loss: 0.6742729076972375	 Accuracy: 0.7629807692307692
Epoch [254/500]	 Loss: 0.6740340645496662	 Accuracy: 0.7630208333333334
Epoch [255/500]	 Loss: 0.6737962533266116	 Accuracy: 0.7630608974358974
Epoch [256/500]	 Loss: 0.6735594428502596	 Accuracy: 0.7631410256410256
Epoch [257/500]	 Loss: 0.6733236377055828	 Accuracy: 0.7633213141025641
Epoch [258/500]	 Loss: 0.6730888473681914	 Accuracy: 0.7633613782051282
Epoch [259/500]	 Loss: 0.6728550357696338	 Accuracy: 0.7635616987179488
Epoch [260/500]	 Loss: 0.6726222026042449	 Accuracy: 0.7636418269230769
Epoch [261/500]	 Loss: 0.6723903429813874	 Accuracy: 0.7637019230769231
Epoch [262/500]	 Loss: 0.6721594602633745	 Accuracy: 0.7637620192307693
Epoch [263/500]	 Loss: 0.6719295266347054	 Accuracy: 0.7638621794871795
Epoch [264/500]	 Loss: 0.6717005506539956	 Accuracy: 0.7639623397435897
Epoch [265/500]	 Loss: 0.6714725216229757	 Accuracy: 0.7640825320512821
Epoch [266/500]	 Loss: 0.6712454212017548	 Accuracy: 0.7641826923076923
Epoch [267/500]	 Loss: 0.6710192512243222	 Accuracy: 0.7642628205128205
Epoch [268/500]	 Loss: 0.6707939976300948	 Accuracy: 0.7643429487179487
Epoch [269/500]	 Loss: 0.6705696619473971	 Accuracy: 0.7643629807692308
Epoch [270/500]	 Loss: 0.670346239896921	 Accuracy: 0.7644631410256411
Epoch [271/500]	 Loss: 0.6701237342296502	 Accuracy: 0.7645232371794872
Epoch [272/500]	 Loss: 0.6699021015411768	 Accuracy: 0.7646834935897436
Epoch [273/500]	 Loss: 0.6696813580317375	 Accuracy: 0.7647435897435897
Epoch [274/500]	 Loss: 0.6694614841387823	 Accuracy: 0.76484375
Epoch [275/500]	 Loss: 0.6692424927002344	 Accuracy: 0.7649238782051282
Epoch [276/500]	 Loss: 0.6690243754631434	 Accuracy: 0.7649639423076923
Epoch [277/500]	 Loss: 0.668807110725305	 Accuracy: 0.7650240384615384
Epoch [278/500]	 Loss: 0.6685907070453351	 Accuracy: 0.7650641025641025
Epoch [279/500]	 Loss: 0.6683751384417216	 Accuracy: 0.7650040064102565
Epoch [280/500]	 Loss: 0.6681604214203664	 Accuracy: 0.7650641025641025
Epoch [281/500]	 Loss: 0.6679465358073895	 Accuracy: 0.7651442307692308
Epoch [282/500]	 Loss: 0.6677334812971262	 Accuracy: 0.7651642628205129
Epoch [283/500]	 Loss: 0.6675212502479553	 Accuracy: 0.7652243589743589
Epoch [284/500]	 Loss: 0.6673098279879643	 Accuracy: 0.7652644230769231
Epoch [285/500]	 Loss: 0.6670992288834009	 Accuracy: 0.7653445512820513
Epoch [286/500]	 Loss: 0.6668894238961048	 Accuracy: 0.7654447115384615
Epoch [287/500]	 Loss: 0.6666804396189177	 Accuracy: 0.765625
Epoch [288/500]	 Loss: 0.6664722298964476	 Accuracy: 0.7657652243589743
Epoch [289/500]	 Loss: 0.6662648060382941	 Accuracy: 0.7658253205128205
Epoch [290/500]	 Loss: 0.6660581714067704	 Accuracy: 0.7659655448717949
Epoch [291/500]	 Loss: 0.6658523079676506	 Accuracy: 0.7660256410256411
Epoch [292/500]	 Loss: 0.6656472175549238	 Accuracy: 0.7660657051282052
Epoch [293/500]	 Loss: 0.6654429010855846	 Accuracy: 0.7661057692307692
Epoch [294/500]	 Loss: 0.6652393417480664	 Accuracy: 0.7662660256410256
Epoch [295/500]	 Loss: 0.665036532512078	 Accuracy: 0.76640625
Epoch [296/500]	 Loss: 0.6648344721549596	 Accuracy: 0.7664863782051282
Epoch [297/500]	 Loss: 0.6646331557860741	 Accuracy: 0.7665064102564103
Epoch [298/500]	 Loss: 0.6644325861564049	 Accuracy: 0.7666666666666667
Epoch [299/500]	 Loss: 0.6642327492053692	 Accuracy: 0.7667467948717949
Epoch [300/500]	 Loss: 0.6640336342346974	 Accuracy: 0.7669070512820513
Epoch [301/500]	 Loss: 0.6638352491916755	 Accuracy: 0.7670272435897436
Epoch [302/500]	 Loss: 0.6636375904083252	 Accuracy: 0.7671073717948718
Epoch [303/500]	 Loss: 0.6634406264011676	 Accuracy: 0.7671073717948718
Epoch [304/500]	 Loss: 0.6632443901820061	 Accuracy: 0.7671274038461539
Epoch [305/500]	 Loss: 0.6630488484333723	 Accuracy: 0.767147435897436
Epoch [306/500]	 Loss: 0.6628540152158493	 Accuracy: 0.7672275641025641
Epoch [307/500]	 Loss: 0.6626598728008759	 Accuracy: 0.7672676282051282
Epoch [308/500]	 Loss: 0.6624664254677601	 Accuracy: 0.7673076923076924
Epoch [309/500]	 Loss: 0.6622736518199627	 Accuracy: 0.7673677884615384
Epoch [310/500]	 Loss: 0.6620815665293962	 Accuracy: 0.7673076923076924
Epoch [311/500]	 Loss: 0.6618901588977911	 Accuracy: 0.7674479166666667
Epoch [312/500]	 Loss: 0.6616994267854935	 Accuracy: 0.7674679487179488
Epoch [313/500]	 Loss: 0.661509351241283	 Accuracy: 0.7675280448717948
Epoch [314/500]	 Loss: 0.6613199444917532	 Accuracy: 0.767568108974359
Epoch [315/500]	 Loss: 0.6611312065369044	 Accuracy: 0.7676282051282052
Epoch [316/500]	 Loss: 0.660943112617884	 Accuracy: 0.7677083333333333
Epoch [317/500]	 Loss: 0.6607556780179341	 Accuracy: 0.7678886217948718
Epoch [318/500]	 Loss: 0.6605688843971643	 Accuracy: 0.767948717948718
Epoch [319/500]	 Loss: 0.6603827372575417	 Accuracy: 0.76796875
Epoch [320/500]	 Loss: 0.6601972142855327	 Accuracy: 0.768008814102564
Epoch [321/500]	 Loss: 0.6600123478816106	 Accuracy: 0.7681891025641026
Epoch [322/500]	 Loss: 0.6598281019773239	 Accuracy: 0.7682491987179487
Epoch [323/500]	 Loss: 0.6596444768783374	 Accuracy: 0.7682692307692308
Epoch [324/500]	 Loss: 0.6594614676940136	 Accuracy: 0.7682892628205128
Epoch [325/500]	 Loss: 0.659279085122622	 Accuracy: 0.7682291666666666
Epoch [326/500]	 Loss: 0.6590973297754924	 Accuracy: 0.7682692307692308
Epoch [327/500]	 Loss: 0.6589161771994371	 Accuracy: 0.7683293269230769
Epoch [328/500]	 Loss: 0.6587356350360772	 Accuracy: 0.7685096153846154
Epoch [329/500]	 Loss: 0.6585556769982363	 Accuracy: 0.7686298076923077
Epoch [330/500]	 Loss: 0.6583763315127447	 Accuracy: 0.7686298076923077
Epoch [331/500]	 Loss: 0.6581975741264148	 Accuracy: 0.7687099358974359
Epoch [332/500]	 Loss: 0.6580194182884999	 Accuracy: 0.76875
Epoch [333/500]	 Loss: 0.6578418389344827	 Accuracy: 0.768770032051282
Epoch [334/500]	 Loss: 0.657664859906221	 Accuracy: 0.7687900641025641
Epoch [335/500]	 Loss: 0.6574884539995438	 Accuracy: 0.7688301282051282
Epoch [336/500]	 Loss: 0.6573126215201158	 Accuracy: 0.7689903846153846
Epoch [337/500]	 Loss: 0.657137362467937	 Accuracy: 0.7690104166666667
Epoch [338/500]	 Loss: 0.6569626713410402	 Accuracy: 0.7690304487179487
Epoch [339/500]	 Loss: 0.6567885527243981	 Accuracy: 0.7690104166666667
Epoch [340/500]	 Loss: 0.6566149965310708	 Accuracy: 0.7690104166666667
Epoch [341/500]	 Loss: 0.6564419963420965	 Accuracy: 0.7691105769230769
Epoch [342/500]	 Loss: 0.6562695622444152	 Accuracy: 0.7692508012820513
Epoch [343/500]	 Loss: 0.6560976835397574	 Accuracy: 0.7692908653846153
Epoch [344/500]	 Loss: 0.6559263394429133	 Accuracy: 0.7692908653846153
Epoch [345/500]	 Loss: 0.6557555550184005	 Accuracy: 0.7693108974358974
Epoch [346/500]	 Loss: 0.6555853116206634	 Accuracy: 0.7693509615384615
Epoch [347/500]	 Loss: 0.6554156016080808	 Accuracy: 0.7694310897435898
Epoch [348/500]	 Loss: 0.6552464313996144	 Accuracy: 0.7695112179487179
Epoch [349/500]	 Loss: 0.6550778019122588	 Accuracy: 0.7695913461538462
Epoch [350/500]	 Loss: 0.654909695723118	 Accuracy: 0.7696113782051283
Epoch [351/500]	 Loss: 0.6547421168058346	 Accuracy: 0.7695913461538462
Epoch [352/500]	 Loss: 0.6545750734133599	 Accuracy: 0.7696314102564102
Epoch [353/500]	 Loss: 0.6544085389528519	 Accuracy: 0.7696714743589743
Epoch [354/500]	 Loss: 0.6542425317642017	 Accuracy: 0.7696714743589743
Epoch [355/500]	 Loss: 0.6540770411491394	 Accuracy: 0.7697115384615385
Epoch [356/500]	 Loss: 0.6539120524357527	 Accuracy: 0.7697916666666667
Epoch [357/500]	 Loss: 0.6537475796846243	 Accuracy: 0.7699719551282052
Epoch [358/500]	 Loss: 0.653583609752166	 Accuracy: 0.7700520833333333
Epoch [359/500]	 Loss: 0.6534201563932956	 Accuracy: 0.7700921474358975
Epoch [360/500]	 Loss: 0.6532571954604907	 Accuracy: 0.7701121794871795
Epoch [361/500]	 Loss: 0.653094736735026	 Accuracy: 0.7701923076923077
Epoch [362/500]	 Loss: 0.6529327673789782	 Accuracy: 0.7702323717948718
Epoch [363/500]	 Loss: 0.6527712971736224	 Accuracy: 0.770292467948718
Epoch [364/500]	 Loss: 0.6526103212283207	 Accuracy: 0.7703725961538461
Epoch [365/500]	 Loss: 0.6524498239541665	 Accuracy: 0.7704126602564103
Epoch [366/500]	 Loss: 0.6522898129927807	 Accuracy: 0.7704727564102564
Epoch [367/500]	 Loss: 0.6521302663362943	 Accuracy: 0.7704927884615385
Epoch [368/500]	 Loss: 0.651971222498478	 Accuracy: 0.7705328525641025
Epoch [369/500]	 Loss: 0.6518126493845231	 Accuracy: 0.7706129807692308
Epoch [370/500]	 Loss: 0.6516545534133911	 Accuracy: 0.770673076923077
Epoch [371/500]	 Loss: 0.6514969284717853	 Accuracy: 0.7707932692307692
Epoch [372/500]	 Loss: 0.6513397705860627	 Accuracy: 0.7708934294871795
Epoch [373/500]	 Loss: 0.6511830711976075	 Accuracy: 0.7709935897435898
Epoch [374/500]	 Loss: 0.6510268455896622	 Accuracy: 0.7710737179487179
Epoch [375/500]	 Loss: 0.6508710751166711	 Accuracy: 0.7710737179487179
Epoch [376/500]	 Loss: 0.6507157606956286	 Accuracy: 0.7711939102564103
Epoch [377/500]	 Loss: 0.6505609099681561	 Accuracy: 0.7712540064102564
Epoch [378/500]	 Loss: 0.6504064984810658	 Accuracy: 0.7712940705128205
Epoch [379/500]	 Loss: 0.6502525528271993	 Accuracy: 0.7712940705128205
Epoch [380/500]	 Loss: 0.6500990592516386	 Accuracy: 0.7713741987179488
Epoch [381/500]	 Loss: 0.6499459963578444	 Accuracy: 0.7714142628205128
Epoch [382/500]	 Loss: 0.6497933812630482	 Accuracy: 0.771474358974359
Epoch [383/500]	 Loss: 0.6496412194692172	 Accuracy: 0.771494391025641
Epoch [384/500]	 Loss: 0.6494894831608503	 Accuracy: 0.7715144230769231
Epoch [385/500]	 Loss: 0.6493381903721736	 Accuracy: 0.7716346153846154
Epoch [386/500]	 Loss: 0.6491873359068846	 Accuracy: 0.7716746794871795
Epoch [387/500]	 Loss: 0.6490369014250926	 Accuracy: 0.7717347756410257
Epoch [388/500]	 Loss: 0.6488869110743205	 Accuracy: 0.7717948717948718
Epoch [389/500]	 Loss: 0.6487373330654242	 Accuracy: 0.771875
Epoch [390/500]	 Loss: 0.6485881897119375	 Accuracy: 0.7719551282051282
Epoch [391/500]	 Loss: 0.648439468175937	 Accuracy: 0.7720152243589744
Epoch [392/500]	 Loss: 0.6482911669290983	 Accuracy: 0.7720352564102564
Epoch [393/500]	 Loss: 0.6481432975866855	 Accuracy: 0.7720152243589744
Epoch [394/500]	 Loss: 0.6479958271368956	 Accuracy: 0.7720552884615385
Epoch [395/500]	 Loss: 0.6478487775875972	 Accuracy: 0.7721354166666666
Epoch [396/500]	 Loss: 0.6477021394631801	 Accuracy: 0.7721153846153846
Epoch [397/500]	 Loss: 0.6475559204052657	 Accuracy: 0.7721153846153846
Epoch [398/500]	 Loss: 0.6474100950436714	 Accuracy: 0.7722756410256411
Epoch [399/500]	 Loss: 0.647264688442915	 Accuracy: 0.7723157051282051
Epoch [400/500]	 Loss: 0.6471196847084241	 Accuracy: 0.7724559294871794
Epoch [401/500]	 Loss: 0.6469750728362645	 Accuracy: 0.7725360576923077
Epoch [402/500]	 Loss: 0.6468308690266732	 Accuracy: 0.772676282051282
Epoch [403/500]	 Loss: 0.6466870576907426	 Accuracy: 0.7727764423076923
Epoch [404/500]	 Loss: 0.6465436403567975	 Accuracy: 0.7727564102564103
Epoch [405/500]	 Loss: 0.6464006268061124	 Accuracy: 0.7727964743589744
Epoch [406/500]	 Loss: 0.646257998698797	 Accuracy: 0.7728565705128205
Epoch [407/500]	 Loss: 0.6461157578688401	 Accuracy: 0.7729767628205129
Epoch [408/500]	 Loss: 0.6459739183768248	 Accuracy: 0.7730168269230769
Epoch [409/500]	 Loss: 0.6458324569922227	 Accuracy: 0.773056891025641
Epoch [410/500]	 Loss: 0.6456913764660175	 Accuracy: 0.7731770833333333
Epoch [411/500]	 Loss: 0.6455506807718522	 Accuracy: 0.7732171474358974
Epoch [412/500]	 Loss: 0.6454103567661383	 Accuracy: 0.7732772435897436
Epoch [413/500]	 Loss: 0.6452704200377831	 Accuracy: 0.7733173076923077
Epoch [414/500]	 Loss: 0.6451308779227428	 Accuracy: 0.7733774038461538
Epoch [415/500]	 Loss: 0.6449916873222742	 Accuracy: 0.7733774038461538
Epoch [416/500]	 Loss: 0.6448528778858674	 Accuracy: 0.7735176282051283
Epoch [417/500]	 Loss: 0.6447144379982581	 Accuracy: 0.7735376602564102
Epoch [418/500]	 Loss: 0.6445763649084629	 Accuracy: 0.7736177884615385
Epoch [419/500]	 Loss: 0.6444386555598333	 Accuracy: 0.7736778846153847
Epoch [420/500]	 Loss: 0.6443013151486715	 Accuracy: 0.7737580128205128
Epoch [421/500]	 Loss: 0.6441643412296588	 Accuracy: 0.7737780448717949
Epoch [422/500]	 Loss: 0.6440277301348173	 Accuracy: 0.7737980769230769
Epoch [423/500]	 Loss: 0.6438914840038006	 Accuracy: 0.7739182692307692
Epoch [424/500]	 Loss: 0.6437555909156799	 Accuracy: 0.7739983974358975
Epoch [425/500]	 Loss: 0.6436200527044443	 Accuracy: 0.7739783653846154
Epoch [426/500]	 Loss: 0.6434848880156493	 Accuracy: 0.7740584935897435
Epoch [427/500]	 Loss: 0.6433500439692766	 Accuracy: 0.7741185897435897
Epoch [428/500]	 Loss: 0.6432155789473117	 Accuracy: 0.774238782051282
Epoch [429/500]	 Loss: 0.6430814526019952	 Accuracy: 0.7742588141025641
Epoch [430/500]	 Loss: 0.6429476863298661	 Accuracy: 0.7742988782051282
Epoch [431/500]	 Loss: 0.6428142541494125	 Accuracy: 0.7743589743589744
Epoch [432/500]	 Loss: 0.6426811713438768	 Accuracy: 0.7744391025641025
Epoch [433/500]	 Loss: 0.6425484385245885	 Accuracy: 0.7743589743589744
Epoch [434/500]	 Loss: 0.6424160419366298	 Accuracy: 0.7743389423076923
Epoch [435/500]	 Loss: 0.6422839779120225	 Accuracy: 0.7744391025641025
Epoch [436/500]	 Loss: 0.6421522635679978	 Accuracy: 0.7744991987179487
Epoch [437/500]	 Loss: 0.6420208900402754	 Accuracy: 0.7744991987179487
Epoch [438/500]	 Loss: 0.6418898521325527	 Accuracy: 0.7745392628205128
Epoch [439/500]	 Loss: 0.6417591284482907	 Accuracy: 0.7745392628205128
Epoch [440/500]	 Loss: 0.6416287575012598	 Accuracy: 0.774619391025641
Epoch [441/500]	 Loss: 0.6414987163665967	 Accuracy: 0.7747195512820513
Epoch [442/500]	 Loss: 0.6413690035159771	 Accuracy: 0.7746995192307692
Epoch [443/500]	 Loss: 0.6412396116134448	 Accuracy: 0.7747596153846154
Epoch [444/500]	 Loss: 0.6411105593045553	 Accuracy: 0.7747796474358974
Epoch [445/500]	 Loss: 0.640981816022824	 Accuracy: 0.7747996794871795
Epoch [446/500]	 Loss: 0.6408534019421308	 Accuracy: 0.7748597756410256
Epoch [447/500]	 Loss: 0.6407253103378492	 Accuracy: 0.7749198717948718
Epoch [448/500]	 Loss: 0.6405975506855891	 Accuracy: 0.7749799679487179
Epoch [449/500]	 Loss: 0.6404700994491577	 Accuracy: 0.7750400641025641
Epoch [450/500]	 Loss: 0.640342968243819	 Accuracy: 0.7750600961538462
Epoch [451/500]	 Loss: 0.6402161454543089	 Accuracy: 0.7751001602564103
Epoch [452/500]	 Loss: 0.6400896552281502	 Accuracy: 0.7751402243589743
Epoch [453/500]	 Loss: 0.6399634624138857	 Accuracy: 0.7752003205128205
Epoch [454/500]	 Loss: 0.6398375939100217	 Accuracy: 0.7752604166666667
Epoch [455/500]	 Loss: 0.6397120267916948	 Accuracy: 0.7752203525641026
Epoch [456/500]	 Loss: 0.6395867748138232	 Accuracy: 0.7753205128205128
Epoch [457/500]	 Loss: 0.6394618254441481	 Accuracy: 0.7753405448717948
Epoch [458/500]	 Loss: 0.6393371869356205	 Accuracy: 0.775400641025641
Epoch [459/500]	 Loss: 0.639212849506965	 Accuracy: 0.7754607371794872
Epoch [460/500]	 Loss: 0.6390888311924079	 Accuracy: 0.7755008012820512
Epoch [461/500]	 Loss: 0.6389650898102003	 Accuracy: 0.7755408653846154
Epoch [462/500]	 Loss: 0.638841665096772	 Accuracy: 0.7756410256410257
Epoch [463/500]	 Loss: 0.6387185411575513	 Accuracy: 0.7756810897435897
Epoch [464/500]	 Loss: 0.6385957088225928	 Accuracy: 0.77578125
Epoch [465/500]	 Loss: 0.6384731775675064	 Accuracy: 0.775821314102564
Epoch [466/500]	 Loss: 0.638350936388358	 Accuracy: 0.7759014423076923
Epoch [467/500]	 Loss: 0.6382290030137087	 Accuracy: 0.7760216346153846
Epoch [468/500]	 Loss: 0.6381073557413541	 Accuracy: 0.7760817307692308
Epoch [469/500]	 Loss: 0.6379860196358118	 Accuracy: 0.7761818910256411
Epoch [470/500]	 Loss: 0.6378649402887393	 Accuracy: 0.7762219551282051
Epoch [471/500]	 Loss: 0.6377441669121767	 Accuracy: 0.7763221153846154
Epoch [472/500]	 Loss: 0.6376236805549035	 Accuracy: 0.7764222756410256
Epoch [473/500]	 Loss: 0.6375034876358815	 Accuracy: 0.7764222756410256
Epoch [474/500]	 Loss: 0.6373835606452746	 Accuracy: 0.7765224358974359
Epoch [475/500]	 Loss: 0.6372639390138479	 Accuracy: 0.7765625
Epoch [476/500]	 Loss: 0.6371445927864466	 Accuracy: 0.7766225961538461
Epoch [477/500]	 Loss: 0.6370255390803019	 Accuracy: 0.7766826923076923
Epoch [478/500]	 Loss: 0.6369067534422264	 Accuracy: 0.7767628205128205
Epoch [479/500]	 Loss: 0.6367882514611268	 Accuracy: 0.7767828525641025
Epoch [480/500]	 Loss: 0.6366700242727231	 Accuracy: 0.7768429487179487
Epoch [481/500]	 Loss: 0.6365520883829165	 Accuracy: 0.7768830128205129
Epoch [482/500]	 Loss: 0.6364344187271901	 Accuracy: 0.7770232371794872
Epoch [483/500]	 Loss: 0.6363170186678568	 Accuracy: 0.7769831730769231
Epoch [484/500]	 Loss: 0.6361999120467748	 Accuracy: 0.7769431089743589
Epoch [485/500]	 Loss: 0.6360830560708657	 Accuracy: 0.7770232371794872
Epoch [486/500]	 Loss: 0.6359664892539	 Accuracy: 0.7770032051282051
Epoch [487/500]	 Loss: 0.6358501807237282	 Accuracy: 0.7770432692307693
Epoch [488/500]	 Loss: 0.6357341448465983	 Accuracy: 0.7771033653846153
Epoch [489/500]	 Loss: 0.63561838162251	 Accuracy: 0.7771033653846153
Epoch [490/500]	 Loss: 0.6355028769908807	 Accuracy: 0.7771033653846153
Epoch [491/500]	 Loss: 0.6353876407329853	 Accuracy: 0.7771233974358974
Epoch [492/500]	 Loss: 0.6352726667355268	 Accuracy: 0.7772435897435898
Epoch [493/500]	 Loss: 0.6351579635571211	 Accuracy: 0.77734375
Epoch [494/500]	 Loss: 0.635043519276839	 Accuracy: 0.7774238782051283
Epoch [495/500]	 Loss: 0.6349293476495987	 Accuracy: 0.7774439102564102
Epoch [496/500]	 Loss: 0.6348154245278774	 Accuracy: 0.7775040064102564
Epoch [497/500]	 Loss: 0.6347017651949174	 Accuracy: 0.7775240384615385
Epoch [498/500]	 Loss: 0.6345883684280591	 Accuracy: 0.7775841346153847
Epoch [499/500]	 Loss: 0.634475219861055	 Accuracy: 0.7776442307692307
[FINAL]	 Loss: 0.6639652022948632	 Accuracy: 0.7673277243589743
