Loading dataset: AIDPATH_transformed
Loaded dataset, took time: 0.28328895568847656
calculated mean and std, took time: 111.61424899101257
Loading dataset: AJ-Lymph_transformed
Loaded dataset, took time: 0.16061878204345703
calculated mean and std, took time: 12.2769615650177
Loading dataset: BACH_transformed
Loaded dataset, took time: 0.7889962196350098
calculated mean and std, took time: 103.70849752426147
Loading dataset: CRC_transformed
Loaded dataset, took time: 0.3025197982788086
calculated mean and std, took time: 3031.6925101280212
Loading dataset: GlaS_transformed
Loaded dataset, took time: 0.08978986740112305
calculated mean and std, took time: 9.123515367507935
Loading dataset: MHIST_transformed
Loaded dataset, took time: 0.6009666919708252
calculated mean and std, took time: 83.38207626342773
Loading dataset: OSDataset_transformed
Loaded dataset, took time: 0.167067289352417
calculated mean and std, took time: 710.9949798583984
Loading dataset: PCam_transformed
Loaded dataset, took time: 2.07607102394104
calculated mean and std, took time: 11741.591711521149
{'AIDPATH_transformed': {'mean': tensor([0.6032, 0.3963, 0.5897]), 'std': tensor([0.1956, 0.2365, 0.1906])}, 'AJ-Lymph_transformed': {'mean': tensor([0.4598, 0.3748, 0.4612]), 'std': tensor([0.1406, 0.1464, 0.1176])}, 'BACH_transformed': {'mean': tensor([0.6880, 0.5881, 0.8209]), 'std': tensor([0.1632, 0.1841, 0.1175])}, 'CRC_transformed': {'mean': tensor([0.6976, 0.5340, 0.6687]), 'std': tensor([0.2272, 0.2697, 0.2247])}, 'GlaS_transformed': {'mean': tensor([0.7790, 0.5002, 0.7765]), 'std': tensor([0.1638, 0.2418, 0.1281])}, 'MHIST_transformed': {'mean': tensor([0.7361, 0.6469, 0.7735]), 'std': tensor([0.1812, 0.2303, 0.1530])}, 'OSDataset_transformed': {'mean': tensor([0.8414, 0.6492, 0.7377]), 'std': tensor([0.1379, 0.2508, 0.1979])}, 'PCam_transformed': {'mean': tensor([0.6970, 0.5330, 0.6878]), 'std': tensor([0.2168, 0.2603, 0.1933])}}
