Files already downloaded and verified
Files already downloaded and verified
### Creating features from pre-trained context model ###
/project/6060173/stephy/HistoKT/env/lib/python3.8/site-packages/torch/utils/data/dataloader.py:478: UserWarning: This DataLoader will create 8 worker processes in total. Our suggested max number of worker in current system is 6, which is smaller than what this DataLoader is going to create. Please be aware that excessive worker creation might get DataLoader running slow or even freeze, lower the worker number to avoid potential slowness/freeze if necessary.
  warnings.warn(_create_warning_msg(
Step [0/195]	 Computing features...
Step [20/195]	 Computing features...
Step [40/195]	 Computing features...
Step [60/195]	 Computing features...
Step [80/195]	 Computing features...
Step [100/195]	 Computing features...
Step [120/195]	 Computing features...
Step [140/195]	 Computing features...
Step [160/195]	 Computing features...
Step [180/195]	 Computing features...
Features shape (49920, 512)
/project/6060173/stephy/HistoKT/env/lib/python3.8/site-packages/torch/nn/functional.py:718: UserWarning: Named tensors and all their associated APIs are an experimental feature and subject to change. Please do not use them for anything important until they are released as stable. (Triggered internally at  /pytorch/c10/core/TensorImpl.h:1156.)
  return torch.max_pool2d(input, kernel_size, stride, padding, dilation, ceil_mode)
Step [0/39]	 Computing features...
Step [20/39]	 Computing features...
Features shape (9984, 512)
Epoch [0/500]	 Loss: 1.1752175911878928	 Accuracy: 0.6764823717948718
Epoch [1/500]	 Loss: 0.7206380932759016	 Accuracy: 0.7647836538461539
Epoch [2/500]	 Loss: 0.6495414309012584	 Accuracy: 0.7783453525641025
Epoch [3/500]	 Loss: 0.6156489457839575	 Accuracy: 0.7867988782051282
Epoch [4/500]	 Loss: 0.5945237893324632	 Accuracy: 0.7920272435897436
Epoch [5/500]	 Loss: 0.5796311178268531	 Accuracy: 0.7960136217948718
Epoch [6/500]	 Loss: 0.5683486246145688	 Accuracy: 0.7985977564102564
Epoch [7/500]	 Loss: 0.5593790541856717	 Accuracy: 0.8009014423076923
Epoch [8/500]	 Loss: 0.5519944076354687	 Accuracy: 0.8032251602564102
Epoch [9/500]	 Loss: 0.5457504497124599	 Accuracy: 0.8052483974358975
Epoch [10/500]	 Loss: 0.5403593326226259	 Accuracy: 0.8072315705128205
Epoch [11/500]	 Loss: 0.535625613347078	 Accuracy: 0.8085737179487179
Epoch [12/500]	 Loss: 0.5314115981260935	 Accuracy: 0.8100360576923077
Epoch [13/500]	 Loss: 0.5276172379652659	 Accuracy: 0.8112980769230769
Epoch [14/500]	 Loss: 0.5241679185476058	 Accuracy: 0.8125200320512821
Epoch [15/500]	 Loss: 0.5210067721513602	 Accuracy: 0.813301282051282
Epoch [16/500]	 Loss: 0.5180895887888395	 Accuracy: 0.8141826923076924
Epoch [17/500]	 Loss: 0.5153814306625953	 Accuracy: 0.8147035256410257
Epoch [18/500]	 Loss: 0.5128542942878528	 Accuracy: 0.8154647435897436
Epoch [19/500]	 Loss: 0.5104853701897156	 Accuracy: 0.8166065705128205
Epoch [20/500]	 Loss: 0.5082559426625569	 Accuracy: 0.8176081730769231
Epoch [21/500]	 Loss: 0.5061504017084073	 Accuracy: 0.8185496794871795
Epoch [22/500]	 Loss: 0.5041556619680845	 Accuracy: 0.8191105769230769
Epoch [23/500]	 Loss: 0.5022606218472505	 Accuracy: 0.8198517628205129
Epoch [24/500]	 Loss: 0.5004557637067941	 Accuracy: 0.8204126602564102
Epoch [25/500]	 Loss: 0.4987329290463374	 Accuracy: 0.8210536858974359
Epoch [26/500]	 Loss: 0.4970849980146457	 Accuracy: 0.8219551282051282
Epoch [27/500]	 Loss: 0.4955057775362944	 Accuracy: 0.8225961538461538
Epoch [28/500]	 Loss: 0.49398981271645964	 Accuracy: 0.8231770833333333
Epoch [29/500]	 Loss: 0.49253226610330436	 Accuracy: 0.823838141025641
Epoch [30/500]	 Loss: 0.4911288715325869	 Accuracy: 0.8245592948717949
Epoch [31/500]	 Loss: 0.4897758007049561	 Accuracy: 0.825020032051282
Epoch [32/500]	 Loss: 0.488469627728829	 Accuracy: 0.8254607371794872
Epoch [33/500]	 Loss: 0.4872072635552822	 Accuracy: 0.8260016025641026
Epoch [34/500]	 Loss: 0.48598593458151207	 Accuracy: 0.8265625
Epoch [35/500]	 Loss: 0.48480309523068943	 Accuracy: 0.8271033653846154
Epoch [36/500]	 Loss: 0.4836564511824877	 Accuracy: 0.8274038461538461
Epoch [37/500]	 Loss: 0.4825439176498315	 Accuracy: 0.8278445512820513
Epoch [38/500]	 Loss: 0.4814635723065107	 Accuracy: 0.8282852564102564
Epoch [39/500]	 Loss: 0.4804136442832458	 Accuracy: 0.8286658653846154
Epoch [40/500]	 Loss: 0.4793925370925512	 Accuracy: 0.8289663461538461
Epoch [41/500]	 Loss: 0.47839873952743334	 Accuracy: 0.8292067307692308
Epoch [42/500]	 Loss: 0.4774308837377108	 Accuracy: 0.829647435897436
Epoch [43/500]	 Loss: 0.47648769800479596	 Accuracy: 0.8299078525641026
Epoch [44/500]	 Loss: 0.47556800032273316	 Accuracy: 0.8302083333333333
Epoch [45/500]	 Loss: 0.47467068815842656	 Accuracy: 0.8302483974358974
Epoch [46/500]	 Loss: 0.4737947346308293	 Accuracy: 0.83046875
Epoch [47/500]	 Loss: 0.4729391914147597	 Accuracy: 0.8307892628205128
Epoch [48/500]	 Loss: 0.47210317040101074	 Accuracy: 0.8309895833333333
Epoch [49/500]	 Loss: 0.47128583391507467	 Accuracy: 0.8312099358974359
Epoch [50/500]	 Loss: 0.47048640434558575	 Accuracy: 0.8315504807692308
Epoch [51/500]	 Loss: 0.46970413862130583	 Accuracy: 0.8317908653846153
Epoch [52/500]	 Loss: 0.46893836427957586	 Accuracy: 0.8319711538461538
Epoch [53/500]	 Loss: 0.46818841772201736	 Accuracy: 0.8323717948717949
Epoch [54/500]	 Loss: 0.46745369724738295	 Accuracy: 0.8326522435897435
Epoch [55/500]	 Loss: 0.46673362790009915	 Accuracy: 0.8328926282051282
Epoch [56/500]	 Loss: 0.46602766620807157	 Accuracy: 0.8330929487179487
Epoch [57/500]	 Loss: 0.4653352948335501	 Accuracy: 0.8333533653846154
Epoch [58/500]	 Loss: 0.4646560375507061	 Accuracy: 0.8335136217948718
Epoch [59/500]	 Loss: 0.46398941920353814	 Accuracy: 0.8337339743589743
Epoch [60/500]	 Loss: 0.4633350133895874	 Accuracy: 0.8339342948717948
Epoch [61/500]	 Loss: 0.4626923972215408	 Accuracy: 0.8342347756410257
Epoch [62/500]	 Loss: 0.4620611927448175	 Accuracy: 0.8344751602564102
Epoch [63/500]	 Loss: 0.4614410019837893	 Accuracy: 0.8348557692307692
Epoch [64/500]	 Loss: 0.46083148779013217	 Accuracy: 0.8350360576923077
Epoch [65/500]	 Loss: 0.4602323075135549	 Accuracy: 0.835136217948718
Epoch [66/500]	 Loss: 0.45964312889637093	 Accuracy: 0.8354166666666667
Epoch [67/500]	 Loss: 0.4590636546795185	 Accuracy: 0.8356370192307693
Epoch [68/500]	 Loss: 0.45849357873965535	 Accuracy: 0.8358974358974359
Epoch [69/500]	 Loss: 0.4579326327030475	 Accuracy: 0.8361578525641026
Epoch [70/500]	 Loss: 0.45738053169005954	 Accuracy: 0.8364383012820513
Epoch [71/500]	 Loss: 0.4568370323914748	 Accuracy: 0.8365785256410256
Epoch [72/500]	 Loss: 0.45630187575633707	 Accuracy: 0.8368389423076923
Epoch [73/500]	 Loss: 0.45577484094179593	 Accuracy: 0.8368990384615385
Epoch [74/500]	 Loss: 0.45525568418013745	 Accuracy: 0.8369991987179487
Epoch [75/500]	 Loss: 0.45474420617788264	 Accuracy: 0.8371995192307692
Epoch [76/500]	 Loss: 0.45424017982605175	 Accuracy: 0.837459935897436
Epoch [77/500]	 Loss: 0.4537434194332514	 Accuracy: 0.8376201923076924
Epoch [78/500]	 Loss: 0.4532537244833433	 Accuracy: 0.8379807692307693
Epoch [79/500]	 Loss: 0.4527709247210087	 Accuracy: 0.8380809294871795
Epoch [80/500]	 Loss: 0.4522948145866394	 Accuracy: 0.8382011217948718
Epoch [81/500]	 Loss: 0.45182525439140125	 Accuracy: 0.8383613782051282
Epoch [82/500]	 Loss: 0.45136205508158755	 Accuracy: 0.8385416666666666
Epoch [83/500]	 Loss: 0.4509050768155318	 Accuracy: 0.838701923076923
Epoch [84/500]	 Loss: 0.45045415071340705	 Accuracy: 0.8387219551282051
Epoch [85/500]	 Loss: 0.45000914151851945	 Accuracy: 0.8389022435897436
Epoch [86/500]	 Loss: 0.44956990159474886	 Accuracy: 0.8391426282051282
Epoch [87/500]	 Loss: 0.4491362988948822	 Accuracy: 0.8392227564102565
Epoch [88/500]	 Loss: 0.4487081935772529	 Accuracy: 0.8393830128205129
Epoch [89/500]	 Loss: 0.44828546658540386	 Accuracy: 0.8396233974358974
Epoch [90/500]	 Loss: 0.4478679872476138	 Accuracy: 0.8398637820512821
Epoch [91/500]	 Loss: 0.4474556410923982	 Accuracy: 0.8400641025641026
Epoch [92/500]	 Loss: 0.44704830692364617	 Accuracy: 0.8401642628205128
Epoch [93/500]	 Loss: 0.44664587684166734	 Accuracy: 0.8403645833333333
Epoch [94/500]	 Loss: 0.4462482420297769	 Accuracy: 0.8405248397435897
Epoch [95/500]	 Loss: 0.4458553022299057	 Accuracy: 0.840645032051282
Epoch [96/500]	 Loss: 0.44546695886514126	 Accuracy: 0.8409054487179487
Epoch [97/500]	 Loss: 0.44508310082631236	 Accuracy: 0.8411658653846154
Epoch [98/500]	 Loss: 0.4447036446669163	 Accuracy: 0.8412660256410256
Epoch [99/500]	 Loss: 0.4443284953251863	 Accuracy: 0.8414663461538462
Epoch [100/500]	 Loss: 0.4439575594205123	 Accuracy: 0.8415865384615384
Epoch [101/500]	 Loss: 0.4435907588555263	 Accuracy: 0.8415464743589743
Epoch [102/500]	 Loss: 0.4432280115592174	 Accuracy: 0.8416666666666667
Epoch [103/500]	 Loss: 0.44286922537363493	 Accuracy: 0.8417668269230769
Epoch [104/500]	 Loss: 0.44251432663355117	 Accuracy: 0.841806891025641
Epoch [105/500]	 Loss: 0.4421632347962795	 Accuracy: 0.8420272435897436
Epoch [106/500]	 Loss: 0.44181588735335914	 Accuracy: 0.8419871794871795
Epoch [107/500]	 Loss: 0.44147219917713065	 Accuracy: 0.8420673076923076
Epoch [108/500]	 Loss: 0.4411320984363556	 Accuracy: 0.8422075320512821
Epoch [109/500]	 Loss: 0.44079552919436726	 Accuracy: 0.8423076923076923
Epoch [110/500]	 Loss: 0.440462427567213	 Accuracy: 0.842568108974359
Epoch [111/500]	 Loss: 0.4401327146933629	 Accuracy: 0.8428084935897436
Epoch [112/500]	 Loss: 0.4398063347889827	 Accuracy: 0.8429086538461539
Epoch [113/500]	 Loss: 0.43948322305312526	 Accuracy: 0.842988782051282
Epoch [114/500]	 Loss: 0.4391633258416103	 Accuracy: 0.8431290064102565
Epoch [115/500]	 Loss: 0.4388465838554578	 Accuracy: 0.8433894230769231
Epoch [116/500]	 Loss: 0.43853293718435826	 Accuracy: 0.8435496794871795
Epoch [117/500]	 Loss: 0.4382223323369637	 Accuracy: 0.8436097756410257
Epoch [118/500]	 Loss: 0.43791472101822876	 Accuracy: 0.8436298076923077
Epoch [119/500]	 Loss: 0.4376100410253574	 Accuracy: 0.8437099358974359
Epoch [120/500]	 Loss: 0.437308254914406	 Accuracy: 0.84375
Epoch [121/500]	 Loss: 0.437009304914719	 Accuracy: 0.8439903846153847
Epoch [122/500]	 Loss: 0.43671314380107784	 Accuracy: 0.8441907051282052
Epoch [123/500]	 Loss: 0.43641972434826387	 Accuracy: 0.8442508012820513
Epoch [124/500]	 Loss: 0.4361289947460859	 Accuracy: 0.8443509615384616
Epoch [125/500]	 Loss: 0.4358409265677134	 Accuracy: 0.8445713141025641
Epoch [126/500]	 Loss: 0.43555546020850155	 Accuracy: 0.8446714743589744
Epoch [127/500]	 Loss: 0.4352725611283229	 Accuracy: 0.8448116987179487
Epoch [128/500]	 Loss: 0.43499218424161273	 Accuracy: 0.8448317307692308
Epoch [129/500]	 Loss: 0.4347142985233894	 Accuracy: 0.8449919871794872
Epoch [130/500]	 Loss: 0.43443885827675843	 Accuracy: 0.8451522435897436
Epoch [131/500]	 Loss: 0.4341658178048256	 Accuracy: 0.8452924679487179
Epoch [132/500]	 Loss: 0.43389513538433955	 Accuracy: 0.8453525641025641
Epoch [133/500]	 Loss: 0.4336267922169123	 Accuracy: 0.8455729166666667
Epoch [134/500]	 Loss: 0.4333607502472706	 Accuracy: 0.845693108974359
Epoch [135/500]	 Loss: 0.4330969575123909	 Accuracy: 0.8457331730769231
Epoch [136/500]	 Loss: 0.432835389711918	 Accuracy: 0.8458533653846154
Epoch [137/500]	 Loss: 0.4325760204058427	 Accuracy: 0.8459334935897436
Epoch [138/500]	 Loss: 0.4323188040501032	 Accuracy: 0.8460536858974359
Epoch [139/500]	 Loss: 0.4320637175670037	 Accuracy: 0.8461738782051282
Epoch [140/500]	 Loss: 0.4318107219842764	 Accuracy: 0.8462940705128205
Epoch [141/500]	 Loss: 0.43155979070907985	 Accuracy: 0.8463741987179487
Epoch [142/500]	 Loss: 0.4313108953145834	 Accuracy: 0.8464543269230769
Epoch [143/500]	 Loss: 0.4310640029418163	 Accuracy: 0.8464943910256411
Epoch [144/500]	 Loss: 0.43081908913759087	 Accuracy: 0.8466145833333333
Epoch [145/500]	 Loss: 0.4305761181391202	 Accuracy: 0.8466746794871794
Epoch [146/500]	 Loss: 0.43033506488188716	 Accuracy: 0.8468149038461539
Epoch [147/500]	 Loss: 0.43009591347131976	 Accuracy: 0.846895032051282
Epoch [148/500]	 Loss: 0.4298586191275181	 Accuracy: 0.8469551282051282
Epoch [149/500]	 Loss: 0.429623170540883	 Accuracy: 0.8469551282051282
Epoch [150/500]	 Loss: 0.4293895328656221	 Accuracy: 0.8469751602564103
Epoch [151/500]	 Loss: 0.4291576799673912	 Accuracy: 0.8470152243589744
Epoch [152/500]	 Loss: 0.4289276035932394	 Accuracy: 0.8470753205128205
Epoch [153/500]	 Loss: 0.4286992592689319	 Accuracy: 0.8472355769230769
Epoch [154/500]	 Loss: 0.42847263858868523	 Accuracy: 0.8473357371794872
Epoch [155/500]	 Loss: 0.42824770716520455	 Accuracy: 0.8473557692307693
Epoch [156/500]	 Loss: 0.4280244468114315	 Accuracy: 0.8474158653846153
Epoch [157/500]	 Loss: 0.42780283857614565	 Accuracy: 0.8475961538461538
Epoch [158/500]	 Loss: 0.42758285663066764	 Accuracy: 0.8475961538461538
Epoch [159/500]	 Loss: 0.4273644879842416	 Accuracy: 0.84765625
Epoch [160/500]	 Loss: 0.4271477032930423	 Accuracy: 0.8476963141025641
Epoch [161/500]	 Loss: 0.426932479479374	 Accuracy: 0.8478565705128205
Epoch [162/500]	 Loss: 0.42671880416381053	 Accuracy: 0.8478966346153847
Epoch [163/500]	 Loss: 0.4265066539629912	 Accuracy: 0.8479767628205128
Epoch [164/500]	 Loss: 0.42629601267667916	 Accuracy: 0.8481169871794871
Epoch [165/500]	 Loss: 0.42608686104798926	 Accuracy: 0.8481770833333333
Epoch [166/500]	 Loss: 0.4258791756935609	 Accuracy: 0.8482171474358975
Epoch [167/500]	 Loss: 0.42567293964899505	 Accuracy: 0.8482972756410256
Epoch [168/500]	 Loss: 0.4254681368668874	 Accuracy: 0.8482371794871795
Epoch [169/500]	 Loss: 0.4252647491601797	 Accuracy: 0.8482371794871795
Epoch [170/500]	 Loss: 0.4250627551323328	 Accuracy: 0.8482972756410256
Epoch [171/500]	 Loss: 0.4248621547833467	 Accuracy: 0.8483573717948718
Epoch [172/500]	 Loss: 0.4246629118919373	 Accuracy: 0.848417467948718
Epoch [173/500]	 Loss: 0.42446501499567274	 Accuracy: 0.8483974358974359
Epoch [174/500]	 Loss: 0.42426845049246764	 Accuracy: 0.8485176282051282
Epoch [175/500]	 Loss: 0.4240732018764202	 Accuracy: 0.8485777243589744
Epoch [176/500]	 Loss: 0.42387925325295867	 Accuracy: 0.8486177884615385
Epoch [177/500]	 Loss: 0.42368658689352184	 Accuracy: 0.8486979166666667
Epoch [178/500]	 Loss: 0.42349519637914806	 Accuracy: 0.848798076923077
Epoch [179/500]	 Loss: 0.42330506413410873	 Accuracy: 0.8488181089743589
Epoch [180/500]	 Loss: 0.4231161640240596	 Accuracy: 0.8488181089743589
Epoch [181/500]	 Loss: 0.4229284942150116	 Accuracy: 0.8488581730769231
Epoch [182/500]	 Loss: 0.42274203972938734	 Accuracy: 0.8488982371794872
Epoch [183/500]	 Loss: 0.4225567831442906	 Accuracy: 0.8488581730769231
Epoch [184/500]	 Loss: 0.42237271452561403	 Accuracy: 0.8488181089743589
Epoch [185/500]	 Loss: 0.4221898166032938	 Accuracy: 0.8487580128205128
Epoch [186/500]	 Loss: 0.4220080659939693	 Accuracy: 0.8488782051282051
Epoch [187/500]	 Loss: 0.4218274724789155	 Accuracy: 0.8488782051282051
Epoch [188/500]	 Loss: 0.42164800946529096	 Accuracy: 0.8488782051282051
Epoch [189/500]	 Loss: 0.4214696717567933	 Accuracy: 0.8488982371794872
Epoch [190/500]	 Loss: 0.4212924410135318	 Accuracy: 0.8488982371794872
Epoch [191/500]	 Loss: 0.4211162959917998	 Accuracy: 0.8489983974358974
Epoch [192/500]	 Loss: 0.4209412505993476	 Accuracy: 0.8490184294871795
Epoch [193/500]	 Loss: 0.4207672702960479	 Accuracy: 0.8490985576923077
Epoch [194/500]	 Loss: 0.4205943546234033	 Accuracy: 0.849238782051282
Epoch [195/500]	 Loss: 0.42042249349447397	 Accuracy: 0.84921875
Epoch [196/500]	 Loss: 0.4202516639843965	 Accuracy: 0.849238782051282
Epoch [197/500]	 Loss: 0.4200818631893549	 Accuracy: 0.8493189102564103
Epoch [198/500]	 Loss: 0.4199130804110796	 Accuracy: 0.8493790064102564
Epoch [199/500]	 Loss: 0.4197452982266744	 Accuracy: 0.8494190705128205
Epoch [200/500]	 Loss: 0.41957852443059285	 Accuracy: 0.8494190705128205
Epoch [201/500]	 Loss: 0.41941273013750713	 Accuracy: 0.8494391025641026
Epoch [202/500]	 Loss: 0.4192479086227906	 Accuracy: 0.8494591346153846
Epoch [203/500]	 Loss: 0.41908406294309175	 Accuracy: 0.8495392628205128
Epoch [204/500]	 Loss: 0.418921168645223	 Accuracy: 0.8495793269230769
Epoch [205/500]	 Loss: 0.418759215489412	 Accuracy: 0.849619391025641
Epoch [206/500]	 Loss: 0.41859819782085905	 Accuracy: 0.849619391025641
Epoch [207/500]	 Loss: 0.4184381136527428	 Accuracy: 0.8496594551282052
Epoch [208/500]	 Loss: 0.41827894067152954	 Accuracy: 0.8497195512820512
Epoch [209/500]	 Loss: 0.41812067673756526	 Accuracy: 0.8498197115384616
Epoch [210/500]	 Loss: 0.41796331803003944	 Accuracy: 0.8498597756410257
Epoch [211/500]	 Loss: 0.4178068530865205	 Accuracy: 0.8498998397435897
Epoch [212/500]	 Loss: 0.4176512634142851	 Accuracy: 0.8499198717948718
Epoch [213/500]	 Loss: 0.4174965461095174	 Accuracy: 0.849979967948718
Epoch [214/500]	 Loss: 0.4173427056043576	 Accuracy: 0.8500600961538461
Epoch [215/500]	 Loss: 0.41718970705301334	 Accuracy: 0.8501602564102564
Epoch [216/500]	 Loss: 0.41703755870843545	 Accuracy: 0.8502403846153846
Epoch [217/500]	 Loss: 0.4168862489553598	 Accuracy: 0.8502604166666666
Epoch [218/500]	 Loss: 0.41673578100326736	 Accuracy: 0.8503405448717949
Epoch [219/500]	 Loss: 0.41658613299712155	 Accuracy: 0.8504807692307692
Epoch [220/500]	 Loss: 0.41643729897645804	 Accuracy: 0.8505208333333333
Epoch [221/500]	 Loss: 0.41628926809017475	 Accuracy: 0.8506009615384615
Epoch [222/500]	 Loss: 0.4161420482855577	 Accuracy: 0.8507211538461539
Epoch [223/500]	 Loss: 0.4159956184717325	 Accuracy: 0.8507011217948718
Epoch [224/500]	 Loss: 0.4158499749807211	 Accuracy: 0.8507411858974359
Epoch [225/500]	 Loss: 0.41570511154639417	 Accuracy: 0.850761217948718
Epoch [226/500]	 Loss: 0.41556102190262234	 Accuracy: 0.8508413461538461
Epoch [227/500]	 Loss: 0.41541769214165514	 Accuracy: 0.850801282051282
Epoch [228/500]	 Loss: 0.41527511874834694	 Accuracy: 0.8508413461538461
Epoch [229/500]	 Loss: 0.41513330111136804	 Accuracy: 0.8509014423076923
Epoch [230/500]	 Loss: 0.4149922253229679	 Accuracy: 0.8509815705128205
Epoch [231/500]	 Loss: 0.4148518878680009	 Accuracy: 0.8510216346153846
Epoch [232/500]	 Loss: 0.41471227606137595	 Accuracy: 0.8510416666666667
Epoch [233/500]	 Loss: 0.4145733999900329	 Accuracy: 0.8510616987179487
Epoch [234/500]	 Loss: 0.41443523321396264	 Accuracy: 0.8511418269230769
Epoch [235/500]	 Loss: 0.4142977706896953	 Accuracy: 0.8512219551282051
Epoch [236/500]	 Loss: 0.4141610234211653	 Accuracy: 0.8513020833333333
Epoch [237/500]	 Loss: 0.4140249689420064	 Accuracy: 0.8513020833333333
Epoch [238/500]	 Loss: 0.41388961443534267	 Accuracy: 0.8514623397435898
Epoch [239/500]	 Loss: 0.4137549407971211	 Accuracy: 0.8516225961538462
Epoch [240/500]	 Loss: 0.413620953529309	 Accuracy: 0.8516826923076923
Epoch [241/500]	 Loss: 0.4134876385713235	 Accuracy: 0.8517427884615385
Epoch [242/500]	 Loss: 0.41335498629472195	 Accuracy: 0.8517427884615385
Epoch [243/500]	 Loss: 0.4132229962410071	 Accuracy: 0.8517828525641026
Epoch [244/500]	 Loss: 0.4130916688686762	 Accuracy: 0.8518429487179487
Epoch [245/500]	 Loss: 0.4129609940907894	 Accuracy: 0.8519030448717949
Epoch [246/500]	 Loss: 0.41283096900353067	 Accuracy: 0.8519831730769231
Epoch [247/500]	 Loss: 0.41270157878215497	 Accuracy: 0.8519831730769231
Epoch [248/500]	 Loss: 0.4125728316796132	 Accuracy: 0.8520432692307692
Epoch [249/500]	 Loss: 0.4124447096616794	 Accuracy: 0.8521033653846154
Epoch [250/500]	 Loss: 0.4123172061565595	 Accuracy: 0.8521634615384616
Epoch [251/500]	 Loss: 0.41219032452656673	 Accuracy: 0.8522035256410256
Epoch [252/500]	 Loss: 0.41206406431320386	 Accuracy: 0.8522235576923077
Epoch [253/500]	 Loss: 0.4119384071765802	 Accuracy: 0.8522035256410256
Epoch [254/500]	 Loss: 0.4118133639677977	 Accuracy: 0.8522435897435897
Epoch [255/500]	 Loss: 0.41168891191482543	 Accuracy: 0.8524839743589744
Epoch [256/500]	 Loss: 0.41156505254598763	 Accuracy: 0.8526041666666667
Epoch [257/500]	 Loss: 0.4114417869311113	 Accuracy: 0.8526642628205128
Epoch [258/500]	 Loss: 0.4113191051360888	 Accuracy: 0.8526642628205128
Epoch [259/500]	 Loss: 0.4111970044099368	 Accuracy: 0.852744391025641
Epoch [260/500]	 Loss: 0.4110754751242124	 Accuracy: 0.8528245192307692
Epoch [261/500]	 Loss: 0.41095452583753145	 Accuracy: 0.8528445512820513
Epoch [262/500]	 Loss: 0.4108341353061872	 Accuracy: 0.8528846153846154
Epoch [263/500]	 Loss: 0.410714309490644	 Accuracy: 0.8529246794871795
Epoch [264/500]	 Loss: 0.410595041513443	 Accuracy: 0.8529847756410256
Epoch [265/500]	 Loss: 0.4104763274009411	 Accuracy: 0.8530448717948718
Epoch [266/500]	 Loss: 0.41035815874735515	 Accuracy: 0.8531049679487179
Epoch [267/500]	 Loss: 0.41024053738667415	 Accuracy: 0.853125
Epoch [268/500]	 Loss: 0.41012345735843364	 Accuracy: 0.8532852564102564
Epoch [269/500]	 Loss: 0.41000690521338046	 Accuracy: 0.8532451923076924
Epoch [270/500]	 Loss: 0.40989089409510293	 Accuracy: 0.8532852564102564
Epoch [271/500]	 Loss: 0.4097754065807049	 Accuracy: 0.8534254807692307
Epoch [272/500]	 Loss: 0.409660436404057	 Accuracy: 0.853505608974359
Epoch [273/500]	 Loss: 0.4095460014465528	 Accuracy: 0.8535456730769231
Epoch [274/500]	 Loss: 0.4094320709888752	 Accuracy: 0.8535857371794872
Epoch [275/500]	 Loss: 0.40931865664628836	 Accuracy: 0.8536258012820512
Epoch [276/500]	 Loss: 0.4092057468035282	 Accuracy: 0.8536057692307693
Epoch [277/500]	 Loss: 0.4090933445172432	 Accuracy: 0.8535657051282052
Epoch [278/500]	 Loss: 0.4089814413816501	 Accuracy: 0.8536458333333333
Epoch [279/500]	 Loss: 0.4088700308249547	 Accuracy: 0.8536258012820512
Epoch [280/500]	 Loss: 0.4087591181962918	 Accuracy: 0.8537059294871795
Epoch [281/500]	 Loss: 0.40864868683692734	 Accuracy: 0.8537059294871795
Epoch [282/500]	 Loss: 0.4085387511131091	 Accuracy: 0.8537459935897436
Epoch [283/500]	 Loss: 0.4084292868773142	 Accuracy: 0.8537860576923076
Epoch [284/500]	 Loss: 0.40832030849579054	 Accuracy: 0.8538661858974359
Epoch [285/500]	 Loss: 0.40821180847974925	 Accuracy: 0.8539262820512821
Epoch [286/500]	 Loss: 0.40810376757230515	 Accuracy: 0.8539663461538461
Epoch [287/500]	 Loss: 0.4079962051831759	 Accuracy: 0.8540464743589744
Epoch [288/500]	 Loss: 0.40788910205547624	 Accuracy: 0.8541065705128205
Epoch [289/500]	 Loss: 0.40778246170435195	 Accuracy: 0.8541266025641026
Epoch [290/500]	 Loss: 0.40767627557118735	 Accuracy: 0.8542067307692308
Epoch [291/500]	 Loss: 0.40757054487864175	 Accuracy: 0.8541866987179487
Epoch [292/500]	 Loss: 0.4074652655002398	 Accuracy: 0.8542467948717949
Epoch [293/500]	 Loss: 0.40736044003413274	 Accuracy: 0.8543068910256411
Epoch [294/500]	 Loss: 0.4072560464724516	 Accuracy: 0.8542668269230769
Epoch [295/500]	 Loss: 0.4071521075872275	 Accuracy: 0.854286858974359
Epoch [296/500]	 Loss: 0.40704860748388827	 Accuracy: 0.8543669871794872
Epoch [297/500]	 Loss: 0.4069455333245106	 Accuracy: 0.8544070512820513
Epoch [298/500]	 Loss: 0.4068428941262074	 Accuracy: 0.8544270833333333
Epoch [299/500]	 Loss: 0.40674068591533563	 Accuracy: 0.8545472756410256
Epoch [300/500]	 Loss: 0.4066389047182523	 Accuracy: 0.8545673076923077
Epoch [301/500]	 Loss: 0.40653753953102306	 Accuracy: 0.8545673076923077
Epoch [302/500]	 Loss: 0.4064366054840577	 Accuracy: 0.8545873397435897
Epoch [303/500]	 Loss: 0.4063360827091413	 Accuracy: 0.8546274038461539
Epoch [304/500]	 Loss: 0.40623597242893317	 Accuracy: 0.854667467948718
Epoch [305/500]	 Loss: 0.4061362825907194	 Accuracy: 0.8546875
Epoch [306/500]	 Loss: 0.4060369950074416	 Accuracy: 0.8547676282051282
Epoch [307/500]	 Loss: 0.40593811029042953	 Accuracy: 0.8548878205128205
Epoch [308/500]	 Loss: 0.40583963730396366	 Accuracy: 0.8549879807692308
Epoch [309/500]	 Loss: 0.4057415598478073	 Accuracy: 0.8550280448717948
Epoch [310/500]	 Loss: 0.40564388281259783	 Accuracy: 0.8551482371794872
Epoch [311/500]	 Loss: 0.405546599932206	 Accuracy: 0.8551682692307693
Epoch [312/500]	 Loss: 0.40544970356501064	 Accuracy: 0.8552483974358974
Epoch [313/500]	 Loss: 0.40535320272812475	 Accuracy: 0.8552684294871795
Epoch [314/500]	 Loss: 0.4052570885572678	 Accuracy: 0.8553485576923077
Epoch [315/500]	 Loss: 0.4051613566202995	 Accuracy: 0.8553285256410257
Epoch [316/500]	 Loss: 0.40506600844554413	 Accuracy: 0.8552884615384615
Epoch [317/500]	 Loss: 0.4049710399065262	 Accuracy: 0.8553685897435898
Epoch [318/500]	 Loss: 0.40487645130891065	 Accuracy: 0.8553485576923077
Epoch [319/500]	 Loss: 0.4047822305789361	 Accuracy: 0.8553886217948717
Epoch [320/500]	 Loss: 0.4046883885677044	 Accuracy: 0.8554086538461538
Epoch [321/500]	 Loss: 0.4045949135071192	 Accuracy: 0.8554887820512821
Epoch [322/500]	 Loss: 0.4045017977555593	 Accuracy: 0.85546875
Epoch [323/500]	 Loss: 0.4044090578189263	 Accuracy: 0.8555088141025641
Epoch [324/500]	 Loss: 0.4043166778026483	 Accuracy: 0.8555689102564102
Epoch [325/500]	 Loss: 0.40422465266325536	 Accuracy: 0.8556690705128205
Epoch [326/500]	 Loss: 0.40413298668005526	 Accuracy: 0.8558092948717949
Epoch [327/500]	 Loss: 0.4040416839795235	 Accuracy: 0.8559094551282052
Epoch [328/500]	 Loss: 0.4039507263746017	 Accuracy: 0.8560096153846154
Epoch [329/500]	 Loss: 0.40386012211824074	 Accuracy: 0.8560096153846154
Epoch [330/500]	 Loss: 0.40376986876512183	 Accuracy: 0.8560096153846154
Epoch [331/500]	 Loss: 0.40367995714529964	 Accuracy: 0.8560697115384616
Epoch [332/500]	 Loss: 0.40359039566455746	 Accuracy: 0.8560897435897435
Epoch [333/500]	 Loss: 0.40350116858115564	 Accuracy: 0.8561698717948718
Epoch [334/500]	 Loss: 0.4034122893443474	 Accuracy: 0.8561498397435897
Epoch [335/500]	 Loss: 0.40332374221239337	 Accuracy: 0.8562099358974359
Epoch [336/500]	 Loss: 0.40323553131176876	 Accuracy: 0.856270032051282
Epoch [337/500]	 Loss: 0.40314765679530606	 Accuracy: 0.8563301282051282
Epoch [338/500]	 Loss: 0.40306011056288693	 Accuracy: 0.8564102564102564
Epoch [339/500]	 Loss: 0.4029728984221434	 Accuracy: 0.8564102564102564
Epoch [340/500]	 Loss: 0.40288600402000624	 Accuracy: 0.8564102564102564
Epoch [341/500]	 Loss: 0.4027994427925501	 Accuracy: 0.8563701923076923
Epoch [342/500]	 Loss: 0.40271320174901915	 Accuracy: 0.8564102564102564
Epoch [343/500]	 Loss: 0.40262728272340237	 Accuracy: 0.8564102564102564
Epoch [344/500]	 Loss: 0.40254168418737557	 Accuracy: 0.8564703525641025
Epoch [345/500]	 Loss: 0.40245639987480947	 Accuracy: 0.8565304487179487
Epoch [346/500]	 Loss: 0.4023714343706767	 Accuracy: 0.8565905448717949
Epoch [347/500]	 Loss: 0.4022867829371721	 Accuracy: 0.8566706730769231
Epoch [348/500]	 Loss: 0.40220243976666376	 Accuracy: 0.856650641025641
Epoch [349/500]	 Loss: 0.40211840929129183	 Accuracy: 0.8566907051282051
Epoch [350/500]	 Loss: 0.40203467714480867	 Accuracy: 0.8566907051282051
Epoch [351/500]	 Loss: 0.40195125891612127	 Accuracy: 0.8567107371794872
Epoch [352/500]	 Loss: 0.40186814619944644	 Accuracy: 0.8566907051282051
Epoch [353/500]	 Loss: 0.40178533639663305	 Accuracy: 0.8567908653846154
Epoch [354/500]	 Loss: 0.4017028252283732	 Accuracy: 0.8567508012820513
Epoch [355/500]	 Loss: 0.40162060872102395	 Accuracy: 0.8567708333333334
Epoch [356/500]	 Loss: 0.40153869436337397	 Accuracy: 0.8567908653846154
Epoch [357/500]	 Loss: 0.4014570716099861	 Accuracy: 0.8567708333333334
Epoch [358/500]	 Loss: 0.4013757465741573	 Accuracy: 0.8567307692307692
Epoch [359/500]	 Loss: 0.4012946998461699	 Accuracy: 0.8567307692307692
Epoch [360/500]	 Loss: 0.40121396092268136	 Accuracy: 0.8567307692307692
Epoch [361/500]	 Loss: 0.40113350596183384	 Accuracy: 0.8567307692307692
Epoch [362/500]	 Loss: 0.4010533340466328	 Accuracy: 0.8567908653846154
Epoch [363/500]	 Loss: 0.40097344364875404	 Accuracy: 0.8568108974358974
Epoch [364/500]	 Loss: 0.40089383201721385	 Accuracy: 0.8568309294871795
Epoch [365/500]	 Loss: 0.40081451764473547	 Accuracy: 0.8568910256410256
Epoch [366/500]	 Loss: 0.4007354773007906	 Accuracy: 0.8569511217948718
Epoch [367/500]	 Loss: 0.4006567138891954	 Accuracy: 0.8569310897435898
Epoch [368/500]	 Loss: 0.40057822297780943	 Accuracy: 0.8569711538461539
Epoch [369/500]	 Loss: 0.4005000137365781	 Accuracy: 0.856991185897436
Epoch [370/500]	 Loss: 0.4004220808163667	 Accuracy: 0.85703125
Epoch [371/500]	 Loss: 0.4003444090867654	 Accuracy: 0.857051282051282
Epoch [372/500]	 Loss: 0.40026701811032417	 Accuracy: 0.8570913461538462
Epoch [373/500]	 Loss: 0.4001898875603309	 Accuracy: 0.8571514423076924
Epoch [374/500]	 Loss: 0.400113025536904	 Accuracy: 0.8571714743589743
Epoch [375/500]	 Loss: 0.40003642730223826	 Accuracy: 0.8571514423076924
Epoch [376/500]	 Loss: 0.399960106305587	 Accuracy: 0.8571714743589743
Epoch [377/500]	 Loss: 0.39988403977491915	 Accuracy: 0.8571314102564103
Epoch [378/500]	 Loss: 0.39980822771023483	 Accuracy: 0.8571514423076924
Epoch [379/500]	 Loss: 0.39973268661743555	 Accuracy: 0.8572115384615384
Epoch [380/500]	 Loss: 0.39965740182460885	 Accuracy: 0.8572115384615384
Epoch [381/500]	 Loss: 0.3995823707336035	 Accuracy: 0.8572315705128205
Epoch [382/500]	 Loss: 0.39950759288592214	 Accuracy: 0.8573116987179488
Epoch [383/500]	 Loss: 0.3994330774515103	 Accuracy: 0.8572916666666667
Epoch [384/500]	 Loss: 0.3993588056319799	 Accuracy: 0.8573317307692307
Epoch [385/500]	 Loss: 0.39928478934825995	 Accuracy: 0.8573918269230769
Epoch [386/500]	 Loss: 0.399211024473875	 Accuracy: 0.8574519230769231
Epoch [387/500]	 Loss: 0.39913751162015476	 Accuracy: 0.8574719551282052
Epoch [388/500]	 Loss: 0.39906423412836517	 Accuracy: 0.8574919871794872
Epoch [389/500]	 Loss: 0.39899121201955356	 Accuracy: 0.8575520833333333
Epoch [390/500]	 Loss: 0.39891842496700775	 Accuracy: 0.8575721153846154
Epoch [391/500]	 Loss: 0.39884589100495366	 Accuracy: 0.8576322115384616
Epoch [392/500]	 Loss: 0.39877360126911066	 Accuracy: 0.8576522435897436
Epoch [393/500]	 Loss: 0.3987015426158905	 Accuracy: 0.8576522435897436
Epoch [394/500]	 Loss: 0.39862972528506546	 Accuracy: 0.8576923076923076
Epoch [395/500]	 Loss: 0.39855815447293796	 Accuracy: 0.8577724358974359
Epoch [396/500]	 Loss: 0.39848681000562813	 Accuracy: 0.8577724358974359
Epoch [397/500]	 Loss: 0.3984157022757408	 Accuracy: 0.857792467948718
Epoch [398/500]	 Loss: 0.39834482761529777	 Accuracy: 0.857792467948718
Epoch [399/500]	 Loss: 0.39827419106776896	 Accuracy: 0.857852564102564
Epoch [400/500]	 Loss: 0.3982037877425169	 Accuracy: 0.8579126602564102
Epoch [401/500]	 Loss: 0.398133604037456	 Accuracy: 0.8579527243589744
Epoch [402/500]	 Loss: 0.39806366027929846	 Accuracy: 0.8579727564102564
Epoch [403/500]	 Loss: 0.3979939407263047	 Accuracy: 0.8580328525641026
Epoch [404/500]	 Loss: 0.39792444919928527	 Accuracy: 0.8580929487179487
Epoch [405/500]	 Loss: 0.3978551840170836	 Accuracy: 0.8580929487179487
Epoch [406/500]	 Loss: 0.39778613631541915	 Accuracy: 0.8580528846153846
Epoch [407/500]	 Loss: 0.39771731969637747	 Accuracy: 0.8580729166666666
Epoch [408/500]	 Loss: 0.39764871902954885	 Accuracy: 0.8581330128205128
Epoch [409/500]	 Loss: 0.397580342567884	 Accuracy: 0.8581730769230769
Epoch [410/500]	 Loss: 0.3975121913812099	 Accuracy: 0.8582131410256411
Epoch [411/500]	 Loss: 0.3974442507976141	 Accuracy: 0.858233173076923
Epoch [412/500]	 Loss: 0.39737652784738786	 Accuracy: 0.8582532051282051
Epoch [413/500]	 Loss: 0.3973090222248664	 Accuracy: 0.8583733974358975
Epoch [414/500]	 Loss: 0.3972417311790662	 Accuracy: 0.8583533653846154
Epoch [415/500]	 Loss: 0.39717465944779223	 Accuracy: 0.8583934294871794
Epoch [416/500]	 Loss: 0.3971077998479207	 Accuracy: 0.8583733974358975
Epoch [417/500]	 Loss: 0.3970411444321657	 Accuracy: 0.8584334935897436
Epoch [418/500]	 Loss: 0.396974709095099	 Accuracy: 0.8583934294871794
Epoch [419/500]	 Loss: 0.3969084768723219	 Accuracy: 0.8583934294871794
Epoch [420/500]	 Loss: 0.3968424503619854	 Accuracy: 0.8583533653846154
Epoch [421/500]	 Loss: 0.39677664255484557	 Accuracy: 0.8584334935897436
Epoch [422/500]	 Loss: 0.3967110311373686	 Accuracy: 0.8584735576923077
Epoch [423/500]	 Loss: 0.396645630017305	 Accuracy: 0.8584735576923077
Epoch [424/500]	 Loss: 0.39658043308135793	 Accuracy: 0.8584735576923077
Epoch [425/500]	 Loss: 0.39651543543888973	 Accuracy: 0.8584735576923077
Epoch [426/500]	 Loss: 0.3964506453428513	 Accuracy: 0.8584535256410256
Epoch [427/500]	 Loss: 0.39638605362329726	 Accuracy: 0.8584935897435897
Epoch [428/500]	 Loss: 0.39632166073872493	 Accuracy: 0.8584935897435897
Epoch [429/500]	 Loss: 0.3962574758590796	 Accuracy: 0.8584935897435897
Epoch [430/500]	 Loss: 0.39619348232562723	 Accuracy: 0.8584735576923077
Epoch [431/500]	 Loss: 0.3961296920592968	 Accuracy: 0.8584935897435897
Epoch [432/500]	 Loss: 0.39606609344482424	 Accuracy: 0.8585136217948718
Epoch [433/500]	 Loss: 0.3960026881633661	 Accuracy: 0.85859375
Epoch [434/500]	 Loss: 0.3959394821753869	 Accuracy: 0.8586538461538461
Epoch [435/500]	 Loss: 0.3958764652411143	 Accuracy: 0.8586939102564103
Epoch [436/500]	 Loss: 0.39581364209835346	 Accuracy: 0.8586738782051282
Epoch [437/500]	 Loss: 0.3957510090791262	 Accuracy: 0.8587540064102565
Epoch [438/500]	 Loss: 0.39568856557210286	 Accuracy: 0.8587540064102565
Epoch [439/500]	 Loss: 0.39562631570375884	 Accuracy: 0.8587940705128205
Epoch [440/500]	 Loss: 0.39556425901559683	 Accuracy: 0.8588341346153846
Epoch [441/500]	 Loss: 0.3955023841980176	 Accuracy: 0.8588541666666667
Epoch [442/500]	 Loss: 0.3954406924736805	 Accuracy: 0.8588942307692308
Epoch [443/500]	 Loss: 0.3953791954578498	 Accuracy: 0.8589543269230769
Epoch [444/500]	 Loss: 0.395317881840926	 Accuracy: 0.8589543269230769
Epoch [445/500]	 Loss: 0.3952567409246396	 Accuracy: 0.858994391025641
Epoch [446/500]	 Loss: 0.39519579777350794	 Accuracy: 0.8590544871794872
Epoch [447/500]	 Loss: 0.3951350319079864	 Accuracy: 0.8590945512820513
Epoch [448/500]	 Loss: 0.39507444531489644	 Accuracy: 0.8591145833333333
Epoch [449/500]	 Loss: 0.3950140384527353	 Accuracy: 0.8591346153846153
Epoch [450/500]	 Loss: 0.39495381590647577	 Accuracy: 0.8591346153846153
Epoch [451/500]	 Loss: 0.3948937721741505	 Accuracy: 0.8591746794871795
Epoch [452/500]	 Loss: 0.3948339037406139	 Accuracy: 0.8591947115384615
Epoch [453/500]	 Loss: 0.3947742161078331	 Accuracy: 0.8592548076923077
Epoch [454/500]	 Loss: 0.3947146985775385	 Accuracy: 0.8593149038461538
Epoch [455/500]	 Loss: 0.39465536398765366	 Accuracy: 0.8593149038461538
Epoch [456/500]	 Loss: 0.3945962040852278	 Accuracy: 0.8593349358974359
Epoch [457/500]	 Loss: 0.394537216424942	 Accuracy: 0.859375
Epoch [458/500]	 Loss: 0.3944783951991644	 Accuracy: 0.8594150641025641
Epoch [459/500]	 Loss: 0.39441975294015347	 Accuracy: 0.8594150641025641
Epoch [460/500]	 Loss: 0.39436128170062335	 Accuracy: 0.8594150641025641
Epoch [461/500]	 Loss: 0.394302981480574	 Accuracy: 0.8594751602564102
Epoch [462/500]	 Loss: 0.39424484968185425	 Accuracy: 0.8594751602564102
Epoch [463/500]	 Loss: 0.3941868849289723	 Accuracy: 0.8594751602564102
Epoch [464/500]	 Loss: 0.39412909562771137	 Accuracy: 0.8594350961538462
Epoch [465/500]	 Loss: 0.39407147031563977	 Accuracy: 0.8594751602564102
Epoch [466/500]	 Loss: 0.39401400761726574	 Accuracy: 0.8594350961538462
Epoch [467/500]	 Loss: 0.3939567125760592	 Accuracy: 0.8594150641025641
Epoch [468/500]	 Loss: 0.3938995848863553	 Accuracy: 0.8594350961538462
Epoch [469/500]	 Loss: 0.3938426221028352	 Accuracy: 0.8594350961538462
Epoch [470/500]	 Loss: 0.3937858150555537	 Accuracy: 0.8594150641025641
Epoch [471/500]	 Loss: 0.3937291851410499	 Accuracy: 0.8594551282051283
Epoch [472/500]	 Loss: 0.393672708211801	 Accuracy: 0.8594150641025641
Epoch [473/500]	 Loss: 0.393616398022725	 Accuracy: 0.8593950320512821
Epoch [474/500]	 Loss: 0.39356024204156337	 Accuracy: 0.8594751602564102
Epoch [475/500]	 Loss: 0.3935042497439262	 Accuracy: 0.8594751602564102
Epoch [476/500]	 Loss: 0.39344841425235455	 Accuracy: 0.8595552884615385
Epoch [477/500]	 Loss: 0.39339274168014526	 Accuracy: 0.8595552884615385
Epoch [478/500]	 Loss: 0.393337222857353	 Accuracy: 0.8596153846153847
Epoch [479/500]	 Loss: 0.39328186771808527	 Accuracy: 0.8596354166666667
Epoch [480/500]	 Loss: 0.3932266576167865	 Accuracy: 0.8596354166666667
Epoch [481/500]	 Loss: 0.39317160814236374	 Accuracy: 0.8596754807692307
Epoch [482/500]	 Loss: 0.3931167150155092	 Accuracy: 0.8597355769230769
Epoch [483/500]	 Loss: 0.3930619783890553	 Accuracy: 0.859755608974359
Epoch [484/500]	 Loss: 0.3930073961233481	 Accuracy: 0.859755608974359
Epoch [485/500]	 Loss: 0.3929529622579232	 Accuracy: 0.8597155448717949
Epoch [486/500]	 Loss: 0.39289868397590444	 Accuracy: 0.859755608974359
Epoch [487/500]	 Loss: 0.3928445557753245	 Accuracy: 0.8598357371794871
Epoch [488/500]	 Loss: 0.39279057689202135	 Accuracy: 0.8598557692307692
Epoch [489/500]	 Loss: 0.39273674900715166	 Accuracy: 0.8598758012820513
Epoch [490/500]	 Loss: 0.39268307303770994	 Accuracy: 0.8598758012820513
Epoch [491/500]	 Loss: 0.39262954378739384	 Accuracy: 0.8598557692307692
Epoch [492/500]	 Loss: 0.39257616140903573	 Accuracy: 0.8598557692307692
Epoch [493/500]	 Loss: 0.3925229265139653	 Accuracy: 0.8598758012820513
Epoch [494/500]	 Loss: 0.3924698380323557	 Accuracy: 0.8598357371794871
Epoch [495/500]	 Loss: 0.3924169002435146	 Accuracy: 0.8598557692307692
Epoch [496/500]	 Loss: 0.39236410840963704	 Accuracy: 0.8599158653846154
Epoch [497/500]	 Loss: 0.3923114610023988	 Accuracy: 0.8599358974358975
Epoch [498/500]	 Loss: 0.3922589523670001	 Accuracy: 0.8599358974358975
Epoch [499/500]	 Loss: 0.3922065910620567	 Accuracy: 0.8599759615384616
[FINAL]	 Loss: 0.45568869129205364	 Accuracy: 0.8417467948717948
