transferring data
Wed Jun 23 21:26:59 PDT 2021

Finished transferring
Wed Jun 23 21:27:00 PDT 2021

Adas: Argument Parser Options
---------------------------------------------
    config              : fine_tuning_configs/2.yaml              
    data                : /localscratch/zhan8425.5896007.0        
    output              : ADP_post_trained/MHIST_transformed/output
    checkpoint          : ADP_post_trained/MHIST_transformed/checkpoint
    resume              : None                                    
    pretrained_model    : /home/zhan8425/projects/def-plato/zhan8425/HistoKT/.Adas-checkpoint/ADP/best_trial_2.pth.tar
    freeze_encoder      : 1                                       
    root                : .                                       
    save_freq           : 25                                      
    cpu                 : 0                                       
    gpu                 : 0                                       
    mpd                 : 0                                       
    dist_url            : tcp://127.0.0.1:23456                   
    dist_backend        : nccl                                    
    world_size          : -1                                      
    rank                : -1                                      
---------------------------------------------
Adas: Notice: early stop will not be used as it was set to -1.0, training till completion
Adas: Experiment Configuration
---------------------------------------------
    dataset              MHIST_transformed   
    network              ResNet18            
    optimizer            AdaM                
    scheduler            None                
    level                L3Only              
    color_kwargs         {'augmentation': 'Color-Distortion', 'distortion': 0.3}
    degree_of_rotation   45                  
    vertical_flipping    0.5                 
    horizontal_flipping  0.5                 
    horizontal_shift     0.1                 
    vertical_shift       0.1                 
    gaussian_blur        0                   
    kernel_size          9                   
    variance             0.1                 
    cutout               0                   
    n_holes              1                   
    cutout_length        16                  
    init_lr              0.0003              
    early_stop_threshold -1.0                
    optimizer_kwargs     {}
    scheduler_kwargs     {}
    p                    1                   
    start_trial          0                   
    n_trials             3                   
    num_workers          4                   
    max_epochs           100                 
    mini_batch_size      32                  
    loss                 cross_entropy       
    early_stop_patience  10                  
---------------------------------------------
Adas: Pytorch device is set to cuda
Train AUC: 0.5234994008882874
Valid AUC: 0.6071790418294979
AdaM on MHIST_transformed: T 1/3 | E 1/100 Ended | E Time: 11.714s | ~Time Left: 1159.678s |  Train Loss: 0.6499 | Train Acc. 67.9885% | Test Loss: 0.6115 | Test Acc. 66.4368%
Train AUC: 0.5839156895342621
Valid AUC: 0.654363873208858
AdaM on MHIST_transformed: T 1/3 | E 2/100 Ended | E Time: 9.725s | ~Time Left: 953.074s |  Train Loss: 0.5976 | Train Acc. 70.5747% | Test Loss: 0.6231 | Test Acc. 67.8161%
Train AUC: 0.6427610467862929
Valid AUC: 0.7225358228397742
AdaM on MHIST_transformed: T 1/3 | E 3/100 Ended | E Time: 9.612s | ~Time Left: 932.364s |  Train Loss: 0.5677 | Train Acc. 71.3218% | Test Loss: 0.5604 | Test Acc. 67.1264%
Train AUC: 0.6784331226225563
Valid AUC: 0.654991074443962
AdaM on MHIST_transformed: T 1/3 | E 4/100 Ended | E Time: 9.794s | ~Time Left: 940.267s |  Train Loss: 0.5565 | Train Acc. 71.6667% | Test Loss: 0.7309 | Test Acc. 67.5862%
Train AUC: 0.6804241678232056
Valid AUC: 0.7553915183094514
AdaM on MHIST_transformed: T 1/3 | E 5/100 Ended | E Time: 9.796s | ~Time Left: 930.627s |  Train Loss: 0.5551 | Train Acc. 70.3448% | Test Loss: 0.6249 | Test Acc. 65.5172%
Train AUC: 0.7053694467738693
Valid AUC: 0.7772470690403821
AdaM on MHIST_transformed: T 1/3 | E 6/100 Ended | E Time: 9.875s | ~Time Left: 928.275s |  Train Loss: 0.5351 | Train Acc. 71.3793% | Test Loss: 0.5300 | Test Acc. 70.5747%
Train AUC: 0.6942666725515293
Valid AUC: 0.7597336807063252
AdaM on MHIST_transformed: T 1/3 | E 7/100 Ended | E Time: 9.715s | ~Time Left: 903.517s |  Train Loss: 0.5398 | Train Acc. 71.8966% | Test Loss: 0.5595 | Test Acc. 67.8161%
Train AUC: 0.7350275199063653
Valid AUC: 0.7882230906547015
AdaM on MHIST_transformed: T 1/3 | E 8/100 Ended | E Time: 9.775s | ~Time Left: 899.289s |  Train Loss: 0.5182 | Train Acc. 73.2184% | Test Loss: 0.5710 | Test Acc. 69.6552%
Train AUC: 0.7241045609320316
Valid AUC: 0.7712886573068944
AdaM on MHIST_transformed: T 1/3 | E 9/100 Ended | E Time: 10.083s | ~Time Left: 917.535s |  Train Loss: 0.5281 | Train Acc. 72.5287% | Test Loss: 0.5310 | Test Acc. 70.8046%
Train AUC: 0.7421432996751883
Valid AUC: 0.7426786317363825
AdaM on MHIST_transformed: T 1/3 | E 10/100 Ended | E Time: 9.898s | ~Time Left: 890.801s |  Train Loss: 0.5166 | Train Acc. 73.2759% | Test Loss: 0.5718 | Test Acc. 68.2759%
Train AUC: 0.7387938320100566
Valid AUC: 0.7890432768852221
AdaM on MHIST_transformed: T 1/3 | E 11/100 Ended | E Time: 9.697s | ~Time Left: 863.030s |  Train Loss: 0.5177 | Train Acc. 72.9310% | Test Loss: 0.5115 | Test Acc. 74.7126%
Train AUC: 0.7653231198272468
Valid AUC: 0.7867998263135041
AdaM on MHIST_transformed: T 1/3 | E 12/100 Ended | E Time: 9.696s | ~Time Left: 853.258s |  Train Loss: 0.4986 | Train Acc. 73.9655% | Test Loss: 0.5360 | Test Acc. 67.3563%
Train AUC: 0.7650452235348735
Valid AUC: 0.7563323201621074
AdaM on MHIST_transformed: T 1/3 | E 13/100 Ended | E Time: 10.475s | ~Time Left: 911.353s |  Train Loss: 0.4999 | Train Acc. 72.7011% | Test Loss: 0.5456 | Test Acc. 67.3563%
Train AUC: 0.7711687500715173
Valid AUC: 0.7673807111497081
AdaM on MHIST_transformed: T 1/3 | E 14/100 Ended | E Time: 9.778s | ~Time Left: 840.869s |  Train Loss: 0.4909 | Train Acc. 74.2529% | Test Loss: 0.5447 | Test Acc. 74.0230%
Train AUC: 0.7676329284220886
Valid AUC: 0.7195928016596709
AdaM on MHIST_transformed: T 1/3 | E 15/100 Ended | E Time: 9.844s | ~Time Left: 836.731s |  Train Loss: 0.4928 | Train Acc. 74.5977% | Test Loss: 0.5882 | Test Acc. 69.4253%
Train AUC: 0.7906329333261407
Valid AUC: 0.8245525160418777
AdaM on MHIST_transformed: T 1/3 | E 16/100 Ended | E Time: 9.797s | ~Time Left: 822.913s |  Train Loss: 0.4794 | Train Acc. 74.8276% | Test Loss: 0.5282 | Test Acc. 71.4943%
Train AUC: 0.7724814013819619
Valid AUC: 0.8295218796738554
AdaM on MHIST_transformed: T 1/3 | E 17/100 Ended | E Time: 9.834s | ~Time Left: 816.248s |  Train Loss: 0.4908 | Train Acc. 75.3448% | Test Loss: 0.4701 | Test Acc. 75.6322%
Train AUC: 0.7795268897356551
Valid AUC: 0.750470400926328
AdaM on MHIST_transformed: T 1/3 | E 18/100 Ended | E Time: 9.720s | ~Time Left: 797.066s |  Train Loss: 0.4866 | Train Acc. 73.5632% | Test Loss: 0.5614 | Test Acc. 69.1954%
Train AUC: 0.7954830409700869
Valid AUC: 0.819896753027452
AdaM on MHIST_transformed: T 1/3 | E 19/100 Ended | E Time: 9.752s | ~Time Left: 789.947s |  Train Loss: 0.4734 | Train Acc. 76.0345% | Test Loss: 0.5200 | Test Acc. 73.3333%
Train AUC: 0.7960633538159247
Valid AUC: 0.8442611086987987
AdaM on MHIST_transformed: T 1/3 | E 20/100 Ended | E Time: 9.731s | ~Time Left: 778.491s |  Train Loss: 0.4746 | Train Acc. 75.4023% | Test Loss: 0.4501 | Test Acc. 77.7011%
Train AUC: 0.805644237166504
Valid AUC: 0.8309933902639071
AdaM on MHIST_transformed: T 1/3 | E 21/100 Ended | E Time: 10.511s | ~Time Left: 830.400s |  Train Loss: 0.4636 | Train Acc. 76.7241% | Test Loss: 0.4690 | Test Acc. 74.0230%
Train AUC: 0.7998165884470338
Valid AUC: 0.8235393448159405
AdaM on MHIST_transformed: T 1/3 | E 22/100 Ended | E Time: 9.754s | ~Time Left: 760.798s |  Train Loss: 0.4768 | Train Acc. 76.2644% | Test Loss: 0.4930 | Test Acc. 69.1954%
Train AUC: 0.7763719494751846
Valid AUC: 0.8100786413856323
AdaM on MHIST_transformed: T 1/3 | E 23/100 Ended | E Time: 9.788s | ~Time Left: 753.682s |  Train Loss: 0.4881 | Train Acc. 74.0805% | Test Loss: 0.4917 | Test Acc. 74.9425%
Train AUC: 0.8016588773970599
Valid AUC: 0.8001157909972499
AdaM on MHIST_transformed: T 1/3 | E 24/100 Ended | E Time: 10.126s | ~Time Left: 769.570s |  Train Loss: 0.4724 | Train Acc. 76.3218% | Test Loss: 0.5177 | Test Acc. 73.1034%
Train AUC: 0.8112462994839301
Valid AUC: 0.8571187340184301
AdaM on MHIST_transformed: T 1/3 | E 25/100 Ended | E Time: 10.477s | ~Time Left: 785.806s |  Train Loss: 0.4613 | Train Acc. 76.6667% | Test Loss: 0.4458 | Test Acc. 79.3103%
Train AUC: 0.8095315158915811
Valid AUC: 0.8057364789887586
AdaM on MHIST_transformed: T 1/3 | E 26/100 Ended | E Time: 9.665s | ~Time Left: 715.197s |  Train Loss: 0.4611 | Train Acc. 76.5517% | Test Loss: 0.5000 | Test Acc. 73.3333%
Train AUC: 0.8223523430744157
Valid AUC: 0.8209581705022435
AdaM on MHIST_transformed: T 1/3 | E 27/100 Ended | E Time: 9.726s | ~Time Left: 710.019s |  Train Loss: 0.4515 | Train Acc. 77.4138% | Test Loss: 0.5428 | Test Acc. 68.2759%
Train AUC: 0.8425047283236805
Valid AUC: 0.8345394895546872
AdaM on MHIST_transformed: T 1/3 | E 28/100 Ended | E Time: 9.829s | ~Time Left: 707.665s |  Train Loss: 0.4334 | Train Acc. 78.3333% | Test Loss: 0.5217 | Test Acc. 74.2529%
Train AUC: 0.7913195006367094
Valid AUC: 0.8251073479037004
AdaM on MHIST_transformed: T 1/3 | E 29/100 Ended | E Time: 9.908s | ~Time Left: 703.487s |  Train Loss: 0.4832 | Train Acc. 76.2069% | Test Loss: 0.4900 | Test Acc. 75.8621%
Train AUC: 0.827601313632121
Valid AUC: 0.8103439957543301
AdaM on MHIST_transformed: T 1/3 | E 30/100 Ended | E Time: 9.829s | ~Time Left: 687.998s |  Train Loss: 0.4466 | Train Acc. 77.1839% | Test Loss: 0.4913 | Test Acc. 73.5632%
Train AUC: 0.835400391343367
Valid AUC: 0.839870700053071
AdaM on MHIST_transformed: T 1/3 | E 31/100 Ended | E Time: 9.742s | ~Time Left: 672.165s |  Train Loss: 0.4367 | Train Acc. 78.3908% | Test Loss: 0.4712 | Test Acc. 74.0230%
Train AUC: 0.8425472301095729
Valid AUC: 0.8673951850243643
AdaM on MHIST_transformed: T 1/3 | E 32/100 Ended | E Time: 9.793s | ~Time Left: 665.947s |  Train Loss: 0.4257 | Train Acc. 79.0805% | Test Loss: 0.4957 | Test Acc. 77.4713%
Train AUC: 0.8306107670101137
Valid AUC: 0.8498335504414531
AdaM on MHIST_transformed: T 1/3 | E 33/100 Ended | E Time: 9.941s | ~Time Left: 666.050s |  Train Loss: 0.4435 | Train Acc. 77.9885% | Test Loss: 0.4474 | Test Acc. 77.4713%
Train AUC: 0.8340403341948118
Valid AUC: 0.8393882375645294
AdaM on MHIST_transformed: T 1/3 | E 34/100 Ended | E Time: 9.730s | ~Time Left: 642.172s |  Train Loss: 0.4377 | Train Acc. 79.0805% | Test Loss: 0.4777 | Test Acc. 78.3908%
Train AUC: 0.8421630793524688
Valid AUC: 0.8393882375645294
AdaM on MHIST_transformed: T 1/3 | E 35/100 Ended | E Time: 9.913s | ~Time Left: 644.378s |  Train Loss: 0.4249 | Train Acc. 79.5977% | Test Loss: 0.4696 | Test Acc. 77.2414%
Train AUC: 0.8415124750915016
Valid AUC: 0.8752834467120181
AdaM on MHIST_transformed: T 1/3 | E 36/100 Ended | E Time: 9.729s | ~Time Left: 622.626s |  Train Loss: 0.4293 | Train Acc. 78.6207% | Test Loss: 0.4455 | Test Acc. 73.5632%
Train AUC: 0.8413261211072043
Valid AUC: 0.8610266801756163
AdaM on MHIST_transformed: T 1/3 | E 37/100 Ended | E Time: 9.932s | ~Time Left: 625.725s |  Train Loss: 0.4283 | Train Acc. 79.4828% | Test Loss: 0.4556 | Test Acc. 79.0805%
Train AUC: 0.8740868246098419
Valid AUC: 0.7915038355767838
AdaM on MHIST_transformed: T 1/3 | E 38/100 Ended | E Time: 9.992s | ~Time Left: 619.516s |  Train Loss: 0.3912 | Train Acc. 80.8046% | Test Loss: 0.9138 | Test Acc. 70.5747%
Train AUC: 0.8490941398210675
Valid AUC: 0.8537897428474936
AdaM on MHIST_transformed: T 1/3 | E 39/100 Ended | E Time: 9.753s | ~Time Left: 594.915s |  Train Loss: 0.4192 | Train Acc. 79.8276% | Test Loss: 0.4444 | Test Acc. 77.2414%
Train AUC: 0.8508121927815621
Valid AUC: 0.8854634052202441
AdaM on MHIST_transformed: T 1/3 | E 40/100 Ended | E Time: 9.773s | ~Time Left: 586.392s |  Train Loss: 0.4216 | Train Acc. 79.8276% | Test Loss: 0.4543 | Test Acc. 79.0805%
Train AUC: 0.8595790034638955
Valid AUC: 0.8817001978096203
AdaM on MHIST_transformed: T 1/3 | E 41/100 Ended | E Time: 9.923s | ~Time Left: 585.470s |  Train Loss: 0.4069 | Train Acc. 80.0575% | Test Loss: 0.4011 | Test Acc. 81.1494%
Train AUC: 0.8726368598372835
Valid AUC: 0.8651999807015004
AdaM on MHIST_transformed: T 1/3 | E 42/100 Ended | E Time: 10.068s | ~Time Left: 583.934s |  Train Loss: 0.3921 | Train Acc. 81.8391% | Test Loss: 0.5748 | Test Acc. 68.9655%
Train AUC: 0.8613411928943554
Valid AUC: 0.8695421430983741
AdaM on MHIST_transformed: T 1/3 | E 43/100 Ended | E Time: 9.766s | ~Time Left: 556.676s |  Train Loss: 0.4053 | Train Acc. 80.7471% | Test Loss: 0.4379 | Test Acc. 78.3908%
Train AUC: 0.8635104186589379
Valid AUC: 0.8768032035509239
AdaM on MHIST_transformed: T 1/3 | E 44/100 Ended | E Time: 9.694s | ~Time Left: 542.888s |  Train Loss: 0.4031 | Train Acc. 81.4943% | Test Loss: 0.4185 | Test Acc. 79.5402%
Train AUC: 0.8790317439300093
Valid AUC: 0.87361895112655
AdaM on MHIST_transformed: T 1/3 | E 45/100 Ended | E Time: 9.929s | ~Time Left: 546.106s |  Train Loss: 0.3832 | Train Acc. 81.9540% | Test Loss: 0.4710 | Test Acc. 77.7011%
Train AUC: 0.864089096820703
Valid AUC: 0.8629565301297824
AdaM on MHIST_transformed: T 1/3 | E 46/100 Ended | E Time: 9.792s | ~Time Left: 528.753s |  Train Loss: 0.4041 | Train Acc. 80.8621% | Test Loss: 0.6056 | Test Acc. 70.1149%
Train AUC: 0.8651320252591382
Valid AUC: 0.8779852366478507
AdaM on MHIST_transformed: T 1/3 | E 47/100 Ended | E Time: 9.743s | ~Time Left: 516.366s |  Train Loss: 0.4016 | Train Acc. 79.7701% | Test Loss: 0.4069 | Test Acc. 81.1494%
Train AUC: 0.8715481602448103
Valid AUC: 0.8886717807690452
AdaM on MHIST_transformed: T 1/3 | E 48/100 Ended | E Time: 9.832s | ~Time Left: 511.290s |  Train Loss: 0.3927 | Train Acc. 81.6667% | Test Loss: 0.3891 | Test Acc. 83.2184%
Train AUC: 0.8801841962013212
Valid AUC: 0.8789742847493607
AdaM on MHIST_transformed: T 1/3 | E 49/100 Ended | E Time: 9.862s | ~Time Left: 502.963s |  Train Loss: 0.3842 | Train Acc. 82.2414% | Test Loss: 0.4936 | Test Acc. 78.1609%
Train AUC: 0.8836039552815825
Valid AUC: 0.8775027741593092
AdaM on MHIST_transformed: T 1/3 | E 50/100 Ended | E Time: 9.833s | ~Time Left: 491.659s |  Train Loss: 0.3737 | Train Acc. 83.1609% | Test Loss: 0.4364 | Test Acc. 80.4598%
Train AUC: 0.8860347304978103
Valid AUC: 0.8737636898731124
AdaM on MHIST_transformed: T 1/3 | E 51/100 Ended | E Time: 9.820s | ~Time Left: 481.166s |  Train Loss: 0.3713 | Train Acc. 82.8161% | Test Loss: 0.4076 | Test Acc. 77.2414%
Train AUC: 0.8802430448279414
Valid AUC: 0.885077435229411
AdaM on MHIST_transformed: T 1/3 | E 52/100 Ended | E Time: 10.484s | ~Time Left: 503.221s |  Train Loss: 0.3816 | Train Acc. 83.3908% | Test Loss: 0.3927 | Test Acc. 80.9195%
Train AUC: 0.8861115606492312
Valid AUC: 0.8954503787330536
AdaM on MHIST_transformed: T 1/3 | E 53/100 Ended | E Time: 9.709s | ~Time Left: 456.311s |  Train Loss: 0.3708 | Train Acc. 81.9540% | Test Loss: 0.4276 | Test Acc. 82.2989%
Train AUC: 0.8878606726071087
Valid AUC: 0.8658513050610316
AdaM on MHIST_transformed: T 1/3 | E 54/100 Ended | E Time: 9.679s | ~Time Left: 445.238s |  Train Loss: 0.3686 | Train Acc. 82.0690% | Test Loss: 0.5093 | Test Acc. 72.8736%
Train AUC: 0.8857911625709658
Valid AUC: 0.8323201621073961
AdaM on MHIST_transformed: T 1/3 | E 55/100 Ended | E Time: 9.758s | ~Time Left: 439.123s |  Train Loss: 0.3710 | Train Acc. 83.1034% | Test Loss: 0.6877 | Test Acc. 76.0920%
Train AUC: 0.8957872556760318
Valid AUC: 0.8926762194239398
AdaM on MHIST_transformed: T 1/3 | E 56/100 Ended | E Time: 9.979s | ~Time Left: 439.087s |  Train Loss: 0.3587 | Train Acc. 83.7356% | Test Loss: 0.3890 | Test Acc. 82.0690%
Train AUC: 0.8942539220157616
Valid AUC: 0.9002750036184687
AdaM on MHIST_transformed: T 1/3 | E 57/100 Ended | E Time: 9.708s | ~Time Left: 417.425s |  Train Loss: 0.3576 | Train Acc. 83.0460% | Test Loss: 0.5498 | Test Acc. 72.8736%
Train AUC: 0.8939008302560404
Valid AUC: 0.8792878853669127
AdaM on MHIST_transformed: T 1/3 | E 58/100 Ended | E Time: 9.766s | ~Time Left: 410.162s |  Train Loss: 0.3602 | Train Acc. 83.5057% | Test Loss: 0.4557 | Test Acc. 79.5402%
Train AUC: 0.9047731140241182
Valid AUC: 0.8994789405123752
AdaM on MHIST_transformed: T 1/3 | E 59/100 Ended | E Time: 9.838s | ~Time Left: 403.352s |  Train Loss: 0.3401 | Train Acc. 85.1149% | Test Loss: 0.4233 | Test Acc. 79.7701%
Train AUC: 0.8963119892633951
Valid AUC: 0.8544651903314517
AdaM on MHIST_transformed: T 1/3 | E 60/100 Ended | E Time: 10.395s | ~Time Left: 415.814s |  Train Loss: 0.3607 | Train Acc. 83.0460% | Test Loss: 0.5222 | Test Acc. 75.1724%
Train AUC: 0.9111663634327711
Valid AUC: 0.8588073527283254
AdaM on MHIST_transformed: T 1/3 | E 61/100 Ended | E Time: 9.789s | ~Time Left: 381.758s |  Train Loss: 0.3337 | Train Acc. 84.1954% | Test Loss: 0.4738 | Test Acc. 77.2414%
Train AUC: 0.8997611726569664
Valid AUC: 0.8843537414965986
AdaM on MHIST_transformed: T 1/3 | E 62/100 Ended | E Time: 9.804s | ~Time Left: 372.555s |  Train Loss: 0.3555 | Train Acc. 84.1379% | Test Loss: 0.4127 | Test Acc. 79.7701%
Train AUC: 0.8928203040839313
Valid AUC: 0.9040864572779467
AdaM on MHIST_transformed: T 1/3 | E 63/100 Ended | E Time: 9.711s | ~Time Left: 359.320s |  Train Loss: 0.3668 | Train Acc. 83.2759% | Test Loss: 0.3801 | Test Acc. 82.0690%
Train AUC: 0.9084527878719519
Valid AUC: 0.8850050658561297
AdaM on MHIST_transformed: T 1/3 | E 64/100 Ended | E Time: 9.920s | ~Time Left: 357.104s |  Train Loss: 0.3377 | Train Acc. 84.8276% | Test Loss: 0.4104 | Test Acc. 80.9195%
Train AUC: 0.8994800069964479
Valid AUC: 0.8874173782988373
AdaM on MHIST_transformed: T 1/3 | E 65/100 Ended | E Time: 9.699s | ~Time Left: 339.479s |  Train Loss: 0.3535 | Train Acc. 84.0805% | Test Loss: 0.4058 | Test Acc. 82.0690%
Train AUC: 0.9000439730015578
Valid AUC: 0.8997684180055001
AdaM on MHIST_transformed: T 1/3 | E 66/100 Ended | E Time: 9.712s | ~Time Left: 330.198s |  Train Loss: 0.3497 | Train Acc. 84.7126% | Test Loss: 0.4271 | Test Acc. 80.6897%
Train AUC: 0.9089824255115334
Valid AUC: 0.8895160901239928
AdaM on MHIST_transformed: T 1/3 | E 67/100 Ended | E Time: 9.771s | ~Time Left: 322.430s |  Train Loss: 0.3382 | Train Acc. 85.0000% | Test Loss: 0.4102 | Test Acc. 82.2989%
Train AUC: 0.9028915926563453
Valid AUC: 0.9041829497756549
AdaM on MHIST_transformed: T 1/3 | E 68/100 Ended | E Time: 9.856s | ~Time Left: 315.388s |  Train Loss: 0.3491 | Train Acc. 85.1724% | Test Loss: 0.3718 | Test Acc. 81.8391%
Train AUC: 0.9137753192129322
Valid AUC: 0.8941236068895643
AdaM on MHIST_transformed: T 1/3 | E 69/100 Ended | E Time: 9.967s | ~Time Left: 308.971s |  Train Loss: 0.3258 | Train Acc. 85.5172% | Test Loss: 0.4779 | Test Acc. 77.4713%
Train AUC: 0.9036386432776069
Valid AUC: 0.8785883147585276
AdaM on MHIST_transformed: T 1/3 | E 70/100 Ended | E Time: 10.033s | ~Time Left: 300.987s |  Train Loss: 0.3405 | Train Acc. 84.8851% | Test Loss: 0.4872 | Test Acc. 77.9310%
Train AUC: 0.9108050982526861
Valid AUC: 0.8426931056110387
AdaM on MHIST_transformed: T 1/3 | E 71/100 Ended | E Time: 9.798s | ~Time Left: 284.136s |  Train Loss: 0.3286 | Train Acc. 84.8276% | Test Loss: 0.5065 | Test Acc. 77.0115%
Train AUC: 0.9047109960293525
Valid AUC: 0.9123124427075795
AdaM on MHIST_transformed: T 1/3 | E 72/100 Ended | E Time: 9.834s | ~Time Left: 275.354s |  Train Loss: 0.3456 | Train Acc. 83.5057% | Test Loss: 0.3696 | Test Acc. 83.4483%
Train AUC: 0.9229965720674994
Valid AUC: 0.8802769334684228
AdaM on MHIST_transformed: T 1/3 | E 73/100 Ended | E Time: 9.924s | ~Time Left: 267.957s |  Train Loss: 0.3130 | Train Acc. 85.9195% | Test Loss: 0.4095 | Test Acc. 81.1494%
Train AUC: 0.9212245745326029
Valid AUC: 0.8906016307232112
AdaM on MHIST_transformed: T 1/3 | E 74/100 Ended | E Time: 9.666s | ~Time Left: 251.321s |  Train Loss: 0.3163 | Train Acc. 86.4943% | Test Loss: 0.4204 | Test Acc. 79.5402%
Train AUC: 0.9181497337916987
Valid AUC: 0.9023013460703431
AdaM on MHIST_transformed: T 1/3 | E 75/100 Ended | E Time: 9.783s | ~Time Left: 244.572s |  Train Loss: 0.3189 | Train Acc. 85.6322% | Test Loss: 0.3822 | Test Acc. 82.5287%
Train AUC: 0.9244416327878393
Valid AUC: 0.8859458677087857
AdaM on MHIST_transformed: T 1/3 | E 76/100 Ended | E Time: 9.909s | ~Time Left: 237.825s |  Train Loss: 0.3120 | Train Acc. 85.5747% | Test Loss: 0.4515 | Test Acc. 82.5287%
Train AUC: 0.9070992694596879
Valid AUC: 0.9083803734259661
AdaM on MHIST_transformed: T 1/3 | E 77/100 Ended | E Time: 9.902s | ~Time Left: 227.743s |  Train Loss: 0.3347 | Train Acc. 86.3793% | Test Loss: 0.3761 | Test Acc. 83.4483%
Train AUC: 0.9179045311807814
Valid AUC: 0.8972837361895113
AdaM on MHIST_transformed: T 1/3 | E 78/100 Ended | E Time: 9.754s | ~Time Left: 214.583s |  Train Loss: 0.3210 | Train Acc. 85.4598% | Test Loss: 0.3855 | Test Acc. 82.2989%
Train AUC: 0.9196503737705132
Valid AUC: 0.9161962657403386
AdaM on MHIST_transformed: T 1/3 | E 79/100 Ended | E Time: 9.856s | ~Time Left: 206.968s |  Train Loss: 0.3193 | Train Acc. 86.2069% | Test Loss: 0.3494 | Test Acc. 83.4483%
Train AUC: 0.9200100042665255
Valid AUC: 0.904834274135186
AdaM on MHIST_transformed: T 1/3 | E 80/100 Ended | E Time: 9.821s | ~Time Left: 196.421s |  Train Loss: 0.3135 | Train Acc. 86.2644% | Test Loss: 0.3693 | Test Acc. 83.6782%
Train AUC: 0.9249680010592753
Valid AUC: 0.9085974815458099
AdaM on MHIST_transformed: T 1/3 | E 81/100 Ended | E Time: 9.899s | ~Time Left: 188.087s |  Train Loss: 0.3036 | Train Acc. 86.0920% | Test Loss: 0.3509 | Test Acc. 82.2989%
Train AUC: 0.9252230117746294
Valid AUC: 0.9057027066145606
AdaM on MHIST_transformed: T 1/3 | E 82/100 Ended | E Time: 10.487s | ~Time Left: 188.771s |  Train Loss: 0.3102 | Train Acc. 86.0920% | Test Loss: 0.4089 | Test Acc. 81.6092%
Train AUC: 0.9245397138322061
Valid AUC: 0.9075119409465914
AdaM on MHIST_transformed: T 1/3 | E 83/100 Ended | E Time: 9.823s | ~Time Left: 166.990s |  Train Loss: 0.3061 | Train Acc. 85.9195% | Test Loss: 0.3644 | Test Acc. 83.9080%
Train AUC: 0.9296268506667058
Valid AUC: 0.8888406426400347
AdaM on MHIST_transformed: T 1/3 | E 84/100 Ended | E Time: 9.906s | ~Time Left: 158.502s |  Train Loss: 0.2996 | Train Acc. 86.4368% | Test Loss: 0.3989 | Test Acc. 81.8391%
Train AUC: 0.9288634532047164
Valid AUC: 0.8999372798764896
AdaM on MHIST_transformed: T 1/3 | E 85/100 Ended | E Time: 10.161s | ~Time Left: 152.415s |  Train Loss: 0.2992 | Train Acc. 86.4943% | Test Loss: 0.4134 | Test Acc. 83.6782%
Train AUC: 0.9309999852878433
Valid AUC: 0.9042794422733632
AdaM on MHIST_transformed: T 1/3 | E 86/100 Ended | E Time: 10.058s | ~Time Left: 140.818s |  Train Loss: 0.2949 | Train Acc. 88.0460% | Test Loss: 0.3642 | Test Acc. 85.2874%
Train AUC: 0.932010220044823
Valid AUC: 0.9189704250494524
AdaM on MHIST_transformed: T 1/3 | E 87/100 Ended | E Time: 9.642s | ~Time Left: 125.352s |  Train Loss: 0.2886 | Train Acc. 87.7011% | Test Loss: 0.3573 | Test Acc. 84.3678%
Train AUC: 0.9347957217048447
Valid AUC: 0.9132291214358084
AdaM on MHIST_transformed: T 1/3 | E 88/100 Ended | E Time: 9.875s | ~Time Left: 118.497s |  Train Loss: 0.2829 | Train Acc. 88.2759% | Test Loss: 0.3600 | Test Acc. 84.1379%
Train AUC: 0.9311863392721406
Valid AUC: 0.8595551695855647
AdaM on MHIST_transformed: T 1/3 | E 89/100 Ended | E Time: 9.757s | ~Time Left: 107.326s |  Train Loss: 0.2924 | Train Acc. 87.2414% | Test Loss: 0.4974 | Test Acc. 80.4598%
Train AUC: 0.932010220044823
Valid AUC: 0.8990688473971148
AdaM on MHIST_transformed: T 1/3 | E 90/100 Ended | E Time: 9.973s | ~Time Left: 99.735s |  Train Loss: 0.2933 | Train Acc. 86.8966% | Test Loss: 0.4268 | Test Acc. 81.3793%
Train AUC: 0.9283992029280461
Valid AUC: 0.8947990543735225
AdaM on MHIST_transformed: T 1/3 | E 91/100 Ended | E Time: 9.761s | ~Time Left: 87.850s |  Train Loss: 0.2972 | Train Acc. 86.2069% | Test Loss: 0.4650 | Test Acc. 79.5402%
Train AUC: 0.9390033985081874
Valid AUC: 0.8767067110532156
AdaM on MHIST_transformed: T 1/3 | E 92/100 Ended | E Time: 9.802s | ~Time Left: 78.414s |  Train Loss: 0.2762 | Train Acc. 88.8506% | Test Loss: 0.4377 | Test Acc. 81.6092%
Train AUC: 0.9390246494011335
Valid AUC: 0.912794905196121
AdaM on MHIST_transformed: T 1/3 | E 93/100 Ended | E Time: 9.985s | ~Time Left: 69.892s |  Train Loss: 0.2848 | Train Acc. 87.8736% | Test Loss: 0.4781 | Test Acc. 81.1494%
Train AUC: 0.9323829280134175
Valid AUC: 0.9097553915183094
AdaM on MHIST_transformed: T 1/3 | E 94/100 Ended | E Time: 9.881s | ~Time Left: 59.289s |  Train Loss: 0.2917 | Train Acc. 87.5287% | Test Loss: 0.3767 | Test Acc. 84.8276%
Train AUC: 0.933161037632062
Valid AUC: 0.9287402904424181
AdaM on MHIST_transformed: T 1/3 | E 95/100 Ended | E Time: 9.707s | ~Time Left: 48.535s |  Train Loss: 0.2903 | Train Acc. 87.5287% | Test Loss: 0.3270 | Test Acc. 85.9770%
Train AUC: 0.9398125671242148
Valid AUC: 0.9109615477396632
AdaM on MHIST_transformed: T 1/3 | E 96/100 Ended | E Time: 9.863s | ~Time Left: 39.452s |  Train Loss: 0.2765 | Train Acc. 88.5632% | Test Loss: 0.3640 | Test Acc. 84.5977%
Train AUC: 0.9477407848772108
Valid AUC: 0.9096830221450283
AdaM on MHIST_transformed: T 1/3 | E 97/100 Ended | E Time: 9.884s | ~Time Left: 29.651s |  Train Loss: 0.2615 | Train Acc. 89.0230% | Test Loss: 0.3705 | Test Acc. 84.5977%
Train AUC: 0.947603471415097
Valid AUC: 0.9064987697206542
AdaM on MHIST_transformed: T 1/3 | E 98/100 Ended | E Time: 9.995s | ~Time Left: 19.990s |  Train Loss: 0.2577 | Train Acc. 88.5632% | Test Loss: 0.4220 | Test Acc. 82.5287%
Train AUC: 0.9295451164630668
Valid AUC: 0.9087904665412264
AdaM on MHIST_transformed: T 1/3 | E 99/100 Ended | E Time: 9.780s | ~Time Left: 9.780s |  Train Loss: 0.3015 | Train Acc. 86.4943% | Test Loss: 0.4723 | Test Acc. 81.3793%
Train AUC: 0.944796718862129
Valid AUC: 0.9050996285038838
AdaM on MHIST_transformed: T 1/3 | E 100/100 Ended | E Time: 10.149s | ~Time Left: 0.000s |  Train Loss: 0.2648 | Train Acc. 88.2184% | Test Loss: 0.3881 | Test Acc. 84.1379%
Train AUC: 0.5457311042781317
Valid AUC: 0.6169247840980363
AdaM on MHIST_transformed: T 2/3 | E 1/100 Ended | E Time: 9.768s | ~Time Left: 967.013s |  Train Loss: 0.6333 | Train Acc. 68.2184% | Test Loss: 0.6366 | Test Acc. 67.5862%
Train AUC: 0.6176245097991137
Valid AUC: 0.5409128190283206
AdaM on MHIST_transformed: T 2/3 | E 2/100 Ended | E Time: 9.830s | ~Time Left: 963.366s |  Train Loss: 0.5901 | Train Acc. 70.5172% | Test Loss: 0.6642 | Test Acc. 65.7471%
Train AUC: 0.6283987125228242
Valid AUC: 0.7326192888502919
AdaM on MHIST_transformed: T 2/3 | E 3/100 Ended | E Time: 9.778s | ~Time Left: 948.475s |  Train Loss: 0.5781 | Train Acc. 71.3218% | Test Loss: 0.5650 | Test Acc. 70.1149%
Train AUC: 0.6713140734855878
Valid AUC: 0.7322333188594587
AdaM on MHIST_transformed: T 2/3 | E 4/100 Ended | E Time: 10.061s | ~Time Left: 965.836s |  Train Loss: 0.5569 | Train Acc. 72.6437% | Test Loss: 0.5530 | Test Acc. 71.0345%
Train AUC: 0.6878292866729111
Valid AUC: 0.6929367491677522
AdaM on MHIST_transformed: T 2/3 | E 5/100 Ended | E Time: 9.767s | ~Time Left: 927.877s |  Train Loss: 0.5461 | Train Acc. 71.7816% | Test Loss: 0.5749 | Test Acc. 69.1954%
Train AUC: 0.6994633332189055
Valid AUC: 0.7358035412746659
AdaM on MHIST_transformed: T 2/3 | E 6/100 Ended | E Time: 9.734s | ~Time Left: 914.963s |  Train Loss: 0.5413 | Train Acc. 72.3563% | Test Loss: 0.5422 | Test Acc. 70.1149%
Train AUC: 0.7113540251643267
Valid AUC: 0.7222704684710763
AdaM on MHIST_transformed: T 2/3 | E 7/100 Ended | E Time: 9.676s | ~Time Left: 899.866s |  Train Loss: 0.5211 | Train Acc. 72.4713% | Test Loss: 0.5498 | Test Acc. 69.4253%
Train AUC: 0.718278546896634
Valid AUC: 0.6813335263183288
AdaM on MHIST_transformed: T 2/3 | E 8/100 Ended | E Time: 9.922s | ~Time Left: 912.791s |  Train Loss: 0.5222 | Train Acc. 73.6207% | Test Loss: 0.5456 | Test Acc. 70.8046%
Train AUC: 0.7399364761769316
Valid AUC: 0.7166015342307136
AdaM on MHIST_transformed: T 2/3 | E 9/100 Ended | E Time: 9.762s | ~Time Left: 888.332s |  Train Loss: 0.5113 | Train Acc. 72.2989% | Test Loss: 0.5612 | Test Acc. 69.8851%
Train AUC: 0.7401342729497383
Valid AUC: 0.7914314662035027
AdaM on MHIST_transformed: T 2/3 | E 10/100 Ended | E Time: 9.751s | ~Time Left: 877.601s |  Train Loss: 0.5115 | Train Acc. 73.5057% | Test Loss: 0.5110 | Test Acc. 70.1149%
Train AUC: 0.7355310026007823
Valid AUC: 0.7981376947942298
AdaM on MHIST_transformed: T 2/3 | E 11/100 Ended | E Time: 9.726s | ~Time Left: 865.584s |  Train Loss: 0.5062 | Train Acc. 74.3103% | Test Loss: 0.4983 | Test Acc. 74.4828%
Train AUC: 0.74951981155362
Valid AUC: 0.7293626670526367
AdaM on MHIST_transformed: T 2/3 | E 12/100 Ended | E Time: 9.646s | ~Time Left: 848.842s |  Train Loss: 0.5080 | Train Acc. 74.4828% | Test Loss: 0.5258 | Test Acc. 73.1034%
Train AUC: 0.7472631301911435
Valid AUC: 0.7528585902446084
AdaM on MHIST_transformed: T 2/3 | E 13/100 Ended | E Time: 9.821s | ~Time Left: 854.396s |  Train Loss: 0.5039 | Train Acc. 73.6207% | Test Loss: 0.6015 | Test Acc. 71.0345%
Train AUC: 0.7365543148303444
Valid AUC: 0.7911419887103778
AdaM on MHIST_transformed: T 2/3 | E 14/100 Ended | E Time: 9.936s | ~Time Left: 854.454s |  Train Loss: 0.5070 | Train Acc. 73.1609% | Test Loss: 0.5057 | Test Acc. 74.7126%
Train AUC: 0.746342803058167
Valid AUC: 0.7431128479760698
AdaM on MHIST_transformed: T 2/3 | E 15/100 Ended | E Time: 10.135s | ~Time Left: 861.515s |  Train Loss: 0.5100 | Train Acc. 73.4483% | Test Loss: 0.5247 | Test Acc. 75.8621%
Train AUC: 0.7674171501244813
Valid AUC: 0.8276885222173976
AdaM on MHIST_transformed: T 2/3 | E 16/100 Ended | E Time: 9.755s | ~Time Left: 819.458s |  Train Loss: 0.4940 | Train Acc. 74.5402% | Test Loss: 0.4891 | Test Acc. 71.0345%
Train AUC: 0.7734327875123215
Valid AUC: 0.8150480050176099
AdaM on MHIST_transformed: T 2/3 | E 17/100 Ended | E Time: 9.884s | ~Time Left: 820.391s |  Train Loss: 0.4845 | Train Acc. 75.8046% | Test Loss: 0.5312 | Test Acc. 73.3333%
Train AUC: 0.7648850244957407
Valid AUC: 0.7642447049741882
AdaM on MHIST_transformed: T 2/3 | E 18/100 Ended | E Time: 9.878s | ~Time Left: 810.006s |  Train Loss: 0.4944 | Train Acc. 74.7701% | Test Loss: 0.6069 | Test Acc. 69.6552%
Train AUC: 0.7613835312118404
Valid AUC: 0.7935784242775124
AdaM on MHIST_transformed: T 2/3 | E 19/100 Ended | E Time: 9.729s | ~Time Left: 788.082s |  Train Loss: 0.4950 | Train Acc. 73.6207% | Test Loss: 0.4895 | Test Acc. 74.2529%
Train AUC: 0.7924016614928916
Valid AUC: 0.7354416944082597
AdaM on MHIST_transformed: T 2/3 | E 20/100 Ended | E Time: 9.782s | ~Time Left: 782.528s |  Train Loss: 0.4705 | Train Acc. 75.9195% | Test Loss: 0.5476 | Test Acc. 67.5862%
Train AUC: 0.781799100596823
Valid AUC: 0.8340811501905727
AdaM on MHIST_transformed: T 2/3 | E 21/100 Ended | E Time: 9.829s | ~Time Left: 776.512s |  Train Loss: 0.4822 | Train Acc. 75.5172% | Test Loss: 0.4654 | Test Acc. 74.9425%
Train AUC: 0.8023356366031918
Valid AUC: 0.7938437786462103
AdaM on MHIST_transformed: T 2/3 | E 22/100 Ended | E Time: 9.813s | ~Time Left: 765.403s |  Train Loss: 0.4602 | Train Acc. 76.3793% | Test Loss: 0.5008 | Test Acc. 73.5632%
Train AUC: 0.8028276765090995
Valid AUC: 0.7983065566652192
AdaM on MHIST_transformed: T 2/3 | E 23/100 Ended | E Time: 9.873s | ~Time Left: 760.250s |  Train Loss: 0.4653 | Train Acc. 76.5517% | Test Loss: 0.4980 | Test Acc. 71.4943%
Train AUC: 0.787742811885461
Valid AUC: 0.7835432045158488
AdaM on MHIST_transformed: T 2/3 | E 24/100 Ended | E Time: 9.831s | ~Time Left: 747.160s |  Train Loss: 0.4744 | Train Acc. 76.1494% | Test Loss: 0.5712 | Test Acc. 71.4943%
Train AUC: 0.8090983246122939
Valid AUC: 0.7770058377961113
AdaM on MHIST_transformed: T 2/3 | E 25/100 Ended | E Time: 9.848s | ~Time Left: 738.587s |  Train Loss: 0.4691 | Train Acc. 76.7816% | Test Loss: 0.8740 | Test Acc. 69.8851%
Train AUC: 0.794806281763955
Valid AUC: 0.8455878805422877
AdaM on MHIST_transformed: T 2/3 | E 26/100 Ended | E Time: 9.702s | ~Time Left: 717.917s |  Train Loss: 0.4694 | Train Acc. 75.6322% | Test Loss: 0.4523 | Test Acc. 77.2414%
Train AUC: 0.8128809835567128
Valid AUC: 0.8339122883195831
AdaM on MHIST_transformed: T 2/3 | E 27/100 Ended | E Time: 9.813s | ~Time Left: 716.332s |  Train Loss: 0.4640 | Train Acc. 75.9195% | Test Loss: 0.5185 | Test Acc. 71.7241%
Train AUC: 0.8236560036224598
Valid AUC: 0.8410044869011434
AdaM on MHIST_transformed: T 2/3 | E 28/100 Ended | E Time: 9.874s | ~Time Left: 710.897s |  Train Loss: 0.4432 | Train Acc. 78.1034% | Test Loss: 0.4790 | Test Acc. 77.7011%
Train AUC: 0.8232203603170634
Valid AUC: 0.8183287499396922
AdaM on MHIST_transformed: T 2/3 | E 29/100 Ended | E Time: 9.826s | ~Time Left: 697.627s |  Train Loss: 0.4459 | Train Acc. 77.2414% | Test Loss: 0.5059 | Test Acc. 71.2644%
Train AUC: 0.8164119011539234
Valid AUC: 0.8449848024316109
AdaM on MHIST_transformed: T 2/3 | E 30/100 Ended | E Time: 9.991s | ~Time Left: 699.379s |  Train Loss: 0.4477 | Train Acc. 77.5287% | Test Loss: 0.5818 | Test Acc. 69.8851%
Train AUC: 0.8155013821253836
Valid AUC: 0.842138273749216
AdaM on MHIST_transformed: T 2/3 | E 31/100 Ended | E Time: 9.725s | ~Time Left: 671.059s |  Train Loss: 0.4516 | Train Acc. 76.0345% | Test Loss: 0.4926 | Test Acc. 72.6437%
Train AUC: 0.825425549131247
Valid AUC: 0.8555024846818159
AdaM on MHIST_transformed: T 2/3 | E 32/100 Ended | E Time: 9.813s | ~Time Left: 667.313s |  Train Loss: 0.4490 | Train Acc. 77.6437% | Test Loss: 0.4861 | Test Acc. 73.3333%
Train AUC: 0.8165328677753094
Valid AUC: 0.8487480098422349
AdaM on MHIST_transformed: T 2/3 | E 33/100 Ended | E Time: 9.956s | ~Time Left: 667.022s |  Train Loss: 0.4503 | Train Acc. 76.4368% | Test Loss: 0.4488 | Test Acc. 77.4713%
Train AUC: 0.8315425369315999
Valid AUC: 0.7992714816423023
AdaM on MHIST_transformed: T 2/3 | E 34/100 Ended | E Time: 9.682s | ~Time Left: 639.022s |  Train Loss: 0.4371 | Train Acc. 78.6782% | Test Loss: 0.5864 | Test Acc. 71.0345%
Train AUC: 0.8332900142054045
Valid AUC: 0.8556231003039514
AdaM on MHIST_transformed: T 2/3 | E 35/100 Ended | E Time: 9.697s | ~Time Left: 630.305s |  Train Loss: 0.4388 | Train Acc. 77.9310% | Test Loss: 0.4622 | Test Acc. 75.1724%
Train AUC: 0.8085768603930761
Valid AUC: 0.8252762097746901
AdaM on MHIST_transformed: T 2/3 | E 36/100 Ended | E Time: 9.967s | ~Time Left: 637.880s |  Train Loss: 0.4591 | Train Acc. 76.8391% | Test Loss: 0.4539 | Test Acc. 76.5517%
Train AUC: 0.8333423240957336
Valid AUC: 0.7693829304771553
AdaM on MHIST_transformed: T 2/3 | E 37/100 Ended | E Time: 9.892s | ~Time Left: 623.212s |  Train Loss: 0.4373 | Train Acc. 78.9655% | Test Loss: 0.6634 | Test Acc. 69.4253%
Train AUC: 0.8269490746870807
Valid AUC: 0.8282674772036472
AdaM on MHIST_transformed: T 2/3 | E 38/100 Ended | E Time: 10.076s | ~Time Left: 624.724s |  Train Loss: 0.4445 | Train Acc. 78.1609% | Test Loss: 0.4681 | Test Acc. 78.6207%
Train AUC: 0.8472992567091522
Valid AUC: 0.8157716987504222
AdaM on MHIST_transformed: T 2/3 | E 39/100 Ended | E Time: 9.727s | ~Time Left: 593.320s |  Train Loss: 0.4245 | Train Acc. 79.7126% | Test Loss: 0.5766 | Test Acc. 70.1149%
Train AUC: 0.8383902285124866
Valid AUC: 0.8605442176870748
AdaM on MHIST_transformed: T 2/3 | E 40/100 Ended | E Time: 9.848s | ~Time Left: 590.888s |  Train Loss: 0.4300 | Train Acc. 78.2184% | Test Loss: 0.4567 | Test Acc. 78.6207%
Train AUC: 0.8422693338171998
Valid AUC: 0.799440343513292
AdaM on MHIST_transformed: T 2/3 | E 41/100 Ended | E Time: 9.735s | ~Time Left: 574.384s |  Train Loss: 0.4252 | Train Acc. 79.5402% | Test Loss: 0.5366 | Test Acc. 75.8621%
Train AUC: 0.8555707581174326
Valid AUC: 0.8673951850243643
AdaM on MHIST_transformed: T 2/3 | E 42/100 Ended | E Time: 9.790s | ~Time Left: 567.797s |  Train Loss: 0.4148 | Train Acc. 80.3448% | Test Loss: 0.4286 | Test Acc. 78.3908%
Train AUC: 0.8358630069359646
Valid AUC: 0.8638973319824383
AdaM on MHIST_transformed: T 2/3 | E 43/100 Ended | E Time: 9.773s | ~Time Left: 557.087s |  Train Loss: 0.4382 | Train Acc. 78.3333% | Test Loss: 0.4380 | Test Acc. 78.6207%
Train AUC: 0.847894281711645
Valid AUC: 0.8828581077821199
AdaM on MHIST_transformed: T 2/3 | E 44/100 Ended | E Time: 9.841s | ~Time Left: 551.089s |  Train Loss: 0.4234 | Train Acc. 79.7126% | Test Loss: 0.4673 | Test Acc. 75.8621%
Train AUC: 0.8438876710492546
Valid AUC: 0.8878274714140976
AdaM on MHIST_transformed: T 2/3 | E 45/100 Ended | E Time: 9.834s | ~Time Left: 540.869s |  Train Loss: 0.4257 | Train Acc. 78.5057% | Test Loss: 0.3960 | Test Acc. 78.8506%
Train AUC: 0.8664348684651461
Valid AUC: 0.8648140107106672
AdaM on MHIST_transformed: T 2/3 | E 46/100 Ended | E Time: 9.933s | ~Time Left: 536.380s |  Train Loss: 0.3968 | Train Acc. 81.8391% | Test Loss: 0.4338 | Test Acc. 80.6897%
Train AUC: 0.8693053736969526
Valid AUC: 0.8718338399189463
AdaM on MHIST_transformed: T 2/3 | E 47/100 Ended | E Time: 9.780s | ~Time Left: 518.333s |  Train Loss: 0.3935 | Train Acc. 81.3218% | Test Loss: 0.4657 | Test Acc. 76.7816%
Train AUC: 0.8546700471933292
Valid AUC: 0.8781299753944131
AdaM on MHIST_transformed: T 2/3 | E 48/100 Ended | E Time: 9.935s | ~Time Left: 516.634s |  Train Loss: 0.4132 | Train Acc. 80.0575% | Test Loss: 0.4202 | Test Acc. 82.2989%
Train AUC: 0.8602083568319169
Valid AUC: 0.8144208037825058
AdaM on MHIST_transformed: T 2/3 | E 49/100 Ended | E Time: 9.770s | ~Time Left: 498.281s |  Train Loss: 0.4088 | Train Acc. 80.0000% | Test Loss: 0.4611 | Test Acc. 75.8621%
Train AUC: 0.8632194448939825
Valid AUC: 0.8512326916582236
AdaM on MHIST_transformed: T 2/3 | E 50/100 Ended | E Time: 9.790s | ~Time Left: 489.487s |  Train Loss: 0.4038 | Train Acc. 80.8621% | Test Loss: 0.4396 | Test Acc. 79.0805%
Train AUC: 0.8692677759632785
Valid AUC: 0.848193177980412
AdaM on MHIST_transformed: T 2/3 | E 51/100 Ended | E Time: 9.736s | ~Time Left: 477.074s |  Train Loss: 0.3935 | Train Acc. 82.1264% | Test Loss: 0.4941 | Test Acc. 73.1034%
Train AUC: 0.8796267689325022
Valid AUC: 0.8525835866261399
AdaM on MHIST_transformed: T 2/3 | E 52/100 Ended | E Time: 9.795s | ~Time Left: 470.171s |  Train Loss: 0.3836 | Train Acc. 82.4713% | Test Loss: 0.4739 | Test Acc. 76.5517%
Train AUC: 0.8781179555333238
Valid AUC: 0.8550923915665557
AdaM on MHIST_transformed: T 2/3 | E 53/100 Ended | E Time: 9.771s | ~Time Left: 459.246s |  Train Loss: 0.3862 | Train Acc. 82.5862% | Test Loss: 0.5531 | Test Acc. 70.3448%
Train AUC: 0.8735882459676431
Valid AUC: 0.869831620591499
AdaM on MHIST_transformed: T 2/3 | E 54/100 Ended | E Time: 9.815s | ~Time Left: 451.507s |  Train Loss: 0.3870 | Train Acc. 81.6667% | Test Loss: 0.4560 | Test Acc. 79.5402%
Train AUC: 0.8857764504143106
Valid AUC: 0.8750663385921744
AdaM on MHIST_transformed: T 2/3 | E 55/100 Ended | E Time: 10.414s | ~Time Left: 468.636s |  Train Loss: 0.3752 | Train Acc. 82.5287% | Test Loss: 0.4175 | Test Acc. 78.8506%
Train AUC: 0.8761252756486018
Valid AUC: 0.8582766439909297
AdaM on MHIST_transformed: T 2/3 | E 56/100 Ended | E Time: 9.800s | ~Time Left: 431.183s |  Train Loss: 0.3881 | Train Acc. 81.6092% | Test Loss: 0.4448 | Test Acc. 77.4713%
Train AUC: 0.8729474498111123
Valid AUC: 0.8597722777054084
AdaM on MHIST_transformed: T 2/3 | E 57/100 Ended | E Time: 9.914s | ~Time Left: 426.291s |  Train Loss: 0.3965 | Train Acc. 82.1264% | Test Loss: 0.4469 | Test Acc. 79.3103%
Train AUC: 0.8823289017048119
Valid AUC: 0.877454527910455
AdaM on MHIST_transformed: T 2/3 | E 58/100 Ended | E Time: 9.781s | ~Time Left: 410.816s |  Train Loss: 0.3756 | Train Acc. 82.0690% | Test Loss: 0.4111 | Test Acc. 78.3908%
Train AUC: 0.8874830605862958
Valid AUC: 0.854223959087181
AdaM on MHIST_transformed: T 2/3 | E 59/100 Ended | E Time: 9.958s | ~Time Left: 408.277s |  Train Loss: 0.3682 | Train Acc. 83.1034% | Test Loss: 0.4735 | Test Acc. 77.4713%
Train AUC: 0.87961369145992
Valid AUC: 0.8498817966903074
AdaM on MHIST_transformed: T 2/3 | E 60/100 Ended | E Time: 9.759s | ~Time Left: 390.345s |  Train Loss: 0.3864 | Train Acc. 82.7011% | Test Loss: 0.4948 | Test Acc. 79.3103%
Train AUC: 0.8820232157832018
Valid AUC: 0.8927727119216481
AdaM on MHIST_transformed: T 2/3 | E 61/100 Ended | E Time: 9.754s | ~Time Left: 380.388s |  Train Loss: 0.3811 | Train Acc. 82.6437% | Test Loss: 0.4125 | Test Acc. 83.2184%
Train AUC: 0.882539775950201
Valid AUC: 0.8787812997539441
AdaM on MHIST_transformed: T 2/3 | E 62/100 Ended | E Time: 10.099s | ~Time Left: 383.752s |  Train Loss: 0.3726 | Train Acc. 82.0690% | Test Loss: 0.5579 | Test Acc. 74.4828%
Train AUC: 0.8948800060156373
Valid AUC: 0.8868384233125874
AdaM on MHIST_transformed: T 2/3 | E 63/100 Ended | E Time: 9.817s | ~Time Left: 363.212s |  Train Loss: 0.3572 | Train Acc. 82.9885% | Test Loss: 0.4125 | Test Acc. 80.6897%
Train AUC: 0.9029520759670383
Valid AUC: 0.894967916244512
AdaM on MHIST_transformed: T 2/3 | E 64/100 Ended | E Time: 9.783s | ~Time Left: 352.175s |  Train Loss: 0.3523 | Train Acc. 83.6207% | Test Loss: 0.4109 | Test Acc. 80.2299%
Train AUC: 0.8872721863409068
Valid AUC: 0.8925314806773774
AdaM on MHIST_transformed: T 2/3 | E 65/100 Ended | E Time: 9.856s | ~Time Left: 344.975s |  Train Loss: 0.3683 | Train Acc. 83.6782% | Test Loss: 0.3880 | Test Acc. 81.8391%
Train AUC: 0.8998739658579884
Valid AUC: 0.8391228831958315
AdaM on MHIST_transformed: T 2/3 | E 66/100 Ended | E Time: 10.334s | ~Time Left: 351.366s |  Train Loss: 0.3530 | Train Acc. 83.7931% | Test Loss: 0.5793 | Test Acc. 77.9310%
Train AUC: 0.8963806459944519
Valid AUC: 0.8705794374487383
AdaM on MHIST_transformed: T 2/3 | E 67/100 Ended | E Time: 9.846s | ~Time Left: 324.905s |  Train Loss: 0.3567 | Train Acc. 83.7356% | Test Loss: 0.4242 | Test Acc. 79.3103%
Train AUC: 0.8841940762318571
Valid AUC: 0.892724465672794
AdaM on MHIST_transformed: T 2/3 | E 68/100 Ended | E Time: 10.061s | ~Time Left: 321.955s |  Train Loss: 0.3760 | Train Acc. 82.8736% | Test Loss: 0.3841 | Test Acc. 81.8391%
Train AUC: 0.8877903811919788
Valid AUC: 0.8921213875621171
AdaM on MHIST_transformed: T 2/3 | E 69/100 Ended | E Time: 9.949s | ~Time Left: 308.410s |  Train Loss: 0.3712 | Train Acc. 82.8736% | Test Loss: 0.3860 | Test Acc. 81.6092%
Train AUC: 0.8992184575448027
Valid AUC: 0.8880204564095141
AdaM on MHIST_transformed: T 2/3 | E 70/100 Ended | E Time: 9.770s | ~Time Left: 293.091s |  Train Loss: 0.3543 | Train Acc. 83.6782% | Test Loss: 0.4473 | Test Acc. 77.4713%
Train AUC: 0.9057800794129522
Valid AUC: 0.8954986249819077
AdaM on MHIST_transformed: T 2/3 | E 71/100 Ended | E Time: 9.746s | ~Time Left: 282.642s |  Train Loss: 0.3414 | Train Acc. 84.8276% | Test Loss: 0.3859 | Test Acc. 81.3793%
Train AUC: 0.9085345220755912
Valid AUC: 0.9016258985863849
AdaM on MHIST_transformed: T 2/3 | E 72/100 Ended | E Time: 9.814s | ~Time Left: 274.782s |  Train Loss: 0.3360 | Train Acc. 84.9425% | Test Loss: 0.3792 | Test Acc. 84.3678%
Train AUC: 0.9013500855757112
Valid AUC: 0.8809523809523809
AdaM on MHIST_transformed: T 2/3 | E 73/100 Ended | E Time: 10.106s | ~Time Left: 272.868s |  Train Loss: 0.3492 | Train Acc. 84.0230% | Test Loss: 0.4116 | Test Acc. 80.4598%
Train AUC: 0.9041339525516602
Valid AUC: 0.888309933902639
AdaM on MHIST_transformed: T 2/3 | E 74/100 Ended | E Time: 9.777s | ~Time Left: 254.196s |  Train Loss: 0.3419 | Train Acc. 85.2299% | Test Loss: 0.4041 | Test Acc. 79.5402%
Train AUC: 0.9127356601426426
Valid AUC: 0.8967289043276885
AdaM on MHIST_transformed: T 2/3 | E 75/100 Ended | E Time: 9.810s | ~Time Left: 245.249s |  Train Loss: 0.3292 | Train Acc. 84.7701% | Test Loss: 0.3740 | Test Acc. 81.8391%
Train AUC: 0.9069946496790298
Valid AUC: 0.9059439378588314
AdaM on MHIST_transformed: T 2/3 | E 76/100 Ended | E Time: 10.345s | ~Time Left: 248.276s |  Train Loss: 0.3402 | Train Acc. 85.0000% | Test Loss: 0.3626 | Test Acc. 82.9885%
Train AUC: 0.9130413460642529
Valid AUC: 0.9048583972596131
AdaM on MHIST_transformed: T 2/3 | E 77/100 Ended | E Time: 9.704s | ~Time Left: 223.203s |  Train Loss: 0.3299 | Train Acc. 85.2874% | Test Loss: 0.4121 | Test Acc. 78.6207%
Train AUC: 0.9153495199750221
Valid AUC: 0.885077435229411
AdaM on MHIST_transformed: T 2/3 | E 78/100 Ended | E Time: 9.843s | ~Time Left: 216.538s |  Train Loss: 0.3234 | Train Acc. 85.3448% | Test Loss: 0.4500 | Test Acc. 79.7701%
Train AUC: 0.9109881828688379
Valid AUC: 0.9057750759878419
AdaM on MHIST_transformed: T 2/3 | E 79/100 Ended | E Time: 9.767s | ~Time Left: 205.108s |  Train Loss: 0.3243 | Train Acc. 85.5172% | Test Loss: 0.4289 | Test Acc. 79.7701%
Train AUC: 0.9203042473996261
Valid AUC: 0.8624740676412409
AdaM on MHIST_transformed: T 2/3 | E 80/100 Ended | E Time: 9.743s | ~Time Left: 194.863s |  Train Loss: 0.3143 | Train Acc. 85.6322% | Test Loss: 0.5314 | Test Acc. 77.9310%
Train AUC: 0.9209466782402299
Valid AUC: 0.9034833791672697
AdaM on MHIST_transformed: T 2/3 | E 81/100 Ended | E Time: 9.902s | ~Time Left: 188.147s |  Train Loss: 0.3170 | Train Acc. 85.0000% | Test Loss: 0.4119 | Test Acc. 81.3793%
Train AUC: 0.9248895362237818
Valid AUC: 0.9160274038693491
AdaM on MHIST_transformed: T 2/3 | E 82/100 Ended | E Time: 9.712s | ~Time Left: 174.810s |  Train Loss: 0.3016 | Train Acc. 86.7816% | Test Loss: 0.4580 | Test Acc. 82.0690%
Train AUC: 0.9233186048298376
Valid AUC: 0.9059198147344044
AdaM on MHIST_transformed: T 2/3 | E 83/100 Ended | E Time: 10.002s | ~Time Left: 170.037s |  Train Loss: 0.3140 | Train Acc. 86.8966% | Test Loss: 0.3623 | Test Acc. 83.9080%
Train AUC: 0.9170790157240262
Valid AUC: 0.9027838085588845
AdaM on MHIST_transformed: T 2/3 | E 84/100 Ended | E Time: 9.983s | ~Time Left: 159.732s |  Train Loss: 0.3211 | Train Acc. 85.2299% | Test Loss: 0.4160 | Test Acc. 83.2184%
Train AUC: 0.9190815037131849
Valid AUC: 0.9054132291214358
AdaM on MHIST_transformed: T 2/3 | E 85/100 Ended | E Time: 9.927s | ~Time Left: 148.908s |  Train Loss: 0.3168 | Train Acc. 86.3793% | Test Loss: 0.3754 | Test Acc. 80.9195%
Train AUC: 0.9273497357533196
Valid AUC: 0.8962464418391469
AdaM on MHIST_transformed: T 2/3 | E 86/100 Ended | E Time: 10.115s | ~Time Left: 141.617s |  Train Loss: 0.3012 | Train Acc. 86.8966% | Test Loss: 0.4258 | Test Acc. 78.6207%
Train AUC: 0.9093763843730741
Valid AUC: 0.9202007043952333
AdaM on MHIST_transformed: T 2/3 | E 87/100 Ended | E Time: 9.810s | ~Time Left: 127.531s |  Train Loss: 0.3366 | Train Acc. 84.8851% | Test Loss: 0.3784 | Test Acc. 82.0690%
Train AUC: 0.9301940860399616
Valid AUC: 0.9244704974188257
AdaM on MHIST_transformed: T 2/3 | E 88/100 Ended | E Time: 9.850s | ~Time Left: 118.201s |  Train Loss: 0.2936 | Train Acc. 86.5517% | Test Loss: 0.3389 | Test Acc. 86.4368%
Train AUC: 0.9246132746154814
Valid AUC: 0.8984416461620108
AdaM on MHIST_transformed: T 2/3 | E 89/100 Ended | E Time: 9.787s | ~Time Left: 107.659s |  Train Loss: 0.3101 | Train Acc. 86.4943% | Test Loss: 0.4430 | Test Acc. 80.6897%
Train AUC: 0.9263493091007766
Valid AUC: 0.9113475177304965
AdaM on MHIST_transformed: T 2/3 | E 90/100 Ended | E Time: 9.746s | ~Time Left: 97.464s |  Train Loss: 0.2997 | Train Acc. 86.5517% | Test Loss: 0.3835 | Test Acc. 85.0575%
Train AUC: 0.929453574154991
Valid AUC: 0.9019153760795098
AdaM on MHIST_transformed: T 2/3 | E 91/100 Ended | E Time: 9.751s | ~Time Left: 87.762s |  Train Loss: 0.2950 | Train Acc. 86.7816% | Test Loss: 0.3896 | Test Acc. 84.1379%
Train AUC: 0.9295696367241584
Valid AUC: 0.9079461571862788
AdaM on MHIST_transformed: T 2/3 | E 92/100 Ended | E Time: 9.966s | ~Time Left: 79.731s |  Train Loss: 0.2966 | Train Acc. 87.2414% | Test Loss: 0.3905 | Test Acc. 85.0575%
Train AUC: 0.9324025442222909
Valid AUC: 0.8745115067303518
AdaM on MHIST_transformed: T 2/3 | E 93/100 Ended | E Time: 9.742s | ~Time Left: 68.192s |  Train Loss: 0.2920 | Train Acc. 87.1264% | Test Loss: 0.4114 | Test Acc. 81.3793%
Train AUC: 0.9374896810567905
Valid AUC: 0.9144111545327351
AdaM on MHIST_transformed: T 2/3 | E 94/100 Ended | E Time: 9.818s | ~Time Left: 58.908s |  Train Loss: 0.2844 | Train Acc. 87.3563% | Test Loss: 0.3464 | Test Acc. 83.4483%
Train AUC: 0.9237877591587262
Valid AUC: 0.8836782940126405
AdaM on MHIST_transformed: T 2/3 | E 95/100 Ended | E Time: 9.767s | ~Time Left: 48.836s |  Train Loss: 0.3055 | Train Acc. 86.0920% | Test Loss: 0.3971 | Test Acc. 82.7586%
Train AUC: 0.9224015470650065
Valid AUC: 0.9015535292131036
AdaM on MHIST_transformed: T 2/3 | E 96/100 Ended | E Time: 10.539s | ~Time Left: 42.156s |  Train Loss: 0.3142 | Train Acc. 85.9770% | Test Loss: 0.4150 | Test Acc. 80.4598%
Train AUC: 0.9343331061122472
Valid AUC: 0.9144594007815892
AdaM on MHIST_transformed: T 2/3 | E 97/100 Ended | E Time: 9.738s | ~Time Left: 29.214s |  Train Loss: 0.2841 | Train Acc. 87.5862% | Test Loss: 0.3767 | Test Acc. 83.6782%
Train AUC: 0.9386797310617763
Valid AUC: 0.9008298354802914
AdaM on MHIST_transformed: T 2/3 | E 98/100 Ended | E Time: 9.882s | ~Time Left: 19.765s |  Train Loss: 0.2758 | Train Acc. 87.9310% | Test Loss: 0.3790 | Test Acc. 82.9885%
Train AUC: 0.9310588339144634
Valid AUC: 0.8913012013315965
AdaM on MHIST_transformed: T 2/3 | E 99/100 Ended | E Time: 9.915s | ~Time Left: 9.915s |  Train Loss: 0.2899 | Train Acc. 86.8391% | Test Loss: 0.4335 | Test Acc. 81.8391%
Train AUC: 0.9291724084944724
Valid AUC: 0.9211415062478893
AdaM on MHIST_transformed: T 2/3 | E 100/100 Ended | E Time: 9.855s | ~Time Left: 0.000s |  Train Loss: 0.2929 | Train Acc. 87.8161% | Test Loss: 0.3628 | Test Acc. 85.7471%
Train AUC: 0.5317888838213682
Valid AUC: 0.4847783084865152
AdaM on MHIST_transformed: T 3/3 | E 1/100 Ended | E Time: 9.672s | ~Time Left: 957.578s |  Train Loss: 0.6431 | Train Acc. 68.5057% | Test Loss: 0.6719 | Test Acc. 60.6897%
Train AUC: 0.59321377254025
Valid AUC: 0.6048390987600714
AdaM on MHIST_transformed: T 3/3 | E 2/100 Ended | E Time: 9.830s | ~Time Left: 963.303s |  Train Loss: 0.6020 | Train Acc. 70.0575% | Test Loss: 0.6428 | Test Acc. 62.7586%
Train AUC: 0.6144074515438774
Valid AUC: 0.6898007429922324
AdaM on MHIST_transformed: T 3/3 | E 3/100 Ended | E Time: 9.698s | ~Time Left: 940.728s |  Train Loss: 0.5844 | Train Acc. 71.3218% | Test Loss: 0.6198 | Test Acc. 63.6782%
Train AUC: 0.660691896380646
Valid AUC: 0.7405075505379457
AdaM on MHIST_transformed: T 3/3 | E 4/100 Ended | E Time: 9.889s | ~Time Left: 949.388s |  Train Loss: 0.5630 | Train Acc. 70.3448% | Test Loss: 0.5923 | Test Acc. 67.8161%
Train AUC: 0.7051585725284804
Valid AUC: 0.6093018767790804
AdaM on MHIST_transformed: T 3/3 | E 5/100 Ended | E Time: 10.052s | ~Time Left: 954.940s |  Train Loss: 0.5392 | Train Acc. 72.2989% | Test Loss: 0.7377 | Test Acc. 52.1839%
Train AUC: 0.7007253093230937
Valid AUC: 0.7707338254450717
AdaM on MHIST_transformed: T 3/3 | E 6/100 Ended | E Time: 9.760s | ~Time Left: 917.440s |  Train Loss: 0.5403 | Train Acc. 72.0115% | Test Loss: 0.5302 | Test Acc. 71.0345%
Train AUC: 0.7187967417477061
Valid AUC: 0.7783326096396006
AdaM on MHIST_transformed: T 3/3 | E 7/100 Ended | E Time: 9.691s | ~Time Left: 901.255s |  Train Loss: 0.5301 | Train Acc. 72.2414% | Test Loss: 0.5159 | Test Acc. 71.0345%
Train AUC: 0.7201322786351695
Valid AUC: 0.794736334250012
AdaM on MHIST_transformed: T 3/3 | E 8/100 Ended | E Time: 9.799s | ~Time Left: 901.510s |  Train Loss: 0.5355 | Train Acc. 72.1264% | Test Loss: 0.5055 | Test Acc. 73.7931%
Train AUC: 0.7376953243131465
Valid AUC: 0.8248419935350026
AdaM on MHIST_transformed: T 3/3 | E 9/100 Ended | E Time: 9.969s | ~Time Left: 907.173s |  Train Loss: 0.5160 | Train Acc. 72.2414% | Test Loss: 0.5242 | Test Acc. 68.9655%
Train AUC: 0.753456948142917
Valid AUC: 0.8012254547208955
AdaM on MHIST_transformed: T 3/3 | E 10/100 Ended | E Time: 9.699s | ~Time Left: 872.923s |  Train Loss: 0.5092 | Train Acc. 72.9885% | Test Loss: 0.5205 | Test Acc. 69.6552%
Train AUC: 0.7688638455288939
Valid AUC: 0.8269165822357311
AdaM on MHIST_transformed: T 3/3 | E 11/100 Ended | E Time: 9.802s | ~Time Left: 872.414s |  Train Loss: 0.5027 | Train Acc. 75.1724% | Test Loss: 0.4752 | Test Acc. 75.4023%
Train AUC: 0.7526984547331461
Valid AUC: 0.8213441404930766
AdaM on MHIST_transformed: T 3/3 | E 12/100 Ended | E Time: 9.826s | ~Time Left: 864.653s |  Train Loss: 0.5080 | Train Acc. 73.5632% | Test Loss: 0.5056 | Test Acc. 77.0115%
Train AUC: 0.7500044953812002
Valid AUC: 0.8437303999614031
AdaM on MHIST_transformed: T 3/3 | E 13/100 Ended | E Time: 9.903s | ~Time Left: 861.538s |  Train Loss: 0.5119 | Train Acc. 72.7011% | Test Loss: 0.4643 | Test Acc. 79.5402%
Train AUC: 0.768824613111147
Valid AUC: 0.8399671925507792
AdaM on MHIST_transformed: T 3/3 | E 14/100 Ended | E Time: 9.763s | ~Time Left: 839.624s |  Train Loss: 0.4969 | Train Acc. 73.3333% | Test Loss: 0.4751 | Test Acc. 78.6207%
Train AUC: 0.7743302290682791
Valid AUC: 0.8283639697013556
AdaM on MHIST_transformed: T 3/3 | E 15/100 Ended | E Time: 10.066s | ~Time Left: 855.643s |  Train Loss: 0.4890 | Train Acc. 74.2529% | Test Loss: 0.4781 | Test Acc. 75.4023%
Train AUC: 0.7910742980257921
Valid AUC: 0.8064119264727168
AdaM on MHIST_transformed: T 3/3 | E 16/100 Ended | E Time: 10.429s | ~Time Left: 876.033s |  Train Loss: 0.4735 | Train Acc. 75.0575% | Test Loss: 0.5209 | Test Acc. 69.1954%
Train AUC: 0.7922954070281607
Valid AUC: 0.8221643267235972
AdaM on MHIST_transformed: T 3/3 | E 17/100 Ended | E Time: 9.702s | ~Time Left: 805.244s |  Train Loss: 0.4759 | Train Acc. 74.8851% | Test Loss: 0.4891 | Test Acc. 74.2529%
Train AUC: 0.7850602953220246
Valid AUC: 0.8211270323732329
AdaM on MHIST_transformed: T 3/3 | E 18/100 Ended | E Time: 9.765s | ~Time Left: 800.696s |  Train Loss: 0.4842 | Train Acc. 75.5172% | Test Loss: 0.4738 | Test Acc. 72.4138%
Train AUC: 0.7896978940365089
Valid AUC: 0.8288705553143242
AdaM on MHIST_transformed: T 3/3 | E 19/100 Ended | E Time: 9.841s | ~Time Left: 797.101s |  Train Loss: 0.4788 | Train Acc. 75.1724% | Test Loss: 0.5248 | Test Acc. 73.5632%
Train AUC: 0.8118576713271509
Valid AUC: 0.8486032710956724
AdaM on MHIST_transformed: T 3/3 | E 20/100 Ended | E Time: 9.786s | ~Time Left: 782.852s |  Train Loss: 0.4572 | Train Acc. 75.9195% | Test Loss: 0.4861 | Test Acc. 77.2414%
Train AUC: 0.7829270326070432
Valid AUC: 0.8190765667969315
AdaM on MHIST_transformed: T 3/3 | E 21/100 Ended | E Time: 9.760s | ~Time Left: 771.015s |  Train Loss: 0.4891 | Train Acc. 74.4828% | Test Loss: 0.5005 | Test Acc. 74.4828%
Train AUC: 0.8059940595580795
Valid AUC: 0.7092922275293095
AdaM on MHIST_transformed: T 3/3 | E 22/100 Ended | E Time: 9.774s | ~Time Left: 762.363s |  Train Loss: 0.4625 | Train Acc. 76.7816% | Test Loss: 0.6184 | Test Acc. 69.8851%
Train AUC: 0.7977814067764195
Valid AUC: 0.8448641868094755
AdaM on MHIST_transformed: T 3/3 | E 23/100 Ended | E Time: 12.294s | ~Time Left: 946.653s |  Train Loss: 0.4714 | Train Acc. 75.4023% | Test Loss: 0.4706 | Test Acc. 76.3218%
Train AUC: 0.794534924207873
Valid AUC: 0.8284122159502098
AdaM on MHIST_transformed: T 3/3 | E 24/100 Ended | E Time: 9.796s | ~Time Left: 744.500s |  Train Loss: 0.4772 | Train Acc. 74.8851% | Test Loss: 0.4637 | Test Acc. 76.3218%
Train AUC: 0.8178912902397918
Valid AUC: 0.7918174361943359
AdaM on MHIST_transformed: T 3/3 | E 25/100 Ended | E Time: 9.812s | ~Time Left: 735.931s |  Train Loss: 0.4560 | Train Acc. 76.3218% | Test Loss: 0.7643 | Test Acc. 70.5747%
Train AUC: 0.8232170909489178
Valid AUC: 0.8493510879529117
AdaM on MHIST_transformed: T 3/3 | E 26/100 Ended | E Time: 9.746s | ~Time Left: 721.205s |  Train Loss: 0.4481 | Train Acc. 77.2989% | Test Loss: 0.4494 | Test Acc. 78.3908%
Train AUC: 0.8230781428027312
Valid AUC: 0.8266994741158874
AdaM on MHIST_transformed: T 3/3 | E 27/100 Ended | E Time: 9.693s | ~Time Left: 707.561s |  Train Loss: 0.4486 | Train Acc. 77.8736% | Test Loss: 0.5277 | Test Acc. 74.0230%
Train AUC: 0.830699039950044
Valid AUC: 0.8534761422299417
AdaM on MHIST_transformed: T 3/3 | E 28/100 Ended | E Time: 9.825s | ~Time Left: 707.375s |  Train Loss: 0.4435 | Train Acc. 78.4483% | Test Loss: 0.4445 | Test Acc. 78.3908%
Train AUC: 0.8193232734875494
Valid AUC: 0.8514739229024944
AdaM on MHIST_transformed: T 3/3 | E 29/100 Ended | E Time: 9.823s | ~Time Left: 697.400s |  Train Loss: 0.4515 | Train Acc. 76.9540% | Test Loss: 0.4879 | Test Acc. 77.4713%
Train AUC: 0.8133109054678547
Valid AUC: 0.8837024171370675
AdaM on MHIST_transformed: T 3/3 | E 30/100 Ended | E Time: 10.800s | ~Time Left: 755.997s |  Train Loss: 0.4590 | Train Acc. 76.6092% | Test Loss: 0.4704 | Test Acc. 70.3448%
Train AUC: 0.8271501408280328
Valid AUC: 0.8693974043518117
AdaM on MHIST_transformed: T 3/3 | E 31/100 Ended | E Time: 9.687s | ~Time Left: 668.370s |  Train Loss: 0.4484 | Train Acc. 76.8966% | Test Loss: 0.4274 | Test Acc. 81.3793%
Train AUC: 0.8312221388533345
Valid AUC: 0.8726299030250397
AdaM on MHIST_transformed: T 3/3 | E 32/100 Ended | E Time: 9.717s | ~Time Left: 660.761s |  Train Loss: 0.4395 | Train Acc. 77.4713% | Test Loss: 0.4312 | Test Acc. 79.0805%
Train AUC: 0.837679140940826
Valid AUC: 0.877478651034882
AdaM on MHIST_transformed: T 3/3 | E 33/100 Ended | E Time: 9.673s | ~Time Left: 648.076s |  Train Loss: 0.4342 | Train Acc. 78.9655% | Test Loss: 0.4148 | Test Acc. 80.9195%
Train AUC: 0.845849291936594
Valid AUC: 0.8448883099339027
AdaM on MHIST_transformed: T 3/3 | E 34/100 Ended | E Time: 9.807s | ~Time Left: 647.281s |  Train Loss: 0.4290 | Train Acc. 78.8506% | Test Loss: 0.4887 | Test Acc. 76.7816%
Train AUC: 0.8350146059021901
Valid AUC: 0.8747768610990495
AdaM on MHIST_transformed: T 3/3 | E 35/100 Ended | E Time: 10.398s | ~Time Left: 675.851s |  Train Loss: 0.4366 | Train Acc. 78.1034% | Test Loss: 0.4669 | Test Acc. 73.7931%
Train AUC: 0.8511391295961185
Valid AUC: 0.8629082838809282
AdaM on MHIST_transformed: T 3/3 | E 36/100 Ended | E Time: 9.674s | ~Time Left: 619.164s |  Train Loss: 0.4158 | Train Acc. 79.5402% | Test Loss: 0.5238 | Test Acc. 71.0345%
Train AUC: 0.8563766573653143
Valid AUC: 0.8725092874029045
AdaM on MHIST_transformed: T 3/3 | E 37/100 Ended | E Time: 9.751s | ~Time Left: 614.308s |  Train Loss: 0.4111 | Train Acc. 79.1379% | Test Loss: 0.4453 | Test Acc. 76.5517%
Train AUC: 0.844291438015232
Valid AUC: 0.8673951850243644
AdaM on MHIST_transformed: T 3/3 | E 38/100 Ended | E Time: 9.829s | ~Time Left: 609.384s |  Train Loss: 0.4223 | Train Acc. 77.7586% | Test Loss: 0.4209 | Test Acc. 80.2299%
Train AUC: 0.8656731056872293
Valid AUC: 0.82527620977469
AdaM on MHIST_transformed: T 3/3 | E 39/100 Ended | E Time: 10.240s | ~Time Left: 624.630s |  Train Loss: 0.4001 | Train Acc. 80.4023% | Test Loss: 0.6522 | Test Acc. 64.8276%
Train AUC: 0.8482392000510022
Valid AUC: 0.7957012592270951
AdaM on MHIST_transformed: T 3/3 | E 40/100 Ended | E Time: 9.714s | ~Time Left: 582.824s |  Train Loss: 0.4199 | Train Acc. 79.9425% | Test Loss: 0.6511 | Test Acc. 70.3448%
Train AUC: 0.8580750941169355
Valid AUC: 0.8835094321416509
AdaM on MHIST_transformed: T 3/3 | E 41/100 Ended | E Time: 9.769s | ~Time Left: 576.344s |  Train Loss: 0.4119 | Train Acc. 79.1379% | Test Loss: 0.5035 | Test Acc. 75.1724%
Train AUC: 0.851904161742181
Valid AUC: 0.8708206686930091
AdaM on MHIST_transformed: T 3/3 | E 42/100 Ended | E Time: 9.750s | ~Time Left: 565.486s |  Train Loss: 0.4181 | Train Acc. 80.1724% | Test Loss: 0.4934 | Test Acc. 74.0230%
Train AUC: 0.8672832694989203
Valid AUC: 0.876489602933372
AdaM on MHIST_transformed: T 3/3 | E 43/100 Ended | E Time: 10.500s | ~Time Left: 598.511s |  Train Loss: 0.3993 | Train Acc. 80.6897% | Test Loss: 0.4081 | Test Acc. 79.0805%
Train AUC: 0.8503855402385658
Valid AUC: 0.8445264630674965
AdaM on MHIST_transformed: T 3/3 | E 44/100 Ended | E Time: 9.997s | ~Time Left: 559.814s |  Train Loss: 0.4177 | Train Acc. 79.3103% | Test Loss: 0.4985 | Test Acc. 76.5517%
Train AUC: 0.8681104196397484
Valid AUC: 0.8848603271095672
AdaM on MHIST_transformed: T 3/3 | E 45/100 Ended | E Time: 9.724s | ~Time Left: 534.795s |  Train Loss: 0.3976 | Train Acc. 80.5747% | Test Loss: 0.4056 | Test Acc. 80.0000%
Train AUC: 0.8757950694658997
Valid AUC: 0.856153809041347
AdaM on MHIST_transformed: T 3/3 | E 46/100 Ended | E Time: 9.932s | ~Time Left: 536.345s |  Train Loss: 0.3911 | Train Acc. 81.6092% | Test Loss: 0.4483 | Test Acc. 76.0920%
Train AUC: 0.8518387743792697
Valid AUC: 0.8809765040768079
AdaM on MHIST_transformed: T 3/3 | E 47/100 Ended | E Time: 10.105s | ~Time Left: 535.542s |  Train Loss: 0.4225 | Train Acc. 80.0575% | Test Loss: 0.4035 | Test Acc. 82.2989%
Train AUC: 0.8804833433866404
Valid AUC: 0.8682877406281662
AdaM on MHIST_transformed: T 3/3 | E 48/100 Ended | E Time: 9.864s | ~Time Left: 512.916s |  Train Loss: 0.3825 | Train Acc. 82.4713% | Test Loss: 0.4285 | Test Acc. 79.3103%
Train AUC: 0.8725011810592427
Valid AUC: 0.8667438606648333
AdaM on MHIST_transformed: T 3/3 | E 49/100 Ended | E Time: 9.623s | ~Time Left: 490.749s |  Train Loss: 0.3909 | Train Acc. 81.5517% | Test Loss: 0.4654 | Test Acc. 77.9310%
Train AUC: 0.8741424038683163
Valid AUC: 0.8823515221691514
AdaM on MHIST_transformed: T 3/3 | E 50/100 Ended | E Time: 9.724s | ~Time Left: 486.191s |  Train Loss: 0.3889 | Train Acc. 81.7816% | Test Loss: 0.4112 | Test Acc. 79.0805%
Train AUC: 0.8828928677099219
Valid AUC: 0.8977903218024799
AdaM on MHIST_transformed: T 3/3 | E 51/100 Ended | E Time: 10.140s | ~Time Left: 496.881s |  Train Loss: 0.3765 | Train Acc. 82.5862% | Test Loss: 0.3967 | Test Acc. 80.9195%
Train AUC: 0.8797085031361415
Valid AUC: 0.866333767549573
AdaM on MHIST_transformed: T 3/3 | E 52/100 Ended | E Time: 9.830s | ~Time Left: 471.845s |  Train Loss: 0.3852 | Train Acc. 81.7816% | Test Loss: 0.4356 | Test Acc. 78.3908%
Train AUC: 0.872054912307373
Valid AUC: 0.8763931104356636
AdaM on MHIST_transformed: T 3/3 | E 53/100 Ended | E Time: 9.874s | ~Time Left: 464.082s |  Train Loss: 0.3971 | Train Acc. 81.4943% | Test Loss: 0.4172 | Test Acc. 81.8391%
Train AUC: 0.867443468538053
Valid AUC: 0.8842572489988904
AdaM on MHIST_transformed: T 3/3 | E 54/100 Ended | E Time: 9.755s | ~Time Left: 448.718s |  Train Loss: 0.4020 | Train Acc. 80.9770% | Test Loss: 0.4063 | Test Acc. 80.6897%
Train AUC: 0.8676870364648975
Valid AUC: 0.8922661263086795
AdaM on MHIST_transformed: T 3/3 | E 55/100 Ended | E Time: 9.961s | ~Time Left: 448.247s |  Train Loss: 0.3982 | Train Acc. 80.4598% | Test Loss: 0.4101 | Test Acc. 76.7816%
Train AUC: 0.8758669955651022
Valid AUC: 0.8829063540309741
AdaM on MHIST_transformed: T 3/3 | E 56/100 Ended | E Time: 10.265s | ~Time Left: 451.644s |  Train Loss: 0.3924 | Train Acc. 82.3563% | Test Loss: 0.4085 | Test Acc. 81.8391%
Train AUC: 0.8787538476376363
Valid AUC: 0.8951850243643558
AdaM on MHIST_transformed: T 3/3 | E 57/100 Ended | E Time: 9.755s | ~Time Left: 419.451s |  Train Loss: 0.3816 | Train Acc. 82.4138% | Test Loss: 0.3854 | Test Acc. 81.6092%
Train AUC: 0.8809851913969846
Valid AUC: 0.8840642640034738
AdaM on MHIST_transformed: T 3/3 | E 58/100 Ended | E Time: 9.836s | ~Time Left: 413.108s |  Train Loss: 0.3766 | Train Acc. 82.3563% | Test Loss: 0.4096 | Test Acc. 82.0690%
Train AUC: 0.882878155553267
Valid AUC: 0.8905051382255029
AdaM on MHIST_transformed: T 3/3 | E 59/100 Ended | E Time: 10.204s | ~Time Left: 418.358s |  Train Loss: 0.3826 | Train Acc. 81.7241% | Test Loss: 0.4036 | Test Acc. 82.7586%
Train AUC: 0.8914471694627938
Valid AUC: 0.8675158006464997
AdaM on MHIST_transformed: T 3/3 | E 60/100 Ended | E Time: 9.829s | ~Time Left: 393.162s |  Train Loss: 0.3639 | Train Acc. 83.4483% | Test Loss: 0.4495 | Test Acc. 76.0920%
Train AUC: 0.8888087893693225
Valid AUC: 0.8767549573020698
AdaM on MHIST_transformed: T 3/3 | E 61/100 Ended | E Time: 9.668s | ~Time Left: 377.058s |  Train Loss: 0.3714 | Train Acc. 82.8736% | Test Loss: 0.4685 | Test Acc. 77.9310%
Train AUC: 0.8937112069035976
Valid AUC: 0.8904327688522218
AdaM on MHIST_transformed: T 3/3 | E 62/100 Ended | E Time: 9.750s | ~Time Left: 370.493s |  Train Loss: 0.3677 | Train Acc. 82.5862% | Test Loss: 0.4334 | Test Acc. 75.8621%
Train AUC: 0.8941247819740118
Valid AUC: 0.878443576011965
AdaM on MHIST_transformed: T 3/3 | E 63/100 Ended | E Time: 9.767s | ~Time Left: 361.370s |  Train Loss: 0.3627 | Train Acc. 83.4483% | Test Loss: 0.5450 | Test Acc. 73.3333%
Train AUC: 0.888557048022114
Valid AUC: 0.8664061369228543
AdaM on MHIST_transformed: T 3/3 | E 64/100 Ended | E Time: 9.736s | ~Time Left: 350.506s |  Train Loss: 0.3729 | Train Acc. 82.6437% | Test Loss: 0.4216 | Test Acc. 77.0115%
Train AUC: 0.89149784466905
Valid AUC: 0.8544169440825976
AdaM on MHIST_transformed: T 3/3 | E 65/100 Ended | E Time: 9.817s | ~Time Left: 343.584s |  Train Loss: 0.3680 | Train Acc. 82.7586% | Test Loss: 0.4953 | Test Acc. 77.9310%
Train AUC: 0.8914488041468667
Valid AUC: 0.8604236020649394
AdaM on MHIST_transformed: T 3/3 | E 66/100 Ended | E Time: 9.816s | ~Time Left: 333.757s |  Train Loss: 0.3622 | Train Acc. 82.9310% | Test Loss: 0.6874 | Test Acc. 71.0345%
Train AUC: 0.8950303969503334
Valid AUC: 0.8523906016307232
AdaM on MHIST_transformed: T 3/3 | E 67/100 Ended | E Time: 10.042s | ~Time Left: 331.400s |  Train Loss: 0.3635 | Train Acc. 83.6207% | Test Loss: 0.4979 | Test Acc. 77.0115%
Train AUC: 0.8940692027155372
Valid AUC: 0.8785400685096735
AdaM on MHIST_transformed: T 3/3 | E 68/100 Ended | E Time: 9.782s | ~Time Left: 313.019s |  Train Loss: 0.3590 | Train Acc. 83.3333% | Test Loss: 0.5025 | Test Acc. 75.8621%
Train AUC: 0.9034048834551991
Valid AUC: 0.8620639745259806
AdaM on MHIST_transformed: T 3/3 | E 69/100 Ended | E Time: 9.771s | ~Time Left: 302.905s |  Train Loss: 0.3439 | Train Acc. 84.6552% | Test Loss: 0.5193 | Test Acc. 77.9310%
Train AUC: 0.9014841296696794
Valid AUC: 0.9006127273604477
AdaM on MHIST_transformed: T 3/3 | E 70/100 Ended | E Time: 9.669s | ~Time Left: 290.058s |  Train Loss: 0.3502 | Train Acc. 83.2759% | Test Loss: 0.5408 | Test Acc. 72.4138%
Train AUC: 0.8928922301831337
Valid AUC: 0.9030732860520094
AdaM on MHIST_transformed: T 3/3 | E 71/100 Ended | E Time: 9.854s | ~Time Left: 285.757s |  Train Loss: 0.3599 | Train Acc. 83.6782% | Test Loss: 0.3703 | Test Acc. 85.5172%
Train AUC: 0.8989601774613031
Valid AUC: 0.8982969074154484
AdaM on MHIST_transformed: T 3/3 | E 72/100 Ended | E Time: 9.802s | ~Time Left: 274.453s |  Train Loss: 0.3525 | Train Acc. 82.5862% | Test Loss: 0.3756 | Test Acc. 82.9885%
Train AUC: 0.9081405632140505
Valid AUC: 0.8817725671829014
AdaM on MHIST_transformed: T 3/3 | E 73/100 Ended | E Time: 9.726s | ~Time Left: 262.592s |  Train Loss: 0.3413 | Train Acc. 85.1149% | Test Loss: 0.4205 | Test Acc. 82.7586%
Train AUC: 0.9062345215851859
Valid AUC: 0.8779128672745694
AdaM on MHIST_transformed: T 3/3 | E 74/100 Ended | E Time: 9.899s | ~Time Left: 257.386s |  Train Loss: 0.3403 | Train Acc. 84.9425% | Test Loss: 0.5057 | Test Acc. 77.4713%
Train AUC: 0.9044020407395965
Valid AUC: 0.8679017706373329
AdaM on MHIST_transformed: T 3/3 | E 75/100 Ended | E Time: 9.939s | ~Time Left: 248.467s |  Train Loss: 0.3407 | Train Acc. 84.1954% | Test Loss: 0.4352 | Test Acc. 82.2989%
Train AUC: 0.905986049606123
Valid AUC: 0.8994789405123751
AdaM on MHIST_transformed: T 3/3 | E 76/100 Ended | E Time: 9.810s | ~Time Left: 235.447s |  Train Loss: 0.3400 | Train Acc. 84.2529% | Test Loss: 0.3783 | Test Acc. 81.8391%
Train AUC: 0.9159069472438409
Valid AUC: 0.8595792927099919
AdaM on MHIST_transformed: T 3/3 | E 77/100 Ended | E Time: 9.756s | ~Time Left: 224.390s |  Train Loss: 0.3253 | Train Acc. 86.2069% | Test Loss: 0.4707 | Test Acc. 78.3908%
Train AUC: 0.8928170347157856
Valid AUC: 0.8923626188063878
AdaM on MHIST_transformed: T 3/3 | E 78/100 Ended | E Time: 10.037s | ~Time Left: 220.810s |  Train Loss: 0.3624 | Train Acc. 84.0230% | Test Loss: 0.4087 | Test Acc. 80.0000%
Train AUC: 0.9097736126027604
Valid AUC: 0.8962705649635742
AdaM on MHIST_transformed: T 3/3 | E 79/100 Ended | E Time: 9.746s | ~Time Left: 204.674s |  Train Loss: 0.3315 | Train Acc. 84.8851% | Test Loss: 0.4336 | Test Acc. 78.3908%
Train AUC: 0.9097049558717035
Valid AUC: 0.8705311911998842
AdaM on MHIST_transformed: T 3/3 | E 80/100 Ended | E Time: 9.898s | ~Time Left: 197.970s |  Train Loss: 0.3336 | Train Acc. 84.7126% | Test Loss: 0.6419 | Test Acc. 73.7931%
Train AUC: 0.9067690632769858
Valid AUC: 0.9063057847252376
AdaM on MHIST_transformed: T 3/3 | E 81/100 Ended | E Time: 9.745s | ~Time Left: 185.159s |  Train Loss: 0.3416 | Train Acc. 84.5977% | Test Loss: 0.4722 | Test Acc. 76.3218%
Train AUC: 0.9046178190372037
Valid AUC: 0.8982969074154484
AdaM on MHIST_transformed: T 3/3 | E 82/100 Ended | E Time: 9.836s | ~Time Left: 177.055s |  Train Loss: 0.3422 | Train Acc. 84.7701% | Test Loss: 0.4333 | Test Acc. 80.2299%
Train AUC: 0.9104258515478006
Valid AUC: 0.8744873836059246
AdaM on MHIST_transformed: T 3/3 | E 83/100 Ended | E Time: 9.707s | ~Time Left: 165.026s |  Train Loss: 0.3362 | Train Acc. 85.2299% | Test Loss: 0.4337 | Test Acc. 80.0000%
Train AUC: 0.9094891775740961
Valid AUC: 0.8855598977179524
AdaM on MHIST_transformed: T 3/3 | E 84/100 Ended | E Time: 9.815s | ~Time Left: 157.046s |  Train Loss: 0.3386 | Train Acc. 84.5402% | Test Loss: 0.4212 | Test Acc. 77.7011%
Train AUC: 0.914259185698476
Valid AUC: 0.87716505041733
AdaM on MHIST_transformed: T 3/3 | E 85/100 Ended | E Time: 10.379s | ~Time Left: 155.691s |  Train Loss: 0.3306 | Train Acc. 85.0575% | Test Loss: 0.5102 | Test Acc. 76.0920%
Train AUC: 0.9216038212374886
Valid AUC: 0.8999131567520625
AdaM on MHIST_transformed: T 3/3 | E 86/100 Ended | E Time: 9.784s | ~Time Left: 136.979s |  Train Loss: 0.3135 | Train Acc. 86.0345% | Test Loss: 0.3774 | Test Acc. 82.5287%
Train AUC: 0.9172833512331239
Valid AUC: 0.8933034206590438
AdaM on MHIST_transformed: T 3/3 | E 87/100 Ended | E Time: 9.667s | ~Time Left: 125.677s |  Train Loss: 0.3217 | Train Acc. 85.4023% | Test Loss: 0.4114 | Test Acc. 80.2299%
Train AUC: 0.9213390024176977
Valid AUC: 0.9106479471221113
AdaM on MHIST_transformed: T 3/3 | E 88/100 Ended | E Time: 9.804s | ~Time Left: 117.646s |  Train Loss: 0.3117 | Train Acc. 86.3218% | Test Loss: 0.3909 | Test Acc. 80.9195%
Train AUC: 0.9162355187424703
Valid AUC: 0.8977661986780527
AdaM on MHIST_transformed: T 3/3 | E 89/100 Ended | E Time: 9.792s | ~Time Left: 107.709s |  Train Loss: 0.3238 | Train Acc. 86.0345% | Test Loss: 0.3826 | Test Acc. 82.0690%
Train AUC: 0.9293113566406588
Valid AUC: 0.8329232402180732
AdaM on MHIST_transformed: T 3/3 | E 90/100 Ended | E Time: 9.758s | ~Time Left: 97.583s |  Train Loss: 0.3019 | Train Acc. 87.0115% | Test Loss: 0.7160 | Test Acc. 74.7126%
Train AUC: 0.9266958621242066
Valid AUC: 0.9008780817291455
AdaM on MHIST_transformed: T 3/3 | E 91/100 Ended | E Time: 9.777s | ~Time Left: 87.997s |  Train Loss: 0.3020 | Train Acc. 86.0920% | Test Loss: 0.4046 | Test Acc. 82.5287%
Train AUC: 0.917011993677042
Valid AUC: 0.8986105080330005
AdaM on MHIST_transformed: T 3/3 | E 92/100 Ended | E Time: 10.367s | ~Time Left: 82.940s |  Train Loss: 0.3210 | Train Acc. 84.1954% | Test Loss: 0.4520 | Test Acc. 79.3103%
Train AUC: 0.9259455421347993
Valid AUC: 0.8884787957736286
AdaM on MHIST_transformed: T 3/3 | E 93/100 Ended | E Time: 9.690s | ~Time Left: 67.829s |  Train Loss: 0.3078 | Train Acc. 86.1494% | Test Loss: 0.4281 | Test Acc. 79.5402%
Train AUC: 0.9226810780414523
Valid AUC: 0.8943889612582622
AdaM on MHIST_transformed: T 3/3 | E 94/100 Ended | E Time: 9.891s | ~Time Left: 59.344s |  Train Loss: 0.3129 | Train Acc. 85.7471% | Test Loss: 0.4425 | Test Acc. 80.0000%
Train AUC: 0.9274232965365948
Valid AUC: 0.9145800164037245
AdaM on MHIST_transformed: T 3/3 | E 95/100 Ended | E Time: 9.798s | ~Time Left: 48.989s |  Train Loss: 0.3049 | Train Acc. 86.0345% | Test Loss: 0.3528 | Test Acc. 85.2874%
Train AUC: 0.9297347398155096
Valid AUC: 0.8938823756452935
AdaM on MHIST_transformed: T 3/3 | E 96/100 Ended | E Time: 9.883s | ~Time Left: 39.533s |  Train Loss: 0.2969 | Train Acc. 86.7241% | Test Loss: 0.3995 | Test Acc. 82.0690%
Train AUC: 0.930078023470794
Valid AUC: 0.889564336372847
AdaM on MHIST_transformed: T 3/3 | E 97/100 Ended | E Time: 9.750s | ~Time Left: 29.250s |  Train Loss: 0.2998 | Train Acc. 86.6667% | Test Loss: 0.3938 | Test Acc. 81.1494%
Train AUC: 0.9293751093194974
Valid AUC: 0.8878033482896704
AdaM on MHIST_transformed: T 3/3 | E 98/100 Ended | E Time: 9.888s | ~Time Left: 19.776s |  Train Loss: 0.3014 | Train Acc. 86.1494% | Test Loss: 0.4584 | Test Acc. 81.8391%
Train AUC: 0.9241081572369916
Valid AUC: 0.9141699232884644
AdaM on MHIST_transformed: T 3/3 | E 99/100 Ended | E Time: 10.469s | ~Time Left: 10.469s |  Train Loss: 0.3198 | Train Acc. 86.1494% | Test Loss: 0.3667 | Test Acc. 84.1379%
Train AUC: 0.9252524360879396
Valid AUC: 0.8992135861436773
AdaM on MHIST_transformed: T 3/3 | E 100/100 Ended | E Time: 9.763s | ~Time Left: 0.000s |  Train Loss: 0.3068 | Train Acc. 86.0920% | Test Loss: 0.4000 | Test Acc. 81.1494%
