transferring data
Sun Jul  4 20:15:19 PDT 2021

Finished transferring
Sun Jul  4 20:15:19 PDT 2021

Adas: Argument Parser Options
---------------------------------------------
    config              : PostTrainingConfigs/BACH_transformed_testing/AdamP/lr-0.00005-config-AdamP.yaml
    data                : /localscratch/zhan8425.6958610.0        
    output              : ADP_post_trained/BACH_transformed/AdamP/output/fine_tuning
    checkpoint          : ADP_post_trained/BACH_transformed/AdamP/checkpoint/fine_tuning/lr-0.00005
    resume              : None                                    
    pretrained_model    : /home/zhan8425/projects/def-plato/zhan8425/HistoKT/.Adas-checkpoint/ADP/best_trial_2.pth.tar
    freeze_encoder      : 1                                       
    root                : .                                       
    save_freq           : 25                                      
    cpu                 : 0                                       
    gpu                 : 0                                       
    mpd                 : 0                                       
    dist_url            : tcp://127.0.0.1:23456                   
    dist_backend        : nccl                                    
    world_size          : -1                                      
    rank                : -1                                      
---------------------------------------------
Adas: Notice: early stop will not be used as it was set to -1.0, training till completion
Adas: Experiment Configuration
---------------------------------------------
    dataset              BACH_transformed    
    network              ResNet18            
    optimizer            AdamP               
    scheduler            None                
    level                L3Only              
    color_kwargs         {'augmentation': 'Color-Distortion', 'distortion': 0.3}
    degree_of_rotation   45                  
    vertical_flipping    0.5                 
    horizontal_flipping  0.5                 
    horizontal_shift     0.1                 
    vertical_shift       0.1                 
    gaussian_blur        0                   
    kernel_size          9                   
    variance             0.1                 
    cutout               0                   
    n_holes              1                   
    cutout_length        16                  
    init_lr              5e-05               
    early_stop_threshold -1.0                
    optimizer_kwargs     {'weight_decay': 0.0005}
    scheduler_kwargs     {'gamma': 0.5, 'step_size': 20.0}
    p                    1                   
    start_trial          0                   
    n_trials             3                   
    num_workers          4                   
    max_epochs           200                 
    mini_batch_size      32                  
    loss                 cross_entropy       
    early_stop_patience  10                  
---------------------------------------------
Adas: Pytorch device is set to cuda
AdamP on BACH_transformed: T 1/3 | E 1/200 Ended | E Time: 7.787s | ~Time Left: 1549.652s |  Train Loss: 1.3426 | Train Acc. 34.1336% | Test Loss: 1.3583 | Test Acc. 33.3333%
AdamP on BACH_transformed: T 1/3 | E 2/200 Ended | E Time: 6.452s | ~Time Left: 1277.418s |  Train Loss: 1.2723 | Train Acc. 41.9624% | Test Loss: 1.3523 | Test Acc. 34.5833%
AdamP on BACH_transformed: T 1/3 | E 3/200 Ended | E Time: 6.534s | ~Time Left: 1287.163s |  Train Loss: 1.2315 | Train Acc. 43.4238% | Test Loss: 1.4127 | Test Acc. 32.9167%
AdamP on BACH_transformed: T 1/3 | E 4/200 Ended | E Time: 6.478s | ~Time Left: 1269.612s |  Train Loss: 1.2247 | Train Acc. 43.6326% | Test Loss: 1.3192 | Test Acc. 43.3333%
AdamP on BACH_transformed: T 1/3 | E 5/200 Ended | E Time: 6.531s | ~Time Left: 1273.487s |  Train Loss: 1.2440 | Train Acc. 42.4843% | Test Loss: 1.2605 | Test Acc. 41.2500%
AdamP on BACH_transformed: T 1/3 | E 6/200 Ended | E Time: 6.492s | ~Time Left: 1259.384s |  Train Loss: 1.2012 | Train Acc. 44.8852% | Test Loss: 1.2932 | Test Acc. 42.9167%
AdamP on BACH_transformed: T 1/3 | E 7/200 Ended | E Time: 6.595s | ~Time Left: 1272.886s |  Train Loss: 1.2041 | Train Acc. 44.1545% | Test Loss: 1.2525 | Test Acc. 46.2500%
AdamP on BACH_transformed: T 1/3 | E 8/200 Ended | E Time: 6.490s | ~Time Left: 1246.007s |  Train Loss: 1.2007 | Train Acc. 46.3466% | Test Loss: 1.2578 | Test Acc. 42.0833%
AdamP on BACH_transformed: T 1/3 | E 9/200 Ended | E Time: 6.487s | ~Time Left: 1238.956s |  Train Loss: 1.1779 | Train Acc. 46.9729% | Test Loss: 1.2153 | Test Acc. 45.8333%
AdamP on BACH_transformed: T 1/3 | E 10/200 Ended | E Time: 6.471s | ~Time Left: 1229.406s |  Train Loss: 1.1844 | Train Acc. 47.9123% | Test Loss: 1.2128 | Test Acc. 45.8333%
AdamP on BACH_transformed: T 1/3 | E 11/200 Ended | E Time: 6.506s | ~Time Left: 1229.640s |  Train Loss: 1.1635 | Train Acc. 46.7641% | Test Loss: 1.3925 | Test Acc. 37.0833%
AdamP on BACH_transformed: T 1/3 | E 12/200 Ended | E Time: 6.491s | ~Time Left: 1220.223s |  Train Loss: 1.1811 | Train Acc. 48.1211% | Test Loss: 1.2124 | Test Acc. 44.5833%
AdamP on BACH_transformed: T 1/3 | E 13/200 Ended | E Time: 6.511s | ~Time Left: 1217.610s |  Train Loss: 1.1526 | Train Acc. 50.7307% | Test Loss: 1.1728 | Test Acc. 50.8333%
AdamP on BACH_transformed: T 1/3 | E 14/200 Ended | E Time: 6.533s | ~Time Left: 1215.083s |  Train Loss: 1.1549 | Train Acc. 49.8956% | Test Loss: 1.1856 | Test Acc. 42.9167%
AdamP on BACH_transformed: T 1/3 | E 15/200 Ended | E Time: 6.562s | ~Time Left: 1214.047s |  Train Loss: 1.1553 | Train Acc. 48.1211% | Test Loss: 1.1652 | Test Acc. 45.4167%
AdamP on BACH_transformed: T 1/3 | E 16/200 Ended | E Time: 6.483s | ~Time Left: 1192.932s |  Train Loss: 1.1410 | Train Acc. 49.3737% | Test Loss: 1.2076 | Test Acc. 44.5833%
AdamP on BACH_transformed: T 1/3 | E 17/200 Ended | E Time: 6.569s | ~Time Left: 1202.140s |  Train Loss: 1.1135 | Train Acc. 52.0877% | Test Loss: 1.2361 | Test Acc. 45.4167%
AdamP on BACH_transformed: T 1/3 | E 18/200 Ended | E Time: 6.545s | ~Time Left: 1191.212s |  Train Loss: 1.1205 | Train Acc. 49.4781% | Test Loss: 1.2814 | Test Acc. 39.1667%
AdamP on BACH_transformed: T 1/3 | E 19/200 Ended | E Time: 6.587s | ~Time Left: 1192.230s |  Train Loss: 1.1338 | Train Acc. 48.6430% | Test Loss: 1.1588 | Test Acc. 52.0833%
AdamP on BACH_transformed: T 1/3 | E 20/200 Ended | E Time: 6.607s | ~Time Left: 1189.342s |  Train Loss: 1.1171 | Train Acc. 50.7307% | Test Loss: 1.1992 | Test Acc. 46.6667%
AdamP on BACH_transformed: T 1/3 | E 21/200 Ended | E Time: 6.411s | ~Time Left: 1147.645s |  Train Loss: 1.1364 | Train Acc. 48.9562% | Test Loss: 1.0711 | Test Acc. 51.6667%
AdamP on BACH_transformed: T 1/3 | E 22/200 Ended | E Time: 6.481s | ~Time Left: 1153.617s |  Train Loss: 1.1143 | Train Acc. 49.5825% | Test Loss: 1.1044 | Test Acc. 52.5000%
AdamP on BACH_transformed: T 1/3 | E 23/200 Ended | E Time: 6.435s | ~Time Left: 1138.939s |  Train Loss: 1.0691 | Train Acc. 54.9061% | Test Loss: 1.1921 | Test Acc. 52.0833%
AdamP on BACH_transformed: T 1/3 | E 24/200 Ended | E Time: 6.463s | ~Time Left: 1137.536s |  Train Loss: 1.1041 | Train Acc. 52.9228% | Test Loss: 1.1255 | Test Acc. 46.2500%
AdamP on BACH_transformed: T 1/3 | E 25/200 Ended | E Time: 6.398s | ~Time Left: 1119.709s |  Train Loss: 1.0826 | Train Acc. 52.7140% | Test Loss: 1.1692 | Test Acc. 49.1667%
AdamP on BACH_transformed: T 1/3 | E 26/200 Ended | E Time: 6.526s | ~Time Left: 1135.575s |  Train Loss: 1.0681 | Train Acc. 52.7140% | Test Loss: 1.1501 | Test Acc. 47.5000%
AdamP on BACH_transformed: T 1/3 | E 27/200 Ended | E Time: 6.556s | ~Time Left: 1134.186s |  Train Loss: 1.0613 | Train Acc. 54.9061% | Test Loss: 1.1278 | Test Acc. 47.9167%
AdamP on BACH_transformed: T 1/3 | E 28/200 Ended | E Time: 6.553s | ~Time Left: 1127.183s |  Train Loss: 1.1034 | Train Acc. 51.5658% | Test Loss: 1.0324 | Test Acc. 54.1667%
AdamP on BACH_transformed: T 1/3 | E 29/200 Ended | E Time: 6.517s | ~Time Left: 1114.438s |  Train Loss: 1.0502 | Train Acc. 55.2192% | Test Loss: 1.1292 | Test Acc. 49.1667%
AdamP on BACH_transformed: T 1/3 | E 30/200 Ended | E Time: 6.468s | ~Time Left: 1099.596s |  Train Loss: 1.0223 | Train Acc. 56.9937% | Test Loss: 1.0197 | Test Acc. 56.2500%
AdamP on BACH_transformed: T 1/3 | E 31/200 Ended | E Time: 6.549s | ~Time Left: 1106.792s |  Train Loss: 1.0304 | Train Acc. 55.5324% | Test Loss: 1.1146 | Test Acc. 49.5833%
AdamP on BACH_transformed: T 1/3 | E 32/200 Ended | E Time: 6.561s | ~Time Left: 1102.290s |  Train Loss: 1.0425 | Train Acc. 55.4280% | Test Loss: 1.0397 | Test Acc. 57.5000%
AdamP on BACH_transformed: T 1/3 | E 33/200 Ended | E Time: 6.543s | ~Time Left: 1092.745s |  Train Loss: 1.0085 | Train Acc. 58.0376% | Test Loss: 1.0639 | Test Acc. 51.2500%
AdamP on BACH_transformed: T 1/3 | E 34/200 Ended | E Time: 6.568s | ~Time Left: 1090.350s |  Train Loss: 1.0042 | Train Acc. 57.9332% | Test Loss: 1.2538 | Test Acc. 47.0833%
AdamP on BACH_transformed: T 1/3 | E 35/200 Ended | E Time: 6.613s | ~Time Left: 1091.222s |  Train Loss: 0.9998 | Train Acc. 56.9937% | Test Loss: 1.0468 | Test Acc. 59.1667%
AdamP on BACH_transformed: T 1/3 | E 36/200 Ended | E Time: 6.618s | ~Time Left: 1085.431s |  Train Loss: 1.0075 | Train Acc. 58.5595% | Test Loss: 1.1120 | Test Acc. 53.3333%
AdamP on BACH_transformed: T 1/3 | E 37/200 Ended | E Time: 6.588s | ~Time Left: 1073.806s |  Train Loss: 0.9878 | Train Acc. 56.7850% | Test Loss: 1.0494 | Test Acc. 55.8333%
AdamP on BACH_transformed: T 1/3 | E 38/200 Ended | E Time: 6.498s | ~Time Left: 1052.674s |  Train Loss: 0.9425 | Train Acc. 61.7954% | Test Loss: 1.0175 | Test Acc. 59.5833%
AdamP on BACH_transformed: T 1/3 | E 39/200 Ended | E Time: 6.629s | ~Time Left: 1067.269s |  Train Loss: 0.9546 | Train Acc. 60.2296% | Test Loss: 1.0569 | Test Acc. 54.1667%
AdamP on BACH_transformed: T 1/3 | E 40/200 Ended | E Time: 6.547s | ~Time Left: 1047.479s |  Train Loss: 0.9892 | Train Acc. 57.8288% | Test Loss: 1.0360 | Test Acc. 53.7500%
AdamP on BACH_transformed: T 1/3 | E 41/200 Ended | E Time: 6.516s | ~Time Left: 1036.103s |  Train Loss: 0.9173 | Train Acc. 61.3779% | Test Loss: 1.0474 | Test Acc. 57.5000%
AdamP on BACH_transformed: T 1/3 | E 42/200 Ended | E Time: 6.505s | ~Time Left: 1027.762s |  Train Loss: 0.9293 | Train Acc. 59.0814% | Test Loss: 0.9534 | Test Acc. 64.5833%
AdamP on BACH_transformed: T 1/3 | E 43/200 Ended | E Time: 6.533s | ~Time Left: 1025.702s |  Train Loss: 0.8998 | Train Acc. 62.8392% | Test Loss: 1.0940 | Test Acc. 57.5000%
AdamP on BACH_transformed: T 1/3 | E 44/200 Ended | E Time: 6.475s | ~Time Left: 1010.049s |  Train Loss: 0.9338 | Train Acc. 60.7516% | Test Loss: 0.9698 | Test Acc. 60.8333%
AdamP on BACH_transformed: T 1/3 | E 45/200 Ended | E Time: 6.511s | ~Time Left: 1009.275s |  Train Loss: 0.8821 | Train Acc. 63.1524% | Test Loss: 0.9659 | Test Acc. 59.1667%
AdamP on BACH_transformed: T 1/3 | E 46/200 Ended | E Time: 6.546s | ~Time Left: 1008.010s |  Train Loss: 0.9192 | Train Acc. 61.5866% | Test Loss: 1.0307 | Test Acc. 57.9167%
AdamP on BACH_transformed: T 1/3 | E 47/200 Ended | E Time: 6.464s | ~Time Left: 989.066s |  Train Loss: 0.8672 | Train Acc. 64.9269% | Test Loss: 1.0170 | Test Acc. 59.1667%
AdamP on BACH_transformed: T 1/3 | E 48/200 Ended | E Time: 6.526s | ~Time Left: 991.887s |  Train Loss: 0.8306 | Train Acc. 65.0313% | Test Loss: 1.0267 | Test Acc. 59.1667%
AdamP on BACH_transformed: T 1/3 | E 49/200 Ended | E Time: 6.492s | ~Time Left: 980.312s |  Train Loss: 0.8748 | Train Acc. 64.0919% | Test Loss: 0.8836 | Test Acc. 65.4167%
AdamP on BACH_transformed: T 1/3 | E 50/200 Ended | E Time: 6.492s | ~Time Left: 973.770s |  Train Loss: 0.8883 | Train Acc. 63.0480% | Test Loss: 1.0970 | Test Acc. 57.0833%
AdamP on BACH_transformed: T 1/3 | E 51/200 Ended | E Time: 6.648s | ~Time Left: 990.547s |  Train Loss: 0.8440 | Train Acc. 67.0146% | Test Loss: 1.2196 | Test Acc. 50.8333%
AdamP on BACH_transformed: T 1/3 | E 52/200 Ended | E Time: 6.622s | ~Time Left: 980.103s |  Train Loss: 0.8294 | Train Acc. 64.7182% | Test Loss: 0.9737 | Test Acc. 60.4167%
AdamP on BACH_transformed: T 1/3 | E 53/200 Ended | E Time: 6.548s | ~Time Left: 962.597s |  Train Loss: 0.8390 | Train Acc. 65.9708% | Test Loss: 1.0115 | Test Acc. 60.4167%
AdamP on BACH_transformed: T 1/3 | E 54/200 Ended | E Time: 6.491s | ~Time Left: 947.663s |  Train Loss: 0.8374 | Train Acc. 63.7787% | Test Loss: 0.8876 | Test Acc. 58.7500%
AdamP on BACH_transformed: T 1/3 | E 55/200 Ended | E Time: 6.541s | ~Time Left: 948.460s |  Train Loss: 0.8018 | Train Acc. 68.4760% | Test Loss: 1.0377 | Test Acc. 55.8333%
AdamP on BACH_transformed: T 1/3 | E 56/200 Ended | E Time: 6.514s | ~Time Left: 938.001s |  Train Loss: 0.8078 | Train Acc. 67.6409% | Test Loss: 0.9338 | Test Acc. 59.1667%
AdamP on BACH_transformed: T 1/3 | E 57/200 Ended | E Time: 6.570s | ~Time Left: 939.441s |  Train Loss: 0.7659 | Train Acc. 67.7453% | Test Loss: 1.1082 | Test Acc. 56.6667%
AdamP on BACH_transformed: T 1/3 | E 58/200 Ended | E Time: 6.572s | ~Time Left: 933.159s |  Train Loss: 0.7894 | Train Acc. 67.5365% | Test Loss: 0.9643 | Test Acc. 60.8333%
AdamP on BACH_transformed: T 1/3 | E 59/200 Ended | E Time: 6.765s | ~Time Left: 953.797s |  Train Loss: 0.7535 | Train Acc. 67.1190% | Test Loss: 0.8362 | Test Acc. 64.5833%
AdamP on BACH_transformed: T 1/3 | E 60/200 Ended | E Time: 6.514s | ~Time Left: 911.987s |  Train Loss: 0.7397 | Train Acc. 69.4155% | Test Loss: 1.0047 | Test Acc. 57.5000%
AdamP on BACH_transformed: T 1/3 | E 61/200 Ended | E Time: 6.528s | ~Time Left: 907.329s |  Train Loss: 0.7292 | Train Acc. 70.7724% | Test Loss: 0.9512 | Test Acc. 58.3333%
AdamP on BACH_transformed: T 1/3 | E 62/200 Ended | E Time: 6.577s | ~Time Left: 907.567s |  Train Loss: 0.7539 | Train Acc. 70.0418% | Test Loss: 1.0569 | Test Acc. 57.5000%
AdamP on BACH_transformed: T 1/3 | E 63/200 Ended | E Time: 6.786s | ~Time Left: 929.746s |  Train Loss: 0.7815 | Train Acc. 68.1628% | Test Loss: 0.9394 | Test Acc. 63.3333%
AdamP on BACH_transformed: T 1/3 | E 64/200 Ended | E Time: 6.643s | ~Time Left: 903.498s |  Train Loss: 0.7321 | Train Acc. 69.3111% | Test Loss: 0.9108 | Test Acc. 64.1667%
AdamP on BACH_transformed: T 1/3 | E 65/200 Ended | E Time: 6.570s | ~Time Left: 886.907s |  Train Loss: 0.7643 | Train Acc. 69.2067% | Test Loss: 0.8923 | Test Acc. 65.0000%
AdamP on BACH_transformed: T 1/3 | E 66/200 Ended | E Time: 6.538s | ~Time Left: 876.041s |  Train Loss: 0.7314 | Train Acc. 71.9207% | Test Loss: 0.7767 | Test Acc. 67.9167%
AdamP on BACH_transformed: T 1/3 | E 67/200 Ended | E Time: 6.524s | ~Time Left: 867.648s |  Train Loss: 0.7289 | Train Acc. 69.7286% | Test Loss: 0.8904 | Test Acc. 62.5000%
AdamP on BACH_transformed: T 1/3 | E 68/200 Ended | E Time: 6.584s | ~Time Left: 869.059s |  Train Loss: 0.7563 | Train Acc. 69.4155% | Test Loss: 0.9322 | Test Acc. 60.8333%
AdamP on BACH_transformed: T 1/3 | E 69/200 Ended | E Time: 6.474s | ~Time Left: 848.053s |  Train Loss: 0.7025 | Train Acc. 70.6681% | Test Loss: 0.8197 | Test Acc. 64.5833%
AdamP on BACH_transformed: T 1/3 | E 70/200 Ended | E Time: 6.446s | ~Time Left: 838.009s |  Train Loss: 0.6956 | Train Acc. 72.3382% | Test Loss: 0.9266 | Test Acc. 62.9167%
AdamP on BACH_transformed: T 1/3 | E 71/200 Ended | E Time: 6.477s | ~Time Left: 835.547s |  Train Loss: 0.6956 | Train Acc. 72.2338% | Test Loss: 0.8520 | Test Acc. 65.8333%
AdamP on BACH_transformed: T 1/3 | E 72/200 Ended | E Time: 6.526s | ~Time Left: 835.297s |  Train Loss: 0.7038 | Train Acc. 71.6075% | Test Loss: 0.9248 | Test Acc. 67.0833%
AdamP on BACH_transformed: T 1/3 | E 73/200 Ended | E Time: 6.508s | ~Time Left: 826.527s |  Train Loss: 0.6726 | Train Acc. 74.5303% | Test Loss: 0.8872 | Test Acc. 67.0833%
AdamP on BACH_transformed: T 1/3 | E 74/200 Ended | E Time: 6.511s | ~Time Left: 820.354s |  Train Loss: 0.6750 | Train Acc. 72.9645% | Test Loss: 0.8303 | Test Acc. 65.4167%
AdamP on BACH_transformed: T 1/3 | E 75/200 Ended | E Time: 6.513s | ~Time Left: 814.180s |  Train Loss: 0.6715 | Train Acc. 73.0689% | Test Loss: 0.7928 | Test Acc. 67.0833%
AdamP on BACH_transformed: T 1/3 | E 76/200 Ended | E Time: 6.563s | ~Time Left: 813.790s |  Train Loss: 0.6614 | Train Acc. 73.1733% | Test Loss: 0.7314 | Test Acc. 66.6667%
AdamP on BACH_transformed: T 1/3 | E 77/200 Ended | E Time: 6.516s | ~Time Left: 801.439s |  Train Loss: 0.6628 | Train Acc. 72.8601% | Test Loss: 0.9830 | Test Acc. 60.0000%
AdamP on BACH_transformed: T 1/3 | E 78/200 Ended | E Time: 6.470s | ~Time Left: 789.285s |  Train Loss: 0.6488 | Train Acc. 73.5908% | Test Loss: 0.7179 | Test Acc. 70.8333%
AdamP on BACH_transformed: T 1/3 | E 79/200 Ended | E Time: 6.541s | ~Time Left: 791.472s |  Train Loss: 0.6429 | Train Acc. 76.2004% | Test Loss: 0.7850 | Test Acc. 68.7500%
AdamP on BACH_transformed: T 1/3 | E 80/200 Ended | E Time: 6.470s | ~Time Left: 776.385s |  Train Loss: 0.6098 | Train Acc. 76.5136% | Test Loss: 0.6866 | Test Acc. 72.5000%
AdamP on BACH_transformed: T 1/3 | E 81/200 Ended | E Time: 6.568s | ~Time Left: 781.542s |  Train Loss: 0.6138 | Train Acc. 75.3653% | Test Loss: 0.7672 | Test Acc. 69.1667%
AdamP on BACH_transformed: T 1/3 | E 82/200 Ended | E Time: 6.590s | ~Time Left: 777.662s |  Train Loss: 0.6223 | Train Acc. 74.8434% | Test Loss: 0.6886 | Test Acc. 72.9167%
AdamP on BACH_transformed: T 1/3 | E 83/200 Ended | E Time: 6.514s | ~Time Left: 762.168s |  Train Loss: 0.5960 | Train Acc. 76.2004% | Test Loss: 0.8026 | Test Acc. 66.6667%
AdamP on BACH_transformed: T 1/3 | E 84/200 Ended | E Time: 6.601s | ~Time Left: 765.685s |  Train Loss: 0.6302 | Train Acc. 74.8434% | Test Loss: 0.6608 | Test Acc. 72.9167%
AdamP on BACH_transformed: T 1/3 | E 85/200 Ended | E Time: 6.530s | ~Time Left: 750.923s |  Train Loss: 0.6365 | Train Acc. 74.4259% | Test Loss: 0.7390 | Test Acc. 68.7500%
AdamP on BACH_transformed: T 1/3 | E 86/200 Ended | E Time: 6.466s | ~Time Left: 737.166s |  Train Loss: 0.5886 | Train Acc. 76.8267% | Test Loss: 0.8072 | Test Acc. 69.5833%
AdamP on BACH_transformed: T 1/3 | E 87/200 Ended | E Time: 6.592s | ~Time Left: 744.894s |  Train Loss: 0.6199 | Train Acc. 74.5303% | Test Loss: 0.7661 | Test Acc. 68.3333%
AdamP on BACH_transformed: T 1/3 | E 88/200 Ended | E Time: 6.548s | ~Time Left: 733.408s |  Train Loss: 0.5816 | Train Acc. 76.0960% | Test Loss: 1.0013 | Test Acc. 57.9167%
AdamP on BACH_transformed: T 1/3 | E 89/200 Ended | E Time: 6.642s | ~Time Left: 737.257s |  Train Loss: 0.5919 | Train Acc. 77.2443% | Test Loss: 1.0981 | Test Acc. 60.8333%
AdamP on BACH_transformed: T 1/3 | E 90/200 Ended | E Time: 6.502s | ~Time Left: 715.174s |  Train Loss: 0.5758 | Train Acc. 76.6180% | Test Loss: 0.7380 | Test Acc. 71.2500%
AdamP on BACH_transformed: T 1/3 | E 91/200 Ended | E Time: 6.539s | ~Time Left: 712.763s |  Train Loss: 0.5553 | Train Acc. 77.5574% | Test Loss: 0.9006 | Test Acc. 67.0833%
AdamP on BACH_transformed: T 1/3 | E 92/200 Ended | E Time: 6.535s | ~Time Left: 705.812s |  Train Loss: 0.5989 | Train Acc. 77.0355% | Test Loss: 0.7908 | Test Acc. 71.2500%
AdamP on BACH_transformed: T 1/3 | E 93/200 Ended | E Time: 6.539s | ~Time Left: 699.628s |  Train Loss: 0.5511 | Train Acc. 79.0188% | Test Loss: 0.8036 | Test Acc. 65.8333%
AdamP on BACH_transformed: T 1/3 | E 94/200 Ended | E Time: 6.588s | ~Time Left: 698.327s |  Train Loss: 0.5477 | Train Acc. 78.8100% | Test Loss: 0.7563 | Test Acc. 68.3333%
AdamP on BACH_transformed: T 1/3 | E 95/200 Ended | E Time: 6.554s | ~Time Left: 688.198s |  Train Loss: 0.5686 | Train Acc. 77.7662% | Test Loss: 0.8613 | Test Acc. 63.3333%
AdamP on BACH_transformed: T 1/3 | E 96/200 Ended | E Time: 6.524s | ~Time Left: 678.511s |  Train Loss: 0.5636 | Train Acc. 77.6618% | Test Loss: 0.9929 | Test Acc. 59.5833%
AdamP on BACH_transformed: T 1/3 | E 97/200 Ended | E Time: 6.548s | ~Time Left: 674.483s |  Train Loss: 0.6169 | Train Acc. 75.4697% | Test Loss: 0.8675 | Test Acc. 65.0000%
AdamP on BACH_transformed: T 1/3 | E 98/200 Ended | E Time: 6.585s | ~Time Left: 671.629s |  Train Loss: 0.5670 | Train Acc. 77.4530% | Test Loss: 0.8667 | Test Acc. 67.5000%
AdamP on BACH_transformed: T 1/3 | E 99/200 Ended | E Time: 6.629s | ~Time Left: 669.554s |  Train Loss: 0.5359 | Train Acc. 78.3925% | Test Loss: 0.7228 | Test Acc. 70.0000%
AdamP on BACH_transformed: T 1/3 | E 100/200 Ended | E Time: 6.608s | ~Time Left: 660.806s |  Train Loss: 0.5139 | Train Acc. 79.0188% | Test Loss: 0.6267 | Test Acc. 75.0000%
AdamP on BACH_transformed: T 1/3 | E 101/200 Ended | E Time: 6.551s | ~Time Left: 648.544s |  Train Loss: 0.5041 | Train Acc. 79.4363% | Test Loss: 0.7318 | Test Acc. 68.3333%
AdamP on BACH_transformed: T 1/3 | E 102/200 Ended | E Time: 6.566s | ~Time Left: 643.475s |  Train Loss: 0.5114 | Train Acc. 79.1232% | Test Loss: 0.6498 | Test Acc. 75.0000%
AdamP on BACH_transformed: T 1/3 | E 103/200 Ended | E Time: 6.505s | ~Time Left: 630.973s |  Train Loss: 0.4789 | Train Acc. 81.5240% | Test Loss: 0.7665 | Test Acc. 71.2500%
AdamP on BACH_transformed: T 1/3 | E 104/200 Ended | E Time: 6.501s | ~Time Left: 624.108s |  Train Loss: 0.5309 | Train Acc. 79.4363% | Test Loss: 0.7350 | Test Acc. 72.5000%
AdamP on BACH_transformed: T 1/3 | E 105/200 Ended | E Time: 6.527s | ~Time Left: 620.112s |  Train Loss: 0.4982 | Train Acc. 79.3319% | Test Loss: 0.6629 | Test Acc. 72.0833%
AdamP on BACH_transformed: T 1/3 | E 106/200 Ended | E Time: 6.515s | ~Time Left: 612.373s |  Train Loss: 0.4571 | Train Acc. 82.3591% | Test Loss: 0.6526 | Test Acc. 73.7500%
AdamP on BACH_transformed: T 1/3 | E 107/200 Ended | E Time: 6.543s | ~Time Left: 608.522s |  Train Loss: 0.4595 | Train Acc. 81.9415% | Test Loss: 0.7138 | Test Acc. 71.2500%
AdamP on BACH_transformed: T 1/3 | E 108/200 Ended | E Time: 6.497s | ~Time Left: 597.744s |  Train Loss: 0.4601 | Train Acc. 83.1942% | Test Loss: 0.5971 | Test Acc. 80.0000%
AdamP on BACH_transformed: T 1/3 | E 109/200 Ended | E Time: 6.587s | ~Time Left: 599.407s |  Train Loss: 0.4807 | Train Acc. 82.4635% | Test Loss: 1.0891 | Test Acc. 58.3333%
AdamP on BACH_transformed: T 1/3 | E 110/200 Ended | E Time: 6.598s | ~Time Left: 593.864s |  Train Loss: 0.4759 | Train Acc. 81.2109% | Test Loss: 0.9731 | Test Acc. 64.5833%
AdamP on BACH_transformed: T 1/3 | E 111/200 Ended | E Time: 6.493s | ~Time Left: 577.856s |  Train Loss: 0.5292 | Train Acc. 80.4802% | Test Loss: 0.8616 | Test Acc. 67.9167%
AdamP on BACH_transformed: T 1/3 | E 112/200 Ended | E Time: 6.587s | ~Time Left: 579.626s |  Train Loss: 0.4805 | Train Acc. 79.8539% | Test Loss: 1.0091 | Test Acc. 67.0833%
AdamP on BACH_transformed: T 1/3 | E 113/200 Ended | E Time: 6.499s | ~Time Left: 565.439s |  Train Loss: 0.4407 | Train Acc. 84.6555% | Test Loss: 0.6223 | Test Acc. 75.0000%
AdamP on BACH_transformed: T 1/3 | E 114/200 Ended | E Time: 6.540s | ~Time Left: 562.433s |  Train Loss: 0.4558 | Train Acc. 81.8372% | Test Loss: 0.7143 | Test Acc. 73.7500%
AdamP on BACH_transformed: T 1/3 | E 115/200 Ended | E Time: 6.515s | ~Time Left: 553.800s |  Train Loss: 0.4571 | Train Acc. 80.5846% | Test Loss: 0.8153 | Test Acc. 66.6667%
AdamP on BACH_transformed: T 1/3 | E 116/200 Ended | E Time: 6.537s | ~Time Left: 549.113s |  Train Loss: 0.4911 | Train Acc. 81.2109% | Test Loss: 0.6678 | Test Acc. 70.0000%
AdamP on BACH_transformed: T 1/3 | E 117/200 Ended | E Time: 6.652s | ~Time Left: 552.130s |  Train Loss: 0.4956 | Train Acc. 79.8539% | Test Loss: 0.7215 | Test Acc. 74.5833%
AdamP on BACH_transformed: T 1/3 | E 118/200 Ended | E Time: 6.635s | ~Time Left: 544.106s |  Train Loss: 0.4623 | Train Acc. 82.8810% | Test Loss: 0.7049 | Test Acc. 73.7500%
AdamP on BACH_transformed: T 1/3 | E 119/200 Ended | E Time: 6.523s | ~Time Left: 528.387s |  Train Loss: 0.4770 | Train Acc. 82.1503% | Test Loss: 0.6573 | Test Acc. 74.1667%
AdamP on BACH_transformed: T 1/3 | E 120/200 Ended | E Time: 6.540s | ~Time Left: 523.219s |  Train Loss: 0.4029 | Train Acc. 84.4468% | Test Loss: 0.6394 | Test Acc. 73.7500%
AdamP on BACH_transformed: T 1/3 | E 121/200 Ended | E Time: 6.538s | ~Time Left: 516.533s |  Train Loss: 0.4743 | Train Acc. 81.2109% | Test Loss: 0.6777 | Test Acc. 76.2500%
AdamP on BACH_transformed: T 1/3 | E 122/200 Ended | E Time: 6.529s | ~Time Left: 509.239s |  Train Loss: 0.4019 | Train Acc. 85.2818% | Test Loss: 0.6522 | Test Acc. 74.5833%
AdamP on BACH_transformed: T 1/3 | E 123/200 Ended | E Time: 6.516s | ~Time Left: 501.733s |  Train Loss: 0.4683 | Train Acc. 82.2547% | Test Loss: 0.7677 | Test Acc. 72.5000%
AdamP on BACH_transformed: T 1/3 | E 124/200 Ended | E Time: 6.451s | ~Time Left: 490.275s |  Train Loss: 0.4141 | Train Acc. 84.4468% | Test Loss: 0.6685 | Test Acc. 75.4167%
AdamP on BACH_transformed: T 1/3 | E 125/200 Ended | E Time: 6.543s | ~Time Left: 490.694s |  Train Loss: 0.3914 | Train Acc. 83.7161% | Test Loss: 0.6613 | Test Acc. 77.0833%
AdamP on BACH_transformed: T 1/3 | E 126/200 Ended | E Time: 6.547s | ~Time Left: 484.445s |  Train Loss: 0.4244 | Train Acc. 84.7599% | Test Loss: 0.7449 | Test Acc. 71.2500%
AdamP on BACH_transformed: T 1/3 | E 127/200 Ended | E Time: 6.545s | ~Time Left: 477.766s |  Train Loss: 0.3848 | Train Acc. 84.4468% | Test Loss: 0.6222 | Test Acc. 72.9167%
AdamP on BACH_transformed: T 1/3 | E 128/200 Ended | E Time: 6.623s | ~Time Left: 476.837s |  Train Loss: 0.4313 | Train Acc. 83.7161% | Test Loss: 0.8723 | Test Acc. 68.7500%
AdamP on BACH_transformed: T 1/3 | E 129/200 Ended | E Time: 6.566s | ~Time Left: 466.184s |  Train Loss: 0.4088 | Train Acc. 83.2985% | Test Loss: 0.9359 | Test Acc. 70.0000%
AdamP on BACH_transformed: T 1/3 | E 130/200 Ended | E Time: 6.492s | ~Time Left: 454.432s |  Train Loss: 0.4459 | Train Acc. 82.4635% | Test Loss: 0.5849 | Test Acc. 77.5000%
AdamP on BACH_transformed: T 1/3 | E 131/200 Ended | E Time: 6.502s | ~Time Left: 448.623s |  Train Loss: 0.4104 | Train Acc. 84.3424% | Test Loss: 0.6831 | Test Acc. 72.9167%
AdamP on BACH_transformed: T 1/3 | E 132/200 Ended | E Time: 6.564s | ~Time Left: 446.360s |  Train Loss: 0.3946 | Train Acc. 84.4468% | Test Loss: 0.7042 | Test Acc. 72.5000%
AdamP on BACH_transformed: T 1/3 | E 133/200 Ended | E Time: 6.526s | ~Time Left: 437.242s |  Train Loss: 0.4172 | Train Acc. 84.3424% | Test Loss: 0.7990 | Test Acc. 70.8333%
AdamP on BACH_transformed: T 1/3 | E 134/200 Ended | E Time: 6.561s | ~Time Left: 433.050s |  Train Loss: 0.3770 | Train Acc. 85.3862% | Test Loss: 0.6893 | Test Acc. 75.4167%
AdamP on BACH_transformed: T 1/3 | E 135/200 Ended | E Time: 6.555s | ~Time Left: 426.087s |  Train Loss: 0.3834 | Train Acc. 85.8038% | Test Loss: 0.8184 | Test Acc. 68.7500%
AdamP on BACH_transformed: T 1/3 | E 136/200 Ended | E Time: 6.492s | ~Time Left: 415.474s |  Train Loss: 0.4327 | Train Acc. 83.5073% | Test Loss: 0.6432 | Test Acc. 73.3333%
AdamP on BACH_transformed: T 1/3 | E 137/200 Ended | E Time: 6.550s | ~Time Left: 412.672s |  Train Loss: 0.3741 | Train Acc. 86.5344% | Test Loss: 0.6339 | Test Acc. 72.0833%
AdamP on BACH_transformed: T 1/3 | E 138/200 Ended | E Time: 6.564s | ~Time Left: 406.972s |  Train Loss: 0.3910 | Train Acc. 84.3424% | Test Loss: 0.7512 | Test Acc. 72.0833%
AdamP on BACH_transformed: T 1/3 | E 139/200 Ended | E Time: 6.591s | ~Time Left: 402.072s |  Train Loss: 0.3776 | Train Acc. 84.8643% | Test Loss: 0.5704 | Test Acc. 75.8333%
AdamP on BACH_transformed: T 1/3 | E 140/200 Ended | E Time: 6.504s | ~Time Left: 390.228s |  Train Loss: 0.3981 | Train Acc. 84.1336% | Test Loss: 0.8115 | Test Acc. 74.1667%
AdamP on BACH_transformed: T 1/3 | E 141/200 Ended | E Time: 6.484s | ~Time Left: 382.557s |  Train Loss: 0.3905 | Train Acc. 85.5950% | Test Loss: 0.6231 | Test Acc. 73.7500%
AdamP on BACH_transformed: T 1/3 | E 142/200 Ended | E Time: 6.563s | ~Time Left: 380.682s |  Train Loss: 0.3509 | Train Acc. 87.0564% | Test Loss: 0.7038 | Test Acc. 73.3333%
AdamP on BACH_transformed: T 1/3 | E 143/200 Ended | E Time: 6.520s | ~Time Left: 371.627s |  Train Loss: 0.3362 | Train Acc. 86.7432% | Test Loss: 0.6445 | Test Acc. 74.1667%
AdamP on BACH_transformed: T 1/3 | E 144/200 Ended | E Time: 6.516s | ~Time Left: 364.873s |  Train Loss: 0.3637 | Train Acc. 84.3424% | Test Loss: 0.6658 | Test Acc. 73.3333%
AdamP on BACH_transformed: T 1/3 | E 145/200 Ended | E Time: 6.484s | ~Time Left: 356.648s |  Train Loss: 0.3296 | Train Acc. 88.7265% | Test Loss: 0.6236 | Test Acc. 76.6667%
AdamP on BACH_transformed: T 1/3 | E 146/200 Ended | E Time: 6.501s | ~Time Left: 351.045s |  Train Loss: 0.3509 | Train Acc. 85.6994% | Test Loss: 0.6176 | Test Acc. 77.5000%
AdamP on BACH_transformed: T 1/3 | E 147/200 Ended | E Time: 6.505s | ~Time Left: 344.753s |  Train Loss: 0.3769 | Train Acc. 84.8643% | Test Loss: 0.5464 | Test Acc. 79.1667%
AdamP on BACH_transformed: T 1/3 | E 148/200 Ended | E Time: 6.472s | ~Time Left: 336.569s |  Train Loss: 0.3286 | Train Acc. 87.8914% | Test Loss: 0.6851 | Test Acc. 74.1667%
AdamP on BACH_transformed: T 1/3 | E 149/200 Ended | E Time: 6.549s | ~Time Left: 334.015s |  Train Loss: 0.3859 | Train Acc. 85.4906% | Test Loss: 0.7740 | Test Acc. 68.7500%
AdamP on BACH_transformed: T 1/3 | E 150/200 Ended | E Time: 6.498s | ~Time Left: 324.924s |  Train Loss: 0.3605 | Train Acc. 86.6388% | Test Loss: 0.5847 | Test Acc. 75.8333%
AdamP on BACH_transformed: T 1/3 | E 151/200 Ended | E Time: 6.528s | ~Time Left: 319.883s |  Train Loss: 0.3124 | Train Acc. 89.6660% | Test Loss: 0.5853 | Test Acc. 78.3333%
AdamP on BACH_transformed: T 1/3 | E 152/200 Ended | E Time: 6.496s | ~Time Left: 311.820s |  Train Loss: 0.3298 | Train Acc. 86.5344% | Test Loss: 0.5784 | Test Acc. 77.0833%
AdamP on BACH_transformed: T 1/3 | E 153/200 Ended | E Time: 6.553s | ~Time Left: 308.009s |  Train Loss: 0.3150 | Train Acc. 88.1002% | Test Loss: 0.5803 | Test Acc. 77.0833%
AdamP on BACH_transformed: T 1/3 | E 154/200 Ended | E Time: 6.526s | ~Time Left: 300.205s |  Train Loss: 0.3603 | Train Acc. 85.9081% | Test Loss: 0.7852 | Test Acc. 72.9167%
AdamP on BACH_transformed: T 1/3 | E 155/200 Ended | E Time: 6.570s | ~Time Left: 295.650s |  Train Loss: 0.3800 | Train Acc. 84.6555% | Test Loss: 0.5539 | Test Acc. 78.3333%
AdamP on BACH_transformed: T 1/3 | E 156/200 Ended | E Time: 6.596s | ~Time Left: 290.210s |  Train Loss: 0.3573 | Train Acc. 85.9081% | Test Loss: 0.6499 | Test Acc. 75.0000%
AdamP on BACH_transformed: T 1/3 | E 157/200 Ended | E Time: 6.533s | ~Time Left: 280.939s |  Train Loss: 0.3489 | Train Acc. 85.9081% | Test Loss: 0.6336 | Test Acc. 75.8333%
AdamP on BACH_transformed: T 1/3 | E 158/200 Ended | E Time: 6.520s | ~Time Left: 273.827s |  Train Loss: 0.3147 | Train Acc. 87.9958% | Test Loss: 0.6467 | Test Acc. 75.4167%
AdamP on BACH_transformed: T 1/3 | E 159/200 Ended | E Time: 6.550s | ~Time Left: 268.567s |  Train Loss: 0.3557 | Train Acc. 86.1169% | Test Loss: 0.6293 | Test Acc. 76.6667%
AdamP on BACH_transformed: T 1/3 | E 160/200 Ended | E Time: 6.535s | ~Time Left: 261.417s |  Train Loss: 0.2995 | Train Acc. 90.1879% | Test Loss: 0.6143 | Test Acc. 77.0833%
AdamP on BACH_transformed: T 1/3 | E 161/200 Ended | E Time: 6.513s | ~Time Left: 254.002s |  Train Loss: 0.3280 | Train Acc. 87.0564% | Test Loss: 0.5553 | Test Acc. 77.9167%
AdamP on BACH_transformed: T 1/3 | E 162/200 Ended | E Time: 6.491s | ~Time Left: 246.667s |  Train Loss: 0.2971 | Train Acc. 89.5616% | Test Loss: 0.8515 | Test Acc. 70.4167%
AdamP on BACH_transformed: T 1/3 | E 163/200 Ended | E Time: 6.543s | ~Time Left: 242.103s |  Train Loss: 0.2822 | Train Acc. 90.0835% | Test Loss: 0.5438 | Test Acc. 77.9167%
AdamP on BACH_transformed: T 1/3 | E 164/200 Ended | E Time: 6.598s | ~Time Left: 237.518s |  Train Loss: 0.3024 | Train Acc. 87.8914% | Test Loss: 0.7176 | Test Acc. 75.4167%
AdamP on BACH_transformed: T 1/3 | E 165/200 Ended | E Time: 6.465s | ~Time Left: 226.291s |  Train Loss: 0.3102 | Train Acc. 87.8914% | Test Loss: 0.5730 | Test Acc. 75.8333%
AdamP on BACH_transformed: T 1/3 | E 166/200 Ended | E Time: 6.553s | ~Time Left: 222.816s |  Train Loss: 0.2748 | Train Acc. 89.5616% | Test Loss: 0.6707 | Test Acc. 77.5000%
AdamP on BACH_transformed: T 1/3 | E 167/200 Ended | E Time: 6.646s | ~Time Left: 219.320s |  Train Loss: 0.2989 | Train Acc. 89.1441% | Test Loss: 0.4948 | Test Acc. 84.5833%
AdamP on BACH_transformed: T 1/3 | E 168/200 Ended | E Time: 6.550s | ~Time Left: 209.588s |  Train Loss: 0.2908 | Train Acc. 89.4572% | Test Loss: 0.4625 | Test Acc. 83.7500%
AdamP on BACH_transformed: T 1/3 | E 169/200 Ended | E Time: 6.508s | ~Time Left: 201.734s |  Train Loss: 0.3114 | Train Acc. 87.8914% | Test Loss: 0.5992 | Test Acc. 80.0000%
AdamP on BACH_transformed: T 1/3 | E 170/200 Ended | E Time: 6.541s | ~Time Left: 196.233s |  Train Loss: 0.3204 | Train Acc. 88.3090% | Test Loss: 0.6635 | Test Acc. 75.8333%
AdamP on BACH_transformed: T 1/3 | E 171/200 Ended | E Time: 6.542s | ~Time Left: 189.729s |  Train Loss: 0.2708 | Train Acc. 88.7265% | Test Loss: 0.6635 | Test Acc. 78.3333%
AdamP on BACH_transformed: T 1/3 | E 172/200 Ended | E Time: 6.564s | ~Time Left: 183.788s |  Train Loss: 0.2958 | Train Acc. 88.7265% | Test Loss: 0.6469 | Test Acc. 75.4167%
AdamP on BACH_transformed: T 1/3 | E 173/200 Ended | E Time: 6.519s | ~Time Left: 176.025s |  Train Loss: 0.2915 | Train Acc. 88.6221% | Test Loss: 0.4007 | Test Acc. 88.3333%
AdamP on BACH_transformed: T 1/3 | E 174/200 Ended | E Time: 6.504s | ~Time Left: 169.111s |  Train Loss: 0.2845 | Train Acc. 89.1441% | Test Loss: 0.5553 | Test Acc. 79.1667%
AdamP on BACH_transformed: T 1/3 | E 175/200 Ended | E Time: 6.551s | ~Time Left: 163.779s |  Train Loss: 0.2781 | Train Acc. 89.0397% | Test Loss: 0.7187 | Test Acc. 72.5000%
AdamP on BACH_transformed: T 1/3 | E 176/200 Ended | E Time: 6.495s | ~Time Left: 155.884s |  Train Loss: 0.3239 | Train Acc. 87.5783% | Test Loss: 0.7509 | Test Acc. 74.1667%
AdamP on BACH_transformed: T 1/3 | E 177/200 Ended | E Time: 6.580s | ~Time Left: 151.335s |  Train Loss: 0.3112 | Train Acc. 89.1441% | Test Loss: 0.5261 | Test Acc. 79.1667%
AdamP on BACH_transformed: T 1/3 | E 178/200 Ended | E Time: 6.580s | ~Time Left: 144.751s |  Train Loss: 0.2648 | Train Acc. 90.8142% | Test Loss: 0.5412 | Test Acc. 79.1667%
AdamP on BACH_transformed: T 1/3 | E 179/200 Ended | E Time: 6.526s | ~Time Left: 137.048s |  Train Loss: 0.3425 | Train Acc. 84.7599% | Test Loss: 0.6330 | Test Acc. 74.1667%
AdamP on BACH_transformed: T 1/3 | E 180/200 Ended | E Time: 6.558s | ~Time Left: 131.167s |  Train Loss: 0.2739 | Train Acc. 90.0835% | Test Loss: 0.5722 | Test Acc. 77.5000%
AdamP on BACH_transformed: T 1/3 | E 181/200 Ended | E Time: 6.568s | ~Time Left: 124.800s |  Train Loss: 0.2679 | Train Acc. 91.7537% | Test Loss: 0.6426 | Test Acc. 76.6667%
AdamP on BACH_transformed: T 1/3 | E 182/200 Ended | E Time: 6.587s | ~Time Left: 118.574s |  Train Loss: 0.2912 | Train Acc. 88.5177% | Test Loss: 0.7566 | Test Acc. 72.5000%
AdamP on BACH_transformed: T 1/3 | E 183/200 Ended | E Time: 6.575s | ~Time Left: 111.774s |  Train Loss: 0.2608 | Train Acc. 90.0835% | Test Loss: 0.4480 | Test Acc. 81.6667%
AdamP on BACH_transformed: T 1/3 | E 184/200 Ended | E Time: 6.522s | ~Time Left: 104.352s |  Train Loss: 0.2670 | Train Acc. 90.7098% | Test Loss: 0.6218 | Test Acc. 77.5000%
AdamP on BACH_transformed: T 1/3 | E 185/200 Ended | E Time: 6.478s | ~Time Left: 97.164s |  Train Loss: 0.2656 | Train Acc. 89.7704% | Test Loss: 0.5802 | Test Acc. 78.3333%
AdamP on BACH_transformed: T 1/3 | E 186/200 Ended | E Time: 6.582s | ~Time Left: 92.149s |  Train Loss: 0.2554 | Train Acc. 89.9791% | Test Loss: 0.5874 | Test Acc. 78.3333%
AdamP on BACH_transformed: T 1/3 | E 187/200 Ended | E Time: 6.532s | ~Time Left: 84.916s |  Train Loss: 0.2292 | Train Acc. 91.7537% | Test Loss: 0.5136 | Test Acc. 79.5833%
AdamP on BACH_transformed: T 1/3 | E 188/200 Ended | E Time: 6.504s | ~Time Left: 78.046s |  Train Loss: 0.2457 | Train Acc. 90.8142% | Test Loss: 0.5119 | Test Acc. 77.9167%
AdamP on BACH_transformed: T 1/3 | E 189/200 Ended | E Time: 6.536s | ~Time Left: 71.895s |  Train Loss: 0.2755 | Train Acc. 89.2484% | Test Loss: 0.5819 | Test Acc. 76.6667%
AdamP on BACH_transformed: T 1/3 | E 190/200 Ended | E Time: 6.565s | ~Time Left: 65.646s |  Train Loss: 0.2629 | Train Acc. 90.3967% | Test Loss: 0.6262 | Test Acc. 77.0833%
AdamP on BACH_transformed: T 1/3 | E 191/200 Ended | E Time: 6.583s | ~Time Left: 59.249s |  Train Loss: 0.2525 | Train Acc. 90.1879% | Test Loss: 0.4912 | Test Acc. 82.5000%
AdamP on BACH_transformed: T 1/3 | E 192/200 Ended | E Time: 6.551s | ~Time Left: 52.411s |  Train Loss: 0.2526 | Train Acc. 89.9791% | Test Loss: 0.8422 | Test Acc. 67.0833%
AdamP on BACH_transformed: T 1/3 | E 193/200 Ended | E Time: 6.568s | ~Time Left: 45.975s |  Train Loss: 0.2252 | Train Acc. 91.4405% | Test Loss: 0.5486 | Test Acc. 80.0000%
AdamP on BACH_transformed: T 1/3 | E 194/200 Ended | E Time: 6.578s | ~Time Left: 39.469s |  Train Loss: 0.2765 | Train Acc. 90.1879% | Test Loss: 0.6452 | Test Acc. 77.5000%
AdamP on BACH_transformed: T 1/3 | E 195/200 Ended | E Time: 6.528s | ~Time Left: 32.639s |  Train Loss: 0.2404 | Train Acc. 91.1273% | Test Loss: 0.5333 | Test Acc. 78.3333%
AdamP on BACH_transformed: T 1/3 | E 196/200 Ended | E Time: 6.544s | ~Time Left: 26.174s |  Train Loss: 0.2403 | Train Acc. 91.0230% | Test Loss: 0.6882 | Test Acc. 71.2500%
AdamP on BACH_transformed: T 1/3 | E 197/200 Ended | E Time: 6.543s | ~Time Left: 19.629s |  Train Loss: 0.2501 | Train Acc. 89.6660% | Test Loss: 0.6515 | Test Acc. 75.8333%
AdamP on BACH_transformed: T 1/3 | E 198/200 Ended | E Time: 6.507s | ~Time Left: 13.014s |  Train Loss: 0.2768 | Train Acc. 89.7704% | Test Loss: 0.5811 | Test Acc. 79.5833%
AdamP on BACH_transformed: T 1/3 | E 199/200 Ended | E Time: 6.567s | ~Time Left: 6.567s |  Train Loss: 0.2839 | Train Acc. 89.2484% | Test Loss: 0.6502 | Test Acc. 78.7500%
AdamP on BACH_transformed: T 1/3 | E 200/200 Ended | E Time: 6.518s | ~Time Left: 0.000s |  Train Loss: 0.2460 | Train Acc. 91.2317% | Test Loss: 0.6018 | Test Acc. 80.0000%
AdamP on BACH_transformed: T 2/3 | E 1/200 Ended | E Time: 6.511s | ~Time Left: 1295.602s |  Train Loss: 1.3139 | Train Acc. 36.9520% | Test Loss: 1.2506 | Test Acc. 43.7500%
AdamP on BACH_transformed: T 2/3 | E 2/200 Ended | E Time: 6.498s | ~Time Left: 1286.515s |  Train Loss: 1.2753 | Train Acc. 40.9186% | Test Loss: 1.2578 | Test Acc. 37.9167%
AdamP on BACH_transformed: T 2/3 | E 3/200 Ended | E Time: 6.497s | ~Time Left: 1279.944s |  Train Loss: 1.2454 | Train Acc. 43.2150% | Test Loss: 1.2422 | Test Acc. 41.2500%
AdamP on BACH_transformed: T 2/3 | E 4/200 Ended | E Time: 6.511s | ~Time Left: 1276.233s |  Train Loss: 1.2298 | Train Acc. 45.1983% | Test Loss: 1.2354 | Test Acc. 45.8333%
AdamP on BACH_transformed: T 2/3 | E 5/200 Ended | E Time: 6.561s | ~Time Left: 1279.337s |  Train Loss: 1.1922 | Train Acc. 46.4509% | Test Loss: 1.2585 | Test Acc. 41.6667%
AdamP on BACH_transformed: T 2/3 | E 6/200 Ended | E Time: 6.566s | ~Time Left: 1273.894s |  Train Loss: 1.2079 | Train Acc. 44.9896% | Test Loss: 1.2752 | Test Acc. 43.7500%
AdamP on BACH_transformed: T 2/3 | E 7/200 Ended | E Time: 6.522s | ~Time Left: 1258.752s |  Train Loss: 1.2016 | Train Acc. 46.3466% | Test Loss: 1.1393 | Test Acc. 50.4167%
AdamP on BACH_transformed: T 2/3 | E 8/200 Ended | E Time: 6.542s | ~Time Left: 1256.011s |  Train Loss: 1.1677 | Train Acc. 48.5386% | Test Loss: 1.2159 | Test Acc. 45.0000%
AdamP on BACH_transformed: T 2/3 | E 9/200 Ended | E Time: 6.590s | ~Time Left: 1258.666s |  Train Loss: 1.1837 | Train Acc. 45.3027% | Test Loss: 1.2486 | Test Acc. 42.0833%
AdamP on BACH_transformed: T 2/3 | E 10/200 Ended | E Time: 6.500s | ~Time Left: 1235.087s |  Train Loss: 1.1867 | Train Acc. 45.4071% | Test Loss: 1.1591 | Test Acc. 47.5000%
AdamP on BACH_transformed: T 2/3 | E 11/200 Ended | E Time: 6.544s | ~Time Left: 1236.725s |  Train Loss: 1.1474 | Train Acc. 50.5219% | Test Loss: 1.1784 | Test Acc. 49.1667%
AdamP on BACH_transformed: T 2/3 | E 12/200 Ended | E Time: 6.539s | ~Time Left: 1229.353s |  Train Loss: 1.1353 | Train Acc. 49.4781% | Test Loss: 1.2497 | Test Acc. 45.0000%
AdamP on BACH_transformed: T 2/3 | E 13/200 Ended | E Time: 6.567s | ~Time Left: 1228.044s |  Train Loss: 1.1508 | Train Acc. 46.7641% | Test Loss: 1.1041 | Test Acc. 50.0000%
AdamP on BACH_transformed: T 2/3 | E 14/200 Ended | E Time: 6.596s | ~Time Left: 1226.778s |  Train Loss: 1.1376 | Train Acc. 50.6263% | Test Loss: 1.1618 | Test Acc. 53.3333%
AdamP on BACH_transformed: T 2/3 | E 15/200 Ended | E Time: 6.502s | ~Time Left: 1202.852s |  Train Loss: 1.1267 | Train Acc. 51.3570% | Test Loss: 1.1786 | Test Acc. 52.0833%
AdamP on BACH_transformed: T 2/3 | E 16/200 Ended | E Time: 6.551s | ~Time Left: 1205.471s |  Train Loss: 1.1186 | Train Acc. 50.9395% | Test Loss: 1.1592 | Test Acc. 54.5833%
AdamP on BACH_transformed: T 2/3 | E 17/200 Ended | E Time: 6.501s | ~Time Left: 1189.655s |  Train Loss: 1.0981 | Train Acc. 53.7578% | Test Loss: 1.1529 | Test Acc. 48.7500%
AdamP on BACH_transformed: T 2/3 | E 18/200 Ended | E Time: 6.597s | ~Time Left: 1200.736s |  Train Loss: 1.0983 | Train Acc. 52.0877% | Test Loss: 1.2541 | Test Acc. 41.2500%
AdamP on BACH_transformed: T 2/3 | E 19/200 Ended | E Time: 6.565s | ~Time Left: 1188.199s |  Train Loss: 1.0831 | Train Acc. 54.1754% | Test Loss: 1.1157 | Test Acc. 52.9167%
AdamP on BACH_transformed: T 2/3 | E 20/200 Ended | E Time: 6.523s | ~Time Left: 1174.152s |  Train Loss: 1.0753 | Train Acc. 54.0710% | Test Loss: 1.1714 | Test Acc. 49.1667%
AdamP on BACH_transformed: T 2/3 | E 21/200 Ended | E Time: 6.517s | ~Time Left: 1166.626s |  Train Loss: 1.1003 | Train Acc. 53.4447% | Test Loss: 1.2085 | Test Acc. 45.8333%
AdamP on BACH_transformed: T 2/3 | E 22/200 Ended | E Time: 6.501s | ~Time Left: 1157.264s |  Train Loss: 1.0469 | Train Acc. 56.0543% | Test Loss: 1.0934 | Test Acc. 53.3333%
AdamP on BACH_transformed: T 2/3 | E 23/200 Ended | E Time: 6.531s | ~Time Left: 1155.905s |  Train Loss: 1.0665 | Train Acc. 54.5929% | Test Loss: 1.1273 | Test Acc. 52.9167%
AdamP on BACH_transformed: T 2/3 | E 24/200 Ended | E Time: 6.513s | ~Time Left: 1146.320s |  Train Loss: 1.0787 | Train Acc. 54.0710% | Test Loss: 1.1133 | Test Acc. 52.5000%
AdamP on BACH_transformed: T 2/3 | E 25/200 Ended | E Time: 6.596s | ~Time Left: 1154.346s |  Train Loss: 1.0218 | Train Acc. 56.8894% | Test Loss: 1.0096 | Test Acc. 60.4167%
AdamP on BACH_transformed: T 2/3 | E 26/200 Ended | E Time: 6.571s | ~Time Left: 1143.377s |  Train Loss: 1.0121 | Train Acc. 56.1587% | Test Loss: 1.1306 | Test Acc. 51.6667%
AdamP on BACH_transformed: T 2/3 | E 27/200 Ended | E Time: 6.530s | ~Time Left: 1129.750s |  Train Loss: 1.0324 | Train Acc. 55.1148% | Test Loss: 1.0430 | Test Acc. 57.9167%
AdamP on BACH_transformed: T 2/3 | E 28/200 Ended | E Time: 6.557s | ~Time Left: 1127.796s |  Train Loss: 1.0202 | Train Acc. 55.6367% | Test Loss: 1.0313 | Test Acc. 56.2500%
AdamP on BACH_transformed: T 2/3 | E 29/200 Ended | E Time: 6.520s | ~Time Left: 1114.919s |  Train Loss: 0.9894 | Train Acc. 57.6200% | Test Loss: 1.0480 | Test Acc. 59.5833%
AdamP on BACH_transformed: T 2/3 | E 30/200 Ended | E Time: 6.583s | ~Time Left: 1119.116s |  Train Loss: 1.0134 | Train Acc. 55.3236% | Test Loss: 1.0146 | Test Acc. 55.8333%
AdamP on BACH_transformed: T 2/3 | E 31/200 Ended | E Time: 6.563s | ~Time Left: 1109.126s |  Train Loss: 0.9717 | Train Acc. 58.0376% | Test Loss: 1.1632 | Test Acc. 48.3333%
AdamP on BACH_transformed: T 2/3 | E 32/200 Ended | E Time: 6.497s | ~Time Left: 1091.502s |  Train Loss: 0.9711 | Train Acc. 58.3507% | Test Loss: 1.0116 | Test Acc. 57.5000%
AdamP on BACH_transformed: T 2/3 | E 33/200 Ended | E Time: 6.566s | ~Time Left: 1096.568s |  Train Loss: 0.9992 | Train Acc. 55.5324% | Test Loss: 1.0392 | Test Acc. 53.7500%
AdamP on BACH_transformed: T 2/3 | E 34/200 Ended | E Time: 6.506s | ~Time Left: 1080.030s |  Train Loss: 0.9640 | Train Acc. 61.0647% | Test Loss: 1.0156 | Test Acc. 55.4167%
AdamP on BACH_transformed: T 2/3 | E 35/200 Ended | E Time: 6.536s | ~Time Left: 1078.368s |  Train Loss: 0.9467 | Train Acc. 59.9165% | Test Loss: 0.9505 | Test Acc. 62.0833%
AdamP on BACH_transformed: T 2/3 | E 36/200 Ended | E Time: 6.577s | ~Time Left: 1078.638s |  Train Loss: 0.9381 | Train Acc. 61.0647% | Test Loss: 1.0667 | Test Acc. 52.9167%
AdamP on BACH_transformed: T 2/3 | E 37/200 Ended | E Time: 6.490s | ~Time Left: 1057.821s |  Train Loss: 0.9223 | Train Acc. 61.7954% | Test Loss: 1.0369 | Test Acc. 55.4167%
AdamP on BACH_transformed: T 2/3 | E 38/200 Ended | E Time: 6.559s | ~Time Left: 1062.519s |  Train Loss: 0.9413 | Train Acc. 61.2735% | Test Loss: 1.2980 | Test Acc. 53.3333%
AdamP on BACH_transformed: T 2/3 | E 39/200 Ended | E Time: 6.479s | ~Time Left: 1043.109s |  Train Loss: 0.9217 | Train Acc. 62.0042% | Test Loss: 1.0577 | Test Acc. 55.4167%
AdamP on BACH_transformed: T 2/3 | E 40/200 Ended | E Time: 6.490s | ~Time Left: 1038.340s |  Train Loss: 0.9269 | Train Acc. 61.4823% | Test Loss: 0.9446 | Test Acc. 61.2500%
AdamP on BACH_transformed: T 2/3 | E 41/200 Ended | E Time: 6.584s | ~Time Left: 1046.912s |  Train Loss: 0.8996 | Train Acc. 63.5699% | Test Loss: 0.9852 | Test Acc. 56.6667%
AdamP on BACH_transformed: T 2/3 | E 42/200 Ended | E Time: 6.603s | ~Time Left: 1043.213s |  Train Loss: 0.8863 | Train Acc. 62.2129% | Test Loss: 1.1143 | Test Acc. 57.5000%
AdamP on BACH_transformed: T 2/3 | E 43/200 Ended | E Time: 6.537s | ~Time Left: 1026.317s |  Train Loss: 0.9202 | Train Acc. 61.3779% | Test Loss: 1.0074 | Test Acc. 56.6667%
AdamP on BACH_transformed: T 2/3 | E 44/200 Ended | E Time: 6.644s | ~Time Left: 1036.460s |  Train Loss: 0.8656 | Train Acc. 64.4050% | Test Loss: 0.9196 | Test Acc. 59.5833%
AdamP on BACH_transformed: T 2/3 | E 45/200 Ended | E Time: 6.540s | ~Time Left: 1013.642s |  Train Loss: 0.8582 | Train Acc. 63.9875% | Test Loss: 1.0133 | Test Acc. 54.5833%
AdamP on BACH_transformed: T 2/3 | E 46/200 Ended | E Time: 6.537s | ~Time Left: 1006.727s |  Train Loss: 0.8456 | Train Acc. 64.8225% | Test Loss: 1.0087 | Test Acc. 56.6667%
AdamP on BACH_transformed: T 2/3 | E 47/200 Ended | E Time: 6.524s | ~Time Left: 998.181s |  Train Loss: 0.9230 | Train Acc. 60.6472% | Test Loss: 0.9627 | Test Acc. 61.6667%
AdamP on BACH_transformed: T 2/3 | E 48/200 Ended | E Time: 6.631s | ~Time Left: 1007.876s |  Train Loss: 0.8701 | Train Acc. 62.9436% | Test Loss: 0.9703 | Test Acc. 61.6667%
AdamP on BACH_transformed: T 2/3 | E 49/200 Ended | E Time: 6.477s | ~Time Left: 978.060s |  Train Loss: 0.8309 | Train Acc. 65.9708% | Test Loss: 1.0667 | Test Acc. 55.4167%
AdamP on BACH_transformed: T 2/3 | E 50/200 Ended | E Time: 6.521s | ~Time Left: 978.132s |  Train Loss: 0.8352 | Train Acc. 66.2839% | Test Loss: 0.9016 | Test Acc. 63.3333%
AdamP on BACH_transformed: T 2/3 | E 51/200 Ended | E Time: 6.477s | ~Time Left: 965.141s |  Train Loss: 0.8128 | Train Acc. 66.7015% | Test Loss: 1.0142 | Test Acc. 57.5000%
AdamP on BACH_transformed: T 2/3 | E 52/200 Ended | E Time: 6.510s | ~Time Left: 963.436s |  Train Loss: 0.8135 | Train Acc. 66.8058% | Test Loss: 0.9633 | Test Acc. 61.2500%
AdamP on BACH_transformed: T 2/3 | E 53/200 Ended | E Time: 6.504s | ~Time Left: 956.143s |  Train Loss: 0.8401 | Train Acc. 64.8225% | Test Loss: 0.8837 | Test Acc. 65.4167%
AdamP on BACH_transformed: T 2/3 | E 54/200 Ended | E Time: 6.477s | ~Time Left: 945.645s |  Train Loss: 0.7971 | Train Acc. 66.3883% | Test Loss: 0.8550 | Test Acc. 67.5000%
AdamP on BACH_transformed: T 2/3 | E 55/200 Ended | E Time: 6.487s | ~Time Left: 940.630s |  Train Loss: 0.7826 | Train Acc. 67.2234% | Test Loss: 0.9888 | Test Acc. 61.2500%
AdamP on BACH_transformed: T 2/3 | E 56/200 Ended | E Time: 6.587s | ~Time Left: 948.478s |  Train Loss: 0.7559 | Train Acc. 69.5198% | Test Loss: 0.9129 | Test Acc. 62.0833%
AdamP on BACH_transformed: T 2/3 | E 57/200 Ended | E Time: 6.562s | ~Time Left: 938.400s |  Train Loss: 0.7748 | Train Acc. 68.2672% | Test Loss: 0.9967 | Test Acc. 61.2500%
AdamP on BACH_transformed: T 2/3 | E 58/200 Ended | E Time: 6.561s | ~Time Left: 931.685s |  Train Loss: 0.7288 | Train Acc. 68.9979% | Test Loss: 0.8334 | Test Acc. 67.9167%
AdamP on BACH_transformed: T 2/3 | E 59/200 Ended | E Time: 6.543s | ~Time Left: 922.593s |  Train Loss: 0.7718 | Train Acc. 68.8935% | Test Loss: 0.9178 | Test Acc. 58.3333%
AdamP on BACH_transformed: T 2/3 | E 60/200 Ended | E Time: 6.590s | ~Time Left: 922.609s |  Train Loss: 0.7718 | Train Acc. 67.6409% | Test Loss: 1.3342 | Test Acc. 52.0833%
AdamP on BACH_transformed: T 2/3 | E 61/200 Ended | E Time: 6.561s | ~Time Left: 911.938s |  Train Loss: 0.8050 | Train Acc. 68.9979% | Test Loss: 1.0274 | Test Acc. 57.9167%
AdamP on BACH_transformed: T 2/3 | E 62/200 Ended | E Time: 6.530s | ~Time Left: 901.097s |  Train Loss: 0.7649 | Train Acc. 68.1628% | Test Loss: 1.1114 | Test Acc. 57.9167%
AdamP on BACH_transformed: T 2/3 | E 63/200 Ended | E Time: 6.530s | ~Time Left: 894.592s |  Train Loss: 0.7139 | Train Acc. 70.3549% | Test Loss: 0.8257 | Test Acc. 65.0000%
AdamP on BACH_transformed: T 2/3 | E 64/200 Ended | E Time: 6.621s | ~Time Left: 900.524s |  Train Loss: 0.7247 | Train Acc. 69.4155% | Test Loss: 0.9257 | Test Acc. 63.3333%
AdamP on BACH_transformed: T 2/3 | E 65/200 Ended | E Time: 6.609s | ~Time Left: 892.174s |  Train Loss: 0.7037 | Train Acc. 68.9979% | Test Loss: 0.9184 | Test Acc. 62.0833%
AdamP on BACH_transformed: T 2/3 | E 66/200 Ended | E Time: 6.679s | ~Time Left: 894.972s |  Train Loss: 0.7558 | Train Acc. 68.0585% | Test Loss: 0.9468 | Test Acc. 60.4167%
AdamP on BACH_transformed: T 2/3 | E 67/200 Ended | E Time: 6.516s | ~Time Left: 866.658s |  Train Loss: 0.7620 | Train Acc. 69.6242% | Test Loss: 0.9218 | Test Acc. 63.3333%
AdamP on BACH_transformed: T 2/3 | E 68/200 Ended | E Time: 6.551s | ~Time Left: 864.773s |  Train Loss: 0.6839 | Train Acc. 72.0251% | Test Loss: 0.9252 | Test Acc. 64.1667%
AdamP on BACH_transformed: T 2/3 | E 69/200 Ended | E Time: 6.552s | ~Time Left: 858.250s |  Train Loss: 0.6990 | Train Acc. 70.3549% | Test Loss: 0.8485 | Test Acc. 67.0833%
AdamP on BACH_transformed: T 2/3 | E 70/200 Ended | E Time: 6.592s | ~Time Left: 856.925s |  Train Loss: 0.6539 | Train Acc. 74.6347% | Test Loss: 0.8196 | Test Acc. 66.2500%
AdamP on BACH_transformed: T 2/3 | E 71/200 Ended | E Time: 6.557s | ~Time Left: 845.859s |  Train Loss: 0.6728 | Train Acc. 72.8601% | Test Loss: 0.8335 | Test Acc. 68.3333%
AdamP on BACH_transformed: T 2/3 | E 72/200 Ended | E Time: 6.539s | ~Time Left: 837.047s |  Train Loss: 0.6996 | Train Acc. 72.3382% | Test Loss: 0.7732 | Test Acc. 69.5833%
AdamP on BACH_transformed: T 2/3 | E 73/200 Ended | E Time: 6.543s | ~Time Left: 830.992s |  Train Loss: 0.6538 | Train Acc. 74.3215% | Test Loss: 0.8987 | Test Acc. 63.7500%
AdamP on BACH_transformed: T 2/3 | E 74/200 Ended | E Time: 6.537s | ~Time Left: 823.713s |  Train Loss: 0.6607 | Train Acc. 73.0689% | Test Loss: 0.7585 | Test Acc. 71.2500%
AdamP on BACH_transformed: T 2/3 | E 75/200 Ended | E Time: 6.504s | ~Time Left: 812.998s |  Train Loss: 0.6460 | Train Acc. 73.0689% | Test Loss: 0.8303 | Test Acc. 68.7500%
AdamP on BACH_transformed: T 2/3 | E 76/200 Ended | E Time: 6.601s | ~Time Left: 818.580s |  Train Loss: 0.6101 | Train Acc. 74.0084% | Test Loss: 0.7277 | Test Acc. 71.6667%
AdamP on BACH_transformed: T 2/3 | E 77/200 Ended | E Time: 6.511s | ~Time Left: 800.887s |  Train Loss: 0.6304 | Train Acc. 74.9478% | Test Loss: 0.7694 | Test Acc. 67.9167%
AdamP on BACH_transformed: T 2/3 | E 78/200 Ended | E Time: 6.479s | ~Time Left: 790.378s |  Train Loss: 0.6550 | Train Acc. 73.9040% | Test Loss: 0.8094 | Test Acc. 65.4167%
AdamP on BACH_transformed: T 2/3 | E 79/200 Ended | E Time: 6.599s | ~Time Left: 798.465s |  Train Loss: 0.6328 | Train Acc. 74.3215% | Test Loss: 0.8023 | Test Acc. 65.4167%
AdamP on BACH_transformed: T 2/3 | E 80/200 Ended | E Time: 6.500s | ~Time Left: 780.057s |  Train Loss: 0.6310 | Train Acc. 74.2171% | Test Loss: 0.7148 | Test Acc. 68.3333%
AdamP on BACH_transformed: T 2/3 | E 81/200 Ended | E Time: 6.544s | ~Time Left: 778.716s |  Train Loss: 0.6020 | Train Acc. 75.4697% | Test Loss: 0.7887 | Test Acc. 70.0000%
AdamP on BACH_transformed: T 2/3 | E 82/200 Ended | E Time: 6.559s | ~Time Left: 773.977s |  Train Loss: 0.6225 | Train Acc. 76.5136% | Test Loss: 0.9146 | Test Acc. 65.8333%
AdamP on BACH_transformed: T 2/3 | E 83/200 Ended | E Time: 6.550s | ~Time Left: 766.350s |  Train Loss: 0.5820 | Train Acc. 78.4969% | Test Loss: 0.9161 | Test Acc. 68.3333%
AdamP on BACH_transformed: T 2/3 | E 84/200 Ended | E Time: 6.602s | ~Time Left: 765.798s |  Train Loss: 0.5988 | Train Acc. 77.8706% | Test Loss: 0.8140 | Test Acc. 69.1667%
AdamP on BACH_transformed: T 2/3 | E 85/200 Ended | E Time: 6.518s | ~Time Left: 749.574s |  Train Loss: 0.5581 | Train Acc. 78.2881% | Test Loss: 0.7928 | Test Acc. 70.0000%
AdamP on BACH_transformed: T 2/3 | E 86/200 Ended | E Time: 6.690s | ~Time Left: 762.664s |  Train Loss: 0.5976 | Train Acc. 77.4530% | Test Loss: 1.0452 | Test Acc. 62.5000%
AdamP on BACH_transformed: T 2/3 | E 87/200 Ended | E Time: 6.527s | ~Time Left: 737.599s |  Train Loss: 0.5896 | Train Acc. 76.5136% | Test Loss: 0.8723 | Test Acc. 68.3333%
AdamP on BACH_transformed: T 2/3 | E 88/200 Ended | E Time: 6.541s | ~Time Left: 732.647s |  Train Loss: 0.5582 | Train Acc. 77.8706% | Test Loss: 0.9088 | Test Acc. 67.9167%
AdamP on BACH_transformed: T 2/3 | E 89/200 Ended | E Time: 6.543s | ~Time Left: 726.318s |  Train Loss: 0.5678 | Train Acc. 77.3486% | Test Loss: 0.7841 | Test Acc. 72.5000%
AdamP on BACH_transformed: T 2/3 | E 90/200 Ended | E Time: 6.518s | ~Time Left: 716.953s |  Train Loss: 0.5374 | Train Acc. 77.8706% | Test Loss: 0.7497 | Test Acc. 72.0833%
AdamP on BACH_transformed: T 2/3 | E 91/200 Ended | E Time: 6.463s | ~Time Left: 704.417s |  Train Loss: 0.5138 | Train Acc. 80.3758% | Test Loss: 0.7414 | Test Acc. 69.1667%
AdamP on BACH_transformed: T 2/3 | E 92/200 Ended | E Time: 6.494s | ~Time Left: 701.363s |  Train Loss: 0.5604 | Train Acc. 77.8706% | Test Loss: 0.6680 | Test Acc. 75.4167%
AdamP on BACH_transformed: T 2/3 | E 93/200 Ended | E Time: 6.529s | ~Time Left: 698.649s |  Train Loss: 0.5467 | Train Acc. 78.4969% | Test Loss: 0.7131 | Test Acc. 73.7500%
AdamP on BACH_transformed: T 2/3 | E 94/200 Ended | E Time: 6.562s | ~Time Left: 695.551s |  Train Loss: 0.4904 | Train Acc. 80.1670% | Test Loss: 0.6775 | Test Acc. 73.3333%
AdamP on BACH_transformed: T 2/3 | E 95/200 Ended | E Time: 6.566s | ~Time Left: 689.386s |  Train Loss: 0.5426 | Train Acc. 78.6013% | Test Loss: 0.9771 | Test Acc. 67.9167%
AdamP on BACH_transformed: T 2/3 | E 96/200 Ended | E Time: 6.571s | ~Time Left: 683.359s |  Train Loss: 0.5394 | Train Acc. 79.8539% | Test Loss: 0.7434 | Test Acc. 69.1667%
AdamP on BACH_transformed: T 2/3 | E 97/200 Ended | E Time: 6.589s | ~Time Left: 678.633s |  Train Loss: 0.5122 | Train Acc. 80.5846% | Test Loss: 0.8454 | Test Acc. 73.7500%
AdamP on BACH_transformed: T 2/3 | E 98/200 Ended | E Time: 6.496s | ~Time Left: 662.604s |  Train Loss: 0.5002 | Train Acc. 79.1232% | Test Loss: 0.8744 | Test Acc. 67.0833%
AdamP on BACH_transformed: T 2/3 | E 99/200 Ended | E Time: 6.511s | ~Time Left: 657.595s |  Train Loss: 0.4938 | Train Acc. 80.0626% | Test Loss: 0.8940 | Test Acc. 70.8333%
AdamP on BACH_transformed: T 2/3 | E 100/200 Ended | E Time: 6.532s | ~Time Left: 653.181s |  Train Loss: 0.5464 | Train Acc. 79.8539% | Test Loss: 0.7927 | Test Acc. 68.3333%
AdamP on BACH_transformed: T 2/3 | E 101/200 Ended | E Time: 6.531s | ~Time Left: 646.557s |  Train Loss: 0.4752 | Train Acc. 82.1503% | Test Loss: 0.8599 | Test Acc. 67.9167%
AdamP on BACH_transformed: T 2/3 | E 102/200 Ended | E Time: 6.506s | ~Time Left: 637.592s |  Train Loss: 0.5401 | Train Acc. 79.4363% | Test Loss: 0.8655 | Test Acc. 64.5833%
AdamP on BACH_transformed: T 2/3 | E 103/200 Ended | E Time: 6.504s | ~Time Left: 630.901s |  Train Loss: 0.5165 | Train Acc. 79.2276% | Test Loss: 0.7727 | Test Acc. 71.2500%
AdamP on BACH_transformed: T 2/3 | E 104/200 Ended | E Time: 6.544s | ~Time Left: 628.218s |  Train Loss: 0.5144 | Train Acc. 79.6451% | Test Loss: 0.6952 | Test Acc. 72.5000%
AdamP on BACH_transformed: T 2/3 | E 105/200 Ended | E Time: 6.546s | ~Time Left: 621.836s |  Train Loss: 0.4827 | Train Acc. 81.3152% | Test Loss: 0.8066 | Test Acc. 68.7500%
AdamP on BACH_transformed: T 2/3 | E 106/200 Ended | E Time: 6.508s | ~Time Left: 611.798s |  Train Loss: 0.5032 | Train Acc. 80.2714% | Test Loss: 0.7238 | Test Acc. 72.0833%
AdamP on BACH_transformed: T 2/3 | E 107/200 Ended | E Time: 6.493s | ~Time Left: 603.843s |  Train Loss: 0.4917 | Train Acc. 80.8977% | Test Loss: 0.7666 | Test Acc. 70.8333%
AdamP on BACH_transformed: T 2/3 | E 108/200 Ended | E Time: 6.456s | ~Time Left: 593.956s |  Train Loss: 0.4368 | Train Acc. 83.1942% | Test Loss: 0.6878 | Test Acc. 71.6667%
AdamP on BACH_transformed: T 2/3 | E 109/200 Ended | E Time: 6.494s | ~Time Left: 590.988s |  Train Loss: 0.4497 | Train Acc. 82.2547% | Test Loss: 0.6588 | Test Acc. 75.8333%
AdamP on BACH_transformed: T 2/3 | E 110/200 Ended | E Time: 6.503s | ~Time Left: 585.231s |  Train Loss: 0.4855 | Train Acc. 81.5240% | Test Loss: 0.6679 | Test Acc. 76.2500%
AdamP on BACH_transformed: T 2/3 | E 111/200 Ended | E Time: 6.579s | ~Time Left: 585.525s |  Train Loss: 0.5018 | Train Acc. 81.0021% | Test Loss: 0.7175 | Test Acc. 73.3333%
AdamP on BACH_transformed: T 2/3 | E 112/200 Ended | E Time: 6.531s | ~Time Left: 574.733s |  Train Loss: 0.4381 | Train Acc. 84.0292% | Test Loss: 0.9121 | Test Acc. 67.5000%
AdamP on BACH_transformed: T 2/3 | E 113/200 Ended | E Time: 6.550s | ~Time Left: 569.879s |  Train Loss: 0.4405 | Train Acc. 82.9854% | Test Loss: 0.7724 | Test Acc. 69.1667%
AdamP on BACH_transformed: T 2/3 | E 114/200 Ended | E Time: 6.541s | ~Time Left: 562.544s |  Train Loss: 0.4635 | Train Acc. 84.0292% | Test Loss: 0.6402 | Test Acc. 74.1667%
AdamP on BACH_transformed: T 2/3 | E 115/200 Ended | E Time: 6.470s | ~Time Left: 549.922s |  Train Loss: 0.4780 | Train Acc. 81.6284% | Test Loss: 0.7666 | Test Acc. 67.5000%
AdamP on BACH_transformed: T 2/3 | E 116/200 Ended | E Time: 6.464s | ~Time Left: 542.953s |  Train Loss: 0.5014 | Train Acc. 80.6889% | Test Loss: 0.7409 | Test Acc. 74.1667%
AdamP on BACH_transformed: T 2/3 | E 117/200 Ended | E Time: 6.467s | ~Time Left: 536.765s |  Train Loss: 0.4408 | Train Acc. 81.8372% | Test Loss: 0.7745 | Test Acc. 67.9167%
AdamP on BACH_transformed: T 2/3 | E 118/200 Ended | E Time: 6.505s | ~Time Left: 533.434s |  Train Loss: 0.4249 | Train Acc. 84.6555% | Test Loss: 0.8591 | Test Acc. 66.6667%
AdamP on BACH_transformed: T 2/3 | E 119/200 Ended | E Time: 6.525s | ~Time Left: 528.555s |  Train Loss: 0.4582 | Train Acc. 82.9854% | Test Loss: 0.6935 | Test Acc. 72.9167%
AdamP on BACH_transformed: T 2/3 | E 120/200 Ended | E Time: 6.546s | ~Time Left: 523.646s |  Train Loss: 0.4198 | Train Acc. 82.6722% | Test Loss: 0.6119 | Test Acc. 76.2500%
AdamP on BACH_transformed: T 2/3 | E 121/200 Ended | E Time: 6.552s | ~Time Left: 517.641s |  Train Loss: 0.4148 | Train Acc. 84.3424% | Test Loss: 0.7881 | Test Acc. 72.0833%
AdamP on BACH_transformed: T 2/3 | E 122/200 Ended | E Time: 6.493s | ~Time Left: 506.426s |  Train Loss: 0.4261 | Train Acc. 85.0731% | Test Loss: 0.6270 | Test Acc. 72.9167%
AdamP on BACH_transformed: T 2/3 | E 123/200 Ended | E Time: 6.597s | ~Time Left: 507.998s |  Train Loss: 0.4017 | Train Acc. 85.2818% | Test Loss: 0.7553 | Test Acc. 71.2500%
AdamP on BACH_transformed: T 2/3 | E 124/200 Ended | E Time: 6.510s | ~Time Left: 494.766s |  Train Loss: 0.4059 | Train Acc. 83.9248% | Test Loss: 0.7172 | Test Acc. 70.4167%
AdamP on BACH_transformed: T 2/3 | E 125/200 Ended | E Time: 6.536s | ~Time Left: 490.190s |  Train Loss: 0.4354 | Train Acc. 83.4029% | Test Loss: 0.9214 | Test Acc. 68.3333%
AdamP on BACH_transformed: T 2/3 | E 126/200 Ended | E Time: 6.578s | ~Time Left: 486.790s |  Train Loss: 0.4200 | Train Acc. 84.3424% | Test Loss: 0.6211 | Test Acc. 76.6667%
AdamP on BACH_transformed: T 2/3 | E 127/200 Ended | E Time: 6.523s | ~Time Left: 476.155s |  Train Loss: 0.4106 | Train Acc. 83.9248% | Test Loss: 0.7560 | Test Acc. 73.7500%
AdamP on BACH_transformed: T 2/3 | E 128/200 Ended | E Time: 6.559s | ~Time Left: 472.248s |  Train Loss: 0.3427 | Train Acc. 87.0564% | Test Loss: 0.7290 | Test Acc. 72.5000%
AdamP on BACH_transformed: T 2/3 | E 129/200 Ended | E Time: 6.481s | ~Time Left: 460.137s |  Train Loss: 0.3973 | Train Acc. 82.6722% | Test Loss: 0.7290 | Test Acc. 73.7500%
AdamP on BACH_transformed: T 2/3 | E 130/200 Ended | E Time: 6.500s | ~Time Left: 455.014s |  Train Loss: 0.3366 | Train Acc. 87.4739% | Test Loss: 0.8633 | Test Acc. 69.5833%
AdamP on BACH_transformed: T 2/3 | E 131/200 Ended | E Time: 6.545s | ~Time Left: 451.592s |  Train Loss: 0.4241 | Train Acc. 84.0292% | Test Loss: 0.8591 | Test Acc. 70.8333%
AdamP on BACH_transformed: T 2/3 | E 132/200 Ended | E Time: 6.570s | ~Time Left: 446.744s |  Train Loss: 0.4424 | Train Acc. 83.0898% | Test Loss: 0.9350 | Test Acc. 69.1667%
AdamP on BACH_transformed: T 2/3 | E 133/200 Ended | E Time: 6.567s | ~Time Left: 439.998s |  Train Loss: 0.3942 | Train Acc. 85.4906% | Test Loss: 0.7607 | Test Acc. 72.9167%
AdamP on BACH_transformed: T 2/3 | E 134/200 Ended | E Time: 6.536s | ~Time Left: 431.406s |  Train Loss: 0.3486 | Train Acc. 86.7432% | Test Loss: 0.7391 | Test Acc. 72.9167%
AdamP on BACH_transformed: T 2/3 | E 135/200 Ended | E Time: 6.512s | ~Time Left: 423.305s |  Train Loss: 0.3986 | Train Acc. 84.3424% | Test Loss: 0.6240 | Test Acc. 75.4167%
AdamP on BACH_transformed: T 2/3 | E 136/200 Ended | E Time: 6.524s | ~Time Left: 417.568s |  Train Loss: 0.3963 | Train Acc. 84.2380% | Test Loss: 0.7034 | Test Acc. 74.5833%
AdamP on BACH_transformed: T 2/3 | E 137/200 Ended | E Time: 6.525s | ~Time Left: 411.090s |  Train Loss: 0.3540 | Train Acc. 86.7432% | Test Loss: 0.8264 | Test Acc. 72.5000%
AdamP on BACH_transformed: T 2/3 | E 138/200 Ended | E Time: 6.490s | ~Time Left: 402.355s |  Train Loss: 0.3700 | Train Acc. 85.6994% | Test Loss: 0.6667 | Test Acc. 73.3333%
AdamP on BACH_transformed: T 2/3 | E 139/200 Ended | E Time: 6.492s | ~Time Left: 395.997s |  Train Loss: 0.3826 | Train Acc. 85.4906% | Test Loss: 0.6952 | Test Acc. 76.2500%
AdamP on BACH_transformed: T 2/3 | E 140/200 Ended | E Time: 6.466s | ~Time Left: 387.949s |  Train Loss: 0.3826 | Train Acc. 83.6117% | Test Loss: 0.7487 | Test Acc. 70.4167%
AdamP on BACH_transformed: T 2/3 | E 141/200 Ended | E Time: 6.500s | ~Time Left: 383.503s |  Train Loss: 0.3864 | Train Acc. 85.0731% | Test Loss: 0.6188 | Test Acc. 76.6667%
AdamP on BACH_transformed: T 2/3 | E 142/200 Ended | E Time: 6.462s | ~Time Left: 374.821s |  Train Loss: 0.3405 | Train Acc. 88.3090% | Test Loss: 0.7345 | Test Acc. 72.5000%
AdamP on BACH_transformed: T 2/3 | E 143/200 Ended | E Time: 6.481s | ~Time Left: 369.425s |  Train Loss: 0.3896 | Train Acc. 84.7599% | Test Loss: 0.6109 | Test Acc. 77.9167%
AdamP on BACH_transformed: T 2/3 | E 144/200 Ended | E Time: 6.462s | ~Time Left: 361.887s |  Train Loss: 0.3416 | Train Acc. 87.3695% | Test Loss: 0.6232 | Test Acc. 77.0833%
AdamP on BACH_transformed: T 2/3 | E 145/200 Ended | E Time: 6.480s | ~Time Left: 356.398s |  Train Loss: 0.3570 | Train Acc. 86.9520% | Test Loss: 0.6187 | Test Acc. 79.1667%
AdamP on BACH_transformed: T 2/3 | E 146/200 Ended | E Time: 6.525s | ~Time Left: 352.360s |  Train Loss: 0.3593 | Train Acc. 87.0564% | Test Loss: 0.7247 | Test Acc. 74.5833%
AdamP on BACH_transformed: T 2/3 | E 147/200 Ended | E Time: 6.445s | ~Time Left: 341.586s |  Train Loss: 0.3845 | Train Acc. 84.5511% | Test Loss: 0.6583 | Test Acc. 76.6667%
AdamP on BACH_transformed: T 2/3 | E 148/200 Ended | E Time: 6.418s | ~Time Left: 333.727s |  Train Loss: 0.3564 | Train Acc. 86.7432% | Test Loss: 0.7118 | Test Acc. 73.3333%
AdamP on BACH_transformed: T 2/3 | E 149/200 Ended | E Time: 6.502s | ~Time Left: 331.610s |  Train Loss: 0.3556 | Train Acc. 86.1169% | Test Loss: 0.5390 | Test Acc. 80.0000%
AdamP on BACH_transformed: T 2/3 | E 150/200 Ended | E Time: 6.454s | ~Time Left: 322.692s |  Train Loss: 0.3162 | Train Acc. 88.3090% | Test Loss: 0.6356 | Test Acc. 76.2500%
AdamP on BACH_transformed: T 2/3 | E 151/200 Ended | E Time: 6.497s | ~Time Left: 318.357s |  Train Loss: 0.3336 | Train Acc. 88.2046% | Test Loss: 0.6610 | Test Acc. 74.5833%
AdamP on BACH_transformed: T 2/3 | E 152/200 Ended | E Time: 6.550s | ~Time Left: 314.396s |  Train Loss: 0.3378 | Train Acc. 87.6827% | Test Loss: 0.6470 | Test Acc. 76.6667%
AdamP on BACH_transformed: T 2/3 | E 153/200 Ended | E Time: 6.474s | ~Time Left: 304.267s |  Train Loss: 0.2700 | Train Acc. 91.2317% | Test Loss: 0.7148 | Test Acc. 75.0000%
AdamP on BACH_transformed: T 2/3 | E 154/200 Ended | E Time: 6.481s | ~Time Left: 298.132s |  Train Loss: 0.2997 | Train Acc. 86.7432% | Test Loss: 0.7471 | Test Acc. 73.7500%
AdamP on BACH_transformed: T 2/3 | E 155/200 Ended | E Time: 6.504s | ~Time Left: 292.701s |  Train Loss: 0.3270 | Train Acc. 87.0564% | Test Loss: 0.6769 | Test Acc. 75.0000%
AdamP on BACH_transformed: T 2/3 | E 156/200 Ended | E Time: 6.538s | ~Time Left: 287.683s |  Train Loss: 0.2752 | Train Acc. 90.3967% | Test Loss: 0.6385 | Test Acc. 80.0000%
AdamP on BACH_transformed: T 2/3 | E 157/200 Ended | E Time: 6.472s | ~Time Left: 278.311s |  Train Loss: 0.3002 | Train Acc. 88.7265% | Test Loss: 0.6356 | Test Acc. 78.7500%
AdamP on BACH_transformed: T 2/3 | E 158/200 Ended | E Time: 6.482s | ~Time Left: 272.254s |  Train Loss: 0.3642 | Train Acc. 86.7432% | Test Loss: 0.6006 | Test Acc. 80.4167%
AdamP on BACH_transformed: T 2/3 | E 159/200 Ended | E Time: 6.498s | ~Time Left: 266.399s |  Train Loss: 0.2850 | Train Acc. 89.2484% | Test Loss: 0.7329 | Test Acc. 73.3333%
AdamP on BACH_transformed: T 2/3 | E 160/200 Ended | E Time: 6.497s | ~Time Left: 259.868s |  Train Loss: 0.3066 | Train Acc. 88.1002% | Test Loss: 0.6896 | Test Acc. 78.3333%
AdamP on BACH_transformed: T 2/3 | E 161/200 Ended | E Time: 6.513s | ~Time Left: 253.992s |  Train Loss: 0.3333 | Train Acc. 88.3090% | Test Loss: 0.6790 | Test Acc. 77.0833%
AdamP on BACH_transformed: T 2/3 | E 162/200 Ended | E Time: 6.493s | ~Time Left: 246.733s |  Train Loss: 0.3111 | Train Acc. 89.1441% | Test Loss: 0.7920 | Test Acc. 78.3333%
AdamP on BACH_transformed: T 2/3 | E 163/200 Ended | E Time: 6.434s | ~Time Left: 238.069s |  Train Loss: 0.2867 | Train Acc. 88.8309% | Test Loss: 0.6073 | Test Acc. 76.6667%
AdamP on BACH_transformed: T 2/3 | E 164/200 Ended | E Time: 6.462s | ~Time Left: 232.643s |  Train Loss: 0.3032 | Train Acc. 88.6221% | Test Loss: 0.6514 | Test Acc. 78.7500%
AdamP on BACH_transformed: T 2/3 | E 165/200 Ended | E Time: 6.502s | ~Time Left: 227.558s |  Train Loss: 0.2841 | Train Acc. 89.3528% | Test Loss: 0.6751 | Test Acc. 78.3333%
AdamP on BACH_transformed: T 2/3 | E 166/200 Ended | E Time: 6.543s | ~Time Left: 222.450s |  Train Loss: 0.3082 | Train Acc. 86.9520% | Test Loss: 0.6871 | Test Acc. 76.2500%
AdamP on BACH_transformed: T 2/3 | E 167/200 Ended | E Time: 6.521s | ~Time Left: 215.209s |  Train Loss: 0.2856 | Train Acc. 88.7265% | Test Loss: 0.5599 | Test Acc. 78.7500%
AdamP on BACH_transformed: T 2/3 | E 168/200 Ended | E Time: 6.605s | ~Time Left: 211.354s |  Train Loss: 0.2852 | Train Acc. 89.8747% | Test Loss: 0.6982 | Test Acc. 73.7500%
AdamP on BACH_transformed: T 2/3 | E 169/200 Ended | E Time: 6.986s | ~Time Left: 216.568s |  Train Loss: 0.3035 | Train Acc. 87.8914% | Test Loss: 0.6292 | Test Acc. 77.9167%
AdamP on BACH_transformed: T 2/3 | E 170/200 Ended | E Time: 6.505s | ~Time Left: 195.145s |  Train Loss: 0.2671 | Train Acc. 90.0835% | Test Loss: 0.5859 | Test Acc. 80.4167%
AdamP on BACH_transformed: T 2/3 | E 171/200 Ended | E Time: 6.513s | ~Time Left: 188.876s |  Train Loss: 0.3014 | Train Acc. 89.3528% | Test Loss: 0.6975 | Test Acc. 76.6667%
AdamP on BACH_transformed: T 2/3 | E 172/200 Ended | E Time: 6.476s | ~Time Left: 181.341s |  Train Loss: 0.2699 | Train Acc. 90.2923% | Test Loss: 0.8085 | Test Acc. 73.3333%
AdamP on BACH_transformed: T 2/3 | E 173/200 Ended | E Time: 6.486s | ~Time Left: 175.118s |  Train Loss: 0.2958 | Train Acc. 88.4134% | Test Loss: 0.6655 | Test Acc. 81.2500%
AdamP on BACH_transformed: T 2/3 | E 174/200 Ended | E Time: 6.441s | ~Time Left: 167.461s |  Train Loss: 0.2452 | Train Acc. 90.6054% | Test Loss: 0.5176 | Test Acc. 82.0833%
AdamP on BACH_transformed: T 2/3 | E 175/200 Ended | E Time: 6.528s | ~Time Left: 163.213s |  Train Loss: 0.2740 | Train Acc. 91.2317% | Test Loss: 0.7183 | Test Acc. 74.5833%
AdamP on BACH_transformed: T 2/3 | E 176/200 Ended | E Time: 6.465s | ~Time Left: 155.155s |  Train Loss: 0.2806 | Train Acc. 89.6660% | Test Loss: 0.6177 | Test Acc. 76.2500%
AdamP on BACH_transformed: T 2/3 | E 177/200 Ended | E Time: 6.452s | ~Time Left: 148.407s |  Train Loss: 0.2949 | Train Acc. 89.6660% | Test Loss: 0.6300 | Test Acc. 78.3333%
AdamP on BACH_transformed: T 2/3 | E 178/200 Ended | E Time: 6.508s | ~Time Left: 143.182s |  Train Loss: 0.2723 | Train Acc. 88.9353% | Test Loss: 0.7954 | Test Acc. 71.6667%
AdamP on BACH_transformed: T 2/3 | E 179/200 Ended | E Time: 6.492s | ~Time Left: 136.327s |  Train Loss: 0.2644 | Train Acc. 90.0835% | Test Loss: 0.7628 | Test Acc. 75.0000%
AdamP on BACH_transformed: T 2/3 | E 180/200 Ended | E Time: 6.500s | ~Time Left: 130.002s |  Train Loss: 0.2826 | Train Acc. 90.0835% | Test Loss: 0.6884 | Test Acc. 73.3333%
AdamP on BACH_transformed: T 2/3 | E 181/200 Ended | E Time: 6.456s | ~Time Left: 122.655s |  Train Loss: 0.2428 | Train Acc. 91.3361% | Test Loss: 0.6081 | Test Acc. 78.3333%
AdamP on BACH_transformed: T 2/3 | E 182/200 Ended | E Time: 6.513s | ~Time Left: 117.225s |  Train Loss: 0.2459 | Train Acc. 91.1273% | Test Loss: 0.6202 | Test Acc. 77.5000%
AdamP on BACH_transformed: T 2/3 | E 183/200 Ended | E Time: 6.520s | ~Time Left: 110.848s |  Train Loss: 0.2706 | Train Acc. 89.3528% | Test Loss: 1.0694 | Test Acc. 70.0000%
AdamP on BACH_transformed: T 2/3 | E 184/200 Ended | E Time: 6.543s | ~Time Left: 104.695s |  Train Loss: 0.2592 | Train Acc. 89.3528% | Test Loss: 0.6052 | Test Acc. 80.0000%
AdamP on BACH_transformed: T 2/3 | E 185/200 Ended | E Time: 6.479s | ~Time Left: 97.178s |  Train Loss: 0.2749 | Train Acc. 89.8747% | Test Loss: 0.6304 | Test Acc. 79.5833%
AdamP on BACH_transformed: T 2/3 | E 186/200 Ended | E Time: 6.477s | ~Time Left: 90.673s |  Train Loss: 0.2308 | Train Acc. 92.1712% | Test Loss: 0.5559 | Test Acc. 78.3333%
AdamP on BACH_transformed: T 2/3 | E 187/200 Ended | E Time: 6.510s | ~Time Left: 84.632s |  Train Loss: 0.2541 | Train Acc. 89.7704% | Test Loss: 0.7851 | Test Acc. 75.0000%
AdamP on BACH_transformed: T 2/3 | E 188/200 Ended | E Time: 6.529s | ~Time Left: 78.345s |  Train Loss: 0.2905 | Train Acc. 88.1002% | Test Loss: 0.7379 | Test Acc. 78.3333%
AdamP on BACH_transformed: T 2/3 | E 189/200 Ended | E Time: 6.518s | ~Time Left: 71.698s |  Train Loss: 0.2371 | Train Acc. 91.4405% | Test Loss: 0.5182 | Test Acc. 82.0833%
AdamP on BACH_transformed: T 2/3 | E 190/200 Ended | E Time: 6.600s | ~Time Left: 66.004s |  Train Loss: 0.2368 | Train Acc. 92.2756% | Test Loss: 0.5983 | Test Acc. 77.9167%
AdamP on BACH_transformed: T 2/3 | E 191/200 Ended | E Time: 6.511s | ~Time Left: 58.599s |  Train Loss: 0.2509 | Train Acc. 89.7704% | Test Loss: 0.5223 | Test Acc. 80.8333%
AdamP on BACH_transformed: T 2/3 | E 192/200 Ended | E Time: 6.465s | ~Time Left: 51.716s |  Train Loss: 0.2618 | Train Acc. 88.9353% | Test Loss: 0.6235 | Test Acc. 77.9167%
AdamP on BACH_transformed: T 2/3 | E 193/200 Ended | E Time: 6.517s | ~Time Left: 45.621s |  Train Loss: 0.2783 | Train Acc. 89.1441% | Test Loss: 0.6548 | Test Acc. 79.5833%
AdamP on BACH_transformed: T 2/3 | E 194/200 Ended | E Time: 6.573s | ~Time Left: 39.439s |  Train Loss: 0.2361 | Train Acc. 91.2317% | Test Loss: 0.6043 | Test Acc. 76.6667%
AdamP on BACH_transformed: T 2/3 | E 195/200 Ended | E Time: 6.548s | ~Time Left: 32.742s |  Train Loss: 0.2265 | Train Acc. 91.9624% | Test Loss: 0.6075 | Test Acc. 81.2500%
AdamP on BACH_transformed: T 2/3 | E 196/200 Ended | E Time: 6.506s | ~Time Left: 26.025s |  Train Loss: 0.2347 | Train Acc. 91.8580% | Test Loss: 0.6121 | Test Acc. 80.4167%
AdamP on BACH_transformed: T 2/3 | E 197/200 Ended | E Time: 6.498s | ~Time Left: 19.493s |  Train Loss: 0.2592 | Train Acc. 90.9186% | Test Loss: 0.7402 | Test Acc. 75.4167%
AdamP on BACH_transformed: T 2/3 | E 198/200 Ended | E Time: 6.643s | ~Time Left: 13.287s |  Train Loss: 0.2242 | Train Acc. 92.2756% | Test Loss: 0.6008 | Test Acc. 77.0833%
AdamP on BACH_transformed: T 2/3 | E 199/200 Ended | E Time: 6.382s | ~Time Left: 6.382s |  Train Loss: 0.2814 | Train Acc. 89.1441% | Test Loss: 0.7060 | Test Acc. 76.2500%
AdamP on BACH_transformed: T 2/3 | E 200/200 Ended | E Time: 6.381s | ~Time Left: 0.000s |  Train Loss: 0.2256 | Train Acc. 91.3361% | Test Loss: 0.6076 | Test Acc. 82.5000%
Traceback (most recent call last):
  File "/project/6060173/zhan8425/HistoKT/ENV/lib/python3.8/site-packages/torch/serialization.py", line 372, in save
    _save(obj, opened_zipfile, pickle_module, pickle_protocol)
  File "/project/6060173/zhan8425/HistoKT/ENV/lib/python3.8/site-packages/torch/serialization.py", line 491, in _save
    zip_file.write_record(name, storage.data_ptr(), num_bytes)
OSError: [Errno 122] Disk quota exceeded

During handling of the above exception, another exception occurred:

Traceback (most recent call last):
  File "src/adas/train.py", line 871, in <module>
    main(args)
  File "src/adas/train.py", line 834, in main
    main_worker(args.gpu, ngpus_per_node, args)
  File "src/adas/train.py", line 863, in main_worker
    training_agent.train()
  File "src/adas/train.py", line 411, in train
    self.run_epochs(trial, epochs)
  File "src/adas/train.py", line 466, in run_epochs
    torch.save(
  File "/project/6060173/zhan8425/HistoKT/ENV/lib/python3.8/site-packages/torch/serialization.py", line 373, in save
    return
  File "/project/6060173/zhan8425/HistoKT/ENV/lib/python3.8/site-packages/torch/serialization.py", line 259, in __exit__
    self.file_like.write_end_of_file()
RuntimeError: [enforce fail at inline_container.cc:274] . unexpected pos 6270400 vs 6270288
terminate called after throwing an instance of 'c10::Error'
  what():  [enforce fail at inline_container.cc:274] . unexpected pos 6270400 vs 6270288
frame #0: c10::ThrowEnforceNotMet(char const*, int, char const*, std::string const&, void const*) + 0x47 (0x2b28150230e7 in /project/6060173/zhan8425/HistoKT/ENV/lib/python3.8/site-packages/torch/lib/libc10.so)
frame #1: <unknown function> + 0x206a420 (0x2b27c51b7420 in /project/6060173/zhan8425/HistoKT/ENV/lib/python3.8/site-packages/torch/lib/libtorch_cpu.so)
frame #2: <unknown function> + 0x20665f3 (0x2b27c51b35f3 in /project/6060173/zhan8425/HistoKT/ENV/lib/python3.8/site-packages/torch/lib/libtorch_cpu.so)
frame #3: caffe2::serialize::PyTorchStreamWriter::writeRecord(std::string const&, void const*, unsigned long, bool) + 0xa9 (0x2b27c51b7d99 in /project/6060173/zhan8425/HistoKT/ENV/lib/python3.8/site-packages/torch/lib/libtorch_cpu.so)
frame #4: caffe2::serialize::PyTorchStreamWriter::writeEndOfFile() + 0xe1 (0x2b27c51b88d1 in /project/6060173/zhan8425/HistoKT/ENV/lib/python3.8/site-packages/torch/lib/libtorch_cpu.so)
frame #5: caffe2::serialize::PyTorchStreamWriter::~PyTorchStreamWriter() + 0x115 (0x2b27c51b90c5 in /project/6060173/zhan8425/HistoKT/ENV/lib/python3.8/site-packages/torch/lib/libtorch_cpu.so)
frame #6: <unknown function> + 0x737903 (0x2b27c2084903 in /project/6060173/zhan8425/HistoKT/ENV/lib/python3.8/site-packages/torch/lib/libtorch_python.so)
frame #7: <unknown function> + 0x369b90 (0x2b27c1cb6b90 in /project/6060173/zhan8425/HistoKT/ENV/lib/python3.8/site-packages/torch/lib/libtorch_python.so)
frame #8: <unknown function> + 0x36adfe (0x2b27c1cb7dfe in /project/6060173/zhan8425/HistoKT/ENV/lib/python3.8/site-packages/torch/lib/libtorch_python.so)
<omitting python frames>
frame #22: __libc_start_main + 0xeb (0x2b27bf59ce1b in /cvmfs/soft.computecanada.ca/gentoo/2020/lib64/libc.so.6)

/var/spool/slurmd/job6958610/slurm_script: line 30: 54809 Aborted                 (core dumped) python src/adas/train.py --config PostTrainingConfigs/BACH_transformed_testing/AdamP/lr-0.00005-config-AdamP.yaml --output ADP_post_trained/BACH_transformed/AdamP/output/fine_tuning --checkpoint ADP_post_trained/BACH_transformed/AdamP/checkpoint/fine_tuning/lr-0.00005 --data $SLURM_TMPDIR --pretrained_model /home/zhan8425/projects/def-plato/zhan8425/HistoKT/.Adas-checkpoint/ADP/best_trial_2.pth.tar --freeze_encoder True
