transferring data
Sun Jul  4 20:15:19 PDT 2021

Finished transferring
Sun Jul  4 20:15:20 PDT 2021

Adas: Argument Parser Options
---------------------------------------------
    config              : PostTrainingConfigs/BACH_transformed_testing/AdamP/lr-0.001-config-AdamP.yaml
    data                : /localscratch/zhan8425.6958605.0        
    output              : ADP_post_trained/BACH_transformed/AdamP/output/fine_tuning
    checkpoint          : ADP_post_trained/BACH_transformed/AdamP/checkpoint/fine_tuning/lr-0.001
    resume              : None                                    
    pretrained_model    : /home/zhan8425/projects/def-plato/zhan8425/HistoKT/.Adas-checkpoint/ADP/best_trial_2.pth.tar
    freeze_encoder      : 1                                       
    root                : .                                       
    save_freq           : 25                                      
    cpu                 : 0                                       
    gpu                 : 0                                       
    mpd                 : 0                                       
    dist_url            : tcp://127.0.0.1:23456                   
    dist_backend        : nccl                                    
    world_size          : -1                                      
    rank                : -1                                      
---------------------------------------------
Adas: Output dir ADP_post_trained/BACH_transformed/AdamP/output/fine_tuning does not exist, building
Adas: Notice: early stop will not be used as it was set to -1.0, training till completion
Adas: Experiment Configuration
---------------------------------------------
    dataset              BACH_transformed    
    network              ResNet18            
    optimizer            AdamP               
    scheduler            None                
    level                L3Only              
    color_kwargs         {'augmentation': 'Color-Distortion', 'distortion': 0.3}
    degree_of_rotation   45                  
    vertical_flipping    0.5                 
    horizontal_flipping  0.5                 
    horizontal_shift     0.1                 
    vertical_shift       0.1                 
    gaussian_blur        0                   
    kernel_size          9                   
    variance             0.1                 
    cutout               0                   
    n_holes              1                   
    cutout_length        16                  
    init_lr              0.001               
    early_stop_threshold -1.0                
    optimizer_kwargs     {'weight_decay': 0.0005}
    scheduler_kwargs     {'gamma': 0.5, 'step_size': 20.0}
    p                    1                   
    start_trial          0                   
    n_trials             3                   
    num_workers          4                   
    max_epochs           200                 
    mini_batch_size      32                  
    loss                 cross_entropy       
    early_stop_patience  10                  
---------------------------------------------
Adas: Pytorch device is set to cuda
AdamP on BACH_transformed: T 1/3 | E 1/200 Ended | E Time: 7.604s | ~Time Left: 1513.135s |  Train Loss: 1.5524 | Train Acc. 27.6618% | Test Loss: 1.8233 | Test Acc. 26.2500%
AdamP on BACH_transformed: T 1/3 | E 2/200 Ended | E Time: 6.477s | ~Time Left: 1282.496s |  Train Loss: 1.3302 | Train Acc. 36.4301% | Test Loss: 1.4413 | Test Acc. 34.1667%
AdamP on BACH_transformed: T 1/3 | E 3/200 Ended | E Time: 6.432s | ~Time Left: 1267.138s |  Train Loss: 1.3378 | Train Acc. 36.3257% | Test Loss: 1.3054 | Test Acc. 41.2500%
AdamP on BACH_transformed: T 1/3 | E 4/200 Ended | E Time: 6.484s | ~Time Left: 1270.867s |  Train Loss: 1.2996 | Train Acc. 36.8476% | Test Loss: 1.3244 | Test Acc. 37.0833%
AdamP on BACH_transformed: T 1/3 | E 5/200 Ended | E Time: 6.517s | ~Time Left: 1270.750s |  Train Loss: 1.2885 | Train Acc. 39.4572% | Test Loss: 1.2059 | Test Acc. 43.3333%
AdamP on BACH_transformed: T 1/3 | E 6/200 Ended | E Time: 6.585s | ~Time Left: 1277.422s |  Train Loss: 1.2614 | Train Acc. 41.5449% | Test Loss: 1.3503 | Test Acc. 31.6667%
AdamP on BACH_transformed: T 1/3 | E 7/200 Ended | E Time: 6.506s | ~Time Left: 1255.624s |  Train Loss: 1.2887 | Train Acc. 40.2923% | Test Loss: 1.2477 | Test Acc. 41.2500%
AdamP on BACH_transformed: T 1/3 | E 8/200 Ended | E Time: 6.603s | ~Time Left: 1267.780s |  Train Loss: 1.2719 | Train Acc. 40.8142% | Test Loss: 1.3993 | Test Acc. 40.0000%
AdamP on BACH_transformed: T 1/3 | E 9/200 Ended | E Time: 6.553s | ~Time Left: 1251.713s |  Train Loss: 1.2675 | Train Acc. 39.6660% | Test Loss: 1.3192 | Test Acc. 41.6667%
AdamP on BACH_transformed: T 1/3 | E 10/200 Ended | E Time: 6.532s | ~Time Left: 1241.070s |  Train Loss: 1.2489 | Train Acc. 42.7975% | Test Loss: 1.4305 | Test Acc. 33.7500%
AdamP on BACH_transformed: T 1/3 | E 11/200 Ended | E Time: 6.551s | ~Time Left: 1238.120s |  Train Loss: 1.2448 | Train Acc. 43.0063% | Test Loss: 1.5565 | Test Acc. 44.5833%
AdamP on BACH_transformed: T 1/3 | E 12/200 Ended | E Time: 6.623s | ~Time Left: 1245.045s |  Train Loss: 1.2370 | Train Acc. 44.6764% | Test Loss: 1.3932 | Test Acc. 39.5833%
AdamP on BACH_transformed: T 1/3 | E 13/200 Ended | E Time: 6.565s | ~Time Left: 1227.663s |  Train Loss: 1.2696 | Train Acc. 41.3361% | Test Loss: 1.3476 | Test Acc. 36.6667%
AdamP on BACH_transformed: T 1/3 | E 14/200 Ended | E Time: 6.460s | ~Time Left: 1201.605s |  Train Loss: 1.2023 | Train Acc. 46.4509% | Test Loss: 1.2630 | Test Acc. 40.4167%
AdamP on BACH_transformed: T 1/3 | E 15/200 Ended | E Time: 6.573s | ~Time Left: 1216.069s |  Train Loss: 1.2250 | Train Acc. 42.9019% | Test Loss: 1.2771 | Test Acc. 42.5000%
AdamP on BACH_transformed: T 1/3 | E 16/200 Ended | E Time: 6.589s | ~Time Left: 1212.388s |  Train Loss: 1.2716 | Train Acc. 44.1545% | Test Loss: 1.5031 | Test Acc. 43.3333%
AdamP on BACH_transformed: T 1/3 | E 17/200 Ended | E Time: 6.573s | ~Time Left: 1202.854s |  Train Loss: 1.2237 | Train Acc. 43.4238% | Test Loss: 1.2496 | Test Acc. 41.2500%
AdamP on BACH_transformed: T 1/3 | E 18/200 Ended | E Time: 6.623s | ~Time Left: 1205.304s |  Train Loss: 1.2225 | Train Acc. 43.6326% | Test Loss: 1.2892 | Test Acc. 40.4167%
AdamP on BACH_transformed: T 1/3 | E 19/200 Ended | E Time: 6.488s | ~Time Left: 1174.324s |  Train Loss: 1.2424 | Train Acc. 43.7370% | Test Loss: 1.5071 | Test Acc. 35.8333%
AdamP on BACH_transformed: T 1/3 | E 20/200 Ended | E Time: 6.504s | ~Time Left: 1170.634s |  Train Loss: 1.2291 | Train Acc. 45.5115% | Test Loss: 1.2478 | Test Acc. 44.5833%
AdamP on BACH_transformed: T 1/3 | E 21/200 Ended | E Time: 6.541s | ~Time Left: 1170.905s |  Train Loss: 1.2126 | Train Acc. 44.7808% | Test Loss: 1.2465 | Test Acc. 42.9167%
AdamP on BACH_transformed: T 1/3 | E 22/200 Ended | E Time: 6.541s | ~Time Left: 1164.313s |  Train Loss: 1.2126 | Train Acc. 45.8246% | Test Loss: 1.1759 | Test Acc. 44.5833%
AdamP on BACH_transformed: T 1/3 | E 23/200 Ended | E Time: 6.495s | ~Time Left: 1149.574s |  Train Loss: 1.2059 | Train Acc. 43.6326% | Test Loss: 1.3524 | Test Acc. 43.7500%
AdamP on BACH_transformed: T 1/3 | E 24/200 Ended | E Time: 6.479s | ~Time Left: 1140.351s |  Train Loss: 1.2006 | Train Acc. 45.3027% | Test Loss: 1.1821 | Test Acc. 47.9167%
AdamP on BACH_transformed: T 1/3 | E 25/200 Ended | E Time: 6.631s | ~Time Left: 1160.479s |  Train Loss: 1.1791 | Train Acc. 47.2860% | Test Loss: 1.1354 | Test Acc. 50.4167%
AdamP on BACH_transformed: T 1/3 | E 26/200 Ended | E Time: 6.548s | ~Time Left: 1139.411s |  Train Loss: 1.1752 | Train Acc. 47.5992% | Test Loss: 1.2024 | Test Acc. 45.4167%
AdamP on BACH_transformed: T 1/3 | E 27/200 Ended | E Time: 6.593s | ~Time Left: 1140.505s |  Train Loss: 1.1696 | Train Acc. 49.7912% | Test Loss: 1.3033 | Test Acc. 38.7500%
AdamP on BACH_transformed: T 1/3 | E 28/200 Ended | E Time: 6.636s | ~Time Left: 1141.394s |  Train Loss: 1.1913 | Train Acc. 47.9123% | Test Loss: 1.3117 | Test Acc. 44.1667%
AdamP on BACH_transformed: T 1/3 | E 29/200 Ended | E Time: 6.569s | ~Time Left: 1123.354s |  Train Loss: 1.1751 | Train Acc. 45.8246% | Test Loss: 1.2979 | Test Acc. 45.0000%
AdamP on BACH_transformed: T 1/3 | E 30/200 Ended | E Time: 6.584s | ~Time Left: 1119.226s |  Train Loss: 1.2012 | Train Acc. 46.2422% | Test Loss: 1.2393 | Test Acc. 45.4167%
AdamP on BACH_transformed: T 1/3 | E 31/200 Ended | E Time: 6.533s | ~Time Left: 1104.077s |  Train Loss: 1.1729 | Train Acc. 46.4509% | Test Loss: 1.3020 | Test Acc. 44.1667%
AdamP on BACH_transformed: T 1/3 | E 32/200 Ended | E Time: 6.540s | ~Time Left: 1098.691s |  Train Loss: 1.2126 | Train Acc. 46.1378% | Test Loss: 1.2890 | Test Acc. 42.9167%
AdamP on BACH_transformed: T 1/3 | E 33/200 Ended | E Time: 6.633s | ~Time Left: 1107.778s |  Train Loss: 1.2050 | Train Acc. 46.4509% | Test Loss: 1.3774 | Test Acc. 37.9167%
AdamP on BACH_transformed: T 1/3 | E 34/200 Ended | E Time: 6.488s | ~Time Left: 1077.037s |  Train Loss: 1.1993 | Train Acc. 48.7474% | Test Loss: 1.1729 | Test Acc. 51.6667%
AdamP on BACH_transformed: T 1/3 | E 35/200 Ended | E Time: 6.541s | ~Time Left: 1079.328s |  Train Loss: 1.1927 | Train Acc. 47.0772% | Test Loss: 1.2962 | Test Acc. 47.9167%
AdamP on BACH_transformed: T 1/3 | E 36/200 Ended | E Time: 6.537s | ~Time Left: 1071.998s |  Train Loss: 1.1819 | Train Acc. 48.9562% | Test Loss: 1.3840 | Test Acc. 45.4167%
AdamP on BACH_transformed: T 1/3 | E 37/200 Ended | E Time: 6.513s | ~Time Left: 1061.607s |  Train Loss: 1.1641 | Train Acc. 49.0605% | Test Loss: 1.1898 | Test Acc. 43.7500%
AdamP on BACH_transformed: T 1/3 | E 38/200 Ended | E Time: 6.529s | ~Time Left: 1057.642s |  Train Loss: 1.1707 | Train Acc. 48.1211% | Test Loss: 1.2087 | Test Acc. 46.2500%
AdamP on BACH_transformed: T 1/3 | E 39/200 Ended | E Time: 6.568s | ~Time Left: 1057.455s |  Train Loss: 1.1647 | Train Acc. 48.3299% | Test Loss: 1.3270 | Test Acc. 43.7500%
AdamP on BACH_transformed: T 1/3 | E 40/200 Ended | E Time: 6.556s | ~Time Left: 1048.891s |  Train Loss: 1.1698 | Train Acc. 48.1211% | Test Loss: 1.2238 | Test Acc. 45.4167%
AdamP on BACH_transformed: T 1/3 | E 41/200 Ended | E Time: 6.514s | ~Time Left: 1035.714s |  Train Loss: 1.1422 | Train Acc. 50.9395% | Test Loss: 1.3346 | Test Acc. 46.2500%
AdamP on BACH_transformed: T 1/3 | E 42/200 Ended | E Time: 6.527s | ~Time Left: 1031.328s |  Train Loss: 1.2186 | Train Acc. 46.9729% | Test Loss: 1.3448 | Test Acc. 45.0000%
AdamP on BACH_transformed: T 1/3 | E 43/200 Ended | E Time: 6.615s | ~Time Left: 1038.571s |  Train Loss: 1.1588 | Train Acc. 50.6263% | Test Loss: 1.1681 | Test Acc. 48.7500%
AdamP on BACH_transformed: T 1/3 | E 44/200 Ended | E Time: 6.486s | ~Time Left: 1011.778s |  Train Loss: 1.1716 | Train Acc. 49.0605% | Test Loss: 1.3940 | Test Acc. 44.5833%
AdamP on BACH_transformed: T 1/3 | E 45/200 Ended | E Time: 6.606s | ~Time Left: 1023.949s |  Train Loss: 1.1523 | Train Acc. 47.4948% | Test Loss: 1.1709 | Test Acc. 51.6667%
AdamP on BACH_transformed: T 1/3 | E 46/200 Ended | E Time: 6.547s | ~Time Left: 1008.287s |  Train Loss: 1.0844 | Train Acc. 53.4447% | Test Loss: 1.8890 | Test Acc. 42.9167%
AdamP on BACH_transformed: T 1/3 | E 47/200 Ended | E Time: 6.530s | ~Time Left: 999.041s |  Train Loss: 1.1153 | Train Acc. 52.7140% | Test Loss: 1.1470 | Test Acc. 51.2500%
AdamP on BACH_transformed: T 1/3 | E 48/200 Ended | E Time: 6.542s | ~Time Left: 994.383s |  Train Loss: 1.1442 | Train Acc. 49.7912% | Test Loss: 1.2616 | Test Acc. 42.0833%
AdamP on BACH_transformed: T 1/3 | E 49/200 Ended | E Time: 6.559s | ~Time Left: 990.334s |  Train Loss: 1.1580 | Train Acc. 47.2860% | Test Loss: 1.3908 | Test Acc. 37.0833%
AdamP on BACH_transformed: T 1/3 | E 50/200 Ended | E Time: 6.678s | ~Time Left: 1001.641s |  Train Loss: 1.1304 | Train Acc. 51.4614% | Test Loss: 1.2826 | Test Acc. 43.7500%
AdamP on BACH_transformed: T 1/3 | E 51/200 Ended | E Time: 6.530s | ~Time Left: 972.916s |  Train Loss: 1.1459 | Train Acc. 49.6868% | Test Loss: 1.3331 | Test Acc. 40.4167%
AdamP on BACH_transformed: T 1/3 | E 52/200 Ended | E Time: 6.528s | ~Time Left: 966.101s |  Train Loss: 1.1418 | Train Acc. 50.8351% | Test Loss: 1.2088 | Test Acc. 45.8333%
AdamP on BACH_transformed: T 1/3 | E 53/200 Ended | E Time: 6.798s | ~Time Left: 999.350s |  Train Loss: 1.1722 | Train Acc. 50.0000% | Test Loss: 1.2519 | Test Acc. 46.6667%
AdamP on BACH_transformed: T 1/3 | E 54/200 Ended | E Time: 6.615s | ~Time Left: 965.752s |  Train Loss: 1.1160 | Train Acc. 51.8789% | Test Loss: 1.2586 | Test Acc. 47.9167%
AdamP on BACH_transformed: T 1/3 | E 55/200 Ended | E Time: 6.460s | ~Time Left: 936.766s |  Train Loss: 1.1146 | Train Acc. 52.7140% | Test Loss: 1.1437 | Test Acc. 46.2500%
AdamP on BACH_transformed: T 1/3 | E 56/200 Ended | E Time: 6.567s | ~Time Left: 945.593s |  Train Loss: 1.1226 | Train Acc. 49.3737% | Test Loss: 1.1771 | Test Acc. 47.9167%
AdamP on BACH_transformed: T 1/3 | E 57/200 Ended | E Time: 6.582s | ~Time Left: 941.203s |  Train Loss: 1.1434 | Train Acc. 50.2088% | Test Loss: 1.1854 | Test Acc. 44.1667%
AdamP on BACH_transformed: T 1/3 | E 58/200 Ended | E Time: 6.494s | ~Time Left: 922.201s |  Train Loss: 1.1456 | Train Acc. 49.5825% | Test Loss: 1.2655 | Test Acc. 49.1667%
AdamP on BACH_transformed: T 1/3 | E 59/200 Ended | E Time: 6.549s | ~Time Left: 923.438s |  Train Loss: 1.1211 | Train Acc. 53.1315% | Test Loss: 1.1962 | Test Acc. 45.8333%
AdamP on BACH_transformed: T 1/3 | E 60/200 Ended | E Time: 6.568s | ~Time Left: 919.527s |  Train Loss: 1.1354 | Train Acc. 51.2526% | Test Loss: 1.2658 | Test Acc. 42.5000%
AdamP on BACH_transformed: T 1/3 | E 61/200 Ended | E Time: 6.508s | ~Time Left: 904.578s |  Train Loss: 1.1474 | Train Acc. 48.2255% | Test Loss: 1.2708 | Test Acc. 50.8333%
AdamP on BACH_transformed: T 1/3 | E 62/200 Ended | E Time: 6.538s | ~Time Left: 902.261s |  Train Loss: 1.1354 | Train Acc. 50.2088% | Test Loss: 1.1810 | Test Acc. 47.0833%
AdamP on BACH_transformed: T 1/3 | E 63/200 Ended | E Time: 6.513s | ~Time Left: 892.266s |  Train Loss: 1.1254 | Train Acc. 52.2965% | Test Loss: 1.2281 | Test Acc. 40.8333%
AdamP on BACH_transformed: T 1/3 | E 64/200 Ended | E Time: 6.496s | ~Time Left: 883.515s |  Train Loss: 1.1204 | Train Acc. 51.6701% | Test Loss: 1.2742 | Test Acc. 48.7500%
AdamP on BACH_transformed: T 1/3 | E 65/200 Ended | E Time: 6.588s | ~Time Left: 889.349s |  Train Loss: 1.1155 | Train Acc. 51.2526% | Test Loss: 1.1187 | Test Acc. 47.9167%
AdamP on BACH_transformed: T 1/3 | E 66/200 Ended | E Time: 6.567s | ~Time Left: 880.025s |  Train Loss: 1.0994 | Train Acc. 54.1754% | Test Loss: 1.1448 | Test Acc. 49.1667%
AdamP on BACH_transformed: T 1/3 | E 67/200 Ended | E Time: 6.589s | ~Time Left: 876.337s |  Train Loss: 1.0759 | Train Acc. 53.9666% | Test Loss: 1.2125 | Test Acc. 49.5833%
AdamP on BACH_transformed: T 1/3 | E 68/200 Ended | E Time: 6.554s | ~Time Left: 865.180s |  Train Loss: 1.1221 | Train Acc. 50.8351% | Test Loss: 1.2782 | Test Acc. 47.0833%
AdamP on BACH_transformed: T 1/3 | E 69/200 Ended | E Time: 6.866s | ~Time Left: 899.419s |  Train Loss: 1.1295 | Train Acc. 51.5658% | Test Loss: 1.2189 | Test Acc. 45.8333%
AdamP on BACH_transformed: T 1/3 | E 70/200 Ended | E Time: 6.574s | ~Time Left: 854.636s |  Train Loss: 1.0805 | Train Acc. 52.7140% | Test Loss: 1.0978 | Test Acc. 50.8333%
AdamP on BACH_transformed: T 1/3 | E 71/200 Ended | E Time: 6.527s | ~Time Left: 841.988s |  Train Loss: 1.0577 | Train Acc. 54.8017% | Test Loss: 1.1797 | Test Acc. 48.3333%
AdamP on BACH_transformed: T 1/3 | E 72/200 Ended | E Time: 6.536s | ~Time Left: 836.579s |  Train Loss: 1.0716 | Train Acc. 53.3403% | Test Loss: 1.1479 | Test Acc. 52.5000%
AdamP on BACH_transformed: T 1/3 | E 73/200 Ended | E Time: 6.560s | ~Time Left: 833.119s |  Train Loss: 1.0947 | Train Acc. 52.2965% | Test Loss: 1.1345 | Test Acc. 50.0000%
AdamP on BACH_transformed: T 1/3 | E 74/200 Ended | E Time: 6.651s | ~Time Left: 838.061s |  Train Loss: 1.0266 | Train Acc. 56.5762% | Test Loss: 1.1006 | Test Acc. 54.1667%
AdamP on BACH_transformed: T 1/3 | E 75/200 Ended | E Time: 6.524s | ~Time Left: 815.553s |  Train Loss: 1.0483 | Train Acc. 55.3236% | Test Loss: 1.4185 | Test Acc. 40.8333%
AdamP on BACH_transformed: T 1/3 | E 76/200 Ended | E Time: 6.569s | ~Time Left: 814.520s |  Train Loss: 1.0559 | Train Acc. 55.6367% | Test Loss: 1.1210 | Test Acc. 47.0833%
AdamP on BACH_transformed: T 1/3 | E 77/200 Ended | E Time: 6.556s | ~Time Left: 806.338s |  Train Loss: 1.0384 | Train Acc. 56.1587% | Test Loss: 1.2929 | Test Acc. 45.4167%
AdamP on BACH_transformed: T 1/3 | E 78/200 Ended | E Time: 6.488s | ~Time Left: 791.543s |  Train Loss: 1.0547 | Train Acc. 56.1587% | Test Loss: 1.1214 | Test Acc. 52.5000%
AdamP on BACH_transformed: T 1/3 | E 79/200 Ended | E Time: 6.495s | ~Time Left: 785.897s |  Train Loss: 1.0171 | Train Acc. 57.7244% | Test Loss: 1.7248 | Test Acc. 43.7500%
AdamP on BACH_transformed: T 1/3 | E 80/200 Ended | E Time: 6.493s | ~Time Left: 779.219s |  Train Loss: 1.0806 | Train Acc. 55.1148% | Test Loss: 1.2787 | Test Acc. 45.4167%
AdamP on BACH_transformed: T 1/3 | E 81/200 Ended | E Time: 6.627s | ~Time Left: 788.581s |  Train Loss: 1.0213 | Train Acc. 58.8727% | Test Loss: 1.0650 | Test Acc. 53.7500%
AdamP on BACH_transformed: T 1/3 | E 82/200 Ended | E Time: 6.563s | ~Time Left: 774.483s |  Train Loss: 1.0020 | Train Acc. 57.5157% | Test Loss: 1.4438 | Test Acc. 46.2500%
AdamP on BACH_transformed: T 1/3 | E 83/200 Ended | E Time: 6.569s | ~Time Left: 768.606s |  Train Loss: 0.9950 | Train Acc. 58.6639% | Test Loss: 1.0593 | Test Acc. 54.1667%
AdamP on BACH_transformed: T 1/3 | E 84/200 Ended | E Time: 6.599s | ~Time Left: 765.496s |  Train Loss: 0.9639 | Train Acc. 60.9603% | Test Loss: 1.5550 | Test Acc. 42.5000%
AdamP on BACH_transformed: T 1/3 | E 85/200 Ended | E Time: 6.831s | ~Time Left: 785.609s |  Train Loss: 0.9895 | Train Acc. 58.4551% | Test Loss: 1.0851 | Test Acc. 54.1667%
AdamP on BACH_transformed: T 1/3 | E 86/200 Ended | E Time: 6.544s | ~Time Left: 745.961s |  Train Loss: 1.0073 | Train Acc. 57.3069% | Test Loss: 1.1483 | Test Acc. 50.4167%
AdamP on BACH_transformed: T 1/3 | E 87/200 Ended | E Time: 6.536s | ~Time Left: 738.559s |  Train Loss: 0.9825 | Train Acc. 57.4113% | Test Loss: 1.1815 | Test Acc. 45.4167%
AdamP on BACH_transformed: T 1/3 | E 88/200 Ended | E Time: 6.543s | ~Time Left: 732.803s |  Train Loss: 0.9667 | Train Acc. 59.0814% | Test Loss: 1.2005 | Test Acc. 51.6667%
AdamP on BACH_transformed: T 1/3 | E 89/200 Ended | E Time: 6.859s | ~Time Left: 761.403s |  Train Loss: 0.9561 | Train Acc. 59.9165% | Test Loss: 1.3709 | Test Acc. 40.8333%
AdamP on BACH_transformed: T 1/3 | E 90/200 Ended | E Time: 6.652s | ~Time Left: 731.678s |  Train Loss: 0.9631 | Train Acc. 59.2902% | Test Loss: 1.1126 | Test Acc. 53.3333%
AdamP on BACH_transformed: T 1/3 | E 91/200 Ended | E Time: 6.567s | ~Time Left: 715.752s |  Train Loss: 0.9732 | Train Acc. 59.1858% | Test Loss: 1.1015 | Test Acc. 55.8333%
AdamP on BACH_transformed: T 1/3 | E 92/200 Ended | E Time: 6.578s | ~Time Left: 710.415s |  Train Loss: 0.9572 | Train Acc. 60.5428% | Test Loss: 1.1429 | Test Acc. 49.5833%
AdamP on BACH_transformed: T 1/3 | E 93/200 Ended | E Time: 6.597s | ~Time Left: 705.877s |  Train Loss: 0.9053 | Train Acc. 61.1691% | Test Loss: 0.9493 | Test Acc. 62.5000%
AdamP on BACH_transformed: T 1/3 | E 94/200 Ended | E Time: 6.486s | ~Time Left: 687.562s |  Train Loss: 0.9039 | Train Acc. 61.3779% | Test Loss: 1.1694 | Test Acc. 52.0833%
AdamP on BACH_transformed: T 1/3 | E 95/200 Ended | E Time: 6.580s | ~Time Left: 690.851s |  Train Loss: 0.9644 | Train Acc. 60.1253% | Test Loss: 1.2495 | Test Acc. 51.6667%
AdamP on BACH_transformed: T 1/3 | E 96/200 Ended | E Time: 6.480s | ~Time Left: 673.946s |  Train Loss: 0.9916 | Train Acc. 58.2463% | Test Loss: 0.9222 | Test Acc. 60.4167%
AdamP on BACH_transformed: T 1/3 | E 97/200 Ended | E Time: 6.505s | ~Time Left: 670.015s |  Train Loss: 0.9022 | Train Acc. 62.0042% | Test Loss: 1.2081 | Test Acc. 57.5000%
AdamP on BACH_transformed: T 1/3 | E 98/200 Ended | E Time: 6.514s | ~Time Left: 664.432s |  Train Loss: 0.8770 | Train Acc. 63.8831% | Test Loss: 1.0126 | Test Acc. 60.0000%
AdamP on BACH_transformed: T 1/3 | E 99/200 Ended | E Time: 6.510s | ~Time Left: 657.530s |  Train Loss: 0.8700 | Train Acc. 63.6743% | Test Loss: 1.5146 | Test Acc. 46.2500%
AdamP on BACH_transformed: T 1/3 | E 100/200 Ended | E Time: 6.496s | ~Time Left: 649.554s |  Train Loss: 0.8494 | Train Acc. 64.1962% | Test Loss: 0.9106 | Test Acc. 62.9167%
AdamP on BACH_transformed: T 1/3 | E 101/200 Ended | E Time: 6.528s | ~Time Left: 646.313s |  Train Loss: 0.8753 | Train Acc. 63.5699% | Test Loss: 1.0013 | Test Acc. 57.0833%
AdamP on BACH_transformed: T 1/3 | E 102/200 Ended | E Time: 6.572s | ~Time Left: 644.096s |  Train Loss: 0.8879 | Train Acc. 62.8392% | Test Loss: 0.9450 | Test Acc. 63.7500%
AdamP on BACH_transformed: T 1/3 | E 103/200 Ended | E Time: 6.504s | ~Time Left: 630.907s |  Train Loss: 0.9052 | Train Acc. 62.9436% | Test Loss: 0.9628 | Test Acc. 60.8333%
AdamP on BACH_transformed: T 1/3 | E 104/200 Ended | E Time: 6.532s | ~Time Left: 627.039s |  Train Loss: 0.8485 | Train Acc. 64.9269% | Test Loss: 1.0707 | Test Acc. 57.5000%
AdamP on BACH_transformed: T 1/3 | E 105/200 Ended | E Time: 6.574s | ~Time Left: 624.562s |  Train Loss: 0.8447 | Train Acc. 65.4489% | Test Loss: 1.0115 | Test Acc. 58.7500%
AdamP on BACH_transformed: T 1/3 | E 106/200 Ended | E Time: 6.508s | ~Time Left: 611.770s |  Train Loss: 0.8643 | Train Acc. 65.0313% | Test Loss: 1.1934 | Test Acc. 53.3333%
AdamP on BACH_transformed: T 1/3 | E 107/200 Ended | E Time: 6.540s | ~Time Left: 608.179s |  Train Loss: 0.8307 | Train Acc. 67.4322% | Test Loss: 1.2912 | Test Acc. 59.5833%
AdamP on BACH_transformed: T 1/3 | E 108/200 Ended | E Time: 6.697s | ~Time Left: 616.109s |  Train Loss: 0.8004 | Train Acc. 67.9541% | Test Loss: 0.8949 | Test Acc. 62.0833%
AdamP on BACH_transformed: T 1/3 | E 109/200 Ended | E Time: 6.501s | ~Time Left: 591.570s |  Train Loss: 0.7961 | Train Acc. 66.9102% | Test Loss: 0.8736 | Test Acc. 66.2500%
AdamP on BACH_transformed: T 1/3 | E 110/200 Ended | E Time: 6.517s | ~Time Left: 586.513s |  Train Loss: 0.7926 | Train Acc. 68.6848% | Test Loss: 0.9094 | Test Acc. 62.0833%
AdamP on BACH_transformed: T 1/3 | E 111/200 Ended | E Time: 6.627s | ~Time Left: 589.793s |  Train Loss: 0.8109 | Train Acc. 64.8225% | Test Loss: 1.1538 | Test Acc. 56.2500%
AdamP on BACH_transformed: T 1/3 | E 112/200 Ended | E Time: 6.579s | ~Time Left: 578.943s |  Train Loss: 0.7813 | Train Acc. 67.8497% | Test Loss: 1.3738 | Test Acc. 55.0000%
AdamP on BACH_transformed: T 1/3 | E 113/200 Ended | E Time: 6.523s | ~Time Left: 567.492s |  Train Loss: 0.8331 | Train Acc. 65.5532% | Test Loss: 1.3396 | Test Acc. 47.9167%
AdamP on BACH_transformed: T 1/3 | E 114/200 Ended | E Time: 6.509s | ~Time Left: 559.796s |  Train Loss: 0.7435 | Train Acc. 69.1023% | Test Loss: 1.0813 | Test Acc. 58.7500%
AdamP on BACH_transformed: T 1/3 | E 115/200 Ended | E Time: 6.540s | ~Time Left: 555.907s |  Train Loss: 0.7893 | Train Acc. 69.3111% | Test Loss: 0.8374 | Test Acc. 66.6667%
AdamP on BACH_transformed: T 1/3 | E 116/200 Ended | E Time: 6.496s | ~Time Left: 545.696s |  Train Loss: 0.7637 | Train Acc. 68.5804% | Test Loss: 0.9402 | Test Acc. 65.4167%
AdamP on BACH_transformed: T 1/3 | E 117/200 Ended | E Time: 6.577s | ~Time Left: 545.931s |  Train Loss: 0.7891 | Train Acc. 68.1628% | Test Loss: 0.9511 | Test Acc. 64.1667%
AdamP on BACH_transformed: T 1/3 | E 118/200 Ended | E Time: 6.580s | ~Time Left: 539.534s |  Train Loss: 0.7393 | Train Acc. 71.7119% | Test Loss: 0.7561 | Test Acc. 68.3333%
AdamP on BACH_transformed: T 1/3 | E 119/200 Ended | E Time: 6.536s | ~Time Left: 529.442s |  Train Loss: 0.7600 | Train Acc. 68.7891% | Test Loss: 1.0077 | Test Acc. 61.2500%
AdamP on BACH_transformed: T 1/3 | E 120/200 Ended | E Time: 6.535s | ~Time Left: 522.787s |  Train Loss: 0.7347 | Train Acc. 71.2944% | Test Loss: 1.0911 | Test Acc. 62.0833%
AdamP on BACH_transformed: T 1/3 | E 121/200 Ended | E Time: 6.482s | ~Time Left: 512.115s |  Train Loss: 0.7289 | Train Acc. 70.2505% | Test Loss: 1.0809 | Test Acc. 65.8333%
AdamP on BACH_transformed: T 1/3 | E 122/200 Ended | E Time: 6.552s | ~Time Left: 511.080s |  Train Loss: 0.7531 | Train Acc. 69.2067% | Test Loss: 0.8978 | Test Acc. 62.0833%
AdamP on BACH_transformed: T 1/3 | E 123/200 Ended | E Time: 6.561s | ~Time Left: 505.225s |  Train Loss: 0.7726 | Train Acc. 69.1023% | Test Loss: 1.3289 | Test Acc. 55.4167%
AdamP on BACH_transformed: T 1/3 | E 124/200 Ended | E Time: 6.528s | ~Time Left: 496.126s |  Train Loss: 0.7425 | Train Acc. 69.3111% | Test Loss: 1.1911 | Test Acc. 57.5000%
AdamP on BACH_transformed: T 1/3 | E 125/200 Ended | E Time: 6.502s | ~Time Left: 487.625s |  Train Loss: 0.7177 | Train Acc. 72.5470% | Test Loss: 1.3416 | Test Acc. 49.5833%
AdamP on BACH_transformed: T 1/3 | E 126/200 Ended | E Time: 6.567s | ~Time Left: 485.939s |  Train Loss: 0.6965 | Train Acc. 72.1294% | Test Loss: 1.3637 | Test Acc. 56.2500%
AdamP on BACH_transformed: T 1/3 | E 127/200 Ended | E Time: 6.556s | ~Time Left: 478.614s |  Train Loss: 0.7248 | Train Acc. 69.8330% | Test Loss: 0.8133 | Test Acc. 67.0833%
AdamP on BACH_transformed: T 1/3 | E 128/200 Ended | E Time: 6.552s | ~Time Left: 471.764s |  Train Loss: 0.6816 | Train Acc. 71.7119% | Test Loss: 0.8487 | Test Acc. 68.7500%
AdamP on BACH_transformed: T 1/3 | E 129/200 Ended | E Time: 6.607s | ~Time Left: 469.086s |  Train Loss: 0.6951 | Train Acc. 72.0251% | Test Loss: 1.3452 | Test Acc. 56.2500%
AdamP on BACH_transformed: T 1/3 | E 130/200 Ended | E Time: 6.766s | ~Time Left: 473.649s |  Train Loss: 0.7097 | Train Acc. 70.2505% | Test Loss: 1.3519 | Test Acc. 52.0833%
AdamP on BACH_transformed: T 1/3 | E 131/200 Ended | E Time: 6.520s | ~Time Left: 449.894s |  Train Loss: 0.7407 | Train Acc. 67.5365% | Test Loss: 1.0770 | Test Acc. 60.0000%
AdamP on BACH_transformed: T 1/3 | E 132/200 Ended | E Time: 6.495s | ~Time Left: 441.689s |  Train Loss: 0.6627 | Train Acc. 74.3215% | Test Loss: 0.8747 | Test Acc. 64.1667%
AdamP on BACH_transformed: T 1/3 | E 133/200 Ended | E Time: 6.592s | ~Time Left: 441.663s |  Train Loss: 0.6414 | Train Acc. 74.8434% | Test Loss: 0.8990 | Test Acc. 62.0833%
AdamP on BACH_transformed: T 1/3 | E 134/200 Ended | E Time: 6.530s | ~Time Left: 430.984s |  Train Loss: 0.6637 | Train Acc. 72.7557% | Test Loss: 0.9765 | Test Acc. 63.7500%
AdamP on BACH_transformed: T 1/3 | E 135/200 Ended | E Time: 6.566s | ~Time Left: 426.770s |  Train Loss: 0.6484 | Train Acc. 72.9645% | Test Loss: 1.1795 | Test Acc. 54.1667%
AdamP on BACH_transformed: T 1/3 | E 136/200 Ended | E Time: 6.510s | ~Time Left: 416.652s |  Train Loss: 0.6582 | Train Acc. 74.6347% | Test Loss: 0.7706 | Test Acc. 70.0000%
AdamP on BACH_transformed: T 1/3 | E 137/200 Ended | E Time: 6.502s | ~Time Left: 409.612s |  Train Loss: 0.6820 | Train Acc. 73.3820% | Test Loss: 1.0841 | Test Acc. 61.2500%
AdamP on BACH_transformed: T 1/3 | E 138/200 Ended | E Time: 6.460s | ~Time Left: 400.526s |  Train Loss: 0.6202 | Train Acc. 74.2171% | Test Loss: 0.8316 | Test Acc. 65.4167%
AdamP on BACH_transformed: T 1/3 | E 139/200 Ended | E Time: 6.556s | ~Time Left: 399.893s |  Train Loss: 0.6234 | Train Acc. 74.5303% | Test Loss: 0.8403 | Test Acc. 68.7500%
AdamP on BACH_transformed: T 1/3 | E 140/200 Ended | E Time: 6.588s | ~Time Left: 395.288s |  Train Loss: 0.5958 | Train Acc. 76.9311% | Test Loss: 0.7901 | Test Acc. 67.9167%
AdamP on BACH_transformed: T 1/3 | E 141/200 Ended | E Time: 6.474s | ~Time Left: 381.953s |  Train Loss: 0.6433 | Train Acc. 73.6952% | Test Loss: 0.7242 | Test Acc. 71.6667%
AdamP on BACH_transformed: T 1/3 | E 142/200 Ended | E Time: 6.564s | ~Time Left: 380.725s |  Train Loss: 0.5840 | Train Acc. 78.2881% | Test Loss: 0.6877 | Test Acc. 72.5000%
AdamP on BACH_transformed: T 1/3 | E 143/200 Ended | E Time: 6.555s | ~Time Left: 373.622s |  Train Loss: 0.6014 | Train Acc. 76.6180% | Test Loss: 0.9704 | Test Acc. 63.3333%
AdamP on BACH_transformed: T 1/3 | E 144/200 Ended | E Time: 6.483s | ~Time Left: 363.048s |  Train Loss: 0.6279 | Train Acc. 76.2004% | Test Loss: 1.0683 | Test Acc. 64.1667%
AdamP on BACH_transformed: T 1/3 | E 145/200 Ended | E Time: 6.429s | ~Time Left: 353.619s |  Train Loss: 0.6396 | Train Acc. 72.7557% | Test Loss: 1.1423 | Test Acc. 56.6667%
AdamP on BACH_transformed: T 1/3 | E 146/200 Ended | E Time: 6.584s | ~Time Left: 355.529s |  Train Loss: 0.5933 | Train Acc. 75.4697% | Test Loss: 0.7574 | Test Acc. 68.3333%
AdamP on BACH_transformed: T 1/3 | E 147/200 Ended | E Time: 6.493s | ~Time Left: 344.137s |  Train Loss: 0.6012 | Train Acc. 76.3048% | Test Loss: 0.9409 | Test Acc. 63.3333%
AdamP on BACH_transformed: T 1/3 | E 148/200 Ended | E Time: 6.527s | ~Time Left: 339.389s |  Train Loss: 0.5720 | Train Acc. 78.0793% | Test Loss: 0.8669 | Test Acc. 66.2500%
AdamP on BACH_transformed: T 1/3 | E 149/200 Ended | E Time: 6.515s | ~Time Left: 332.242s |  Train Loss: 0.5572 | Train Acc. 77.5574% | Test Loss: 0.9032 | Test Acc. 66.6667%
AdamP on BACH_transformed: T 1/3 | E 150/200 Ended | E Time: 6.538s | ~Time Left: 326.908s |  Train Loss: 0.6272 | Train Acc. 74.6347% | Test Loss: 1.3514 | Test Acc. 57.0833%
AdamP on BACH_transformed: T 1/3 | E 151/200 Ended | E Time: 6.592s | ~Time Left: 323.021s |  Train Loss: 0.5952 | Train Acc. 77.1399% | Test Loss: 0.7484 | Test Acc. 70.4167%
AdamP on BACH_transformed: T 1/3 | E 152/200 Ended | E Time: 6.480s | ~Time Left: 311.063s |  Train Loss: 0.5567 | Train Acc. 77.8706% | Test Loss: 0.9484 | Test Acc. 63.3333%
AdamP on BACH_transformed: T 1/3 | E 153/200 Ended | E Time: 6.500s | ~Time Left: 305.510s |  Train Loss: 0.5604 | Train Acc. 77.1399% | Test Loss: 0.8893 | Test Acc. 70.8333%
AdamP on BACH_transformed: T 1/3 | E 154/200 Ended | E Time: 6.484s | ~Time Left: 298.262s |  Train Loss: 0.5680 | Train Acc. 79.2276% | Test Loss: 0.7126 | Test Acc. 70.8333%
AdamP on BACH_transformed: T 1/3 | E 155/200 Ended | E Time: 6.544s | ~Time Left: 294.486s |  Train Loss: 0.5328 | Train Acc. 80.3758% | Test Loss: 1.2082 | Test Acc. 60.4167%
AdamP on BACH_transformed: T 1/3 | E 156/200 Ended | E Time: 6.566s | ~Time Left: 288.922s |  Train Loss: 0.5434 | Train Acc. 78.7056% | Test Loss: 0.6516 | Test Acc. 75.4167%
AdamP on BACH_transformed: T 1/3 | E 157/200 Ended | E Time: 6.476s | ~Time Left: 278.462s |  Train Loss: 0.5719 | Train Acc. 78.2881% | Test Loss: 0.8591 | Test Acc. 62.9167%
AdamP on BACH_transformed: T 1/3 | E 158/200 Ended | E Time: 6.565s | ~Time Left: 275.727s |  Train Loss: 0.4847 | Train Acc. 81.2109% | Test Loss: 0.8780 | Test Acc. 67.9167%
AdamP on BACH_transformed: T 1/3 | E 159/200 Ended | E Time: 6.594s | ~Time Left: 270.364s |  Train Loss: 0.5793 | Train Acc. 76.2004% | Test Loss: 1.0037 | Test Acc. 60.4167%
AdamP on BACH_transformed: T 1/3 | E 160/200 Ended | E Time: 6.482s | ~Time Left: 259.291s |  Train Loss: 0.5701 | Train Acc. 80.0626% | Test Loss: 0.7987 | Test Acc. 69.5833%
AdamP on BACH_transformed: T 1/3 | E 161/200 Ended | E Time: 6.487s | ~Time Left: 252.977s |  Train Loss: 0.5304 | Train Acc. 78.4969% | Test Loss: 0.9358 | Test Acc. 70.8333%
AdamP on BACH_transformed: T 1/3 | E 162/200 Ended | E Time: 6.760s | ~Time Left: 256.876s |  Train Loss: 0.5552 | Train Acc. 78.6013% | Test Loss: 0.8433 | Test Acc. 66.6667%
AdamP on BACH_transformed: T 1/3 | E 163/200 Ended | E Time: 6.534s | ~Time Left: 241.751s |  Train Loss: 0.5275 | Train Acc. 79.7495% | Test Loss: 0.7466 | Test Acc. 69.5833%
AdamP on BACH_transformed: T 1/3 | E 164/200 Ended | E Time: 6.617s | ~Time Left: 238.226s |  Train Loss: 0.5302 | Train Acc. 80.2714% | Test Loss: 0.9437 | Test Acc. 64.1667%
AdamP on BACH_transformed: T 1/3 | E 165/200 Ended | E Time: 6.610s | ~Time Left: 231.334s |  Train Loss: 0.5581 | Train Acc. 78.3925% | Test Loss: 0.8475 | Test Acc. 69.5833%
AdamP on BACH_transformed: T 1/3 | E 166/200 Ended | E Time: 6.451s | ~Time Left: 219.340s |  Train Loss: 0.5300 | Train Acc. 80.4802% | Test Loss: 0.7077 | Test Acc. 70.8333%
AdamP on BACH_transformed: T 1/3 | E 167/200 Ended | E Time: 6.591s | ~Time Left: 217.491s |  Train Loss: 0.5217 | Train Acc. 80.5846% | Test Loss: 0.9268 | Test Acc. 68.7500%
AdamP on BACH_transformed: T 1/3 | E 168/200 Ended | E Time: 6.519s | ~Time Left: 208.613s |  Train Loss: 0.4987 | Train Acc. 80.8977% | Test Loss: 0.8504 | Test Acc. 72.5000%
AdamP on BACH_transformed: T 1/3 | E 169/200 Ended | E Time: 6.491s | ~Time Left: 201.234s |  Train Loss: 0.5107 | Train Acc. 78.2881% | Test Loss: 0.9040 | Test Acc. 64.1667%
AdamP on BACH_transformed: T 1/3 | E 170/200 Ended | E Time: 6.521s | ~Time Left: 195.641s |  Train Loss: 0.5760 | Train Acc. 76.8267% | Test Loss: 0.8933 | Test Acc. 65.4167%
AdamP on BACH_transformed: T 1/3 | E 171/200 Ended | E Time: 6.575s | ~Time Left: 190.669s |  Train Loss: 0.4889 | Train Acc. 80.2714% | Test Loss: 0.6871 | Test Acc. 75.4167%
AdamP on BACH_transformed: T 1/3 | E 172/200 Ended | E Time: 6.550s | ~Time Left: 183.407s |  Train Loss: 0.4765 | Train Acc. 81.3152% | Test Loss: 0.7207 | Test Acc. 68.3333%
AdamP on BACH_transformed: T 1/3 | E 173/200 Ended | E Time: 6.585s | ~Time Left: 177.794s |  Train Loss: 0.4908 | Train Acc. 81.4196% | Test Loss: 0.9357 | Test Acc. 63.7500%
AdamP on BACH_transformed: T 1/3 | E 174/200 Ended | E Time: 6.605s | ~Time Left: 171.718s |  Train Loss: 0.4942 | Train Acc. 81.1065% | Test Loss: 0.8496 | Test Acc. 70.0000%
AdamP on BACH_transformed: T 1/3 | E 175/200 Ended | E Time: 6.878s | ~Time Left: 171.943s |  Train Loss: 0.5520 | Train Acc. 78.3925% | Test Loss: 1.1567 | Test Acc. 62.9167%
AdamP on BACH_transformed: T 1/3 | E 176/200 Ended | E Time: 6.643s | ~Time Left: 159.434s |  Train Loss: 0.5283 | Train Acc. 82.0459% | Test Loss: 0.9285 | Test Acc. 66.2500%
AdamP on BACH_transformed: T 1/3 | E 177/200 Ended | E Time: 6.479s | ~Time Left: 149.015s |  Train Loss: 0.4607 | Train Acc. 81.7328% | Test Loss: 0.8114 | Test Acc. 72.5000%
AdamP on BACH_transformed: T 1/3 | E 178/200 Ended | E Time: 6.523s | ~Time Left: 143.501s |  Train Loss: 0.4518 | Train Acc. 82.0459% | Test Loss: 0.8105 | Test Acc. 72.9167%
AdamP on BACH_transformed: T 1/3 | E 179/200 Ended | E Time: 6.482s | ~Time Left: 136.128s |  Train Loss: 0.4434 | Train Acc. 82.2547% | Test Loss: 0.7153 | Test Acc. 75.0000%
AdamP on BACH_transformed: T 1/3 | E 180/200 Ended | E Time: 6.605s | ~Time Left: 132.102s |  Train Loss: 0.5099 | Train Acc. 79.8539% | Test Loss: 1.2682 | Test Acc. 58.7500%
AdamP on BACH_transformed: T 1/3 | E 181/200 Ended | E Time: 6.576s | ~Time Left: 124.949s |  Train Loss: 0.4479 | Train Acc. 81.9415% | Test Loss: 0.6374 | Test Acc. 74.5833%
AdamP on BACH_transformed: T 1/3 | E 182/200 Ended | E Time: 6.651s | ~Time Left: 119.717s |  Train Loss: 0.4430 | Train Acc. 82.0459% | Test Loss: 0.7856 | Test Acc. 72.5000%
AdamP on BACH_transformed: T 1/3 | E 183/200 Ended | E Time: 6.500s | ~Time Left: 110.504s |  Train Loss: 0.5172 | Train Acc. 80.7933% | Test Loss: 0.6298 | Test Acc. 75.8333%
AdamP on BACH_transformed: T 1/3 | E 184/200 Ended | E Time: 6.507s | ~Time Left: 104.106s |  Train Loss: 0.4308 | Train Acc. 83.0898% | Test Loss: 0.7754 | Test Acc. 72.9167%
AdamP on BACH_transformed: T 1/3 | E 185/200 Ended | E Time: 6.592s | ~Time Left: 98.874s |  Train Loss: 0.4323 | Train Acc. 83.9248% | Test Loss: 0.6038 | Test Acc. 80.4167%
AdamP on BACH_transformed: T 1/3 | E 186/200 Ended | E Time: 6.520s | ~Time Left: 91.273s |  Train Loss: 0.4649 | Train Acc. 81.1065% | Test Loss: 0.7839 | Test Acc. 72.5000%
AdamP on BACH_transformed: T 1/3 | E 187/200 Ended | E Time: 6.545s | ~Time Left: 85.083s |  Train Loss: 0.4420 | Train Acc. 82.8810% | Test Loss: 0.6405 | Test Acc. 74.5833%
AdamP on BACH_transformed: T 1/3 | E 188/200 Ended | E Time: 6.515s | ~Time Left: 78.177s |  Train Loss: 0.4403 | Train Acc. 84.1336% | Test Loss: 1.0572 | Test Acc. 66.6667%
AdamP on BACH_transformed: T 1/3 | E 189/200 Ended | E Time: 6.578s | ~Time Left: 72.362s |  Train Loss: 0.4382 | Train Acc. 83.1942% | Test Loss: 0.9756 | Test Acc. 68.7500%
AdamP on BACH_transformed: T 1/3 | E 190/200 Ended | E Time: 6.501s | ~Time Left: 65.015s |  Train Loss: 0.4458 | Train Acc. 82.6722% | Test Loss: 0.5811 | Test Acc. 77.9167%
AdamP on BACH_transformed: T 1/3 | E 191/200 Ended | E Time: 6.556s | ~Time Left: 59.007s |  Train Loss: 0.4572 | Train Acc. 83.6117% | Test Loss: 0.9874 | Test Acc. 66.6667%
AdamP on BACH_transformed: T 1/3 | E 192/200 Ended | E Time: 6.613s | ~Time Left: 52.903s |  Train Loss: 0.4961 | Train Acc. 81.4196% | Test Loss: 1.1092 | Test Acc. 63.3333%
AdamP on BACH_transformed: T 1/3 | E 193/200 Ended | E Time: 6.551s | ~Time Left: 45.855s |  Train Loss: 0.4861 | Train Acc. 79.8539% | Test Loss: 0.9754 | Test Acc. 67.9167%
AdamP on BACH_transformed: T 1/3 | E 194/200 Ended | E Time: 6.492s | ~Time Left: 38.951s |  Train Loss: 0.4576 | Train Acc. 81.9415% | Test Loss: 1.0026 | Test Acc. 62.0833%
AdamP on BACH_transformed: T 1/3 | E 195/200 Ended | E Time: 6.527s | ~Time Left: 32.633s |  Train Loss: 0.4636 | Train Acc. 81.5240% | Test Loss: 0.9948 | Test Acc. 66.6667%
AdamP on BACH_transformed: T 1/3 | E 196/200 Ended | E Time: 6.584s | ~Time Left: 26.336s |  Train Loss: 0.4130 | Train Acc. 83.8205% | Test Loss: 0.8318 | Test Acc. 74.5833%
AdamP on BACH_transformed: T 1/3 | E 197/200 Ended | E Time: 6.596s | ~Time Left: 19.787s |  Train Loss: 0.4450 | Train Acc. 82.6722% | Test Loss: 0.7593 | Test Acc. 70.0000%
AdamP on BACH_transformed: T 1/3 | E 198/200 Ended | E Time: 6.563s | ~Time Left: 13.127s |  Train Loss: 0.4237 | Train Acc. 83.2985% | Test Loss: 0.8278 | Test Acc. 70.4167%
AdamP on BACH_transformed: T 1/3 | E 199/200 Ended | E Time: 6.553s | ~Time Left: 6.553s |  Train Loss: 0.4551 | Train Acc. 82.7766% | Test Loss: 0.7762 | Test Acc. 73.3333%
AdamP on BACH_transformed: T 1/3 | E 200/200 Ended | E Time: 6.572s | ~Time Left: 0.000s |  Train Loss: 0.4071 | Train Acc. 83.8205% | Test Loss: 0.6079 | Test Acc. 75.4167%
AdamP on BACH_transformed: T 2/3 | E 1/200 Ended | E Time: 6.497s | ~Time Left: 1292.830s |  Train Loss: 1.6227 | Train Acc. 31.2109% | Test Loss: 3.7201 | Test Acc. 29.5833%
AdamP on BACH_transformed: T 2/3 | E 2/200 Ended | E Time: 6.583s | ~Time Left: 1303.434s |  Train Loss: 1.3399 | Train Acc. 35.5950% | Test Loss: 1.4675 | Test Acc. 40.8333%
AdamP on BACH_transformed: T 2/3 | E 3/200 Ended | E Time: 6.610s | ~Time Left: 1302.247s |  Train Loss: 1.3200 | Train Acc. 38.5177% | Test Loss: 1.3836 | Test Acc. 37.0833%
AdamP on BACH_transformed: T 2/3 | E 4/200 Ended | E Time: 6.596s | ~Time Left: 1292.794s |  Train Loss: 1.3687 | Train Acc. 36.4301% | Test Loss: 1.4450 | Test Acc. 36.6667%
AdamP on BACH_transformed: T 2/3 | E 5/200 Ended | E Time: 6.549s | ~Time Left: 1277.079s |  Train Loss: 1.3068 | Train Acc. 39.5616% | Test Loss: 1.3046 | Test Acc. 40.8333%
AdamP on BACH_transformed: T 2/3 | E 6/200 Ended | E Time: 6.612s | ~Time Left: 1282.698s |  Train Loss: 1.3129 | Train Acc. 40.0835% | Test Loss: 1.3114 | Test Acc. 38.7500%
AdamP on BACH_transformed: T 2/3 | E 7/200 Ended | E Time: 6.554s | ~Time Left: 1264.998s |  Train Loss: 1.2930 | Train Acc. 38.5177% | Test Loss: 1.2922 | Test Acc. 39.5833%
AdamP on BACH_transformed: T 2/3 | E 8/200 Ended | E Time: 6.584s | ~Time Left: 1264.193s |  Train Loss: 1.2516 | Train Acc. 39.9791% | Test Loss: 1.2815 | Test Acc. 42.0833%
AdamP on BACH_transformed: T 2/3 | E 9/200 Ended | E Time: 6.544s | ~Time Left: 1249.990s |  Train Loss: 1.2805 | Train Acc. 41.6493% | Test Loss: 1.3101 | Test Acc. 35.8333%
AdamP on BACH_transformed: T 2/3 | E 10/200 Ended | E Time: 6.630s | ~Time Left: 1259.720s |  Train Loss: 1.2661 | Train Acc. 43.1106% | Test Loss: 1.3352 | Test Acc. 35.4167%
AdamP on BACH_transformed: T 2/3 | E 11/200 Ended | E Time: 6.598s | ~Time Left: 1246.996s |  Train Loss: 1.2708 | Train Acc. 41.0230% | Test Loss: 1.2563 | Test Acc. 40.4167%
AdamP on BACH_transformed: T 2/3 | E 12/200 Ended | E Time: 6.636s | ~Time Left: 1247.502s |  Train Loss: 1.2338 | Train Acc. 43.2150% | Test Loss: 1.2015 | Test Acc. 45.0000%
AdamP on BACH_transformed: T 2/3 | E 13/200 Ended | E Time: 6.521s | ~Time Left: 1219.514s |  Train Loss: 1.2122 | Train Acc. 44.8852% | Test Loss: 1.2132 | Test Acc. 48.7500%
AdamP on BACH_transformed: T 2/3 | E 14/200 Ended | E Time: 6.483s | ~Time Left: 1205.870s |  Train Loss: 1.2554 | Train Acc. 42.4843% | Test Loss: 1.3350 | Test Acc. 36.2500%
AdamP on BACH_transformed: T 2/3 | E 15/200 Ended | E Time: 6.490s | ~Time Left: 1200.632s |  Train Loss: 1.2374 | Train Acc. 44.8852% | Test Loss: 1.2532 | Test Acc. 44.5833%
AdamP on BACH_transformed: T 2/3 | E 16/200 Ended | E Time: 6.573s | ~Time Left: 1209.456s |  Train Loss: 1.2172 | Train Acc. 43.9457% | Test Loss: 1.1841 | Test Acc. 47.0833%
AdamP on BACH_transformed: T 2/3 | E 17/200 Ended | E Time: 6.596s | ~Time Left: 1207.053s |  Train Loss: 1.2177 | Train Acc. 45.0939% | Test Loss: 1.1971 | Test Acc. 48.3333%
AdamP on BACH_transformed: T 2/3 | E 18/200 Ended | E Time: 6.590s | ~Time Left: 1199.340s |  Train Loss: 1.2240 | Train Acc. 44.6764% | Test Loss: 1.2989 | Test Acc. 39.5833%
AdamP on BACH_transformed: T 2/3 | E 19/200 Ended | E Time: 6.668s | ~Time Left: 1206.829s |  Train Loss: 1.2274 | Train Acc. 43.4238% | Test Loss: 1.2160 | Test Acc. 48.3333%
AdamP on BACH_transformed: T 2/3 | E 20/200 Ended | E Time: 6.620s | ~Time Left: 1191.676s |  Train Loss: 1.2255 | Train Acc. 44.1545% | Test Loss: 1.2174 | Test Acc. 46.6667%
AdamP on BACH_transformed: T 2/3 | E 21/200 Ended | E Time: 6.545s | ~Time Left: 1171.512s |  Train Loss: 1.2304 | Train Acc. 43.0063% | Test Loss: 1.2078 | Test Acc. 48.3333%
AdamP on BACH_transformed: T 2/3 | E 22/200 Ended | E Time: 6.640s | ~Time Left: 1181.925s |  Train Loss: 1.2129 | Train Acc. 44.8852% | Test Loss: 1.2245 | Test Acc. 44.1667%
AdamP on BACH_transformed: T 2/3 | E 23/200 Ended | E Time: 6.565s | ~Time Left: 1161.933s |  Train Loss: 1.1699 | Train Acc. 48.4342% | Test Loss: 1.2093 | Test Acc. 48.7500%
AdamP on BACH_transformed: T 2/3 | E 24/200 Ended | E Time: 6.615s | ~Time Left: 1164.280s |  Train Loss: 1.1975 | Train Acc. 47.8079% | Test Loss: 1.3113 | Test Acc. 41.2500%
AdamP on BACH_transformed: T 2/3 | E 25/200 Ended | E Time: 6.590s | ~Time Left: 1153.263s |  Train Loss: 1.2026 | Train Acc. 43.5282% | Test Loss: 1.2096 | Test Acc. 43.7500%
AdamP on BACH_transformed: T 2/3 | E 26/200 Ended | E Time: 6.696s | ~Time Left: 1165.083s |  Train Loss: 1.1950 | Train Acc. 46.0334% | Test Loss: 1.2233 | Test Acc. 44.5833%
AdamP on BACH_transformed: T 2/3 | E 27/200 Ended | E Time: 6.574s | ~Time Left: 1137.244s |  Train Loss: 1.2015 | Train Acc. 45.4071% | Test Loss: 1.2631 | Test Acc. 40.4167%
AdamP on BACH_transformed: T 2/3 | E 28/200 Ended | E Time: 6.511s | ~Time Left: 1119.840s |  Train Loss: 1.1633 | Train Acc. 48.7474% | Test Loss: 1.2717 | Test Acc. 41.2500%
AdamP on BACH_transformed: T 2/3 | E 29/200 Ended | E Time: 6.531s | ~Time Left: 1116.804s |  Train Loss: 1.1837 | Train Acc. 46.0334% | Test Loss: 1.3696 | Test Acc. 41.6667%
AdamP on BACH_transformed: T 2/3 | E 30/200 Ended | E Time: 6.505s | ~Time Left: 1105.792s |  Train Loss: 1.1525 | Train Acc. 49.2693% | Test Loss: 1.3266 | Test Acc. 37.9167%
AdamP on BACH_transformed: T 2/3 | E 31/200 Ended | E Time: 6.560s | ~Time Left: 1108.615s |  Train Loss: 1.1767 | Train Acc. 49.0605% | Test Loss: 1.2264 | Test Acc. 44.1667%
AdamP on BACH_transformed: T 2/3 | E 32/200 Ended | E Time: 6.543s | ~Time Left: 1099.170s |  Train Loss: 1.1777 | Train Acc. 46.9729% | Test Loss: 1.2640 | Test Acc. 42.0833%
AdamP on BACH_transformed: T 2/3 | E 33/200 Ended | E Time: 6.588s | ~Time Left: 1100.243s |  Train Loss: 1.1694 | Train Acc. 47.0772% | Test Loss: 1.3004 | Test Acc. 43.7500%
AdamP on BACH_transformed: T 2/3 | E 34/200 Ended | E Time: 6.635s | ~Time Left: 1101.485s |  Train Loss: 1.1582 | Train Acc. 50.6263% | Test Loss: 1.1824 | Test Acc. 49.1667%
AdamP on BACH_transformed: T 2/3 | E 35/200 Ended | E Time: 6.592s | ~Time Left: 1087.756s |  Train Loss: 1.1666 | Train Acc. 48.3299% | Test Loss: 1.2302 | Test Acc. 44.1667%
AdamP on BACH_transformed: T 2/3 | E 36/200 Ended | E Time: 6.532s | ~Time Left: 1071.306s |  Train Loss: 1.1438 | Train Acc. 49.0605% | Test Loss: 1.2898 | Test Acc. 38.3333%
AdamP on BACH_transformed: T 2/3 | E 37/200 Ended | E Time: 6.592s | ~Time Left: 1074.578s |  Train Loss: 1.1454 | Train Acc. 48.0167% | Test Loss: 1.2723 | Test Acc. 42.0833%
AdamP on BACH_transformed: T 2/3 | E 38/200 Ended | E Time: 6.543s | ~Time Left: 1060.018s |  Train Loss: 1.1517 | Train Acc. 49.1649% | Test Loss: 1.2322 | Test Acc. 47.0833%
AdamP on BACH_transformed: T 2/3 | E 39/200 Ended | E Time: 6.554s | ~Time Left: 1055.270s |  Train Loss: 1.1236 | Train Acc. 51.8789% | Test Loss: 1.2910 | Test Acc. 44.1667%
AdamP on BACH_transformed: T 2/3 | E 40/200 Ended | E Time: 6.621s | ~Time Left: 1059.351s |  Train Loss: 1.1661 | Train Acc. 49.7912% | Test Loss: 1.1800 | Test Acc. 49.5833%
AdamP on BACH_transformed: T 2/3 | E 41/200 Ended | E Time: 6.550s | ~Time Left: 1041.480s |  Train Loss: 1.1541 | Train Acc. 48.7474% | Test Loss: 1.2036 | Test Acc. 44.1667%
AdamP on BACH_transformed: T 2/3 | E 42/200 Ended | E Time: 6.748s | ~Time Left: 1066.121s |  Train Loss: 1.1030 | Train Acc. 52.8184% | Test Loss: 1.1823 | Test Acc. 51.6667%
AdamP on BACH_transformed: T 2/3 | E 43/200 Ended | E Time: 6.546s | ~Time Left: 1027.795s |  Train Loss: 1.1270 | Train Acc. 49.0605% | Test Loss: 1.2073 | Test Acc. 45.8333%
AdamP on BACH_transformed: T 2/3 | E 44/200 Ended | E Time: 6.577s | ~Time Left: 1026.005s |  Train Loss: 1.1068 | Train Acc. 53.1315% | Test Loss: 1.1693 | Test Acc. 48.7500%
AdamP on BACH_transformed: T 2/3 | E 45/200 Ended | E Time: 6.529s | ~Time Left: 1012.041s |  Train Loss: 1.0926 | Train Acc. 52.6096% | Test Loss: 1.2632 | Test Acc. 43.3333%
AdamP on BACH_transformed: T 2/3 | E 46/200 Ended | E Time: 6.501s | ~Time Left: 1001.192s |  Train Loss: 1.1274 | Train Acc. 51.4614% | Test Loss: 1.1847 | Test Acc. 46.6667%
AdamP on BACH_transformed: T 2/3 | E 47/200 Ended | E Time: 6.590s | ~Time Left: 1008.226s |  Train Loss: 1.0649 | Train Acc. 51.8789% | Test Loss: 1.2440 | Test Acc. 45.8333%
AdamP on BACH_transformed: T 2/3 | E 48/200 Ended | E Time: 6.554s | ~Time Left: 996.188s |  Train Loss: 1.1394 | Train Acc. 51.5658% | Test Loss: 1.2033 | Test Acc. 47.0833%
AdamP on BACH_transformed: T 2/3 | E 49/200 Ended | E Time: 6.623s | ~Time Left: 1000.058s |  Train Loss: 1.1205 | Train Acc. 49.1649% | Test Loss: 1.1279 | Test Acc. 49.5833%
AdamP on BACH_transformed: T 2/3 | E 50/200 Ended | E Time: 6.540s | ~Time Left: 981.071s |  Train Loss: 1.0907 | Train Acc. 49.7912% | Test Loss: 1.2654 | Test Acc. 47.5000%
AdamP on BACH_transformed: T 2/3 | E 51/200 Ended | E Time: 6.583s | ~Time Left: 980.905s |  Train Loss: 1.0868 | Train Acc. 51.9833% | Test Loss: 1.1747 | Test Acc. 52.0833%
AdamP on BACH_transformed: T 2/3 | E 52/200 Ended | E Time: 6.589s | ~Time Left: 975.152s |  Train Loss: 1.0886 | Train Acc. 53.3403% | Test Loss: 1.1471 | Test Acc. 50.8333%
AdamP on BACH_transformed: T 2/3 | E 53/200 Ended | E Time: 6.530s | ~Time Left: 959.943s |  Train Loss: 1.0856 | Train Acc. 53.3403% | Test Loss: 1.3862 | Test Acc. 42.0833%
AdamP on BACH_transformed: T 2/3 | E 54/200 Ended | E Time: 6.540s | ~Time Left: 954.844s |  Train Loss: 1.0844 | Train Acc. 51.9833% | Test Loss: 1.1821 | Test Acc. 44.5833%
AdamP on BACH_transformed: T 2/3 | E 55/200 Ended | E Time: 6.579s | ~Time Left: 954.027s |  Train Loss: 1.0775 | Train Acc. 52.8184% | Test Loss: 1.1837 | Test Acc. 48.7500%
AdamP on BACH_transformed: T 2/3 | E 56/200 Ended | E Time: 6.624s | ~Time Left: 953.825s |  Train Loss: 1.0647 | Train Acc. 54.2798% | Test Loss: 1.0622 | Test Acc. 53.7500%
AdamP on BACH_transformed: T 2/3 | E 57/200 Ended | E Time: 6.480s | ~Time Left: 926.632s |  Train Loss: 1.0209 | Train Acc. 55.6367% | Test Loss: 0.9947 | Test Acc. 55.8333%
AdamP on BACH_transformed: T 2/3 | E 58/200 Ended | E Time: 6.456s | ~Time Left: 916.805s |  Train Loss: 1.0404 | Train Acc. 56.3674% | Test Loss: 1.0969 | Test Acc. 52.0833%
AdamP on BACH_transformed: T 2/3 | E 59/200 Ended | E Time: 6.672s | ~Time Left: 940.793s |  Train Loss: 1.0552 | Train Acc. 53.8622% | Test Loss: 1.0308 | Test Acc. 54.5833%
AdamP on BACH_transformed: T 2/3 | E 60/200 Ended | E Time: 6.622s | ~Time Left: 927.035s |  Train Loss: 1.0384 | Train Acc. 54.8017% | Test Loss: 1.2344 | Test Acc. 54.1667%
AdamP on BACH_transformed: T 2/3 | E 61/200 Ended | E Time: 6.440s | ~Time Left: 895.213s |  Train Loss: 0.9926 | Train Acc. 57.6200% | Test Loss: 1.2102 | Test Acc. 46.2500%
AdamP on BACH_transformed: T 2/3 | E 62/200 Ended | E Time: 6.611s | ~Time Left: 912.356s |  Train Loss: 1.0309 | Train Acc. 54.2798% | Test Loss: 1.0965 | Test Acc. 50.4167%
AdamP on BACH_transformed: T 2/3 | E 63/200 Ended | E Time: 6.559s | ~Time Left: 898.616s |  Train Loss: 0.9815 | Train Acc. 58.6639% | Test Loss: 1.1267 | Test Acc. 52.0833%
AdamP on BACH_transformed: T 2/3 | E 64/200 Ended | E Time: 6.578s | ~Time Left: 894.659s |  Train Loss: 1.0029 | Train Acc. 56.7850% | Test Loss: 0.9908 | Test Acc. 57.9167%
AdamP on BACH_transformed: T 2/3 | E 65/200 Ended | E Time: 6.640s | ~Time Left: 896.336s |  Train Loss: 0.9928 | Train Acc. 59.7077% | Test Loss: 1.3038 | Test Acc. 50.4167%
AdamP on BACH_transformed: T 2/3 | E 66/200 Ended | E Time: 6.586s | ~Time Left: 882.497s |  Train Loss: 0.9571 | Train Acc. 59.0814% | Test Loss: 0.9846 | Test Acc. 61.2500%
AdamP on BACH_transformed: T 2/3 | E 67/200 Ended | E Time: 6.643s | ~Time Left: 883.492s |  Train Loss: 0.9908 | Train Acc. 58.4551% | Test Loss: 1.1526 | Test Acc. 52.5000%
AdamP on BACH_transformed: T 2/3 | E 68/200 Ended | E Time: 6.504s | ~Time Left: 858.545s |  Train Loss: 0.9595 | Train Acc. 58.2463% | Test Loss: 1.2404 | Test Acc. 52.0833%
AdamP on BACH_transformed: T 2/3 | E 69/200 Ended | E Time: 6.541s | ~Time Left: 856.902s |  Train Loss: 0.9618 | Train Acc. 59.3946% | Test Loss: 1.3458 | Test Acc. 51.2500%
AdamP on BACH_transformed: T 2/3 | E 70/200 Ended | E Time: 6.598s | ~Time Left: 857.736s |  Train Loss: 0.9212 | Train Acc. 60.0209% | Test Loss: 0.9841 | Test Acc. 58.7500%
AdamP on BACH_transformed: T 2/3 | E 71/200 Ended | E Time: 6.599s | ~Time Left: 851.321s |  Train Loss: 0.9607 | Train Acc. 60.0209% | Test Loss: 1.0115 | Test Acc. 54.1667%
AdamP on BACH_transformed: T 2/3 | E 72/200 Ended | E Time: 6.592s | ~Time Left: 843.735s |  Train Loss: 0.9688 | Train Acc. 58.9770% | Test Loss: 1.0368 | Test Acc. 54.5833%
AdamP on BACH_transformed: T 2/3 | E 73/200 Ended | E Time: 6.810s | ~Time Left: 864.826s |  Train Loss: 0.9570 | Train Acc. 58.8727% | Test Loss: 0.9939 | Test Acc. 60.4167%
AdamP on BACH_transformed: T 2/3 | E 74/200 Ended | E Time: 6.588s | ~Time Left: 830.039s |  Train Loss: 0.9279 | Train Acc. 60.9603% | Test Loss: 0.8499 | Test Acc. 64.5833%
AdamP on BACH_transformed: T 2/3 | E 75/200 Ended | E Time: 6.550s | ~Time Left: 818.786s |  Train Loss: 0.8920 | Train Acc. 64.1962% | Test Loss: 0.9536 | Test Acc. 60.4167%
AdamP on BACH_transformed: T 2/3 | E 76/200 Ended | E Time: 6.473s | ~Time Left: 802.664s |  Train Loss: 0.9052 | Train Acc. 63.6743% | Test Loss: 0.9417 | Test Acc. 58.7500%
AdamP on BACH_transformed: T 2/3 | E 77/200 Ended | E Time: 6.513s | ~Time Left: 801.057s |  Train Loss: 0.9070 | Train Acc. 63.0480% | Test Loss: 0.9681 | Test Acc. 57.0833%
AdamP on BACH_transformed: T 2/3 | E 78/200 Ended | E Time: 6.506s | ~Time Left: 793.752s |  Train Loss: 0.9030 | Train Acc. 61.5866% | Test Loss: 1.0102 | Test Acc. 55.8333%
AdamP on BACH_transformed: T 2/3 | E 79/200 Ended | E Time: 6.556s | ~Time Left: 793.335s |  Train Loss: 0.8943 | Train Acc. 61.4823% | Test Loss: 0.9768 | Test Acc. 58.7500%
AdamP on BACH_transformed: T 2/3 | E 80/200 Ended | E Time: 6.508s | ~Time Left: 780.929s |  Train Loss: 0.8708 | Train Acc. 64.0919% | Test Loss: 0.9365 | Test Acc. 64.1667%
AdamP on BACH_transformed: T 2/3 | E 81/200 Ended | E Time: 6.591s | ~Time Left: 784.276s |  Train Loss: 0.8999 | Train Acc. 63.1524% | Test Loss: 1.0538 | Test Acc. 52.9167%
AdamP on BACH_transformed: T 2/3 | E 82/200 Ended | E Time: 6.560s | ~Time Left: 774.109s |  Train Loss: 0.8226 | Train Acc. 66.8058% | Test Loss: 0.9228 | Test Acc. 65.0000%
AdamP on BACH_transformed: T 2/3 | E 83/200 Ended | E Time: 6.541s | ~Time Left: 765.262s |  Train Loss: 0.8863 | Train Acc. 63.3612% | Test Loss: 2.0285 | Test Acc. 47.9167%
AdamP on BACH_transformed: T 2/3 | E 84/200 Ended | E Time: 6.598s | ~Time Left: 765.404s |  Train Loss: 0.8381 | Train Acc. 66.3883% | Test Loss: 1.0937 | Test Acc. 55.0000%
AdamP on BACH_transformed: T 2/3 | E 85/200 Ended | E Time: 6.676s | ~Time Left: 767.685s |  Train Loss: 0.8497 | Train Acc. 65.6576% | Test Loss: 0.8635 | Test Acc. 62.5000%
AdamP on BACH_transformed: T 2/3 | E 86/200 Ended | E Time: 6.521s | ~Time Left: 743.371s |  Train Loss: 0.8511 | Train Acc. 65.9708% | Test Loss: 1.0417 | Test Acc. 56.2500%
AdamP on BACH_transformed: T 2/3 | E 87/200 Ended | E Time: 6.501s | ~Time Left: 734.609s |  Train Loss: 0.8923 | Train Acc. 63.3612% | Test Loss: 1.3678 | Test Acc. 46.6667%
AdamP on BACH_transformed: T 2/3 | E 88/200 Ended | E Time: 6.565s | ~Time Left: 735.330s |  Train Loss: 0.8580 | Train Acc. 65.0313% | Test Loss: 1.1107 | Test Acc. 57.9167%
AdamP on BACH_transformed: T 2/3 | E 89/200 Ended | E Time: 6.559s | ~Time Left: 727.999s |  Train Loss: 0.8368 | Train Acc. 63.9875% | Test Loss: 0.8672 | Test Acc. 64.5833%
AdamP on BACH_transformed: T 2/3 | E 90/200 Ended | E Time: 6.553s | ~Time Left: 720.879s |  Train Loss: 0.8232 | Train Acc. 66.4927% | Test Loss: 0.7345 | Test Acc. 70.8333%
AdamP on BACH_transformed: T 2/3 | E 91/200 Ended | E Time: 6.496s | ~Time Left: 708.087s |  Train Loss: 0.7852 | Train Acc. 65.8664% | Test Loss: 1.0388 | Test Acc. 58.3333%
AdamP on BACH_transformed: T 2/3 | E 92/200 Ended | E Time: 6.578s | ~Time Left: 710.418s |  Train Loss: 0.8159 | Train Acc. 66.3883% | Test Loss: 1.0632 | Test Acc. 58.3333%
AdamP on BACH_transformed: T 2/3 | E 93/200 Ended | E Time: 6.551s | ~Time Left: 700.965s |  Train Loss: 0.8559 | Train Acc. 64.7182% | Test Loss: 0.8805 | Test Acc. 61.2500%
AdamP on BACH_transformed: T 2/3 | E 94/200 Ended | E Time: 6.537s | ~Time Left: 692.934s |  Train Loss: 0.7808 | Train Acc. 67.6409% | Test Loss: 0.8709 | Test Acc. 62.0833%
AdamP on BACH_transformed: T 2/3 | E 95/200 Ended | E Time: 6.634s | ~Time Left: 696.596s |  Train Loss: 0.7893 | Train Acc. 66.3883% | Test Loss: 0.9213 | Test Acc. 57.5000%
AdamP on BACH_transformed: T 2/3 | E 96/200 Ended | E Time: 6.545s | ~Time Left: 680.641s |  Train Loss: 0.7718 | Train Acc. 67.0146% | Test Loss: 1.1108 | Test Acc. 54.5833%
AdamP on BACH_transformed: T 2/3 | E 97/200 Ended | E Time: 6.648s | ~Time Left: 684.713s |  Train Loss: 0.7994 | Train Acc. 68.2672% | Test Loss: 1.2469 | Test Acc. 56.6667%
AdamP on BACH_transformed: T 2/3 | E 98/200 Ended | E Time: 6.581s | ~Time Left: 671.240s |  Train Loss: 0.7992 | Train Acc. 67.0146% | Test Loss: 0.9119 | Test Acc. 64.1667%
AdamP on BACH_transformed: T 2/3 | E 99/200 Ended | E Time: 6.587s | ~Time Left: 665.299s |  Train Loss: 0.7803 | Train Acc. 68.3716% | Test Loss: 1.1177 | Test Acc. 52.5000%
AdamP on BACH_transformed: T 2/3 | E 100/200 Ended | E Time: 6.735s | ~Time Left: 673.523s |  Train Loss: 0.7601 | Train Acc. 68.6848% | Test Loss: 0.9058 | Test Acc. 62.9167%
AdamP on BACH_transformed: T 2/3 | E 101/200 Ended | E Time: 6.562s | ~Time Left: 649.668s |  Train Loss: 0.7328 | Train Acc. 69.9374% | Test Loss: 0.6947 | Test Acc. 70.4167%
AdamP on BACH_transformed: T 2/3 | E 102/200 Ended | E Time: 6.468s | ~Time Left: 633.846s |  Train Loss: 0.7402 | Train Acc. 69.1023% | Test Loss: 1.0211 | Test Acc. 62.9167%
AdamP on BACH_transformed: T 2/3 | E 103/200 Ended | E Time: 6.535s | ~Time Left: 633.878s |  Train Loss: 0.7474 | Train Acc. 70.0418% | Test Loss: 1.1492 | Test Acc. 62.0833%
AdamP on BACH_transformed: T 2/3 | E 104/200 Ended | E Time: 6.539s | ~Time Left: 627.755s |  Train Loss: 0.7034 | Train Acc. 72.7557% | Test Loss: 1.1771 | Test Acc. 62.5000%
AdamP on BACH_transformed: T 2/3 | E 105/200 Ended | E Time: 6.625s | ~Time Left: 629.360s |  Train Loss: 0.7566 | Train Acc. 68.5804% | Test Loss: 1.0802 | Test Acc. 59.5833%
AdamP on BACH_transformed: T 2/3 | E 106/200 Ended | E Time: 6.546s | ~Time Left: 615.314s |  Train Loss: 0.7521 | Train Acc. 69.1023% | Test Loss: 0.7522 | Test Acc. 72.0833%
AdamP on BACH_transformed: T 2/3 | E 107/200 Ended | E Time: 6.574s | ~Time Left: 611.424s |  Train Loss: 0.6928 | Train Acc. 71.9207% | Test Loss: 1.1125 | Test Acc. 54.5833%
AdamP on BACH_transformed: T 2/3 | E 108/200 Ended | E Time: 6.521s | ~Time Left: 599.959s |  Train Loss: 0.7330 | Train Acc. 69.8330% | Test Loss: 0.7990 | Test Acc. 67.0833%
AdamP on BACH_transformed: T 2/3 | E 109/200 Ended | E Time: 6.547s | ~Time Left: 595.810s |  Train Loss: 0.6984 | Train Acc. 72.5470% | Test Loss: 0.9961 | Test Acc. 60.0000%
AdamP on BACH_transformed: T 2/3 | E 110/200 Ended | E Time: 6.594s | ~Time Left: 593.482s |  Train Loss: 0.7288 | Train Acc. 71.5031% | Test Loss: 0.8166 | Test Acc. 64.5833%
AdamP on BACH_transformed: T 2/3 | E 111/200 Ended | E Time: 6.498s | ~Time Left: 578.293s |  Train Loss: 0.6580 | Train Acc. 73.6952% | Test Loss: 1.0096 | Test Acc. 60.4167%
AdamP on BACH_transformed: T 2/3 | E 112/200 Ended | E Time: 6.639s | ~Time Left: 584.257s |  Train Loss: 0.6771 | Train Acc. 72.7557% | Test Loss: 1.0053 | Test Acc. 57.5000%
AdamP on BACH_transformed: T 2/3 | E 113/200 Ended | E Time: 6.593s | ~Time Left: 573.608s |  Train Loss: 0.6815 | Train Acc. 71.8163% | Test Loss: 0.8295 | Test Acc. 67.5000%
AdamP on BACH_transformed: T 2/3 | E 114/200 Ended | E Time: 6.643s | ~Time Left: 571.317s |  Train Loss: 0.7849 | Train Acc. 67.4322% | Test Loss: 1.1481 | Test Acc. 61.6667%
AdamP on BACH_transformed: T 2/3 | E 115/200 Ended | E Time: 6.804s | ~Time Left: 578.362s |  Train Loss: 0.6978 | Train Acc. 73.0689% | Test Loss: 0.8852 | Test Acc. 66.2500%
AdamP on BACH_transformed: T 2/3 | E 116/200 Ended | E Time: 6.556s | ~Time Left: 550.667s |  Train Loss: 0.6765 | Train Acc. 73.5908% | Test Loss: 0.7948 | Test Acc. 67.5000%
AdamP on BACH_transformed: T 2/3 | E 117/200 Ended | E Time: 6.506s | ~Time Left: 539.968s |  Train Loss: 0.6210 | Train Acc. 74.0084% | Test Loss: 0.6902 | Test Acc. 70.8333%
AdamP on BACH_transformed: T 2/3 | E 118/200 Ended | E Time: 6.529s | ~Time Left: 535.407s |  Train Loss: 0.6313 | Train Acc. 76.8267% | Test Loss: 0.6821 | Test Acc. 72.0833%
AdamP on BACH_transformed: T 2/3 | E 119/200 Ended | E Time: 6.540s | ~Time Left: 529.731s |  Train Loss: 0.6429 | Train Acc. 74.2171% | Test Loss: 0.8810 | Test Acc. 65.4167%
AdamP on BACH_transformed: T 2/3 | E 120/200 Ended | E Time: 6.505s | ~Time Left: 520.414s |  Train Loss: 0.6420 | Train Acc. 74.9478% | Test Loss: 0.7396 | Test Acc. 69.1667%
AdamP on BACH_transformed: T 2/3 | E 121/200 Ended | E Time: 6.553s | ~Time Left: 517.675s |  Train Loss: 0.6723 | Train Acc. 71.9207% | Test Loss: 0.8868 | Test Acc. 59.1667%
AdamP on BACH_transformed: T 2/3 | E 122/200 Ended | E Time: 6.500s | ~Time Left: 507.031s |  Train Loss: 0.6233 | Train Acc. 74.4259% | Test Loss: 0.7945 | Test Acc. 71.2500%
AdamP on BACH_transformed: T 2/3 | E 123/200 Ended | E Time: 6.540s | ~Time Left: 503.582s |  Train Loss: 0.6388 | Train Acc. 74.4259% | Test Loss: 0.9254 | Test Acc. 64.1667%
AdamP on BACH_transformed: T 2/3 | E 124/200 Ended | E Time: 6.521s | ~Time Left: 495.610s |  Train Loss: 0.5963 | Train Acc. 75.1566% | Test Loss: 1.1548 | Test Acc. 56.2500%
AdamP on BACH_transformed: T 2/3 | E 125/200 Ended | E Time: 6.648s | ~Time Left: 498.616s |  Train Loss: 0.5636 | Train Acc. 78.7056% | Test Loss: 0.6818 | Test Acc. 73.3333%
AdamP on BACH_transformed: T 2/3 | E 126/200 Ended | E Time: 6.546s | ~Time Left: 484.426s |  Train Loss: 0.6278 | Train Acc. 74.2171% | Test Loss: 0.7028 | Test Acc. 70.4167%
AdamP on BACH_transformed: T 2/3 | E 127/200 Ended | E Time: 6.474s | ~Time Left: 472.590s |  Train Loss: 0.6186 | Train Acc. 75.4697% | Test Loss: 0.9066 | Test Acc. 64.1667%
AdamP on BACH_transformed: T 2/3 | E 128/200 Ended | E Time: 6.492s | ~Time Left: 467.399s |  Train Loss: 0.6225 | Train Acc. 75.3653% | Test Loss: 0.6799 | Test Acc. 71.2500%
AdamP on BACH_transformed: T 2/3 | E 129/200 Ended | E Time: 6.550s | ~Time Left: 465.069s |  Train Loss: 0.5961 | Train Acc. 75.8873% | Test Loss: 0.6212 | Test Acc. 77.5000%
AdamP on BACH_transformed: T 2/3 | E 130/200 Ended | E Time: 6.548s | ~Time Left: 458.379s |  Train Loss: 0.5997 | Train Acc. 75.1566% | Test Loss: 1.0095 | Test Acc. 65.8333%
AdamP on BACH_transformed: T 2/3 | E 131/200 Ended | E Time: 6.542s | ~Time Left: 451.366s |  Train Loss: 0.5344 | Train Acc. 77.5574% | Test Loss: 0.7854 | Test Acc. 71.6667%
AdamP on BACH_transformed: T 2/3 | E 132/200 Ended | E Time: 6.556s | ~Time Left: 445.834s |  Train Loss: 0.5962 | Train Acc. 75.4697% | Test Loss: 1.0564 | Test Acc. 61.2500%
AdamP on BACH_transformed: T 2/3 | E 133/200 Ended | E Time: 6.503s | ~Time Left: 435.681s |  Train Loss: 0.5886 | Train Acc. 76.3048% | Test Loss: 1.0731 | Test Acc. 62.9167%
AdamP on BACH_transformed: T 2/3 | E 134/200 Ended | E Time: 6.612s | ~Time Left: 436.398s |  Train Loss: 0.5691 | Train Acc. 76.6180% | Test Loss: 1.1543 | Test Acc. 60.0000%
AdamP on BACH_transformed: T 2/3 | E 135/200 Ended | E Time: 6.499s | ~Time Left: 422.442s |  Train Loss: 0.5936 | Train Acc. 76.2004% | Test Loss: 0.6623 | Test Acc. 75.0000%
AdamP on BACH_transformed: T 2/3 | E 136/200 Ended | E Time: 6.486s | ~Time Left: 415.095s |  Train Loss: 0.5787 | Train Acc. 77.8706% | Test Loss: 0.9783 | Test Acc. 65.8333%
AdamP on BACH_transformed: T 2/3 | E 137/200 Ended | E Time: 6.640s | ~Time Left: 418.352s |  Train Loss: 0.6060 | Train Acc. 77.9750% | Test Loss: 0.8023 | Test Acc. 67.5000%
AdamP on BACH_transformed: T 2/3 | E 138/200 Ended | E Time: 6.526s | ~Time Left: 404.585s |  Train Loss: 0.6070 | Train Acc. 75.8873% | Test Loss: 0.7826 | Test Acc. 67.9167%
AdamP on BACH_transformed: T 2/3 | E 139/200 Ended | E Time: 6.513s | ~Time Left: 397.296s |  Train Loss: 0.5818 | Train Acc. 75.8873% | Test Loss: 0.7616 | Test Acc. 72.9167%
AdamP on BACH_transformed: T 2/3 | E 140/200 Ended | E Time: 6.536s | ~Time Left: 392.187s |  Train Loss: 0.5509 | Train Acc. 78.3925% | Test Loss: 1.0913 | Test Acc. 59.5833%
AdamP on BACH_transformed: T 2/3 | E 141/200 Ended | E Time: 6.494s | ~Time Left: 383.131s |  Train Loss: 0.5792 | Train Acc. 76.6180% | Test Loss: 1.4646 | Test Acc. 48.7500%
AdamP on BACH_transformed: T 2/3 | E 142/200 Ended | E Time: 6.499s | ~Time Left: 376.956s |  Train Loss: 0.5686 | Train Acc. 78.0793% | Test Loss: 0.7087 | Test Acc. 71.6667%
AdamP on BACH_transformed: T 2/3 | E 143/200 Ended | E Time: 6.550s | ~Time Left: 373.359s |  Train Loss: 0.5231 | Train Acc. 79.1232% | Test Loss: 0.8162 | Test Acc. 68.7500%
AdamP on BACH_transformed: T 2/3 | E 144/200 Ended | E Time: 6.465s | ~Time Left: 362.051s |  Train Loss: 0.4964 | Train Acc. 79.7495% | Test Loss: 1.0197 | Test Acc. 64.1667%
AdamP on BACH_transformed: T 2/3 | E 145/200 Ended | E Time: 6.568s | ~Time Left: 361.262s |  Train Loss: 0.5454 | Train Acc. 76.8267% | Test Loss: 0.6798 | Test Acc. 71.2500%
AdamP on BACH_transformed: T 2/3 | E 146/200 Ended | E Time: 6.526s | ~Time Left: 352.380s |  Train Loss: 0.5160 | Train Acc. 79.7495% | Test Loss: 0.6722 | Test Acc. 73.7500%
AdamP on BACH_transformed: T 2/3 | E 147/200 Ended | E Time: 6.524s | ~Time Left: 345.771s |  Train Loss: 0.5343 | Train Acc. 78.4969% | Test Loss: 1.1712 | Test Acc. 58.7500%
AdamP on BACH_transformed: T 2/3 | E 148/200 Ended | E Time: 6.576s | ~Time Left: 341.962s |  Train Loss: 0.5523 | Train Acc. 77.8706% | Test Loss: 0.7771 | Test Acc. 70.4167%
AdamP on BACH_transformed: T 2/3 | E 149/200 Ended | E Time: 6.474s | ~Time Left: 330.176s |  Train Loss: 0.5153 | Train Acc. 80.3758% | Test Loss: 0.9348 | Test Acc. 65.0000%
AdamP on BACH_transformed: T 2/3 | E 150/200 Ended | E Time: 6.533s | ~Time Left: 326.668s |  Train Loss: 0.4880 | Train Acc. 81.4196% | Test Loss: 1.0252 | Test Acc. 61.2500%
AdamP on BACH_transformed: T 2/3 | E 151/200 Ended | E Time: 6.535s | ~Time Left: 320.196s |  Train Loss: 0.5245 | Train Acc. 79.5407% | Test Loss: 0.8363 | Test Acc. 64.1667%
AdamP on BACH_transformed: T 2/3 | E 152/200 Ended | E Time: 6.468s | ~Time Left: 310.477s |  Train Loss: 0.5693 | Train Acc. 76.5136% | Test Loss: 0.7863 | Test Acc. 70.8333%
AdamP on BACH_transformed: T 2/3 | E 153/200 Ended | E Time: 6.537s | ~Time Left: 307.226s |  Train Loss: 0.5195 | Train Acc. 77.8706% | Test Loss: 0.9629 | Test Acc. 66.2500%
AdamP on BACH_transformed: T 2/3 | E 154/200 Ended | E Time: 6.578s | ~Time Left: 302.580s |  Train Loss: 0.5316 | Train Acc. 78.6013% | Test Loss: 0.6053 | Test Acc. 75.0000%
AdamP on BACH_transformed: T 2/3 | E 155/200 Ended | E Time: 6.641s | ~Time Left: 298.840s |  Train Loss: 0.5046 | Train Acc. 80.4802% | Test Loss: 0.9152 | Test Acc. 64.1667%
AdamP on BACH_transformed: T 2/3 | E 156/200 Ended | E Time: 6.468s | ~Time Left: 284.606s |  Train Loss: 0.5054 | Train Acc. 80.3758% | Test Loss: 0.7541 | Test Acc. 70.4167%
AdamP on BACH_transformed: T 2/3 | E 157/200 Ended | E Time: 6.588s | ~Time Left: 283.302s |  Train Loss: 0.5139 | Train Acc. 80.7933% | Test Loss: 0.8680 | Test Acc. 72.5000%
AdamP on BACH_transformed: T 2/3 | E 158/200 Ended | E Time: 6.489s | ~Time Left: 272.556s |  Train Loss: 0.4450 | Train Acc. 83.9248% | Test Loss: 0.6780 | Test Acc. 70.8333%
AdamP on BACH_transformed: T 2/3 | E 159/200 Ended | E Time: 6.555s | ~Time Left: 268.738s |  Train Loss: 0.4768 | Train Acc. 81.2109% | Test Loss: 0.7732 | Test Acc. 72.9167%
AdamP on BACH_transformed: T 2/3 | E 160/200 Ended | E Time: 6.605s | ~Time Left: 264.219s |  Train Loss: 0.5018 | Train Acc. 81.1065% | Test Loss: 0.8895 | Test Acc. 70.4167%
AdamP on BACH_transformed: T 2/3 | E 161/200 Ended | E Time: 6.491s | ~Time Left: 253.163s |  Train Loss: 0.5324 | Train Acc. 79.1232% | Test Loss: 0.8270 | Test Acc. 65.8333%
AdamP on BACH_transformed: T 2/3 | E 162/200 Ended | E Time: 6.582s | ~Time Left: 250.112s |  Train Loss: 0.4670 | Train Acc. 83.9248% | Test Loss: 0.8752 | Test Acc. 69.1667%
AdamP on BACH_transformed: T 2/3 | E 163/200 Ended | E Time: 6.533s | ~Time Left: 241.717s |  Train Loss: 0.4521 | Train Acc. 84.0292% | Test Loss: 0.8007 | Test Acc. 75.8333%
AdamP on BACH_transformed: T 2/3 | E 164/200 Ended | E Time: 6.520s | ~Time Left: 234.729s |  Train Loss: 0.4959 | Train Acc. 79.6451% | Test Loss: 0.9143 | Test Acc. 62.5000%
AdamP on BACH_transformed: T 2/3 | E 165/200 Ended | E Time: 6.495s | ~Time Left: 227.326s |  Train Loss: 0.4946 | Train Acc. 80.8977% | Test Loss: 0.7092 | Test Acc. 72.0833%
AdamP on BACH_transformed: T 2/3 | E 166/200 Ended | E Time: 6.537s | ~Time Left: 222.252s |  Train Loss: 0.4797 | Train Acc. 81.7328% | Test Loss: 0.6203 | Test Acc. 76.6667%
AdamP on BACH_transformed: T 2/3 | E 167/200 Ended | E Time: 6.792s | ~Time Left: 224.121s |  Train Loss: 0.4750 | Train Acc. 81.3152% | Test Loss: 0.5909 | Test Acc. 76.2500%
AdamP on BACH_transformed: T 2/3 | E 168/200 Ended | E Time: 6.557s | ~Time Left: 209.828s |  Train Loss: 0.4727 | Train Acc. 80.8977% | Test Loss: 0.8315 | Test Acc. 65.8333%
AdamP on BACH_transformed: T 2/3 | E 169/200 Ended | E Time: 6.487s | ~Time Left: 201.084s |  Train Loss: 0.5366 | Train Acc. 78.8100% | Test Loss: 0.6822 | Test Acc. 73.7500%
AdamP on BACH_transformed: T 2/3 | E 170/200 Ended | E Time: 6.525s | ~Time Left: 195.744s |  Train Loss: 0.4721 | Train Acc. 81.6284% | Test Loss: 0.6469 | Test Acc. 75.8333%
AdamP on BACH_transformed: T 2/3 | E 171/200 Ended | E Time: 6.476s | ~Time Left: 187.799s |  Train Loss: 0.4547 | Train Acc. 82.6722% | Test Loss: 0.5258 | Test Acc. 81.6667%
AdamP on BACH_transformed: T 2/3 | E 172/200 Ended | E Time: 6.570s | ~Time Left: 183.957s |  Train Loss: 0.4495 | Train Acc. 81.6284% | Test Loss: 0.9899 | Test Acc. 62.9167%
AdamP on BACH_transformed: T 2/3 | E 173/200 Ended | E Time: 6.577s | ~Time Left: 177.577s |  Train Loss: 0.4799 | Train Acc. 81.1065% | Test Loss: 1.2823 | Test Acc. 54.1667%
AdamP on BACH_transformed: T 2/3 | E 174/200 Ended | E Time: 6.525s | ~Time Left: 169.646s |  Train Loss: 0.4102 | Train Acc. 83.2985% | Test Loss: 1.4744 | Test Acc. 63.7500%
AdamP on BACH_transformed: T 2/3 | E 175/200 Ended | E Time: 6.575s | ~Time Left: 164.363s |  Train Loss: 0.4643 | Train Acc. 80.8977% | Test Loss: 0.6448 | Test Acc. 73.7500%
AdamP on BACH_transformed: T 2/3 | E 176/200 Ended | E Time: 6.623s | ~Time Left: 158.963s |  Train Loss: 0.4072 | Train Acc. 84.5511% | Test Loss: 0.7914 | Test Acc. 66.6667%
AdamP on BACH_transformed: T 2/3 | E 177/200 Ended | E Time: 6.539s | ~Time Left: 150.402s |  Train Loss: 0.4312 | Train Acc. 84.2380% | Test Loss: 0.7980 | Test Acc. 68.3333%
AdamP on BACH_transformed: T 2/3 | E 178/200 Ended | E Time: 6.523s | ~Time Left: 143.503s |  Train Loss: 0.4578 | Train Acc. 82.7766% | Test Loss: 0.6894 | Test Acc. 73.3333%
AdamP on BACH_transformed: T 2/3 | E 179/200 Ended | E Time: 6.588s | ~Time Left: 138.339s |  Train Loss: 0.4488 | Train Acc. 81.9415% | Test Loss: 1.0785 | Test Acc. 62.9167%
AdamP on BACH_transformed: T 2/3 | E 180/200 Ended | E Time: 6.603s | ~Time Left: 132.057s |  Train Loss: 0.4400 | Train Acc. 83.4029% | Test Loss: 0.7022 | Test Acc. 75.8333%
AdamP on BACH_transformed: T 2/3 | E 181/200 Ended | E Time: 6.578s | ~Time Left: 124.987s |  Train Loss: 0.5011 | Train Acc. 80.1670% | Test Loss: 0.8419 | Test Acc. 69.5833%
AdamP on BACH_transformed: T 2/3 | E 182/200 Ended | E Time: 6.610s | ~Time Left: 118.983s |  Train Loss: 0.4375 | Train Acc. 83.8205% | Test Loss: 0.7886 | Test Acc. 72.9167%
AdamP on BACH_transformed: T 2/3 | E 183/200 Ended | E Time: 6.510s | ~Time Left: 110.672s |  Train Loss: 0.4078 | Train Acc. 84.4468% | Test Loss: 0.7104 | Test Acc. 70.8333%
AdamP on BACH_transformed: T 2/3 | E 184/200 Ended | E Time: 6.623s | ~Time Left: 105.965s |  Train Loss: 0.4233 | Train Acc. 83.5073% | Test Loss: 0.7694 | Test Acc. 72.9167%
AdamP on BACH_transformed: T 2/3 | E 185/200 Ended | E Time: 6.803s | ~Time Left: 102.042s |  Train Loss: 0.3863 | Train Acc. 84.7599% | Test Loss: 0.6595 | Test Acc. 76.2500%
AdamP on BACH_transformed: T 2/3 | E 186/200 Ended | E Time: 6.542s | ~Time Left: 91.590s |  Train Loss: 0.4258 | Train Acc. 82.7766% | Test Loss: 0.6127 | Test Acc. 80.0000%
AdamP on BACH_transformed: T 2/3 | E 187/200 Ended | E Time: 6.668s | ~Time Left: 86.678s |  Train Loss: 0.4333 | Train Acc. 83.6117% | Test Loss: 0.5592 | Test Acc. 77.0833%
AdamP on BACH_transformed: T 2/3 | E 188/200 Ended | E Time: 6.575s | ~Time Left: 78.901s |  Train Loss: 0.4476 | Train Acc. 82.5678% | Test Loss: 0.7448 | Test Acc. 73.7500%
AdamP on BACH_transformed: T 2/3 | E 189/200 Ended | E Time: 6.599s | ~Time Left: 72.586s |  Train Loss: 0.4423 | Train Acc. 84.1336% | Test Loss: 0.7066 | Test Acc. 75.0000%
AdamP on BACH_transformed: T 2/3 | E 190/200 Ended | E Time: 6.569s | ~Time Left: 65.695s |  Train Loss: 0.3643 | Train Acc. 84.8643% | Test Loss: 0.7205 | Test Acc. 74.5833%
AdamP on BACH_transformed: T 2/3 | E 191/200 Ended | E Time: 6.624s | ~Time Left: 59.620s |  Train Loss: 0.4695 | Train Acc. 83.1942% | Test Loss: 1.2973 | Test Acc. 56.2500%
AdamP on BACH_transformed: T 2/3 | E 192/200 Ended | E Time: 6.529s | ~Time Left: 52.232s |  Train Loss: 0.4242 | Train Acc. 81.8372% | Test Loss: 0.8750 | Test Acc. 68.7500%
AdamP on BACH_transformed: T 2/3 | E 193/200 Ended | E Time: 6.611s | ~Time Left: 46.276s |  Train Loss: 0.4396 | Train Acc. 84.0292% | Test Loss: 0.5628 | Test Acc. 80.4167%
AdamP on BACH_transformed: T 2/3 | E 194/200 Ended | E Time: 6.493s | ~Time Left: 38.959s |  Train Loss: 0.3825 | Train Acc. 85.6994% | Test Loss: 0.6534 | Test Acc. 77.5000%
AdamP on BACH_transformed: T 2/3 | E 195/200 Ended | E Time: 6.687s | ~Time Left: 33.433s |  Train Loss: 0.3913 | Train Acc. 84.9687% | Test Loss: 1.0133 | Test Acc. 65.4167%
AdamP on BACH_transformed: T 2/3 | E 196/200 Ended | E Time: 6.620s | ~Time Left: 26.480s |  Train Loss: 0.4684 | Train Acc. 82.8810% | Test Loss: 0.6539 | Test Acc. 75.0000%
AdamP on BACH_transformed: T 2/3 | E 197/200 Ended | E Time: 6.613s | ~Time Left: 19.839s |  Train Loss: 0.4386 | Train Acc. 82.8810% | Test Loss: 0.7707 | Test Acc. 73.7500%
AdamP on BACH_transformed: T 2/3 | E 198/200 Ended | E Time: 6.588s | ~Time Left: 13.176s |  Train Loss: 0.3885 | Train Acc. 85.0731% | Test Loss: 0.5714 | Test Acc. 77.0833%
Traceback (most recent call last):
  File "src/adas/train.py", line 871, in <module>
    main(args)
  File "src/adas/train.py", line 834, in main
    main_worker(args.gpu, ngpus_per_node, args)
  File "src/adas/train.py", line 863, in main_worker
    training_agent.train()
  File "src/adas/train.py", line 411, in train
    self.run_epochs(trial, epochs)
  File "src/adas/train.py", line 443, in run_epochs
    df.to_excel(self.output_filename)
  File "/project/6060173/zhan8425/HistoKT/ENV/lib/python3.8/site-packages/pandas/core/generic.py", line 2189, in to_excel
    formatter.write(
  File "/project/6060173/zhan8425/HistoKT/ENV/lib/python3.8/site-packages/pandas/io/formats/excel.py", line 831, in write
    writer.close()
  File "/project/6060173/zhan8425/HistoKT/ENV/lib/python3.8/site-packages/pandas/io/excel/_base.py", line 898, in close
    content = self.save()
  File "/project/6060173/zhan8425/HistoKT/ENV/lib/python3.8/site-packages/pandas/io/excel/_openpyxl.py", line 54, in save
    self.book.save(self.handles.handle)
  File "/project/6060173/zhan8425/HistoKT/ENV/lib/python3.8/site-packages/openpyxl/workbook/workbook.py", line 407, in save
    save_workbook(self, filename)
  File "/project/6060173/zhan8425/HistoKT/ENV/lib/python3.8/site-packages/openpyxl/writer/excel.py", line 293, in save_workbook
    writer.save()
  File "/project/6060173/zhan8425/HistoKT/ENV/lib/python3.8/site-packages/openpyxl/writer/excel.py", line 275, in save
    self.write_data()
  File "/project/6060173/zhan8425/HistoKT/ENV/lib/python3.8/site-packages/openpyxl/writer/excel.py", line 67, in write_data
    archive.writestr(ARC_APP, tostring(props.to_tree()))
  File "/cvmfs/soft.computecanada.ca/easybuild/software/2020/avx2/Core/python/3.8.2/lib/python3.8/zipfile.py", line 1817, in writestr
    dest.write(data)
  File "/cvmfs/soft.computecanada.ca/easybuild/software/2020/avx2/Core/python/3.8.2/lib/python3.8/zipfile.py", line 1180, in close
    self._fileobj.seek(self._zinfo.header_offset)
OSError: [Errno 122] Disk quota exceeded
Exception ignored in: <function ZipFile.__del__ at 0x2b1a4f8333a0>
Traceback (most recent call last):
  File "/cvmfs/soft.computecanada.ca/easybuild/software/2020/avx2/Core/python/3.8.2/lib/python3.8/zipfile.py", line 1821, in __del__
    self.close()
  File "/cvmfs/soft.computecanada.ca/easybuild/software/2020/avx2/Core/python/3.8.2/lib/python3.8/zipfile.py", line 1838, in close
    self.fp.seek(self.start_dir)
OSError: [Errno 122] Disk quota exceeded
Adas: Argument Parser Options
---------------------------------------------
    config              : PostTrainingConfigs/BACH_transformed_testing/AdamP/lr-0.001-config-AdamP.yaml
    data                : /localscratch/zhan8425.6958605.0        
    output              : ADP_post_trained/BACH_transformed/AdamP/output/deep_tuning
    checkpoint          : ADP_post_trained/BACH_transformed/AdamP/checkpoint/deep_tuning/lr-0.001
    resume              : None                                    
    pretrained_model    : /home/zhan8425/projects/def-plato/zhan8425/HistoKT/.Adas-checkpoint/ADP/best_trial_2.pth.tar
    freeze_encoder      : 0                                       
    root                : .                                       
    save_freq           : 25                                      
    cpu                 : 0                                       
    gpu                 : 0                                       
    mpd                 : 0                                       
    dist_url            : tcp://127.0.0.1:23456                   
    dist_backend        : nccl                                    
    world_size          : -1                                      
    rank                : -1                                      
---------------------------------------------
Adas: Notice: early stop will not be used as it was set to -1.0, training till completion
Adas: Experiment Configuration
---------------------------------------------
    dataset              BACH_transformed    
    network              ResNet18            
    optimizer            AdamP               
    scheduler            None                
    level                L3Only              
    color_kwargs         {'augmentation': 'Color-Distortion', 'distortion': 0.3}
    degree_of_rotation   45                  
    vertical_flipping    0.5                 
    horizontal_flipping  0.5                 
    horizontal_shift     0.1                 
    vertical_shift       0.1                 
    gaussian_blur        0                   
    kernel_size          9                   
    variance             0.1                 
    cutout               0                   
    n_holes              1                   
    cutout_length        16                  
    init_lr              0.001               
    early_stop_threshold -1.0                
    optimizer_kwargs     {'weight_decay': 0.0005}
    scheduler_kwargs     {'gamma': 0.5, 'step_size': 20.0}
    p                    1                   
    start_trial          0                   
    n_trials             3                   
    num_workers          4                   
    max_epochs           200                 
    mini_batch_size      32                  
    loss                 cross_entropy       
    early_stop_patience  10                  
---------------------------------------------
Adas: Pytorch device is set to cuda
AdamP on BACH_transformed: T 1/3 | E 1/200 Ended | E Time: 6.994s | ~Time Left: 1391.813s |  Train Loss: 1.5252 | Train Acc. 32.5679% | Test Loss: 1.7120 | Test Acc. 41.2500%
Traceback (most recent call last):
  File "/project/6060173/zhan8425/HistoKT/ENV/lib/python3.8/site-packages/torch/serialization.py", line 372, in save
    _save(obj, opened_zipfile, pickle_module, pickle_protocol)
  File "/project/6060173/zhan8425/HistoKT/ENV/lib/python3.8/site-packages/torch/serialization.py", line 491, in _save
    zip_file.write_record(name, storage.data_ptr(), num_bytes)
OSError: [Errno 122] Disk quota exceeded

During handling of the above exception, another exception occurred:

Traceback (most recent call last):
  File "/project/6060173/zhan8425/HistoKT/ENV/lib/python3.8/site-packages/torch/serialization.py", line 373, in save
    return
  File "/project/6060173/zhan8425/HistoKT/ENV/lib/python3.8/site-packages/torch/serialization.py", line 259, in __exit__
    self.file_like.write_end_of_file()
RuntimeError: [enforce fail at inline_container.cc:274] . unexpected pos 24185344 vs 24185232

During handling of the above exception, another exception occurred:

Traceback (most recent call last):
  File "src/adas/train.py", line 871, in <module>
    main(args)
  File "src/adas/train.py", line 834, in main
    main_worker(args.gpu, ngpus_per_node, args)
  File "src/adas/train.py", line 863, in main_worker
    training_agent.train()
  File "src/adas/train.py", line 411, in train
    self.run_epochs(trial, epochs)
  File "src/adas/train.py", line 462, in run_epochs
    torch.save(data, str(self.checkpoint_path / filename))
  File "/project/6060173/zhan8425/HistoKT/ENV/lib/python3.8/site-packages/torch/serialization.py", line 374, in save
    _legacy_save(obj, opened_file, pickle_module, pickle_protocol)
  File "/project/6060173/zhan8425/HistoKT/ENV/lib/python3.8/site-packages/torch/serialization.py", line 214, in __exit__
    self.file_like.close()
OSError: [Errno 122] Disk quota exceeded
terminate called after throwing an instance of 'c10::Error'
  what():  [enforce fail at inline_container.cc:274] . unexpected pos 24185344 vs 24185232
frame #0: c10::ThrowEnforceNotMet(char const*, int, char const*, std::string const&, void const*) + 0x47 (0x2ad2664cc0e7 in /project/6060173/zhan8425/HistoKT/ENV/lib/python3.8/site-packages/torch/lib/libc10.so)
frame #1: <unknown function> + 0x206a420 (0x2ad216660420 in /project/6060173/zhan8425/HistoKT/ENV/lib/python3.8/site-packages/torch/lib/libtorch_cpu.so)
frame #2: <unknown function> + 0x20665f3 (0x2ad21665c5f3 in /project/6060173/zhan8425/HistoKT/ENV/lib/python3.8/site-packages/torch/lib/libtorch_cpu.so)
frame #3: caffe2::serialize::PyTorchStreamWriter::writeRecord(std::string const&, void const*, unsigned long, bool) + 0xa9 (0x2ad216660d99 in /project/6060173/zhan8425/HistoKT/ENV/lib/python3.8/site-packages/torch/lib/libtorch_cpu.so)
frame #4: caffe2::serialize::PyTorchStreamWriter::writeEndOfFile() + 0xe1 (0x2ad2166618d1 in /project/6060173/zhan8425/HistoKT/ENV/lib/python3.8/site-packages/torch/lib/libtorch_cpu.so)
frame #5: caffe2::serialize::PyTorchStreamWriter::~PyTorchStreamWriter() + 0x115 (0x2ad2166620c5 in /project/6060173/zhan8425/HistoKT/ENV/lib/python3.8/site-packages/torch/lib/libtorch_cpu.so)
frame #6: <unknown function> + 0x737903 (0x2ad21352d903 in /project/6060173/zhan8425/HistoKT/ENV/lib/python3.8/site-packages/torch/lib/libtorch_python.so)
frame #7: <unknown function> + 0x369b90 (0x2ad21315fb90 in /project/6060173/zhan8425/HistoKT/ENV/lib/python3.8/site-packages/torch/lib/libtorch_python.so)
frame #8: <unknown function> + 0x36adfe (0x2ad213160dfe in /project/6060173/zhan8425/HistoKT/ENV/lib/python3.8/site-packages/torch/lib/libtorch_python.so)
<omitting python frames>
frame #22: __libc_start_main + 0xeb (0x2ad210a45e1b in /cvmfs/soft.computecanada.ca/gentoo/2020/lib64/libc.so.6)

/var/spool/slurmd/job6958605/slurm_script: line 31: 15045 Aborted                 (core dumped) python src/adas/train.py --config PostTrainingConfigs/BACH_transformed_testing/AdamP/lr-0.001-config-AdamP.yaml --output ADP_post_trained/BACH_transformed/AdamP/output/deep_tuning --checkpoint ADP_post_trained/BACH_transformed/AdamP/checkpoint/deep_tuning/lr-0.001 --data $SLURM_TMPDIR --pretrained_model /home/zhan8425/projects/def-plato/zhan8425/HistoKT/.Adas-checkpoint/ADP/best_trial_2.pth.tar --freeze_encoder False
