transferring data
Tue Jul  6 22:45:50 PDT 2021

Finished transferring
Tue Jul  6 22:45:54 PDT 2021

Adas: Argument Parser Options
---------------------------------------------
    config              : PostTrainingConfigs/CRC_transformed_testing/AdamP/lr-0.0002-config-AdamP.yaml
    data                : /localscratch/zhan8425.7068064.0        
    output              : ImageNet_post_trained/CRC_transformed/AdamP/output/fine_tuning
    checkpoint          : ImageNet_post_trained/CRC_transformed/AdamP/checkpoint/fine_tuning/lr-0.0002
    resume              : None                                    
    pretrained_model    : ImageNet                                
    freeze_encoder      : 1                                       
    root                : .                                       
    save_freq           : 200                                     
    cpu                 : 0                                       
    gpu                 : 0                                       
    mpd                 : 0                                       
    dist_url            : tcp://127.0.0.1:23456                   
    dist_backend        : nccl                                    
    world_size          : -1                                      
    rank                : -1                                      
---------------------------------------------
Adas: Notice: early stop will not be used as it was set to -1.0, training till completion
Adas: Experiment Configuration
---------------------------------------------
    dataset              CRC_transformed     
    network              ResNet18            
    optimizer            AdamP               
    scheduler            None                
    level                L3Only              
    color_kwargs         {'augmentation': 'Color-Distortion', 'distortion': 0.3}
    degree_of_rotation   45                  
    vertical_flipping    0.5                 
    horizontal_flipping  0.5                 
    horizontal_shift     0.1                 
    vertical_shift       0.1                 
    gaussian_blur        0                   
    kernel_size          9                   
    variance             0.1                 
    cutout               0                   
    n_holes              1                   
    cutout_length        16                  
    init_lr              0.0002              
    early_stop_threshold -1.0                
    optimizer_kwargs     {'weight_decay': 0.0005}
    scheduler_kwargs     {'gamma': 0.5, 'step_size': 20.0}
    p                    1                   
    start_trial          0                   
    n_trials             3                   
    num_workers          4                   
    max_epochs           200                 
    mini_batch_size      32                  
    loss                 cross_entropy       
    early_stop_patience  10                  
---------------------------------------------
Adas: Pytorch device is set to cuda
AdamP on CRC_transformed: T 1/3 | E 1/200 Ended | E Time: 59.510s | ~Time Left: 11842.472s |  Train Loss: 0.9306 | Train Acc. 64.3429% | Test Loss: 0.6417 | Test Acc. 76.3571%
AdamP on CRC_transformed: T 1/3 | E 2/200 Ended | E Time: 58.611s | ~Time Left: 11604.883s |  Train Loss: 0.6463 | Train Acc. 76.2714% | Test Loss: 0.5460 | Test Acc. 79.6429%
AdamP on CRC_transformed: T 1/3 | E 3/200 Ended | E Time: 58.860s | ~Time Left: 11595.400s |  Train Loss: 0.5053 | Train Acc. 81.9286% | Test Loss: 0.4496 | Test Acc. 83.6429%
AdamP on CRC_transformed: T 1/3 | E 4/200 Ended | E Time: 58.405s | ~Time Left: 11447.302s |  Train Loss: 0.3775 | Train Acc. 86.6429% | Test Loss: 0.3352 | Test Acc. 88.8571%
AdamP on CRC_transformed: T 1/3 | E 5/200 Ended | E Time: 58.691s | ~Time Left: 11444.701s |  Train Loss: 0.3386 | Train Acc. 88.1286% | Test Loss: 0.2800 | Test Acc. 90.0714%
AdamP on CRC_transformed: T 1/3 | E 6/200 Ended | E Time: 58.429s | ~Time Left: 11335.146s |  Train Loss: 0.3119 | Train Acc. 89.3000% | Test Loss: 0.2656 | Test Acc. 90.7857%
AdamP on CRC_transformed: T 1/3 | E 7/200 Ended | E Time: 58.678s | ~Time Left: 11324.794s |  Train Loss: 0.2864 | Train Acc. 90.2429% | Test Loss: 0.2998 | Test Acc. 90.7857%
AdamP on CRC_transformed: T 1/3 | E 8/200 Ended | E Time: 58.596s | ~Time Left: 11250.410s |  Train Loss: 0.2566 | Train Acc. 91.1643% | Test Loss: 0.4167 | Test Acc. 86.5714%
AdamP on CRC_transformed: T 1/3 | E 9/200 Ended | E Time: 58.467s | ~Time Left: 11167.135s |  Train Loss: 0.2470 | Train Acc. 91.6071% | Test Loss: 0.2268 | Test Acc. 92.7143%
AdamP on CRC_transformed: T 1/3 | E 10/200 Ended | E Time: 58.585s | ~Time Left: 11131.091s |  Train Loss: 0.2281 | Train Acc. 92.1286% | Test Loss: 0.2106 | Test Acc. 92.8571%
AdamP on CRC_transformed: T 1/3 | E 11/200 Ended | E Time: 58.349s | ~Time Left: 11028.055s |  Train Loss: 0.2143 | Train Acc. 92.5000% | Test Loss: 0.1790 | Test Acc. 94.6429%
AdamP on CRC_transformed: T 1/3 | E 12/200 Ended | E Time: 58.604s | ~Time Left: 11017.616s |  Train Loss: 0.2113 | Train Acc. 92.7786% | Test Loss: 0.1439 | Test Acc. 95.0000%
AdamP on CRC_transformed: T 1/3 | E 13/200 Ended | E Time: 58.689s | ~Time Left: 10974.921s |  Train Loss: 0.1878 | Train Acc. 93.5929% | Test Loss: 0.1803 | Test Acc. 93.7857%
AdamP on CRC_transformed: T 1/3 | E 14/200 Ended | E Time: 58.475s | ~Time Left: 10876.328s |  Train Loss: 0.1974 | Train Acc. 93.4000% | Test Loss: 0.1447 | Test Acc. 95.2143%
AdamP on CRC_transformed: T 1/3 | E 15/200 Ended | E Time: 58.287s | ~Time Left: 10783.173s |  Train Loss: 0.1884 | Train Acc. 93.3857% | Test Loss: 0.1326 | Test Acc. 95.8571%
AdamP on CRC_transformed: T 1/3 | E 16/200 Ended | E Time: 58.726s | ~Time Left: 10805.647s |  Train Loss: 0.1784 | Train Acc. 93.9429% | Test Loss: 0.1545 | Test Acc. 94.5000%
AdamP on CRC_transformed: T 1/3 | E 17/200 Ended | E Time: 58.444s | ~Time Left: 10695.333s |  Train Loss: 0.1822 | Train Acc. 93.8286% | Test Loss: 0.1588 | Test Acc. 94.5714%
AdamP on CRC_transformed: T 1/3 | E 18/200 Ended | E Time: 58.547s | ~Time Left: 10655.602s |  Train Loss: 0.1668 | Train Acc. 94.2429% | Test Loss: 0.1193 | Test Acc. 96.0714%
AdamP on CRC_transformed: T 1/3 | E 19/200 Ended | E Time: 58.552s | ~Time Left: 10597.919s |  Train Loss: 0.1627 | Train Acc. 94.2857% | Test Loss: 0.1776 | Test Acc. 94.8571%
AdamP on CRC_transformed: T 1/3 | E 20/200 Ended | E Time: 59.023s | ~Time Left: 10624.137s |  Train Loss: 0.1605 | Train Acc. 94.5357% | Test Loss: 0.1486 | Test Acc. 94.8571%
AdamP on CRC_transformed: T 1/3 | E 21/200 Ended | E Time: 58.686s | ~Time Left: 10504.734s |  Train Loss: 0.1528 | Train Acc. 94.5857% | Test Loss: 0.1196 | Test Acc. 95.5714%
AdamP on CRC_transformed: T 1/3 | E 22/200 Ended | E Time: 58.672s | ~Time Left: 10443.685s |  Train Loss: 0.1525 | Train Acc. 94.9571% | Test Loss: 0.1662 | Test Acc. 94.2143%
AdamP on CRC_transformed: T 1/3 | E 23/200 Ended | E Time: 58.519s | ~Time Left: 10357.934s |  Train Loss: 0.1485 | Train Acc. 94.9143% | Test Loss: 0.1318 | Test Acc. 95.3571%
AdamP on CRC_transformed: T 1/3 | E 24/200 Ended | E Time: 58.675s | ~Time Left: 10326.756s |  Train Loss: 0.1504 | Train Acc. 95.0429% | Test Loss: 0.1284 | Test Acc. 95.5000%
AdamP on CRC_transformed: T 1/3 | E 25/200 Ended | E Time: 58.655s | ~Time Left: 10264.700s |  Train Loss: 0.1460 | Train Acc. 95.0643% | Test Loss: 0.1363 | Test Acc. 95.4286%
AdamP on CRC_transformed: T 1/3 | E 26/200 Ended | E Time: 58.690s | ~Time Left: 10212.068s |  Train Loss: 0.1411 | Train Acc. 95.1714% | Test Loss: 0.1046 | Test Acc. 96.8571%
AdamP on CRC_transformed: T 1/3 | E 27/200 Ended | E Time: 58.683s | ~Time Left: 10152.086s |  Train Loss: 0.1390 | Train Acc. 95.2714% | Test Loss: 0.1065 | Test Acc. 96.5000%
AdamP on CRC_transformed: T 1/3 | E 28/200 Ended | E Time: 58.559s | ~Time Left: 10072.174s |  Train Loss: 0.1334 | Train Acc. 95.4071% | Test Loss: 0.1167 | Test Acc. 96.2857%
AdamP on CRC_transformed: T 1/3 | E 29/200 Ended | E Time: 58.475s | ~Time Left: 9999.187s |  Train Loss: 0.1361 | Train Acc. 95.4714% | Test Loss: 0.0911 | Test Acc. 97.2857%
AdamP on CRC_transformed: T 1/3 | E 30/200 Ended | E Time: 58.624s | ~Time Left: 9966.162s |  Train Loss: 0.1306 | Train Acc. 95.6643% | Test Loss: 0.1218 | Test Acc. 95.7857%
AdamP on CRC_transformed: T 1/3 | E 31/200 Ended | E Time: 58.615s | ~Time Left: 9906.017s |  Train Loss: 0.1278 | Train Acc. 95.5429% | Test Loss: 0.1214 | Test Acc. 96.0000%
AdamP on CRC_transformed: T 1/3 | E 32/200 Ended | E Time: 58.707s | ~Time Left: 9862.840s |  Train Loss: 0.1282 | Train Acc. 95.6357% | Test Loss: 0.1285 | Test Acc. 95.5000%
AdamP on CRC_transformed: T 1/3 | E 33/200 Ended | E Time: 59.180s | ~Time Left: 9883.055s |  Train Loss: 0.1247 | Train Acc. 95.6429% | Test Loss: 0.0939 | Test Acc. 96.7857%
AdamP on CRC_transformed: T 1/3 | E 34/200 Ended | E Time: 58.612s | ~Time Left: 9729.587s |  Train Loss: 0.1234 | Train Acc. 95.8929% | Test Loss: 0.1146 | Test Acc. 96.0000%
AdamP on CRC_transformed: T 1/3 | E 35/200 Ended | E Time: 58.653s | ~Time Left: 9677.667s |  Train Loss: 0.1243 | Train Acc. 95.8357% | Test Loss: 0.1155 | Test Acc. 95.6429%
AdamP on CRC_transformed: T 1/3 | E 36/200 Ended | E Time: 58.717s | ~Time Left: 9629.591s |  Train Loss: 0.1124 | Train Acc. 96.0071% | Test Loss: 0.0914 | Test Acc. 96.5000%
AdamP on CRC_transformed: T 1/3 | E 37/200 Ended | E Time: 58.669s | ~Time Left: 9563.055s |  Train Loss: 0.1186 | Train Acc. 95.9857% | Test Loss: 0.1028 | Test Acc. 96.3571%
AdamP on CRC_transformed: T 1/3 | E 38/200 Ended | E Time: 58.672s | ~Time Left: 9504.818s |  Train Loss: 0.1157 | Train Acc. 96.0357% | Test Loss: 0.0991 | Test Acc. 96.3571%
AdamP on CRC_transformed: T 1/3 | E 39/200 Ended | E Time: 58.587s | ~Time Left: 9432.477s |  Train Loss: 0.1165 | Train Acc. 95.9929% | Test Loss: 0.1288 | Test Acc. 95.8571%
AdamP on CRC_transformed: T 1/3 | E 40/200 Ended | E Time: 58.566s | ~Time Left: 9370.604s |  Train Loss: 0.1058 | Train Acc. 96.4214% | Test Loss: 0.1493 | Test Acc. 94.7143%
AdamP on CRC_transformed: T 1/3 | E 41/200 Ended | E Time: 58.574s | ~Time Left: 9313.190s |  Train Loss: 0.1083 | Train Acc. 96.2571% | Test Loss: 0.0906 | Test Acc. 96.9286%
AdamP on CRC_transformed: T 1/3 | E 42/200 Ended | E Time: 58.383s | ~Time Left: 9224.464s |  Train Loss: 0.1078 | Train Acc. 96.3143% | Test Loss: 0.0955 | Test Acc. 96.7143%
AdamP on CRC_transformed: T 1/3 | E 43/200 Ended | E Time: 58.617s | ~Time Left: 9202.873s |  Train Loss: 0.1027 | Train Acc. 96.4929% | Test Loss: 0.0980 | Test Acc. 97.2143%
AdamP on CRC_transformed: T 1/3 | E 44/200 Ended | E Time: 58.848s | ~Time Left: 9180.229s |  Train Loss: 0.0990 | Train Acc. 96.5357% | Test Loss: 0.0846 | Test Acc. 96.9286%
AdamP on CRC_transformed: T 1/3 | E 45/200 Ended | E Time: 58.535s | ~Time Left: 9072.956s |  Train Loss: 0.0994 | Train Acc. 96.5286% | Test Loss: 0.1563 | Test Acc. 94.6429%
AdamP on CRC_transformed: T 1/3 | E 46/200 Ended | E Time: 58.603s | ~Time Left: 9024.867s |  Train Loss: 0.1049 | Train Acc. 96.4214% | Test Loss: 0.0998 | Test Acc. 96.7143%
AdamP on CRC_transformed: T 1/3 | E 47/200 Ended | E Time: 58.663s | ~Time Left: 8975.499s |  Train Loss: 0.1000 | Train Acc. 96.6214% | Test Loss: 0.1055 | Test Acc. 96.5714%
AdamP on CRC_transformed: T 1/3 | E 48/200 Ended | E Time: 58.413s | ~Time Left: 8878.786s |  Train Loss: 0.0960 | Train Acc. 96.7214% | Test Loss: 0.0954 | Test Acc. 96.5714%
AdamP on CRC_transformed: T 1/3 | E 49/200 Ended | E Time: 58.784s | ~Time Left: 8876.339s |  Train Loss: 0.0974 | Train Acc. 96.7643% | Test Loss: 0.1052 | Test Acc. 96.0000%
AdamP on CRC_transformed: T 1/3 | E 50/200 Ended | E Time: 58.623s | ~Time Left: 8793.491s |  Train Loss: 0.0974 | Train Acc. 96.6286% | Test Loss: 0.0935 | Test Acc. 97.0000%
AdamP on CRC_transformed: T 1/3 | E 51/200 Ended | E Time: 58.714s | ~Time Left: 8748.354s |  Train Loss: 0.0873 | Train Acc. 96.9286% | Test Loss: 0.1517 | Test Acc. 95.0714%
AdamP on CRC_transformed: T 1/3 | E 52/200 Ended | E Time: 58.606s | ~Time Left: 8673.674s |  Train Loss: 0.1011 | Train Acc. 96.5071% | Test Loss: 0.0898 | Test Acc. 97.2857%
AdamP on CRC_transformed: T 1/3 | E 53/200 Ended | E Time: 58.433s | ~Time Left: 8589.650s |  Train Loss: 0.0868 | Train Acc. 97.0571% | Test Loss: 0.0903 | Test Acc. 96.8571%
AdamP on CRC_transformed: T 1/3 | E 54/200 Ended | E Time: 58.352s | ~Time Left: 8519.425s |  Train Loss: 0.0903 | Train Acc. 96.8786% | Test Loss: 0.0927 | Test Acc. 96.7857%
AdamP on CRC_transformed: T 1/3 | E 55/200 Ended | E Time: 58.520s | ~Time Left: 8485.369s |  Train Loss: 0.0884 | Train Acc. 96.7857% | Test Loss: 0.0906 | Test Acc. 97.2143%
AdamP on CRC_transformed: T 1/3 | E 56/200 Ended | E Time: 58.808s | ~Time Left: 8468.289s |  Train Loss: 0.0862 | Train Acc. 96.9571% | Test Loss: 0.0776 | Test Acc. 97.3571%
AdamP on CRC_transformed: T 1/3 | E 57/200 Ended | E Time: 58.567s | ~Time Left: 8375.137s |  Train Loss: 0.0849 | Train Acc. 97.1500% | Test Loss: 0.0890 | Test Acc. 96.5714%
AdamP on CRC_transformed: T 1/3 | E 58/200 Ended | E Time: 58.477s | ~Time Left: 8303.685s |  Train Loss: 0.0843 | Train Acc. 97.0714% | Test Loss: 0.1073 | Test Acc. 96.1429%
AdamP on CRC_transformed: T 1/3 | E 59/200 Ended | E Time: 58.470s | ~Time Left: 8244.283s |  Train Loss: 0.0738 | Train Acc. 97.2571% | Test Loss: 0.1010 | Test Acc. 95.7857%
AdamP on CRC_transformed: T 1/3 | E 60/200 Ended | E Time: 58.936s | ~Time Left: 8251.020s |  Train Loss: 0.0902 | Train Acc. 96.8571% | Test Loss: 0.1471 | Test Acc. 94.8571%
AdamP on CRC_transformed: T 1/3 | E 61/200 Ended | E Time: 58.672s | ~Time Left: 8155.405s |  Train Loss: 0.0815 | Train Acc. 97.3071% | Test Loss: 0.0999 | Test Acc. 96.7857%
AdamP on CRC_transformed: T 1/3 | E 62/200 Ended | E Time: 59.060s | ~Time Left: 8150.282s |  Train Loss: 0.0771 | Train Acc. 97.4857% | Test Loss: 0.0956 | Test Acc. 96.7143%
AdamP on CRC_transformed: T 1/3 | E 63/200 Ended | E Time: 58.853s | ~Time Left: 8062.904s |  Train Loss: 0.0793 | Train Acc. 97.3071% | Test Loss: 0.0732 | Test Acc. 97.1429%
AdamP on CRC_transformed: T 1/3 | E 64/200 Ended | E Time: 59.041s | ~Time Left: 8029.540s |  Train Loss: 0.0840 | Train Acc. 97.1643% | Test Loss: 0.0682 | Test Acc. 98.0714%
AdamP on CRC_transformed: T 1/3 | E 65/200 Ended | E Time: 58.898s | ~Time Left: 7951.231s |  Train Loss: 0.0800 | Train Acc. 97.3214% | Test Loss: 0.0849 | Test Acc. 97.2143%
AdamP on CRC_transformed: T 1/3 | E 66/200 Ended | E Time: 58.965s | ~Time Left: 7901.245s |  Train Loss: 0.0766 | Train Acc. 97.2714% | Test Loss: 0.1144 | Test Acc. 96.1429%
AdamP on CRC_transformed: T 1/3 | E 67/200 Ended | E Time: 59.228s | ~Time Left: 7877.340s |  Train Loss: 0.0770 | Train Acc. 97.4714% | Test Loss: 0.0759 | Test Acc. 97.8571%
AdamP on CRC_transformed: T 1/3 | E 68/200 Ended | E Time: 59.059s | ~Time Left: 7795.735s |  Train Loss: 0.0714 | Train Acc. 97.4643% | Test Loss: 0.0893 | Test Acc. 96.7143%
AdamP on CRC_transformed: T 1/3 | E 69/200 Ended | E Time: 58.860s | ~Time Left: 7710.629s |  Train Loss: 0.0778 | Train Acc. 97.2500% | Test Loss: 0.1010 | Test Acc. 97.0714%
AdamP on CRC_transformed: T 1/3 | E 70/200 Ended | E Time: 58.866s | ~Time Left: 7652.590s |  Train Loss: 0.0711 | Train Acc. 97.5714% | Test Loss: 0.0720 | Test Acc. 97.2143%
AdamP on CRC_transformed: T 1/3 | E 71/200 Ended | E Time: 58.744s | ~Time Left: 7578.007s |  Train Loss: 0.0675 | Train Acc. 97.7214% | Test Loss: 0.0822 | Test Acc. 97.4286%
AdamP on CRC_transformed: T 1/3 | E 72/200 Ended | E Time: 58.694s | ~Time Left: 7512.774s |  Train Loss: 0.0731 | Train Acc. 97.5071% | Test Loss: 0.0774 | Test Acc. 97.7143%
AdamP on CRC_transformed: T 1/3 | E 73/200 Ended | E Time: 58.917s | ~Time Left: 7482.473s |  Train Loss: 0.0731 | Train Acc. 97.5429% | Test Loss: 0.0560 | Test Acc. 98.4286%
AdamP on CRC_transformed: T 1/3 | E 74/200 Ended | E Time: 58.658s | ~Time Left: 7390.964s |  Train Loss: 0.0660 | Train Acc. 97.8786% | Test Loss: 0.0750 | Test Acc. 97.7143%
AdamP on CRC_transformed: T 1/3 | E 75/200 Ended | E Time: 58.819s | ~Time Left: 7352.321s |  Train Loss: 0.0673 | Train Acc. 97.7000% | Test Loss: 0.1219 | Test Acc. 96.0000%
AdamP on CRC_transformed: T 1/3 | E 76/200 Ended | E Time: 58.832s | ~Time Left: 7295.230s |  Train Loss: 0.0674 | Train Acc. 97.6714% | Test Loss: 0.0666 | Test Acc. 98.0000%
AdamP on CRC_transformed: T 1/3 | E 77/200 Ended | E Time: 58.858s | ~Time Left: 7239.530s |  Train Loss: 0.0740 | Train Acc. 97.5071% | Test Loss: 0.1026 | Test Acc. 96.2143%
AdamP on CRC_transformed: T 1/3 | E 78/200 Ended | E Time: 58.828s | ~Time Left: 7177.001s |  Train Loss: 0.0743 | Train Acc. 97.3071% | Test Loss: 0.0919 | Test Acc. 97.0000%
AdamP on CRC_transformed: T 1/3 | E 79/200 Ended | E Time: 58.943s | ~Time Left: 7132.154s |  Train Loss: 0.0633 | Train Acc. 97.8429% | Test Loss: 0.0971 | Test Acc. 96.5714%
AdamP on CRC_transformed: T 1/3 | E 80/200 Ended | E Time: 58.849s | ~Time Left: 7061.924s |  Train Loss: 0.0679 | Train Acc. 97.5500% | Test Loss: 0.0769 | Test Acc. 97.4286%
AdamP on CRC_transformed: T 1/3 | E 81/200 Ended | E Time: 58.868s | ~Time Left: 7005.236s |  Train Loss: 0.0621 | Train Acc. 97.8786% | Test Loss: 0.0676 | Test Acc. 97.7857%
AdamP on CRC_transformed: T 1/3 | E 82/200 Ended | E Time: 58.767s | ~Time Left: 6934.487s |  Train Loss: 0.0605 | Train Acc. 97.9571% | Test Loss: 0.0802 | Test Acc. 97.3571%
AdamP on CRC_transformed: T 1/3 | E 83/200 Ended | E Time: 59.008s | ~Time Left: 6903.878s |  Train Loss: 0.0616 | Train Acc. 97.9429% | Test Loss: 0.0889 | Test Acc. 97.1429%
AdamP on CRC_transformed: T 1/3 | E 84/200 Ended | E Time: 59.018s | ~Time Left: 6846.137s |  Train Loss: 0.0692 | Train Acc. 97.4786% | Test Loss: 0.0756 | Test Acc. 97.7143%
AdamP on CRC_transformed: T 1/3 | E 85/200 Ended | E Time: 59.099s | ~Time Left: 6796.356s |  Train Loss: 0.0606 | Train Acc. 97.8857% | Test Loss: 0.0772 | Test Acc. 97.7143%
AdamP on CRC_transformed: T 1/3 | E 86/200 Ended | E Time: 59.267s | ~Time Left: 6756.394s |  Train Loss: 0.0594 | Train Acc. 97.9429% | Test Loss: 0.1051 | Test Acc. 96.6429%
AdamP on CRC_transformed: T 1/3 | E 87/200 Ended | E Time: 58.933s | ~Time Left: 6659.420s |  Train Loss: 0.0612 | Train Acc. 97.8214% | Test Loss: 0.0571 | Test Acc. 98.2857%
AdamP on CRC_transformed: T 1/3 | E 88/200 Ended | E Time: 58.785s | ~Time Left: 6583.883s |  Train Loss: 0.0596 | Train Acc. 97.9929% | Test Loss: 0.0709 | Test Acc. 97.5000%
AdamP on CRC_transformed: T 1/3 | E 89/200 Ended | E Time: 58.817s | ~Time Left: 6528.646s |  Train Loss: 0.0553 | Train Acc. 98.0214% | Test Loss: 0.0591 | Test Acc. 98.0714%
AdamP on CRC_transformed: T 1/3 | E 90/200 Ended | E Time: 59.030s | ~Time Left: 6493.311s |  Train Loss: 0.0597 | Train Acc. 98.0286% | Test Loss: 0.0687 | Test Acc. 97.4286%
AdamP on CRC_transformed: T 1/3 | E 91/200 Ended | E Time: 58.698s | ~Time Left: 6398.066s |  Train Loss: 0.0589 | Train Acc. 97.9571% | Test Loss: 0.0795 | Test Acc. 97.5714%
AdamP on CRC_transformed: T 1/3 | E 92/200 Ended | E Time: 58.815s | ~Time Left: 6351.967s |  Train Loss: 0.0594 | Train Acc. 97.9571% | Test Loss: 0.0789 | Test Acc. 97.7143%
AdamP on CRC_transformed: T 1/3 | E 93/200 Ended | E Time: 58.828s | ~Time Left: 6294.641s |  Train Loss: 0.0518 | Train Acc. 98.2571% | Test Loss: 0.0806 | Test Acc. 97.3571%
AdamP on CRC_transformed: T 1/3 | E 94/200 Ended | E Time: 58.624s | ~Time Left: 6214.105s |  Train Loss: 0.0577 | Train Acc. 97.9714% | Test Loss: 0.0856 | Test Acc. 97.4286%
AdamP on CRC_transformed: T 1/3 | E 95/200 Ended | E Time: 58.822s | ~Time Left: 6176.343s |  Train Loss: 0.0532 | Train Acc. 98.0857% | Test Loss: 0.1270 | Test Acc. 96.2143%
AdamP on CRC_transformed: T 1/3 | E 96/200 Ended | E Time: 58.908s | ~Time Left: 6126.441s |  Train Loss: 0.0599 | Train Acc. 97.9429% | Test Loss: 0.0851 | Test Acc. 96.9286%
AdamP on CRC_transformed: T 1/3 | E 97/200 Ended | E Time: 58.832s | ~Time Left: 6059.707s |  Train Loss: 0.0533 | Train Acc. 98.1929% | Test Loss: 0.0693 | Test Acc. 97.6429%
AdamP on CRC_transformed: T 1/3 | E 98/200 Ended | E Time: 58.786s | ~Time Left: 5996.141s |  Train Loss: 0.0522 | Train Acc. 98.2143% | Test Loss: 0.0575 | Test Acc. 98.1429%
AdamP on CRC_transformed: T 1/3 | E 99/200 Ended | E Time: 59.483s | ~Time Left: 6007.831s |  Train Loss: 0.0579 | Train Acc. 98.0786% | Test Loss: 0.0898 | Test Acc. 97.2143%
AdamP on CRC_transformed: T 1/3 | E 100/200 Ended | E Time: 58.666s | ~Time Left: 5866.640s |  Train Loss: 0.0590 | Train Acc. 97.9357% | Test Loss: 0.0788 | Test Acc. 97.7143%
AdamP on CRC_transformed: T 1/3 | E 101/200 Ended | E Time: 59.014s | ~Time Left: 5842.373s |  Train Loss: 0.0529 | Train Acc. 98.1929% | Test Loss: 0.0825 | Test Acc. 97.2143%
AdamP on CRC_transformed: T 1/3 | E 102/200 Ended | E Time: 58.802s | ~Time Left: 5762.628s |  Train Loss: 0.0513 | Train Acc. 98.1714% | Test Loss: 0.1092 | Test Acc. 96.5714%
AdamP on CRC_transformed: T 1/3 | E 103/200 Ended | E Time: 59.362s | ~Time Left: 5758.153s |  Train Loss: 0.0554 | Train Acc. 98.1000% | Test Loss: 0.0889 | Test Acc. 97.2857%
AdamP on CRC_transformed: T 1/3 | E 104/200 Ended | E Time: 58.790s | ~Time Left: 5643.829s |  Train Loss: 0.0547 | Train Acc. 98.1286% | Test Loss: 0.0995 | Test Acc. 96.7143%
AdamP on CRC_transformed: T 1/3 | E 105/200 Ended | E Time: 59.169s | ~Time Left: 5621.034s |  Train Loss: 0.0490 | Train Acc. 98.3143% | Test Loss: 0.0818 | Test Acc. 97.7857%
AdamP on CRC_transformed: T 1/3 | E 106/200 Ended | E Time: 59.152s | ~Time Left: 5560.333s |  Train Loss: 0.0511 | Train Acc. 98.1643% | Test Loss: 0.0941 | Test Acc. 96.5714%
AdamP on CRC_transformed: T 1/3 | E 107/200 Ended | E Time: 58.657s | ~Time Left: 5455.058s |  Train Loss: 0.0520 | Train Acc. 98.2429% | Test Loss: 0.0664 | Test Acc. 97.9286%
AdamP on CRC_transformed: T 1/3 | E 108/200 Ended | E Time: 58.807s | ~Time Left: 5410.211s |  Train Loss: 0.0491 | Train Acc. 98.2429% | Test Loss: 0.0721 | Test Acc. 98.0000%
AdamP on CRC_transformed: T 1/3 | E 109/200 Ended | E Time: 59.117s | ~Time Left: 5379.615s |  Train Loss: 0.0468 | Train Acc. 98.2857% | Test Loss: 0.0970 | Test Acc. 96.8571%
AdamP on CRC_transformed: T 1/3 | E 110/200 Ended | E Time: 58.900s | ~Time Left: 5301.028s |  Train Loss: 0.0536 | Train Acc. 98.2286% | Test Loss: 0.0758 | Test Acc. 97.8571%
AdamP on CRC_transformed: T 1/3 | E 111/200 Ended | E Time: 58.973s | ~Time Left: 5248.569s |  Train Loss: 0.0420 | Train Acc. 98.5286% | Test Loss: 0.0641 | Test Acc. 97.7857%
AdamP on CRC_transformed: T 1/3 | E 112/200 Ended | E Time: 58.998s | ~Time Left: 5191.783s |  Train Loss: 0.0521 | Train Acc. 98.1571% | Test Loss: 0.0702 | Test Acc. 97.7857%
AdamP on CRC_transformed: T 1/3 | E 113/200 Ended | E Time: 59.031s | ~Time Left: 5135.702s |  Train Loss: 0.0409 | Train Acc. 98.5786% | Test Loss: 0.0797 | Test Acc. 97.4286%
AdamP on CRC_transformed: T 1/3 | E 114/200 Ended | E Time: 59.063s | ~Time Left: 5079.409s |  Train Loss: 0.0505 | Train Acc. 98.2071% | Test Loss: 0.0692 | Test Acc. 97.5714%
AdamP on CRC_transformed: T 1/3 | E 115/200 Ended | E Time: 59.109s | ~Time Left: 5024.285s |  Train Loss: 0.0433 | Train Acc. 98.3357% | Test Loss: 0.0819 | Test Acc. 97.1429%
AdamP on CRC_transformed: T 1/3 | E 116/200 Ended | E Time: 58.996s | ~Time Left: 4955.685s |  Train Loss: 0.0493 | Train Acc. 98.4000% | Test Loss: 0.0816 | Test Acc. 97.7143%
AdamP on CRC_transformed: T 1/3 | E 117/200 Ended | E Time: 59.187s | ~Time Left: 4912.481s |  Train Loss: 0.0482 | Train Acc. 98.3571% | Test Loss: 0.0948 | Test Acc. 97.2143%
AdamP on CRC_transformed: T 1/3 | E 118/200 Ended | E Time: 58.876s | ~Time Left: 4827.820s |  Train Loss: 0.0470 | Train Acc. 98.4143% | Test Loss: 0.0685 | Test Acc. 98.0714%
AdamP on CRC_transformed: T 1/3 | E 119/200 Ended | E Time: 58.857s | ~Time Left: 4767.426s |  Train Loss: 0.0470 | Train Acc. 98.5214% | Test Loss: 0.0801 | Test Acc. 97.2857%
AdamP on CRC_transformed: T 1/3 | E 120/200 Ended | E Time: 58.853s | ~Time Left: 4708.245s |  Train Loss: 0.0447 | Train Acc. 98.3643% | Test Loss: 0.0850 | Test Acc. 97.2143%
AdamP on CRC_transformed: T 1/3 | E 121/200 Ended | E Time: 59.027s | ~Time Left: 4663.095s |  Train Loss: 0.0473 | Train Acc. 98.3143% | Test Loss: 0.0714 | Test Acc. 97.7143%
AdamP on CRC_transformed: T 1/3 | E 122/200 Ended | E Time: 59.009s | ~Time Left: 4602.706s |  Train Loss: 0.0455 | Train Acc. 98.4500% | Test Loss: 0.0643 | Test Acc. 97.8571%
AdamP on CRC_transformed: T 1/3 | E 123/200 Ended | E Time: 58.821s | ~Time Left: 4529.248s |  Train Loss: 0.0428 | Train Acc. 98.4500% | Test Loss: 0.0635 | Test Acc. 97.6429%
AdamP on CRC_transformed: T 1/3 | E 124/200 Ended | E Time: 58.838s | ~Time Left: 4471.719s |  Train Loss: 0.0446 | Train Acc. 98.4500% | Test Loss: 0.0693 | Test Acc. 97.8571%
AdamP on CRC_transformed: T 1/3 | E 125/200 Ended | E Time: 58.859s | ~Time Left: 4414.445s |  Train Loss: 0.0385 | Train Acc. 98.6429% | Test Loss: 0.1007 | Test Acc. 97.0714%
AdamP on CRC_transformed: T 1/3 | E 126/200 Ended | E Time: 58.988s | ~Time Left: 4365.078s |  Train Loss: 0.0404 | Train Acc. 98.6429% | Test Loss: 0.0797 | Test Acc. 97.8571%
AdamP on CRC_transformed: T 1/3 | E 127/200 Ended | E Time: 58.787s | ~Time Left: 4291.477s |  Train Loss: 0.0428 | Train Acc. 98.5143% | Test Loss: 0.0897 | Test Acc. 97.4286%
AdamP on CRC_transformed: T 1/3 | E 128/200 Ended | E Time: 58.969s | ~Time Left: 4245.790s |  Train Loss: 0.0393 | Train Acc. 98.6000% | Test Loss: 0.0605 | Test Acc. 98.2143%
AdamP on CRC_transformed: T 1/3 | E 129/200 Ended | E Time: 58.858s | ~Time Left: 4178.907s |  Train Loss: 0.0498 | Train Acc. 98.2643% | Test Loss: 0.0635 | Test Acc. 97.5714%
AdamP on CRC_transformed: T 1/3 | E 130/200 Ended | E Time: 59.037s | ~Time Left: 4132.583s |  Train Loss: 0.0423 | Train Acc. 98.5643% | Test Loss: 0.0874 | Test Acc. 97.5000%
AdamP on CRC_transformed: T 1/3 | E 131/200 Ended | E Time: 58.909s | ~Time Left: 4064.730s |  Train Loss: 0.0404 | Train Acc. 98.6000% | Test Loss: 0.1046 | Test Acc. 96.5714%
AdamP on CRC_transformed: T 1/3 | E 132/200 Ended | E Time: 58.965s | ~Time Left: 4009.635s |  Train Loss: 0.0400 | Train Acc. 98.5786% | Test Loss: 0.0820 | Test Acc. 97.6429%
AdamP on CRC_transformed: T 1/3 | E 133/200 Ended | E Time: 59.031s | ~Time Left: 3955.085s |  Train Loss: 0.0440 | Train Acc. 98.5214% | Test Loss: 0.0795 | Test Acc. 97.2857%
AdamP on CRC_transformed: T 1/3 | E 134/200 Ended | E Time: 58.838s | ~Time Left: 3883.329s |  Train Loss: 0.0383 | Train Acc. 98.7857% | Test Loss: 0.0819 | Test Acc. 97.8571%
AdamP on CRC_transformed: T 1/3 | E 135/200 Ended | E Time: 58.848s | ~Time Left: 3825.090s |  Train Loss: 0.0417 | Train Acc. 98.6143% | Test Loss: 0.0842 | Test Acc. 97.2857%
AdamP on CRC_transformed: T 1/3 | E 136/200 Ended | E Time: 59.019s | ~Time Left: 3777.239s |  Train Loss: 0.0446 | Train Acc. 98.5000% | Test Loss: 0.0949 | Test Acc. 97.0000%
AdamP on CRC_transformed: T 1/3 | E 137/200 Ended | E Time: 58.849s | ~Time Left: 3707.494s |  Train Loss: 0.0379 | Train Acc. 98.6143% | Test Loss: 0.0625 | Test Acc. 98.1429%
AdamP on CRC_transformed: T 1/3 | E 138/200 Ended | E Time: 58.963s | ~Time Left: 3655.676s |  Train Loss: 0.0370 | Train Acc. 98.7429% | Test Loss: 0.0688 | Test Acc. 97.5000%
AdamP on CRC_transformed: T 1/3 | E 139/200 Ended | E Time: 58.812s | ~Time Left: 3587.558s |  Train Loss: 0.0398 | Train Acc. 98.5500% | Test Loss: 0.0854 | Test Acc. 97.5714%
AdamP on CRC_transformed: T 1/3 | E 140/200 Ended | E Time: 58.929s | ~Time Left: 3535.747s |  Train Loss: 0.0341 | Train Acc. 98.7714% | Test Loss: 0.0591 | Test Acc. 98.5714%
AdamP on CRC_transformed: T 1/3 | E 141/200 Ended | E Time: 58.939s | ~Time Left: 3477.382s |  Train Loss: 0.0411 | Train Acc. 98.6000% | Test Loss: 0.0757 | Test Acc. 97.7143%
AdamP on CRC_transformed: T 1/3 | E 142/200 Ended | E Time: 58.903s | ~Time Left: 3416.387s |  Train Loss: 0.0375 | Train Acc. 98.6714% | Test Loss: 0.0697 | Test Acc. 97.8571%
AdamP on CRC_transformed: T 1/3 | E 143/200 Ended | E Time: 58.901s | ~Time Left: 3357.370s |  Train Loss: 0.0408 | Train Acc. 98.6929% | Test Loss: 0.0604 | Test Acc. 97.5714%
AdamP on CRC_transformed: T 1/3 | E 144/200 Ended | E Time: 58.870s | ~Time Left: 3296.734s |  Train Loss: 0.0361 | Train Acc. 98.7643% | Test Loss: 0.0611 | Test Acc. 98.0714%
AdamP on CRC_transformed: T 1/3 | E 145/200 Ended | E Time: 58.764s | ~Time Left: 3232.022s |  Train Loss: 0.0360 | Train Acc. 98.8000% | Test Loss: 0.0883 | Test Acc. 97.4286%
AdamP on CRC_transformed: T 1/3 | E 146/200 Ended | E Time: 58.815s | ~Time Left: 3176.016s |  Train Loss: 0.0442 | Train Acc. 98.4714% | Test Loss: 0.1362 | Test Acc. 96.2857%
AdamP on CRC_transformed: T 1/3 | E 147/200 Ended | E Time: 58.853s | ~Time Left: 3119.196s |  Train Loss: 0.0440 | Train Acc. 98.4786% | Test Loss: 0.0704 | Test Acc. 97.7143%
AdamP on CRC_transformed: T 1/3 | E 148/200 Ended | E Time: 58.927s | ~Time Left: 3064.227s |  Train Loss: 0.0386 | Train Acc. 98.6000% | Test Loss: 0.0918 | Test Acc. 97.1429%
AdamP on CRC_transformed: T 1/3 | E 149/200 Ended | E Time: 59.096s | ~Time Left: 3013.909s |  Train Loss: 0.0367 | Train Acc. 98.6714% | Test Loss: 0.0774 | Test Acc. 97.5714%
AdamP on CRC_transformed: T 1/3 | E 150/200 Ended | E Time: 58.790s | ~Time Left: 2939.507s |  Train Loss: 0.0340 | Train Acc. 98.8286% | Test Loss: 0.0702 | Test Acc. 97.7857%
AdamP on CRC_transformed: T 1/3 | E 151/200 Ended | E Time: 58.922s | ~Time Left: 2887.166s |  Train Loss: 0.0414 | Train Acc. 98.6000% | Test Loss: 0.0789 | Test Acc. 97.4286%
AdamP on CRC_transformed: T 1/3 | E 152/200 Ended | E Time: 58.741s | ~Time Left: 2819.575s |  Train Loss: 0.0366 | Train Acc. 98.8143% | Test Loss: 0.0757 | Test Acc. 97.7143%
AdamP on CRC_transformed: T 1/3 | E 153/200 Ended | E Time: 59.095s | ~Time Left: 2777.466s |  Train Loss: 0.0361 | Train Acc. 98.7143% | Test Loss: 0.0994 | Test Acc. 97.2143%
AdamP on CRC_transformed: T 1/3 | E 154/200 Ended | E Time: 59.041s | ~Time Left: 2715.909s |  Train Loss: 0.0319 | Train Acc. 98.9500% | Test Loss: 0.0752 | Test Acc. 97.5714%
AdamP on CRC_transformed: T 1/3 | E 155/200 Ended | E Time: 58.998s | ~Time Left: 2654.908s |  Train Loss: 0.0406 | Train Acc. 98.5857% | Test Loss: 0.1599 | Test Acc. 95.5000%
AdamP on CRC_transformed: T 1/3 | E 156/200 Ended | E Time: 59.055s | ~Time Left: 2598.418s |  Train Loss: 0.0368 | Train Acc. 98.8214% | Test Loss: 0.0791 | Test Acc. 97.6429%
AdamP on CRC_transformed: T 1/3 | E 157/200 Ended | E Time: 59.102s | ~Time Left: 2541.382s |  Train Loss: 0.0364 | Train Acc. 98.7357% | Test Loss: 0.0814 | Test Acc. 97.7143%
AdamP on CRC_transformed: T 1/3 | E 158/200 Ended | E Time: 59.178s | ~Time Left: 2485.489s |  Train Loss: 0.0338 | Train Acc. 98.7071% | Test Loss: 0.0874 | Test Acc. 97.5000%
AdamP on CRC_transformed: T 1/3 | E 159/200 Ended | E Time: 59.222s | ~Time Left: 2428.082s |  Train Loss: 0.0373 | Train Acc. 98.7214% | Test Loss: 0.0711 | Test Acc. 97.7143%
AdamP on CRC_transformed: T 1/3 | E 160/200 Ended | E Time: 59.253s | ~Time Left: 2370.101s |  Train Loss: 0.0346 | Train Acc. 98.8000% | Test Loss: 0.0781 | Test Acc. 97.9286%
AdamP on CRC_transformed: T 1/3 | E 161/200 Ended | E Time: 59.374s | ~Time Left: 2315.569s |  Train Loss: 0.0341 | Train Acc. 98.8000% | Test Loss: 0.0769 | Test Acc. 97.3571%
AdamP on CRC_transformed: T 1/3 | E 162/200 Ended | E Time: 59.119s | ~Time Left: 2246.522s |  Train Loss: 0.0364 | Train Acc. 98.6000% | Test Loss: 0.0750 | Test Acc. 97.7143%
AdamP on CRC_transformed: T 1/3 | E 163/200 Ended | E Time: 58.846s | ~Time Left: 2177.299s |  Train Loss: 0.0276 | Train Acc. 99.0000% | Test Loss: 0.0823 | Test Acc. 97.4286%
AdamP on CRC_transformed: T 1/3 | E 164/200 Ended | E Time: 58.953s | ~Time Left: 2122.315s |  Train Loss: 0.0427 | Train Acc. 98.5714% | Test Loss: 0.0946 | Test Acc. 97.0000%
AdamP on CRC_transformed: T 1/3 | E 165/200 Ended | E Time: 58.950s | ~Time Left: 2063.265s |  Train Loss: 0.0355 | Train Acc. 98.7857% | Test Loss: 0.0552 | Test Acc. 98.2143%
AdamP on CRC_transformed: T 1/3 | E 166/200 Ended | E Time: 59.065s | ~Time Left: 2008.206s |  Train Loss: 0.0282 | Train Acc. 98.9357% | Test Loss: 0.0766 | Test Acc. 97.7143%
AdamP on CRC_transformed: T 1/3 | E 167/200 Ended | E Time: 58.734s | ~Time Left: 1938.237s |  Train Loss: 0.0389 | Train Acc. 98.7071% | Test Loss: 0.1014 | Test Acc. 97.7143%
AdamP on CRC_transformed: T 1/3 | E 168/200 Ended | E Time: 58.830s | ~Time Left: 1882.554s |  Train Loss: 0.0336 | Train Acc. 98.8429% | Test Loss: 0.0604 | Test Acc. 97.8571%
AdamP on CRC_transformed: T 1/3 | E 169/200 Ended | E Time: 58.663s | ~Time Left: 1818.561s |  Train Loss: 0.0302 | Train Acc. 98.8500% | Test Loss: 0.0993 | Test Acc. 97.0000%
AdamP on CRC_transformed: T 1/3 | E 170/200 Ended | E Time: 59.339s | ~Time Left: 1780.175s |  Train Loss: 0.0327 | Train Acc. 98.8571% | Test Loss: 0.0729 | Test Acc. 98.0714%
AdamP on CRC_transformed: T 1/3 | E 171/200 Ended | E Time: 59.071s | ~Time Left: 1713.062s |  Train Loss: 0.0348 | Train Acc. 98.8071% | Test Loss: 0.0862 | Test Acc. 97.7857%
AdamP on CRC_transformed: T 1/3 | E 172/200 Ended | E Time: 59.095s | ~Time Left: 1654.671s |  Train Loss: 0.0351 | Train Acc. 98.8071% | Test Loss: 0.0648 | Test Acc. 98.1429%
AdamP on CRC_transformed: T 1/3 | E 173/200 Ended | E Time: 59.167s | ~Time Left: 1597.519s |  Train Loss: 0.0355 | Train Acc. 98.8000% | Test Loss: 0.1034 | Test Acc. 97.1429%
AdamP on CRC_transformed: T 1/3 | E 174/200 Ended | E Time: 59.245s | ~Time Left: 1540.382s |  Train Loss: 0.0322 | Train Acc. 98.8786% | Test Loss: 0.0865 | Test Acc. 97.5000%
AdamP on CRC_transformed: T 1/3 | E 175/200 Ended | E Time: 58.789s | ~Time Left: 1469.725s |  Train Loss: 0.0297 | Train Acc. 98.9071% | Test Loss: 0.0705 | Test Acc. 97.7857%
AdamP on CRC_transformed: T 1/3 | E 176/200 Ended | E Time: 59.056s | ~Time Left: 1417.355s |  Train Loss: 0.0310 | Train Acc. 98.8571% | Test Loss: 0.0706 | Test Acc. 97.7857%
AdamP on CRC_transformed: T 1/3 | E 177/200 Ended | E Time: 59.172s | ~Time Left: 1360.962s |  Train Loss: 0.0327 | Train Acc. 98.8643% | Test Loss: 0.0876 | Test Acc. 97.6429%
AdamP on CRC_transformed: T 1/3 | E 178/200 Ended | E Time: 59.105s | ~Time Left: 1300.321s |  Train Loss: 0.0342 | Train Acc. 98.7857% | Test Loss: 0.0800 | Test Acc. 97.7857%
AdamP on CRC_transformed: T 1/3 | E 179/200 Ended | E Time: 59.184s | ~Time Left: 1242.857s |  Train Loss: 0.0315 | Train Acc. 98.9643% | Test Loss: 0.0842 | Test Acc. 97.9286%
AdamP on CRC_transformed: T 1/3 | E 180/200 Ended | E Time: 59.003s | ~Time Left: 1180.051s |  Train Loss: 0.0346 | Train Acc. 98.8500% | Test Loss: 0.0890 | Test Acc. 97.2143%
AdamP on CRC_transformed: T 1/3 | E 181/200 Ended | E Time: 59.237s | ~Time Left: 1125.506s |  Train Loss: 0.0271 | Train Acc. 98.9500% | Test Loss: 0.0816 | Test Acc. 97.4286%
AdamP on CRC_transformed: T 1/3 | E 182/200 Ended | E Time: 59.269s | ~Time Left: 1066.845s |  Train Loss: 0.0269 | Train Acc. 99.0643% | Test Loss: 0.1039 | Test Acc. 97.2143%
AdamP on CRC_transformed: T 1/3 | E 183/200 Ended | E Time: 59.094s | ~Time Left: 1004.591s |  Train Loss: 0.0283 | Train Acc. 99.0286% | Test Loss: 0.0772 | Test Acc. 97.8571%
AdamP on CRC_transformed: T 1/3 | E 184/200 Ended | E Time: 59.432s | ~Time Left: 950.907s |  Train Loss: 0.0339 | Train Acc. 98.8286% | Test Loss: 0.0945 | Test Acc. 97.5714%
AdamP on CRC_transformed: T 1/3 | E 185/200 Ended | E Time: 59.156s | ~Time Left: 887.342s |  Train Loss: 0.0246 | Train Acc. 99.2000% | Test Loss: 0.0854 | Test Acc. 97.4286%
AdamP on CRC_transformed: T 1/3 | E 186/200 Ended | E Time: 59.104s | ~Time Left: 827.455s |  Train Loss: 0.0325 | Train Acc. 98.8429% | Test Loss: 0.0809 | Test Acc. 97.5714%
AdamP on CRC_transformed: T 1/3 | E 187/200 Ended | E Time: 59.003s | ~Time Left: 767.041s |  Train Loss: 0.0327 | Train Acc. 98.8571% | Test Loss: 0.0917 | Test Acc. 97.0000%
AdamP on CRC_transformed: T 1/3 | E 188/200 Ended | E Time: 58.731s | ~Time Left: 704.768s |  Train Loss: 0.0196 | Train Acc. 99.2857% | Test Loss: 0.0530 | Test Acc. 98.7143%
AdamP on CRC_transformed: T 1/3 | E 189/200 Ended | E Time: 59.034s | ~Time Left: 649.379s |  Train Loss: 0.0377 | Train Acc. 98.7571% | Test Loss: 0.0770 | Test Acc. 97.7143%
AdamP on CRC_transformed: T 1/3 | E 190/200 Ended | E Time: 58.930s | ~Time Left: 589.295s |  Train Loss: 0.0282 | Train Acc. 99.0429% | Test Loss: 0.1002 | Test Acc. 97.2143%
AdamP on CRC_transformed: T 1/3 | E 191/200 Ended | E Time: 58.963s | ~Time Left: 530.664s |  Train Loss: 0.0294 | Train Acc. 98.9429% | Test Loss: 0.0860 | Test Acc. 97.5000%
AdamP on CRC_transformed: T 1/3 | E 192/200 Ended | E Time: 58.820s | ~Time Left: 470.563s |  Train Loss: 0.0289 | Train Acc. 98.9571% | Test Loss: 0.0881 | Test Acc. 97.4286%
AdamP on CRC_transformed: T 1/3 | E 193/200 Ended | E Time: 58.978s | ~Time Left: 412.846s |  Train Loss: 0.0328 | Train Acc. 98.9143% | Test Loss: 0.0669 | Test Acc. 97.7143%
AdamP on CRC_transformed: T 1/3 | E 194/200 Ended | E Time: 58.907s | ~Time Left: 353.440s |  Train Loss: 0.0264 | Train Acc. 99.1143% | Test Loss: 0.0577 | Test Acc. 98.3571%
AdamP on CRC_transformed: T 1/3 | E 195/200 Ended | E Time: 59.100s | ~Time Left: 295.499s |  Train Loss: 0.0297 | Train Acc. 98.9786% | Test Loss: 0.0852 | Test Acc. 97.4286%
AdamP on CRC_transformed: T 1/3 | E 196/200 Ended | E Time: 59.026s | ~Time Left: 236.103s |  Train Loss: 0.0287 | Train Acc. 99.0500% | Test Loss: 0.0801 | Test Acc. 97.5714%
AdamP on CRC_transformed: T 1/3 | E 197/200 Ended | E Time: 59.118s | ~Time Left: 177.353s |  Train Loss: 0.0322 | Train Acc. 98.9429% | Test Loss: 0.0704 | Test Acc. 97.7857%
AdamP on CRC_transformed: T 1/3 | E 198/200 Ended | E Time: 59.131s | ~Time Left: 118.261s |  Train Loss: 0.0263 | Train Acc. 99.1214% | Test Loss: 0.0884 | Test Acc. 97.2143%
AdamP on CRC_transformed: T 1/3 | E 199/200 Ended | E Time: 59.128s | ~Time Left: 59.128s |  Train Loss: 0.0294 | Train Acc. 98.8857% | Test Loss: 0.0626 | Test Acc. 98.3571%
AdamP on CRC_transformed: T 1/3 | E 200/200 Ended | E Time: 58.812s | ~Time Left: 0.000s |  Train Loss: 0.0284 | Train Acc. 98.9857% | Test Loss: 0.0960 | Test Acc. 96.9286%
AdamP on CRC_transformed: T 2/3 | E 1/200 Ended | E Time: 59.090s | ~Time Left: 11758.881s |  Train Loss: 0.9314 | Train Acc. 64.2714% | Test Loss: 0.7010 | Test Acc. 73.2857%
AdamP on CRC_transformed: T 2/3 | E 2/200 Ended | E Time: 59.320s | ~Time Left: 11745.265s |  Train Loss: 0.6799 | Train Acc. 74.9571% | Test Loss: 0.6349 | Test Acc. 79.0714%
AdamP on CRC_transformed: T 2/3 | E 3/200 Ended | E Time: 59.389s | ~Time Left: 11699.685s |  Train Loss: 0.5125 | Train Acc. 81.5143% | Test Loss: 0.7625 | Test Acc. 76.7143%
AdamP on CRC_transformed: T 2/3 | E 4/200 Ended | E Time: 59.032s | ~Time Left: 11570.317s |  Train Loss: 0.4182 | Train Acc. 85.1857% | Test Loss: 0.3136 | Test Acc. 89.0000%
AdamP on CRC_transformed: T 2/3 | E 5/200 Ended | E Time: 59.180s | ~Time Left: 11540.037s |  Train Loss: 0.3619 | Train Acc. 87.0929% | Test Loss: 0.2866 | Test Acc. 90.0000%
AdamP on CRC_transformed: T 2/3 | E 6/200 Ended | E Time: 59.040s | ~Time Left: 11453.826s |  Train Loss: 0.3224 | Train Acc. 88.5000% | Test Loss: 0.1927 | Test Acc. 93.8571%
AdamP on CRC_transformed: T 2/3 | E 7/200 Ended | E Time: 59.075s | ~Time Left: 11401.536s |  Train Loss: 0.2924 | Train Acc. 90.0071% | Test Loss: 0.3326 | Test Acc. 89.0714%
AdamP on CRC_transformed: T 2/3 | E 8/200 Ended | E Time: 58.921s | ~Time Left: 11312.792s |  Train Loss: 0.2711 | Train Acc. 90.5286% | Test Loss: 0.8711 | Test Acc. 75.7857%
AdamP on CRC_transformed: T 2/3 | E 9/200 Ended | E Time: 59.099s | ~Time Left: 11287.852s |  Train Loss: 0.2600 | Train Acc. 91.2929% | Test Loss: 0.2598 | Test Acc. 90.5714%
AdamP on CRC_transformed: T 2/3 | E 10/200 Ended | E Time: 59.186s | ~Time Left: 11245.248s |  Train Loss: 0.2388 | Train Acc. 91.8286% | Test Loss: 0.1748 | Test Acc. 94.0714%
AdamP on CRC_transformed: T 2/3 | E 11/200 Ended | E Time: 59.018s | ~Time Left: 11154.333s |  Train Loss: 0.2417 | Train Acc. 91.7643% | Test Loss: 0.1742 | Test Acc. 94.4286%
AdamP on CRC_transformed: T 2/3 | E 12/200 Ended | E Time: 59.141s | ~Time Left: 11118.563s |  Train Loss: 0.2220 | Train Acc. 92.0143% | Test Loss: 0.1962 | Test Acc. 92.5000%
AdamP on CRC_transformed: T 2/3 | E 13/200 Ended | E Time: 58.971s | ~Time Left: 11027.582s |  Train Loss: 0.2147 | Train Acc. 92.4071% | Test Loss: 0.1561 | Test Acc. 94.2143%
AdamP on CRC_transformed: T 2/3 | E 14/200 Ended | E Time: 59.046s | ~Time Left: 10982.529s |  Train Loss: 0.1992 | Train Acc. 93.0429% | Test Loss: 0.1799 | Test Acc. 93.5714%
AdamP on CRC_transformed: T 2/3 | E 15/200 Ended | E Time: 59.029s | ~Time Left: 10920.306s |  Train Loss: 0.1949 | Train Acc. 93.4857% | Test Loss: 0.1907 | Test Acc. 94.1429%
AdamP on CRC_transformed: T 2/3 | E 16/200 Ended | E Time: 59.020s | ~Time Left: 10859.606s |  Train Loss: 0.1862 | Train Acc. 93.7000% | Test Loss: 0.1798 | Test Acc. 94.3571%
AdamP on CRC_transformed: T 2/3 | E 17/200 Ended | E Time: 58.959s | ~Time Left: 10789.582s |  Train Loss: 0.1854 | Train Acc. 93.5643% | Test Loss: 0.1450 | Test Acc. 95.1429%
AdamP on CRC_transformed: T 2/3 | E 18/200 Ended | E Time: 59.209s | ~Time Left: 10776.103s |  Train Loss: 0.1684 | Train Acc. 94.1071% | Test Loss: 0.1403 | Test Acc. 95.0714%
AdamP on CRC_transformed: T 2/3 | E 19/200 Ended | E Time: 59.083s | ~Time Left: 10693.952s |  Train Loss: 0.1748 | Train Acc. 93.9929% | Test Loss: 0.1587 | Test Acc. 94.2857%
AdamP on CRC_transformed: T 2/3 | E 20/200 Ended | E Time: 59.207s | ~Time Left: 10657.179s |  Train Loss: 0.1712 | Train Acc. 94.0857% | Test Loss: 0.1185 | Test Acc. 95.7857%
AdamP on CRC_transformed: T 2/3 | E 21/200 Ended | E Time: 58.986s | ~Time Left: 10558.519s |  Train Loss: 0.1627 | Train Acc. 94.4357% | Test Loss: 0.1286 | Test Acc. 95.0714%
AdamP on CRC_transformed: T 2/3 | E 22/200 Ended | E Time: 59.100s | ~Time Left: 10519.763s |  Train Loss: 0.1529 | Train Acc. 94.7214% | Test Loss: 0.1306 | Test Acc. 95.7857%
AdamP on CRC_transformed: T 2/3 | E 23/200 Ended | E Time: 58.949s | ~Time Left: 10434.016s |  Train Loss: 0.1520 | Train Acc. 94.8071% | Test Loss: 0.1371 | Test Acc. 95.0714%
AdamP on CRC_transformed: T 2/3 | E 24/200 Ended | E Time: 59.226s | ~Time Left: 10423.806s |  Train Loss: 0.1504 | Train Acc. 94.6857% | Test Loss: 0.1495 | Test Acc. 94.9286%
AdamP on CRC_transformed: T 2/3 | E 25/200 Ended | E Time: 59.334s | ~Time Left: 10383.442s |  Train Loss: 0.1489 | Train Acc. 94.8286% | Test Loss: 0.1540 | Test Acc. 93.7857%
AdamP on CRC_transformed: T 2/3 | E 26/200 Ended | E Time: 59.246s | ~Time Left: 10308.851s |  Train Loss: 0.1375 | Train Acc. 95.1357% | Test Loss: 0.1226 | Test Acc. 95.9286%
AdamP on CRC_transformed: T 2/3 | E 27/200 Ended | E Time: 59.193s | ~Time Left: 10240.378s |  Train Loss: 0.1400 | Train Acc. 95.3500% | Test Loss: 0.1255 | Test Acc. 95.6429%
AdamP on CRC_transformed: T 2/3 | E 28/200 Ended | E Time: 59.209s | ~Time Left: 10183.996s |  Train Loss: 0.1335 | Train Acc. 95.4214% | Test Loss: 0.0923 | Test Acc. 97.0000%
AdamP on CRC_transformed: T 2/3 | E 29/200 Ended | E Time: 58.992s | ~Time Left: 10087.577s |  Train Loss: 0.1410 | Train Acc. 94.9357% | Test Loss: 0.1330 | Test Acc. 95.5000%
AdamP on CRC_transformed: T 2/3 | E 30/200 Ended | E Time: 59.131s | ~Time Left: 10052.289s |  Train Loss: 0.1316 | Train Acc. 95.4143% | Test Loss: 0.1097 | Test Acc. 96.0714%
AdamP on CRC_transformed: T 2/3 | E 31/200 Ended | E Time: 59.206s | ~Time Left: 10005.823s |  Train Loss: 0.1331 | Train Acc. 95.3643% | Test Loss: 0.1782 | Test Acc. 93.1429%
AdamP on CRC_transformed: T 2/3 | E 32/200 Ended | E Time: 58.856s | ~Time Left: 9887.738s |  Train Loss: 0.1228 | Train Acc. 95.7643% | Test Loss: 0.1085 | Test Acc. 96.0000%
AdamP on CRC_transformed: T 2/3 | E 33/200 Ended | E Time: 59.412s | ~Time Left: 9921.879s |  Train Loss: 0.1195 | Train Acc. 95.8071% | Test Loss: 0.1302 | Test Acc. 95.6429%
AdamP on CRC_transformed: T 2/3 | E 34/200 Ended | E Time: 59.067s | ~Time Left: 9805.101s |  Train Loss: 0.1273 | Train Acc. 95.7357% | Test Loss: 0.1544 | Test Acc. 94.8571%
AdamP on CRC_transformed: T 2/3 | E 35/200 Ended | E Time: 59.049s | ~Time Left: 9743.081s |  Train Loss: 0.1203 | Train Acc. 95.8786% | Test Loss: 0.0989 | Test Acc. 96.5714%
AdamP on CRC_transformed: T 2/3 | E 36/200 Ended | E Time: 58.978s | ~Time Left: 9672.421s |  Train Loss: 0.1137 | Train Acc. 96.0786% | Test Loss: 0.1344 | Test Acc. 95.2143%
AdamP on CRC_transformed: T 2/3 | E 37/200 Ended | E Time: 58.849s | ~Time Left: 9592.455s |  Train Loss: 0.1176 | Train Acc. 95.9643% | Test Loss: 0.1070 | Test Acc. 96.5714%
AdamP on CRC_transformed: T 2/3 | E 38/200 Ended | E Time: 59.406s | ~Time Left: 9623.757s |  Train Loss: 0.1141 | Train Acc. 96.1071% | Test Loss: 0.1180 | Test Acc. 95.9286%
AdamP on CRC_transformed: T 2/3 | E 39/200 Ended | E Time: 59.075s | ~Time Left: 9510.997s |  Train Loss: 0.1061 | Train Acc. 96.4286% | Test Loss: 0.0956 | Test Acc. 97.2143%
AdamP on CRC_transformed: T 2/3 | E 40/200 Ended | E Time: 59.311s | ~Time Left: 9489.777s |  Train Loss: 0.0984 | Train Acc. 96.6786% | Test Loss: 0.1124 | Test Acc. 96.7143%
AdamP on CRC_transformed: T 2/3 | E 41/200 Ended | E Time: 59.029s | ~Time Left: 9385.553s |  Train Loss: 0.1059 | Train Acc. 96.2714% | Test Loss: 0.0993 | Test Acc. 96.5714%
AdamP on CRC_transformed: T 2/3 | E 42/200 Ended | E Time: 59.007s | ~Time Left: 9323.052s |  Train Loss: 0.1020 | Train Acc. 96.6143% | Test Loss: 0.1186 | Test Acc. 95.5000%
AdamP on CRC_transformed: T 2/3 | E 43/200 Ended | E Time: 59.359s | ~Time Left: 9319.403s |  Train Loss: 0.1027 | Train Acc. 96.3357% | Test Loss: 0.1004 | Test Acc. 96.5714%
AdamP on CRC_transformed: T 2/3 | E 44/200 Ended | E Time: 58.833s | ~Time Left: 9177.981s |  Train Loss: 0.0996 | Train Acc. 96.6500% | Test Loss: 0.2165 | Test Acc. 92.6429%
AdamP on CRC_transformed: T 2/3 | E 45/200 Ended | E Time: 58.969s | ~Time Left: 9140.201s |  Train Loss: 0.0961 | Train Acc. 96.5714% | Test Loss: 0.1042 | Test Acc. 96.2143%
AdamP on CRC_transformed: T 2/3 | E 46/200 Ended | E Time: 58.976s | ~Time Left: 9082.232s |  Train Loss: 0.1095 | Train Acc. 96.2714% | Test Loss: 0.1156 | Test Acc. 96.1429%
AdamP on CRC_transformed: T 2/3 | E 47/200 Ended | E Time: 58.975s | ~Time Left: 9023.138s |  Train Loss: 0.0964 | Train Acc. 96.5786% | Test Loss: 0.0796 | Test Acc. 97.0000%
AdamP on CRC_transformed: T 2/3 | E 48/200 Ended | E Time: 59.074s | ~Time Left: 8979.203s |  Train Loss: 0.0915 | Train Acc. 96.7929% | Test Loss: 0.1557 | Test Acc. 95.2143%
AdamP on CRC_transformed: T 2/3 | E 49/200 Ended | E Time: 59.013s | ~Time Left: 8910.910s |  Train Loss: 0.0993 | Train Acc. 96.6143% | Test Loss: 0.1896 | Test Acc. 93.2857%
AdamP on CRC_transformed: T 2/3 | E 50/200 Ended | E Time: 59.021s | ~Time Left: 8853.135s |  Train Loss: 0.0930 | Train Acc. 96.9214% | Test Loss: 0.1938 | Test Acc. 93.5000%
AdamP on CRC_transformed: T 2/3 | E 51/200 Ended | E Time: 58.926s | ~Time Left: 8779.907s |  Train Loss: 0.0921 | Train Acc. 96.6857% | Test Loss: 0.1120 | Test Acc. 95.7143%
AdamP on CRC_transformed: T 2/3 | E 52/200 Ended | E Time: 58.971s | ~Time Left: 8727.656s |  Train Loss: 0.0944 | Train Acc. 96.7500% | Test Loss: 0.1038 | Test Acc. 96.7857%
AdamP on CRC_transformed: T 2/3 | E 53/200 Ended | E Time: 59.205s | ~Time Left: 8703.147s |  Train Loss: 0.0876 | Train Acc. 97.1857% | Test Loss: 0.0849 | Test Acc. 97.0000%
AdamP on CRC_transformed: T 2/3 | E 54/200 Ended | E Time: 59.111s | ~Time Left: 8630.256s |  Train Loss: 0.0888 | Train Acc. 96.9429% | Test Loss: 0.0785 | Test Acc. 97.1429%
AdamP on CRC_transformed: T 2/3 | E 55/200 Ended | E Time: 59.523s | ~Time Left: 8630.788s |  Train Loss: 0.0887 | Train Acc. 97.0357% | Test Loss: 0.0923 | Test Acc. 96.4286%
AdamP on CRC_transformed: T 2/3 | E 56/200 Ended | E Time: 58.957s | ~Time Left: 8489.753s |  Train Loss: 0.0812 | Train Acc. 97.2929% | Test Loss: 0.0737 | Test Acc. 97.4286%
AdamP on CRC_transformed: T 2/3 | E 57/200 Ended | E Time: 58.973s | ~Time Left: 8433.126s |  Train Loss: 0.0872 | Train Acc. 97.0857% | Test Loss: 0.0872 | Test Acc. 97.0000%
AdamP on CRC_transformed: T 2/3 | E 58/200 Ended | E Time: 59.222s | ~Time Left: 8409.510s |  Train Loss: 0.0842 | Train Acc. 97.1929% | Test Loss: 0.1180 | Test Acc. 95.8571%
AdamP on CRC_transformed: T 2/3 | E 59/200 Ended | E Time: 59.071s | ~Time Left: 8329.024s |  Train Loss: 0.0811 | Train Acc. 97.1429% | Test Loss: 0.0693 | Test Acc. 97.8571%
AdamP on CRC_transformed: T 2/3 | E 60/200 Ended | E Time: 59.189s | ~Time Left: 8286.457s |  Train Loss: 0.0844 | Train Acc. 96.9357% | Test Loss: 0.1133 | Test Acc. 96.5000%
AdamP on CRC_transformed: T 2/3 | E 61/200 Ended | E Time: 59.147s | ~Time Left: 8221.446s |  Train Loss: 0.0809 | Train Acc. 97.1786% | Test Loss: 0.0874 | Test Acc. 97.1429%
AdamP on CRC_transformed: T 2/3 | E 62/200 Ended | E Time: 58.986s | ~Time Left: 8140.030s |  Train Loss: 0.0851 | Train Acc. 97.1500% | Test Loss: 0.0869 | Test Acc. 97.3571%
AdamP on CRC_transformed: T 2/3 | E 63/200 Ended | E Time: 58.996s | ~Time Left: 8082.520s |  Train Loss: 0.0776 | Train Acc. 97.2500% | Test Loss: 0.0791 | Test Acc. 97.5714%
AdamP on CRC_transformed: T 2/3 | E 64/200 Ended | E Time: 59.045s | ~Time Left: 8030.071s |  Train Loss: 0.0843 | Train Acc. 97.0500% | Test Loss: 0.0810 | Test Acc. 97.0000%
AdamP on CRC_transformed: T 2/3 | E 65/200 Ended | E Time: 59.302s | ~Time Left: 8005.836s |  Train Loss: 0.0796 | Train Acc. 97.1929% | Test Loss: 0.1063 | Test Acc. 96.0714%
AdamP on CRC_transformed: T 2/3 | E 66/200 Ended | E Time: 59.034s | ~Time Left: 7910.614s |  Train Loss: 0.0744 | Train Acc. 97.4714% | Test Loss: 0.0716 | Test Acc. 97.7143%
AdamP on CRC_transformed: T 2/3 | E 67/200 Ended | E Time: 58.897s | ~Time Left: 7833.240s |  Train Loss: 0.0834 | Train Acc. 97.0429% | Test Loss: 0.1031 | Test Acc. 96.9286%
AdamP on CRC_transformed: T 2/3 | E 68/200 Ended | E Time: 59.039s | ~Time Left: 7793.117s |  Train Loss: 0.0783 | Train Acc. 97.2929% | Test Loss: 0.0841 | Test Acc. 96.9286%
AdamP on CRC_transformed: T 2/3 | E 69/200 Ended | E Time: 58.923s | ~Time Left: 7718.952s |  Train Loss: 0.0727 | Train Acc. 97.3571% | Test Loss: 0.0670 | Test Acc. 97.5714%
AdamP on CRC_transformed: T 2/3 | E 70/200 Ended | E Time: 59.253s | ~Time Left: 7702.907s |  Train Loss: 0.0778 | Train Acc. 97.4286% | Test Loss: 0.0936 | Test Acc. 96.4286%
AdamP on CRC_transformed: T 2/3 | E 71/200 Ended | E Time: 58.917s | ~Time Left: 7600.305s |  Train Loss: 0.0742 | Train Acc. 97.4357% | Test Loss: 0.0852 | Test Acc. 97.4286%
AdamP on CRC_transformed: T 2/3 | E 72/200 Ended | E Time: 59.046s | ~Time Left: 7557.893s |  Train Loss: 0.0740 | Train Acc. 97.4714% | Test Loss: 0.0630 | Test Acc. 98.0000%
AdamP on CRC_transformed: T 2/3 | E 73/200 Ended | E Time: 59.157s | ~Time Left: 7512.983s |  Train Loss: 0.0725 | Train Acc. 97.5000% | Test Loss: 0.0614 | Test Acc. 97.9286%
AdamP on CRC_transformed: T 2/3 | E 74/200 Ended | E Time: 59.061s | ~Time Left: 7441.732s |  Train Loss: 0.0662 | Train Acc. 97.6786% | Test Loss: 0.0852 | Test Acc. 97.0714%
AdamP on CRC_transformed: T 2/3 | E 75/200 Ended | E Time: 59.201s | ~Time Left: 7400.080s |  Train Loss: 0.0684 | Train Acc. 97.5857% | Test Loss: 0.0871 | Test Acc. 96.5000%
AdamP on CRC_transformed: T 2/3 | E 76/200 Ended | E Time: 58.946s | ~Time Left: 7309.263s |  Train Loss: 0.0691 | Train Acc. 97.4643% | Test Loss: 0.0605 | Test Acc. 98.3571%
AdamP on CRC_transformed: T 2/3 | E 77/200 Ended | E Time: 59.276s | ~Time Left: 7290.960s |  Train Loss: 0.0661 | Train Acc. 97.7286% | Test Loss: 0.0868 | Test Acc. 97.2857%
AdamP on CRC_transformed: T 2/3 | E 78/200 Ended | E Time: 59.101s | ~Time Left: 7210.342s |  Train Loss: 0.0661 | Train Acc. 97.6071% | Test Loss: 0.0905 | Test Acc. 97.4286%
AdamP on CRC_transformed: T 2/3 | E 79/200 Ended | E Time: 59.462s | ~Time Left: 7194.864s |  Train Loss: 0.0689 | Train Acc. 97.5786% | Test Loss: 0.0880 | Test Acc. 96.7857%
AdamP on CRC_transformed: T 2/3 | E 80/200 Ended | E Time: 59.033s | ~Time Left: 7083.940s |  Train Loss: 0.0737 | Train Acc. 97.4786% | Test Loss: 0.0915 | Test Acc. 96.7857%
AdamP on CRC_transformed: T 2/3 | E 81/200 Ended | E Time: 58.893s | ~Time Left: 7008.297s |  Train Loss: 0.0638 | Train Acc. 97.9214% | Test Loss: 0.0726 | Test Acc. 97.3571%
AdamP on CRC_transformed: T 2/3 | E 82/200 Ended | E Time: 59.123s | ~Time Left: 6976.484s |  Train Loss: 0.0702 | Train Acc. 97.5857% | Test Loss: 0.0602 | Test Acc. 98.0000%
AdamP on CRC_transformed: T 2/3 | E 83/200 Ended | E Time: 59.031s | ~Time Left: 6906.620s |  Train Loss: 0.0560 | Train Acc. 98.0571% | Test Loss: 0.0997 | Test Acc. 97.0000%
AdamP on CRC_transformed: T 2/3 | E 84/200 Ended | E Time: 59.057s | ~Time Left: 6850.655s |  Train Loss: 0.0647 | Train Acc. 97.7286% | Test Loss: 0.0648 | Test Acc. 97.8571%
AdamP on CRC_transformed: T 2/3 | E 85/200 Ended | E Time: 59.603s | ~Time Left: 6854.297s |  Train Loss: 0.0568 | Train Acc. 97.9143% | Test Loss: 0.0629 | Test Acc. 97.8571%
AdamP on CRC_transformed: T 2/3 | E 86/200 Ended | E Time: 59.017s | ~Time Left: 6727.893s |  Train Loss: 0.0649 | Train Acc. 97.7643% | Test Loss: 0.0965 | Test Acc. 97.2143%
AdamP on CRC_transformed: T 2/3 | E 87/200 Ended | E Time: 58.881s | ~Time Left: 6653.560s |  Train Loss: 0.0713 | Train Acc. 97.6143% | Test Loss: 0.0816 | Test Acc. 96.9286%
AdamP on CRC_transformed: T 2/3 | E 88/200 Ended | E Time: 59.013s | ~Time Left: 6609.478s |  Train Loss: 0.0583 | Train Acc. 98.0429% | Test Loss: 0.0977 | Test Acc. 96.9286%
AdamP on CRC_transformed: T 2/3 | E 89/200 Ended | E Time: 59.011s | ~Time Left: 6550.242s |  Train Loss: 0.0536 | Train Acc. 98.0643% | Test Loss: 0.0703 | Test Acc. 97.7857%
AdamP on CRC_transformed: T 2/3 | E 90/200 Ended | E Time: 58.859s | ~Time Left: 6474.543s |  Train Loss: 0.0665 | Train Acc. 97.7071% | Test Loss: 0.0720 | Test Acc. 97.6429%
AdamP on CRC_transformed: T 2/3 | E 91/200 Ended | E Time: 58.915s | ~Time Left: 6421.683s |  Train Loss: 0.0619 | Train Acc. 97.9214% | Test Loss: 0.0603 | Test Acc. 97.9286%
AdamP on CRC_transformed: T 2/3 | E 92/200 Ended | E Time: 59.211s | ~Time Left: 6394.827s |  Train Loss: 0.0595 | Train Acc. 97.8500% | Test Loss: 0.0826 | Test Acc. 97.5000%
AdamP on CRC_transformed: T 2/3 | E 93/200 Ended | E Time: 59.211s | ~Time Left: 6335.623s |  Train Loss: 0.0570 | Train Acc. 98.0357% | Test Loss: 0.1034 | Test Acc. 96.4286%
AdamP on CRC_transformed: T 2/3 | E 94/200 Ended | E Time: 59.663s | ~Time Left: 6324.283s |  Train Loss: 0.0634 | Train Acc. 97.7571% | Test Loss: 0.0657 | Test Acc. 97.6429%
AdamP on CRC_transformed: T 2/3 | E 95/200 Ended | E Time: 59.156s | ~Time Left: 6211.332s |  Train Loss: 0.0556 | Train Acc. 98.0929% | Test Loss: 0.0743 | Test Acc. 97.9286%
AdamP on CRC_transformed: T 2/3 | E 96/200 Ended | E Time: 59.091s | ~Time Left: 6145.503s |  Train Loss: 0.0566 | Train Acc. 98.0714% | Test Loss: 0.0732 | Test Acc. 97.4286%
AdamP on CRC_transformed: T 2/3 | E 97/200 Ended | E Time: 58.983s | ~Time Left: 6075.254s |  Train Loss: 0.0597 | Train Acc. 97.8143% | Test Loss: 0.1522 | Test Acc. 95.0714%
AdamP on CRC_transformed: T 2/3 | E 98/200 Ended | E Time: 59.157s | ~Time Left: 6033.969s |  Train Loss: 0.0605 | Train Acc. 97.8714% | Test Loss: 0.0590 | Test Acc. 98.2143%
AdamP on CRC_transformed: T 2/3 | E 99/200 Ended | E Time: 59.136s | ~Time Left: 5972.764s |  Train Loss: 0.0530 | Train Acc. 98.2929% | Test Loss: 0.0596 | Test Acc. 98.0714%
AdamP on CRC_transformed: T 2/3 | E 100/200 Ended | E Time: 59.503s | ~Time Left: 5950.320s |  Train Loss: 0.0515 | Train Acc. 98.2214% | Test Loss: 0.0730 | Test Acc. 97.7857%
AdamP on CRC_transformed: T 2/3 | E 101/200 Ended | E Time: 59.024s | ~Time Left: 5843.372s |  Train Loss: 0.0549 | Train Acc. 98.1143% | Test Loss: 0.0760 | Test Acc. 97.2143%
AdamP on CRC_transformed: T 2/3 | E 102/200 Ended | E Time: 59.149s | ~Time Left: 5796.620s |  Train Loss: 0.0521 | Train Acc. 98.2429% | Test Loss: 0.0752 | Test Acc. 97.2857%
AdamP on CRC_transformed: T 2/3 | E 103/200 Ended | E Time: 59.146s | ~Time Left: 5737.194s |  Train Loss: 0.0504 | Train Acc. 98.2429% | Test Loss: 0.0608 | Test Acc. 97.9286%
AdamP on CRC_transformed: T 2/3 | E 104/200 Ended | E Time: 59.561s | ~Time Left: 5717.868s |  Train Loss: 0.0541 | Train Acc. 98.1357% | Test Loss: 0.0578 | Test Acc. 98.1429%
AdamP on CRC_transformed: T 2/3 | E 105/200 Ended | E Time: 59.185s | ~Time Left: 5622.612s |  Train Loss: 0.0546 | Train Acc. 98.0286% | Test Loss: 0.0922 | Test Acc. 96.5714%
AdamP on CRC_transformed: T 2/3 | E 106/200 Ended | E Time: 59.123s | ~Time Left: 5557.563s |  Train Loss: 0.0540 | Train Acc. 98.1929% | Test Loss: 0.0537 | Test Acc. 97.9286%
AdamP on CRC_transformed: T 2/3 | E 107/200 Ended | E Time: 58.901s | ~Time Left: 5477.821s |  Train Loss: 0.0456 | Train Acc. 98.4214% | Test Loss: 0.0959 | Test Acc. 97.0714%
AdamP on CRC_transformed: T 2/3 | E 108/200 Ended | E Time: 59.210s | ~Time Left: 5447.290s |  Train Loss: 0.0525 | Train Acc. 98.0786% | Test Loss: 0.0946 | Test Acc. 97.0714%
AdamP on CRC_transformed: T 2/3 | E 109/200 Ended | E Time: 59.152s | ~Time Left: 5382.800s |  Train Loss: 0.0501 | Train Acc. 98.2214% | Test Loss: 0.0632 | Test Acc. 98.1429%
AdamP on CRC_transformed: T 2/3 | E 110/200 Ended | E Time: 59.166s | ~Time Left: 5324.933s |  Train Loss: 0.0525 | Train Acc. 98.1786% | Test Loss: 0.0683 | Test Acc. 97.3571%
AdamP on CRC_transformed: T 2/3 | E 111/200 Ended | E Time: 59.131s | ~Time Left: 5262.659s |  Train Loss: 0.0455 | Train Acc. 98.3929% | Test Loss: 0.0676 | Test Acc. 97.5714%
AdamP on CRC_transformed: T 2/3 | E 112/200 Ended | E Time: 59.184s | ~Time Left: 5208.184s |  Train Loss: 0.0504 | Train Acc. 98.2500% | Test Loss: 0.0847 | Test Acc. 96.8571%
AdamP on CRC_transformed: T 2/3 | E 113/200 Ended | E Time: 59.176s | ~Time Left: 5148.329s |  Train Loss: 0.0457 | Train Acc. 98.4214% | Test Loss: 0.0484 | Test Acc. 98.4286%
AdamP on CRC_transformed: T 2/3 | E 114/200 Ended | E Time: 58.832s | ~Time Left: 5059.595s |  Train Loss: 0.0499 | Train Acc. 98.2500% | Test Loss: 0.0708 | Test Acc. 97.7857%
AdamP on CRC_transformed: T 2/3 | E 115/200 Ended | E Time: 59.255s | ~Time Left: 5036.698s |  Train Loss: 0.0493 | Train Acc. 98.2286% | Test Loss: 0.0685 | Test Acc. 98.0000%
AdamP on CRC_transformed: T 2/3 | E 116/200 Ended | E Time: 59.213s | ~Time Left: 4973.903s |  Train Loss: 0.0501 | Train Acc. 98.3000% | Test Loss: 0.0642 | Test Acc. 98.1429%
AdamP on CRC_transformed: T 2/3 | E 117/200 Ended | E Time: 59.071s | ~Time Left: 4902.883s |  Train Loss: 0.0478 | Train Acc. 98.3714% | Test Loss: 0.0589 | Test Acc. 97.7857%
AdamP on CRC_transformed: T 2/3 | E 118/200 Ended | E Time: 59.166s | ~Time Left: 4851.576s |  Train Loss: 0.0507 | Train Acc. 98.4500% | Test Loss: 0.1005 | Test Acc. 95.9286%
AdamP on CRC_transformed: T 2/3 | E 119/200 Ended | E Time: 59.042s | ~Time Left: 4782.370s |  Train Loss: 0.0412 | Train Acc. 98.6571% | Test Loss: 0.0584 | Test Acc. 97.6429%
AdamP on CRC_transformed: T 2/3 | E 120/200 Ended | E Time: 59.127s | ~Time Left: 4730.197s |  Train Loss: 0.0544 | Train Acc. 98.1143% | Test Loss: 0.1705 | Test Acc. 95.2143%
AdamP on CRC_transformed: T 2/3 | E 121/200 Ended | E Time: 58.842s | ~Time Left: 4648.556s |  Train Loss: 0.0408 | Train Acc. 98.5214% | Test Loss: 0.0739 | Test Acc. 98.3571%
AdamP on CRC_transformed: T 2/3 | E 122/200 Ended | E Time: 59.224s | ~Time Left: 4619.501s |  Train Loss: 0.0485 | Train Acc. 98.2643% | Test Loss: 0.0631 | Test Acc. 97.8571%
AdamP on CRC_transformed: T 2/3 | E 123/200 Ended | E Time: 59.084s | ~Time Left: 4549.475s |  Train Loss: 0.0473 | Train Acc. 98.4143% | Test Loss: 0.0943 | Test Acc. 97.0714%
AdamP on CRC_transformed: T 2/3 | E 124/200 Ended | E Time: 58.956s | ~Time Left: 4480.647s |  Train Loss: 0.0477 | Train Acc. 98.3143% | Test Loss: 0.0543 | Test Acc. 98.1429%
AdamP on CRC_transformed: T 2/3 | E 125/200 Ended | E Time: 59.033s | ~Time Left: 4427.441s |  Train Loss: 0.0418 | Train Acc. 98.4000% | Test Loss: 0.1068 | Test Acc. 96.8571%
AdamP on CRC_transformed: T 2/3 | E 126/200 Ended | E Time: 59.003s | ~Time Left: 4366.206s |  Train Loss: 0.0493 | Train Acc. 98.2786% | Test Loss: 0.1154 | Test Acc. 96.2857%
AdamP on CRC_transformed: T 2/3 | E 127/200 Ended | E Time: 59.017s | ~Time Left: 4308.276s |  Train Loss: 0.0423 | Train Acc. 98.4857% | Test Loss: 0.0598 | Test Acc. 98.5000%
AdamP on CRC_transformed: T 2/3 | E 128/200 Ended | E Time: 58.969s | ~Time Left: 4245.763s |  Train Loss: 0.0463 | Train Acc. 98.3071% | Test Loss: 0.0823 | Test Acc. 98.0000%
AdamP on CRC_transformed: T 2/3 | E 129/200 Ended | E Time: 59.681s | ~Time Left: 4237.332s |  Train Loss: 0.0451 | Train Acc. 98.4286% | Test Loss: 0.0767 | Test Acc. 97.1429%
AdamP on CRC_transformed: T 2/3 | E 130/200 Ended | E Time: 59.143s | ~Time Left: 4139.982s |  Train Loss: 0.0469 | Train Acc. 98.4643% | Test Loss: 0.1224 | Test Acc. 95.9286%
AdamP on CRC_transformed: T 2/3 | E 131/200 Ended | E Time: 59.440s | ~Time Left: 4101.364s |  Train Loss: 0.0360 | Train Acc. 98.7571% | Test Loss: 0.0724 | Test Acc. 97.8571%
AdamP on CRC_transformed: T 2/3 | E 132/200 Ended | E Time: 59.163s | ~Time Left: 4023.116s |  Train Loss: 0.0399 | Train Acc. 98.5857% | Test Loss: 0.0654 | Test Acc. 97.7857%
AdamP on CRC_transformed: T 2/3 | E 133/200 Ended | E Time: 59.160s | ~Time Left: 3963.734s |  Train Loss: 0.0388 | Train Acc. 98.6929% | Test Loss: 0.0625 | Test Acc. 98.2143%
AdamP on CRC_transformed: T 2/3 | E 134/200 Ended | E Time: 59.125s | ~Time Left: 3902.267s |  Train Loss: 0.0512 | Train Acc. 98.2071% | Test Loss: 0.0903 | Test Acc. 97.0714%
AdamP on CRC_transformed: T 2/3 | E 135/200 Ended | E Time: 59.319s | ~Time Left: 3855.740s |  Train Loss: 0.0441 | Train Acc. 98.4643% | Test Loss: 0.1025 | Test Acc. 97.3571%
AdamP on CRC_transformed: T 2/3 | E 136/200 Ended | E Time: 59.105s | ~Time Left: 3782.743s |  Train Loss: 0.0396 | Train Acc. 98.6500% | Test Loss: 0.0852 | Test Acc. 98.0714%
AdamP on CRC_transformed: T 2/3 | E 137/200 Ended | E Time: 59.027s | ~Time Left: 3718.676s |  Train Loss: 0.0405 | Train Acc. 98.5857% | Test Loss: 0.0576 | Test Acc. 97.7857%
AdamP on CRC_transformed: T 2/3 | E 138/200 Ended | E Time: 59.126s | ~Time Left: 3665.814s |  Train Loss: 0.0418 | Train Acc. 98.6786% | Test Loss: 0.0894 | Test Acc. 97.0714%
AdamP on CRC_transformed: T 2/3 | E 139/200 Ended | E Time: 59.018s | ~Time Left: 3600.107s |  Train Loss: 0.0451 | Train Acc. 98.4071% | Test Loss: 0.0729 | Test Acc. 97.3571%
AdamP on CRC_transformed: T 2/3 | E 140/200 Ended | E Time: 59.389s | ~Time Left: 3563.363s |  Train Loss: 0.0371 | Train Acc. 98.6286% | Test Loss: 0.0703 | Test Acc. 97.8571%
AdamP on CRC_transformed: T 2/3 | E 141/200 Ended | E Time: 59.155s | ~Time Left: 3490.129s |  Train Loss: 0.0387 | Train Acc. 98.6857% | Test Loss: 0.0731 | Test Acc. 97.4286%
AdamP on CRC_transformed: T 2/3 | E 142/200 Ended | E Time: 59.252s | ~Time Left: 3436.601s |  Train Loss: 0.0371 | Train Acc. 98.6429% | Test Loss: 0.0709 | Test Acc. 97.9286%
AdamP on CRC_transformed: T 2/3 | E 143/200 Ended | E Time: 59.428s | ~Time Left: 3387.400s |  Train Loss: 0.0435 | Train Acc. 98.4786% | Test Loss: 0.0567 | Test Acc. 98.4286%
AdamP on CRC_transformed: T 2/3 | E 144/200 Ended | E Time: 59.103s | ~Time Left: 3309.791s |  Train Loss: 0.0409 | Train Acc. 98.6000% | Test Loss: 0.0777 | Test Acc. 97.7857%
AdamP on CRC_transformed: T 2/3 | E 145/200 Ended | E Time: 59.072s | ~Time Left: 3248.940s |  Train Loss: 0.0424 | Train Acc. 98.4857% | Test Loss: 0.0604 | Test Acc. 98.0714%
AdamP on CRC_transformed: T 2/3 | E 146/200 Ended | E Time: 59.113s | ~Time Left: 3192.077s |  Train Loss: 0.0410 | Train Acc. 98.6357% | Test Loss: 0.0680 | Test Acc. 97.7857%
AdamP on CRC_transformed: T 2/3 | E 147/200 Ended | E Time: 59.278s | ~Time Left: 3141.725s |  Train Loss: 0.0420 | Train Acc. 98.6143% | Test Loss: 0.0634 | Test Acc. 97.8571%
AdamP on CRC_transformed: T 2/3 | E 148/200 Ended | E Time: 58.995s | ~Time Left: 3067.749s |  Train Loss: 0.0394 | Train Acc. 98.6571% | Test Loss: 0.0693 | Test Acc. 97.6429%
AdamP on CRC_transformed: T 2/3 | E 149/200 Ended | E Time: 59.159s | ~Time Left: 3017.103s |  Train Loss: 0.0366 | Train Acc. 98.7000% | Test Loss: 0.0897 | Test Acc. 97.2857%
AdamP on CRC_transformed: T 2/3 | E 150/200 Ended | E Time: 58.981s | ~Time Left: 2949.068s |  Train Loss: 0.0400 | Train Acc. 98.6143% | Test Loss: 0.0825 | Test Acc. 96.9286%
AdamP on CRC_transformed: T 2/3 | E 151/200 Ended | E Time: 59.166s | ~Time Left: 2899.147s |  Train Loss: 0.0378 | Train Acc. 98.7143% | Test Loss: 0.1018 | Test Acc. 96.7857%
AdamP on CRC_transformed: T 2/3 | E 152/200 Ended | E Time: 59.120s | ~Time Left: 2837.769s |  Train Loss: 0.0346 | Train Acc. 98.7357% | Test Loss: 0.0805 | Test Acc. 97.3571%
AdamP on CRC_transformed: T 2/3 | E 153/200 Ended | E Time: 58.940s | ~Time Left: 2770.174s |  Train Loss: 0.0409 | Train Acc. 98.6214% | Test Loss: 0.0847 | Test Acc. 97.4286%
AdamP on CRC_transformed: T 2/3 | E 154/200 Ended | E Time: 59.010s | ~Time Left: 2714.445s |  Train Loss: 0.0396 | Train Acc. 98.6714% | Test Loss: 0.0582 | Test Acc. 98.4286%
AdamP on CRC_transformed: T 2/3 | E 155/200 Ended | E Time: 59.084s | ~Time Left: 2658.770s |  Train Loss: 0.0343 | Train Acc. 98.7357% | Test Loss: 0.0670 | Test Acc. 98.0714%
AdamP on CRC_transformed: T 2/3 | E 156/200 Ended | E Time: 59.100s | ~Time Left: 2600.381s |  Train Loss: 0.0341 | Train Acc. 98.7786% | Test Loss: 0.0774 | Test Acc. 97.7857%
AdamP on CRC_transformed: T 2/3 | E 157/200 Ended | E Time: 59.116s | ~Time Left: 2541.973s |  Train Loss: 0.0393 | Train Acc. 98.5571% | Test Loss: 0.0748 | Test Acc. 97.4286%
AdamP on CRC_transformed: T 2/3 | E 158/200 Ended | E Time: 59.240s | ~Time Left: 2488.099s |  Train Loss: 0.0345 | Train Acc. 98.7571% | Test Loss: 0.0714 | Test Acc. 97.7857%
AdamP on CRC_transformed: T 2/3 | E 159/200 Ended | E Time: 58.930s | ~Time Left: 2416.142s |  Train Loss: 0.0370 | Train Acc. 98.6500% | Test Loss: 0.0641 | Test Acc. 98.2857%
AdamP on CRC_transformed: T 2/3 | E 160/200 Ended | E Time: 59.243s | ~Time Left: 2369.715s |  Train Loss: 0.0381 | Train Acc. 98.7429% | Test Loss: 0.0914 | Test Acc. 97.7857%
AdamP on CRC_transformed: T 2/3 | E 161/200 Ended | E Time: 58.995s | ~Time Left: 2300.804s |  Train Loss: 0.0336 | Train Acc. 98.8857% | Test Loss: 0.0561 | Test Acc. 98.5000%
AdamP on CRC_transformed: T 2/3 | E 162/200 Ended | E Time: 59.040s | ~Time Left: 2243.533s |  Train Loss: 0.0432 | Train Acc. 98.4643% | Test Loss: 0.0826 | Test Acc. 97.7143%
AdamP on CRC_transformed: T 2/3 | E 163/200 Ended | E Time: 59.321s | ~Time Left: 2194.873s |  Train Loss: 0.0334 | Train Acc. 98.9357% | Test Loss: 0.0873 | Test Acc. 97.4286%
AdamP on CRC_transformed: T 2/3 | E 164/200 Ended | E Time: 59.123s | ~Time Left: 2128.430s |  Train Loss: 0.0388 | Train Acc. 98.6143% | Test Loss: 0.0741 | Test Acc. 97.5714%
AdamP on CRC_transformed: T 2/3 | E 165/200 Ended | E Time: 59.025s | ~Time Left: 2065.890s |  Train Loss: 0.0369 | Train Acc. 98.6857% | Test Loss: 0.0767 | Test Acc. 97.7143%
AdamP on CRC_transformed: T 2/3 | E 166/200 Ended | E Time: 59.269s | ~Time Left: 2015.133s |  Train Loss: 0.0355 | Train Acc. 98.8286% | Test Loss: 0.0844 | Test Acc. 97.7143%
AdamP on CRC_transformed: T 2/3 | E 167/200 Ended | E Time: 59.184s | ~Time Left: 1953.062s |  Train Loss: 0.0377 | Train Acc. 98.7357% | Test Loss: 0.0765 | Test Acc. 97.5714%
AdamP on CRC_transformed: T 2/3 | E 168/200 Ended | E Time: 59.147s | ~Time Left: 1892.709s |  Train Loss: 0.0288 | Train Acc. 98.9357% | Test Loss: 0.0440 | Test Acc. 98.5714%
AdamP on CRC_transformed: T 2/3 | E 169/200 Ended | E Time: 58.995s | ~Time Left: 1828.859s |  Train Loss: 0.0290 | Train Acc. 98.9286% | Test Loss: 0.0662 | Test Acc. 97.9286%
AdamP on CRC_transformed: T 2/3 | E 170/200 Ended | E Time: 59.148s | ~Time Left: 1774.433s |  Train Loss: 0.0351 | Train Acc. 98.9000% | Test Loss: 0.1201 | Test Acc. 96.8571%
AdamP on CRC_transformed: T 2/3 | E 171/200 Ended | E Time: 59.073s | ~Time Left: 1713.106s |  Train Loss: 0.0354 | Train Acc. 98.7000% | Test Loss: 0.0967 | Test Acc. 97.0000%
AdamP on CRC_transformed: T 2/3 | E 172/200 Ended | E Time: 59.219s | ~Time Left: 1658.126s |  Train Loss: 0.0404 | Train Acc. 98.6357% | Test Loss: 0.1268 | Test Acc. 96.9286%
AdamP on CRC_transformed: T 2/3 | E 173/200 Ended | E Time: 59.445s | ~Time Left: 1605.007s |  Train Loss: 0.0346 | Train Acc. 98.7643% | Test Loss: 0.0874 | Test Acc. 97.0000%
AdamP on CRC_transformed: T 2/3 | E 174/200 Ended | E Time: 59.114s | ~Time Left: 1536.959s |  Train Loss: 0.0317 | Train Acc. 99.0500% | Test Loss: 0.0936 | Test Acc. 97.1429%
AdamP on CRC_transformed: T 2/3 | E 175/200 Ended | E Time: 59.001s | ~Time Left: 1475.019s |  Train Loss: 0.0357 | Train Acc. 98.7786% | Test Loss: 0.0719 | Test Acc. 98.0000%
AdamP on CRC_transformed: T 2/3 | E 176/200 Ended | E Time: 59.122s | ~Time Left: 1418.937s |  Train Loss: 0.0313 | Train Acc. 98.9214% | Test Loss: 0.0705 | Test Acc. 97.5714%
AdamP on CRC_transformed: T 2/3 | E 177/200 Ended | E Time: 59.097s | ~Time Left: 1359.223s |  Train Loss: 0.0297 | Train Acc. 99.0357% | Test Loss: 0.0814 | Test Acc. 97.7857%
AdamP on CRC_transformed: T 2/3 | E 178/200 Ended | E Time: 59.194s | ~Time Left: 1302.264s |  Train Loss: 0.0326 | Train Acc. 98.8857% | Test Loss: 0.0996 | Test Acc. 96.9286%
AdamP on CRC_transformed: T 2/3 | E 179/200 Ended | E Time: 59.246s | ~Time Left: 1244.176s |  Train Loss: 0.0274 | Train Acc. 99.0214% | Test Loss: 0.0741 | Test Acc. 97.7857%
AdamP on CRC_transformed: T 2/3 | E 180/200 Ended | E Time: 59.041s | ~Time Left: 1180.811s |  Train Loss: 0.0374 | Train Acc. 98.6786% | Test Loss: 0.0784 | Test Acc. 97.3571%
AdamP on CRC_transformed: T 2/3 | E 181/200 Ended | E Time: 58.839s | ~Time Left: 1117.937s |  Train Loss: 0.0284 | Train Acc. 99.0143% | Test Loss: 0.0701 | Test Acc. 97.5000%
AdamP on CRC_transformed: T 2/3 | E 182/200 Ended | E Time: 59.430s | ~Time Left: 1069.737s |  Train Loss: 0.0365 | Train Acc. 98.7500% | Test Loss: 0.0502 | Test Acc. 98.1429%
AdamP on CRC_transformed: T 2/3 | E 183/200 Ended | E Time: 59.076s | ~Time Left: 1004.293s |  Train Loss: 0.0289 | Train Acc. 98.9214% | Test Loss: 0.0505 | Test Acc. 98.5000%
AdamP on CRC_transformed: T 2/3 | E 184/200 Ended | E Time: 59.230s | ~Time Left: 947.688s |  Train Loss: 0.0248 | Train Acc. 99.1714% | Test Loss: 0.0526 | Test Acc. 98.2143%
AdamP on CRC_transformed: T 2/3 | E 185/200 Ended | E Time: 59.283s | ~Time Left: 889.248s |  Train Loss: 0.0333 | Train Acc. 98.9571% | Test Loss: 0.0728 | Test Acc. 97.3571%
AdamP on CRC_transformed: T 2/3 | E 186/200 Ended | E Time: 59.258s | ~Time Left: 829.610s |  Train Loss: 0.0350 | Train Acc. 98.7643% | Test Loss: 0.0624 | Test Acc. 98.3571%
AdamP on CRC_transformed: T 2/3 | E 187/200 Ended | E Time: 59.014s | ~Time Left: 767.179s |  Train Loss: 0.0249 | Train Acc. 99.1357% | Test Loss: 0.1339 | Test Acc. 96.5000%
AdamP on CRC_transformed: T 2/3 | E 188/200 Ended | E Time: 59.204s | ~Time Left: 710.449s |  Train Loss: 0.0322 | Train Acc. 98.8857% | Test Loss: 0.0690 | Test Acc. 97.8571%
AdamP on CRC_transformed: T 2/3 | E 189/200 Ended | E Time: 59.026s | ~Time Left: 649.289s |  Train Loss: 0.0305 | Train Acc. 98.9286% | Test Loss: 0.0704 | Test Acc. 97.8571%
AdamP on CRC_transformed: T 2/3 | E 190/200 Ended | E Time: 59.003s | ~Time Left: 590.026s |  Train Loss: 0.0265 | Train Acc. 99.1143% | Test Loss: 0.0707 | Test Acc. 98.2857%
AdamP on CRC_transformed: T 2/3 | E 191/200 Ended | E Time: 59.219s | ~Time Left: 532.971s |  Train Loss: 0.0319 | Train Acc. 98.8643% | Test Loss: 0.0678 | Test Acc. 98.0000%
AdamP on CRC_transformed: T 2/3 | E 192/200 Ended | E Time: 59.332s | ~Time Left: 474.654s |  Train Loss: 0.0311 | Train Acc. 98.9429% | Test Loss: 0.0923 | Test Acc. 97.2857%
AdamP on CRC_transformed: T 2/3 | E 193/200 Ended | E Time: 58.974s | ~Time Left: 412.820s |  Train Loss: 0.0296 | Train Acc. 99.0786% | Test Loss: 0.0609 | Test Acc. 98.5714%
AdamP on CRC_transformed: T 2/3 | E 194/200 Ended | E Time: 59.112s | ~Time Left: 354.669s |  Train Loss: 0.0310 | Train Acc. 98.8429% | Test Loss: 0.0981 | Test Acc. 97.8571%
AdamP on CRC_transformed: T 2/3 | E 195/200 Ended | E Time: 59.162s | ~Time Left: 295.809s |  Train Loss: 0.0374 | Train Acc. 98.7357% | Test Loss: 0.0854 | Test Acc. 97.0714%
AdamP on CRC_transformed: T 2/3 | E 196/200 Ended | E Time: 59.030s | ~Time Left: 236.120s |  Train Loss: 0.0250 | Train Acc. 99.1286% | Test Loss: 0.1032 | Test Acc. 97.7143%
AdamP on CRC_transformed: T 2/3 | E 197/200 Ended | E Time: 59.022s | ~Time Left: 177.067s |  Train Loss: 0.0304 | Train Acc. 98.9429% | Test Loss: 0.1220 | Test Acc. 96.2143%
AdamP on CRC_transformed: T 2/3 | E 198/200 Ended | E Time: 59.100s | ~Time Left: 118.199s |  Train Loss: 0.0260 | Train Acc. 99.1143% | Test Loss: 0.0600 | Test Acc. 97.8571%
AdamP on CRC_transformed: T 2/3 | E 199/200 Ended | E Time: 58.915s | ~Time Left: 58.915s |  Train Loss: 0.0310 | Train Acc. 98.9429% | Test Loss: 0.0787 | Test Acc. 97.7857%
AdamP on CRC_transformed: T 2/3 | E 200/200 Ended | E Time: 59.058s | ~Time Left: 0.000s |  Train Loss: 0.0367 | Train Acc. 98.7071% | Test Loss: 0.0915 | Test Acc. 97.2143%
AdamP on CRC_transformed: T 3/3 | E 1/200 Ended | E Time: 59.161s | ~Time Left: 11773.084s |  Train Loss: 0.9235 | Train Acc. 64.8857% | Test Loss: 1.0002 | Test Acc. 63.1429%
AdamP on CRC_transformed: T 3/3 | E 2/200 Ended | E Time: 59.162s | ~Time Left: 11714.153s |  Train Loss: 0.6532 | Train Acc. 76.0000% | Test Loss: 0.6035 | Test Acc. 77.4286%
AdamP on CRC_transformed: T 3/3 | E 3/200 Ended | E Time: 59.019s | ~Time Left: 11626.718s |  Train Loss: 0.5280 | Train Acc. 81.0357% | Test Loss: 0.7923 | Test Acc. 74.7143%
AdamP on CRC_transformed: T 3/3 | E 4/200 Ended | E Time: 59.069s | ~Time Left: 11577.465s |  Train Loss: 0.4143 | Train Acc. 85.4500% | Test Loss: 0.2629 | Test Acc. 90.8571%
AdamP on CRC_transformed: T 3/3 | E 5/200 Ended | E Time: 59.057s | ~Time Left: 11516.173s |  Train Loss: 0.3636 | Train Acc. 87.4786% | Test Loss: 0.3397 | Test Acc. 88.3571%
AdamP on CRC_transformed: T 3/3 | E 6/200 Ended | E Time: 59.347s | ~Time Left: 11513.266s |  Train Loss: 0.3103 | Train Acc. 89.1357% | Test Loss: 0.2671 | Test Acc. 90.6429%
AdamP on CRC_transformed: T 3/3 | E 7/200 Ended | E Time: 59.243s | ~Time Left: 11433.947s |  Train Loss: 0.2930 | Train Acc. 89.8786% | Test Loss: 0.2409 | Test Acc. 92.0000%
AdamP on CRC_transformed: T 3/3 | E 8/200 Ended | E Time: 59.214s | ~Time Left: 11369.084s |  Train Loss: 0.2585 | Train Acc. 91.0857% | Test Loss: 0.4404 | Test Acc. 83.3571%
AdamP on CRC_transformed: T 3/3 | E 9/200 Ended | E Time: 59.056s | ~Time Left: 11279.745s |  Train Loss: 0.2370 | Train Acc. 91.7786% | Test Loss: 0.2617 | Test Acc. 91.1429%
AdamP on CRC_transformed: T 3/3 | E 10/200 Ended | E Time: 59.120s | ~Time Left: 11232.886s |  Train Loss: 0.2298 | Train Acc. 92.1071% | Test Loss: 0.2222 | Test Acc. 91.6429%
AdamP on CRC_transformed: T 3/3 | E 11/200 Ended | E Time: 58.839s | ~Time Left: 11120.655s |  Train Loss: 0.2233 | Train Acc. 92.0571% | Test Loss: 0.1550 | Test Acc. 95.2143%
AdamP on CRC_transformed: T 3/3 | E 12/200 Ended | E Time: 59.205s | ~Time Left: 11130.594s |  Train Loss: 0.2178 | Train Acc. 92.5000% | Test Loss: 0.2354 | Test Acc. 92.4286%
AdamP on CRC_transformed: T 3/3 | E 13/200 Ended | E Time: 59.298s | ~Time Left: 11088.771s |  Train Loss: 0.1968 | Train Acc. 93.0643% | Test Loss: 0.2838 | Test Acc. 89.7857%
AdamP on CRC_transformed: T 3/3 | E 14/200 Ended | E Time: 59.112s | ~Time Left: 10994.897s |  Train Loss: 0.1930 | Train Acc. 93.3071% | Test Loss: 0.3090 | Test Acc. 89.6429%
AdamP on CRC_transformed: T 3/3 | E 15/200 Ended | E Time: 59.228s | ~Time Left: 10957.134s |  Train Loss: 0.1888 | Train Acc. 93.2143% | Test Loss: 0.1452 | Test Acc. 95.0000%
AdamP on CRC_transformed: T 3/3 | E 16/200 Ended | E Time: 59.258s | ~Time Left: 10903.477s |  Train Loss: 0.1808 | Train Acc. 93.8571% | Test Loss: 0.1427 | Test Acc. 94.8571%
AdamP on CRC_transformed: T 3/3 | E 17/200 Ended | E Time: 59.382s | ~Time Left: 10866.927s |  Train Loss: 0.1863 | Train Acc. 93.6214% | Test Loss: 0.1301 | Test Acc. 95.5714%
AdamP on CRC_transformed: T 3/3 | E 18/200 Ended | E Time: 58.811s | ~Time Left: 10703.660s |  Train Loss: 0.1703 | Train Acc. 94.1286% | Test Loss: 0.1329 | Test Acc. 95.3571%
AdamP on CRC_transformed: T 3/3 | E 19/200 Ended | E Time: 59.253s | ~Time Left: 10724.799s |  Train Loss: 0.1668 | Train Acc. 94.1571% | Test Loss: 0.1295 | Test Acc. 96.2143%
AdamP on CRC_transformed: T 3/3 | E 20/200 Ended | E Time: 59.440s | ~Time Left: 10699.262s |  Train Loss: 0.1593 | Train Acc. 94.5500% | Test Loss: 0.1050 | Test Acc. 96.2143%
AdamP on CRC_transformed: T 3/3 | E 21/200 Ended | E Time: 58.913s | ~Time Left: 10545.455s |  Train Loss: 0.1601 | Train Acc. 94.6071% | Test Loss: 0.1569 | Test Acc. 95.0000%
AdamP on CRC_transformed: T 3/3 | E 22/200 Ended | E Time: 59.137s | ~Time Left: 10526.391s |  Train Loss: 0.1475 | Train Acc. 95.0429% | Test Loss: 0.1665 | Test Acc. 94.5000%
AdamP on CRC_transformed: T 3/3 | E 23/200 Ended | E Time: 59.072s | ~Time Left: 10455.685s |  Train Loss: 0.1532 | Train Acc. 94.6929% | Test Loss: 0.1510 | Test Acc. 94.1429%
AdamP on CRC_transformed: T 3/3 | E 24/200 Ended | E Time: 59.042s | ~Time Left: 10391.381s |  Train Loss: 0.1480 | Train Acc. 94.8286% | Test Loss: 0.1395 | Test Acc. 95.0714%
AdamP on CRC_transformed: T 3/3 | E 25/200 Ended | E Time: 58.992s | ~Time Left: 10323.678s |  Train Loss: 0.1409 | Train Acc. 95.1929% | Test Loss: 0.1033 | Test Acc. 96.7143%
AdamP on CRC_transformed: T 3/3 | E 26/200 Ended | E Time: 59.077s | ~Time Left: 10279.484s |  Train Loss: 0.1347 | Train Acc. 95.4571% | Test Loss: 0.1198 | Test Acc. 96.2857%
AdamP on CRC_transformed: T 3/3 | E 27/200 Ended | E Time: 58.991s | ~Time Left: 10205.433s |  Train Loss: 0.1380 | Train Acc. 95.4143% | Test Loss: 0.1195 | Test Acc. 95.9286%
AdamP on CRC_transformed: T 3/3 | E 28/200 Ended | E Time: 59.119s | ~Time Left: 10168.403s |  Train Loss: 0.1393 | Train Acc. 95.0286% | Test Loss: 0.1196 | Test Acc. 96.0714%
AdamP on CRC_transformed: T 3/3 | E 29/200 Ended | E Time: 58.924s | ~Time Left: 10075.930s |  Train Loss: 0.1333 | Train Acc. 95.2643% | Test Loss: 0.1074 | Test Acc. 96.4286%
AdamP on CRC_transformed: T 3/3 | E 30/200 Ended | E Time: 59.137s | ~Time Left: 10053.241s |  Train Loss: 0.1228 | Train Acc. 95.6857% | Test Loss: 0.0973 | Test Acc. 97.1429%
AdamP on CRC_transformed: T 3/3 | E 31/200 Ended | E Time: 59.239s | ~Time Left: 10011.413s |  Train Loss: 0.1256 | Train Acc. 95.5786% | Test Loss: 0.1254 | Test Acc. 95.8571%
AdamP on CRC_transformed: T 3/3 | E 32/200 Ended | E Time: 59.265s | ~Time Left: 9956.440s |  Train Loss: 0.1269 | Train Acc. 95.7357% | Test Loss: 0.1359 | Test Acc. 95.0000%
AdamP on CRC_transformed: T 3/3 | E 33/200 Ended | E Time: 59.008s | ~Time Left: 9854.296s |  Train Loss: 0.1185 | Train Acc. 95.8214% | Test Loss: 0.1302 | Test Acc. 95.5714%
AdamP on CRC_transformed: T 3/3 | E 34/200 Ended | E Time: 59.115s | ~Time Left: 9813.035s |  Train Loss: 0.1126 | Train Acc. 96.1429% | Test Loss: 0.0880 | Test Acc. 97.0000%
AdamP on CRC_transformed: T 3/3 | E 35/200 Ended | E Time: 58.989s | ~Time Left: 9733.185s |  Train Loss: 0.1232 | Train Acc. 95.6929% | Test Loss: 0.1487 | Test Acc. 94.7857%
AdamP on CRC_transformed: T 3/3 | E 36/200 Ended | E Time: 58.963s | ~Time Left: 9669.877s |  Train Loss: 0.1158 | Train Acc. 96.2214% | Test Loss: 0.0978 | Test Acc. 96.7143%
AdamP on CRC_transformed: T 3/3 | E 37/200 Ended | E Time: 59.024s | ~Time Left: 9620.946s |  Train Loss: 0.1162 | Train Acc. 95.9786% | Test Loss: 0.1120 | Test Acc. 96.7143%
AdamP on CRC_transformed: T 3/3 | E 38/200 Ended | E Time: 59.026s | ~Time Left: 9562.233s |  Train Loss: 0.1117 | Train Acc. 96.1929% | Test Loss: 0.0938 | Test Acc. 96.7857%
AdamP on CRC_transformed: T 3/3 | E 39/200 Ended | E Time: 59.154s | ~Time Left: 9523.758s |  Train Loss: 0.1053 | Train Acc. 96.2357% | Test Loss: 0.0865 | Test Acc. 97.1429%
AdamP on CRC_transformed: T 3/3 | E 40/200 Ended | E Time: 59.030s | ~Time Left: 9444.746s |  Train Loss: 0.1108 | Train Acc. 96.2643% | Test Loss: 0.0920 | Test Acc. 96.6429%
AdamP on CRC_transformed: T 3/3 | E 41/200 Ended | E Time: 59.145s | ~Time Left: 9404.045s |  Train Loss: 0.1074 | Train Acc. 96.2571% | Test Loss: 0.1158 | Test Acc. 96.2143%
AdamP on CRC_transformed: T 3/3 | E 42/200 Ended | E Time: 58.900s | ~Time Left: 9306.206s |  Train Loss: 0.1080 | Train Acc. 96.4571% | Test Loss: 0.1283 | Test Acc. 95.2857%
AdamP on CRC_transformed: T 3/3 | E 43/200 Ended | E Time: 60.488s | ~Time Left: 9496.643s |  Train Loss: 0.1002 | Train Acc. 96.5071% | Test Loss: 0.0834 | Test Acc. 97.3571%
AdamP on CRC_transformed: T 3/3 | E 44/200 Ended | E Time: 58.912s | ~Time Left: 9190.246s |  Train Loss: 0.0969 | Train Acc. 96.6857% | Test Loss: 0.1011 | Test Acc. 96.4286%
AdamP on CRC_transformed: T 3/3 | E 45/200 Ended | E Time: 58.959s | ~Time Left: 9138.621s |  Train Loss: 0.0985 | Train Acc. 96.7429% | Test Loss: 0.0966 | Test Acc. 96.6429%
AdamP on CRC_transformed: T 3/3 | E 46/200 Ended | E Time: 59.031s | ~Time Left: 9090.784s |  Train Loss: 0.1031 | Train Acc. 96.3857% | Test Loss: 0.1047 | Test Acc. 96.7857%
AdamP on CRC_transformed: T 3/3 | E 47/200 Ended | E Time: 59.066s | ~Time Left: 9037.055s |  Train Loss: 0.0965 | Train Acc. 96.6857% | Test Loss: 0.1230 | Test Acc. 95.9286%
AdamP on CRC_transformed: T 3/3 | E 48/200 Ended | E Time: 59.140s | ~Time Left: 8989.283s |  Train Loss: 0.0962 | Train Acc. 96.5571% | Test Loss: 0.0882 | Test Acc. 97.2857%
AdamP on CRC_transformed: T 3/3 | E 49/200 Ended | E Time: 58.893s | ~Time Left: 8892.792s |  Train Loss: 0.0911 | Train Acc. 96.8286% | Test Loss: 0.0980 | Test Acc. 97.0714%
AdamP on CRC_transformed: T 3/3 | E 50/200 Ended | E Time: 59.153s | ~Time Left: 8872.885s |  Train Loss: 0.0953 | Train Acc. 96.7071% | Test Loss: 0.0901 | Test Acc. 96.7857%
AdamP on CRC_transformed: T 3/3 | E 51/200 Ended | E Time: 58.953s | ~Time Left: 8783.971s |  Train Loss: 0.0900 | Train Acc. 96.8643% | Test Loss: 0.0933 | Test Acc. 97.0714%
AdamP on CRC_transformed: T 3/3 | E 52/200 Ended | E Time: 59.069s | ~Time Left: 8742.224s |  Train Loss: 0.0909 | Train Acc. 96.8571% | Test Loss: 0.0964 | Test Acc. 96.7857%
AdamP on CRC_transformed: T 3/3 | E 53/200 Ended | E Time: 58.984s | ~Time Left: 8670.712s |  Train Loss: 0.0833 | Train Acc. 97.1929% | Test Loss: 0.0978 | Test Acc. 97.0714%
AdamP on CRC_transformed: T 3/3 | E 54/200 Ended | E Time: 59.033s | ~Time Left: 8618.818s |  Train Loss: 0.0818 | Train Acc. 97.1286% | Test Loss: 0.0960 | Test Acc. 96.9286%
AdamP on CRC_transformed: T 3/3 | E 55/200 Ended | E Time: 59.048s | ~Time Left: 8562.026s |  Train Loss: 0.0818 | Train Acc. 97.2643% | Test Loss: 0.0922 | Test Acc. 97.2857%
AdamP on CRC_transformed: T 3/3 | E 56/200 Ended | E Time: 59.680s | ~Time Left: 8593.940s |  Train Loss: 0.0840 | Train Acc. 97.0500% | Test Loss: 0.0945 | Test Acc. 97.0714%
AdamP on CRC_transformed: T 3/3 | E 57/200 Ended | E Time: 58.932s | ~Time Left: 8427.339s |  Train Loss: 0.0876 | Train Acc. 97.1214% | Test Loss: 0.0750 | Test Acc. 97.3571%
AdamP on CRC_transformed: T 3/3 | E 58/200 Ended | E Time: 58.972s | ~Time Left: 8374.057s |  Train Loss: 0.0855 | Train Acc. 96.8714% | Test Loss: 0.1102 | Test Acc. 96.5000%
AdamP on CRC_transformed: T 3/3 | E 59/200 Ended | E Time: 58.929s | ~Time Left: 8309.034s |  Train Loss: 0.0835 | Train Acc. 97.0429% | Test Loss: 0.0975 | Test Acc. 96.5000%
AdamP on CRC_transformed: T 3/3 | E 60/200 Ended | E Time: 58.890s | ~Time Left: 8244.643s |  Train Loss: 0.0816 | Train Acc. 97.1643% | Test Loss: 0.1219 | Test Acc. 96.2143%
AdamP on CRC_transformed: T 3/3 | E 61/200 Ended | E Time: 59.258s | ~Time Left: 8236.834s |  Train Loss: 0.0780 | Train Acc. 97.1929% | Test Loss: 0.0684 | Test Acc. 98.0000%
AdamP on CRC_transformed: T 3/3 | E 62/200 Ended | E Time: 59.082s | ~Time Left: 8153.308s |  Train Loss: 0.0801 | Train Acc. 97.1500% | Test Loss: 0.2276 | Test Acc. 93.5714%
AdamP on CRC_transformed: T 3/3 | E 63/200 Ended | E Time: 58.969s | ~Time Left: 8078.701s |  Train Loss: 0.0811 | Train Acc. 97.2786% | Test Loss: 0.0786 | Test Acc. 97.5714%
AdamP on CRC_transformed: T 3/3 | E 64/200 Ended | E Time: 59.270s | ~Time Left: 8060.681s |  Train Loss: 0.0690 | Train Acc. 97.6000% | Test Loss: 0.0828 | Test Acc. 96.6429%
AdamP on CRC_transformed: T 3/3 | E 65/200 Ended | E Time: 58.740s | ~Time Left: 7929.847s |  Train Loss: 0.0813 | Train Acc. 97.2786% | Test Loss: 0.1011 | Test Acc. 96.7857%
AdamP on CRC_transformed: T 3/3 | E 66/200 Ended | E Time: 59.055s | ~Time Left: 7913.320s |  Train Loss: 0.0746 | Train Acc. 97.4071% | Test Loss: 0.0819 | Test Acc. 97.2143%
AdamP on CRC_transformed: T 3/3 | E 67/200 Ended | E Time: 59.332s | ~Time Left: 7891.127s |  Train Loss: 0.0780 | Train Acc. 97.3071% | Test Loss: 0.0784 | Test Acc. 97.5714%
AdamP on CRC_transformed: T 3/3 | E 68/200 Ended | E Time: 59.250s | ~Time Left: 7820.939s |  Train Loss: 0.0731 | Train Acc. 97.3786% | Test Loss: 0.0750 | Test Acc. 97.4286%
AdamP on CRC_transformed: T 3/3 | E 69/200 Ended | E Time: 59.006s | ~Time Left: 7729.819s |  Train Loss: 0.0755 | Train Acc. 97.4071% | Test Loss: 0.1394 | Test Acc. 95.5714%
AdamP on CRC_transformed: T 3/3 | E 70/200 Ended | E Time: 58.933s | ~Time Left: 7661.302s |  Train Loss: 0.0701 | Train Acc. 97.6929% | Test Loss: 0.0712 | Test Acc. 97.4286%
AdamP on CRC_transformed: T 3/3 | E 71/200 Ended | E Time: 59.274s | ~Time Left: 7646.399s |  Train Loss: 0.0713 | Train Acc. 97.4714% | Test Loss: 0.0955 | Test Acc. 97.0714%
AdamP on CRC_transformed: T 3/3 | E 72/200 Ended | E Time: 59.274s | ~Time Left: 7587.092s |  Train Loss: 0.0649 | Train Acc. 97.9071% | Test Loss: 0.0799 | Test Acc. 97.2143%
AdamP on CRC_transformed: T 3/3 | E 73/200 Ended | E Time: 59.275s | ~Time Left: 7527.924s |  Train Loss: 0.0784 | Train Acc. 97.2929% | Test Loss: 0.1225 | Test Acc. 96.2143%
AdamP on CRC_transformed: T 3/3 | E 74/200 Ended | E Time: 59.336s | ~Time Left: 7476.324s |  Train Loss: 0.0664 | Train Acc. 97.7714% | Test Loss: 0.1073 | Test Acc. 96.9286%
AdamP on CRC_transformed: T 3/3 | E 75/200 Ended | E Time: 59.112s | ~Time Left: 7388.964s |  Train Loss: 0.0657 | Train Acc. 97.7786% | Test Loss: 0.0818 | Test Acc. 97.2143%
slurmstepd: error: *** JOB 7068064 ON cdr2573 CANCELLED AT 2021-07-07T06:46:36 ***
