transferring data
Sun Jul  4 20:18:00 PDT 2021

Finished transferring
Sun Jul  4 20:18:02 PDT 2021

Adas: Argument Parser Options
---------------------------------------------
    config              : PostTrainingConfigs/MHIST_transformed_testing/AdamP/lr-0.0002-config-AdamP.yaml
    data                : /localscratch/zhan8425.6958629.0        
    output              : ADP_post_trained/MHIST_transformed/AdamP/output/fine_tuning
    checkpoint          : ADP_post_trained/MHIST_transformed/AdamP/checkpoint/fine_tuning/lr-0.0002
    resume              : None                                    
    pretrained_model    : /home/zhan8425/projects/def-plato/zhan8425/HistoKT/.Adas-checkpoint/ADP/best_trial_2.pth.tar
    freeze_encoder      : 1                                       
    root                : .                                       
    save_freq           : 25                                      
    cpu                 : 0                                       
    gpu                 : 0                                       
    mpd                 : 0                                       
    dist_url            : tcp://127.0.0.1:23456                   
    dist_backend        : nccl                                    
    world_size          : -1                                      
    rank                : -1                                      
---------------------------------------------
Adas: Notice: early stop will not be used as it was set to -1.0, training till completion
Adas: Experiment Configuration
---------------------------------------------
    dataset              MHIST_transformed   
    network              ResNet18            
    optimizer            AdamP               
    scheduler            None                
    level                L3Only              
    color_kwargs         {'augmentation': 'Color-Distortion', 'distortion': 0.3}
    degree_of_rotation   45                  
    vertical_flipping    0.5                 
    horizontal_flipping  0.5                 
    horizontal_shift     0.1                 
    vertical_shift       0.1                 
    gaussian_blur        0                   
    kernel_size          9                   
    variance             0.1                 
    cutout               0                   
    n_holes              1                   
    cutout_length        16                  
    init_lr              0.0002              
    early_stop_threshold -1.0                
    optimizer_kwargs     {'weight_decay': 0.0005}
    scheduler_kwargs     {'gamma': 0.5, 'step_size': 20.0}
    p                    1                   
    start_trial          0                   
    n_trials             3                   
    num_workers          4                   
    max_epochs           200                 
    mini_batch_size      32                  
    loss                 cross_entropy       
    early_stop_patience  10                  
---------------------------------------------
Adas: Pytorch device is set to cuda
Train AUC: 0.531264150234005
Valid AUC: 0.5728759588941961
AdamP on MHIST_transformed: T 1/3 | E 1/200 Ended | E Time: 10.540s | ~Time Left: 2097.477s |  Train Loss: 0.6206 | Train Acc. 68.9655% | Test Loss: 0.8261 | Test Acc. 45.2874%
Train AUC: 0.5694945066441734
Valid AUC: 0.6064794712211126
AdamP on MHIST_transformed: T 1/3 | E 2/200 Ended | E Time: 9.804s | ~Time Left: 1941.286s |  Train Loss: 0.6024 | Train Acc. 71.1494% | Test Loss: 0.7058 | Test Acc. 55.6322%
Train AUC: 0.6073603285061113
Valid AUC: 0.6876779080426496
AdamP on MHIST_transformed: T 1/3 | E 3/200 Ended | E Time: 9.872s | ~Time Left: 1944.717s |  Train Loss: 0.5834 | Train Acc. 71.3793% | Test Loss: 0.5822 | Test Acc. 69.6552%
Train AUC: 0.6404038323533403
Valid AUC: 0.6968929415737927
AdamP on MHIST_transformed: T 1/3 | E 4/200 Ended | E Time: 9.835s | ~Time Left: 1927.612s |  Train Loss: 0.5657 | Train Acc. 71.0920% | Test Loss: 0.5656 | Test Acc. 70.1149%
Train AUC: 0.6898105237691238
Valid AUC: 0.7010903652241037
AdamP on MHIST_transformed: T 1/3 | E 5/200 Ended | E Time: 9.931s | ~Time Left: 1936.616s |  Train Loss: 0.5421 | Train Acc. 71.8966% | Test Loss: 0.5931 | Test Acc. 68.0460%
Train AUC: 0.6808606284706387
Valid AUC: 0.7336083369518019
AdamP on MHIST_transformed: T 1/3 | E 6/200 Ended | E Time: 9.834s | ~Time Left: 1907.882s |  Train Loss: 0.5452 | Train Acc. 72.1264% | Test Loss: 0.5520 | Test Acc. 70.1149%
Train AUC: 0.6998556573963733
Valid AUC: 0.739952718676123
AdamP on MHIST_transformed: T 1/3 | E 7/200 Ended | E Time: 9.973s | ~Time Left: 1924.746s |  Train Loss: 0.5412 | Train Acc. 70.8046% | Test Loss: 0.5858 | Test Acc. 69.1954%
Train AUC: 0.7081026385435618
Valid AUC: 0.7710233029381964
AdamP on MHIST_transformed: T 1/3 | E 8/200 Ended | E Time: 9.891s | ~Time Left: 1899.152s |  Train Loss: 0.5331 | Train Acc. 70.8046% | Test Loss: 0.5382 | Test Acc. 68.7356%
Train AUC: 0.7462774156952557
Valid AUC: 0.7694794229748637
AdamP on MHIST_transformed: T 1/3 | E 9/200 Ended | E Time: 9.972s | ~Time Left: 1904.583s |  Train Loss: 0.5088 | Train Acc. 73.4483% | Test Loss: 0.5902 | Test Acc. 70.3448%
Train AUC: 0.7223963160759735
Valid AUC: 0.7485887972210161
AdamP on MHIST_transformed: T 1/3 | E 10/200 Ended | E Time: 9.803s | ~Time Left: 1862.599s |  Train Loss: 0.5210 | Train Acc. 73.5632% | Test Loss: 0.5707 | Test Acc. 68.9655%
Train AUC: 0.7345975979952235
Valid AUC: 0.7309065470159696
AdamP on MHIST_transformed: T 1/3 | E 11/200 Ended | E Time: 9.858s | ~Time Left: 1863.154s |  Train Loss: 0.5143 | Train Acc. 72.8736% | Test Loss: 0.7338 | Test Acc. 69.1954%
Train AUC: 0.7458148001026581
Valid AUC: 0.807762821440633
AdamP on MHIST_transformed: T 1/3 | E 12/200 Ended | E Time: 9.948s | ~Time Left: 1870.243s |  Train Loss: 0.5086 | Train Acc. 72.8161% | Test Loss: 0.6186 | Test Acc. 67.8161%
Train AUC: 0.7547369057719058
Valid AUC: 0.7928788536691272
AdamP on MHIST_transformed: T 1/3 | E 13/200 Ended | E Time: 10.714s | ~Time Left: 2003.610s |  Train Loss: 0.5006 | Train Acc. 74.3103% | Test Loss: 0.4879 | Test Acc. 75.6322%
Train AUC: 0.7745737969951237
Valid AUC: 0.7621942393978868
AdamP on MHIST_transformed: T 1/3 | E 14/200 Ended | E Time: 9.940s | ~Time Left: 1848.813s |  Train Loss: 0.4891 | Train Acc. 75.4598% | Test Loss: 0.6026 | Test Acc. 68.9655%
Train AUC: 0.7642425936551372
Valid AUC: 0.8192695517923482
AdamP on MHIST_transformed: T 1/3 | E 15/200 Ended | E Time: 9.922s | ~Time Left: 1835.574s |  Train Loss: 0.5005 | Train Acc. 73.2184% | Test Loss: 0.4942 | Test Acc. 74.4828%
Train AUC: 0.7969297363744996
Valid AUC: 0.8066531577169875
AdamP on MHIST_transformed: T 1/3 | E 16/200 Ended | E Time: 9.953s | ~Time Left: 1831.445s |  Train Loss: 0.4687 | Train Acc. 75.8621% | Test Loss: 0.4834 | Test Acc. 76.7816%
Train AUC: 0.7907702467882546
Valid AUC: 0.8223573117190138
AdamP on MHIST_transformed: T 1/3 | E 17/200 Ended | E Time: 9.926s | ~Time Left: 1816.490s |  Train Loss: 0.4714 | Train Acc. 74.7701% | Test Loss: 0.5003 | Test Acc. 73.3333%
Train AUC: 0.7976980378887075
Valid AUC: 0.8012254547208956
AdamP on MHIST_transformed: T 1/3 | E 18/200 Ended | E Time: 9.891s | ~Time Left: 1800.217s |  Train Loss: 0.4731 | Train Acc. 74.7126% | Test Loss: 0.5449 | Test Acc. 71.4943%
Train AUC: 0.7925520524275875
Valid AUC: 0.7573696145124716
AdamP on MHIST_transformed: T 1/3 | E 19/200 Ended | E Time: 9.884s | ~Time Left: 1789.031s |  Train Loss: 0.4752 | Train Acc. 75.2874% | Test Loss: 0.5851 | Test Acc. 71.4943%
Train AUC: 0.7875858822144739
Valid AUC: 0.8234910985670864
AdamP on MHIST_transformed: T 1/3 | E 20/200 Ended | E Time: 9.952s | ~Time Left: 1791.329s |  Train Loss: 0.4742 | Train Acc. 75.8621% | Test Loss: 0.4644 | Test Acc. 74.0230%
Train AUC: 0.8000912153712613
Valid AUC: 0.8222608192213056
AdamP on MHIST_transformed: T 1/3 | E 21/200 Ended | E Time: 9.901s | ~Time Left: 1772.350s |  Train Loss: 0.4661 | Train Acc. 76.1494% | Test Loss: 0.4991 | Test Acc. 74.9425%
Train AUC: 0.7892614333890761
Valid AUC: 0.8211994017465143
AdamP on MHIST_transformed: T 1/3 | E 22/200 Ended | E Time: 9.839s | ~Time Left: 1751.366s |  Train Loss: 0.4775 | Train Acc. 75.1724% | Test Loss: 0.4481 | Test Acc. 76.3218%
Train AUC: 0.8129496402877698
Valid AUC: 0.8102957495054759
AdamP on MHIST_transformed: T 1/3 | E 23/200 Ended | E Time: 9.876s | ~Time Left: 1748.094s |  Train Loss: 0.4512 | Train Acc. 77.4138% | Test Loss: 0.4902 | Test Acc. 76.0920%
Train AUC: 0.8284529840340408
Valid AUC: 0.8308968977661987
AdamP on MHIST_transformed: T 1/3 | E 24/200 Ended | E Time: 9.916s | ~Time Left: 1745.258s |  Train Loss: 0.4409 | Train Acc. 78.3908% | Test Loss: 0.4857 | Test Acc. 74.7126%
Train AUC: 0.8194475094770809
Valid AUC: 0.8307521590196363
AdamP on MHIST_transformed: T 1/3 | E 25/200 Ended | E Time: 9.976s | ~Time Left: 1745.830s |  Train Loss: 0.4483 | Train Acc. 77.5862% | Test Loss: 0.4683 | Test Acc. 74.7126%
Train AUC: 0.8218357829074162
Valid AUC: 0.8473971148743185
AdamP on MHIST_transformed: T 1/3 | E 26/200 Ended | E Time: 9.901s | ~Time Left: 1722.822s |  Train Loss: 0.4425 | Train Acc. 76.4368% | Test Loss: 0.4856 | Test Acc. 75.8621%
Train AUC: 0.8249923578519598
Valid AUC: 0.7871134269310561
AdamP on MHIST_transformed: T 1/3 | E 27/200 Ended | E Time: 9.850s | ~Time Left: 1704.114s |  Train Loss: 0.4455 | Train Acc. 78.9080% | Test Loss: 0.9051 | Test Acc. 71.7241%
Train AUC: 0.8060970446546648
Valid AUC: 0.8418487962560911
AdamP on MHIST_transformed: T 1/3 | E 28/200 Ended | E Time: 9.903s | ~Time Left: 1703.373s |  Train Loss: 0.4586 | Train Acc. 76.7816% | Test Loss: 0.4821 | Test Acc. 76.3218%
Train AUC: 0.8232383418418638
Valid AUC: 0.8324166546051045
AdamP on MHIST_transformed: T 1/3 | E 29/200 Ended | E Time: 9.937s | ~Time Left: 1699.254s |  Train Loss: 0.4433 | Train Acc. 77.2414% | Test Loss: 0.4604 | Test Acc. 74.4828%
Train AUC: 0.8201471542602319
Valid AUC: 0.8627152988855117
AdamP on MHIST_transformed: T 1/3 | E 30/200 Ended | E Time: 9.896s | ~Time Left: 1682.242s |  Train Loss: 0.4501 | Train Acc. 77.2414% | Test Loss: 0.4324 | Test Acc. 77.4713%
Train AUC: 0.840402524606082
Valid AUC: 0.7821440632990786
AdamP on MHIST_transformed: T 1/3 | E 31/200 Ended | E Time: 9.899s | ~Time Left: 1672.965s |  Train Loss: 0.4273 | Train Acc. 78.5632% | Test Loss: 0.5192 | Test Acc. 70.1149%
Train AUC: 0.827983829705152
Valid AUC: 0.8651276113282191
AdamP on MHIST_transformed: T 1/3 | E 32/200 Ended | E Time: 9.996s | ~Time Left: 1679.356s |  Train Loss: 0.4389 | Train Acc. 77.6437% | Test Loss: 0.4358 | Test Acc. 79.0805%
Train AUC: 0.8451758020986074
Valid AUC: 0.863438992618324
AdamP on MHIST_transformed: T 1/3 | E 33/200 Ended | E Time: 9.854s | ~Time Left: 1645.629s |  Train Loss: 0.4235 | Train Acc. 78.9655% | Test Loss: 0.4500 | Test Acc. 77.2414%
Train AUC: 0.8557146103158373
Valid AUC: 0.8604959714382207
AdamP on MHIST_transformed: T 1/3 | E 34/200 Ended | E Time: 9.866s | ~Time Left: 1637.719s |  Train Loss: 0.4126 | Train Acc. 79.9425% | Test Loss: 0.4286 | Test Acc. 78.6207%
Train AUC: 0.8398434626531903
Valid AUC: 0.8252038404014088
AdamP on MHIST_transformed: T 1/3 | E 35/200 Ended | E Time: 9.870s | ~Time Left: 1628.615s |  Train Loss: 0.4293 | Train Acc. 78.3908% | Test Loss: 0.5050 | Test Acc. 72.6437%
Train AUC: 0.831580134665274
Valid AUC: 0.7084961644232161
AdamP on MHIST_transformed: T 1/3 | E 36/200 Ended | E Time: 9.934s | ~Time Left: 1629.248s |  Train Loss: 0.4380 | Train Acc. 77.8736% | Test Loss: 1.3292 | Test Acc. 69.8851%
Train AUC: 0.8344179462156246
Valid AUC: 0.8588314758527525
AdamP on MHIST_transformed: T 1/3 | E 37/200 Ended | E Time: 9.876s | ~Time Left: 1609.847s |  Train Loss: 0.4334 | Train Acc. 78.9655% | Test Loss: 0.4784 | Test Acc. 75.8621%
Train AUC: 0.8588221447381971
Valid AUC: 0.8433685530949969
AdamP on MHIST_transformed: T 1/3 | E 38/200 Ended | E Time: 9.967s | ~Time Left: 1614.705s |  Train Loss: 0.4057 | Train Acc. 80.5747% | Test Loss: 0.4483 | Test Acc. 78.6207%
Train AUC: 0.847209349085149
Valid AUC: 0.8570222415207218
AdamP on MHIST_transformed: T 1/3 | E 39/200 Ended | E Time: 9.989s | ~Time Left: 1608.226s |  Train Loss: 0.4205 | Train Acc. 78.7356% | Test Loss: 0.4287 | Test Acc. 77.0115%
Train AUC: 0.8525465925827844
Valid AUC: 0.8554542384329619
AdamP on MHIST_transformed: T 1/3 | E 40/200 Ended | E Time: 9.973s | ~Time Left: 1595.705s |  Train Loss: 0.4231 | Train Acc. 79.8851% | Test Loss: 0.4421 | Test Acc. 77.4713%
Train AUC: 0.8570305309944275
Valid AUC: 0.8434167993438509
AdamP on MHIST_transformed: T 1/3 | E 41/200 Ended | E Time: 9.931s | ~Time Left: 1579.076s |  Train Loss: 0.4116 | Train Acc. 79.5402% | Test Loss: 0.4541 | Test Acc. 77.9310%
Train AUC: 0.8426976210442689
Valid AUC: 0.9013122979688329
AdamP on MHIST_transformed: T 1/3 | E 42/200 Ended | E Time: 9.949s | ~Time Left: 1572.014s |  Train Loss: 0.4261 | Train Acc. 79.7126% | Test Loss: 0.3953 | Test Acc. 80.4598%
Train AUC: 0.8594008228999622
Valid AUC: 0.8676122931442081
AdamP on MHIST_transformed: T 1/3 | E 43/200 Ended | E Time: 9.865s | ~Time Left: 1548.745s |  Train Loss: 0.4044 | Train Acc. 80.0000% | Test Loss: 0.4297 | Test Acc. 77.0115%
Train AUC: 0.8624936451656671
Valid AUC: 0.7445602354416945
AdamP on MHIST_transformed: T 1/3 | E 44/200 Ended | E Time: 10.034s | ~Time Left: 1565.324s |  Train Loss: 0.4062 | Train Acc. 80.5747% | Test Loss: 0.7042 | Test Acc. 74.2529%
Train AUC: 0.8593354355370509
Valid AUC: 0.8958604718483137
AdamP on MHIST_transformed: T 1/3 | E 45/200 Ended | E Time: 9.886s | ~Time Left: 1532.381s |  Train Loss: 0.4051 | Train Acc. 80.3448% | Test Loss: 0.3797 | Test Acc. 81.8391%
Train AUC: 0.8712931495294564
Valid AUC: 0.8800598253485792
AdamP on MHIST_transformed: T 1/3 | E 46/200 Ended | E Time: 9.877s | ~Time Left: 1521.044s |  Train Loss: 0.3912 | Train Acc. 81.7816% | Test Loss: 0.5683 | Test Acc. 70.5747%
Train AUC: 0.8617760188577155
Valid AUC: 0.8631495151251991
AdamP on MHIST_transformed: T 1/3 | E 47/200 Ended | E Time: 9.854s | ~Time Left: 1507.592s |  Train Loss: 0.4052 | Train Acc. 80.4023% | Test Loss: 0.4314 | Test Acc. 80.6897%
Train AUC: 0.8712833414250195
Valid AUC: 0.8944130843826892
AdamP on MHIST_transformed: T 1/3 | E 48/200 Ended | E Time: 9.856s | ~Time Left: 1498.063s |  Train Loss: 0.3942 | Train Acc. 82.2414% | Test Loss: 0.3998 | Test Acc. 79.5402%
Train AUC: 0.8660180240265865
Valid AUC: 0.8685048487480099
AdamP on MHIST_transformed: T 1/3 | E 49/200 Ended | E Time: 9.937s | ~Time Left: 1500.440s |  Train Loss: 0.4018 | Train Acc. 80.2299% | Test Loss: 0.4225 | Test Acc. 80.2299%
Train AUC: 0.8796087874077015
Valid AUC: 0.8690355574854055
AdamP on MHIST_transformed: T 1/3 | E 50/200 Ended | E Time: 9.911s | ~Time Left: 1486.697s |  Train Loss: 0.3849 | Train Acc. 82.4138% | Test Loss: 0.5085 | Test Acc. 77.0115%
Train AUC: 0.8735375707613868
Valid AUC: 0.8931586819124813
AdamP on MHIST_transformed: T 1/3 | E 51/200 Ended | E Time: 9.927s | ~Time Left: 1479.137s |  Train Loss: 0.3889 | Train Acc. 81.7816% | Test Loss: 0.3922 | Test Acc. 81.3793%
Train AUC: 0.8636313852803238
Valid AUC: 0.839267621942394
AdamP on MHIST_transformed: T 1/3 | E 52/200 Ended | E Time: 9.995s | ~Time Left: 1479.221s |  Train Loss: 0.3996 | Train Acc. 80.6897% | Test Loss: 0.5328 | Test Acc. 74.0230%
Train AUC: 0.8662141861153204
Valid AUC: 0.8793602547401939
AdamP on MHIST_transformed: T 1/3 | E 53/200 Ended | E Time: 9.928s | ~Time Left: 1459.473s |  Train Loss: 0.4025 | Train Acc. 80.9195% | Test Loss: 0.4893 | Test Acc. 75.1724%
Train AUC: 0.8686940018537317
Valid AUC: 0.8342982583104164
AdamP on MHIST_transformed: T 1/3 | E 54/200 Ended | E Time: 9.881s | ~Time Left: 1442.586s |  Train Loss: 0.3956 | Train Acc. 82.3563% | Test Loss: 0.5752 | Test Acc. 71.4943%
Train AUC: 0.8756479478993493
Valid AUC: 0.8932069281613355
AdamP on MHIST_transformed: T 1/3 | E 55/200 Ended | E Time: 9.963s | ~Time Left: 1444.644s |  Train Loss: 0.3877 | Train Acc. 82.0115% | Test Loss: 0.3971 | Test Acc. 79.3103%
Train AUC: 0.881758396963411
Valid AUC: 0.8952573937376369
AdamP on MHIST_transformed: T 1/3 | E 56/200 Ended | E Time: 9.903s | ~Time Left: 1426.081s |  Train Loss: 0.3783 | Train Acc. 82.0115% | Test Loss: 0.4193 | Test Acc. 80.0000%
Train AUC: 0.8770390640452874
Valid AUC: 0.8818208134317557
AdamP on MHIST_transformed: T 1/3 | E 57/200 Ended | E Time: 9.985s | ~Time Left: 1427.797s |  Train Loss: 0.3864 | Train Acc. 81.7816% | Test Loss: 0.3924 | Test Acc. 79.0805%
Train AUC: 0.8877053776201942
Valid AUC: 0.8834853090172239
AdamP on MHIST_transformed: T 1/3 | E 58/200 Ended | E Time: 9.895s | ~Time Left: 1405.130s |  Train Loss: 0.3737 | Train Acc. 82.7586% | Test Loss: 0.4023 | Test Acc. 81.1494%
Train AUC: 0.8863208002105474
Valid AUC: 0.8777198822791528
AdamP on MHIST_transformed: T 1/3 | E 59/200 Ended | E Time: 9.916s | ~Time Left: 1398.157s |  Train Loss: 0.3726 | Train Acc. 81.8966% | Test Loss: 0.4631 | Test Acc. 82.5287%
Train AUC: 0.8856276941636874
Valid AUC: 0.9042553191489362
AdamP on MHIST_transformed: T 1/3 | E 60/200 Ended | E Time: 9.994s | ~Time Left: 1399.216s |  Train Loss: 0.3732 | Train Acc. 82.4713% | Test Loss: 0.3722 | Test Acc. 83.4483%
Train AUC: 0.8915681360841797
Valid AUC: 0.9054132291214358
AdamP on MHIST_transformed: T 1/3 | E 61/200 Ended | E Time: 9.868s | ~Time Left: 1371.667s |  Train Loss: 0.3649 | Train Acc. 82.9885% | Test Loss: 0.3591 | Test Acc. 84.5977%
Train AUC: 0.8791412677628858
Valid AUC: 0.8968495199498239
AdamP on MHIST_transformed: T 1/3 | E 62/200 Ended | E Time: 9.852s | ~Time Left: 1359.638s |  Train Loss: 0.3788 | Train Acc. 81.8966% | Test Loss: 0.4576 | Test Acc. 76.0920%
Train AUC: 0.8962367937960469
Valid AUC: 0.9095141602740386
AdamP on MHIST_transformed: T 1/3 | E 63/200 Ended | E Time: 9.977s | ~Time Left: 1366.879s |  Train Loss: 0.3607 | Train Acc. 83.6782% | Test Loss: 0.3553 | Test Acc. 84.3678%
Train AUC: 0.8893596779018502
Valid AUC: 0.8959810874704491
AdamP on MHIST_transformed: T 1/3 | E 64/200 Ended | E Time: 9.963s | ~Time Left: 1354.996s |  Train Loss: 0.3719 | Train Acc. 82.2414% | Test Loss: 0.3747 | Test Acc. 81.3793%
Train AUC: 0.8894168918443977
Valid AUC: 0.8637284701114488
AdamP on MHIST_transformed: T 1/3 | E 65/200 Ended | E Time: 10.036s | ~Time Left: 1354.897s |  Train Loss: 0.3686 | Train Acc. 82.3563% | Test Loss: 0.4182 | Test Acc. 80.4598%
Train AUC: 0.8983340934614272
Valid AUC: 0.8683359868770203
AdamP on MHIST_transformed: T 1/3 | E 66/200 Ended | E Time: 9.875s | ~Time Left: 1323.292s |  Train Loss: 0.3541 | Train Acc. 83.4483% | Test Loss: 0.4257 | Test Acc. 81.1494%
Train AUC: 0.9066072295537803
Valid AUC: 0.9069329859603417
AdamP on MHIST_transformed: T 1/3 | E 67/200 Ended | E Time: 9.902s | ~Time Left: 1316.997s |  Train Loss: 0.3439 | Train Acc. 84.0805% | Test Loss: 0.3809 | Test Acc. 82.9885%
Train AUC: 0.8964296865166353
Valid AUC: 0.8961981955902928
AdamP on MHIST_transformed: T 1/3 | E 68/200 Ended | E Time: 9.857s | ~Time Left: 1301.158s |  Train Loss: 0.3576 | Train Acc. 83.8506% | Test Loss: 0.3763 | Test Acc. 81.3793%
Train AUC: 0.8965441144017302
Valid AUC: 0.9018671298306558
AdamP on MHIST_transformed: T 1/3 | E 69/200 Ended | E Time: 9.948s | ~Time Left: 1303.207s |  Train Loss: 0.3569 | Train Acc. 83.3908% | Test Loss: 0.3648 | Test Acc. 81.3793%
Train AUC: 0.9046129149849855
Valid AUC: 0.869156173107541
AdamP on MHIST_transformed: T 1/3 | E 70/200 Ended | E Time: 9.880s | ~Time Left: 1284.396s |  Train Loss: 0.3424 | Train Acc. 85.2874% | Test Loss: 0.4817 | Test Acc. 78.6207%
Train AUC: 0.901351720259784
Valid AUC: 0.8995754330100836
AdamP on MHIST_transformed: T 1/3 | E 71/200 Ended | E Time: 9.936s | ~Time Left: 1281.803s |  Train Loss: 0.3500 | Train Acc. 83.9655% | Test Loss: 0.4275 | Test Acc. 80.2299%
Train AUC: 0.9012732554242906
Valid AUC: 0.9042794422733633
AdamP on MHIST_transformed: T 1/3 | E 72/200 Ended | E Time: 9.890s | ~Time Left: 1265.907s |  Train Loss: 0.3479 | Train Acc. 84.7701% | Test Loss: 0.3738 | Test Acc. 83.4483%
Train AUC: 0.9125770957875825
Valid AUC: 0.9168958363487238
AdamP on MHIST_transformed: T 1/3 | E 73/200 Ended | E Time: 9.964s | ~Time Left: 1265.482s |  Train Loss: 0.3333 | Train Acc. 85.6322% | Test Loss: 0.3709 | Test Acc. 85.2874%
Train AUC: 0.9154655825441895
Valid AUC: 0.7855936700921503
AdamP on MHIST_transformed: T 1/3 | E 74/200 Ended | E Time: 9.981s | ~Time Left: 1257.614s |  Train Loss: 0.3226 | Train Acc. 85.1149% | Test Loss: 0.8586 | Test Acc. 74.2529%
Train AUC: 0.9016606755495399
Valid AUC: 0.9117817339701839
AdamP on MHIST_transformed: T 1/3 | E 75/200 Ended | E Time: 9.821s | ~Time Left: 1227.662s |  Train Loss: 0.3467 | Train Acc. 84.0805% | Test Loss: 0.3534 | Test Acc. 84.5977%
Train AUC: 0.914085909186761
Valid AUC: 0.8914459400781589
AdamP on MHIST_transformed: T 1/3 | E 76/200 Ended | E Time: 9.844s | ~Time Left: 1220.694s |  Train Loss: 0.3248 | Train Acc. 85.5172% | Test Loss: 0.4114 | Test Acc. 79.3103%
Train AUC: 0.9145125617297571
Valid AUC: 0.8973802286872195
AdamP on MHIST_transformed: T 1/3 | E 77/200 Ended | E Time: 9.906s | ~Time Left: 1218.489s |  Train Loss: 0.3247 | Train Acc. 85.5172% | Test Loss: 0.3756 | Test Acc. 82.2989%
Train AUC: 0.9170610341992255
Valid AUC: 0.9012640517199788
AdamP on MHIST_transformed: T 1/3 | E 78/200 Ended | E Time: 9.950s | ~Time Left: 1213.901s |  Train Loss: 0.3252 | Train Acc. 85.0000% | Test Loss: 0.3724 | Test Acc. 84.3678%
Train AUC: 0.9193446878489028
Valid AUC: 0.8915424325758672
AdamP on MHIST_transformed: T 1/3 | E 79/200 Ended | E Time: 9.797s | ~Time Left: 1185.446s |  Train Loss: 0.3220 | Train Acc. 85.2299% | Test Loss: 0.4256 | Test Acc. 80.9195%
Train AUC: 0.9168926617397289
Valid AUC: 0.8921455106865441
AdamP on MHIST_transformed: T 1/3 | E 80/200 Ended | E Time: 9.948s | ~Time Left: 1193.789s |  Train Loss: 0.3232 | Train Acc. 85.1724% | Test Loss: 0.4210 | Test Acc. 81.8391%
Train AUC: 0.9069390704205552
Valid AUC: 0.9017223910840932
AdamP on MHIST_transformed: T 1/3 | E 81/200 Ended | E Time: 9.850s | ~Time Left: 1172.143s |  Train Loss: 0.3441 | Train Acc. 84.7126% | Test Loss: 0.4937 | Test Acc. 80.0000%
Train AUC: 0.9259373687144352
Valid AUC: 0.8791913928692044
AdamP on MHIST_transformed: T 1/3 | E 82/200 Ended | E Time: 9.854s | ~Time Left: 1162.822s |  Train Loss: 0.3089 | Train Acc. 87.4713% | Test Loss: 0.4496 | Test Acc. 81.3793%
Train AUC: 0.9229949373834265
Valid AUC: 0.9093694215274762
AdamP on MHIST_transformed: T 1/3 | E 83/200 Ended | E Time: 9.851s | ~Time Left: 1152.599s |  Train Loss: 0.3075 | Train Acc. 86.0920% | Test Loss: 0.3964 | Test Acc. 82.2989%
Train AUC: 0.9169188166848934
Valid AUC: 0.915955034496068
AdamP on MHIST_transformed: T 1/3 | E 84/200 Ended | E Time: 9.890s | ~Time Left: 1147.196s |  Train Loss: 0.3211 | Train Acc. 85.6897% | Test Loss: 0.3954 | Test Acc. 82.5287%
Train AUC: 0.928054284588689
Valid AUC: 0.9163651276113282
AdamP on MHIST_transformed: T 1/3 | E 85/200 Ended | E Time: 9.924s | ~Time Left: 1141.269s |  Train Loss: 0.2968 | Train Acc. 86.4368% | Test Loss: 0.3789 | Test Acc. 80.6897%
Train AUC: 0.9304474620712428
Valid AUC: 0.8987311236551357
AdamP on MHIST_transformed: T 1/3 | E 86/200 Ended | E Time: 9.900s | ~Time Left: 1128.581s |  Train Loss: 0.2954 | Train Acc. 87.7011% | Test Loss: 0.4034 | Test Acc. 83.2184%
Train AUC: 0.9224930893730822
Valid AUC: 0.9146041395281518
AdamP on MHIST_transformed: T 1/3 | E 87/200 Ended | E Time: 9.902s | ~Time Left: 1118.973s |  Train Loss: 0.3079 | Train Acc. 86.3793% | Test Loss: 0.3676 | Test Acc. 83.6782%
Train AUC: 0.9290040360349757
Valid AUC: 0.8862594683263376
AdamP on MHIST_transformed: T 1/3 | E 88/200 Ended | E Time: 9.929s | ~Time Left: 1112.098s |  Train Loss: 0.2973 | Train Acc. 87.0115% | Test Loss: 0.4044 | Test Acc. 80.0000%
Train AUC: 0.9206769553682208
Valid AUC: 0.910237854006851
AdamP on MHIST_transformed: T 1/3 | E 89/200 Ended | E Time: 9.924s | ~Time Left: 1101.518s |  Train Loss: 0.3178 | Train Acc. 86.3793% | Test Loss: 0.4003 | Test Acc. 83.4483%
Train AUC: 0.932024932201478
Valid AUC: 0.911202778983934
AdamP on MHIST_transformed: T 1/3 | E 90/200 Ended | E Time: 9.933s | ~Time Left: 1092.679s |  Train Loss: 0.2954 | Train Acc. 86.3793% | Test Loss: 0.3759 | Test Acc. 82.9885%
Train AUC: 0.924969635743348
Valid AUC: 0.9152554638876828
AdamP on MHIST_transformed: T 1/3 | E 91/200 Ended | E Time: 9.962s | ~Time Left: 1085.840s |  Train Loss: 0.3084 | Train Acc. 86.9540% | Test Loss: 0.3603 | Test Acc. 85.5172%
Train AUC: 0.9283223727766253
Valid AUC: 0.9214309837410142
AdamP on MHIST_transformed: T 1/3 | E 92/200 Ended | E Time: 9.863s | ~Time Left: 1065.163s |  Train Loss: 0.3016 | Train Acc. 86.1494% | Test Loss: 0.3382 | Test Acc. 85.7471%
Train AUC: 0.9358223033025523
Valid AUC: 0.8775992666570174
AdamP on MHIST_transformed: T 1/3 | E 93/200 Ended | E Time: 9.898s | ~Time Left: 1059.050s |  Train Loss: 0.2862 | Train Acc. 87.5287% | Test Loss: 0.4431 | Test Acc. 79.0805%
Train AUC: 0.9271829979778957
Valid AUC: 0.9039417185313842
AdamP on MHIST_transformed: T 1/3 | E 94/200 Ended | E Time: 9.882s | ~Time Left: 1047.505s |  Train Loss: 0.3017 | Train Acc. 87.4138% | Test Loss: 0.3867 | Test Acc. 83.4483%
Train AUC: 0.9299832117945724
Valid AUC: 0.9250735755295025
AdamP on MHIST_transformed: T 1/3 | E 95/200 Ended | E Time: 9.876s | ~Time Left: 1036.977s |  Train Loss: 0.2969 | Train Acc. 86.7816% | Test Loss: 0.3339 | Test Acc. 85.9770%
Train AUC: 0.9391897524924845
Valid AUC: 0.9183191006899214
AdamP on MHIST_transformed: T 1/3 | E 96/200 Ended | E Time: 9.846s | ~Time Left: 1024.030s |  Train Loss: 0.2776 | Train Acc. 87.9885% | Test Loss: 0.3785 | Test Acc. 86.4368%
Train AUC: 0.9464608272482218
Valid AUC: 0.9131808751869541
AdamP on MHIST_transformed: T 1/3 | E 97/200 Ended | E Time: 9.921s | ~Time Left: 1021.813s |  Train Loss: 0.2661 | Train Acc. 88.3333% | Test Loss: 0.3624 | Test Acc. 82.0690%
Train AUC: 0.9325022599507307
Valid AUC: 0.8733535967578521
AdamP on MHIST_transformed: T 1/3 | E 98/200 Ended | E Time: 9.861s | ~Time Left: 1005.870s |  Train Loss: 0.2953 | Train Acc. 86.8391% | Test Loss: 0.4908 | Test Acc. 80.9195%
Train AUC: 0.9201309708879113
Valid AUC: 0.9153760795098181
AdamP on MHIST_transformed: T 1/3 | E 99/200 Ended | E Time: 9.947s | ~Time Left: 1004.651s |  Train Loss: 0.3122 | Train Acc. 86.4943% | Test Loss: 0.3474 | Test Acc. 84.3678%
Train AUC: 0.9375877621011576
Valid AUC: 0.9099966227625803
AdamP on MHIST_transformed: T 1/3 | E 100/200 Ended | E Time: 9.892s | ~Time Left: 989.199s |  Train Loss: 0.2795 | Train Acc. 88.5057% | Test Loss: 0.3633 | Test Acc. 84.5977%
Train AUC: 0.9341598296005321
Valid AUC: 0.920128335021952
AdamP on MHIST_transformed: T 1/3 | E 101/200 Ended | E Time: 9.945s | ~Time Left: 984.558s |  Train Loss: 0.2856 | Train Acc. 86.8391% | Test Loss: 0.3871 | Test Acc. 84.3678%
Train AUC: 0.9472879773890499
Valid AUC: 0.9014811598398225
AdamP on MHIST_transformed: T 1/3 | E 102/200 Ended | E Time: 9.884s | ~Time Left: 968.681s |  Train Loss: 0.2595 | Train Acc. 88.9655% | Test Loss: 0.5453 | Test Acc. 77.7011%
Train AUC: 0.9388268526283269
Valid AUC: 0.9168475900998697
AdamP on MHIST_transformed: T 1/3 | E 103/200 Ended | E Time: 9.973s | ~Time Left: 967.403s |  Train Loss: 0.2791 | Train Acc. 87.4138% | Test Loss: 0.3810 | Test Acc. 83.6782%
Train AUC: 0.9318745412667822
Valid AUC: 0.919477010662421
AdamP on MHIST_transformed: T 1/3 | E 104/200 Ended | E Time: 9.905s | ~Time Left: 950.893s |  Train Loss: 0.2985 | Train Acc. 87.9885% | Test Loss: 0.3455 | Test Acc. 84.3678%
Train AUC: 0.9388170445238901
Valid AUC: 0.9113716408549235
AdamP on MHIST_transformed: T 1/3 | E 105/200 Ended | E Time: 9.983s | ~Time Left: 948.421s |  Train Loss: 0.2800 | Train Acc. 88.0460% | Test Loss: 0.3629 | Test Acc. 84.5977%
Train AUC: 0.9455764631648464
Valid AUC: 0.9169923288464322
AdamP on MHIST_transformed: T 1/3 | E 106/200 Ended | E Time: 9.944s | ~Time Left: 934.718s |  Train Loss: 0.2588 | Train Acc. 88.7356% | Test Loss: 0.3646 | Test Acc. 84.5977%
Train AUC: 0.9382677906754352
Valid AUC: 0.9135668451777874
AdamP on MHIST_transformed: T 1/3 | E 107/200 Ended | E Time: 9.908s | ~Time Left: 921.434s |  Train Loss: 0.2845 | Train Acc. 87.4713% | Test Loss: 0.4940 | Test Acc. 79.3103%
Train AUC: 0.9452544304025082
Valid AUC: 0.9150866020166932
AdamP on MHIST_transformed: T 1/3 | E 108/200 Ended | E Time: 10.013s | ~Time Left: 921.182s |  Train Loss: 0.2717 | Train Acc. 88.9080% | Test Loss: 0.4066 | Test Acc. 84.3678%
Train AUC: 0.93398818777289
Valid AUC: 0.9039417185313842
AdamP on MHIST_transformed: T 1/3 | E 109/200 Ended | E Time: 9.898s | ~Time Left: 900.705s |  Train Loss: 0.2877 | Train Acc. 87.3563% | Test Loss: 0.3860 | Test Acc. 83.6782%
Train AUC: 0.9464853475093135
Valid AUC: 0.9206349206349207
AdamP on MHIST_transformed: T 1/3 | E 110/200 Ended | E Time: 9.958s | ~Time Left: 896.248s |  Train Loss: 0.2586 | Train Acc. 89.6552% | Test Loss: 0.3539 | Test Acc. 84.8276%
Train AUC: 0.9468220924283068
Valid AUC: 0.9271722873546582
AdamP on MHIST_transformed: T 1/3 | E 111/200 Ended | E Time: 9.942s | ~Time Left: 884.881s |  Train Loss: 0.2636 | Train Acc. 89.3678% | Test Loss: 0.3343 | Test Acc. 86.8966%
Train AUC: 0.9417349555938072
Valid AUC: 0.9107685627442466
AdamP on MHIST_transformed: T 1/3 | E 112/200 Ended | E Time: 9.956s | ~Time Left: 876.095s |  Train Loss: 0.2690 | Train Acc. 88.6782% | Test Loss: 0.3725 | Test Acc. 84.8276%
Train AUC: 0.948618610224295
Valid AUC: 0.9187050706807546
AdamP on MHIST_transformed: T 1/3 | E 113/200 Ended | E Time: 9.816s | ~Time Left: 854.010s |  Train Loss: 0.2553 | Train Acc. 88.5057% | Test Loss: 0.3496 | Test Acc. 84.3678%
Train AUC: 0.9480791644802767
Valid AUC: 0.9151589713899744
AdamP on MHIST_transformed: T 1/3 | E 114/200 Ended | E Time: 9.871s | ~Time Left: 848.877s |  Train Loss: 0.2572 | Train Acc. 89.2529% | Test Loss: 0.3607 | Test Acc. 85.2874%
Train AUC: 0.9486889016394245
Valid AUC: 0.9161962657403387
AdamP on MHIST_transformed: T 1/3 | E 115/200 Ended | E Time: 9.887s | ~Time Left: 840.405s |  Train Loss: 0.2557 | Train Acc. 89.1379% | Test Loss: 0.3549 | Test Acc. 84.1379%
Train AUC: 0.9489766060362343
Valid AUC: 0.9087180971679452
AdamP on MHIST_transformed: T 1/3 | E 116/200 Ended | E Time: 9.872s | ~Time Left: 829.213s |  Train Loss: 0.2563 | Train Acc. 90.0000% | Test Loss: 0.3940 | Test Acc. 84.3678%
Train AUC: 0.9489864141406712
Valid AUC: 0.9298982004149177
AdamP on MHIST_transformed: T 1/3 | E 117/200 Ended | E Time: 9.852s | ~Time Left: 817.695s |  Train Loss: 0.2566 | Train Acc. 89.0230% | Test Loss: 0.3291 | Test Acc. 85.9770%
Train AUC: 0.948896506516668
Valid AUC: 0.9213103681188787
AdamP on MHIST_transformed: T 1/3 | E 118/200 Ended | E Time: 9.913s | ~Time Left: 812.864s |  Train Loss: 0.2531 | Train Acc. 89.5977% | Test Loss: 0.3907 | Test Acc. 82.9885%
Train AUC: 0.9577532248230045
Valid AUC: 0.9219858156028369
AdamP on MHIST_transformed: T 1/3 | E 119/200 Ended | E Time: 9.854s | ~Time Left: 798.140s |  Train Loss: 0.2355 | Train Acc. 89.8276% | Test Loss: 0.3849 | Test Acc. 82.9885%
Train AUC: 0.9414292696721969
Valid AUC: 0.915979157620495
AdamP on MHIST_transformed: T 1/3 | E 120/200 Ended | E Time: 9.994s | ~Time Left: 799.560s |  Train Loss: 0.2701 | Train Acc. 88.5057% | Test Loss: 0.4005 | Test Acc. 83.9080%
Train AUC: 0.9562869132097185
Valid AUC: 0.9234573261928886
AdamP on MHIST_transformed: T 1/3 | E 121/200 Ended | E Time: 9.889s | ~Time Left: 781.252s |  Train Loss: 0.2334 | Train Acc. 90.3448% | Test Loss: 0.3479 | Test Acc. 87.1264%
Train AUC: 0.9540523000822245
Valid AUC: 0.9010469436001352
AdamP on MHIST_transformed: T 1/3 | E 122/200 Ended | E Time: 9.869s | ~Time Left: 769.815s |  Train Loss: 0.2440 | Train Acc. 89.1379% | Test Loss: 0.4213 | Test Acc. 83.2184%
Train AUC: 0.9429593339643212
Valid AUC: 0.9087663434167994
AdamP on MHIST_transformed: T 1/3 | E 123/200 Ended | E Time: 9.909s | ~Time Left: 762.964s |  Train Loss: 0.2639 | Train Acc. 89.3678% | Test Loss: 0.4393 | Test Acc. 83.2184%
Train AUC: 0.9532513048865612
Valid AUC: 0.9206831668837747
AdamP on MHIST_transformed: T 1/3 | E 124/200 Ended | E Time: 9.878s | ~Time Left: 750.752s |  Train Loss: 0.2420 | Train Acc. 89.5402% | Test Loss: 0.3648 | Test Acc. 86.4368%
Train AUC: 0.9492169045949334
Valid AUC: 0.9219375693539826
AdamP on MHIST_transformed: T 1/3 | E 125/200 Ended | E Time: 9.876s | ~Time Left: 740.694s |  Train Loss: 0.2524 | Train Acc. 89.0805% | Test Loss: 0.3575 | Test Acc. 85.5172%
Train AUC: 0.9580981431623617
Valid AUC: 0.9012881748444057
AdamP on MHIST_transformed: T 1/3 | E 126/200 Ended | E Time: 9.852s | ~Time Left: 729.050s |  Train Loss: 0.2346 | Train Acc. 89.9425% | Test Loss: 0.4067 | Test Acc. 83.9080%
Train AUC: 0.9463872664649466
Valid AUC: 0.9281130892073142
AdamP on MHIST_transformed: T 1/3 | E 127/200 Ended | E Time: 9.862s | ~Time Left: 719.894s |  Train Loss: 0.2600 | Train Acc. 88.7931% | Test Loss: 0.3234 | Test Acc. 85.9770%
Train AUC: 0.9561986402697882
Valid AUC: 0.9125777970762774
AdamP on MHIST_transformed: T 1/3 | E 128/200 Ended | E Time: 9.885s | ~Time Left: 711.741s |  Train Loss: 0.2359 | Train Acc. 90.2874% | Test Loss: 0.3877 | Test Acc. 83.6782%
Train AUC: 0.955937090818143
Valid AUC: 0.9301635547836156
AdamP on MHIST_transformed: T 1/3 | E 129/200 Ended | E Time: 9.952s | ~Time Left: 706.579s |  Train Loss: 0.2360 | Train Acc. 89.8276% | Test Loss: 0.3417 | Test Acc. 85.7471%
Train AUC: 0.9521495278215056
Valid AUC: 0.9095865296473199
AdamP on MHIST_transformed: T 1/3 | E 130/200 Ended | E Time: 9.987s | ~Time Left: 699.089s |  Train Loss: 0.2409 | Train Acc. 90.5747% | Test Loss: 0.3859 | Test Acc. 84.5977%
Train AUC: 0.9603540071828018
Valid AUC: 0.9238432961837216
AdamP on MHIST_transformed: T 1/3 | E 131/200 Ended | E Time: 9.964s | ~Time Left: 687.496s |  Train Loss: 0.2243 | Train Acc. 90.6897% | Test Loss: 0.3241 | Test Acc. 88.0460%
Train AUC: 0.9598014839662014
Valid AUC: 0.9187774400540358
AdamP on MHIST_transformed: T 1/3 | E 132/200 Ended | E Time: 9.906s | ~Time Left: 673.599s |  Train Loss: 0.2289 | Train Acc. 90.2299% | Test Loss: 0.3380 | Test Acc. 87.3563%
Train AUC: 0.9493427752685377
Valid AUC: 0.9001785111207603
AdamP on MHIST_transformed: T 1/3 | E 133/200 Ended | E Time: 9.959s | ~Time Left: 667.276s |  Train Loss: 0.2513 | Train Acc. 89.3103% | Test Loss: 0.3931 | Test Acc. 84.3678%
Train AUC: 0.9583041133555323
Valid AUC: 0.9152072176388286
AdamP on MHIST_transformed: T 1/3 | E 134/200 Ended | E Time: 9.853s | ~Time Left: 650.318s |  Train Loss: 0.2285 | Train Acc. 90.6897% | Test Loss: 0.4274 | Test Acc. 83.2184%
Train AUC: 0.956976749888433
Valid AUC: 0.9233367105707531
AdamP on MHIST_transformed: T 1/3 | E 135/200 Ended | E Time: 9.916s | ~Time Left: 644.516s |  Train Loss: 0.2313 | Train Acc. 90.4023% | Test Loss: 0.3687 | Test Acc. 85.9770%
Train AUC: 0.9622714916001759
Valid AUC: 0.9279201042118976
AdamP on MHIST_transformed: T 1/3 | E 136/200 Ended | E Time: 9.912s | ~Time Left: 634.361s |  Train Loss: 0.2173 | Train Acc. 91.2644% | Test Loss: 0.3723 | Test Acc. 86.6667%
Train AUC: 0.9620426358299864
Valid AUC: 0.908332127177112
AdamP on MHIST_transformed: T 1/3 | E 137/200 Ended | E Time: 9.871s | ~Time Left: 621.873s |  Train Loss: 0.2174 | Train Acc. 90.6897% | Test Loss: 0.4426 | Test Acc. 85.5172%
Train AUC: 0.9542043257009933
Valid AUC: 0.9307425097698654
AdamP on MHIST_transformed: T 1/3 | E 138/200 Ended | E Time: 9.919s | ~Time Left: 614.968s |  Train Loss: 0.2423 | Train Acc. 90.1149% | Test Loss: 0.3511 | Test Acc. 84.1379%
Train AUC: 0.963821172101174
Valid AUC: 0.9167028513533072
AdamP on MHIST_transformed: T 1/3 | E 139/200 Ended | E Time: 9.933s | ~Time Left: 605.890s |  Train Loss: 0.2134 | Train Acc. 91.4368% | Test Loss: 0.3849 | Test Acc. 84.1379%
Train AUC: 0.9656291326856714
Valid AUC: 0.9068123703382063
AdamP on MHIST_transformed: T 1/3 | E 140/200 Ended | E Time: 9.933s | ~Time Left: 595.997s |  Train Loss: 0.2135 | Train Acc. 91.2069% | Test Loss: 0.4286 | Test Acc. 83.2184%
Train AUC: 0.9593176174806576
Valid AUC: 0.9200318425242436
AdamP on MHIST_transformed: T 1/3 | E 141/200 Ended | E Time: 9.992s | ~Time Left: 589.511s |  Train Loss: 0.2299 | Train Acc. 90.6897% | Test Loss: 0.3610 | Test Acc. 85.0575%
Train AUC: 0.9649817977928495
Valid AUC: 0.9180537463212235
AdamP on MHIST_transformed: T 1/3 | E 142/200 Ended | E Time: 9.881s | ~Time Left: 573.126s |  Train Loss: 0.2114 | Train Acc. 91.0920% | Test Loss: 0.4223 | Test Acc. 84.1379%
Train AUC: 0.9620066727803851
Valid AUC: 0.9049790128817485
AdamP on MHIST_transformed: T 1/3 | E 143/200 Ended | E Time: 10.004s | ~Time Left: 570.203s |  Train Loss: 0.2164 | Train Acc. 91.0345% | Test Loss: 0.3758 | Test Acc. 84.5977%
Train AUC: 0.9663696445706421
Valid AUC: 0.9116852414724755
AdamP on MHIST_transformed: T 1/3 | E 144/200 Ended | E Time: 9.970s | ~Time Left: 558.306s |  Train Loss: 0.2065 | Train Acc. 91.7241% | Test Loss: 0.3894 | Test Acc. 84.8276%
Train AUC: 0.9568655913714836
Valid AUC: 0.9187291938051817
AdamP on MHIST_transformed: T 1/3 | E 145/200 Ended | E Time: 9.879s | ~Time Left: 543.330s |  Train Loss: 0.2372 | Train Acc. 90.0000% | Test Loss: 0.3767 | Test Acc. 84.8276%
Train AUC: 0.9584120025043361
Valid AUC: 0.9254354223959086
AdamP on MHIST_transformed: T 1/3 | E 146/200 Ended | E Time: 9.975s | ~Time Left: 538.663s |  Train Loss: 0.2291 | Train Acc. 91.2069% | Test Loss: 0.4877 | Test Acc. 81.3793%
Train AUC: 0.9596641705040874
Valid AUC: 0.929656969170647
AdamP on MHIST_transformed: T 1/3 | E 147/200 Ended | E Time: 9.941s | ~Time Left: 526.858s |  Train Loss: 0.2313 | Train Acc. 90.4598% | Test Loss: 0.3425 | Test Acc. 88.2759%
Train AUC: 0.9599649523734796
Valid AUC: 0.9276065035943455
AdamP on MHIST_transformed: T 1/3 | E 148/200 Ended | E Time: 9.899s | ~Time Left: 514.768s |  Train Loss: 0.2241 | Train Acc. 90.2874% | Test Loss: 0.3829 | Test Acc. 85.5172%
Train AUC: 0.966250312633329
Valid AUC: 0.9155690645052347
AdamP on MHIST_transformed: T 1/3 | E 149/200 Ended | E Time: 9.871s | ~Time Left: 503.414s |  Train Loss: 0.2083 | Train Acc. 91.3218% | Test Loss: 0.3677 | Test Acc. 85.2874%
Train AUC: 0.9752966542921082
Valid AUC: 0.9311767260095527
AdamP on MHIST_transformed: T 1/3 | E 150/200 Ended | E Time: 9.966s | ~Time Left: 498.315s |  Train Loss: 0.1831 | Train Acc. 92.7011% | Test Loss: 0.3540 | Test Acc. 85.0575%
Train AUC: 0.963969928351797
Valid AUC: 0.9041347035268008
AdamP on MHIST_transformed: T 1/3 | E 151/200 Ended | E Time: 9.956s | ~Time Left: 487.822s |  Train Loss: 0.2139 | Train Acc. 91.3218% | Test Loss: 0.4066 | Test Acc. 85.2874%
Train AUC: 0.9628485350778682
Valid AUC: 0.9186085781830462
AdamP on MHIST_transformed: T 1/3 | E 152/200 Ended | E Time: 9.897s | ~Time Left: 475.074s |  Train Loss: 0.2204 | Train Acc. 91.2644% | Test Loss: 0.3719 | Test Acc. 85.5172%
Train AUC: 0.9633095159863928
Valid AUC: 0.9076084334442996
AdamP on MHIST_transformed: T 1/3 | E 153/200 Ended | E Time: 9.884s | ~Time Left: 464.555s |  Train Loss: 0.2164 | Train Acc. 90.6897% | Test Loss: 0.3984 | Test Acc. 85.7471%
Train AUC: 0.9657746195681491
Valid AUC: 0.9043035653977902
AdamP on MHIST_transformed: T 1/3 | E 154/200 Ended | E Time: 9.931s | ~Time Left: 456.827s |  Train Loss: 0.2104 | Train Acc. 91.3218% | Test Loss: 0.4358 | Test Acc. 82.9885%
Train AUC: 0.9595677241437933
Valid AUC: 0.905147874752738
AdamP on MHIST_transformed: T 1/3 | E 155/200 Ended | E Time: 9.863s | ~Time Left: 443.813s |  Train Loss: 0.2183 | Train Acc. 91.0345% | Test Loss: 0.3944 | Test Acc. 85.0575%
Train AUC: 0.9715548624495087
Valid AUC: 0.914049307666329
AdamP on MHIST_transformed: T 1/3 | E 156/200 Ended | E Time: 9.952s | ~Time Left: 437.907s |  Train Loss: 0.1920 | Train Acc. 91.4943% | Test Loss: 0.3709 | Test Acc. 86.4368%
Train AUC: 0.9680402916930259
Valid AUC: 0.9256525305157524
AdamP on MHIST_transformed: T 1/3 | E 157/200 Ended | E Time: 9.866s | ~Time Left: 424.244s |  Train Loss: 0.2047 | Train Acc. 90.9770% | Test Loss: 0.3611 | Test Acc. 86.2069%
Train AUC: 0.9731486794204719
Valid AUC: 0.9011916823466974
AdamP on MHIST_transformed: T 1/3 | E 158/200 Ended | E Time: 9.910s | ~Time Left: 416.211s |  Train Loss: 0.1872 | Train Acc. 92.8161% | Test Loss: 0.4580 | Test Acc. 83.4483%
Train AUC: 0.9659756857091014
Valid AUC: 0.9209002750036186
AdamP on MHIST_transformed: T 1/3 | E 159/200 Ended | E Time: 9.954s | ~Time Left: 408.096s |  Train Loss: 0.2083 | Train Acc. 91.2069% | Test Loss: 0.3723 | Test Acc. 84.5977%
Train AUC: 0.9670235181997552
Valid AUC: 0.9139045689197665
AdamP on MHIST_transformed: T 1/3 | E 160/200 Ended | E Time: 9.958s | ~Time Left: 398.301s |  Train Loss: 0.1997 | Train Acc. 92.3563% | Test Loss: 0.3852 | Test Acc. 84.3678%
Train AUC: 0.9736897598485629
Valid AUC: 0.909321175278622
AdamP on MHIST_transformed: T 1/3 | E 161/200 Ended | E Time: 9.939s | ~Time Left: 387.608s |  Train Loss: 0.1866 | Train Acc. 92.2989% | Test Loss: 0.4498 | Test Acc. 83.9080%
Train AUC: 0.9719766109402868
Valid AUC: 0.9309113716408549
AdamP on MHIST_transformed: T 1/3 | E 162/200 Ended | E Time: 9.960s | ~Time Left: 378.469s |  Train Loss: 0.1947 | Train Acc. 92.0690% | Test Loss: 0.3656 | Test Acc. 85.5172%
Train AUC: 0.9724719202143397
Valid AUC: 0.9006368504848749
AdamP on MHIST_transformed: T 1/3 | E 163/200 Ended | E Time: 10.002s | ~Time Left: 370.059s |  Train Loss: 0.1936 | Train Acc. 91.3793% | Test Loss: 0.4584 | Test Acc. 83.9080%
Train AUC: 0.9672687208106725
Valid AUC: 0.8938823756452935
AdamP on MHIST_transformed: T 1/3 | E 164/200 Ended | E Time: 9.918s | ~Time Left: 357.060s |  Train Loss: 0.2058 | Train Acc. 91.6092% | Test Loss: 0.4713 | Test Acc. 82.7586%
Train AUC: 0.9673864180639128
Valid AUC: 0.9330824528392918
AdamP on MHIST_transformed: T 1/3 | E 165/200 Ended | E Time: 9.925s | ~Time Left: 347.389s |  Train Loss: 0.2026 | Train Acc. 91.7241% | Test Loss: 0.3226 | Test Acc. 87.5862%
Train AUC: 0.9659380879754275
Valid AUC: 0.9168234669754427
AdamP on MHIST_transformed: T 1/3 | E 166/200 Ended | E Time: 9.905s | ~Time Left: 336.780s |  Train Loss: 0.2067 | Train Acc. 91.9540% | Test Loss: 0.3915 | Test Acc. 85.7471%
Train AUC: 0.966580518816031
Valid AUC: 0.9177642688280986
AdamP on MHIST_transformed: T 1/3 | E 167/200 Ended | E Time: 9.917s | ~Time Left: 327.252s |  Train Loss: 0.2043 | Train Acc. 92.1264% | Test Loss: 0.3714 | Test Acc. 87.1264%
Train AUC: 0.9698645991182513
Valid AUC: 0.8958604718483139
AdamP on MHIST_transformed: T 1/3 | E 168/200 Ended | E Time: 9.921s | ~Time Left: 317.464s |  Train Loss: 0.1992 | Train Acc. 91.3218% | Test Loss: 0.4522 | Test Acc. 84.5977%
Train AUC: 0.9661080951189969
Valid AUC: 0.908669850919091
AdamP on MHIST_transformed: T 1/3 | E 169/200 Ended | E Time: 9.945s | ~Time Left: 308.306s |  Train Loss: 0.2029 | Train Acc. 91.4368% | Test Loss: 0.4533 | Test Acc. 82.9885%
Train AUC: 0.9761466900099552
Valid AUC: 0.9256525305157525
AdamP on MHIST_transformed: T 1/3 | E 170/200 Ended | E Time: 9.911s | ~Time Left: 297.333s |  Train Loss: 0.1773 | Train Acc. 92.7586% | Test Loss: 0.3571 | Test Acc. 87.3563%
Train AUC: 0.9673471856461661
Valid AUC: 0.9199835962753895
AdamP on MHIST_transformed: T 1/3 | E 171/200 Ended | E Time: 9.989s | ~Time Left: 289.673s |  Train Loss: 0.2075 | Train Acc. 91.3793% | Test Loss: 0.4069 | Test Acc. 84.3678%
Train AUC: 0.9716398660212934
Valid AUC: 0.9090316977854972
AdamP on MHIST_transformed: T 1/3 | E 172/200 Ended | E Time: 9.855s | ~Time Left: 275.942s |  Train Loss: 0.1966 | Train Acc. 92.2414% | Test Loss: 0.4290 | Test Acc. 84.1379%
Train AUC: 0.9703517349719406
Valid AUC: 0.917860761325807
AdamP on MHIST_transformed: T 1/3 | E 173/200 Ended | E Time: 9.874s | ~Time Left: 266.600s |  Train Loss: 0.1908 | Train Acc. 92.5862% | Test Loss: 0.3847 | Test Acc. 85.9770%
Train AUC: 0.970552801112893
Valid AUC: 0.9232643411974719
AdamP on MHIST_transformed: T 1/3 | E 174/200 Ended | E Time: 9.971s | ~Time Left: 259.251s |  Train Loss: 0.1949 | Train Acc. 92.1264% | Test Loss: 0.3597 | Test Acc. 86.4368%
Train AUC: 0.9727024106686022
Valid AUC: 0.9283543204515848
AdamP on MHIST_transformed: T 1/3 | E 175/200 Ended | E Time: 9.979s | ~Time Left: 249.482s |  Train Loss: 0.1862 | Train Acc. 92.8736% | Test Loss: 0.3631 | Test Acc. 86.2069%
Train AUC: 0.9780004217484908
Valid AUC: 0.9383171708399671
AdamP on MHIST_transformed: T 1/3 | E 176/200 Ended | E Time: 10.021s | ~Time Left: 240.502s |  Train Loss: 0.1649 | Train Acc. 93.3333% | Test Loss: 0.3351 | Test Acc. 87.3563%
Train AUC: 0.9759292770282751
Valid AUC: 0.9189463019250252
AdamP on MHIST_transformed: T 1/3 | E 177/200 Ended | E Time: 9.891s | ~Time Left: 227.494s |  Train Loss: 0.1791 | Train Acc. 92.7011% | Test Loss: 0.4191 | Test Acc. 84.1379%
Train AUC: 0.9709565680788702
Valid AUC: 0.9211656293723163
AdamP on MHIST_transformed: T 1/3 | E 178/200 Ended | E Time: 9.867s | ~Time Left: 217.078s |  Train Loss: 0.1998 | Train Acc. 91.3793% | Test Loss: 0.4591 | Test Acc. 82.7586%
Train AUC: 0.97030432913383
Valid AUC: 0.926472716746273
AdamP on MHIST_transformed: T 1/3 | E 179/200 Ended | E Time: 9.922s | ~Time Left: 208.355s |  Train Loss: 0.1927 | Train Acc. 92.9310% | Test Loss: 0.3353 | Test Acc. 86.4368%
Train AUC: 0.9797920354922605
Valid AUC: 0.9106961933709654
AdamP on MHIST_transformed: T 1/3 | E 180/200 Ended | E Time: 9.911s | ~Time Left: 198.215s |  Train Loss: 0.1616 | Train Acc. 93.6782% | Test Loss: 0.4224 | Test Acc. 85.0575%
Train AUC: 0.9734461919217183
Valid AUC: 0.9291262604332513
AdamP on MHIST_transformed: T 1/3 | E 181/200 Ended | E Time: 9.922s | ~Time Left: 188.525s |  Train Loss: 0.1852 | Train Acc. 92.3563% | Test Loss: 0.4209 | Test Acc. 83.9080%
Train AUC: 0.9692385151183756
Valid AUC: 0.9044483041443528
AdamP on MHIST_transformed: T 1/3 | E 182/200 Ended | E Time: 9.880s | ~Time Left: 177.846s |  Train Loss: 0.2002 | Train Acc. 91.8966% | Test Loss: 0.4419 | Test Acc. 81.6092%
Train AUC: 0.9750171233156624
Valid AUC: 0.908332127177112
AdamP on MHIST_transformed: T 1/3 | E 183/200 Ended | E Time: 9.925s | ~Time Left: 168.723s |  Train Loss: 0.1806 | Train Acc. 92.6437% | Test Loss: 0.4716 | Test Acc. 82.9885%
Train AUC: 0.975952162605294
Valid AUC: 0.9213344912433059
AdamP on MHIST_transformed: T 1/3 | E 184/200 Ended | E Time: 10.033s | ~Time Left: 160.525s |  Train Loss: 0.1737 | Train Acc. 92.9310% | Test Loss: 0.3980 | Test Acc. 84.8276%
Train AUC: 0.9781589861035507
Valid AUC: 0.9282819510783037
AdamP on MHIST_transformed: T 1/3 | E 185/200 Ended | E Time: 9.858s | ~Time Left: 147.874s |  Train Loss: 0.1685 | Train Acc. 92.8161% | Test Loss: 0.4207 | Test Acc. 86.4368%
Train AUC: 0.9770948067721692
Valid AUC: 0.9237226805615864
AdamP on MHIST_transformed: T 1/3 | E 186/200 Ended | E Time: 9.957s | ~Time Left: 139.403s |  Train Loss: 0.1690 | Train Acc. 93.6782% | Test Loss: 0.3902 | Test Acc. 87.1264%
Train AUC: 0.9756088789500097
Valid AUC: 0.9195493800357023
AdamP on MHIST_transformed: T 1/3 | E 187/200 Ended | E Time: 9.947s | ~Time Left: 129.306s |  Train Loss: 0.1753 | Train Acc. 93.0460% | Test Loss: 0.3736 | Test Acc. 86.4368%
Train AUC: 0.9754356024382947
Valid AUC: 0.9127949051961209
AdamP on MHIST_transformed: T 1/3 | E 188/200 Ended | E Time: 9.890s | ~Time Left: 118.685s |  Train Loss: 0.1768 | Train Acc. 93.2184% | Test Loss: 0.4055 | Test Acc. 85.9770%
Train AUC: 0.9741343939163598
Valid AUC: 0.8591209533458772
AdamP on MHIST_transformed: T 1/3 | E 189/200 Ended | E Time: 9.937s | ~Time Left: 109.306s |  Train Loss: 0.1798 | Train Acc. 92.9885% | Test Loss: 0.6687 | Test Acc. 79.0805%
Train AUC: 0.9702847129249565
Valid AUC: 0.9292951223042408
AdamP on MHIST_transformed: T 1/3 | E 190/200 Ended | E Time: 9.924s | ~Time Left: 99.243s |  Train Loss: 0.1950 | Train Acc. 92.1264% | Test Loss: 0.3759 | Test Acc. 87.3563%
Train AUC: 0.9773138544379221
Valid AUC: 0.9180778694456506
AdamP on MHIST_transformed: T 1/3 | E 191/200 Ended | E Time: 9.933s | ~Time Left: 89.401s |  Train Loss: 0.1743 | Train Acc. 92.8161% | Test Loss: 0.4148 | Test Acc. 84.1379%
Train AUC: 0.9828701456013104
Valid AUC: 0.9206831668837747
AdamP on MHIST_transformed: T 1/3 | E 192/200 Ended | E Time: 9.981s | ~Time Left: 79.848s |  Train Loss: 0.1499 | Train Acc. 93.8506% | Test Loss: 0.3934 | Test Acc. 85.9770%
Train AUC: 0.9793882685262832
Valid AUC: 0.9183432238143484
AdamP on MHIST_transformed: T 1/3 | E 193/200 Ended | E Time: 9.968s | ~Time Left: 69.776s |  Train Loss: 0.1625 | Train Acc. 93.3908% | Test Loss: 0.4473 | Test Acc. 84.1379%
Train AUC: 0.9775296327355294
Valid AUC: 0.9235055724417426
AdamP on MHIST_transformed: T 1/3 | E 194/200 Ended | E Time: 9.921s | ~Time Left: 59.524s |  Train Loss: 0.1669 | Train Acc. 93.1034% | Test Loss: 0.3932 | Test Acc. 86.2069%
Train AUC: 0.9808889085050977
Valid AUC: 0.9239880349302841
AdamP on MHIST_transformed: T 1/3 | E 195/200 Ended | E Time: 10.007s | ~Time Left: 50.035s |  Train Loss: 0.1628 | Train Acc. 93.1609% | Test Loss: 0.4268 | Test Acc. 84.5977%
Train AUC: 0.9801549353564183
Valid AUC: 0.9109856708640904
AdamP on MHIST_transformed: T 1/3 | E 196/200 Ended | E Time: 9.946s | ~Time Left: 39.785s |  Train Loss: 0.1601 | Train Acc. 93.5632% | Test Loss: 0.3973 | Test Acc. 84.3678%
Train AUC: 0.9803461933929339
Valid AUC: 0.9250735755295025
AdamP on MHIST_transformed: T 1/3 | E 197/200 Ended | E Time: 9.910s | ~Time Left: 29.730s |  Train Loss: 0.1593 | Train Acc. 93.5632% | Test Loss: 0.4721 | Test Acc. 85.5172%
Train AUC: 0.9812387308966732
Valid AUC: 0.9129155208182564
AdamP on MHIST_transformed: T 1/3 | E 198/200 Ended | E Time: 9.901s | ~Time Left: 19.801s |  Train Loss: 0.1566 | Train Acc. 93.0460% | Test Loss: 0.4606 | Test Acc. 82.0690%
Train AUC: 0.9856932449950061
Valid AUC: 0.9266898248661166
AdamP on MHIST_transformed: T 1/3 | E 199/200 Ended | E Time: 9.963s | ~Time Left: 9.963s |  Train Loss: 0.1367 | Train Acc. 94.3678% | Test Loss: 0.3930 | Test Acc. 86.8966%
Train AUC: 0.9824107993768585
Valid AUC: 0.9225647705890867
AdamP on MHIST_transformed: T 1/3 | E 200/200 Ended | E Time: 9.903s | ~Time Left: 0.000s |  Train Loss: 0.1463 | Train Acc. 94.3103% | Test Loss: 0.3895 | Test Acc. 84.3678%
Train AUC: 0.5646852661020467
Valid AUC: 0.6069619337096541
AdamP on MHIST_transformed: T 2/3 | E 1/200 Ended | E Time: 9.867s | ~Time Left: 1963.521s |  Train Loss: 0.6178 | Train Acc. 68.9655% | Test Loss: 0.7082 | Test Acc. 67.5862%
Train AUC: 0.6027979252589748
Valid AUC: 0.641940464128914
AdamP on MHIST_transformed: T 2/3 | E 2/200 Ended | E Time: 9.915s | ~Time Left: 1963.220s |  Train Loss: 0.5893 | Train Acc. 70.7471% | Test Loss: 0.6037 | Test Acc. 66.8966%
Train AUC: 0.6302606176817238
Valid AUC: 0.6539296569691706
AdamP on MHIST_transformed: T 2/3 | E 3/200 Ended | E Time: 9.958s | ~Time Left: 1961.819s |  Train Loss: 0.5806 | Train Acc. 70.4598% | Test Loss: 0.6623 | Test Acc. 57.4713%
Train AUC: 0.6583412206839845
Valid AUC: 0.7508804940415882
AdamP on MHIST_transformed: T 2/3 | E 4/200 Ended | E Time: 9.999s | ~Time Left: 1959.718s |  Train Loss: 0.5611 | Train Acc. 70.3448% | Test Loss: 0.5436 | Test Acc. 69.6552%
Train AUC: 0.6861341192894355
Valid AUC: 0.694456506006658
AdamP on MHIST_transformed: T 2/3 | E 5/200 Ended | E Time: 10.008s | ~Time Left: 1951.658s |  Train Loss: 0.5494 | Train Acc. 72.8736% | Test Loss: 0.6096 | Test Acc. 67.1264%
Train AUC: 0.709343363754804
Valid AUC: 0.7297245139190428
AdamP on MHIST_transformed: T 2/3 | E 6/200 Ended | E Time: 9.904s | ~Time Left: 1921.455s |  Train Loss: 0.5421 | Train Acc. 71.6092% | Test Loss: 0.5650 | Test Acc. 69.4253%
Train AUC: 0.6883850792576574
Valid AUC: 0.7920586674386065
AdamP on MHIST_transformed: T 2/3 | E 7/200 Ended | E Time: 9.935s | ~Time Left: 1917.540s |  Train Loss: 0.5513 | Train Acc. 72.1264% | Test Loss: 0.5364 | Test Acc. 69.6552%
Train AUC: 0.7251164303730838
Valid AUC: 0.8031311815506343
AdamP on MHIST_transformed: T 2/3 | E 8/200 Ended | E Time: 9.949s | ~Time Left: 1910.270s |  Train Loss: 0.5256 | Train Acc. 71.8391% | Test Loss: 0.4947 | Test Acc. 75.1724%
Train AUC: 0.7465389651469008
Valid AUC: 0.7929753461668354
AdamP on MHIST_transformed: T 2/3 | E 9/200 Ended | E Time: 9.905s | ~Time Left: 1891.949s |  Train Loss: 0.5140 | Train Acc. 73.3333% | Test Loss: 0.5671 | Test Acc. 67.3563%
Train AUC: 0.7370904912062171
Valid AUC: 0.6998118396294688
AdamP on MHIST_transformed: T 2/3 | E 10/200 Ended | E Time: 9.960s | ~Time Left: 1892.459s |  Train Loss: 0.5221 | Train Acc. 73.0460% | Test Loss: 0.6040 | Test Acc. 68.2759%
Train AUC: 0.7323400992907105
Valid AUC: 0.7616152844116371
AdamP on MHIST_transformed: T 2/3 | E 11/200 Ended | E Time: 9.879s | ~Time Left: 1867.158s |  Train Loss: 0.5206 | Train Acc. 71.7816% | Test Loss: 0.5463 | Test Acc. 70.5747%
Train AUC: 0.774376000222317
Valid AUC: 0.7952670429874078
AdamP on MHIST_transformed: T 2/3 | E 12/200 Ended | E Time: 9.973s | ~Time Left: 1874.938s |  Train Loss: 0.4931 | Train Acc. 74.3678% | Test Loss: 0.5136 | Test Acc. 71.4943%
Train AUC: 0.7574194223353423
Valid AUC: 0.7680802817580932
AdamP on MHIST_transformed: T 2/3 | E 13/200 Ended | E Time: 9.915s | ~Time Left: 1854.063s |  Train Loss: 0.5037 | Train Acc. 72.3563% | Test Loss: 0.5920 | Test Acc. 65.7471%
Train AUC: 0.7827717376201287
Valid AUC: 0.8343465045592706
AdamP on MHIST_transformed: T 2/3 | E 14/200 Ended | E Time: 9.965s | ~Time Left: 1853.450s |  Train Loss: 0.4894 | Train Acc. 73.5632% | Test Loss: 0.4934 | Test Acc. 73.3333%
Train AUC: 0.7590475676718338
Valid AUC: 0.8237564529357844
AdamP on MHIST_transformed: T 2/3 | E 15/200 Ended | E Time: 9.907s | ~Time Left: 1832.880s |  Train Loss: 0.5031 | Train Acc. 73.9655% | Test Loss: 0.4874 | Test Acc. 77.0115%
Train AUC: 0.7846254693586644
Valid AUC: 0.815120374390891
AdamP on MHIST_transformed: T 2/3 | E 16/200 Ended | E Time: 9.881s | ~Time Left: 1818.078s |  Train Loss: 0.4848 | Train Acc. 75.3448% | Test Loss: 0.5151 | Test Acc. 71.2644%
Train AUC: 0.7948389754454106
Valid AUC: 0.8034930284170405
AdamP on MHIST_transformed: T 2/3 | E 17/200 Ended | E Time: 9.936s | ~Time Left: 1818.323s |  Train Loss: 0.4684 | Train Acc. 75.1149% | Test Loss: 0.5821 | Test Acc. 70.5747%
Train AUC: 0.7907686121041817
Valid AUC: 0.773700969749602
AdamP on MHIST_transformed: T 2/3 | E 18/200 Ended | E Time: 9.905s | ~Time Left: 1802.732s |  Train Loss: 0.4736 | Train Acc. 74.8851% | Test Loss: 0.5826 | Test Acc. 68.7356%
Train AUC: 0.8046732348272712
Valid AUC: 0.7889467843875139
AdamP on MHIST_transformed: T 2/3 | E 19/200 Ended | E Time: 9.880s | ~Time Left: 1788.311s |  Train Loss: 0.4702 | Train Acc. 75.9195% | Test Loss: 0.7583 | Test Acc. 68.9655%
Train AUC: 0.7845045027372785
Valid AUC: 0.7668982486611666
AdamP on MHIST_transformed: T 2/3 | E 20/200 Ended | E Time: 9.918s | ~Time Left: 1785.299s |  Train Loss: 0.4777 | Train Acc. 74.1379% | Test Loss: 0.8023 | Test Acc. 68.9655%
Train AUC: 0.8035191478718866
Valid AUC: 0.8524147247551503
AdamP on MHIST_transformed: T 2/3 | E 21/200 Ended | E Time: 9.898s | ~Time Left: 1771.791s |  Train Loss: 0.4656 | Train Acc. 76.3793% | Test Loss: 0.4518 | Test Acc. 76.0920%
Train AUC: 0.8096165194633659
Valid AUC: 0.8702658368311864
AdamP on MHIST_transformed: T 2/3 | E 22/200 Ended | E Time: 9.926s | ~Time Left: 1766.900s |  Train Loss: 0.4593 | Train Acc. 76.4368% | Test Loss: 0.4196 | Test Acc. 79.5402%
Train AUC: 0.8193984689548974
Valid AUC: 0.8365658320065615
AdamP on MHIST_transformed: T 2/3 | E 23/200 Ended | E Time: 9.951s | ~Time Left: 1761.334s |  Train Loss: 0.4540 | Train Acc. 76.5517% | Test Loss: 0.4863 | Test Acc. 74.7126%
Train AUC: 0.8117857452279484
Valid AUC: 0.854537559704733
AdamP on MHIST_transformed: T 2/3 | E 24/200 Ended | E Time: 9.897s | ~Time Left: 1741.908s |  Train Loss: 0.4580 | Train Acc. 77.4713% | Test Loss: 0.5355 | Test Acc. 70.5747%
Train AUC: 0.819633863461378
Valid AUC: 0.8337434264485937
AdamP on MHIST_transformed: T 2/3 | E 25/200 Ended | E Time: 9.864s | ~Time Left: 1726.267s |  Train Loss: 0.4518 | Train Acc. 77.4713% | Test Loss: 0.4562 | Test Acc. 76.7816%
Train AUC: 0.8233396922543765
Valid AUC: 0.8367105707531239
AdamP on MHIST_transformed: T 2/3 | E 26/200 Ended | E Time: 9.992s | ~Time Left: 1738.543s |  Train Loss: 0.4495 | Train Acc. 78.0460% | Test Loss: 0.4827 | Test Acc. 71.0345%
Train AUC: 0.8308085637829206
Valid AUC: 0.8670574612823853
AdamP on MHIST_transformed: T 2/3 | E 27/200 Ended | E Time: 9.883s | ~Time Left: 1709.794s |  Train Loss: 0.4421 | Train Acc. 77.3563% | Test Loss: 0.4252 | Test Acc. 78.6207%
Train AUC: 0.8294239863732735
Valid AUC: 0.8792396391180586
AdamP on MHIST_transformed: T 2/3 | E 28/200 Ended | E Time: 9.922s | ~Time Left: 1706.629s |  Train Loss: 0.4395 | Train Acc. 77.7011% | Test Loss: 0.4067 | Test Acc. 80.2299%
Train AUC: 0.8469576077379406
Valid AUC: 0.8397742075553626
AdamP on MHIST_transformed: T 2/3 | E 29/200 Ended | E Time: 9.937s | ~Time Left: 1699.312s |  Train Loss: 0.4279 | Train Acc. 79.7701% | Test Loss: 0.5194 | Test Acc. 75.8621%
Train AUC: 0.8446314523023707
Valid AUC: 0.812249722584069
AdamP on MHIST_transformed: T 2/3 | E 30/200 Ended | E Time: 9.913s | ~Time Left: 1685.272s |  Train Loss: 0.4226 | Train Acc. 78.5632% | Test Loss: 0.5897 | Test Acc. 72.4138%
Train AUC: 0.8450123336913291
Valid AUC: 0.848820379215516
AdamP on MHIST_transformed: T 2/3 | E 31/200 Ended | E Time: 9.979s | ~Time Left: 1686.434s |  Train Loss: 0.4258 | Train Acc. 78.3333% | Test Loss: 0.4678 | Test Acc. 76.5517%
Train AUC: 0.8318384147487736
Valid AUC: 0.8658754281854585
AdamP on MHIST_transformed: T 2/3 | E 32/200 Ended | E Time: 9.927s | ~Time Left: 1667.722s |  Train Loss: 0.4406 | Train Acc. 79.4828% | Test Loss: 0.4612 | Test Acc. 74.7126%
Train AUC: 0.8423363558641839
Valid AUC: 0.8279779997105224
AdamP on MHIST_transformed: T 2/3 | E 33/200 Ended | E Time: 9.939s | ~Time Left: 1659.769s |  Train Loss: 0.4259 | Train Acc. 79.8276% | Test Loss: 0.5185 | Test Acc. 70.3448%
Train AUC: 0.8461468044378402
Valid AUC: 0.8635837313648864
AdamP on MHIST_transformed: T 2/3 | E 34/200 Ended | E Time: 9.892s | ~Time Left: 1642.066s |  Train Loss: 0.4232 | Train Acc. 78.8506% | Test Loss: 0.4696 | Test Acc. 74.0230%
Train AUC: 0.8585851155476437
Valid AUC: 0.8761036329425387
AdamP on MHIST_transformed: T 2/3 | E 35/200 Ended | E Time: 9.971s | ~Time Left: 1645.262s |  Train Loss: 0.4120 | Train Acc. 80.6897% | Test Loss: 0.4204 | Test Acc. 80.2299%
Train AUC: 0.8551212199974172
Valid AUC: 0.8493510879529117
AdamP on MHIST_transformed: T 2/3 | E 36/200 Ended | E Time: 9.933s | ~Time Left: 1629.040s |  Train Loss: 0.4141 | Train Acc. 80.0000% | Test Loss: 0.4384 | Test Acc. 79.7701%
Train AUC: 0.8475346512156328
Valid AUC: 0.8357456457760408
AdamP on MHIST_transformed: T 2/3 | E 37/200 Ended | E Time: 9.931s | ~Time Left: 1618.775s |  Train Loss: 0.4211 | Train Acc. 79.4828% | Test Loss: 0.4755 | Test Acc. 74.9425%
Train AUC: 0.8613984068369027
Valid AUC: 0.8601100014473875
AdamP on MHIST_transformed: T 2/3 | E 38/200 Ended | E Time: 9.962s | ~Time Left: 1613.798s |  Train Loss: 0.4088 | Train Acc. 79.9425% | Test Loss: 0.4391 | Test Acc. 78.3908%
Train AUC: 0.8527067916219172
Valid AUC: 0.8396535919332272
AdamP on MHIST_transformed: T 2/3 | E 39/200 Ended | E Time: 9.941s | ~Time Left: 1600.472s |  Train Loss: 0.4168 | Train Acc. 81.1494% | Test Loss: 0.4790 | Test Acc. 75.8621%
Train AUC: 0.857718732989069
Valid AUC: 0.8939547450185747
AdamP on MHIST_transformed: T 2/3 | E 40/200 Ended | E Time: 9.957s | ~Time Left: 1593.048s |  Train Loss: 0.4109 | Train Acc. 79.4828% | Test Loss: 0.4173 | Test Acc. 81.6092%
Train AUC: 0.858034227015116
Valid AUC: 0.8620880976504076
AdamP on MHIST_transformed: T 2/3 | E 41/200 Ended | E Time: 9.869s | ~Time Left: 1569.190s |  Train Loss: 0.4102 | Train Acc. 79.3103% | Test Loss: 0.4325 | Test Acc. 77.2414%
Train AUC: 0.8717835547512911
Valid AUC: 0.8884064264003474
AdamP on MHIST_transformed: T 2/3 | E 42/200 Ended | E Time: 9.963s | ~Time Left: 1574.206s |  Train Loss: 0.3926 | Train Acc. 80.5172% | Test Loss: 0.4060 | Test Acc. 78.8506%
Train AUC: 0.864337568799766
Valid AUC: 0.8839436483813383
AdamP on MHIST_transformed: T 2/3 | E 43/200 Ended | E Time: 9.953s | ~Time Left: 1562.649s |  Train Loss: 0.4049 | Train Acc. 80.0575% | Test Loss: 0.4531 | Test Acc. 79.3103%
Train AUC: 0.8589496500958743
Valid AUC: 0.8866454383171708
AdamP on MHIST_transformed: T 2/3 | E 44/200 Ended | E Time: 9.935s | ~Time Left: 1549.793s |  Train Loss: 0.4061 | Train Acc. 80.1724% | Test Loss: 0.3955 | Test Acc. 79.3103%
Train AUC: 0.8753144723485015
Valid AUC: 0.8755005548318618
AdamP on MHIST_transformed: T 2/3 | E 45/200 Ended | E Time: 9.923s | ~Time Left: 1538.136s |  Train Loss: 0.3928 | Train Acc. 80.7471% | Test Loss: 0.4764 | Test Acc. 77.0115%
Train AUC: 0.874815893706303
Valid AUC: 0.8959569643460221
AdamP on MHIST_transformed: T 2/3 | E 46/200 Ended | E Time: 9.952s | ~Time Left: 1532.645s |  Train Loss: 0.3889 | Train Acc. 81.2069% | Test Loss: 0.4844 | Test Acc. 73.1034%
Train AUC: 0.8780051623323019
Valid AUC: 0.7703237323298113
AdamP on MHIST_transformed: T 2/3 | E 47/200 Ended | E Time: 9.963s | ~Time Left: 1524.281s |  Train Loss: 0.3850 | Train Acc. 82.4713% | Test Loss: 0.8205 | Test Acc. 70.3448%
Train AUC: 0.8784775860293361
Valid AUC: 0.8559849471703576
AdamP on MHIST_transformed: T 2/3 | E 48/200 Ended | E Time: 9.982s | ~Time Left: 1517.212s |  Train Loss: 0.3825 | Train Acc. 81.8391% | Test Loss: 0.5112 | Test Acc. 75.6322%
Train AUC: 0.8798899530682203
Valid AUC: 0.8889853813865972
AdamP on MHIST_transformed: T 2/3 | E 49/200 Ended | E Time: 9.900s | ~Time Left: 1494.922s |  Train Loss: 0.3801 | Train Acc. 81.4368% | Test Loss: 0.5562 | Test Acc. 74.7126%
Train AUC: 0.883916179939484
Valid AUC: 0.8705794374487383
AdamP on MHIST_transformed: T 2/3 | E 50/200 Ended | E Time: 9.954s | ~Time Left: 1493.111s |  Train Loss: 0.3766 | Train Acc. 82.1264% | Test Loss: 0.4497 | Test Acc. 75.8621%
Train AUC: 0.8731223610069001
Valid AUC: 0.879697978482173
AdamP on MHIST_transformed: T 2/3 | E 51/200 Ended | E Time: 10.002s | ~Time Left: 1490.291s |  Train Loss: 0.3915 | Train Acc. 81.9540% | Test Loss: 0.4195 | Test Acc. 77.2414%
Train AUC: 0.8803983398148557
Valid AUC: 0.8805181647126935
AdamP on MHIST_transformed: T 2/3 | E 52/200 Ended | E Time: 9.921s | ~Time Left: 1468.286s |  Train Loss: 0.3828 | Train Acc. 82.2989% | Test Loss: 0.4400 | Test Acc. 79.7701%
Train AUC: 0.8789908768281899
Valid AUC: 0.8834853090172239
AdamP on MHIST_transformed: T 2/3 | E 53/200 Ended | E Time: 9.913s | ~Time Left: 1457.174s |  Train Loss: 0.3828 | Train Acc. 82.1264% | Test Loss: 0.5464 | Test Acc. 76.0920%
Train AUC: 0.8856113473229597
Valid AUC: 0.9101896077579968
AdamP on MHIST_transformed: T 2/3 | E 54/200 Ended | E Time: 9.848s | ~Time Left: 1437.835s |  Train Loss: 0.3781 | Train Acc. 82.4138% | Test Loss: 0.3614 | Test Acc. 82.0690%
Train AUC: 0.8810473093917504
Valid AUC: 0.864403917595407
AdamP on MHIST_transformed: T 2/3 | E 55/200 Ended | E Time: 9.932s | ~Time Left: 1440.120s |  Train Loss: 0.3801 | Train Acc. 81.8391% | Test Loss: 0.4787 | Test Acc. 74.2529%
Train AUC: 0.884427836054265
Valid AUC: 0.8917112944468568
AdamP on MHIST_transformed: T 2/3 | E 56/200 Ended | E Time: 9.988s | ~Time Left: 1438.344s |  Train Loss: 0.3780 | Train Acc. 82.1264% | Test Loss: 0.4078 | Test Acc. 78.1609%
Train AUC: 0.8813301097363418
Valid AUC: 0.8810006272012351
AdamP on MHIST_transformed: T 2/3 | E 57/200 Ended | E Time: 9.863s | ~Time Left: 1410.442s |  Train Loss: 0.3809 | Train Acc. 83.3333% | Test Loss: 0.4306 | Test Acc. 79.3103%
Train AUC: 0.8929706950186274
Valid AUC: 0.8917354175712837
AdamP on MHIST_transformed: T 2/3 | E 58/200 Ended | E Time: 9.965s | ~Time Left: 1414.990s |  Train Loss: 0.3611 | Train Acc. 84.0805% | Test Loss: 0.4231 | Test Acc. 79.0805%
Train AUC: 0.8976377180464217
Valid AUC: 0.8786606841318088
AdamP on MHIST_transformed: T 2/3 | E 59/200 Ended | E Time: 9.970s | ~Time Left: 1405.712s |  Train Loss: 0.3562 | Train Acc. 83.4483% | Test Loss: 0.5448 | Test Acc. 76.3218%
Train AUC: 0.8924181718020265
Valid AUC: 0.8907704925942007
AdamP on MHIST_transformed: T 2/3 | E 60/200 Ended | E Time: 9.990s | ~Time Left: 1398.608s |  Train Loss: 0.3627 | Train Acc. 82.4138% | Test Loss: 0.4649 | Test Acc. 80.6897%
Train AUC: 0.9077809327180383
Valid AUC: 0.888285810778212
AdamP on MHIST_transformed: T 2/3 | E 61/200 Ended | E Time: 9.960s | ~Time Left: 1384.497s |  Train Loss: 0.3416 | Train Acc. 84.6552% | Test Loss: 0.4082 | Test Acc. 82.0690%
Train AUC: 0.896161598328699
Valid AUC: 0.873667197375404
AdamP on MHIST_transformed: T 2/3 | E 62/200 Ended | E Time: 9.979s | ~Time Left: 1377.157s |  Train Loss: 0.3552 | Train Acc. 83.3908% | Test Loss: 0.4503 | Test Acc. 79.3103%
Train AUC: 0.8945677813577358
Valid AUC: 0.8944372075071163
AdamP on MHIST_transformed: T 2/3 | E 63/200 Ended | E Time: 9.974s | ~Time Left: 1366.455s |  Train Loss: 0.3582 | Train Acc. 82.4138% | Test Loss: 0.4143 | Test Acc. 77.7011%
Train AUC: 0.9025908107869532
Valid AUC: 0.8976214599314903
AdamP on MHIST_transformed: T 2/3 | E 64/200 Ended | E Time: 9.984s | ~Time Left: 1357.852s |  Train Loss: 0.3464 | Train Acc. 84.4253% | Test Loss: 0.4421 | Test Acc. 81.3793%
Train AUC: 0.9051621688334405
Valid AUC: 0.8979350605490424
AdamP on MHIST_transformed: T 2/3 | E 65/200 Ended | E Time: 9.897s | ~Time Left: 1336.134s |  Train Loss: 0.3461 | Train Acc. 83.4483% | Test Loss: 0.3817 | Test Acc. 82.5287%
Train AUC: 0.9069031073709539
Valid AUC: 0.8770685579196218
AdamP on MHIST_transformed: T 2/3 | E 66/200 Ended | E Time: 9.891s | ~Time Left: 1325.331s |  Train Loss: 0.3463 | Train Acc. 85.2299% | Test Loss: 0.4695 | Test Acc. 79.5402%
Train AUC: 0.892302109232859
Valid AUC: 0.9012640517199788
AdamP on MHIST_transformed: T 2/3 | E 67/200 Ended | E Time: 9.918s | ~Time Left: 1319.085s |  Train Loss: 0.3612 | Train Acc. 83.3908% | Test Loss: 0.3732 | Test Acc. 82.0690%
Train AUC: 0.9082500870469269
Valid AUC: 0.9026873160611762
AdamP on MHIST_transformed: T 2/3 | E 68/200 Ended | E Time: 9.952s | ~Time Left: 1313.707s |  Train Loss: 0.3374 | Train Acc. 84.3678% | Test Loss: 0.4289 | Test Acc. 77.4713%
Train AUC: 0.9094483104722765
Valid AUC: 0.8598928933275438
AdamP on MHIST_transformed: T 2/3 | E 69/200 Ended | E Time: 9.834s | ~Time Left: 1288.238s |  Train Loss: 0.3370 | Train Acc. 84.3678% | Test Loss: 0.4577 | Test Acc. 80.6897%
Train AUC: 0.9048009036533553
Valid AUC: 0.8805181647126936
AdamP on MHIST_transformed: T 2/3 | E 70/200 Ended | E Time: 9.909s | ~Time Left: 1288.161s |  Train Loss: 0.3453 | Train Acc. 84.5977% | Test Loss: 0.4442 | Test Acc. 80.9195%
Train AUC: 0.9067984875902959
Valid AUC: 0.8964153037101364
AdamP on MHIST_transformed: T 2/3 | E 71/200 Ended | E Time: 9.864s | ~Time Left: 1272.422s |  Train Loss: 0.3438 | Train Acc. 84.3678% | Test Loss: 0.4467 | Test Acc. 80.0000%
Train AUC: 0.9145812184608142
Valid AUC: 0.8551406378154097
AdamP on MHIST_transformed: T 2/3 | E 72/200 Ended | E Time: 9.886s | ~Time Left: 1265.352s |  Train Loss: 0.3236 | Train Acc. 84.9425% | Test Loss: 0.6042 | Test Acc. 72.1839%
Train AUC: 0.9156715527373602
Valid AUC: 0.906402277222946
AdamP on MHIST_transformed: T 2/3 | E 73/200 Ended | E Time: 9.999s | ~Time Left: 1269.910s |  Train Loss: 0.3287 | Train Acc. 85.4598% | Test Loss: 0.3780 | Test Acc. 81.8391%
Train AUC: 0.9174386462200383
Valid AUC: 0.9018671298306555
AdamP on MHIST_transformed: T 2/3 | E 74/200 Ended | E Time: 9.895s | ~Time Left: 1246.761s |  Train Loss: 0.3235 | Train Acc. 85.5172% | Test Loss: 0.3891 | Test Acc. 81.8391%
Train AUC: 0.9211428403289638
Valid AUC: 0.9045930428909152
AdamP on MHIST_transformed: T 2/3 | E 75/200 Ended | E Time: 9.810s | ~Time Left: 1226.227s |  Train Loss: 0.3117 | Train Acc. 85.4023% | Test Loss: 0.3747 | Test Acc. 82.7586%
Traceback (most recent call last):
  File "/project/6060173/zhan8425/HistoKT/ENV/lib/python3.8/site-packages/torch/serialization.py", line 372, in save
    _save(obj, opened_zipfile, pickle_module, pickle_protocol)
  File "/project/6060173/zhan8425/HistoKT/ENV/lib/python3.8/site-packages/torch/serialization.py", line 491, in _save
    zip_file.write_record(name, storage.data_ptr(), num_bytes)
OSError: [Errno 122] Disk quota exceeded

During handling of the above exception, another exception occurred:

Traceback (most recent call last):
  File "/project/6060173/zhan8425/HistoKT/ENV/lib/python3.8/site-packages/torch/serialization.py", line 373, in save
    return
  File "/project/6060173/zhan8425/HistoKT/ENV/lib/python3.8/site-packages/torch/serialization.py", line 259, in __exit__
    self.file_like.write_end_of_file()
RuntimeError: [enforce fail at inline_container.cc:274] . unexpected pos 51796096 vs 51795984

During handling of the above exception, another exception occurred:

Traceback (most recent call last):
  File "src/adas/train.py", line 871, in <module>
    main(args)
  File "src/adas/train.py", line 834, in main
    main_worker(args.gpu, ngpus_per_node, args)
  File "src/adas/train.py", line 863, in main_worker
    training_agent.train()
  File "src/adas/train.py", line 411, in train
    self.run_epochs(trial, epochs)
  File "src/adas/train.py", line 466, in run_epochs
    torch.save(
  File "/project/6060173/zhan8425/HistoKT/ENV/lib/python3.8/site-packages/torch/serialization.py", line 374, in save
    _legacy_save(obj, opened_file, pickle_module, pickle_protocol)
  File "/project/6060173/zhan8425/HistoKT/ENV/lib/python3.8/site-packages/torch/serialization.py", line 214, in __exit__
    self.file_like.close()
OSError: [Errno 122] Disk quota exceeded
terminate called after throwing an instance of 'c10::Error'
  what():  [enforce fail at inline_container.cc:274] . unexpected pos 51796096 vs 51795984
frame #0: c10::ThrowEnforceNotMet(char const*, int, char const*, std::string const&, void const*) + 0x47 (0x2afe008250e7 in /project/6060173/zhan8425/HistoKT/ENV/lib/python3.8/site-packages/torch/lib/libc10.so)
frame #1: <unknown function> + 0x206a420 (0x2afdb09b9420 in /project/6060173/zhan8425/HistoKT/ENV/lib/python3.8/site-packages/torch/lib/libtorch_cpu.so)
frame #2: <unknown function> + 0x20665f3 (0x2afdb09b55f3 in /project/6060173/zhan8425/HistoKT/ENV/lib/python3.8/site-packages/torch/lib/libtorch_cpu.so)
frame #3: caffe2::serialize::PyTorchStreamWriter::writeRecord(std::string const&, void const*, unsigned long, bool) + 0xa9 (0x2afdb09b9d99 in /project/6060173/zhan8425/HistoKT/ENV/lib/python3.8/site-packages/torch/lib/libtorch_cpu.so)
frame #4: caffe2::serialize::PyTorchStreamWriter::writeEndOfFile() + 0xe1 (0x2afdb09ba8d1 in /project/6060173/zhan8425/HistoKT/ENV/lib/python3.8/site-packages/torch/lib/libtorch_cpu.so)
frame #5: caffe2::serialize::PyTorchStreamWriter::~PyTorchStreamWriter() + 0x115 (0x2afdb09bb0c5 in /project/6060173/zhan8425/HistoKT/ENV/lib/python3.8/site-packages/torch/lib/libtorch_cpu.so)
frame #6: <unknown function> + 0x737903 (0x2afdad886903 in /project/6060173/zhan8425/HistoKT/ENV/lib/python3.8/site-packages/torch/lib/libtorch_python.so)
frame #7: <unknown function> + 0x369b90 (0x2afdad4b8b90 in /project/6060173/zhan8425/HistoKT/ENV/lib/python3.8/site-packages/torch/lib/libtorch_python.so)
frame #8: <unknown function> + 0x36adfe (0x2afdad4b9dfe in /project/6060173/zhan8425/HistoKT/ENV/lib/python3.8/site-packages/torch/lib/libtorch_python.so)
<omitting python frames>
frame #22: __libc_start_main + 0xeb (0x2afdaad9ee1b in /cvmfs/soft.computecanada.ca/gentoo/2020/lib64/libc.so.6)

/var/spool/slurmd/job6958629/slurm_script: line 30: 197297 Aborted                 (core dumped) python src/adas/train.py --config PostTrainingConfigs/MHIST_transformed_testing/AdamP/lr-0.0002-config-AdamP.yaml --output ADP_post_trained/MHIST_transformed/AdamP/output/fine_tuning --checkpoint ADP_post_trained/MHIST_transformed/AdamP/checkpoint/fine_tuning/lr-0.0002 --data $SLURM_TMPDIR --pretrained_model /home/zhan8425/projects/def-plato/zhan8425/HistoKT/.Adas-checkpoint/ADP/best_trial_2.pth.tar --freeze_encoder True
Adas: Argument Parser Options
---------------------------------------------
    config              : PostTrainingConfigs/MHIST_transformed_testing/AdamP/lr-0.0002-config-AdamP.yaml
    data                : /localscratch/zhan8425.6958629.0        
    output              : ADP_post_trained/MHIST_transformed/AdamP/output/deep_tuning
    checkpoint          : ADP_post_trained/MHIST_transformed/AdamP/checkpoint/deep_tuning/lr-0.0002
    resume              : None                                    
    pretrained_model    : /home/zhan8425/projects/def-plato/zhan8425/HistoKT/.Adas-checkpoint/ADP/best_trial_2.pth.tar
    freeze_encoder      : 0                                       
    root                : .                                       
    save_freq           : 25                                      
    cpu                 : 0                                       
    gpu                 : 0                                       
    mpd                 : 0                                       
    dist_url            : tcp://127.0.0.1:23456                   
    dist_backend        : nccl                                    
    world_size          : -1                                      
    rank                : -1                                      
---------------------------------------------
Adas: Notice: early stop will not be used as it was set to -1.0, training till completion
Adas: Experiment Configuration
---------------------------------------------
    dataset              MHIST_transformed   
    network              ResNet18            
    optimizer            AdamP               
    scheduler            None                
    level                L3Only              
    color_kwargs         {'augmentation': 'Color-Distortion', 'distortion': 0.3}
    degree_of_rotation   45                  
    vertical_flipping    0.5                 
    horizontal_flipping  0.5                 
    horizontal_shift     0.1                 
    vertical_shift       0.1                 
    gaussian_blur        0                   
    kernel_size          9                   
    variance             0.1                 
    cutout               0                   
    n_holes              1                   
    cutout_length        16                  
    init_lr              0.0002              
    early_stop_threshold -1.0                
    optimizer_kwargs     {'weight_decay': 0.0005}
    scheduler_kwargs     {'gamma': 0.5, 'step_size': 20.0}
    p                    1                   
    start_trial          0                   
    n_trials             3                   
    num_workers          4                   
    max_epochs           200                 
    mini_batch_size      32                  
    loss                 cross_entropy       
    early_stop_patience  10                  
---------------------------------------------
Adas: Pytorch device is set to cuda
