transferring data
Sun Jul  4 20:16:21 PDT 2021

Finished transferring
Sun Jul  4 20:16:22 PDT 2021

Adas: Argument Parser Options
---------------------------------------------
    config              : PostTrainingConfigs/MHIST_transformed_testing/AdamP/lr-0.001-config-AdamP.yaml
    data                : /localscratch/zhan8425.6958626.0        
    output              : ADP_post_trained/MHIST_transformed/AdamP/output/fine_tuning
    checkpoint          : ADP_post_trained/MHIST_transformed/AdamP/checkpoint/fine_tuning/lr-0.001
    resume              : None                                    
    pretrained_model    : /home/zhan8425/projects/def-plato/zhan8425/HistoKT/.Adas-checkpoint/ADP/best_trial_2.pth.tar
    freeze_encoder      : 1                                       
    root                : .                                       
    save_freq           : 25                                      
    cpu                 : 0                                       
    gpu                 : 0                                       
    mpd                 : 0                                       
    dist_url            : tcp://127.0.0.1:23456                   
    dist_backend        : nccl                                    
    world_size          : -1                                      
    rank                : -1                                      
---------------------------------------------
Adas: Notice: early stop will not be used as it was set to -1.0, training till completion
Adas: Experiment Configuration
---------------------------------------------
    dataset              MHIST_transformed   
    network              ResNet18            
    optimizer            AdamP               
    scheduler            None                
    level                L3Only              
    color_kwargs         {'augmentation': 'Color-Distortion', 'distortion': 0.3}
    degree_of_rotation   45                  
    vertical_flipping    0.5                 
    horizontal_flipping  0.5                 
    horizontal_shift     0.1                 
    vertical_shift       0.1                 
    gaussian_blur        0                   
    kernel_size          9                   
    variance             0.1                 
    cutout               0                   
    n_holes              1                   
    cutout_length        16                  
    init_lr              0.001               
    early_stop_threshold -1.0                
    optimizer_kwargs     {'weight_decay': 0.0005}
    scheduler_kwargs     {'gamma': 0.5, 'step_size': 20.0}
    p                    1                   
    start_trial          0                   
    n_trials             3                   
    num_workers          4                   
    max_epochs           200                 
    mini_batch_size      32                  
    loss                 cross_entropy       
    early_stop_patience  10                  
---------------------------------------------
Adas: Pytorch device is set to cuda
Train AUC: 0.5303291109443733
Valid AUC: 0.5845756742413276
AdamP on MHIST_transformed: T 1/3 | E 1/200 Ended | E Time: 10.867s | ~Time Left: 2162.572s |  Train Loss: 0.6619 | Train Acc. 68.9080% | Test Loss: 0.6708 | Test Acc. 65.7471%
Train AUC: 0.5309666377327585
Valid AUC: 0.5628648622569594
AdamP on MHIST_transformed: T 1/3 | E 2/200 Ended | E Time: 9.985s | ~Time Left: 1977.016s |  Train Loss: 0.6113 | Train Acc. 70.5172% | Test Loss: 0.6189 | Test Acc. 66.8966%
Train AUC: 0.5625356565463375
Valid AUC: 0.5527813962464418
AdamP on MHIST_transformed: T 1/3 | E 3/200 Ended | E Time: 10.138s | ~Time Left: 1997.211s |  Train Loss: 0.5918 | Train Acc. 71.6092% | Test Loss: 0.7263 | Test Acc. 56.5517%
Train AUC: 0.5612050237110925
Valid AUC: 0.5722970039079462
AdamP on MHIST_transformed: T 1/3 | E 4/200 Ended | E Time: 10.039s | ~Time Left: 1967.590s |  Train Loss: 0.6061 | Train Acc. 70.9195% | Test Loss: 0.6204 | Test Acc. 67.1264%
Train AUC: 0.5941439077776635
Valid AUC: 0.5663144690500312
AdamP on MHIST_transformed: T 1/3 | E 5/200 Ended | E Time: 10.008s | ~Time Left: 1951.561s |  Train Loss: 0.5882 | Train Acc. 71.5517% | Test Loss: 0.6291 | Test Acc. 67.5862%
Train AUC: 0.6299745479689868
Valid AUC: 0.7262266608771167
AdamP on MHIST_transformed: T 1/3 | E 6/200 Ended | E Time: 10.084s | ~Time Left: 1956.345s |  Train Loss: 0.5728 | Train Acc. 71.3218% | Test Loss: 0.5769 | Test Acc. 67.8161%
Train AUC: 0.6323072421408477
Valid AUC: 0.66548463356974
AdamP on MHIST_transformed: T 1/3 | E 7/200 Ended | E Time: 9.998s | ~Time Left: 1929.549s |  Train Loss: 0.5735 | Train Acc. 71.3218% | Test Loss: 0.6063 | Test Acc. 66.2069%
Train AUC: 0.6347053236756198
Valid AUC: 0.6380083948473005
AdamP on MHIST_transformed: T 1/3 | E 8/200 Ended | E Time: 10.044s | ~Time Left: 1928.542s |  Train Loss: 0.5785 | Train Acc. 70.0575% | Test Loss: 0.6613 | Test Acc. 68.9655%
Train AUC: 0.6706814507494209
Valid AUC: 0.665532879818594
AdamP on MHIST_transformed: T 1/3 | E 9/200 Ended | E Time: 9.992s | ~Time Left: 1908.455s |  Train Loss: 0.5544 | Train Acc. 71.7816% | Test Loss: 0.6144 | Test Acc. 67.3563%
Train AUC: 0.668146055752535
Valid AUC: 0.7149370386452453
AdamP on MHIST_transformed: T 1/3 | E 10/200 Ended | E Time: 10.009s | ~Time Left: 1901.735s |  Train Loss: 0.5582 | Train Acc. 71.5517% | Test Loss: 0.5614 | Test Acc. 68.7356%
Train AUC: 0.6767150696620617
Valid AUC: 0.709436966275872
AdamP on MHIST_transformed: T 1/3 | E 11/200 Ended | E Time: 10.076s | ~Time Left: 1904.452s |  Train Loss: 0.5524 | Train Acc. 70.6897% | Test Loss: 0.5867 | Test Acc. 66.6667%
Train AUC: 0.6894132955394374
Valid AUC: 0.7002943021180104
AdamP on MHIST_transformed: T 1/3 | E 12/200 Ended | E Time: 10.092s | ~Time Left: 1897.229s |  Train Loss: 0.5484 | Train Acc. 71.5517% | Test Loss: 0.8261 | Test Acc. 67.8161%
Train AUC: 0.6820866415252257
Valid AUC: 0.7225358228397742
AdamP on MHIST_transformed: T 1/3 | E 13/200 Ended | E Time: 10.277s | ~Time Left: 1921.836s |  Train Loss: 0.5477 | Train Acc. 71.9540% | Test Loss: 0.5816 | Test Acc. 69.1954%
Train AUC: 0.6965879239348807
Valid AUC: 0.6912240073334299
AdamP on MHIST_transformed: T 1/3 | E 14/200 Ended | E Time: 10.017s | ~Time Left: 1863.127s |  Train Loss: 0.5483 | Train Acc. 71.6667% | Test Loss: 0.6179 | Test Acc. 67.3563%
Train AUC: 0.6813412255880368
Valid AUC: 0.7799971052250687
AdamP on MHIST_transformed: T 1/3 | E 15/200 Ended | E Time: 10.076s | ~Time Left: 1864.033s |  Train Loss: 0.5550 | Train Acc. 71.3218% | Test Loss: 0.5708 | Test Acc. 67.8161%
Train AUC: 0.7032754164766347
Valid AUC: 0.7316543638732088
AdamP on MHIST_transformed: T 1/3 | E 16/200 Ended | E Time: 10.106s | ~Time Left: 1859.583s |  Train Loss: 0.5303 | Train Acc. 72.8161% | Test Loss: 0.5930 | Test Acc. 68.5057%
Train AUC: 0.7090899877235225
Valid AUC: 0.7134414049307667
AdamP on MHIST_transformed: T 1/3 | E 17/200 Ended | E Time: 10.017s | ~Time Left: 1833.126s |  Train Loss: 0.5331 | Train Acc. 71.6667% | Test Loss: 0.9874 | Test Acc. 67.5862%
Train AUC: 0.7188032804839972
Valid AUC: 0.701765812708062
AdamP on MHIST_transformed: T 1/3 | E 18/200 Ended | E Time: 9.964s | ~Time Left: 1813.400s |  Train Loss: 0.5287 | Train Acc. 73.1609% | Test Loss: 0.6364 | Test Acc. 60.0000%
Train AUC: 0.7065513233584911
Valid AUC: 0.6784869976359338
AdamP on MHIST_transformed: T 1/3 | E 19/200 Ended | E Time: 9.989s | ~Time Left: 1807.947s |  Train Loss: 0.5414 | Train Acc. 72.7586% | Test Loss: 0.5807 | Test Acc. 67.1264%
Train AUC: 0.7339666099431292
Valid AUC: 0.7914555893279298
AdamP on MHIST_transformed: T 1/3 | E 20/200 Ended | E Time: 10.046s | ~Time Left: 1808.370s |  Train Loss: 0.5164 | Train Acc. 73.0460% | Test Loss: 0.5529 | Test Acc. 71.4943%
Train AUC: 0.7552632740433419
Valid AUC: 0.7024412601920201
AdamP on MHIST_transformed: T 1/3 | E 21/200 Ended | E Time: 9.995s | ~Time Left: 1789.044s |  Train Loss: 0.5011 | Train Acc. 73.9080% | Test Loss: 0.6093 | Test Acc. 66.2069%
Train AUC: 0.7385813230805948
Valid AUC: 0.7473585178752352
AdamP on MHIST_transformed: T 1/3 | E 22/200 Ended | E Time: 10.011s | ~Time Left: 1781.888s |  Train Loss: 0.5151 | Train Acc. 73.7931% | Test Loss: 0.5576 | Test Acc. 70.3448%
Train AUC: 0.7496775585666436
Valid AUC: 0.7785255946350171
AdamP on MHIST_transformed: T 1/3 | E 23/200 Ended | E Time: 9.994s | ~Time Left: 1769.024s |  Train Loss: 0.5085 | Train Acc. 73.7931% | Test Loss: 0.5237 | Test Acc. 74.0230%
Train AUC: 0.7571840278288616
Valid AUC: 0.707820716939258
AdamP on MHIST_transformed: T 1/3 | E 24/200 Ended | E Time: 9.984s | ~Time Left: 1757.272s |  Train Loss: 0.5044 | Train Acc. 73.9080% | Test Loss: 0.7912 | Test Acc. 68.5057%
Train AUC: 0.7598583709719341
Valid AUC: 0.7639069812322092
AdamP on MHIST_transformed: T 1/3 | E 25/200 Ended | E Time: 10.046s | ~Time Left: 1757.968s |  Train Loss: 0.5038 | Train Acc. 73.9655% | Test Loss: 0.5305 | Test Acc. 72.4138%
Train AUC: 0.7258160751562349
Valid AUC: 0.7600955275727312
AdamP on MHIST_transformed: T 1/3 | E 26/200 Ended | E Time: 10.014s | ~Time Left: 1742.385s |  Train Loss: 0.5244 | Train Acc. 71.9540% | Test Loss: 0.5623 | Test Acc. 68.0460%
Train AUC: 0.7424097531790519
Valid AUC: 0.7395426255608627
AdamP on MHIST_transformed: T 1/3 | E 27/200 Ended | E Time: 10.052s | ~Time Left: 1739.075s |  Train Loss: 0.5096 | Train Acc. 73.7356% | Test Loss: 0.5883 | Test Acc. 67.1264%
Train AUC: 0.7479938339716775
Valid AUC: 0.8138900950451102
AdamP on MHIST_transformed: T 1/3 | E 28/200 Ended | E Time: 10.056s | ~Time Left: 1729.580s |  Train Loss: 0.5060 | Train Acc. 73.9080% | Test Loss: 0.5041 | Test Acc. 75.1724%
Train AUC: 0.7842037208678865
Valid AUC: 0.8076422058184977
AdamP on MHIST_transformed: T 1/3 | E 29/200 Ended | E Time: 10.013s | ~Time Left: 1712.280s |  Train Loss: 0.4802 | Train Acc. 75.7471% | Test Loss: 0.5508 | Test Acc. 71.9540%
Train AUC: 0.7664592252578306
Valid AUC: 0.7930959617889709
AdamP on MHIST_transformed: T 1/3 | E 30/200 Ended | E Time: 10.068s | ~Time Left: 1711.606s |  Train Loss: 0.4913 | Train Acc. 73.7356% | Test Loss: 0.6827 | Test Acc. 68.2759%
Train AUC: 0.7666766382395107
Valid AUC: 0.8114054132291214
AdamP on MHIST_transformed: T 1/3 | E 31/200 Ended | E Time: 10.118s | ~Time Left: 1709.932s |  Train Loss: 0.4955 | Train Acc. 75.1149% | Test Loss: 0.4985 | Test Acc. 73.5632%
Train AUC: 0.7777973939866512
Valid AUC: 0.8090172239108409
AdamP on MHIST_transformed: T 1/3 | E 32/200 Ended | E Time: 9.970s | ~Time Left: 1674.988s |  Train Loss: 0.4861 | Train Acc. 76.1494% | Test Loss: 0.4923 | Test Acc. 71.2644%
Train AUC: 0.7953285633252091
Valid AUC: 0.829738987793699
AdamP on MHIST_transformed: T 1/3 | E 33/200 Ended | E Time: 10.044s | ~Time Left: 1677.413s |  Train Loss: 0.4741 | Train Acc. 75.8621% | Test Loss: 0.4865 | Test Acc. 73.3333%
Train AUC: 0.7724585158049431
Valid AUC: 0.7553915183094515
AdamP on MHIST_transformed: T 1/3 | E 34/200 Ended | E Time: 10.454s | ~Time Left: 1735.282s |  Train Loss: 0.4917 | Train Acc. 74.6552% | Test Loss: 0.5360 | Test Acc. 71.7241%
Train AUC: 0.7846810486171389
Valid AUC: 0.7642447049741883
AdamP on MHIST_transformed: T 1/3 | E 35/200 Ended | E Time: 10.062s | ~Time Left: 1660.293s |  Train Loss: 0.4806 | Train Acc. 75.2874% | Test Loss: 0.5721 | Test Acc. 69.1954%
Train AUC: 0.7794745798453262
Valid AUC: 0.8283157234525016
AdamP on MHIST_transformed: T 1/3 | E 36/200 Ended | E Time: 10.029s | ~Time Left: 1644.691s |  Train Loss: 0.4901 | Train Acc. 75.3448% | Test Loss: 0.4791 | Test Acc. 73.5632%
Train AUC: 0.7880909995929636
Valid AUC: 0.798210064167511
AdamP on MHIST_transformed: T 1/3 | E 37/200 Ended | E Time: 10.004s | ~Time Left: 1630.624s |  Train Loss: 0.4784 | Train Acc. 75.5172% | Test Loss: 0.4923 | Test Acc. 74.0230%
Train AUC: 0.7908176526263652
Valid AUC: 0.7742558016114247
AdamP on MHIST_transformed: T 1/3 | E 38/200 Ended | E Time: 10.078s | ~Time Left: 1632.660s |  Train Loss: 0.4782 | Train Acc. 76.3218% | Test Loss: 0.6187 | Test Acc. 71.7241%
Train AUC: 0.7743334984364247
Valid AUC: 0.7532445602354416
AdamP on MHIST_transformed: T 1/3 | E 39/200 Ended | E Time: 9.976s | ~Time Left: 1606.198s |  Train Loss: 0.4901 | Train Acc. 74.5402% | Test Loss: 0.5401 | Test Acc. 67.8161%
Train AUC: 0.7796821847225696
Valid AUC: 0.8048680465093839
AdamP on MHIST_transformed: T 1/3 | E 40/200 Ended | E Time: 10.044s | ~Time Left: 1607.050s |  Train Loss: 0.4858 | Train Acc. 74.2529% | Test Loss: 0.5000 | Test Acc. 74.7126%
Train AUC: 0.7853594425073438
Valid AUC: 0.8213441404930766
AdamP on MHIST_transformed: T 1/3 | E 41/200 Ended | E Time: 10.316s | ~Time Left: 1640.280s |  Train Loss: 0.4860 | Train Acc. 75.2299% | Test Loss: 0.4829 | Test Acc. 74.9425%
Train AUC: 0.8013254018462123
Valid AUC: 0.8310416365127611
AdamP on MHIST_transformed: T 1/3 | E 42/200 Ended | E Time: 10.119s | ~Time Left: 1598.878s |  Train Loss: 0.4699 | Train Acc. 76.8966% | Test Loss: 0.5197 | Test Acc. 70.5747%
Train AUC: 0.7955467936489254
Valid AUC: 0.7974863704346986
AdamP on MHIST_transformed: T 1/3 | E 43/200 Ended | E Time: 10.003s | ~Time Left: 1570.485s |  Train Loss: 0.4757 | Train Acc. 76.3793% | Test Loss: 0.4975 | Test Acc. 75.1724%
Train AUC: 0.8014937743057089
Valid AUC: 0.8250832247792734
AdamP on MHIST_transformed: T 1/3 | E 44/200 Ended | E Time: 9.976s | ~Time Left: 1556.230s |  Train Loss: 0.4655 | Train Acc. 76.7816% | Test Loss: 0.7061 | Test Acc. 72.1839%
Train AUC: 0.7790364845138205
Valid AUC: 0.8293047715540116
AdamP on MHIST_transformed: T 1/3 | E 45/200 Ended | E Time: 10.007s | ~Time Left: 1551.027s |  Train Loss: 0.4877 | Train Acc. 74.8276% | Test Loss: 0.4740 | Test Acc. 75.6322%
Train AUC: 0.7972059979827999
Valid AUC: 0.8512568147826505
AdamP on MHIST_transformed: T 1/3 | E 46/200 Ended | E Time: 10.093s | ~Time Left: 1554.316s |  Train Loss: 0.4702 | Train Acc. 75.2874% | Test Loss: 0.4523 | Test Acc. 75.4023%
Train AUC: 0.7886059250758903
Valid AUC: 0.8371447869928114
AdamP on MHIST_transformed: T 1/3 | E 47/200 Ended | E Time: 9.979s | ~Time Left: 1526.808s |  Train Loss: 0.4791 | Train Acc. 76.6667% | Test Loss: 0.5596 | Test Acc. 72.1839%
Train AUC: 0.8020708177834011
Valid AUC: 0.8395088531866647
AdamP on MHIST_transformed: T 1/3 | E 48/200 Ended | E Time: 10.001s | ~Time Left: 1520.133s |  Train Loss: 0.4666 | Train Acc. 77.2989% | Test Loss: 0.5097 | Test Acc. 76.3218%
Train AUC: 0.8132716730501081
Valid AUC: 0.8107782119940173
AdamP on MHIST_transformed: T 1/3 | E 49/200 Ended | E Time: 9.988s | ~Time Left: 1508.185s |  Train Loss: 0.4657 | Train Acc. 77.1839% | Test Loss: 0.5413 | Test Acc. 71.7241%
Train AUC: 0.8110583108155602
Valid AUC: 0.7777295315289237
AdamP on MHIST_transformed: T 1/3 | E 50/200 Ended | E Time: 9.943s | ~Time Left: 1491.515s |  Train Loss: 0.4580 | Train Acc. 76.5517% | Test Loss: 0.5975 | Test Acc. 71.4943%
Train AUC: 0.8123660580737864
Valid AUC: 0.7973416316881363
AdamP on MHIST_transformed: T 1/3 | E 51/200 Ended | E Time: 9.896s | ~Time Left: 1474.446s |  Train Loss: 0.4598 | Train Acc. 76.7241% | Test Loss: 0.7851 | Test Acc. 68.9655%
Train AUC: 0.7873341408672654
Valid AUC: 0.8247213779128673
AdamP on MHIST_transformed: T 1/3 | E 52/200 Ended | E Time: 10.003s | ~Time Left: 1480.497s |  Train Loss: 0.4755 | Train Acc. 75.8046% | Test Loss: 0.4993 | Test Acc. 74.9425%
Train AUC: 0.8126357809457956
Valid AUC: 0.8426448593621847
AdamP on MHIST_transformed: T 1/3 | E 53/200 Ended | E Time: 10.042s | ~Time Left: 1476.177s |  Train Loss: 0.4593 | Train Acc. 77.4713% | Test Loss: 0.4738 | Test Acc. 74.2529%
Train AUC: 0.824719365611805
Valid AUC: 0.7976311091812611
AdamP on MHIST_transformed: T 1/3 | E 54/200 Ended | E Time: 9.914s | ~Time Left: 1447.490s |  Train Loss: 0.4445 | Train Acc. 77.2414% | Test Loss: 0.4870 | Test Acc. 76.3218%
Train AUC: 0.818785462427604
Valid AUC: 0.8268442128624499
AdamP on MHIST_transformed: T 1/3 | E 55/200 Ended | E Time: 10.034s | ~Time Left: 1454.965s |  Train Loss: 0.4531 | Train Acc. 77.1264% | Test Loss: 0.4984 | Test Acc. 73.7931%
Train AUC: 0.8313692604198849
Valid AUC: 0.8528248178704105
AdamP on MHIST_transformed: T 1/3 | E 56/200 Ended | E Time: 10.024s | ~Time Left: 1443.463s |  Train Loss: 0.4378 | Train Acc. 78.1034% | Test Loss: 0.4555 | Test Acc. 75.1724%
Train AUC: 0.8311861758037333
Valid AUC: 0.8159164374969846
AdamP on MHIST_transformed: T 1/3 | E 57/200 Ended | E Time: 10.000s | ~Time Left: 1429.943s |  Train Loss: 0.4419 | Train Acc. 78.1609% | Test Loss: 0.5219 | Test Acc. 71.0345%
Train AUC: 0.8147428887156124
Valid AUC: 0.7728566603946544
AdamP on MHIST_transformed: T 1/3 | E 58/200 Ended | E Time: 9.996s | ~Time Left: 1419.385s |  Train Loss: 0.4529 | Train Acc. 77.5287% | Test Loss: 0.5263 | Test Acc. 74.0230%
Train AUC: 0.8101886588888397
Valid AUC: 0.8546340522024414
AdamP on MHIST_transformed: T 1/3 | E 59/200 Ended | E Time: 10.041s | ~Time Left: 1415.743s |  Train Loss: 0.4574 | Train Acc. 77.0690% | Test Loss: 0.4860 | Test Acc. 73.1034%
Train AUC: 0.8164233439424329
Valid AUC: 0.7897669706180345
AdamP on MHIST_transformed: T 1/3 | E 60/200 Ended | E Time: 10.003s | ~Time Left: 1400.482s |  Train Loss: 0.4538 | Train Acc. 77.7586% | Test Loss: 0.5816 | Test Acc. 71.4943%
Train AUC: 0.8103848209775737
Valid AUC: 0.7941091330149082
AdamP on MHIST_transformed: T 1/3 | E 61/200 Ended | E Time: 9.997s | ~Time Left: 1389.525s |  Train Loss: 0.4605 | Train Acc. 77.8736% | Test Loss: 0.5079 | Test Acc. 73.3333%
Train AUC: 0.8170870256759828
Valid AUC: 0.7606744825589811
AdamP on MHIST_transformed: T 1/3 | E 62/200 Ended | E Time: 10.019s | ~Time Left: 1382.571s |  Train Loss: 0.4578 | Train Acc. 77.2414% | Test Loss: 0.5566 | Test Acc. 69.8851%
Train AUC: 0.8162386246422085
Valid AUC: 0.7805036908380373
AdamP on MHIST_transformed: T 1/3 | E 63/200 Ended | E Time: 10.052s | ~Time Left: 1377.093s |  Train Loss: 0.4587 | Train Acc. 78.4483% | Test Loss: 0.5117 | Test Acc. 71.7241%
Train AUC: 0.8200605160043746
Valid AUC: 0.8529213103681189
AdamP on MHIST_transformed: T 1/3 | E 64/200 Ended | E Time: 10.041s | ~Time Left: 1365.535s |  Train Loss: 0.4488 | Train Acc. 78.3908% | Test Loss: 0.4514 | Test Acc. 77.2414%
Train AUC: 0.8292049387075207
Valid AUC: 0.8094996863993824
AdamP on MHIST_transformed: T 1/3 | E 65/200 Ended | E Time: 10.038s | ~Time Left: 1355.117s |  Train Loss: 0.4415 | Train Acc. 77.8736% | Test Loss: 0.5916 | Test Acc. 71.4943%
Train AUC: 0.8287913636371066
Valid AUC: 0.8311140058860423
AdamP on MHIST_transformed: T 1/3 | E 66/200 Ended | E Time: 10.055s | ~Time Left: 1347.428s |  Train Loss: 0.4384 | Train Acc. 79.3678% | Test Loss: 0.5292 | Test Acc. 72.4138%
Train AUC: 0.840937066297882
Valid AUC: 0.8288223090654702
AdamP on MHIST_transformed: T 1/3 | E 67/200 Ended | E Time: 10.319s | ~Time Left: 1372.403s |  Train Loss: 0.4302 | Train Acc. 79.5402% | Test Loss: 0.4675 | Test Acc. 76.0920%
Train AUC: 0.8315654225086189
Valid AUC: 0.8474212379987457
AdamP on MHIST_transformed: T 1/3 | E 68/200 Ended | E Time: 10.075s | ~Time Left: 1329.872s |  Train Loss: 0.4395 | Train Acc. 78.9080% | Test Loss: 0.4614 | Test Acc. 76.0920%
Train AUC: 0.8316700422892769
Valid AUC: 0.8395088531866647
AdamP on MHIST_transformed: T 1/3 | E 69/200 Ended | E Time: 10.023s | ~Time Left: 1313.012s |  Train Loss: 0.4406 | Train Acc. 77.9310% | Test Loss: 0.4865 | Test Acc. 73.5632%
Train AUC: 0.8276062176843392
Valid AUC: 0.8204274617648478
AdamP on MHIST_transformed: T 1/3 | E 70/200 Ended | E Time: 10.062s | ~Time Left: 1308.101s |  Train Loss: 0.4449 | Train Acc. 76.9540% | Test Loss: 0.4978 | Test Acc. 73.3333%
Train AUC: 0.8306025935897499
Valid AUC: 0.8599170164519708
AdamP on MHIST_transformed: T 1/3 | E 71/200 Ended | E Time: 10.104s | ~Time Left: 1303.358s |  Train Loss: 0.4410 | Train Acc. 78.4483% | Test Loss: 0.4334 | Test Acc. 76.3218%
Train AUC: 0.8169055757439039
Valid AUC: 0.7943744873836058
AdamP on MHIST_transformed: T 1/3 | E 72/200 Ended | E Time: 10.069s | ~Time Left: 1288.824s |  Train Loss: 0.4540 | Train Acc. 77.0115% | Test Loss: 0.5446 | Test Acc. 71.4943%
Train AUC: 0.8381482952697147
Valid AUC: 0.7561152120422637
AdamP on MHIST_transformed: T 1/3 | E 73/200 Ended | E Time: 9.987s | ~Time Left: 1268.299s |  Train Loss: 0.4312 | Train Acc. 79.9425% | Test Loss: 0.9807 | Test Acc. 70.3448%
Train AUC: 0.8424736693262976
Valid AUC: 0.834828967047812
AdamP on MHIST_transformed: T 1/3 | E 74/200 Ended | E Time: 10.064s | ~Time Left: 1268.113s |  Train Loss: 0.4319 | Train Acc. 79.1379% | Test Loss: 0.5050 | Test Acc. 73.3333%
Train AUC: 0.8380207899120378
Valid AUC: 0.8603512326916583
AdamP on MHIST_transformed: T 1/3 | E 75/200 Ended | E Time: 9.996s | ~Time Left: 1249.441s |  Train Loss: 0.4356 | Train Acc. 80.0000% | Test Loss: 0.4452 | Test Acc. 77.9310%
Train AUC: 0.8459669891898343
Valid AUC: 0.8339122883195832
AdamP on MHIST_transformed: T 1/3 | E 76/200 Ended | E Time: 10.025s | ~Time Left: 1243.111s |  Train Loss: 0.4209 | Train Acc. 79.0805% | Test Loss: 0.4791 | Test Acc. 75.1724%
Train AUC: 0.8500226403744081
Valid AUC: 0.8551165146909827
AdamP on MHIST_transformed: T 1/3 | E 77/200 Ended | E Time: 10.001s | ~Time Left: 1230.086s |  Train Loss: 0.4209 | Train Acc. 79.4253% | Test Loss: 0.4597 | Test Acc. 78.1609%
Train AUC: 0.8277843982482727
Valid AUC: 0.8464080667728083
AdamP on MHIST_transformed: T 1/3 | E 78/200 Ended | E Time: 10.008s | ~Time Left: 1220.927s |  Train Loss: 0.4410 | Train Acc. 78.1609% | Test Loss: 0.4559 | Test Acc. 77.0115%
Train AUC: 0.8325593104248707
Valid AUC: 0.851063829787234
AdamP on MHIST_transformed: T 1/3 | E 79/200 Ended | E Time: 9.989s | ~Time Left: 1208.687s |  Train Loss: 0.4438 | Train Acc. 78.8506% | Test Loss: 0.4428 | Test Acc. 79.7701%
Train AUC: 0.8395721050971083
Valid AUC: 0.7350074781685724
AdamP on MHIST_transformed: T 1/3 | E 80/200 Ended | E Time: 9.948s | ~Time Left: 1193.772s |  Train Loss: 0.4340 | Train Acc. 78.9655% | Test Loss: 0.8695 | Test Acc. 52.4138%
Train AUC: 0.8364678400428942
Valid AUC: 0.8454913880445796
AdamP on MHIST_transformed: T 1/3 | E 81/200 Ended | E Time: 10.122s | ~Time Left: 1204.506s |  Train Loss: 0.4385 | Train Acc. 79.1379% | Test Loss: 0.4427 | Test Acc. 77.9310%
Train AUC: 0.8404809894415756
Valid AUC: 0.8622569595213972
AdamP on MHIST_transformed: T 1/3 | E 82/200 Ended | E Time: 10.031s | ~Time Left: 1183.604s |  Train Loss: 0.4299 | Train Acc. 79.9425% | Test Loss: 0.4640 | Test Acc. 76.0920%
Train AUC: 0.8451496471534429
Valid AUC: 0.8428619674820282
AdamP on MHIST_transformed: T 1/3 | E 83/200 Ended | E Time: 10.070s | ~Time Left: 1178.152s |  Train Loss: 0.4245 | Train Acc. 78.8506% | Test Loss: 0.4624 | Test Acc. 74.7126%
Train AUC: 0.8391503566063304
Valid AUC: 0.8657306894388961
AdamP on MHIST_transformed: T 1/3 | E 84/200 Ended | E Time: 10.102s | ~Time Left: 1171.827s |  Train Loss: 0.4330 | Train Acc. 79.8276% | Test Loss: 0.4358 | Test Acc. 77.7011%
Train AUC: 0.8538347236321372
Valid AUC: 0.7903700487287113
AdamP on MHIST_transformed: T 1/3 | E 85/200 Ended | E Time: 10.145s | ~Time Left: 1166.630s |  Train Loss: 0.4150 | Train Acc. 80.1149% | Test Loss: 0.5705 | Test Acc. 75.1724%
Train AUC: 0.8300092032713298
Valid AUC: 0.8686737106189993
AdamP on MHIST_transformed: T 1/3 | E 86/200 Ended | E Time: 9.979s | ~Time Left: 1137.553s |  Train Loss: 0.4406 | Train Acc. 79.4253% | Test Loss: 0.4223 | Test Acc. 79.5402%
Train AUC: 0.8397224960318045
Valid AUC: 0.8775027741593091
AdamP on MHIST_transformed: T 1/3 | E 87/200 Ended | E Time: 10.115s | ~Time Left: 1143.000s |  Train Loss: 0.4320 | Train Acc. 79.8851% | Test Loss: 0.4292 | Test Acc. 79.3103%
Train AUC: 0.8440544088246785
Valid AUC: 0.8557195928016597
AdamP on MHIST_transformed: T 1/3 | E 88/200 Ended | E Time: 9.989s | ~Time Left: 1118.762s |  Train Loss: 0.4290 | Train Acc. 79.3678% | Test Loss: 0.4489 | Test Acc. 75.4023%
Train AUC: 0.8405610889611419
Valid AUC: 0.8376031263569257
AdamP on MHIST_transformed: T 1/3 | E 89/200 Ended | E Time: 9.986s | ~Time Left: 1108.487s |  Train Loss: 0.4316 | Train Acc. 79.5402% | Test Loss: 0.4570 | Test Acc. 77.0115%
Train AUC: 0.8480659235392872
Valid AUC: 0.8165677618565157
AdamP on MHIST_transformed: T 1/3 | E 90/200 Ended | E Time: 10.269s | ~Time Left: 1129.538s |  Train Loss: 0.4230 | Train Acc. 79.2529% | Test Loss: 0.5807 | Test Acc. 73.5632%
Train AUC: 0.8510835503376439
Valid AUC: 0.8651276113282191
AdamP on MHIST_transformed: T 1/3 | E 91/200 Ended | E Time: 9.990s | ~Time Left: 1088.906s |  Train Loss: 0.4219 | Train Acc. 79.2529% | Test Loss: 0.4234 | Test Acc. 78.8506%
Train AUC: 0.8491677006043428
Valid AUC: 0.873667197375404
AdamP on MHIST_transformed: T 1/3 | E 92/200 Ended | E Time: 10.001s | ~Time Left: 1080.111s |  Train Loss: 0.4183 | Train Acc. 79.9425% | Test Loss: 0.4192 | Test Acc. 79.5402%
Train AUC: 0.8368013155937417
Valid AUC: 0.8493752110773387
AdamP on MHIST_transformed: T 1/3 | E 93/200 Ended | E Time: 9.994s | ~Time Left: 1069.411s |  Train Loss: 0.4402 | Train Acc. 79.0805% | Test Loss: 0.4432 | Test Acc. 78.6207%
Train AUC: 0.8565548379292476
Valid AUC: 0.8139383412939645
AdamP on MHIST_transformed: T 1/3 | E 94/200 Ended | E Time: 10.057s | ~Time Left: 1066.011s |  Train Loss: 0.4110 | Train Acc. 79.7126% | Test Loss: 0.5190 | Test Acc. 75.4023%
Train AUC: 0.8560873182844317
Valid AUC: 0.8234669754426593
AdamP on MHIST_transformed: T 1/3 | E 95/200 Ended | E Time: 9.991s | ~Time Left: 1049.074s |  Train Loss: 0.4130 | Train Acc. 80.2874% | Test Loss: 0.5035 | Test Acc. 74.7126%
Train AUC: 0.8440576781928242
Valid AUC: 0.8512085685337965
AdamP on MHIST_transformed: T 1/3 | E 96/200 Ended | E Time: 10.122s | ~Time Left: 1052.732s |  Train Loss: 0.4300 | Train Acc. 80.4598% | Test Loss: 0.4917 | Test Acc. 75.1724%
Train AUC: 0.8530876730108755
Valid AUC: 0.8310898827616154
AdamP on MHIST_transformed: T 1/3 | E 97/200 Ended | E Time: 10.005s | ~Time Left: 1030.537s |  Train Loss: 0.4140 | Train Acc. 79.9425% | Test Loss: 0.4954 | Test Acc. 77.0115%
Train AUC: 0.8425129017440445
Valid AUC: 0.8277367684662518
AdamP on MHIST_transformed: T 1/3 | E 98/200 Ended | E Time: 10.079s | ~Time Left: 1028.076s |  Train Loss: 0.4290 | Train Acc. 79.1379% | Test Loss: 0.4884 | Test Acc. 77.2414%
Train AUC: 0.8653576116611822
Valid AUC: 0.8755970473295701
AdamP on MHIST_transformed: T 1/3 | E 99/200 Ended | E Time: 10.069s | ~Time Left: 1016.984s |  Train Loss: 0.3987 | Train Acc. 80.9195% | Test Loss: 0.4133 | Test Acc. 80.4598%
Train AUC: 0.855507005438594
Valid AUC: 0.8452260336758817
AdamP on MHIST_transformed: T 1/3 | E 100/200 Ended | E Time: 10.038s | ~Time Left: 1003.811s |  Train Loss: 0.4262 | Train Acc. 80.8046% | Test Loss: 0.4894 | Test Acc. 76.3218%
Train AUC: 0.8533982629847041
Valid AUC: 0.8100545182612051
AdamP on MHIST_transformed: T 1/3 | E 101/200 Ended | E Time: 9.991s | ~Time Left: 989.097s |  Train Loss: 0.4169 | Train Acc. 79.5402% | Test Loss: 0.7086 | Test Acc. 69.6552%
Train AUC: 0.8458035207825559
Valid AUC: 0.8278091378395329
AdamP on MHIST_transformed: T 1/3 | E 102/200 Ended | E Time: 10.103s | ~Time Left: 990.053s |  Train Loss: 0.4226 | Train Acc. 79.1954% | Test Loss: 0.6653 | Test Acc. 65.9770%
Train AUC: 0.8514840479354757
Valid AUC: 0.8639938244801467
AdamP on MHIST_transformed: T 1/3 | E 103/200 Ended | E Time: 10.010s | ~Time Left: 970.952s |  Train Loss: 0.4157 | Train Acc. 80.3448% | Test Loss: 0.4348 | Test Acc. 75.8621%
Train AUC: 0.8736601720668455
Valid AUC: 0.8725092874029043
AdamP on MHIST_transformed: T 1/3 | E 104/200 Ended | E Time: 10.018s | ~Time Left: 961.757s |  Train Loss: 0.4002 | Train Acc. 81.2644% | Test Loss: 0.4284 | Test Acc. 78.6207%
Train AUC: 0.8432583176812334
Valid AUC: 0.837410141361509
AdamP on MHIST_transformed: T 1/3 | E 105/200 Ended | E Time: 10.015s | ~Time Left: 951.419s |  Train Loss: 0.4255 | Train Acc. 79.3678% | Test Loss: 0.4899 | Test Acc. 75.4023%
Train AUC: 0.8484222846671537
Valid AUC: 0.854899406571139
AdamP on MHIST_transformed: T 1/3 | E 106/200 Ended | E Time: 10.118s | ~Time Left: 951.114s |  Train Loss: 0.4217 | Train Acc. 80.5747% | Test Loss: 0.4528 | Test Acc. 78.3908%
Train AUC: 0.861351000998792
Valid AUC: 0.8303903121532302
AdamP on MHIST_transformed: T 1/3 | E 107/200 Ended | E Time: 10.047s | ~Time Left: 934.390s |  Train Loss: 0.4057 | Train Acc. 81.4943% | Test Loss: 0.5183 | Test Acc. 78.1609%
Train AUC: 0.8498526332308385
Valid AUC: 0.8423312587446327
AdamP on MHIST_transformed: T 1/3 | E 108/200 Ended | E Time: 9.971s | ~Time Left: 917.313s |  Train Loss: 0.4222 | Train Acc. 80.8046% | Test Loss: 0.4493 | Test Acc. 77.7011%
Train AUC: 0.8635365736041025
Valid AUC: 0.8250349785304192
AdamP on MHIST_transformed: T 1/3 | E 109/200 Ended | E Time: 10.046s | ~Time Left: 914.203s |  Train Loss: 0.4027 | Train Acc. 80.3448% | Test Loss: 0.5007 | Test Acc. 74.7126%
Train AUC: 0.8573656412293479
Valid AUC: 0.884787957736286
AdamP on MHIST_transformed: T 1/3 | E 110/200 Ended | E Time: 10.045s | ~Time Left: 904.087s |  Train Loss: 0.4098 | Train Acc. 81.3793% | Test Loss: 0.4036 | Test Acc. 81.8391%
Train AUC: 0.8633649317764602
Valid AUC: 0.8605924639359289
AdamP on MHIST_transformed: T 1/3 | E 111/200 Ended | E Time: 10.112s | ~Time Left: 899.928s |  Train Loss: 0.3989 | Train Acc. 81.4368% | Test Loss: 0.4525 | Test Acc. 79.0805%
Train AUC: 0.8622092101370028
Valid AUC: 0.8260963960052106
AdamP on MHIST_transformed: T 1/3 | E 112/200 Ended | E Time: 9.984s | ~Time Left: 878.631s |  Train Loss: 0.4080 | Train Acc. 81.2644% | Test Loss: 0.4694 | Test Acc. 75.8621%
Train AUC: 0.8535633660760553
Valid AUC: 0.886717807690452
AdamP on MHIST_transformed: T 1/3 | E 113/200 Ended | E Time: 10.023s | ~Time Left: 871.969s |  Train Loss: 0.4132 | Train Acc. 80.2874% | Test Loss: 0.4583 | Test Acc. 75.8621%
Train AUC: 0.8642934323298007
Valid AUC: 0.8502436435567136
AdamP on MHIST_transformed: T 1/3 | E 114/200 Ended | E Time: 10.142s | ~Time Left: 872.228s |  Train Loss: 0.4081 | Train Acc. 80.4023% | Test Loss: 0.5528 | Test Acc. 73.5632%
Train AUC: 0.8578298915060181
Valid AUC: 0.870796545568582
AdamP on MHIST_transformed: T 1/3 | E 115/200 Ended | E Time: 10.041s | ~Time Left: 853.516s |  Train Loss: 0.4086 | Train Acc. 80.5747% | Test Loss: 0.4619 | Test Acc. 73.3333%
Train AUC: 0.8671198010916419
Valid AUC: 0.8904568919766488
AdamP on MHIST_transformed: T 1/3 | E 116/200 Ended | E Time: 10.038s | ~Time Left: 843.190s |  Train Loss: 0.3991 | Train Acc. 81.6092% | Test Loss: 0.3911 | Test Acc. 81.1494%
Train AUC: 0.8651516414680116
Valid AUC: 0.8504607516765572
AdamP on MHIST_transformed: T 1/3 | E 117/200 Ended | E Time: 9.944s | ~Time Left: 825.316s |  Train Loss: 0.4028 | Train Acc. 80.9195% | Test Loss: 0.4382 | Test Acc. 77.7011%
Train AUC: 0.8562442479554189
Valid AUC: 0.8358662613981762
AdamP on MHIST_transformed: T 1/3 | E 118/200 Ended | E Time: 10.274s | ~Time Left: 842.451s |  Train Loss: 0.4150 | Train Acc. 80.2299% | Test Loss: 0.4697 | Test Acc. 77.2414%
Train AUC: 0.8627470211969485
Valid AUC: 0.8050610315048004
AdamP on MHIST_transformed: T 1/3 | E 119/200 Ended | E Time: 10.020s | ~Time Left: 811.610s |  Train Loss: 0.4075 | Train Acc. 81.7241% | Test Loss: 0.6576 | Test Acc. 71.4943%
Train AUC: 0.8699265536446099
Valid AUC: 0.8880928257827954
AdamP on MHIST_transformed: T 1/3 | E 120/200 Ended | E Time: 10.002s | ~Time Left: 800.132s |  Train Loss: 0.4003 | Train Acc. 82.0115% | Test Loss: 0.4550 | Test Acc. 75.6322%
Train AUC: 0.8712163193780353
Valid AUC: 0.8498094273170261
AdamP on MHIST_transformed: T 1/3 | E 121/200 Ended | E Time: 10.012s | ~Time Left: 790.963s |  Train Loss: 0.3971 | Train Acc. 81.7816% | Test Loss: 0.4812 | Test Acc. 77.2414%
Train AUC: 0.8683736037754665
Valid AUC: 0.8766584648043615
AdamP on MHIST_transformed: T 1/3 | E 122/200 Ended | E Time: 10.024s | ~Time Left: 781.879s |  Train Loss: 0.3992 | Train Acc. 81.5517% | Test Loss: 0.4062 | Test Acc. 79.3103%
Train AUC: 0.8546978368225664
Valid AUC: 0.8680706325083225
AdamP on MHIST_transformed: T 1/3 | E 123/200 Ended | E Time: 10.051s | ~Time Left: 773.940s |  Train Loss: 0.4138 | Train Acc. 80.4023% | Test Loss: 0.4368 | Test Acc. 75.6322%
Train AUC: 0.8695473069397242
Valid AUC: 0.8566362715298886
AdamP on MHIST_transformed: T 1/3 | E 124/200 Ended | E Time: 10.078s | ~Time Left: 765.931s |  Train Loss: 0.3958 | Train Acc. 81.2069% | Test Loss: 0.4523 | Test Acc. 77.2414%
Train AUC: 0.8716462412891773
Valid AUC: 0.8574805808848361
AdamP on MHIST_transformed: T 1/3 | E 125/200 Ended | E Time: 9.990s | ~Time Left: 749.250s |  Train Loss: 0.3918 | Train Acc. 81.7241% | Test Loss: 0.4436 | Test Acc. 76.5517%
Train AUC: 0.8726989778320493
Valid AUC: 0.8766343416799344
AdamP on MHIST_transformed: T 1/3 | E 126/200 Ended | E Time: 10.151s | ~Time Left: 751.159s |  Train Loss: 0.3899 | Train Acc. 81.1494% | Test Loss: 0.4158 | Test Acc. 78.8506%
Train AUC: 0.8668026723815221
Valid AUC: 0.8814830896897765
AdamP on MHIST_transformed: T 1/3 | E 127/200 Ended | E Time: 10.006s | ~Time Left: 730.404s |  Train Loss: 0.4054 | Train Acc. 80.1149% | Test Loss: 0.4104 | Test Acc. 78.6207%
Train AUC: 0.8822177431878627
Valid AUC: 0.8710136536884256
AdamP on MHIST_transformed: T 1/3 | E 128/200 Ended | E Time: 10.106s | ~Time Left: 727.642s |  Train Loss: 0.3775 | Train Acc. 82.8161% | Test Loss: 0.4354 | Test Acc. 80.9195%
Train AUC: 0.8705215786471028
Valid AUC: 0.8475659767453081
AdamP on MHIST_transformed: T 1/3 | E 129/200 Ended | E Time: 9.974s | ~Time Left: 708.163s |  Train Loss: 0.3973 | Train Acc. 81.9540% | Test Loss: 0.4681 | Test Acc. 78.3908%
Train AUC: 0.8638667797868045
Valid AUC: 0.8714961161769672
AdamP on MHIST_transformed: T 1/3 | E 130/200 Ended | E Time: 10.075s | ~Time Left: 705.262s |  Train Loss: 0.4062 | Train Acc. 81.2644% | Test Loss: 0.4182 | Test Acc. 79.7701%
Train AUC: 0.8691533480781837
Valid AUC: 0.8979350605490423
AdamP on MHIST_transformed: T 1/3 | E 131/200 Ended | E Time: 10.177s | ~Time Left: 702.188s |  Train Loss: 0.3951 | Train Acc. 81.7241% | Test Loss: 0.3866 | Test Acc. 82.2989%
Train AUC: 0.8673846199114329
Valid AUC: 0.8493752110773388
AdamP on MHIST_transformed: T 1/3 | E 132/200 Ended | E Time: 10.097s | ~Time Left: 686.563s |  Train Loss: 0.3993 | Train Acc. 80.4023% | Test Loss: 0.4510 | Test Acc. 75.4023%
Train AUC: 0.8777419781965838
Valid AUC: 0.8401601775461958
AdamP on MHIST_transformed: T 1/3 | E 133/200 Ended | E Time: 10.002s | ~Time Left: 670.136s |  Train Loss: 0.3859 | Train Acc. 82.3563% | Test Loss: 0.5831 | Test Acc. 73.5632%
Train AUC: 0.8620637232545253
Valid AUC: 0.8319824383654171
AdamP on MHIST_transformed: T 1/3 | E 134/200 Ended | E Time: 10.074s | ~Time Left: 664.905s |  Train Loss: 0.4079 | Train Acc. 80.7471% | Test Loss: 0.5481 | Test Acc. 68.7356%
Train AUC: 0.8748485873877585
Valid AUC: 0.8665026294205626
AdamP on MHIST_transformed: T 1/3 | E 135/200 Ended | E Time: 10.048s | ~Time Left: 653.115s |  Train Loss: 0.3850 | Train Acc. 82.3563% | Test Loss: 0.4543 | Test Acc. 76.0920%
Train AUC: 0.8691860417596393
Valid AUC: 0.8681912481304579
AdamP on MHIST_transformed: T 1/3 | E 136/200 Ended | E Time: 10.295s | ~Time Left: 658.878s |  Train Loss: 0.3931 | Train Acc. 81.7816% | Test Loss: 0.4283 | Test Acc. 79.5402%
Train AUC: 0.8734738180825483
Valid AUC: 0.8762001254402471
AdamP on MHIST_transformed: T 1/3 | E 137/200 Ended | E Time: 10.051s | ~Time Left: 633.189s |  Train Loss: 0.3884 | Train Acc. 82.2414% | Test Loss: 0.4312 | Test Acc. 77.9310%
Train AUC: 0.8761171022282378
Valid AUC: 0.8378202344767693
AdamP on MHIST_transformed: T 1/3 | E 138/200 Ended | E Time: 10.106s | ~Time Left: 626.566s |  Train Loss: 0.3870 | Train Acc. 82.0690% | Test Loss: 0.5239 | Test Acc. 75.1724%
Train AUC: 0.877462447220138
Valid AUC: 0.8645245332175423
AdamP on MHIST_transformed: T 1/3 | E 139/200 Ended | E Time: 10.290s | ~Time Left: 627.663s |  Train Loss: 0.3874 | Train Acc. 81.9540% | Test Loss: 0.4432 | Test Acc. 75.8621%
Train AUC: 0.8816325262898066
Valid AUC: 0.8681912481304578
AdamP on MHIST_transformed: T 1/3 | E 140/200 Ended | E Time: 10.110s | ~Time Left: 606.620s |  Train Loss: 0.3840 | Train Acc. 82.7011% | Test Loss: 0.5198 | Test Acc. 74.0230%
Train AUC: 0.8807514315745768
Valid AUC: 0.8497129348193178
AdamP on MHIST_transformed: T 1/3 | E 141/200 Ended | E Time: 10.044s | ~Time Left: 592.577s |  Train Loss: 0.3792 | Train Acc. 82.9310% | Test Loss: 0.5828 | Test Acc. 75.4023%
Train AUC: 0.8836153980700919
Valid AUC: 0.8587349833550442
AdamP on MHIST_transformed: T 1/3 | E 142/200 Ended | E Time: 10.071s | ~Time Left: 584.126s |  Train Loss: 0.3757 | Train Acc. 82.8161% | Test Loss: 0.4327 | Test Acc. 78.1609%
Train AUC: 0.8844106718715008
Valid AUC: 0.8585661214840545
AdamP on MHIST_transformed: T 1/3 | E 143/200 Ended | E Time: 10.062s | ~Time Left: 573.534s |  Train Loss: 0.3760 | Train Acc. 82.5287% | Test Loss: 0.4434 | Test Acc. 78.3908%
Train AUC: 0.8786786521702883
Valid AUC: 0.8667197375404062
AdamP on MHIST_transformed: T 1/3 | E 144/200 Ended | E Time: 9.995s | ~Time Left: 559.703s |  Train Loss: 0.3841 | Train Acc. 81.3793% | Test Loss: 0.5283 | Test Acc. 71.0345%
Train AUC: 0.8815785817154048
Valid AUC: 0.8779611135234235
AdamP on MHIST_transformed: T 1/3 | E 145/200 Ended | E Time: 10.053s | ~Time Left: 552.930s |  Train Loss: 0.3809 | Train Acc. 82.0690% | Test Loss: 0.4104 | Test Acc. 78.8506%
Train AUC: 0.8792360794391072
Valid AUC: 0.8572152265161384
AdamP on MHIST_transformed: T 1/3 | E 146/200 Ended | E Time: 10.040s | ~Time Left: 542.134s |  Train Loss: 0.3826 | Train Acc. 82.7586% | Test Loss: 0.4410 | Test Acc. 78.8506%
Train AUC: 0.8867245671765245
Valid AUC: 0.8430549524774449
AdamP on MHIST_transformed: T 1/3 | E 147/200 Ended | E Time: 10.283s | ~Time Left: 544.997s |  Train Loss: 0.3767 | Train Acc. 82.1264% | Test Loss: 0.5181 | Test Acc. 77.4713%
Train AUC: 0.8810015382377125
Valid AUC: 0.8662131519274378
AdamP on MHIST_transformed: T 1/3 | E 148/200 Ended | E Time: 10.102s | ~Time Left: 525.281s |  Train Loss: 0.3839 | Train Acc. 82.5287% | Test Loss: 0.4217 | Test Acc. 79.3103%
Train AUC: 0.8784841247656271
Valid AUC: 0.8651999807015005
AdamP on MHIST_transformed: T 1/3 | E 149/200 Ended | E Time: 10.019s | ~Time Left: 510.991s |  Train Loss: 0.3826 | Train Acc. 82.3563% | Test Loss: 0.4492 | Test Acc. 80.0000%
Train AUC: 0.8832590369422254
Valid AUC: 0.890191537607951
AdamP on MHIST_transformed: T 1/3 | E 150/200 Ended | E Time: 10.068s | ~Time Left: 503.382s |  Train Loss: 0.3793 | Train Acc. 82.9310% | Test Loss: 0.3914 | Test Acc. 80.0000%
Train AUC: 0.8873849795419289
Valid AUC: 0.8350219520432285
AdamP on MHIST_transformed: T 1/3 | E 151/200 Ended | E Time: 9.955s | ~Time Left: 487.809s |  Train Loss: 0.3696 | Train Acc. 83.2184% | Test Loss: 0.4946 | Test Acc. 75.8621%
Train AUC: 0.8814510763577277
Valid AUC: 0.8441887393255174
AdamP on MHIST_transformed: T 1/3 | E 152/200 Ended | E Time: 10.043s | ~Time Left: 482.066s |  Train Loss: 0.3806 | Train Acc. 82.8161% | Test Loss: 0.4614 | Test Acc. 77.2414%
Train AUC: 0.8897176737137896
Valid AUC: 0.8517151541467651
AdamP on MHIST_transformed: T 1/3 | E 153/200 Ended | E Time: 9.980s | ~Time Left: 469.057s |  Train Loss: 0.3655 | Train Acc. 83.3333% | Test Loss: 0.4516 | Test Acc. 78.3908%
Train AUC: 0.8799357242222582
Valid AUC: 0.8853910358469629
AdamP on MHIST_transformed: T 1/3 | E 154/200 Ended | E Time: 10.011s | ~Time Left: 460.494s |  Train Loss: 0.3797 | Train Acc. 81.8391% | Test Loss: 0.4098 | Test Acc. 81.1494%
Train AUC: 0.8938844834153128
Valid AUC: 0.8625946832633763
AdamP on MHIST_transformed: T 1/3 | E 155/200 Ended | E Time: 10.080s | ~Time Left: 453.617s |  Train Loss: 0.3614 | Train Acc. 83.9655% | Test Loss: 0.4287 | Test Acc. 79.5402%
Train AUC: 0.8895067994684007
Valid AUC: 0.8766584648043614
AdamP on MHIST_transformed: T 1/3 | E 156/200 Ended | E Time: 10.037s | ~Time Left: 441.644s |  Train Loss: 0.3690 | Train Acc. 83.3908% | Test Loss: 0.4166 | Test Acc. 80.6897%
Train AUC: 0.9062802927392237
Valid AUC: 0.8670333381579582
AdamP on MHIST_transformed: T 1/3 | E 157/200 Ended | E Time: 10.040s | ~Time Left: 431.713s |  Train Loss: 0.3417 | Train Acc. 85.5172% | Test Loss: 0.5059 | Test Acc. 76.5517%
Train AUC: 0.8793178136427463
Valid AUC: 0.8707965455685821
AdamP on MHIST_transformed: T 1/3 | E 158/200 Ended | E Time: 10.146s | ~Time Left: 426.117s |  Train Loss: 0.3823 | Train Acc. 82.0690% | Test Loss: 0.4556 | Test Acc. 79.5402%
Train AUC: 0.9069047420550268
Valid AUC: 0.8872485164278477
AdamP on MHIST_transformed: T 1/3 | E 159/200 Ended | E Time: 10.058s | ~Time Left: 412.382s |  Train Loss: 0.3387 | Train Acc. 83.6782% | Test Loss: 0.4270 | Test Acc. 78.8506%
Train AUC: 0.8965261328769295
Valid AUC: 0.8978868143001881
AdamP on MHIST_transformed: T 1/3 | E 160/200 Ended | E Time: 10.399s | ~Time Left: 415.962s |  Train Loss: 0.3536 | Train Acc. 84.5402% | Test Loss: 0.4516 | Test Acc. 77.9310%
Train AUC: 0.8792949280657273
Valid AUC: 0.9059439378588314
AdamP on MHIST_transformed: T 1/3 | E 161/200 Ended | E Time: 9.942s | ~Time Left: 387.740s |  Train Loss: 0.3837 | Train Acc. 82.0115% | Test Loss: 0.3685 | Test Acc. 80.6897%
Train AUC: 0.9023047410742162
Valid AUC: 0.8050127852559463
AdamP on MHIST_transformed: T 1/3 | E 162/200 Ended | E Time: 10.057s | ~Time Left: 382.149s |  Train Loss: 0.3485 | Train Acc. 83.4483% | Test Loss: 0.5395 | Test Acc. 72.8736%
Train AUC: 0.8970214421509828
Valid AUC: 0.8552371303131181
AdamP on MHIST_transformed: T 1/3 | E 163/200 Ended | E Time: 9.987s | ~Time Left: 369.533s |  Train Loss: 0.3569 | Train Acc. 83.2184% | Test Loss: 0.4742 | Test Acc. 77.7011%
Train AUC: 0.8883330963041428
Valid AUC: 0.7403386886669561
AdamP on MHIST_transformed: T 1/3 | E 164/200 Ended | E Time: 10.038s | ~Time Left: 361.367s |  Train Loss: 0.3676 | Train Acc. 82.8161% | Test Loss: 0.8827 | Test Acc. 72.4138%
Train AUC: 0.9051082242590387
Valid AUC: 0.8604236020649394
AdamP on MHIST_transformed: T 1/3 | E 165/200 Ended | E Time: 10.076s | ~Time Left: 352.649s |  Train Loss: 0.3489 | Train Acc. 84.0805% | Test Loss: 0.4308 | Test Acc. 78.3908%
Train AUC: 0.8973598217540487
Valid AUC: 0.8464563130216626
AdamP on MHIST_transformed: T 1/3 | E 166/200 Ended | E Time: 10.011s | ~Time Left: 340.386s |  Train Loss: 0.3556 | Train Acc. 85.4023% | Test Loss: 0.4745 | Test Acc. 76.0920%
Train AUC: 0.8955469571173327
Valid AUC: 0.8343465045592706
AdamP on MHIST_transformed: T 1/3 | E 167/200 Ended | E Time: 10.143s | ~Time Left: 334.731s |  Train Loss: 0.3603 | Train Acc. 83.6207% | Test Loss: 0.5336 | Test Acc. 77.9310%
Train AUC: 0.9018241439568183
Valid AUC: 0.8987552467795629
AdamP on MHIST_transformed: T 1/3 | E 168/200 Ended | E Time: 10.086s | ~Time Left: 322.751s |  Train Loss: 0.3508 | Train Acc. 83.3908% | Test Loss: 0.3895 | Test Acc. 83.9080%
Train AUC: 0.906435587726138
Valid AUC: 0.8892989820041491
AdamP on MHIST_transformed: T 1/3 | E 169/200 Ended | E Time: 10.026s | ~Time Left: 310.814s |  Train Loss: 0.3367 | Train Acc. 84.9425% | Test Loss: 0.4335 | Test Acc. 80.6897%
Train AUC: 0.8986103550697275
Valid AUC: 0.8583972596130651
AdamP on MHIST_transformed: T 1/3 | E 170/200 Ended | E Time: 10.065s | ~Time Left: 301.955s |  Train Loss: 0.3529 | Train Acc. 84.1954% | Test Loss: 0.4850 | Test Acc. 75.1724%
Train AUC: 0.8963593951015056
Valid AUC: 0.8669127225358229
AdamP on MHIST_transformed: T 1/3 | E 171/200 Ended | E Time: 10.143s | ~Time Left: 294.149s |  Train Loss: 0.3524 | Train Acc. 83.9655% | Test Loss: 0.4300 | Test Acc. 77.2414%
Train AUC: 0.8978257067147918
Valid AUC: 0.9060645534809668
AdamP on MHIST_transformed: T 1/3 | E 172/200 Ended | E Time: 10.043s | ~Time Left: 281.212s |  Train Loss: 0.3560 | Train Acc. 84.1954% | Test Loss: 0.4404 | Test Acc. 77.2414%
Train AUC: 0.9077727592976743
Valid AUC: 0.8875138707965456
AdamP on MHIST_transformed: T 1/3 | E 173/200 Ended | E Time: 10.028s | ~Time Left: 270.765s |  Train Loss: 0.3434 | Train Acc. 85.0000% | Test Loss: 0.4682 | Test Acc. 76.0920%
Train AUC: 0.9022033906617037
Valid AUC: 0.8420176581270806
AdamP on MHIST_transformed: T 1/3 | E 174/200 Ended | E Time: 10.040s | ~Time Left: 261.047s |  Train Loss: 0.3516 | Train Acc. 83.6782% | Test Loss: 0.5761 | Test Acc. 75.8621%
Train AUC: 0.9011506541188318
Valid AUC: 0.8490133642109325
AdamP on MHIST_transformed: T 1/3 | E 175/200 Ended | E Time: 10.041s | ~Time Left: 251.037s |  Train Loss: 0.3538 | Train Acc. 83.9655% | Test Loss: 0.5174 | Test Acc. 75.8621%
Train AUC: 0.9067903141699319
Valid AUC: 0.8597481545809813
AdamP on MHIST_transformed: T 1/3 | E 176/200 Ended | E Time: 10.021s | ~Time Left: 240.500s |  Train Loss: 0.3411 | Train Acc. 83.5057% | Test Loss: 0.4528 | Test Acc. 77.0115%
Train AUC: 0.9035062338677116
Valid AUC: 0.8949920393689391
AdamP on MHIST_transformed: T 1/3 | E 177/200 Ended | E Time: 10.008s | ~Time Left: 230.184s |  Train Loss: 0.3458 | Train Acc. 84.3678% | Test Loss: 0.4842 | Test Acc. 77.2414%
Train AUC: 0.910806732936759
Valid AUC: 0.8568533796497322
AdamP on MHIST_transformed: T 1/3 | E 178/200 Ended | E Time: 9.973s | ~Time Left: 219.414s |  Train Loss: 0.3345 | Train Acc. 84.9425% | Test Loss: 0.4826 | Test Acc. 77.9310%
Train AUC: 0.8979434039680321
Valid AUC: 0.9020601148260723
AdamP on MHIST_transformed: T 1/3 | E 179/200 Ended | E Time: 10.102s | ~Time Left: 212.137s |  Train Loss: 0.3560 | Train Acc. 84.1954% | Test Loss: 0.4687 | Test Acc. 78.1609%
Train AUC: 0.9096967824513397
Valid AUC: 0.8746562454769142
AdamP on MHIST_transformed: T 1/3 | E 180/200 Ended | E Time: 9.958s | ~Time Left: 199.161s |  Train Loss: 0.3353 | Train Acc. 84.8276% | Test Loss: 0.4519 | Test Acc. 79.7701%
Train AUC: 0.9119297608947607
Valid AUC: 0.8764172335600906
AdamP on MHIST_transformed: T 1/3 | E 181/200 Ended | E Time: 10.057s | ~Time Left: 191.084s |  Train Loss: 0.3323 | Train Acc. 84.8851% | Test Loss: 0.4679 | Test Acc. 80.2299%
Train AUC: 0.9107299027853382
Valid AUC: 0.8963670574612823
AdamP on MHIST_transformed: T 1/3 | E 182/200 Ended | E Time: 10.128s | ~Time Left: 182.297s |  Train Loss: 0.3384 | Train Acc. 84.8276% | Test Loss: 0.4727 | Test Acc. 78.6207%
Train AUC: 0.9063358719976984
Valid AUC: 0.8804699184638394
AdamP on MHIST_transformed: T 1/3 | E 183/200 Ended | E Time: 10.104s | ~Time Left: 171.776s |  Train Loss: 0.3408 | Train Acc. 84.6552% | Test Loss: 0.4237 | Test Acc. 80.2299%
Train AUC: 0.915153357886288
Valid AUC: 0.8853427895981087
AdamP on MHIST_transformed: T 1/3 | E 184/200 Ended | E Time: 10.067s | ~Time Left: 161.076s |  Train Loss: 0.3284 | Train Acc. 85.3448% | Test Loss: 0.4156 | Test Acc. 80.0000%
Train AUC: 0.9217493081199662
Valid AUC: 0.9005886042360207
AdamP on MHIST_transformed: T 1/3 | E 185/200 Ended | E Time: 10.090s | ~Time Left: 151.349s |  Train Loss: 0.3164 | Train Acc. 86.1494% | Test Loss: 0.4442 | Test Acc. 80.6897%
Train AUC: 0.8885995498080064
Valid AUC: 0.8891783663820138
AdamP on MHIST_transformed: T 1/3 | E 186/200 Ended | E Time: 10.085s | ~Time Left: 141.197s |  Train Loss: 0.3650 | Train Acc. 83.8506% | Test Loss: 0.4335 | Test Acc. 80.2299%
Train AUC: 0.9123057382315007
Valid AUC: 0.9090316977854971
AdamP on MHIST_transformed: T 1/3 | E 187/200 Ended | E Time: 10.126s | ~Time Left: 131.638s |  Train Loss: 0.3303 | Train Acc. 85.3448% | Test Loss: 0.4145 | Test Acc. 78.6207%
Train AUC: 0.916381005624948
Valid AUC: 0.9069571090847687
AdamP on MHIST_transformed: T 1/3 | E 188/200 Ended | E Time: 10.040s | ~Time Left: 120.485s |  Train Loss: 0.3252 | Train Acc. 85.9195% | Test Loss: 0.4038 | Test Acc. 82.9885%
Train AUC: 0.9089709827230241
Valid AUC: 0.8849085733584213
AdamP on MHIST_transformed: T 1/3 | E 189/200 Ended | E Time: 10.175s | ~Time Left: 111.927s |  Train Loss: 0.3396 | Train Acc. 84.6552% | Test Loss: 0.4410 | Test Acc. 79.3103%
Train AUC: 0.9037301855856827
Valid AUC: 0.887320885801129
AdamP on MHIST_transformed: T 1/3 | E 190/200 Ended | E Time: 10.039s | ~Time Left: 100.393s |  Train Loss: 0.3417 | Train Acc. 84.2529% | Test Loss: 0.3918 | Test Acc. 80.2299%
Train AUC: 0.917427203431529
Valid AUC: 0.8733053505089979
AdamP on MHIST_transformed: T 1/3 | E 191/200 Ended | E Time: 10.068s | ~Time Left: 90.611s |  Train Loss: 0.3221 | Train Acc. 85.5747% | Test Loss: 0.4256 | Test Acc. 80.6897%
Train AUC: 0.918599271911714
Valid AUC: 0.8930380662903459
AdamP on MHIST_transformed: T 1/3 | E 192/200 Ended | E Time: 10.104s | ~Time Left: 80.832s |  Train Loss: 0.3207 | Train Acc. 85.5747% | Test Loss: 0.5270 | Test Acc. 76.3218%
Train AUC: 0.91204091941171
Valid AUC: 0.9003956192406041
AdamP on MHIST_transformed: T 1/3 | E 193/200 Ended | E Time: 10.109s | ~Time Left: 70.764s |  Train Loss: 0.3294 | Train Acc. 85.1724% | Test Loss: 0.4169 | Test Acc. 80.0000%
Train AUC: 0.9211510137493277
Valid AUC: 0.879697978482173
AdamP on MHIST_transformed: T 1/3 | E 194/200 Ended | E Time: 10.104s | ~Time Left: 60.625s |  Train Loss: 0.3168 | Train Acc. 85.5172% | Test Loss: 0.5011 | Test Acc. 78.6207%
Train AUC: 0.9200100042665255
Valid AUC: 0.8732329811357167
AdamP on MHIST_transformed: T 1/3 | E 195/200 Ended | E Time: 10.079s | ~Time Left: 50.396s |  Train Loss: 0.3119 | Train Acc. 85.9195% | Test Loss: 0.5602 | Test Acc. 74.4828%
Train AUC: 0.9243533598479089
Valid AUC: 0.8714237468036861
AdamP on MHIST_transformed: T 1/3 | E 196/200 Ended | E Time: 10.215s | ~Time Left: 40.861s |  Train Loss: 0.3098 | Train Acc. 86.4368% | Test Loss: 0.4356 | Test Acc. 80.0000%
Train AUC: 0.9175874024706614
Valid AUC: 0.8800598253485792
AdamP on MHIST_transformed: T 1/3 | E 197/200 Ended | E Time: 10.083s | ~Time Left: 30.249s |  Train Loss: 0.3230 | Train Acc. 85.9195% | Test Loss: 0.4127 | Test Acc. 78.6207%
Train AUC: 0.9193348797444661
Valid AUC: 0.9170164519708592
AdamP on MHIST_transformed: T 1/3 | E 198/200 Ended | E Time: 9.975s | ~Time Left: 19.950s |  Train Loss: 0.3179 | Train Acc. 85.9195% | Test Loss: 0.3976 | Test Acc. 81.1494%
Train AUC: 0.911588111923549
Valid AUC: 0.8512568147826507
AdamP on MHIST_transformed: T 1/3 | E 199/200 Ended | E Time: 10.104s | ~Time Left: 10.104s |  Train Loss: 0.3328 | Train Acc. 84.7126% | Test Loss: 0.4359 | Test Acc. 78.6207%
Train AUC: 0.9091606060754667
Valid AUC: 0.9173300525884113
AdamP on MHIST_transformed: T 1/3 | E 200/200 Ended | E Time: 10.047s | ~Time Left: 0.000s |  Train Loss: 0.3387 | Train Acc. 84.8851% | Test Loss: 0.3566 | Test Acc. 82.0690%
Train AUC: 0.5073977627713779
Valid AUC: 0.5580643604959714
AdamP on MHIST_transformed: T 2/3 | E 1/200 Ended | E Time: 10.031s | ~Time Left: 1996.150s |  Train Loss: 0.6540 | Train Acc. 68.6207% | Test Loss: 0.6729 | Test Acc. 67.5862%
Train AUC: 0.5446227884767849
Valid AUC: 0.519443238288223
AdamP on MHIST_transformed: T 2/3 | E 2/200 Ended | E Time: 10.047s | ~Time Left: 1989.398s |  Train Loss: 0.6002 | Train Acc. 71.4943% | Test Loss: 0.7412 | Test Acc. 48.9655%
Train AUC: 0.5643632333397086
Valid AUC: 0.6035123269165823
AdamP on MHIST_transformed: T 2/3 | E 3/200 Ended | E Time: 10.009s | ~Time Left: 1971.749s |  Train Loss: 0.5936 | Train Acc. 71.1494% | Test Loss: 0.6256 | Test Acc. 67.5862%
Train AUC: 0.6113661218264652
Valid AUC: 0.518502436435567
AdamP on MHIST_transformed: T 2/3 | E 4/200 Ended | E Time: 10.076s | ~Time Left: 1974.887s |  Train Loss: 0.5821 | Train Acc. 71.0920% | Test Loss: 0.9703 | Test Acc. 47.1264%
Train AUC: 0.6223847098190569
Valid AUC: 0.636850484874801
AdamP on MHIST_transformed: T 2/3 | E 5/200 Ended | E Time: 10.000s | ~Time Left: 1949.993s |  Train Loss: 0.5741 | Train Acc. 71.7816% | Test Loss: 0.6037 | Test Acc. 67.5862%
Train AUC: 0.6127253616329841
Valid AUC: 0.7173252279635257
AdamP on MHIST_transformed: T 2/3 | E 6/200 Ended | E Time: 10.153s | ~Time Left: 1969.778s |  Train Loss: 0.5760 | Train Acc. 70.6322% | Test Loss: 0.6031 | Test Acc. 67.3563%
Train AUC: 0.6210540769838118
Valid AUC: 0.6575963718820862
AdamP on MHIST_transformed: T 2/3 | E 7/200 Ended | E Time: 10.072s | ~Time Left: 1943.976s |  Train Loss: 0.5747 | Train Acc. 71.6667% | Test Loss: 0.6088 | Test Acc. 67.5862%
Train AUC: 0.5944307948324368
Valid AUC: 0.6763400395619241
AdamP on MHIST_transformed: T 2/3 | E 8/200 Ended | E Time: 10.155s | ~Time Left: 1949.730s |  Train Loss: 0.5805 | Train Acc. 71.3218% | Test Loss: 0.7495 | Test Acc. 67.5862%
Train AUC: 0.6243512347586144
Valid AUC: 0.6496839870700054
AdamP on MHIST_transformed: T 2/3 | E 9/200 Ended | E Time: 10.058s | ~Time Left: 1921.116s |  Train Loss: 0.5803 | Train Acc. 70.3448% | Test Loss: 0.6562 | Test Acc. 67.5862%
Train AUC: 0.6482993564248806
Valid AUC: 0.7086167800453514
AdamP on MHIST_transformed: T 2/3 | E 10/200 Ended | E Time: 10.131s | ~Time Left: 1924.884s |  Train Loss: 0.5652 | Train Acc. 70.0000% | Test Loss: 0.5798 | Test Acc. 67.5862%
Train AUC: 0.669403127804505
Valid AUC: 0.7124282337048294
AdamP on MHIST_transformed: T 2/3 | E 11/200 Ended | E Time: 10.016s | ~Time Left: 1893.094s |  Train Loss: 0.5529 | Train Acc. 71.7816% | Test Loss: 0.5685 | Test Acc. 71.0345%
Train AUC: 0.66518237352858
Valid AUC: 0.610773387369132
AdamP on MHIST_transformed: T 2/3 | E 12/200 Ended | E Time: 9.932s | ~Time Left: 1867.151s |  Train Loss: 0.5600 | Train Acc. 72.0690% | Test Loss: 0.6264 | Test Acc. 65.7471%
Train AUC: 0.6587760466473447
Valid AUC: 0.7457663916630483
AdamP on MHIST_transformed: T 2/3 | E 13/200 Ended | E Time: 10.110s | ~Time Left: 1890.664s |  Train Loss: 0.5578 | Train Acc. 71.6667% | Test Loss: 0.5785 | Test Acc. 67.8161%
Train AUC: 0.7078754174574451
Valid AUC: 0.6097843392676219
AdamP on MHIST_transformed: T 2/3 | E 14/200 Ended | E Time: 10.086s | ~Time Left: 1875.963s |  Train Loss: 0.5376 | Train Acc. 71.0345% | Test Loss: 0.8870 | Test Acc. 43.6782%
Train AUC: 0.6883458468399105
Valid AUC: 0.6315675206252714
AdamP on MHIST_transformed: T 2/3 | E 15/200 Ended | E Time: 10.104s | ~Time Left: 1869.232s |  Train Loss: 0.5435 | Train Acc. 71.5517% | Test Loss: 0.8819 | Test Acc. 67.5862%
Train AUC: 0.6574944543342831
Valid AUC: 0.720268249143629
AdamP on MHIST_transformed: T 2/3 | E 16/200 Ended | E Time: 10.064s | ~Time Left: 1851.747s |  Train Loss: 0.5657 | Train Acc. 71.2069% | Test Loss: 0.5689 | Test Acc. 67.8161%
Train AUC: 0.6809129383609677
Valid AUC: 0.6788247213779128
AdamP on MHIST_transformed: T 2/3 | E 17/200 Ended | E Time: 10.029s | ~Time Left: 1835.351s |  Train Loss: 0.5456 | Train Acc. 71.7816% | Test Loss: 0.5807 | Test Acc. 67.5862%
Train AUC: 0.673547051929009
Valid AUC: 0.6760505620687992
AdamP on MHIST_transformed: T 2/3 | E 18/200 Ended | E Time: 10.068s | ~Time Left: 1832.431s |  Train Loss: 0.5574 | Train Acc. 71.8966% | Test Loss: 0.5998 | Test Acc. 66.4368%
Train AUC: 0.6866735650334539
Valid AUC: 0.7528827133690355
AdamP on MHIST_transformed: T 2/3 | E 19/200 Ended | E Time: 10.120s | ~Time Left: 1831.692s |  Train Loss: 0.5438 | Train Acc. 72.7011% | Test Loss: 0.5577 | Test Acc. 69.1954%
Train AUC: 0.7040110243093869
Valid AUC: 0.7460076229073189
AdamP on MHIST_transformed: T 2/3 | E 20/200 Ended | E Time: 10.114s | ~Time Left: 1820.593s |  Train Loss: 0.5342 | Train Acc. 72.1839% | Test Loss: 0.5447 | Test Acc. 69.6552%
Train AUC: 0.7117250984488482
Valid AUC: 0.5999903507502291
AdamP on MHIST_transformed: T 2/3 | E 21/200 Ended | E Time: 10.104s | ~Time Left: 1808.649s |  Train Loss: 0.5313 | Train Acc. 72.9310% | Test Loss: 0.7400 | Test Acc. 48.0460%
Train AUC: 0.717902569559894
Valid AUC: 0.7656679693153857
AdamP on MHIST_transformed: T 2/3 | E 22/200 Ended | E Time: 10.047s | ~Time Left: 1788.366s |  Train Loss: 0.5347 | Train Acc. 71.0345% | Test Loss: 0.5426 | Test Acc. 70.3448%
Train AUC: 0.7145040613725788
Valid AUC: 0.7146475611521204
AdamP on MHIST_transformed: T 2/3 | E 23/200 Ended | E Time: 10.113s | ~Time Left: 1790.053s |  Train Loss: 0.5260 | Train Acc. 71.3218% | Test Loss: 0.5885 | Test Acc. 67.5862%
Train AUC: 0.6841790371383876
Valid AUC: 0.6803203550923915
AdamP on MHIST_transformed: T 2/3 | E 24/200 Ended | E Time: 10.069s | ~Time Left: 1772.123s |  Train Loss: 0.5526 | Train Acc. 71.7241% | Test Loss: 0.5699 | Test Acc. 68.2759%
Train AUC: 0.6784462000951386
Valid AUC: 0.7780913783953297
AdamP on MHIST_transformed: T 2/3 | E 25/200 Ended | E Time: 10.084s | ~Time Left: 1764.783s |  Train Loss: 0.5398 | Train Acc. 72.0690% | Test Loss: 0.5329 | Test Acc. 69.1954%
Train AUC: 0.6996823808846583
Valid AUC: 0.7806725527090269
AdamP on MHIST_transformed: T 2/3 | E 26/200 Ended | E Time: 10.135s | ~Time Left: 1763.505s |  Train Loss: 0.5463 | Train Acc. 71.4368% | Test Loss: 0.6019 | Test Acc. 67.5862%
Train AUC: 0.7122759869813761
Valid AUC: 0.7521107733873691
AdamP on MHIST_transformed: T 2/3 | E 27/200 Ended | E Time: 10.043s | ~Time Left: 1737.360s |  Train Loss: 0.5296 | Train Acc. 72.5862% | Test Loss: 0.5644 | Test Acc. 71.7241%
Train AUC: 0.7126486949499704
Valid AUC: 0.7564046895353885
AdamP on MHIST_transformed: T 2/3 | E 28/200 Ended | E Time: 10.112s | ~Time Left: 1739.199s |  Train Loss: 0.5321 | Train Acc. 72.5287% | Test Loss: 0.5351 | Test Acc. 70.5747%
Train AUC: 0.7024155726543511
Valid AUC: 0.7731220147633522
AdamP on MHIST_transformed: T 2/3 | E 29/200 Ended | E Time: 10.107s | ~Time Left: 1728.232s |  Train Loss: 0.5351 | Train Acc. 71.3793% | Test Loss: 0.6855 | Test Acc. 68.7356%
Train AUC: 0.7348803983398149
Valid AUC: 0.7438847879577364
AdamP on MHIST_transformed: T 2/3 | E 30/200 Ended | E Time: 10.023s | ~Time Left: 1703.941s |  Train Loss: 0.5130 | Train Acc. 71.9540% | Test Loss: 0.5657 | Test Acc. 67.5862%
Train AUC: 0.6960255926138434
Valid AUC: 0.6777150576542674
AdamP on MHIST_transformed: T 2/3 | E 31/200 Ended | E Time: 10.048s | ~Time Left: 1698.051s |  Train Loss: 0.5431 | Train Acc. 71.4368% | Test Loss: 0.6158 | Test Acc. 67.5862%
Train AUC: 0.7446247500976725
Valid AUC: 0.810947073865007
AdamP on MHIST_transformed: T 2/3 | E 32/200 Ended | E Time: 9.993s | ~Time Left: 1678.762s |  Train Loss: 0.5143 | Train Acc. 73.1609% | Test Loss: 0.5091 | Test Acc. 73.5632%
Train AUC: 0.7369711592689038
Valid AUC: 0.7156607323780576
AdamP on MHIST_transformed: T 2/3 | E 33/200 Ended | E Time: 10.015s | ~Time Left: 1672.495s |  Train Loss: 0.5145 | Train Acc. 72.5287% | Test Loss: 0.6252 | Test Acc. 68.2759%
Train AUC: 0.720294112358375
Valid AUC: 0.722801177208472
AdamP on MHIST_transformed: T 2/3 | E 34/200 Ended | E Time: 9.976s | ~Time Left: 1655.975s |  Train Loss: 0.5258 | Train Acc. 71.4943% | Test Loss: 0.5616 | Test Acc. 71.2644%
Train AUC: 0.7347676051387927
Valid AUC: 0.8096926713947991
AdamP on MHIST_transformed: T 2/3 | E 35/200 Ended | E Time: 9.997s | ~Time Left: 1649.434s |  Train Loss: 0.5206 | Train Acc. 72.2414% | Test Loss: 0.5104 | Test Acc. 75.1724%
Train AUC: 0.7462430873297272
Valid AUC: 0.7360206493945095
AdamP on MHIST_transformed: T 2/3 | E 36/200 Ended | E Time: 10.050s | ~Time Left: 1648.278s |  Train Loss: 0.5090 | Train Acc. 73.0460% | Test Loss: 0.5428 | Test Acc. 70.5747%
Train AUC: 0.7690485648291183
Valid AUC: 0.7847252376127756
AdamP on MHIST_transformed: T 2/3 | E 37/200 Ended | E Time: 10.105s | ~Time Left: 1647.055s |  Train Loss: 0.4933 | Train Acc. 73.7931% | Test Loss: 0.5097 | Test Acc. 73.7931%
Train AUC: 0.7561541768630087
Valid AUC: 0.8115742751001109
AdamP on MHIST_transformed: T 2/3 | E 38/200 Ended | E Time: 9.958s | ~Time Left: 1613.135s |  Train Loss: 0.5070 | Train Acc. 74.0805% | Test Loss: 0.5247 | Test Acc. 69.4253%
Train AUC: 0.7494241825353622
Valid AUC: 0.7863414869493897
AdamP on MHIST_transformed: T 2/3 | E 39/200 Ended | E Time: 9.993s | ~Time Left: 1608.806s |  Train Loss: 0.5195 | Train Acc. 73.5057% | Test Loss: 0.5487 | Test Acc. 72.1839%
Train AUC: 0.747456022911732
Valid AUC: 0.7571283832682008
AdamP on MHIST_transformed: T 2/3 | E 40/200 Ended | E Time: 10.075s | ~Time Left: 1611.995s |  Train Loss: 0.5115 | Train Acc. 73.2759% | Test Loss: 0.5516 | Test Acc. 70.1149%
Train AUC: 0.764229516182555
Valid AUC: 0.7953876586095431
AdamP on MHIST_transformed: T 2/3 | E 41/200 Ended | E Time: 10.021s | ~Time Left: 1593.372s |  Train Loss: 0.4952 | Train Acc. 72.8161% | Test Loss: 0.5274 | Test Acc. 70.3448%
Train AUC: 0.75201352210665
Valid AUC: 0.7910937424615236
AdamP on MHIST_transformed: T 2/3 | E 42/200 Ended | E Time: 10.025s | ~Time Left: 1583.880s |  Train Loss: 0.5082 | Train Acc. 73.0460% | Test Loss: 0.5276 | Test Acc. 73.3333%
Train AUC: 0.7478140187236713
Valid AUC: 0.8014908090895932
AdamP on MHIST_transformed: T 2/3 | E 43/200 Ended | E Time: 10.053s | ~Time Left: 1578.297s |  Train Loss: 0.5138 | Train Acc. 74.0230% | Test Loss: 0.5174 | Test Acc. 75.1724%
Train AUC: 0.7783057807332866
Valid AUC: 0.8111159357359965
AdamP on MHIST_transformed: T 2/3 | E 44/200 Ended | E Time: 10.022s | ~Time Left: 1563.485s |  Train Loss: 0.4881 | Train Acc. 74.6552% | Test Loss: 0.4916 | Test Acc. 74.7126%
Train AUC: 0.7587320736457869
Valid AUC: 0.8259757803830753
AdamP on MHIST_transformed: T 2/3 | E 45/200 Ended | E Time: 10.050s | ~Time Left: 1557.690s |  Train Loss: 0.5025 | Train Acc. 73.9655% | Test Loss: 0.5116 | Test Acc. 72.4138%
Train AUC: 0.7663374412944083
Valid AUC: 0.6930573647898876
AdamP on MHIST_transformed: T 2/3 | E 46/200 Ended | E Time: 10.012s | ~Time Left: 1541.879s |  Train Loss: 0.4944 | Train Acc. 74.2529% | Test Loss: 1.0056 | Test Acc. 68.5057%
Train AUC: 0.7806172240122012
Valid AUC: 0.7826988951609012
AdamP on MHIST_transformed: T 2/3 | E 47/200 Ended | E Time: 10.049s | ~Time Left: 1537.532s |  Train Loss: 0.4874 | Train Acc. 74.7126% | Test Loss: 0.5238 | Test Acc. 72.4138%
Train AUC: 0.7880632099637264
Valid AUC: 0.8072803589520915
AdamP on MHIST_transformed: T 2/3 | E 48/200 Ended | E Time: 10.008s | ~Time Left: 1521.240s |  Train Loss: 0.4840 | Train Acc. 75.7471% | Test Loss: 0.5211 | Test Acc. 70.8046%
Train AUC: 0.7626111789505001
Valid AUC: 0.7397114874318522
AdamP on MHIST_transformed: T 2/3 | E 49/200 Ended | E Time: 10.108s | ~Time Left: 1526.260s |  Train Loss: 0.5026 | Train Acc. 74.1954% | Test Loss: 0.6104 | Test Acc. 69.8851%
Train AUC: 0.7815424551973964
Valid AUC: 0.7612293144208038
AdamP on MHIST_transformed: T 2/3 | E 50/200 Ended | E Time: 9.960s | ~Time Left: 1493.980s |  Train Loss: 0.4883 | Train Acc. 75.0000% | Test Loss: 0.6201 | Test Acc. 70.5747%
Train AUC: 0.7846385468312467
Valid AUC: 0.848844502339943
AdamP on MHIST_transformed: T 2/3 | E 51/200 Ended | E Time: 9.944s | ~Time Left: 1481.728s |  Train Loss: 0.4817 | Train Acc. 75.1724% | Test Loss: 0.4598 | Test Acc. 76.5517%
Train AUC: 0.7959669074556306
Valid AUC: 0.8000434216239687
AdamP on MHIST_transformed: T 2/3 | E 52/200 Ended | E Time: 9.935s | ~Time Left: 1470.370s |  Train Loss: 0.4720 | Train Acc. 75.2874% | Test Loss: 0.5101 | Test Acc. 74.7126%
Train AUC: 0.7860035080320202
Valid AUC: 0.8248178704105755
AdamP on MHIST_transformed: T 2/3 | E 53/200 Ended | E Time: 10.067s | ~Time Left: 1479.780s |  Train Loss: 0.4818 | Train Acc. 75.0575% | Test Loss: 0.5592 | Test Acc. 68.9655%
Train AUC: 0.7839045736825672
Valid AUC: 0.8557678390505139
AdamP on MHIST_transformed: T 2/3 | E 54/200 Ended | E Time: 9.961s | ~Time Left: 1454.285s |  Train Loss: 0.4847 | Train Acc. 75.1724% | Test Loss: 0.4643 | Test Acc. 76.0920%
Train AUC: 0.7887138142246939
Valid AUC: 0.7878129975394412
AdamP on MHIST_transformed: T 2/3 | E 55/200 Ended | E Time: 10.064s | ~Time Left: 1459.275s |  Train Loss: 0.4815 | Train Acc. 75.5172% | Test Loss: 0.5322 | Test Acc. 71.2644%
Train AUC: 0.7831460802727961
Valid AUC: 0.8331162252134896
AdamP on MHIST_transformed: T 2/3 | E 56/200 Ended | E Time: 10.058s | ~Time Left: 1448.402s |  Train Loss: 0.4837 | Train Acc. 74.8851% | Test Loss: 0.4713 | Test Acc. 74.9425%
Train AUC: 0.7892140275509654
Valid AUC: 0.803951367781155
AdamP on MHIST_transformed: T 2/3 | E 57/200 Ended | E Time: 10.040s | ~Time Left: 1435.698s |  Train Loss: 0.4794 | Train Acc. 75.4598% | Test Loss: 0.6070 | Test Acc. 71.9540%
Train AUC: 0.7966878031317277
Valid AUC: 0.8013701934674577
AdamP on MHIST_transformed: T 2/3 | E 58/200 Ended | E Time: 10.023s | ~Time Left: 1423.218s |  Train Loss: 0.4724 | Train Acc. 75.1724% | Test Loss: 0.5020 | Test Acc. 77.0115%
Train AUC: 0.8107395474213677
Valid AUC: 0.779779997105225
AdamP on MHIST_transformed: T 2/3 | E 59/200 Ended | E Time: 9.952s | ~Time Left: 1403.190s |  Train Loss: 0.4660 | Train Acc. 76.8966% | Test Loss: 0.5340 | Test Acc. 74.4828%
Train AUC: 0.7848445170244173
Valid AUC: 0.827519660346408
AdamP on MHIST_transformed: T 2/3 | E 60/200 Ended | E Time: 10.000s | ~Time Left: 1400.026s |  Train Loss: 0.4854 | Train Acc. 75.6897% | Test Loss: 0.4875 | Test Acc. 76.3218%
Train AUC: 0.8117219925491099
Valid AUC: 0.8145655425290683
AdamP on MHIST_transformed: T 2/3 | E 61/200 Ended | E Time: 10.058s | ~Time Left: 1398.009s |  Train Loss: 0.4575 | Train Acc. 76.7241% | Test Loss: 0.4852 | Test Acc. 74.0230%
Train AUC: 0.8039686859919017
Valid AUC: 0.8282192309547933
AdamP on MHIST_transformed: T 2/3 | E 62/200 Ended | E Time: 10.001s | ~Time Left: 1380.201s |  Train Loss: 0.4662 | Train Acc. 75.8046% | Test Loss: 0.4793 | Test Acc. 72.6437%
Train AUC: 0.8033981812505004
Valid AUC: 0.7427992473585178
AdamP on MHIST_transformed: T 2/3 | E 63/200 Ended | E Time: 10.019s | ~Time Left: 1372.548s |  Train Loss: 0.4642 | Train Acc. 76.4943% | Test Loss: 0.7296 | Test Acc. 60.6897%
Train AUC: 0.8074358509102737
Valid AUC: 0.8402566700439041
AdamP on MHIST_transformed: T 2/3 | E 64/200 Ended | E Time: 10.063s | ~Time Left: 1368.555s |  Train Loss: 0.4609 | Train Acc. 75.5747% | Test Loss: 0.5114 | Test Acc. 71.0345%
Train AUC: 0.791888370694038
Valid AUC: 0.8309692671394799
AdamP on MHIST_transformed: T 2/3 | E 65/200 Ended | E Time: 10.031s | ~Time Left: 1354.231s |  Train Loss: 0.4797 | Train Acc. 74.5977% | Test Loss: 0.4770 | Test Acc. 72.8736%
Train AUC: 0.8019236962168506
Valid AUC: 0.8343465045592705
AdamP on MHIST_transformed: T 2/3 | E 66/200 Ended | E Time: 10.011s | ~Time Left: 1341.445s |  Train Loss: 0.4719 | Train Acc. 75.0000% | Test Loss: 0.4889 | Test Acc. 73.1034%
Train AUC: 0.7850701034264613
Valid AUC: 0.8617986201572828
AdamP on MHIST_transformed: T 2/3 | E 67/200 Ended | E Time: 10.034s | ~Time Left: 1334.482s |  Train Loss: 0.4854 | Train Acc. 75.5747% | Test Loss: 0.4749 | Test Acc. 71.0345%
Train AUC: 0.8033998159345735
Valid AUC: 0.855526607806243
AdamP on MHIST_transformed: T 2/3 | E 68/200 Ended | E Time: 10.012s | ~Time Left: 1321.587s |  Train Loss: 0.4692 | Train Acc. 77.4138% | Test Loss: 0.4402 | Test Acc. 78.3908%
Train AUC: 0.8227070695182095
Valid AUC: 0.8354079220340619
AdamP on MHIST_transformed: T 2/3 | E 69/200 Ended | E Time: 10.085s | ~Time Left: 1321.195s |  Train Loss: 0.4466 | Train Acc. 77.0690% | Test Loss: 0.4583 | Test Acc. 75.6322%
Train AUC: 0.8035191478718866
Valid AUC: 0.8431635065373668
AdamP on MHIST_transformed: T 2/3 | E 70/200 Ended | E Time: 10.116s | ~Time Left: 1315.130s |  Train Loss: 0.4731 | Train Acc. 75.6897% | Test Loss: 0.4596 | Test Acc. 77.9310%
Train AUC: 0.8128401164548933
Valid AUC: 0.8390505138225504
AdamP on MHIST_transformed: T 2/3 | E 71/200 Ended | E Time: 10.019s | ~Time Left: 1292.403s |  Train Loss: 0.4565 | Train Acc. 76.2644% | Test Loss: 0.4731 | Test Acc. 73.7931%
Train AUC: 0.8106022339592539
Valid AUC: 0.8425242437400492
AdamP on MHIST_transformed: T 2/3 | E 72/200 Ended | E Time: 10.009s | ~Time Left: 1281.260s |  Train Loss: 0.4582 | Train Acc. 76.4943% | Test Loss: 0.4723 | Test Acc. 77.7011%
Train AUC: 0.8139664137810407
Valid AUC: 0.8341776426882809
AdamP on MHIST_transformed: T 2/3 | E 73/200 Ended | E Time: 10.133s | ~Time Left: 1286.870s |  Train Loss: 0.4639 | Train Acc. 76.8391% | Test Loss: 0.4684 | Test Acc. 75.6322%
Train AUC: 0.8338409027379324
Valid AUC: 0.8200173686495875
AdamP on MHIST_transformed: T 2/3 | E 74/200 Ended | E Time: 10.107s | ~Time Left: 1273.446s |  Train Loss: 0.4399 | Train Acc. 78.5057% | Test Loss: 0.4749 | Test Acc. 74.2529%
Train AUC: 0.8215856762442806
Valid AUC: 0.8057847252376128
AdamP on MHIST_transformed: T 2/3 | E 75/200 Ended | E Time: 10.046s | ~Time Left: 1255.765s |  Train Loss: 0.4476 | Train Acc. 76.8966% | Test Loss: 0.5068 | Test Acc. 76.0920%
Train AUC: 0.8023062122898816
Valid AUC: 0.8077628214406329
AdamP on MHIST_transformed: T 2/3 | E 76/200 Ended | E Time: 10.073s | ~Time Left: 1249.046s |  Train Loss: 0.4686 | Train Acc. 76.6667% | Test Loss: 0.5561 | Test Acc. 69.4253%
Train AUC: 0.8165279637230911
Valid AUC: 0.841511072514112
AdamP on MHIST_transformed: T 2/3 | E 77/200 Ended | E Time: 10.117s | ~Time Left: 1244.355s |  Train Loss: 0.4542 | Train Acc. 76.2644% | Test Loss: 0.4599 | Test Acc. 78.6207%
Train AUC: 0.8094219920587047
Valid AUC: 0.8443334780720799
AdamP on MHIST_transformed: T 2/3 | E 78/200 Ended | E Time: 10.119s | ~Time Left: 1234.462s |  Train Loss: 0.4608 | Train Acc. 76.4943% | Test Loss: 0.5777 | Test Acc. 68.0460%
Train AUC: 0.8096394050403848
Valid AUC: 0.822116080474743
AdamP on MHIST_transformed: T 2/3 | E 79/200 Ended | E Time: 10.135s | ~Time Left: 1226.347s |  Train Loss: 0.4609 | Train Acc. 76.6092% | Test Loss: 0.4812 | Test Acc. 77.2414%
Train AUC: 0.8246850372462766
Valid AUC: 0.8725334105273315
AdamP on MHIST_transformed: T 2/3 | E 80/200 Ended | E Time: 10.061s | ~Time Left: 1207.308s |  Train Loss: 0.4471 | Train Acc. 77.7586% | Test Loss: 0.4225 | Test Acc. 82.2989%
Train AUC: 0.8339177328893532
Valid AUC: 0.8453225261735899
AdamP on MHIST_transformed: T 2/3 | E 81/200 Ended | E Time: 10.115s | ~Time Left: 1203.651s |  Train Loss: 0.4402 | Train Acc. 78.9655% | Test Loss: 0.4529 | Test Acc. 79.7701%
Train AUC: 0.8383019555725562
Valid AUC: 0.8482896704781202
AdamP on MHIST_transformed: T 2/3 | E 82/200 Ended | E Time: 10.055s | ~Time Left: 1186.517s |  Train Loss: 0.4305 | Train Acc. 77.9885% | Test Loss: 0.5035 | Test Acc. 72.4138%
Traceback (most recent call last):
  File "src/adas/train.py", line 871, in <module>
    main(args)
  File "src/adas/train.py", line 834, in main
    main_worker(args.gpu, ngpus_per_node, args)
  File "src/adas/train.py", line 863, in main_worker
    training_agent.train()
  File "src/adas/train.py", line 411, in train
    self.run_epochs(trial, epochs)
  File "src/adas/train.py", line 443, in run_epochs
    df.to_excel(self.output_filename)
  File "/project/6060173/zhan8425/HistoKT/ENV/lib/python3.8/site-packages/pandas/core/generic.py", line 2189, in to_excel
    formatter.write(
  File "/project/6060173/zhan8425/HistoKT/ENV/lib/python3.8/site-packages/pandas/io/formats/excel.py", line 831, in write
    writer.close()
  File "/project/6060173/zhan8425/HistoKT/ENV/lib/python3.8/site-packages/pandas/io/excel/_base.py", line 898, in close
    content = self.save()
  File "/project/6060173/zhan8425/HistoKT/ENV/lib/python3.8/site-packages/pandas/io/excel/_openpyxl.py", line 54, in save
    self.book.save(self.handles.handle)
  File "/project/6060173/zhan8425/HistoKT/ENV/lib/python3.8/site-packages/openpyxl/workbook/workbook.py", line 407, in save
    save_workbook(self, filename)
  File "/project/6060173/zhan8425/HistoKT/ENV/lib/python3.8/site-packages/openpyxl/writer/excel.py", line 293, in save_workbook
    writer.save()
  File "/project/6060173/zhan8425/HistoKT/ENV/lib/python3.8/site-packages/openpyxl/writer/excel.py", line 275, in save
    self.write_data()
  File "/project/6060173/zhan8425/HistoKT/ENV/lib/python3.8/site-packages/openpyxl/writer/excel.py", line 67, in write_data
    archive.writestr(ARC_APP, tostring(props.to_tree()))
  File "/cvmfs/soft.computecanada.ca/easybuild/software/2020/avx2/Core/python/3.8.2/lib/python3.8/zipfile.py", line 1817, in writestr
    dest.write(data)
  File "/cvmfs/soft.computecanada.ca/easybuild/software/2020/avx2/Core/python/3.8.2/lib/python3.8/zipfile.py", line 1180, in close
    self._fileobj.seek(self._zinfo.header_offset)
OSError: [Errno 122] Disk quota exceeded
Exception ignored in: <function ZipFile.__del__ at 0x2ab7487193a0>
Traceback (most recent call last):
  File "/cvmfs/soft.computecanada.ca/easybuild/software/2020/avx2/Core/python/3.8.2/lib/python3.8/zipfile.py", line 1821, in __del__
    self.close()
  File "/cvmfs/soft.computecanada.ca/easybuild/software/2020/avx2/Core/python/3.8.2/lib/python3.8/zipfile.py", line 1838, in close
    self.fp.seek(self.start_dir)
OSError: [Errno 122] Disk quota exceeded
Adas: Argument Parser Options
---------------------------------------------
    config              : PostTrainingConfigs/MHIST_transformed_testing/AdamP/lr-0.001-config-AdamP.yaml
    data                : /localscratch/zhan8425.6958626.0        
    output              : ADP_post_trained/MHIST_transformed/AdamP/output/deep_tuning
    checkpoint          : ADP_post_trained/MHIST_transformed/AdamP/checkpoint/deep_tuning/lr-0.001
    resume              : None                                    
    pretrained_model    : /home/zhan8425/projects/def-plato/zhan8425/HistoKT/.Adas-checkpoint/ADP/best_trial_2.pth.tar
    freeze_encoder      : 0                                       
    root                : .                                       
    save_freq           : 25                                      
    cpu                 : 0                                       
    gpu                 : 0                                       
    mpd                 : 0                                       
    dist_url            : tcp://127.0.0.1:23456                   
    dist_backend        : nccl                                    
    world_size          : -1                                      
    rank                : -1                                      
---------------------------------------------
Adas: Notice: early stop will not be used as it was set to -1.0, training till completion
Adas: Experiment Configuration
---------------------------------------------
    dataset              MHIST_transformed   
    network              ResNet18            
    optimizer            AdamP               
    scheduler            None                
    level                L3Only              
    color_kwargs         {'augmentation': 'Color-Distortion', 'distortion': 0.3}
    degree_of_rotation   45                  
    vertical_flipping    0.5                 
    horizontal_flipping  0.5                 
    horizontal_shift     0.1                 
    vertical_shift       0.1                 
    gaussian_blur        0                   
    kernel_size          9                   
    variance             0.1                 
    cutout               0                   
    n_holes              1                   
    cutout_length        16                  
    init_lr              0.001               
    early_stop_threshold -1.0                
    optimizer_kwargs     {'weight_decay': 0.0005}
    scheduler_kwargs     {'gamma': 0.5, 'step_size': 20.0}
    p                    1                   
    start_trial          0                   
    n_trials             3                   
    num_workers          4                   
    max_epochs           200                 
    mini_batch_size      32                  
    loss                 cross_entropy       
    early_stop_patience  10                  
---------------------------------------------
Adas: Pytorch device is set to cuda
Train AUC: 0.5392201576162383
Valid AUC: 0.5642157572248758
AdamP on MHIST_transformed: T 1/3 | E 1/200 Ended | E Time: 10.410s | ~Time Left: 2071.564s |  Train Loss: 0.6403 | Train Acc. 69.1379% | Test Loss: 0.6247 | Test Acc. 67.5862%
Traceback (most recent call last):
  File "/project/6060173/zhan8425/HistoKT/ENV/lib/python3.8/site-packages/torch/serialization.py", line 372, in save
    _save(obj, opened_zipfile, pickle_module, pickle_protocol)
  File "/project/6060173/zhan8425/HistoKT/ENV/lib/python3.8/site-packages/torch/serialization.py", line 491, in _save
    zip_file.write_record(name, storage.data_ptr(), num_bytes)
OSError: [Errno 122] Disk quota exceeded

During handling of the above exception, another exception occurred:

Traceback (most recent call last):
  File "/project/6060173/zhan8425/HistoKT/ENV/lib/python3.8/site-packages/torch/serialization.py", line 373, in save
    return
  File "/project/6060173/zhan8425/HistoKT/ENV/lib/python3.8/site-packages/torch/serialization.py", line 259, in __exit__
    self.file_like.write_end_of_file()
RuntimeError: [enforce fail at inline_container.cc:274] . unexpected pos 6724416 vs 6724304

During handling of the above exception, another exception occurred:

Traceback (most recent call last):
  File "src/adas/train.py", line 871, in <module>
    main(args)
  File "src/adas/train.py", line 834, in main
    main_worker(args.gpu, ngpus_per_node, args)
  File "src/adas/train.py", line 863, in main_worker
    training_agent.train()
  File "src/adas/train.py", line 411, in train
    self.run_epochs(trial, epochs)
  File "src/adas/train.py", line 462, in run_epochs
    torch.save(data, str(self.checkpoint_path / filename))
  File "/project/6060173/zhan8425/HistoKT/ENV/lib/python3.8/site-packages/torch/serialization.py", line 374, in save
    _legacy_save(obj, opened_file, pickle_module, pickle_protocol)
  File "/project/6060173/zhan8425/HistoKT/ENV/lib/python3.8/site-packages/torch/serialization.py", line 214, in __exit__
    self.file_like.close()
OSError: [Errno 122] Disk quota exceeded
terminate called after throwing an instance of 'c10::Error'
  what():  [enforce fail at inline_container.cc:274] . unexpected pos 6724416 vs 6724304
frame #0: c10::ThrowEnforceNotMet(char const*, int, char const*, std::string const&, void const*) + 0x47 (0x2b66de6070e7 in /project/6060173/zhan8425/HistoKT/ENV/lib/python3.8/site-packages/torch/lib/libc10.so)
frame #1: <unknown function> + 0x206a420 (0x2b668e79b420 in /project/6060173/zhan8425/HistoKT/ENV/lib/python3.8/site-packages/torch/lib/libtorch_cpu.so)
frame #2: <unknown function> + 0x20665f3 (0x2b668e7975f3 in /project/6060173/zhan8425/HistoKT/ENV/lib/python3.8/site-packages/torch/lib/libtorch_cpu.so)
frame #3: caffe2::serialize::PyTorchStreamWriter::writeRecord(std::string const&, void const*, unsigned long, bool) + 0xa9 (0x2b668e79bd99 in /project/6060173/zhan8425/HistoKT/ENV/lib/python3.8/site-packages/torch/lib/libtorch_cpu.so)
frame #4: caffe2::serialize::PyTorchStreamWriter::writeEndOfFile() + 0xe1 (0x2b668e79c8d1 in /project/6060173/zhan8425/HistoKT/ENV/lib/python3.8/site-packages/torch/lib/libtorch_cpu.so)
frame #5: caffe2::serialize::PyTorchStreamWriter::~PyTorchStreamWriter() + 0x115 (0x2b668e79d0c5 in /project/6060173/zhan8425/HistoKT/ENV/lib/python3.8/site-packages/torch/lib/libtorch_cpu.so)
frame #6: <unknown function> + 0x737903 (0x2b668b668903 in /project/6060173/zhan8425/HistoKT/ENV/lib/python3.8/site-packages/torch/lib/libtorch_python.so)
frame #7: <unknown function> + 0x369b90 (0x2b668b29ab90 in /project/6060173/zhan8425/HistoKT/ENV/lib/python3.8/site-packages/torch/lib/libtorch_python.so)
frame #8: <unknown function> + 0x36adfe (0x2b668b29bdfe in /project/6060173/zhan8425/HistoKT/ENV/lib/python3.8/site-packages/torch/lib/libtorch_python.so)
<omitting python frames>
frame #22: __libc_start_main + 0xeb (0x2b6688b80e1b in /cvmfs/soft.computecanada.ca/gentoo/2020/lib64/libc.so.6)

/var/spool/slurmd/job6958626/slurm_script: line 31: 221522 Aborted                 (core dumped) python src/adas/train.py --config PostTrainingConfigs/MHIST_transformed_testing/AdamP/lr-0.001-config-AdamP.yaml --output ADP_post_trained/MHIST_transformed/AdamP/output/deep_tuning --checkpoint ADP_post_trained/MHIST_transformed/AdamP/checkpoint/deep_tuning/lr-0.001 --data $SLURM_TMPDIR --pretrained_model /home/zhan8425/projects/def-plato/zhan8425/HistoKT/.Adas-checkpoint/ADP/best_trial_2.pth.tar --freeze_encoder False
