transferring data
Tue Jul  6 23:56:45 PDT 2021

Finished transferring
Tue Jul  6 23:56:48 PDT 2021

Adas: Argument Parser Options
---------------------------------------------
    config              : PostTrainingConfigs/OSDataset_transformed_testing/AdamP/lr-0.0001-config-AdamP.yaml
    data                : /localscratch/zhan8425.7068155.0        
    output              : ImageNet_post_trained/OSDataset_transformed/AdamP/output/fine_tuning
    checkpoint          : ImageNet_post_trained/OSDataset_transformed/AdamP/checkpoint/fine_tuning/lr-0.0001
    resume              : None                                    
    pretrained_model    : ImageNet                                
    freeze_encoder      : 1                                       
    root                : .                                       
    save_freq           : 200                                     
    cpu                 : 0                                       
    gpu                 : 0                                       
    mpd                 : 0                                       
    dist_url            : tcp://127.0.0.1:23456                   
    dist_backend        : nccl                                    
    world_size          : -1                                      
    rank                : -1                                      
---------------------------------------------
Adas: Notice: early stop will not be used as it was set to -1.0, training till completion
Adas: Experiment Configuration
---------------------------------------------
    dataset              OSDataset_transformed
    network              ResNet18            
    optimizer            AdamP               
    scheduler            None                
    level                L3Only              
    color_kwargs         {'augmentation': 'Color-Distortion', 'distortion': 0.3}
    degree_of_rotation   45                  
    vertical_flipping    0.5                 
    horizontal_flipping  0.5                 
    horizontal_shift     0.1                 
    vertical_shift       0.1                 
    gaussian_blur        0                   
    kernel_size          9                   
    variance             0.1                 
    cutout               0                   
    n_holes              1                   
    cutout_length        16                  
    init_lr              0.0001              
    early_stop_threshold -1.0                
    optimizer_kwargs     {'weight_decay': 0.0005}
    scheduler_kwargs     {'gamma': 0.5, 'step_size': 20.0}
    p                    1                   
    start_trial          0                   
    n_trials             3                   
    num_workers          4                   
    max_epochs           200                 
    mini_batch_size      32                  
    loss                 cross_entropy       
    early_stop_patience  10                  
---------------------------------------------
Adas: Pytorch device is set to cuda
AdamP on OSDataset_transformed: T 1/3 | E 1/200 Ended | E Time: 55.852s | ~Time Left: 11114.639s |  Train Loss: 0.7775 | Train Acc. 71.0365% | Test Loss: 0.7038 | Test Acc. 73.0188%
AdamP on OSDataset_transformed: T 1/3 | E 2/200 Ended | E Time: 54.996s | ~Time Left: 10889.134s |  Train Loss: 0.6715 | Train Acc. 75.3988% | Test Loss: 0.6686 | Test Acc. 75.6201%
AdamP on OSDataset_transformed: T 1/3 | E 3/200 Ended | E Time: 54.445s | ~Time Left: 10725.649s |  Train Loss: 0.6210 | Train Acc. 77.4628% | Test Loss: 0.5980 | Test Acc. 78.3424%
AdamP on OSDataset_transformed: T 1/3 | E 4/200 Ended | E Time: 54.755s | ~Time Left: 10731.946s |  Train Loss: 0.5848 | Train Acc. 78.7707% | Test Loss: 0.5989 | Test Acc. 77.1325%
AdamP on OSDataset_transformed: T 1/3 | E 5/200 Ended | E Time: 54.659s | ~Time Left: 10658.490s |  Train Loss: 0.5612 | Train Acc. 79.7913% | Test Loss: 0.7125 | Test Acc. 75.1361%
AdamP on OSDataset_transformed: T 1/3 | E 6/200 Ended | E Time: 54.768s | ~Time Left: 10624.926s |  Train Loss: 0.5358 | Train Acc. 80.5096% | Test Loss: 0.5350 | Test Acc. 81.1857%
AdamP on OSDataset_transformed: T 1/3 | E 7/200 Ended | E Time: 54.971s | ~Time Left: 10609.329s |  Train Loss: 0.5193 | Train Acc. 81.0841% | Test Loss: 0.5212 | Test Acc. 81.0042%
AdamP on OSDataset_transformed: T 1/3 | E 8/200 Ended | E Time: 54.580s | ~Time Left: 10479.379s |  Train Loss: 0.4986 | Train Acc. 82.2484% | Test Loss: 0.4780 | Test Acc. 82.2142%
AdamP on OSDataset_transformed: T 1/3 | E 9/200 Ended | E Time: 54.840s | ~Time Left: 10474.494s |  Train Loss: 0.4898 | Train Acc. 82.4752% | Test Loss: 0.4842 | Test Acc. 82.5166%
AdamP on OSDataset_transformed: T 1/3 | E 10/200 Ended | E Time: 54.812s | ~Time Left: 10414.284s |  Train Loss: 0.4855 | Train Acc. 82.4450% | Test Loss: 0.4524 | Test Acc. 83.7870%
AdamP on OSDataset_transformed: T 1/3 | E 11/200 Ended | E Time: 55.039s | ~Time Left: 10402.456s |  Train Loss: 0.4633 | Train Acc. 83.4052% | Test Loss: 0.5412 | Test Acc. 81.0647%
AdamP on OSDataset_transformed: T 1/3 | E 12/200 Ended | E Time: 55.006s | ~Time Left: 10341.059s |  Train Loss: 0.4641 | Train Acc. 83.4959% | Test Loss: 0.4642 | Test Acc. 82.3351%
AdamP on OSDataset_transformed: T 1/3 | E 13/200 Ended | E Time: 54.807s | ~Time Left: 10248.925s |  Train Loss: 0.4511 | Train Acc. 83.9495% | Test Loss: 0.5557 | Test Acc. 78.9474%
AdamP on OSDataset_transformed: T 1/3 | E 14/200 Ended | E Time: 54.995s | ~Time Left: 10229.038s |  Train Loss: 0.4446 | Train Acc. 84.0100% | Test Loss: 0.4755 | Test Acc. 82.9401%
AdamP on OSDataset_transformed: T 1/3 | E 15/200 Ended | E Time: 54.826s | ~Time Left: 10142.812s |  Train Loss: 0.4444 | Train Acc. 84.1234% | Test Loss: 0.4676 | Test Acc. 82.6981%
AdamP on OSDataset_transformed: T 1/3 | E 16/200 Ended | E Time: 54.878s | ~Time Left: 10097.510s |  Train Loss: 0.4394 | Train Acc. 84.1612% | Test Loss: 0.4312 | Test Acc. 84.6340%
AdamP on OSDataset_transformed: T 1/3 | E 17/200 Ended | E Time: 54.653s | ~Time Left: 10001.546s |  Train Loss: 0.4317 | Train Acc. 84.2822% | Test Loss: 0.4237 | Test Acc. 85.1180%
AdamP on OSDataset_transformed: T 1/3 | E 18/200 Ended | E Time: 54.947s | ~Time Left: 10000.386s |  Train Loss: 0.4180 | Train Acc. 85.2272% | Test Loss: 0.4727 | Test Acc. 82.8796%
AdamP on OSDataset_transformed: T 1/3 | E 19/200 Ended | E Time: 54.973s | ~Time Left: 9950.129s |  Train Loss: 0.4255 | Train Acc. 84.8114% | Test Loss: 0.4333 | Test Acc. 84.3920%
AdamP on OSDataset_transformed: T 1/3 | E 20/200 Ended | E Time: 54.603s | ~Time Left: 9828.460s |  Train Loss: 0.4182 | Train Acc. 84.8265% | Test Loss: 0.4442 | Test Acc. 83.4241%
AdamP on OSDataset_transformed: T 1/3 | E 21/200 Ended | E Time: 54.827s | ~Time Left: 9814.049s |  Train Loss: 0.4068 | Train Acc. 85.2574% | Test Loss: 0.4548 | Test Acc. 83.1216%
AdamP on OSDataset_transformed: T 1/3 | E 22/200 Ended | E Time: 54.924s | ~Time Left: 9776.520s |  Train Loss: 0.4015 | Train Acc. 85.3860% | Test Loss: 0.4256 | Test Acc. 84.5130%
AdamP on OSDataset_transformed: T 1/3 | E 23/200 Ended | E Time: 54.888s | ~Time Left: 9715.109s |  Train Loss: 0.3996 | Train Acc. 85.5598% | Test Loss: 0.3959 | Test Acc. 85.9044%
AdamP on OSDataset_transformed: T 1/3 | E 24/200 Ended | E Time: 54.818s | ~Time Left: 9647.968s |  Train Loss: 0.3983 | Train Acc. 85.5598% | Test Loss: 0.4284 | Test Acc. 85.4204%
AdamP on OSDataset_transformed: T 1/3 | E 25/200 Ended | E Time: 55.057s | ~Time Left: 9634.957s |  Train Loss: 0.3927 | Train Acc. 85.8623% | Test Loss: 0.4366 | Test Acc. 84.8155%
AdamP on OSDataset_transformed: T 1/3 | E 26/200 Ended | E Time: 54.917s | ~Time Left: 9555.577s |  Train Loss: 0.3884 | Train Acc. 85.8396% | Test Loss: 0.4620 | Test Acc. 84.5130%
AdamP on OSDataset_transformed: T 1/3 | E 27/200 Ended | E Time: 54.912s | ~Time Left: 9499.785s |  Train Loss: 0.3847 | Train Acc. 86.1344% | Test Loss: 0.4312 | Test Acc. 84.0895%
AdamP on OSDataset_transformed: T 1/3 | E 28/200 Ended | E Time: 54.900s | ~Time Left: 9442.858s |  Train Loss: 0.3874 | Train Acc. 85.9605% | Test Loss: 0.4120 | Test Acc. 84.0290%
AdamP on OSDataset_transformed: T 1/3 | E 29/200 Ended | E Time: 55.021s | ~Time Left: 9408.560s |  Train Loss: 0.3814 | Train Acc. 86.2100% | Test Loss: 0.4319 | Test Acc. 83.4846%
AdamP on OSDataset_transformed: T 1/3 | E 30/200 Ended | E Time: 54.884s | ~Time Left: 9330.365s |  Train Loss: 0.3783 | Train Acc. 86.3461% | Test Loss: 0.3978 | Test Acc. 85.7229%
AdamP on OSDataset_transformed: T 1/3 | E 31/200 Ended | E Time: 55.066s | ~Time Left: 9306.174s |  Train Loss: 0.3730 | Train Acc. 86.3159% | Test Loss: 0.3923 | Test Acc. 85.7229%
AdamP on OSDataset_transformed: T 1/3 | E 32/200 Ended | E Time: 54.964s | ~Time Left: 9234.031s |  Train Loss: 0.3698 | Train Acc. 86.3839% | Test Loss: 0.4070 | Test Acc. 85.8439%
AdamP on OSDataset_transformed: T 1/3 | E 33/200 Ended | E Time: 54.983s | ~Time Left: 9182.168s |  Train Loss: 0.3599 | Train Acc. 86.8526% | Test Loss: 0.4498 | Test Acc. 84.6945%
AdamP on OSDataset_transformed: T 1/3 | E 34/200 Ended | E Time: 54.921s | ~Time Left: 9116.847s |  Train Loss: 0.3609 | Train Acc. 86.9358% | Test Loss: 0.3923 | Test Acc. 86.1464%
AdamP on OSDataset_transformed: T 1/3 | E 35/200 Ended | E Time: 55.308s | ~Time Left: 9125.822s |  Train Loss: 0.3536 | Train Acc. 87.3970% | Test Loss: 0.3855 | Test Acc. 86.8119%
AdamP on OSDataset_transformed: T 1/3 | E 36/200 Ended | E Time: 55.128s | ~Time Left: 9040.999s |  Train Loss: 0.3533 | Train Acc. 86.9812% | Test Loss: 0.4081 | Test Acc. 86.2069%
AdamP on OSDataset_transformed: T 1/3 | E 37/200 Ended | E Time: 54.964s | ~Time Left: 8959.208s |  Train Loss: 0.3509 | Train Acc. 87.4650% | Test Loss: 0.3811 | Test Acc. 86.4489%
AdamP on OSDataset_transformed: T 1/3 | E 38/200 Ended | E Time: 54.991s | ~Time Left: 8908.576s |  Train Loss: 0.3484 | Train Acc. 87.0341% | Test Loss: 0.3809 | Test Acc. 86.4489%
AdamP on OSDataset_transformed: T 1/3 | E 39/200 Ended | E Time: 55.071s | ~Time Left: 8866.452s |  Train Loss: 0.3518 | Train Acc. 87.1702% | Test Loss: 0.3886 | Test Acc. 85.9649%
AdamP on OSDataset_transformed: T 1/3 | E 40/200 Ended | E Time: 55.093s | ~Time Left: 8814.927s |  Train Loss: 0.3431 | Train Acc. 87.5180% | Test Loss: 0.3873 | Test Acc. 86.4489%
AdamP on OSDataset_transformed: T 1/3 | E 41/200 Ended | E Time: 55.038s | ~Time Left: 8751.080s |  Train Loss: 0.3428 | Train Acc. 87.4499% | Test Loss: 0.3627 | Test Acc. 87.4168%
AdamP on OSDataset_transformed: T 1/3 | E 42/200 Ended | E Time: 55.729s | ~Time Left: 8805.247s |  Train Loss: 0.3374 | Train Acc. 87.3063% | Test Loss: 0.3799 | Test Acc. 86.6304%
AdamP on OSDataset_transformed: T 1/3 | E 43/200 Ended | E Time: 54.854s | ~Time Left: 8612.021s |  Train Loss: 0.3377 | Train Acc. 87.3894% | Test Loss: 0.3884 | Test Acc. 85.6019%
AdamP on OSDataset_transformed: T 1/3 | E 44/200 Ended | E Time: 54.915s | ~Time Left: 8566.727s |  Train Loss: 0.3361 | Train Acc. 87.6238% | Test Loss: 0.3809 | Test Acc. 86.9328%
AdamP on OSDataset_transformed: T 1/3 | E 45/200 Ended | E Time: 55.042s | ~Time Left: 8531.500s |  Train Loss: 0.3279 | Train Acc. 88.1303% | Test Loss: 0.4008 | Test Acc. 86.4489%
AdamP on OSDataset_transformed: T 1/3 | E 46/200 Ended | E Time: 55.838s | ~Time Left: 8599.055s |  Train Loss: 0.3341 | Train Acc. 88.0547% | Test Loss: 0.3839 | Test Acc. 86.2674%
AdamP on OSDataset_transformed: T 1/3 | E 47/200 Ended | E Time: 55.157s | ~Time Left: 8438.983s |  Train Loss: 0.3216 | Train Acc. 88.3571% | Test Loss: 0.3676 | Test Acc. 87.6588%
AdamP on OSDataset_transformed: T 1/3 | E 48/200 Ended | E Time: 54.908s | ~Time Left: 8346.049s |  Train Loss: 0.3274 | Train Acc. 87.9867% | Test Loss: 0.3601 | Test Acc. 87.5378%
AdamP on OSDataset_transformed: T 1/3 | E 49/200 Ended | E Time: 54.943s | ~Time Left: 8296.438s |  Train Loss: 0.3232 | Train Acc. 87.9338% | Test Loss: 0.3632 | Test Acc. 86.7514%
AdamP on OSDataset_transformed: T 1/3 | E 50/200 Ended | E Time: 54.977s | ~Time Left: 8246.620s |  Train Loss: 0.3191 | Train Acc. 88.1681% | Test Loss: 0.3867 | Test Acc. 86.1464%
AdamP on OSDataset_transformed: T 1/3 | E 51/200 Ended | E Time: 55.062s | ~Time Left: 8204.261s |  Train Loss: 0.3178 | Train Acc. 88.1303% | Test Loss: 0.3446 | Test Acc. 88.3848%
AdamP on OSDataset_transformed: T 1/3 | E 52/200 Ended | E Time: 55.399s | ~Time Left: 8198.988s |  Train Loss: 0.3129 | Train Acc. 88.7730% | Test Loss: 0.3492 | Test Acc. 87.3563%
AdamP on OSDataset_transformed: T 1/3 | E 53/200 Ended | E Time: 54.800s | ~Time Left: 8055.570s |  Train Loss: 0.3102 | Train Acc. 88.5688% | Test Loss: 0.3683 | Test Acc. 86.5094%
AdamP on OSDataset_transformed: T 1/3 | E 54/200 Ended | E Time: 54.974s | ~Time Left: 8026.267s |  Train Loss: 0.3143 | Train Acc. 88.4176% | Test Loss: 0.3803 | Test Acc. 86.3279%
AdamP on OSDataset_transformed: T 1/3 | E 55/200 Ended | E Time: 55.157s | ~Time Left: 7997.700s |  Train Loss: 0.3092 | Train Acc. 88.7427% | Test Loss: 0.3802 | Test Acc. 86.2069%
AdamP on OSDataset_transformed: T 1/3 | E 56/200 Ended | E Time: 55.392s | ~Time Left: 7976.411s |  Train Loss: 0.3091 | Train Acc. 88.7654% | Test Loss: 0.3547 | Test Acc. 87.4773%
AdamP on OSDataset_transformed: T 1/3 | E 57/200 Ended | E Time: 55.184s | ~Time Left: 7891.281s |  Train Loss: 0.3112 | Train Acc. 88.5084% | Test Loss: 0.3560 | Test Acc. 87.5983%
AdamP on OSDataset_transformed: T 1/3 | E 58/200 Ended | E Time: 54.866s | ~Time Left: 7790.973s |  Train Loss: 0.3081 | Train Acc. 88.7805% | Test Loss: 0.3967 | Test Acc. 86.1464%
AdamP on OSDataset_transformed: T 1/3 | E 59/200 Ended | E Time: 54.999s | ~Time Left: 7754.804s |  Train Loss: 0.3067 | Train Acc. 88.7654% | Test Loss: 0.3514 | Test Acc. 87.7193%
AdamP on OSDataset_transformed: T 1/3 | E 60/200 Ended | E Time: 54.969s | ~Time Left: 7695.615s |  Train Loss: 0.3016 | Train Acc. 88.9469% | Test Loss: 0.3348 | Test Acc. 87.6588%
AdamP on OSDataset_transformed: T 1/3 | E 61/200 Ended | E Time: 55.038s | ~Time Left: 7650.315s |  Train Loss: 0.3098 | Train Acc. 88.3798% | Test Loss: 0.3388 | Test Acc. 87.5378%
AdamP on OSDataset_transformed: T 1/3 | E 62/200 Ended | E Time: 55.108s | ~Time Left: 7604.921s |  Train Loss: 0.3011 | Train Acc. 88.9544% | Test Loss: 0.3597 | Test Acc. 86.7514%
AdamP on OSDataset_transformed: T 1/3 | E 63/200 Ended | E Time: 55.151s | ~Time Left: 7555.679s |  Train Loss: 0.3015 | Train Acc. 88.7352% | Test Loss: 0.3537 | Test Acc. 87.3563%
AdamP on OSDataset_transformed: T 1/3 | E 64/200 Ended | E Time: 54.790s | ~Time Left: 7451.459s |  Train Loss: 0.2892 | Train Acc. 89.2341% | Test Loss: 0.4119 | Test Acc. 84.9365%
AdamP on OSDataset_transformed: T 1/3 | E 65/200 Ended | E Time: 54.782s | ~Time Left: 7395.556s |  Train Loss: 0.2948 | Train Acc. 89.0073% | Test Loss: 0.3385 | Test Acc. 88.8082%
AdamP on OSDataset_transformed: T 1/3 | E 66/200 Ended | E Time: 55.107s | ~Time Left: 7384.334s |  Train Loss: 0.2942 | Train Acc. 89.1963% | Test Loss: 0.3656 | Test Acc. 87.1143%
AdamP on OSDataset_transformed: T 1/3 | E 67/200 Ended | E Time: 54.891s | ~Time Left: 7300.515s |  Train Loss: 0.2950 | Train Acc. 89.1132% | Test Loss: 0.3613 | Test Acc. 86.9933%
AdamP on OSDataset_transformed: T 1/3 | E 68/200 Ended | E Time: 55.076s | ~Time Left: 7270.095s |  Train Loss: 0.2887 | Train Acc. 89.4383% | Test Loss: 0.3519 | Test Acc. 87.2958%
AdamP on OSDataset_transformed: T 1/3 | E 69/200 Ended | E Time: 55.113s | ~Time Left: 7219.822s |  Train Loss: 0.2891 | Train Acc. 89.2871% | Test Loss: 0.3460 | Test Acc. 87.2958%
AdamP on OSDataset_transformed: T 1/3 | E 70/200 Ended | E Time: 54.942s | ~Time Left: 7142.499s |  Train Loss: 0.2868 | Train Acc. 89.2190% | Test Loss: 0.3387 | Test Acc. 88.5057%
AdamP on OSDataset_transformed: T 1/3 | E 71/200 Ended | E Time: 55.212s | ~Time Left: 7122.355s |  Train Loss: 0.2823 | Train Acc. 89.3173% | Test Loss: 0.3438 | Test Acc. 87.2958%
AdamP on OSDataset_transformed: T 1/3 | E 72/200 Ended | E Time: 55.364s | ~Time Left: 7086.531s |  Train Loss: 0.2808 | Train Acc. 89.5895% | Test Loss: 0.4442 | Test Acc. 84.7550%
AdamP on OSDataset_transformed: T 1/3 | E 73/200 Ended | E Time: 55.403s | ~Time Left: 7036.134s |  Train Loss: 0.2824 | Train Acc. 89.5668% | Test Loss: 0.3467 | Test Acc. 87.4773%
AdamP on OSDataset_transformed: T 1/3 | E 74/200 Ended | E Time: 55.038s | ~Time Left: 6934.828s |  Train Loss: 0.2739 | Train Acc. 89.7936% | Test Loss: 0.3806 | Test Acc. 86.2069%
AdamP on OSDataset_transformed: T 1/3 | E 75/200 Ended | E Time: 55.021s | ~Time Left: 6877.617s |  Train Loss: 0.2809 | Train Acc. 89.3400% | Test Loss: 0.3243 | Test Acc. 88.5057%
AdamP on OSDataset_transformed: T 1/3 | E 76/200 Ended | E Time: 55.090s | ~Time Left: 6831.110s |  Train Loss: 0.2765 | Train Acc. 89.7860% | Test Loss: 0.3522 | Test Acc. 86.4489%
AdamP on OSDataset_transformed: T 1/3 | E 77/200 Ended | E Time: 54.912s | ~Time Left: 6754.124s |  Train Loss: 0.2807 | Train Acc. 89.5063% | Test Loss: 0.3315 | Test Acc. 88.3243%
AdamP on OSDataset_transformed: T 1/3 | E 78/200 Ended | E Time: 54.984s | ~Time Left: 6708.063s |  Train Loss: 0.2738 | Train Acc. 89.9902% | Test Loss: 0.3371 | Test Acc. 88.2638%
AdamP on OSDataset_transformed: T 1/3 | E 79/200 Ended | E Time: 55.067s | ~Time Left: 6663.133s |  Train Loss: 0.2817 | Train Acc. 89.6651% | Test Loss: 0.3562 | Test Acc. 87.7193%
AdamP on OSDataset_transformed: T 1/3 | E 80/200 Ended | E Time: 55.111s | ~Time Left: 6613.277s |  Train Loss: 0.2732 | Train Acc. 89.9902% | Test Loss: 0.3607 | Test Acc. 86.3884%
AdamP on OSDataset_transformed: T 1/3 | E 81/200 Ended | E Time: 54.975s | ~Time Left: 6541.979s |  Train Loss: 0.2736 | Train Acc. 90.1414% | Test Loss: 0.3487 | Test Acc. 87.9613%
AdamP on OSDataset_transformed: T 1/3 | E 82/200 Ended | E Time: 55.495s | ~Time Left: 6548.461s |  Train Loss: 0.2765 | Train Acc. 89.6651% | Test Loss: 0.3306 | Test Acc. 88.0218%
AdamP on OSDataset_transformed: T 1/3 | E 83/200 Ended | E Time: 54.674s | ~Time Left: 6396.853s |  Train Loss: 0.2617 | Train Acc. 90.1414% | Test Loss: 0.3693 | Test Acc. 87.1748%
AdamP on OSDataset_transformed: T 1/3 | E 84/200 Ended | E Time: 55.444s | ~Time Left: 6431.501s |  Train Loss: 0.2672 | Train Acc. 90.0204% | Test Loss: 0.3529 | Test Acc. 87.2958%
AdamP on OSDataset_transformed: T 1/3 | E 85/200 Ended | E Time: 55.167s | ~Time Left: 6344.204s |  Train Loss: 0.2667 | Train Acc. 90.0960% | Test Loss: 0.3281 | Test Acc. 88.3848%
AdamP on OSDataset_transformed: T 1/3 | E 86/200 Ended | E Time: 55.089s | ~Time Left: 6280.196s |  Train Loss: 0.2596 | Train Acc. 90.2397% | Test Loss: 0.3225 | Test Acc. 88.8687%
AdamP on OSDataset_transformed: T 1/3 | E 87/200 Ended | E Time: 55.000s | ~Time Left: 6215.030s |  Train Loss: 0.2598 | Train Acc. 90.3001% | Test Loss: 0.3396 | Test Acc. 88.2033%
AdamP on OSDataset_transformed: T 1/3 | E 88/200 Ended | E Time: 55.124s | ~Time Left: 6173.912s |  Train Loss: 0.2557 | Train Acc. 90.4438% | Test Loss: 0.3204 | Test Acc. 88.2638%
AdamP on OSDataset_transformed: T 1/3 | E 89/200 Ended | E Time: 55.003s | ~Time Left: 6105.366s |  Train Loss: 0.2539 | Train Acc. 90.4211% | Test Loss: 0.3432 | Test Acc. 87.9613%
AdamP on OSDataset_transformed: T 1/3 | E 90/200 Ended | E Time: 54.849s | ~Time Left: 6033.402s |  Train Loss: 0.2584 | Train Acc. 90.3153% | Test Loss: 0.3075 | Test Acc. 89.4737%
AdamP on OSDataset_transformed: T 1/3 | E 91/200 Ended | E Time: 54.872s | ~Time Left: 5981.002s |  Train Loss: 0.2569 | Train Acc. 90.3001% | Test Loss: 0.3339 | Test Acc. 87.9613%
AdamP on OSDataset_transformed: T 1/3 | E 92/200 Ended | E Time: 54.788s | ~Time Left: 5917.108s |  Train Loss: 0.2566 | Train Acc. 90.4136% | Test Loss: 0.3282 | Test Acc. 88.1428%
AdamP on OSDataset_transformed: T 1/3 | E 93/200 Ended | E Time: 55.609s | ~Time Left: 5950.119s |  Train Loss: 0.2562 | Train Acc. 90.3077% | Test Loss: 0.3281 | Test Acc. 89.2922%
AdamP on OSDataset_transformed: T 1/3 | E 94/200 Ended | E Time: 55.166s | ~Time Left: 5847.547s |  Train Loss: 0.2549 | Train Acc. 90.4136% | Test Loss: 0.3371 | Test Acc. 88.8687%
AdamP on OSDataset_transformed: T 1/3 | E 95/200 Ended | E Time: 55.140s | ~Time Left: 5789.716s |  Train Loss: 0.2489 | Train Acc. 90.5799% | Test Loss: 0.3256 | Test Acc. 89.1107%
AdamP on OSDataset_transformed: T 1/3 | E 96/200 Ended | E Time: 54.871s | ~Time Left: 5706.631s |  Train Loss: 0.2498 | Train Acc. 90.6404% | Test Loss: 0.3251 | Test Acc. 89.2317%
AdamP on OSDataset_transformed: T 1/3 | E 97/200 Ended | E Time: 55.326s | ~Time Left: 5698.620s |  Train Loss: 0.2475 | Train Acc. 90.8520% | Test Loss: 0.3355 | Test Acc. 88.7477%
AdamP on OSDataset_transformed: T 1/3 | E 98/200 Ended | E Time: 54.856s | ~Time Left: 5595.318s |  Train Loss: 0.2442 | Train Acc. 91.0108% | Test Loss: 0.3490 | Test Acc. 88.7477%
AdamP on OSDataset_transformed: T 1/3 | E 99/200 Ended | E Time: 54.880s | ~Time Left: 5542.881s |  Train Loss: 0.2502 | Train Acc. 90.4136% | Test Loss: 0.3133 | Test Acc. 89.4737%
AdamP on OSDataset_transformed: T 1/3 | E 100/200 Ended | E Time: 55.820s | ~Time Left: 5581.977s |  Train Loss: 0.2444 | Train Acc. 91.2225% | Test Loss: 0.3112 | Test Acc. 89.1107%
AdamP on OSDataset_transformed: T 1/3 | E 101/200 Ended | E Time: 54.946s | ~Time Left: 5439.606s |  Train Loss: 0.2485 | Train Acc. 90.5874% | Test Loss: 0.3153 | Test Acc. 89.5947%
AdamP on OSDataset_transformed: T 1/3 | E 102/200 Ended | E Time: 55.014s | ~Time Left: 5391.350s |  Train Loss: 0.2464 | Train Acc. 90.6555% | Test Loss: 0.3242 | Test Acc. 88.2638%
AdamP on OSDataset_transformed: T 1/3 | E 103/200 Ended | E Time: 55.055s | ~Time Left: 5340.331s |  Train Loss: 0.2424 | Train Acc. 90.7764% | Test Loss: 0.3262 | Test Acc. 88.8082%
AdamP on OSDataset_transformed: T 1/3 | E 104/200 Ended | E Time: 55.087s | ~Time Left: 5288.370s |  Train Loss: 0.2430 | Train Acc. 90.7084% | Test Loss: 0.3100 | Test Acc. 89.3527%
AdamP on OSDataset_transformed: T 1/3 | E 105/200 Ended | E Time: 54.857s | ~Time Left: 5211.444s |  Train Loss: 0.2385 | Train Acc. 91.0562% | Test Loss: 0.3365 | Test Acc. 87.4168%
AdamP on OSDataset_transformed: T 1/3 | E 106/200 Ended | E Time: 54.745s | ~Time Left: 5145.992s |  Train Loss: 0.2356 | Train Acc. 91.1998% | Test Loss: 0.3527 | Test Acc. 87.9008%
AdamP on OSDataset_transformed: T 1/3 | E 107/200 Ended | E Time: 55.080s | ~Time Left: 5122.426s |  Train Loss: 0.2423 | Train Acc. 91.0788% | Test Loss: 0.3028 | Test Acc. 90.1391%
AdamP on OSDataset_transformed: T 1/3 | E 108/200 Ended | E Time: 54.895s | ~Time Left: 5050.311s |  Train Loss: 0.2309 | Train Acc. 91.4871% | Test Loss: 0.3214 | Test Acc. 89.8367%
AdamP on OSDataset_transformed: T 1/3 | E 109/200 Ended | E Time: 54.496s | ~Time Left: 4959.114s |  Train Loss: 0.2336 | Train Acc. 91.2301% | Test Loss: 0.3230 | Test Acc. 88.9897%
AdamP on OSDataset_transformed: T 1/3 | E 110/200 Ended | E Time: 54.639s | ~Time Left: 4917.488s |  Train Loss: 0.2351 | Train Acc. 91.0713% | Test Loss: 0.3425 | Test Acc. 88.3848%
AdamP on OSDataset_transformed: T 1/3 | E 111/200 Ended | E Time: 54.806s | ~Time Left: 4877.706s |  Train Loss: 0.2337 | Train Acc. 91.3359% | Test Loss: 0.3059 | Test Acc. 90.1996%
AdamP on OSDataset_transformed: T 1/3 | E 112/200 Ended | E Time: 54.664s | ~Time Left: 4810.405s |  Train Loss: 0.2334 | Train Acc. 91.0411% | Test Loss: 0.3126 | Test Acc. 89.3527%
AdamP on OSDataset_transformed: T 1/3 | E 113/200 Ended | E Time: 54.901s | ~Time Left: 4776.393s |  Train Loss: 0.2273 | Train Acc. 91.4795% | Test Loss: 0.3038 | Test Acc. 89.6552%
AdamP on OSDataset_transformed: T 1/3 | E 114/200 Ended | E Time: 54.840s | ~Time Left: 4716.208s |  Train Loss: 0.2284 | Train Acc. 91.4115% | Test Loss: 0.3073 | Test Acc. 90.0786%
AdamP on OSDataset_transformed: T 1/3 | E 115/200 Ended | E Time: 54.988s | ~Time Left: 4673.953s |  Train Loss: 0.2243 | Train Acc. 91.6686% | Test Loss: 0.3254 | Test Acc. 89.2922%
AdamP on OSDataset_transformed: T 1/3 | E 116/200 Ended | E Time: 55.112s | ~Time Left: 4629.389s |  Train Loss: 0.2262 | Train Acc. 91.6761% | Test Loss: 0.3337 | Test Acc. 88.4453%
AdamP on OSDataset_transformed: T 1/3 | E 117/200 Ended | E Time: 54.888s | ~Time Left: 4555.667s |  Train Loss: 0.2256 | Train Acc. 91.6459% | Test Loss: 0.2993 | Test Acc. 89.3527%
AdamP on OSDataset_transformed: T 1/3 | E 118/200 Ended | E Time: 54.953s | ~Time Left: 4506.185s |  Train Loss: 0.2225 | Train Acc. 91.7064% | Test Loss: 0.3523 | Test Acc. 89.2922%
AdamP on OSDataset_transformed: T 1/3 | E 119/200 Ended | E Time: 54.873s | ~Time Left: 4444.719s |  Train Loss: 0.2173 | Train Acc. 91.7366% | Test Loss: 0.3295 | Test Acc. 88.1428%
AdamP on OSDataset_transformed: T 1/3 | E 120/200 Ended | E Time: 55.136s | ~Time Left: 4410.849s |  Train Loss: 0.2174 | Train Acc. 91.8046% | Test Loss: 0.3458 | Test Acc. 87.1143%
AdamP on OSDataset_transformed: T 1/3 | E 121/200 Ended | E Time: 54.945s | ~Time Left: 4340.647s |  Train Loss: 0.2247 | Train Acc. 91.7290% | Test Loss: 0.3165 | Test Acc. 88.8082%
AdamP on OSDataset_transformed: T 1/3 | E 122/200 Ended | E Time: 54.798s | ~Time Left: 4274.274s |  Train Loss: 0.2137 | Train Acc. 91.8727% | Test Loss: 0.3423 | Test Acc. 86.8119%
AdamP on OSDataset_transformed: T 1/3 | E 123/200 Ended | E Time: 54.997s | ~Time Left: 4234.773s |  Train Loss: 0.2189 | Train Acc. 91.6610% | Test Loss: 0.3050 | Test Acc. 89.2317%
AdamP on OSDataset_transformed: T 1/3 | E 124/200 Ended | E Time: 55.010s | ~Time Left: 4180.792s |  Train Loss: 0.2231 | Train Acc. 91.7064% | Test Loss: 0.3345 | Test Acc. 88.0823%
AdamP on OSDataset_transformed: T 1/3 | E 125/200 Ended | E Time: 54.876s | ~Time Left: 4115.725s |  Train Loss: 0.2177 | Train Acc. 91.9558% | Test Loss: 0.3197 | Test Acc. 89.3527%
AdamP on OSDataset_transformed: T 1/3 | E 126/200 Ended | E Time: 54.903s | ~Time Left: 4062.823s |  Train Loss: 0.2103 | Train Acc. 91.9861% | Test Loss: 0.3087 | Test Acc. 88.3848%
AdamP on OSDataset_transformed: T 1/3 | E 127/200 Ended | E Time: 54.879s | ~Time Left: 4006.180s |  Train Loss: 0.2158 | Train Acc. 91.7366% | Test Loss: 0.3122 | Test Acc. 88.9897%
AdamP on OSDataset_transformed: T 1/3 | E 128/200 Ended | E Time: 54.970s | ~Time Left: 3957.865s |  Train Loss: 0.2121 | Train Acc. 91.7895% | Test Loss: 0.2943 | Test Acc. 89.7762%
AdamP on OSDataset_transformed: T 1/3 | E 129/200 Ended | E Time: 55.067s | ~Time Left: 3909.772s |  Train Loss: 0.2125 | Train Acc. 91.6988% | Test Loss: 0.3866 | Test Acc. 86.2069%
AdamP on OSDataset_transformed: T 1/3 | E 130/200 Ended | E Time: 55.366s | ~Time Left: 3875.642s |  Train Loss: 0.2099 | Train Acc. 92.1524% | Test Loss: 0.3142 | Test Acc. 89.1712%
AdamP on OSDataset_transformed: T 1/3 | E 131/200 Ended | E Time: 54.976s | ~Time Left: 3793.341s |  Train Loss: 0.2119 | Train Acc. 92.0693% | Test Loss: 0.3117 | Test Acc. 89.5947%
AdamP on OSDataset_transformed: T 1/3 | E 132/200 Ended | E Time: 54.929s | ~Time Left: 3735.163s |  Train Loss: 0.2069 | Train Acc. 92.0844% | Test Loss: 0.3145 | Test Acc. 88.6267%
AdamP on OSDataset_transformed: T 1/3 | E 133/200 Ended | E Time: 54.954s | ~Time Left: 3681.894s |  Train Loss: 0.2101 | Train Acc. 92.3717% | Test Loss: 0.3044 | Test Acc. 89.0502%
AdamP on OSDataset_transformed: T 1/3 | E 134/200 Ended | E Time: 54.808s | ~Time Left: 3617.314s |  Train Loss: 0.2080 | Train Acc. 92.0466% | Test Loss: 0.3055 | Test Acc. 89.9576%
AdamP on OSDataset_transformed: T 1/3 | E 135/200 Ended | E Time: 54.996s | ~Time Left: 3574.748s |  Train Loss: 0.2040 | Train Acc. 92.2356% | Test Loss: 0.3355 | Test Acc. 88.7477%
AdamP on OSDataset_transformed: T 1/3 | E 136/200 Ended | E Time: 54.718s | ~Time Left: 3501.974s |  Train Loss: 0.2060 | Train Acc. 92.1600% | Test Loss: 0.3311 | Test Acc. 89.1107%
AdamP on OSDataset_transformed: T 1/3 | E 137/200 Ended | E Time: 54.854s | ~Time Left: 3455.831s |  Train Loss: 0.2062 | Train Acc. 92.0693% | Test Loss: 0.3215 | Test Acc. 89.5947%
AdamP on OSDataset_transformed: T 1/3 | E 138/200 Ended | E Time: 54.867s | ~Time Left: 3401.767s |  Train Loss: 0.2010 | Train Acc. 92.4926% | Test Loss: 0.3193 | Test Acc. 89.7157%
AdamP on OSDataset_transformed: T 1/3 | E 139/200 Ended | E Time: 54.927s | ~Time Left: 3350.555s |  Train Loss: 0.2002 | Train Acc. 92.2961% | Test Loss: 0.3431 | Test Acc. 89.3527%
AdamP on OSDataset_transformed: T 1/3 | E 140/200 Ended | E Time: 55.004s | ~Time Left: 3300.215s |  Train Loss: 0.1972 | Train Acc. 92.2431% | Test Loss: 0.3375 | Test Acc. 88.1428%
AdamP on OSDataset_transformed: T 1/3 | E 141/200 Ended | E Time: 55.110s | ~Time Left: 3251.491s |  Train Loss: 0.1923 | Train Acc. 92.7497% | Test Loss: 0.3258 | Test Acc. 89.7157%
AdamP on OSDataset_transformed: T 1/3 | E 142/200 Ended | E Time: 55.307s | ~Time Left: 3207.787s |  Train Loss: 0.1998 | Train Acc. 92.2507% | Test Loss: 0.3433 | Test Acc. 87.7193%
AdamP on OSDataset_transformed: T 1/3 | E 143/200 Ended | E Time: 55.023s | ~Time Left: 3136.315s |  Train Loss: 0.1932 | Train Acc. 92.7346% | Test Loss: 0.3174 | Test Acc. 88.9897%
AdamP on OSDataset_transformed: T 1/3 | E 144/200 Ended | E Time: 54.889s | ~Time Left: 3073.811s |  Train Loss: 0.1965 | Train Acc. 92.6665% | Test Loss: 0.3004 | Test Acc. 89.2922%
AdamP on OSDataset_transformed: T 1/3 | E 145/200 Ended | E Time: 55.128s | ~Time Left: 3032.032s |  Train Loss: 0.1972 | Train Acc. 92.1978% | Test Loss: 0.3096 | Test Acc. 89.1712%
AdamP on OSDataset_transformed: T 1/3 | E 146/200 Ended | E Time: 54.748s | ~Time Left: 2956.403s |  Train Loss: 0.1961 | Train Acc. 92.8026% | Test Loss: 0.3249 | Test Acc. 88.6267%
AdamP on OSDataset_transformed: T 1/3 | E 147/200 Ended | E Time: 55.131s | ~Time Left: 2921.961s |  Train Loss: 0.1923 | Train Acc. 92.8328% | Test Loss: 0.3406 | Test Acc. 88.4453%
AdamP on OSDataset_transformed: T 1/3 | E 148/200 Ended | E Time: 55.065s | ~Time Left: 2863.379s |  Train Loss: 0.1850 | Train Acc. 92.7119% | Test Loss: 0.3424 | Test Acc. 88.0823%
AdamP on OSDataset_transformed: T 1/3 | E 149/200 Ended | E Time: 55.297s | ~Time Left: 2820.143s |  Train Loss: 0.1939 | Train Acc. 92.6741% | Test Loss: 0.3156 | Test Acc. 89.9576%
AdamP on OSDataset_transformed: T 1/3 | E 150/200 Ended | E Time: 55.120s | ~Time Left: 2756.002s |  Train Loss: 0.1833 | Train Acc. 92.9840% | Test Loss: 0.3393 | Test Acc. 88.6267%
AdamP on OSDataset_transformed: T 1/3 | E 151/200 Ended | E Time: 54.809s | ~Time Left: 2685.664s |  Train Loss: 0.1869 | Train Acc. 93.0370% | Test Loss: 0.3142 | Test Acc. 89.1712%
AdamP on OSDataset_transformed: T 1/3 | E 152/200 Ended | E Time: 55.081s | ~Time Left: 2643.901s |  Train Loss: 0.1839 | Train Acc. 92.9614% | Test Loss: 0.3024 | Test Acc. 90.1996%
AdamP on OSDataset_transformed: T 1/3 | E 153/200 Ended | E Time: 54.792s | ~Time Left: 2575.238s |  Train Loss: 0.1770 | Train Acc. 93.3167% | Test Loss: 0.3127 | Test Acc. 89.2317%
AdamP on OSDataset_transformed: T 1/3 | E 154/200 Ended | E Time: 55.576s | ~Time Left: 2556.519s |  Train Loss: 0.1863 | Train Acc. 92.9992% | Test Loss: 0.3318 | Test Acc. 89.0502%
AdamP on OSDataset_transformed: T 1/3 | E 155/200 Ended | E Time: 54.858s | ~Time Left: 2468.596s |  Train Loss: 0.1821 | Train Acc. 93.0748% | Test Loss: 0.3333 | Test Acc. 88.1428%
AdamP on OSDataset_transformed: T 1/3 | E 156/200 Ended | E Time: 54.669s | ~Time Left: 2405.431s |  Train Loss: 0.1857 | Train Acc. 92.7875% | Test Loss: 0.3590 | Test Acc. 88.3243%
AdamP on OSDataset_transformed: T 1/3 | E 157/200 Ended | E Time: 55.025s | ~Time Left: 2366.091s |  Train Loss: 0.1828 | Train Acc. 92.9009% | Test Loss: 0.3082 | Test Acc. 89.9576%
AdamP on OSDataset_transformed: T 1/3 | E 158/200 Ended | E Time: 55.126s | ~Time Left: 2315.304s |  Train Loss: 0.1755 | Train Acc. 93.2184% | Test Loss: 0.3562 | Test Acc. 87.7798%
AdamP on OSDataset_transformed: T 1/3 | E 159/200 Ended | E Time: 55.267s | ~Time Left: 2265.957s |  Train Loss: 0.1797 | Train Acc. 93.0748% | Test Loss: 0.2986 | Test Acc. 89.5342%
AdamP on OSDataset_transformed: T 1/3 | E 160/200 Ended | E Time: 55.040s | ~Time Left: 2201.605s |  Train Loss: 0.1791 | Train Acc. 93.0521% | Test Loss: 0.3333 | Test Acc. 88.9292%
AdamP on OSDataset_transformed: T 1/3 | E 161/200 Ended | E Time: 55.003s | ~Time Left: 2145.122s |  Train Loss: 0.1753 | Train Acc. 93.2184% | Test Loss: 0.3243 | Test Acc. 89.8972%
AdamP on OSDataset_transformed: T 1/3 | E 162/200 Ended | E Time: 55.209s | ~Time Left: 2097.951s |  Train Loss: 0.1836 | Train Acc. 92.9765% | Test Loss: 0.3316 | Test Acc. 88.6872%
AdamP on OSDataset_transformed: T 1/3 | E 163/200 Ended | E Time: 55.062s | ~Time Left: 2037.292s |  Train Loss: 0.1761 | Train Acc. 93.3696% | Test Loss: 0.3108 | Test Acc. 89.2922%
AdamP on OSDataset_transformed: T 1/3 | E 164/200 Ended | E Time: 54.877s | ~Time Left: 1975.581s |  Train Loss: 0.1758 | Train Acc. 93.1126% | Test Loss: 0.3252 | Test Acc. 88.3848%
AdamP on OSDataset_transformed: T 1/3 | E 165/200 Ended | E Time: 54.933s | ~Time Left: 1922.667s |  Train Loss: 0.1723 | Train Acc. 93.1201% | Test Loss: 0.3199 | Test Acc. 88.3243%
AdamP on OSDataset_transformed: T 1/3 | E 166/200 Ended | E Time: 54.939s | ~Time Left: 1867.927s |  Train Loss: 0.1720 | Train Acc. 93.4981% | Test Loss: 0.3291 | Test Acc. 88.5057%
AdamP on OSDataset_transformed: T 1/3 | E 167/200 Ended | E Time: 54.990s | ~Time Left: 1814.663s |  Train Loss: 0.1698 | Train Acc. 93.4603% | Test Loss: 0.3214 | Test Acc. 89.4737%
AdamP on OSDataset_transformed: T 1/3 | E 168/200 Ended | E Time: 54.855s | ~Time Left: 1755.368s |  Train Loss: 0.1751 | Train Acc. 93.3545% | Test Loss: 0.3375 | Test Acc. 90.0181%
AdamP on OSDataset_transformed: T 1/3 | E 169/200 Ended | E Time: 54.981s | ~Time Left: 1704.422s |  Train Loss: 0.1666 | Train Acc. 93.6494% | Test Loss: 0.3182 | Test Acc. 89.2922%
AdamP on OSDataset_transformed: T 1/3 | E 170/200 Ended | E Time: 55.048s | ~Time Left: 1651.432s |  Train Loss: 0.1699 | Train Acc. 93.4528% | Test Loss: 0.3156 | Test Acc. 89.2317%
AdamP on OSDataset_transformed: T 1/3 | E 171/200 Ended | E Time: 55.158s | ~Time Left: 1599.593s |  Train Loss: 0.1617 | Train Acc. 93.7552% | Test Loss: 0.3309 | Test Acc. 89.5947%
AdamP on OSDataset_transformed: T 1/3 | E 172/200 Ended | E Time: 55.087s | ~Time Left: 1542.437s |  Train Loss: 0.1664 | Train Acc. 93.7703% | Test Loss: 0.2988 | Test Acc. 90.5021%
AdamP on OSDataset_transformed: T 1/3 | E 173/200 Ended | E Time: 54.994s | ~Time Left: 1484.852s |  Train Loss: 0.1703 | Train Acc. 93.7250% | Test Loss: 0.3198 | Test Acc. 89.7157%
AdamP on OSDataset_transformed: T 1/3 | E 174/200 Ended | E Time: 54.970s | ~Time Left: 1429.208s |  Train Loss: 0.1669 | Train Acc. 93.5813% | Test Loss: 0.3232 | Test Acc. 88.6267%
AdamP on OSDataset_transformed: T 1/3 | E 175/200 Ended | E Time: 55.178s | ~Time Left: 1379.462s |  Train Loss: 0.1652 | Train Acc. 93.8308% | Test Loss: 0.3085 | Test Acc. 89.8972%
AdamP on OSDataset_transformed: T 1/3 | E 176/200 Ended | E Time: 54.810s | ~Time Left: 1315.435s |  Train Loss: 0.1652 | Train Acc. 93.6494% | Test Loss: 0.3244 | Test Acc. 89.8367%
AdamP on OSDataset_transformed: T 1/3 | E 177/200 Ended | E Time: 54.997s | ~Time Left: 1264.939s |  Train Loss: 0.1575 | Train Acc. 94.0198% | Test Loss: 0.3264 | Test Acc. 89.2317%
AdamP on OSDataset_transformed: T 1/3 | E 178/200 Ended | E Time: 54.969s | ~Time Left: 1209.328s |  Train Loss: 0.1610 | Train Acc. 93.9669% | Test Loss: 0.3431 | Test Acc. 88.9897%
AdamP on OSDataset_transformed: T 1/3 | E 179/200 Ended | E Time: 54.974s | ~Time Left: 1154.461s |  Train Loss: 0.1565 | Train Acc. 93.9744% | Test Loss: 0.3484 | Test Acc. 89.7762%
AdamP on OSDataset_transformed: T 1/3 | E 180/200 Ended | E Time: 54.847s | ~Time Left: 1096.932s |  Train Loss: 0.1569 | Train Acc. 93.8686% | Test Loss: 0.3161 | Test Acc. 89.8367%
AdamP on OSDataset_transformed: T 1/3 | E 181/200 Ended | E Time: 55.034s | ~Time Left: 1045.640s |  Train Loss: 0.1560 | Train Acc. 93.7250% | Test Loss: 0.3232 | Test Acc. 89.5947%
AdamP on OSDataset_transformed: T 1/3 | E 182/200 Ended | E Time: 54.939s | ~Time Left: 988.904s |  Train Loss: 0.1647 | Train Acc. 93.7401% | Test Loss: 0.3278 | Test Acc. 89.6552%
AdamP on OSDataset_transformed: T 1/3 | E 183/200 Ended | E Time: 55.338s | ~Time Left: 940.740s |  Train Loss: 0.1543 | Train Acc. 93.9593% | Test Loss: 0.3565 | Test Acc. 89.1712%
AdamP on OSDataset_transformed: T 1/3 | E 184/200 Ended | E Time: 54.961s | ~Time Left: 879.374s |  Train Loss: 0.1559 | Train Acc. 93.9820% | Test Loss: 0.3527 | Test Acc. 88.9897%
AdamP on OSDataset_transformed: T 1/3 | E 185/200 Ended | E Time: 55.173s | ~Time Left: 827.598s |  Train Loss: 0.1556 | Train Acc. 93.8535% | Test Loss: 0.3087 | Test Acc. 89.3527%
AdamP on OSDataset_transformed: T 1/3 | E 186/200 Ended | E Time: 55.156s | ~Time Left: 772.180s |  Train Loss: 0.1547 | Train Acc. 93.8006% | Test Loss: 0.3827 | Test Acc. 87.8403%
AdamP on OSDataset_transformed: T 1/3 | E 187/200 Ended | E Time: 55.154s | ~Time Left: 717.008s |  Train Loss: 0.1558 | Train Acc. 93.9518% | Test Loss: 0.3453 | Test Acc. 88.9897%
AdamP on OSDataset_transformed: T 1/3 | E 188/200 Ended | E Time: 55.145s | ~Time Left: 661.745s |  Train Loss: 0.1532 | Train Acc. 94.1256% | Test Loss: 0.3473 | Test Acc. 88.6267%
AdamP on OSDataset_transformed: T 1/3 | E 189/200 Ended | E Time: 55.198s | ~Time Left: 607.183s |  Train Loss: 0.1474 | Train Acc. 94.2769% | Test Loss: 0.3349 | Test Acc. 88.8082%
AdamP on OSDataset_transformed: T 1/3 | E 190/200 Ended | E Time: 54.907s | ~Time Left: 549.071s |  Train Loss: 0.1472 | Train Acc. 94.0954% | Test Loss: 0.3314 | Test Acc. 90.1996%
AdamP on OSDataset_transformed: T 1/3 | E 191/200 Ended | E Time: 55.294s | ~Time Left: 497.642s |  Train Loss: 0.1485 | Train Acc. 94.1256% | Test Loss: 0.3498 | Test Acc. 88.4453%
AdamP on OSDataset_transformed: T 1/3 | E 192/200 Ended | E Time: 54.983s | ~Time Left: 439.860s |  Train Loss: 0.1518 | Train Acc. 94.0954% | Test Loss: 0.3407 | Test Acc. 88.9897%
AdamP on OSDataset_transformed: T 1/3 | E 193/200 Ended | E Time: 55.001s | ~Time Left: 385.010s |  Train Loss: 0.1502 | Train Acc. 94.1710% | Test Loss: 0.3135 | Test Acc. 90.2601%
AdamP on OSDataset_transformed: T 1/3 | E 194/200 Ended | E Time: 54.695s | ~Time Left: 328.172s |  Train Loss: 0.1467 | Train Acc. 94.4734% | Test Loss: 0.3406 | Test Acc. 90.5021%
AdamP on OSDataset_transformed: T 1/3 | E 195/200 Ended | E Time: 54.892s | ~Time Left: 274.459s |  Train Loss: 0.1529 | Train Acc. 94.3827% | Test Loss: 0.3793 | Test Acc. 88.3243%
AdamP on OSDataset_transformed: T 1/3 | E 196/200 Ended | E Time: 54.780s | ~Time Left: 219.119s |  Train Loss: 0.1464 | Train Acc. 94.4432% | Test Loss: 0.3332 | Test Acc. 88.9292%
AdamP on OSDataset_transformed: T 1/3 | E 197/200 Ended | E Time: 54.913s | ~Time Left: 164.739s |  Train Loss: 0.1456 | Train Acc. 94.3903% | Test Loss: 0.3497 | Test Acc. 88.5057%
AdamP on OSDataset_transformed: T 1/3 | E 198/200 Ended | E Time: 54.994s | ~Time Left: 109.988s |  Train Loss: 0.1447 | Train Acc. 94.7154% | Test Loss: 0.3287 | Test Acc. 89.4132%
AdamP on OSDataset_transformed: T 1/3 | E 199/200 Ended | E Time: 54.840s | ~Time Left: 54.840s |  Train Loss: 0.1465 | Train Acc. 94.5112% | Test Loss: 0.3389 | Test Acc. 89.9576%
AdamP on OSDataset_transformed: T 1/3 | E 200/200 Ended | E Time: 54.886s | ~Time Left: 0.000s |  Train Loss: 0.1424 | Train Acc. 94.3751% | Test Loss: 0.3716 | Test Acc. 88.6267%
AdamP on OSDataset_transformed: T 2/3 | E 1/200 Ended | E Time: 55.003s | ~Time Left: 10945.526s |  Train Loss: 0.7689 | Train Acc. 71.4448% | Test Loss: 0.6527 | Test Acc. 74.8941%
AdamP on OSDataset_transformed: T 2/3 | E 2/200 Ended | E Time: 55.339s | ~Time Left: 10957.060s |  Train Loss: 0.6660 | Train Acc. 75.5198% | Test Loss: 0.7954 | Test Acc. 69.8125%
AdamP on OSDataset_transformed: T 2/3 | E 3/200 Ended | E Time: 55.189s | ~Time Left: 10872.289s |  Train Loss: 0.6083 | Train Acc. 77.5232% | Test Loss: 0.5893 | Test Acc. 78.4634%
AdamP on OSDataset_transformed: T 2/3 | E 4/200 Ended | E Time: 55.015s | ~Time Left: 10782.891s |  Train Loss: 0.5778 | Train Acc. 79.0353% | Test Loss: 0.5352 | Test Acc. 81.1857%
AdamP on OSDataset_transformed: T 2/3 | E 5/200 Ended | E Time: 54.830s | ~Time Left: 10691.766s |  Train Loss: 0.5549 | Train Acc. 79.9350% | Test Loss: 0.5865 | Test Acc. 77.7374%
AdamP on OSDataset_transformed: T 2/3 | E 6/200 Ended | E Time: 54.889s | ~Time Left: 10648.509s |  Train Loss: 0.5313 | Train Acc. 81.2656% | Test Loss: 0.6233 | Test Acc. 77.6165%
AdamP on OSDataset_transformed: T 2/3 | E 7/200 Ended | E Time: 54.872s | ~Time Left: 10590.313s |  Train Loss: 0.5095 | Train Acc. 81.6814% | Test Loss: 0.5227 | Test Acc. 81.7302%
AdamP on OSDataset_transformed: T 2/3 | E 8/200 Ended | E Time: 54.856s | ~Time Left: 10532.374s |  Train Loss: 0.5011 | Train Acc. 82.0972% | Test Loss: 0.4901 | Test Acc. 83.3636%
AdamP on OSDataset_transformed: T 2/3 | E 9/200 Ended | E Time: 55.075s | ~Time Left: 10519.316s |  Train Loss: 0.4858 | Train Acc. 82.4148% | Test Loss: 0.5476 | Test Acc. 80.2178%
AdamP on OSDataset_transformed: T 2/3 | E 10/200 Ended | E Time: 55.357s | ~Time Left: 10517.847s |  Train Loss: 0.4776 | Train Acc. 82.8911% | Test Loss: 0.4818 | Test Acc. 82.2142%
AdamP on OSDataset_transformed: T 2/3 | E 11/200 Ended | E Time: 54.956s | ~Time Left: 10386.766s |  Train Loss: 0.4680 | Train Acc. 82.7701% | Test Loss: 0.4709 | Test Acc. 83.4241%
AdamP on OSDataset_transformed: T 2/3 | E 12/200 Ended | E Time: 55.190s | ~Time Left: 10375.800s |  Train Loss: 0.4644 | Train Acc. 83.1330% | Test Loss: 0.4823 | Test Acc. 82.8191%
AdamP on OSDataset_transformed: T 2/3 | E 13/200 Ended | E Time: 55.077s | ~Time Left: 10299.383s |  Train Loss: 0.4520 | Train Acc. 83.6924% | Test Loss: 0.5414 | Test Acc. 80.3388%
AdamP on OSDataset_transformed: T 2/3 | E 14/200 Ended | E Time: 55.214s | ~Time Left: 10269.727s |  Train Loss: 0.4459 | Train Acc. 84.2443% | Test Loss: 0.4361 | Test Acc. 84.3315%
AdamP on OSDataset_transformed: T 2/3 | E 15/200 Ended | E Time: 54.981s | ~Time Left: 10171.425s |  Train Loss: 0.4323 | Train Acc. 84.3729% | Test Loss: 0.4372 | Test Acc. 83.9080%
AdamP on OSDataset_transformed: T 2/3 | E 16/200 Ended | E Time: 54.714s | ~Time Left: 10067.459s |  Train Loss: 0.4342 | Train Acc. 84.2595% | Test Loss: 0.4505 | Test Acc. 84.6945%
AdamP on OSDataset_transformed: T 2/3 | E 17/200 Ended | E Time: 55.299s | ~Time Left: 10119.660s |  Train Loss: 0.4269 | Train Acc. 84.8492% | Test Loss: 0.4412 | Test Acc. 85.2390%
AdamP on OSDataset_transformed: T 2/3 | E 18/200 Ended | E Time: 55.281s | ~Time Left: 10061.210s |  Train Loss: 0.4219 | Train Acc. 84.6072% | Test Loss: 0.4501 | Test Acc. 83.2426%
AdamP on OSDataset_transformed: T 2/3 | E 19/200 Ended | E Time: 55.007s | ~Time Left: 9956.347s |  Train Loss: 0.4151 | Train Acc. 85.1138% | Test Loss: 0.4468 | Test Acc. 84.2105%
AdamP on OSDataset_transformed: T 2/3 | E 20/200 Ended | E Time: 54.950s | ~Time Left: 9890.924s |  Train Loss: 0.4122 | Train Acc. 85.1289% | Test Loss: 0.4516 | Test Acc. 83.6661%
AdamP on OSDataset_transformed: T 2/3 | E 21/200 Ended | E Time: 54.651s | ~Time Left: 9782.531s |  Train Loss: 0.4046 | Train Acc. 85.3103% | Test Loss: 0.4261 | Test Acc. 84.9365%
AdamP on OSDataset_transformed: T 2/3 | E 22/200 Ended | E Time: 54.828s | ~Time Left: 9759.332s |  Train Loss: 0.4016 | Train Acc. 85.4767% | Test Loss: 0.4162 | Test Acc. 85.2390%
AdamP on OSDataset_transformed: T 2/3 | E 23/200 Ended | E Time: 54.700s | ~Time Left: 9681.895s |  Train Loss: 0.3948 | Train Acc. 85.8093% | Test Loss: 0.4597 | Test Acc. 84.2105%
AdamP on OSDataset_transformed: T 2/3 | E 24/200 Ended | E Time: 54.824s | ~Time Left: 9649.091s |  Train Loss: 0.3974 | Train Acc. 85.5976% | Test Loss: 0.4188 | Test Acc. 85.3599%
AdamP on OSDataset_transformed: T 2/3 | E 25/200 Ended | E Time: 55.014s | ~Time Left: 9627.520s |  Train Loss: 0.3922 | Train Acc. 85.8018% | Test Loss: 0.4128 | Test Acc. 85.1180%
AdamP on OSDataset_transformed: T 2/3 | E 26/200 Ended | E Time: 55.019s | ~Time Left: 9573.268s |  Train Loss: 0.3844 | Train Acc. 85.9454% | Test Loss: 0.4010 | Test Acc. 85.5414%
AdamP on OSDataset_transformed: T 2/3 | E 27/200 Ended | E Time: 55.182s | ~Time Left: 9546.491s |  Train Loss: 0.3819 | Train Acc. 86.1042% | Test Loss: 0.4034 | Test Acc. 85.9649%
AdamP on OSDataset_transformed: T 2/3 | E 28/200 Ended | E Time: 54.705s | ~Time Left: 9409.249s |  Train Loss: 0.3804 | Train Acc. 86.2176% | Test Loss: 0.3899 | Test Acc. 85.7229%
AdamP on OSDataset_transformed: T 2/3 | E 29/200 Ended | E Time: 54.840s | ~Time Left: 9377.558s |  Train Loss: 0.3757 | Train Acc. 85.9832% | Test Loss: 0.4528 | Test Acc. 83.3031%
AdamP on OSDataset_transformed: T 2/3 | E 30/200 Ended | E Time: 55.282s | ~Time Left: 9397.992s |  Train Loss: 0.3722 | Train Acc. 86.1571% | Test Loss: 0.4017 | Test Acc. 85.5414%
AdamP on OSDataset_transformed: T 2/3 | E 31/200 Ended | E Time: 55.131s | ~Time Left: 9317.189s |  Train Loss: 0.3689 | Train Acc. 86.4595% | Test Loss: 0.3911 | Test Acc. 85.3599%
AdamP on OSDataset_transformed: T 2/3 | E 32/200 Ended | E Time: 55.330s | ~Time Left: 9295.358s |  Train Loss: 0.3684 | Train Acc. 86.7846% | Test Loss: 0.3924 | Test Acc. 86.0254%
AdamP on OSDataset_transformed: T 2/3 | E 33/200 Ended | E Time: 55.028s | ~Time Left: 9189.599s |  Train Loss: 0.3621 | Train Acc. 86.7241% | Test Loss: 0.3978 | Test Acc. 85.7229%
AdamP on OSDataset_transformed: T 2/3 | E 34/200 Ended | E Time: 55.136s | ~Time Left: 9152.628s |  Train Loss: 0.3612 | Train Acc. 86.8829% | Test Loss: 0.4216 | Test Acc. 84.8155%
AdamP on OSDataset_transformed: T 2/3 | E 35/200 Ended | E Time: 55.389s | ~Time Left: 9139.236s |  Train Loss: 0.3555 | Train Acc. 86.9509% | Test Loss: 0.4151 | Test Acc. 83.7870%
AdamP on OSDataset_transformed: T 2/3 | E 36/200 Ended | E Time: 54.971s | ~Time Left: 9015.258s |  Train Loss: 0.3534 | Train Acc. 87.1097% | Test Loss: 0.3663 | Test Acc. 86.3884%
AdamP on OSDataset_transformed: T 2/3 | E 37/200 Ended | E Time: 55.125s | ~Time Left: 8985.411s |  Train Loss: 0.3510 | Train Acc. 86.9434% | Test Loss: 0.3790 | Test Acc. 86.1464%
AdamP on OSDataset_transformed: T 2/3 | E 38/200 Ended | E Time: 54.798s | ~Time Left: 8877.294s |  Train Loss: 0.3511 | Train Acc. 86.9887% | Test Loss: 0.3963 | Test Acc. 85.2390%
AdamP on OSDataset_transformed: T 2/3 | E 39/200 Ended | E Time: 55.006s | ~Time Left: 8856.022s |  Train Loss: 0.3463 | Train Acc. 87.1626% | Test Loss: 0.3973 | Test Acc. 85.6019%
AdamP on OSDataset_transformed: T 2/3 | E 40/200 Ended | E Time: 55.004s | ~Time Left: 8800.580s |  Train Loss: 0.3441 | Train Acc. 87.1853% | Test Loss: 0.4016 | Test Acc. 86.0254%
AdamP on OSDataset_transformed: T 2/3 | E 41/200 Ended | E Time: 54.787s | ~Time Left: 8711.185s |  Train Loss: 0.3394 | Train Acc. 87.3970% | Test Loss: 0.3852 | Test Acc. 87.1748%
AdamP on OSDataset_transformed: T 2/3 | E 42/200 Ended | E Time: 54.978s | ~Time Left: 8686.486s |  Train Loss: 0.3403 | Train Acc. 87.5331% | Test Loss: 0.3790 | Test Acc. 86.7514%
AdamP on OSDataset_transformed: T 2/3 | E 43/200 Ended | E Time: 55.707s | ~Time Left: 8746.053s |  Train Loss: 0.3357 | Train Acc. 87.7296% | Test Loss: 0.3935 | Test Acc. 86.3279%
AdamP on OSDataset_transformed: T 2/3 | E 44/200 Ended | E Time: 55.147s | ~Time Left: 8602.948s |  Train Loss: 0.3344 | Train Acc. 87.6692% | Test Loss: 0.3919 | Test Acc. 85.4809%
AdamP on OSDataset_transformed: T 2/3 | E 45/200 Ended | E Time: 55.678s | ~Time Left: 8630.145s |  Train Loss: 0.3307 | Train Acc. 88.3496% | Test Loss: 0.4271 | Test Acc. 85.6019%
AdamP on OSDataset_transformed: T 2/3 | E 46/200 Ended | E Time: 55.181s | ~Time Left: 8497.905s |  Train Loss: 0.3251 | Train Acc. 88.0396% | Test Loss: 0.3580 | Test Acc. 87.5378%
AdamP on OSDataset_transformed: T 2/3 | E 47/200 Ended | E Time: 55.686s | ~Time Left: 8519.950s |  Train Loss: 0.3275 | Train Acc. 87.9640% | Test Loss: 0.3957 | Test Acc. 85.5414%
AdamP on OSDataset_transformed: T 2/3 | E 48/200 Ended | E Time: 55.451s | ~Time Left: 8428.533s |  Train Loss: 0.3210 | Train Acc. 88.3345% | Test Loss: 0.3540 | Test Acc. 87.0538%
AdamP on OSDataset_transformed: T 2/3 | E 49/200 Ended | E Time: 54.944s | ~Time Left: 8296.615s |  Train Loss: 0.3229 | Train Acc. 88.1530% | Test Loss: 0.3765 | Test Acc. 86.8724%
AdamP on OSDataset_transformed: T 2/3 | E 50/200 Ended | E Time: 54.947s | ~Time Left: 8242.086s |  Train Loss: 0.3226 | Train Acc. 88.0169% | Test Loss: 0.3740 | Test Acc. 86.5699%
AdamP on OSDataset_transformed: T 2/3 | E 51/200 Ended | E Time: 55.077s | ~Time Left: 8206.489s |  Train Loss: 0.3227 | Train Acc. 88.0321% | Test Loss: 0.3512 | Test Acc. 87.5378%
AdamP on OSDataset_transformed: T 2/3 | E 52/200 Ended | E Time: 55.566s | ~Time Left: 8223.714s |  Train Loss: 0.3170 | Train Acc. 88.4025% | Test Loss: 0.3600 | Test Acc. 87.4168%
AdamP on OSDataset_transformed: T 2/3 | E 53/200 Ended | E Time: 54.915s | ~Time Left: 8072.480s |  Train Loss: 0.3116 | Train Acc. 88.6822% | Test Loss: 0.3426 | Test Acc. 87.9008%
AdamP on OSDataset_transformed: T 2/3 | E 54/200 Ended | E Time: 55.084s | ~Time Left: 8042.232s |  Train Loss: 0.3131 | Train Acc. 88.4025% | Test Loss: 0.3843 | Test Acc. 86.6909%
AdamP on OSDataset_transformed: T 2/3 | E 55/200 Ended | E Time: 55.030s | ~Time Left: 7979.286s |  Train Loss: 0.3060 | Train Acc. 88.7049% | Test Loss: 0.3683 | Test Acc. 88.2033%
AdamP on OSDataset_transformed: T 2/3 | E 56/200 Ended | E Time: 54.850s | ~Time Left: 7898.440s |  Train Loss: 0.3093 | Train Acc. 88.6066% | Test Loss: 0.3599 | Test Acc. 87.7798%
AdamP on OSDataset_transformed: T 2/3 | E 57/200 Ended | E Time: 54.924s | ~Time Left: 7854.195s |  Train Loss: 0.3093 | Train Acc. 88.5613% | Test Loss: 0.3337 | Test Acc. 87.9008%
AdamP on OSDataset_transformed: T 2/3 | E 58/200 Ended | E Time: 54.947s | ~Time Left: 7802.522s |  Train Loss: 0.3085 | Train Acc. 88.7730% | Test Loss: 0.3694 | Test Acc. 86.9933%
AdamP on OSDataset_transformed: T 2/3 | E 59/200 Ended | E Time: 54.944s | ~Time Left: 7747.062s |  Train Loss: 0.3014 | Train Acc. 88.8108% | Test Loss: 0.3445 | Test Acc. 86.8119%
AdamP on OSDataset_transformed: T 2/3 | E 60/200 Ended | E Time: 54.974s | ~Time Left: 7696.389s |  Train Loss: 0.3041 | Train Acc. 88.9469% | Test Loss: 0.3446 | Test Acc. 87.6588%
AdamP on OSDataset_transformed: T 2/3 | E 61/200 Ended | E Time: 55.108s | ~Time Left: 7660.008s |  Train Loss: 0.2992 | Train Acc. 88.8486% | Test Loss: 0.3693 | Test Acc. 86.9933%
AdamP on OSDataset_transformed: T 2/3 | E 62/200 Ended | E Time: 55.441s | ~Time Left: 7650.849s |  Train Loss: 0.2967 | Train Acc. 89.0754% | Test Loss: 0.3468 | Test Acc. 87.8403%
AdamP on OSDataset_transformed: T 2/3 | E 63/200 Ended | E Time: 55.662s | ~Time Left: 7625.727s |  Train Loss: 0.2960 | Train Acc. 89.0678% | Test Loss: 0.3616 | Test Acc. 87.4773%
AdamP on OSDataset_transformed: T 2/3 | E 64/200 Ended | E Time: 54.994s | ~Time Left: 7479.202s |  Train Loss: 0.2945 | Train Acc. 89.0981% | Test Loss: 0.3212 | Test Acc. 88.7477%
AdamP on OSDataset_transformed: T 2/3 | E 65/200 Ended | E Time: 54.940s | ~Time Left: 7416.882s |  Train Loss: 0.2941 | Train Acc. 88.8864% | Test Loss: 0.3423 | Test Acc. 87.2353%
AdamP on OSDataset_transformed: T 2/3 | E 66/200 Ended | E Time: 55.165s | ~Time Left: 7392.081s |  Train Loss: 0.2988 | Train Acc. 89.1510% | Test Loss: 0.3366 | Test Acc. 88.1428%
AdamP on OSDataset_transformed: T 2/3 | E 67/200 Ended | E Time: 55.008s | ~Time Left: 7316.128s |  Train Loss: 0.2908 | Train Acc. 89.1661% | Test Loss: 0.3346 | Test Acc. 87.9008%
AdamP on OSDataset_transformed: T 2/3 | E 68/200 Ended | E Time: 55.188s | ~Time Left: 7284.861s |  Train Loss: 0.2921 | Train Acc. 89.3627% | Test Loss: 0.3198 | Test Acc. 88.7477%
AdamP on OSDataset_transformed: T 2/3 | E 69/200 Ended | E Time: 54.991s | ~Time Left: 7203.777s |  Train Loss: 0.2903 | Train Acc. 89.1661% | Test Loss: 0.3477 | Test Acc. 87.5378%
AdamP on OSDataset_transformed: T 2/3 | E 70/200 Ended | E Time: 54.883s | ~Time Left: 7134.729s |  Train Loss: 0.2864 | Train Acc. 89.3627% | Test Loss: 0.3488 | Test Acc. 88.0218%
AdamP on OSDataset_transformed: T 2/3 | E 71/200 Ended | E Time: 55.099s | ~Time Left: 7107.770s |  Train Loss: 0.2829 | Train Acc. 89.5139% | Test Loss: 0.3659 | Test Acc. 86.8119%
AdamP on OSDataset_transformed: T 2/3 | E 72/200 Ended | E Time: 55.158s | ~Time Left: 7060.231s |  Train Loss: 0.2867 | Train Acc. 89.3173% | Test Loss: 0.3402 | Test Acc. 87.1143%
AdamP on OSDataset_transformed: T 2/3 | E 73/200 Ended | E Time: 55.059s | ~Time Left: 6992.549s |  Train Loss: 0.2836 | Train Acc. 89.5517% | Test Loss: 0.3408 | Test Acc. 87.1748%
AdamP on OSDataset_transformed: T 2/3 | E 74/200 Ended | E Time: 54.980s | ~Time Left: 6927.469s |  Train Loss: 0.2753 | Train Acc. 89.8994% | Test Loss: 0.3384 | Test Acc. 88.5662%
AdamP on OSDataset_transformed: T 2/3 | E 75/200 Ended | E Time: 55.179s | ~Time Left: 6897.393s |  Train Loss: 0.2811 | Train Acc. 89.5744% | Test Loss: 0.3634 | Test Acc. 87.5983%
AdamP on OSDataset_transformed: T 2/3 | E 76/200 Ended | E Time: 55.062s | ~Time Left: 6827.694s |  Train Loss: 0.2729 | Train Acc. 89.9524% | Test Loss: 0.3466 | Test Acc. 86.6909%
AdamP on OSDataset_transformed: T 2/3 | E 77/200 Ended | E Time: 55.252s | ~Time Left: 6796.044s |  Train Loss: 0.2732 | Train Acc. 89.9372% | Test Loss: 0.3523 | Test Acc. 87.6588%
AdamP on OSDataset_transformed: T 2/3 | E 78/200 Ended | E Time: 55.359s | ~Time Left: 6753.778s |  Train Loss: 0.2691 | Train Acc. 89.9221% | Test Loss: 0.3034 | Test Acc. 88.9292%
AdamP on OSDataset_transformed: T 2/3 | E 79/200 Ended | E Time: 54.884s | ~Time Left: 6640.951s |  Train Loss: 0.2705 | Train Acc. 89.7104% | Test Loss: 0.2948 | Test Acc. 89.7157%
AdamP on OSDataset_transformed: T 2/3 | E 80/200 Ended | E Time: 54.883s | ~Time Left: 6586.008s |  Train Loss: 0.2697 | Train Acc. 89.7785% | Test Loss: 0.3178 | Test Acc. 88.6872%
AdamP on OSDataset_transformed: T 2/3 | E 81/200 Ended | E Time: 55.056s | ~Time Left: 6551.655s |  Train Loss: 0.2697 | Train Acc. 90.0960% | Test Loss: 0.3195 | Test Acc. 87.8403%
AdamP on OSDataset_transformed: T 2/3 | E 82/200 Ended | E Time: 54.952s | ~Time Left: 6484.283s |  Train Loss: 0.2691 | Train Acc. 90.0129% | Test Loss: 0.3456 | Test Acc. 87.7798%
AdamP on OSDataset_transformed: T 2/3 | E 83/200 Ended | E Time: 54.957s | ~Time Left: 6429.974s |  Train Loss: 0.2693 | Train Acc. 90.0507% | Test Loss: 0.3753 | Test Acc. 87.6588%
AdamP on OSDataset_transformed: T 2/3 | E 84/200 Ended | E Time: 55.223s | ~Time Left: 6405.907s |  Train Loss: 0.2663 | Train Acc. 90.1263% | Test Loss: 0.3551 | Test Acc. 86.7514%
AdamP on OSDataset_transformed: T 2/3 | E 85/200 Ended | E Time: 55.193s | ~Time Left: 6347.161s |  Train Loss: 0.2638 | Train Acc. 89.9146% | Test Loss: 0.4098 | Test Acc. 84.9365%
AdamP on OSDataset_transformed: T 2/3 | E 86/200 Ended | E Time: 55.326s | ~Time Left: 6307.148s |  Train Loss: 0.2601 | Train Acc. 90.1263% | Test Loss: 0.3374 | Test Acc. 88.6872%
AdamP on OSDataset_transformed: T 2/3 | E 87/200 Ended | E Time: 55.134s | ~Time Left: 6230.162s |  Train Loss: 0.2601 | Train Acc. 90.2775% | Test Loss: 0.3212 | Test Acc. 88.6872%
AdamP on OSDataset_transformed: T 2/3 | E 88/200 Ended | E Time: 55.050s | ~Time Left: 6165.591s |  Train Loss: 0.2608 | Train Acc. 90.1111% | Test Loss: 0.3762 | Test Acc. 87.2353%
AdamP on OSDataset_transformed: T 2/3 | E 89/200 Ended | E Time: 55.067s | ~Time Left: 6112.483s |  Train Loss: 0.2574 | Train Acc. 90.3531% | Test Loss: 0.3379 | Test Acc. 88.5057%
AdamP on OSDataset_transformed: T 2/3 | E 90/200 Ended | E Time: 54.993s | ~Time Left: 6049.280s |  Train Loss: 0.2590 | Train Acc. 90.2245% | Test Loss: 0.3378 | Test Acc. 87.9008%
AdamP on OSDataset_transformed: T 2/3 | E 91/200 Ended | E Time: 55.317s | ~Time Left: 6029.584s |  Train Loss: 0.2606 | Train Acc. 90.5043% | Test Loss: 0.3136 | Test Acc. 88.8082%
AdamP on OSDataset_transformed: T 2/3 | E 92/200 Ended | E Time: 54.981s | ~Time Left: 5937.949s |  Train Loss: 0.2551 | Train Acc. 90.3833% | Test Loss: 0.3241 | Test Acc. 88.6872%
AdamP on OSDataset_transformed: T 2/3 | E 93/200 Ended | E Time: 55.297s | ~Time Left: 5916.790s |  Train Loss: 0.2447 | Train Acc. 90.6706% | Test Loss: 0.3481 | Test Acc. 87.9613%
AdamP on OSDataset_transformed: T 2/3 | E 94/200 Ended | E Time: 54.988s | ~Time Left: 5828.726s |  Train Loss: 0.2552 | Train Acc. 90.4967% | Test Loss: 0.3286 | Test Acc. 88.1428%
AdamP on OSDataset_transformed: T 2/3 | E 95/200 Ended | E Time: 55.127s | ~Time Left: 5788.349s |  Train Loss: 0.2499 | Train Acc. 90.6101% | Test Loss: 0.3288 | Test Acc. 88.4453%
AdamP on OSDataset_transformed: T 2/3 | E 96/200 Ended | E Time: 54.970s | ~Time Left: 5716.873s |  Train Loss: 0.2520 | Train Acc. 90.5572% | Test Loss: 0.3304 | Test Acc. 87.0538%
AdamP on OSDataset_transformed: T 2/3 | E 97/200 Ended | E Time: 55.125s | ~Time Left: 5677.870s |  Train Loss: 0.2451 | Train Acc. 90.9050% | Test Loss: 0.3218 | Test Acc. 89.0502%
AdamP on OSDataset_transformed: T 2/3 | E 98/200 Ended | E Time: 54.998s | ~Time Left: 5609.758s |  Train Loss: 0.2438 | Train Acc. 90.7613% | Test Loss: 0.3646 | Test Acc. 87.1143%
AdamP on OSDataset_transformed: T 2/3 | E 99/200 Ended | E Time: 55.215s | ~Time Left: 5576.722s |  Train Loss: 0.2405 | Train Acc. 90.8142% | Test Loss: 0.3395 | Test Acc. 87.8403%
AdamP on OSDataset_transformed: T 2/3 | E 100/200 Ended | E Time: 55.000s | ~Time Left: 5500.005s |  Train Loss: 0.2454 | Train Acc. 90.8596% | Test Loss: 0.3334 | Test Acc. 88.6267%
AdamP on OSDataset_transformed: T 2/3 | E 101/200 Ended | E Time: 55.395s | ~Time Left: 5484.085s |  Train Loss: 0.2439 | Train Acc. 90.8823% | Test Loss: 0.2954 | Test Acc. 90.2601%
AdamP on OSDataset_transformed: T 2/3 | E 102/200 Ended | E Time: 55.171s | ~Time Left: 5406.743s |  Train Loss: 0.2407 | Train Acc. 90.7008% | Test Loss: 0.3320 | Test Acc. 88.0218%
AdamP on OSDataset_transformed: T 2/3 | E 103/200 Ended | E Time: 54.993s | ~Time Left: 5334.354s |  Train Loss: 0.2371 | Train Acc. 91.0788% | Test Loss: 0.3246 | Test Acc. 89.0502%
AdamP on OSDataset_transformed: T 2/3 | E 104/200 Ended | E Time: 55.161s | ~Time Left: 5295.441s |  Train Loss: 0.2422 | Train Acc. 90.8445% | Test Loss: 0.3294 | Test Acc. 87.9613%
AdamP on OSDataset_transformed: T 2/3 | E 105/200 Ended | E Time: 55.025s | ~Time Left: 5227.354s |  Train Loss: 0.2355 | Train Acc. 91.0713% | Test Loss: 0.3129 | Test Acc. 88.9292%
AdamP on OSDataset_transformed: T 2/3 | E 106/200 Ended | E Time: 55.138s | ~Time Left: 5182.983s |  Train Loss: 0.2314 | Train Acc. 91.1393% | Test Loss: 0.3128 | Test Acc. 89.0502%
AdamP on OSDataset_transformed: T 2/3 | E 107/200 Ended | E Time: 55.326s | ~Time Left: 5145.324s |  Train Loss: 0.2351 | Train Acc. 91.0411% | Test Loss: 0.3265 | Test Acc. 88.2638%
AdamP on OSDataset_transformed: T 2/3 | E 108/200 Ended | E Time: 55.070s | ~Time Left: 5066.424s |  Train Loss: 0.2293 | Train Acc. 91.1545% | Test Loss: 0.3346 | Test Acc. 87.4773%
AdamP on OSDataset_transformed: T 2/3 | E 109/200 Ended | E Time: 54.911s | ~Time Left: 4996.894s |  Train Loss: 0.2334 | Train Acc. 91.4266% | Test Loss: 0.3047 | Test Acc. 89.0502%
AdamP on OSDataset_transformed: T 2/3 | E 110/200 Ended | E Time: 55.114s | ~Time Left: 4960.279s |  Train Loss: 0.2308 | Train Acc. 91.5930% | Test Loss: 0.3064 | Test Acc. 89.0502%
AdamP on OSDataset_transformed: T 2/3 | E 111/200 Ended | E Time: 54.984s | ~Time Left: 4893.590s |  Train Loss: 0.2289 | Train Acc. 91.3510% | Test Loss: 0.2969 | Test Acc. 89.0502%
AdamP on OSDataset_transformed: T 2/3 | E 112/200 Ended | E Time: 55.103s | ~Time Left: 4849.096s |  Train Loss: 0.2318 | Train Acc. 91.1923% | Test Loss: 0.3271 | Test Acc. 88.6872%
AdamP on OSDataset_transformed: T 2/3 | E 113/200 Ended | E Time: 54.973s | ~Time Left: 4782.635s |  Train Loss: 0.2224 | Train Acc. 91.6610% | Test Loss: 0.3371 | Test Acc. 88.3243%
AdamP on OSDataset_transformed: T 2/3 | E 114/200 Ended | E Time: 54.807s | ~Time Left: 4713.378s |  Train Loss: 0.2265 | Train Acc. 91.5098% | Test Loss: 0.2969 | Test Acc. 89.3527%
AdamP on OSDataset_transformed: T 2/3 | E 115/200 Ended | E Time: 54.897s | ~Time Left: 4666.212s |  Train Loss: 0.2181 | Train Acc. 91.9785% | Test Loss: 0.3025 | Test Acc. 89.5947%
AdamP on OSDataset_transformed: T 2/3 | E 116/200 Ended | E Time: 54.931s | ~Time Left: 4614.239s |  Train Loss: 0.2227 | Train Acc. 91.4493% | Test Loss: 0.3223 | Test Acc. 88.4453%
AdamP on OSDataset_transformed: T 2/3 | E 117/200 Ended | E Time: 54.971s | ~Time Left: 4562.607s |  Train Loss: 0.2217 | Train Acc. 91.6534% | Test Loss: 0.3164 | Test Acc. 88.8082%
AdamP on OSDataset_transformed: T 2/3 | E 118/200 Ended | E Time: 54.943s | ~Time Left: 4505.315s |  Train Loss: 0.2213 | Train Acc. 91.6610% | Test Loss: 0.3324 | Test Acc. 88.5662%
AdamP on OSDataset_transformed: T 2/3 | E 119/200 Ended | E Time: 55.326s | ~Time Left: 4481.445s |  Train Loss: 0.2160 | Train Acc. 91.8273% | Test Loss: 0.3254 | Test Acc. 88.0218%
AdamP on OSDataset_transformed: T 2/3 | E 120/200 Ended | E Time: 55.018s | ~Time Left: 4401.420s |  Train Loss: 0.2197 | Train Acc. 91.8122% | Test Loss: 0.3217 | Test Acc. 88.5057%
AdamP on OSDataset_transformed: T 2/3 | E 121/200 Ended | E Time: 55.123s | ~Time Left: 4354.739s |  Train Loss: 0.2178 | Train Acc. 91.7820% | Test Loss: 0.3285 | Test Acc. 88.0823%
AdamP on OSDataset_transformed: T 2/3 | E 122/200 Ended | E Time: 55.144s | ~Time Left: 4301.250s |  Train Loss: 0.2123 | Train Acc. 91.9332% | Test Loss: 0.3209 | Test Acc. 88.6872%
AdamP on OSDataset_transformed: T 2/3 | E 123/200 Ended | E Time: 55.150s | ~Time Left: 4246.552s |  Train Loss: 0.2136 | Train Acc. 91.8500% | Test Loss: 0.3483 | Test Acc. 87.9008%
AdamP on OSDataset_transformed: T 2/3 | E 124/200 Ended | E Time: 54.945s | ~Time Left: 4175.810s |  Train Loss: 0.2131 | Train Acc. 91.8727% | Test Loss: 0.3131 | Test Acc. 89.8972%
AdamP on OSDataset_transformed: T 2/3 | E 125/200 Ended | E Time: 55.044s | ~Time Left: 4128.329s |  Train Loss: 0.2108 | Train Acc. 92.0163% | Test Loss: 0.3319 | Test Acc. 88.6267%
AdamP on OSDataset_transformed: T 2/3 | E 126/200 Ended | E Time: 55.154s | ~Time Left: 4081.412s |  Train Loss: 0.2161 | Train Acc. 91.5476% | Test Loss: 0.3208 | Test Acc. 89.1107%
AdamP on OSDataset_transformed: T 2/3 | E 127/200 Ended | E Time: 55.078s | ~Time Left: 4020.727s |  Train Loss: 0.2088 | Train Acc. 92.1449% | Test Loss: 0.3036 | Test Acc. 89.4737%
AdamP on OSDataset_transformed: T 2/3 | E 128/200 Ended | E Time: 55.152s | ~Time Left: 3970.913s |  Train Loss: 0.2083 | Train Acc. 92.0995% | Test Loss: 0.4098 | Test Acc. 88.0218%
AdamP on OSDataset_transformed: T 2/3 | E 129/200 Ended | E Time: 55.305s | ~Time Left: 3926.684s |  Train Loss: 0.2082 | Train Acc. 92.1297% | Test Loss: 0.3131 | Test Acc. 88.1428%
AdamP on OSDataset_transformed: T 2/3 | E 130/200 Ended | E Time: 55.032s | ~Time Left: 3852.235s |  Train Loss: 0.2019 | Train Acc. 92.3490% | Test Loss: 0.3220 | Test Acc. 88.0823%
AdamP on OSDataset_transformed: T 2/3 | E 131/200 Ended | E Time: 54.899s | ~Time Left: 3788.027s |  Train Loss: 0.1984 | Train Acc. 92.3036% | Test Loss: 0.2864 | Test Acc. 90.1996%
AdamP on OSDataset_transformed: T 2/3 | E 132/200 Ended | E Time: 54.946s | ~Time Left: 3736.320s |  Train Loss: 0.2003 | Train Acc. 92.4019% | Test Loss: 0.3325 | Test Acc. 87.6588%
AdamP on OSDataset_transformed: T 2/3 | E 133/200 Ended | E Time: 54.863s | ~Time Left: 3675.841s |  Train Loss: 0.2046 | Train Acc. 92.0768% | Test Loss: 0.3358 | Test Acc. 88.9292%
AdamP on OSDataset_transformed: T 2/3 | E 134/200 Ended | E Time: 55.238s | ~Time Left: 3645.694s |  Train Loss: 0.1993 | Train Acc. 92.4397% | Test Loss: 0.3394 | Test Acc. 88.1428%
AdamP on OSDataset_transformed: T 2/3 | E 135/200 Ended | E Time: 54.914s | ~Time Left: 3569.386s |  Train Loss: 0.2027 | Train Acc. 92.3717% | Test Loss: 0.3364 | Test Acc. 87.7193%
AdamP on OSDataset_transformed: T 2/3 | E 136/200 Ended | E Time: 55.134s | ~Time Left: 3528.582s |  Train Loss: 0.2001 | Train Acc. 92.2431% | Test Loss: 0.3010 | Test Acc. 89.5342%
AdamP on OSDataset_transformed: T 2/3 | E 137/200 Ended | E Time: 55.151s | ~Time Left: 3474.483s |  Train Loss: 0.1960 | Train Acc. 92.5682% | Test Loss: 0.3256 | Test Acc. 89.2922%
AdamP on OSDataset_transformed: T 2/3 | E 138/200 Ended | E Time: 55.129s | ~Time Left: 3418.003s |  Train Loss: 0.1926 | Train Acc. 92.6438% | Test Loss: 0.3368 | Test Acc. 88.1428%
AdamP on OSDataset_transformed: T 2/3 | E 139/200 Ended | E Time: 54.876s | ~Time Left: 3347.463s |  Train Loss: 0.1942 | Train Acc. 92.5304% | Test Loss: 0.3324 | Test Acc. 88.6872%
AdamP on OSDataset_transformed: T 2/3 | E 140/200 Ended | E Time: 55.023s | ~Time Left: 3301.377s |  Train Loss: 0.1929 | Train Acc. 92.5909% | Test Loss: 0.3274 | Test Acc. 88.6872%
AdamP on OSDataset_transformed: T 2/3 | E 141/200 Ended | E Time: 55.073s | ~Time Left: 3249.324s |  Train Loss: 0.1965 | Train Acc. 92.5834% | Test Loss: 0.3148 | Test Acc. 89.1107%
AdamP on OSDataset_transformed: T 2/3 | E 142/200 Ended | E Time: 55.052s | ~Time Left: 3192.996s |  Train Loss: 0.1900 | Train Acc. 92.6212% | Test Loss: 0.3018 | Test Acc. 89.4737%
AdamP on OSDataset_transformed: T 2/3 | E 143/200 Ended | E Time: 55.067s | ~Time Left: 3138.815s |  Train Loss: 0.1874 | Train Acc. 92.9311% | Test Loss: 0.3349 | Test Acc. 88.9897%
AdamP on OSDataset_transformed: T 2/3 | E 144/200 Ended | E Time: 55.037s | ~Time Left: 3082.100s |  Train Loss: 0.1928 | Train Acc. 92.6816% | Test Loss: 0.3189 | Test Acc. 88.3848%
AdamP on OSDataset_transformed: T 2/3 | E 145/200 Ended | E Time: 55.051s | ~Time Left: 3027.803s |  Train Loss: 0.1897 | Train Acc. 92.5834% | Test Loss: 0.3164 | Test Acc. 88.8082%
AdamP on OSDataset_transformed: T 2/3 | E 146/200 Ended | E Time: 54.983s | ~Time Left: 2969.071s |  Train Loss: 0.1848 | Train Acc. 92.7270% | Test Loss: 0.3284 | Test Acc. 88.1428%
AdamP on OSDataset_transformed: T 2/3 | E 147/200 Ended | E Time: 55.034s | ~Time Left: 2916.822s |  Train Loss: 0.1904 | Train Acc. 92.8026% | Test Loss: 0.3526 | Test Acc. 88.0823%
AdamP on OSDataset_transformed: T 2/3 | E 148/200 Ended | E Time: 54.931s | ~Time Left: 2856.391s |  Train Loss: 0.1900 | Train Acc. 92.5758% | Test Loss: 0.3387 | Test Acc. 89.4737%
AdamP on OSDataset_transformed: T 2/3 | E 149/200 Ended | E Time: 55.041s | ~Time Left: 2807.098s |  Train Loss: 0.1895 | Train Acc. 92.6287% | Test Loss: 0.3090 | Test Acc. 88.9292%
AdamP on OSDataset_transformed: T 2/3 | E 150/200 Ended | E Time: 54.962s | ~Time Left: 2748.089s |  Train Loss: 0.1944 | Train Acc. 92.4624% | Test Loss: 0.3287 | Test Acc. 88.5057%
AdamP on OSDataset_transformed: T 2/3 | E 151/200 Ended | E Time: 55.092s | ~Time Left: 2699.492s |  Train Loss: 0.1877 | Train Acc. 92.7346% | Test Loss: 0.3208 | Test Acc. 88.8687%
AdamP on OSDataset_transformed: T 2/3 | E 152/200 Ended | E Time: 55.262s | ~Time Left: 2652.566s |  Train Loss: 0.1789 | Train Acc. 93.3621% | Test Loss: 0.2865 | Test Acc. 90.0786%
AdamP on OSDataset_transformed: T 2/3 | E 153/200 Ended | E Time: 55.081s | ~Time Left: 2588.821s |  Train Loss: 0.1823 | Train Acc. 93.2033% | Test Loss: 0.2908 | Test Acc. 89.4737%
AdamP on OSDataset_transformed: T 2/3 | E 154/200 Ended | E Time: 54.808s | ~Time Left: 2521.163s |  Train Loss: 0.1811 | Train Acc. 93.1050% | Test Loss: 0.3355 | Test Acc. 87.8403%
AdamP on OSDataset_transformed: T 2/3 | E 155/200 Ended | E Time: 54.841s | ~Time Left: 2467.855s |  Train Loss: 0.1793 | Train Acc. 92.8933% | Test Loss: 0.3368 | Test Acc. 88.7477%
AdamP on OSDataset_transformed: T 2/3 | E 156/200 Ended | E Time: 55.094s | ~Time Left: 2424.143s |  Train Loss: 0.1821 | Train Acc. 92.8631% | Test Loss: 0.3010 | Test Acc. 89.4132%
AdamP on OSDataset_transformed: T 2/3 | E 157/200 Ended | E Time: 55.161s | ~Time Left: 2371.932s |  Train Loss: 0.1792 | Train Acc. 93.1731% | Test Loss: 0.3207 | Test Acc. 88.9897%
AdamP on OSDataset_transformed: T 2/3 | E 158/200 Ended | E Time: 54.846s | ~Time Left: 2303.538s |  Train Loss: 0.1726 | Train Acc. 93.3772% | Test Loss: 0.3109 | Test Acc. 89.2922%
AdamP on OSDataset_transformed: T 2/3 | E 159/200 Ended | E Time: 55.190s | ~Time Left: 2262.803s |  Train Loss: 0.1780 | Train Acc. 93.0672% | Test Loss: 0.3369 | Test Acc. 89.1107%
AdamP on OSDataset_transformed: T 2/3 | E 160/200 Ended | E Time: 55.121s | ~Time Left: 2204.849s |  Train Loss: 0.1730 | Train Acc. 93.3999% | Test Loss: 0.3014 | Test Acc. 89.4132%
AdamP on OSDataset_transformed: T 2/3 | E 161/200 Ended | E Time: 54.923s | ~Time Left: 2141.993s |  Train Loss: 0.1710 | Train Acc. 93.5284% | Test Loss: 0.3057 | Test Acc. 89.1107%
AdamP on OSDataset_transformed: T 2/3 | E 162/200 Ended | E Time: 55.056s | ~Time Left: 2092.141s |  Train Loss: 0.1709 | Train Acc. 93.5813% | Test Loss: 0.3181 | Test Acc. 89.2317%
AdamP on OSDataset_transformed: T 2/3 | E 163/200 Ended | E Time: 55.172s | ~Time Left: 2041.368s |  Train Loss: 0.1762 | Train Acc. 93.3999% | Test Loss: 0.3390 | Test Acc. 88.8687%
AdamP on OSDataset_transformed: T 2/3 | E 164/200 Ended | E Time: 55.042s | ~Time Left: 1981.508s |  Train Loss: 0.1694 | Train Acc. 93.8610% | Test Loss: 0.3317 | Test Acc. 88.5057%
AdamP on OSDataset_transformed: T 2/3 | E 165/200 Ended | E Time: 55.081s | ~Time Left: 1927.827s |  Train Loss: 0.1683 | Train Acc. 93.6342% | Test Loss: 0.3244 | Test Acc. 88.2638%
AdamP on OSDataset_transformed: T 2/3 | E 166/200 Ended | E Time: 55.229s | ~Time Left: 1877.791s |  Train Loss: 0.1672 | Train Acc. 93.7703% | Test Loss: 0.3188 | Test Acc. 88.8082%
AdamP on OSDataset_transformed: T 2/3 | E 167/200 Ended | E Time: 54.905s | ~Time Left: 1811.874s |  Train Loss: 0.1746 | Train Acc. 93.2713% | Test Loss: 0.3221 | Test Acc. 89.1712%
AdamP on OSDataset_transformed: T 2/3 | E 168/200 Ended | E Time: 54.917s | ~Time Left: 1757.334s |  Train Loss: 0.1712 | Train Acc. 93.5511% | Test Loss: 0.3231 | Test Acc. 89.7762%
AdamP on OSDataset_transformed: T 2/3 | E 169/200 Ended | E Time: 54.883s | ~Time Left: 1701.384s |  Train Loss: 0.1686 | Train Acc. 93.7023% | Test Loss: 0.3017 | Test Acc. 89.5342%
AdamP on OSDataset_transformed: T 2/3 | E 170/200 Ended | E Time: 55.041s | ~Time Left: 1651.233s |  Train Loss: 0.1631 | Train Acc. 93.8384% | Test Loss: 0.3321 | Test Acc. 89.5342%
AdamP on OSDataset_transformed: T 2/3 | E 171/200 Ended | E Time: 55.160s | ~Time Left: 1599.628s |  Train Loss: 0.1603 | Train Acc. 93.8610% | Test Loss: 0.3069 | Test Acc. 88.6267%
AdamP on OSDataset_transformed: T 2/3 | E 172/200 Ended | E Time: 54.896s | ~Time Left: 1537.094s |  Train Loss: 0.1637 | Train Acc. 93.5586% | Test Loss: 0.3022 | Test Acc. 90.2601%
AdamP on OSDataset_transformed: T 2/3 | E 173/200 Ended | E Time: 55.244s | ~Time Left: 1491.587s |  Train Loss: 0.1740 | Train Acc. 93.2865% | Test Loss: 0.3240 | Test Acc. 89.8972%
AdamP on OSDataset_transformed: T 2/3 | E 174/200 Ended | E Time: 55.125s | ~Time Left: 1433.263s |  Train Loss: 0.1592 | Train Acc. 94.1332% | Test Loss: 0.2991 | Test Acc. 90.1996%
AdamP on OSDataset_transformed: T 2/3 | E 175/200 Ended | E Time: 54.991s | ~Time Left: 1374.773s |  Train Loss: 0.1583 | Train Acc. 93.8610% | Test Loss: 0.3157 | Test Acc. 89.5947%
AdamP on OSDataset_transformed: T 2/3 | E 176/200 Ended | E Time: 55.221s | ~Time Left: 1325.309s |  Train Loss: 0.1547 | Train Acc. 93.9140% | Test Loss: 0.3375 | Test Acc. 88.2638%
AdamP on OSDataset_transformed: T 2/3 | E 177/200 Ended | E Time: 55.376s | ~Time Left: 1273.654s |  Train Loss: 0.1615 | Train Acc. 93.8232% | Test Loss: 0.3359 | Test Acc. 88.9292%
AdamP on OSDataset_transformed: T 2/3 | E 178/200 Ended | E Time: 55.409s | ~Time Left: 1218.991s |  Train Loss: 0.1526 | Train Acc. 93.9442% | Test Loss: 0.3207 | Test Acc. 89.3527%
AdamP on OSDataset_transformed: T 2/3 | E 179/200 Ended | E Time: 55.488s | ~Time Left: 1165.248s |  Train Loss: 0.1510 | Train Acc. 94.1181% | Test Loss: 0.3634 | Test Acc. 88.8082%
AdamP on OSDataset_transformed: T 2/3 | E 180/200 Ended | E Time: 55.212s | ~Time Left: 1104.248s |  Train Loss: 0.1595 | Train Acc. 93.8308% | Test Loss: 0.3390 | Test Acc. 88.8082%
AdamP on OSDataset_transformed: T 2/3 | E 181/200 Ended | E Time: 55.934s | ~Time Left: 1062.739s |  Train Loss: 0.1539 | Train Acc. 93.9518% | Test Loss: 0.3129 | Test Acc. 90.0786%
AdamP on OSDataset_transformed: T 2/3 | E 182/200 Ended | E Time: 55.030s | ~Time Left: 990.544s |  Train Loss: 0.1520 | Train Acc. 94.2391% | Test Loss: 0.3512 | Test Acc. 88.3848%
AdamP on OSDataset_transformed: T 2/3 | E 183/200 Ended | E Time: 55.133s | ~Time Left: 937.267s |  Train Loss: 0.1467 | Train Acc. 94.5112% | Test Loss: 0.3137 | Test Acc. 89.7157%
AdamP on OSDataset_transformed: T 2/3 | E 184/200 Ended | E Time: 55.137s | ~Time Left: 882.198s |  Train Loss: 0.1559 | Train Acc. 93.8610% | Test Loss: 0.3270 | Test Acc. 89.3527%
AdamP on OSDataset_transformed: T 2/3 | E 185/200 Ended | E Time: 55.029s | ~Time Left: 825.442s |  Train Loss: 0.1505 | Train Acc. 94.1635% | Test Loss: 0.3537 | Test Acc. 89.0502%
AdamP on OSDataset_transformed: T 2/3 | E 186/200 Ended | E Time: 55.017s | ~Time Left: 770.245s |  Train Loss: 0.1474 | Train Acc. 94.4432% | Test Loss: 0.2963 | Test Acc. 90.1391%
AdamP on OSDataset_transformed: T 2/3 | E 187/200 Ended | E Time: 55.130s | ~Time Left: 716.692s |  Train Loss: 0.1382 | Train Acc. 94.6624% | Test Loss: 0.3105 | Test Acc. 89.8972%
AdamP on OSDataset_transformed: T 2/3 | E 188/200 Ended | E Time: 54.739s | ~Time Left: 656.873s |  Train Loss: 0.1482 | Train Acc. 94.2391% | Test Loss: 0.3104 | Test Acc. 89.9576%
AdamP on OSDataset_transformed: T 2/3 | E 189/200 Ended | E Time: 55.201s | ~Time Left: 607.209s |  Train Loss: 0.1499 | Train Acc. 94.3298% | Test Loss: 0.3284 | Test Acc. 87.7798%
AdamP on OSDataset_transformed: T 2/3 | E 190/200 Ended | E Time: 55.117s | ~Time Left: 551.167s |  Train Loss: 0.1423 | Train Acc. 94.6095% | Test Loss: 0.3683 | Test Acc. 89.4737%
AdamP on OSDataset_transformed: T 2/3 | E 191/200 Ended | E Time: 54.949s | ~Time Left: 494.539s |  Train Loss: 0.1541 | Train Acc. 94.1332% | Test Loss: 0.3233 | Test Acc. 89.1712%
AdamP on OSDataset_transformed: T 2/3 | E 192/200 Ended | E Time: 55.199s | ~Time Left: 441.593s |  Train Loss: 0.1419 | Train Acc. 94.4659% | Test Loss: 0.3387 | Test Acc. 90.0786%
AdamP on OSDataset_transformed: T 2/3 | E 193/200 Ended | E Time: 55.008s | ~Time Left: 385.056s |  Train Loss: 0.1452 | Train Acc. 94.3449% | Test Loss: 0.3201 | Test Acc. 90.5626%
AdamP on OSDataset_transformed: T 2/3 | E 194/200 Ended | E Time: 55.370s | ~Time Left: 332.219s |  Train Loss: 0.1435 | Train Acc. 94.3978% | Test Loss: 0.3054 | Test Acc. 90.2601%
AdamP on OSDataset_transformed: T 2/3 | E 195/200 Ended | E Time: 55.018s | ~Time Left: 275.088s |  Train Loss: 0.1488 | Train Acc. 94.2466% | Test Loss: 0.3270 | Test Acc. 89.1712%
AdamP on OSDataset_transformed: T 2/3 | E 196/200 Ended | E Time: 55.123s | ~Time Left: 220.493s |  Train Loss: 0.1399 | Train Acc. 94.5339% | Test Loss: 0.3361 | Test Acc. 89.2922%
AdamP on OSDataset_transformed: T 2/3 | E 197/200 Ended | E Time: 54.931s | ~Time Left: 164.793s |  Train Loss: 0.1434 | Train Acc. 94.3071% | Test Loss: 0.3499 | Test Acc. 88.6872%
AdamP on OSDataset_transformed: T 2/3 | E 198/200 Ended | E Time: 55.065s | ~Time Left: 110.130s |  Train Loss: 0.1376 | Train Acc. 94.7607% | Test Loss: 0.3196 | Test Acc. 89.5947%
AdamP on OSDataset_transformed: T 2/3 | E 199/200 Ended | E Time: 55.055s | ~Time Left: 55.055s |  Train Loss: 0.1448 | Train Acc. 94.5263% | Test Loss: 0.3367 | Test Acc. 88.9897%
AdamP on OSDataset_transformed: T 2/3 | E 200/200 Ended | E Time: 54.982s | ~Time Left: 0.000s |  Train Loss: 0.1312 | Train Acc. 94.8136% | Test Loss: 0.3426 | Test Acc. 88.2638%
AdamP on OSDataset_transformed: T 3/3 | E 1/200 Ended | E Time: 55.321s | ~Time Left: 11008.791s |  Train Loss: 0.7635 | Train Acc. 71.8379% | Test Loss: 0.6776 | Test Acc. 74.4102%
AdamP on OSDataset_transformed: T 3/3 | E 2/200 Ended | E Time: 55.369s | ~Time Left: 10963.117s |  Train Loss: 0.6626 | Train Acc. 75.4593% | Test Loss: 0.6141 | Test Acc. 76.2855%
AdamP on OSDataset_transformed: T 3/3 | E 3/200 Ended | E Time: 55.005s | ~Time Left: 10835.953s |  Train Loss: 0.6106 | Train Acc. 77.4854% | Test Loss: 0.6079 | Test Acc. 78.0399%
AdamP on OSDataset_transformed: T 3/3 | E 4/200 Ended | E Time: 55.073s | ~Time Left: 10794.264s |  Train Loss: 0.5807 | Train Acc. 78.7556% | Test Loss: 0.5476 | Test Acc. 80.3993%
AdamP on OSDataset_transformed: T 3/3 | E 5/200 Ended | E Time: 54.796s | ~Time Left: 10685.302s |  Train Loss: 0.5508 | Train Acc. 80.0862% | Test Loss: 0.5394 | Test Acc. 80.7622%
AdamP on OSDataset_transformed: T 3/3 | E 6/200 Ended | E Time: 54.908s | ~Time Left: 10652.107s |  Train Loss: 0.5250 | Train Acc. 81.3941% | Test Loss: 0.4993 | Test Acc. 81.0042%
AdamP on OSDataset_transformed: T 3/3 | E 7/200 Ended | E Time: 54.903s | ~Time Left: 10596.274s |  Train Loss: 0.5203 | Train Acc. 81.3714% | Test Loss: 0.5147 | Test Acc. 81.9722%
AdamP on OSDataset_transformed: T 3/3 | E 8/200 Ended | E Time: 55.120s | ~Time Left: 10583.007s |  Train Loss: 0.4943 | Train Acc. 81.9385% | Test Loss: 0.4687 | Test Acc. 83.1821%
AdamP on OSDataset_transformed: T 3/3 | E 9/200 Ended | E Time: 55.142s | ~Time Left: 10532.205s |  Train Loss: 0.4869 | Train Acc. 82.7323% | Test Loss: 0.4672 | Test Acc. 81.7907%
AdamP on OSDataset_transformed: T 3/3 | E 10/200 Ended | E Time: 55.055s | ~Time Left: 10460.475s |  Train Loss: 0.4773 | Train Acc. 82.8684% | Test Loss: 0.5511 | Test Acc. 80.3993%
AdamP on OSDataset_transformed: T 3/3 | E 11/200 Ended | E Time: 54.855s | ~Time Left: 10367.634s |  Train Loss: 0.4703 | Train Acc. 82.8835% | Test Loss: 0.5269 | Test Acc. 80.8227%
AdamP on OSDataset_transformed: T 3/3 | E 12/200 Ended | E Time: 55.042s | ~Time Left: 10347.913s |  Train Loss: 0.4695 | Train Acc. 83.0271% | Test Loss: 0.4780 | Test Acc. 82.8796%
AdamP on OSDataset_transformed: T 3/3 | E 13/200 Ended | E Time: 54.956s | ~Time Left: 10276.820s |  Train Loss: 0.4590 | Train Acc. 83.5261% | Test Loss: 0.4845 | Test Acc. 81.9722%
AdamP on OSDataset_transformed: T 3/3 | E 14/200 Ended | E Time: 54.841s | ~Time Left: 10200.348s |  Train Loss: 0.4526 | Train Acc. 83.8588% | Test Loss: 0.5963 | Test Acc. 77.4955%
AdamP on OSDataset_transformed: T 3/3 | E 15/200 Ended | E Time: 55.089s | ~Time Left: 10191.557s |  Train Loss: 0.4425 | Train Acc. 84.0629% | Test Loss: 0.4426 | Test Acc. 84.0290%
AdamP on OSDataset_transformed: T 3/3 | E 16/200 Ended | E Time: 54.983s | ~Time Left: 10116.799s |  Train Loss: 0.4404 | Train Acc. 84.0780% | Test Loss: 0.4717 | Test Acc. 83.0611%
AdamP on OSDataset_transformed: T 3/3 | E 17/200 Ended | E Time: 55.073s | ~Time Left: 10078.359s |  Train Loss: 0.4314 | Train Acc. 84.4107% | Test Loss: 0.4250 | Test Acc. 84.9970%
AdamP on OSDataset_transformed: T 3/3 | E 18/200 Ended | E Time: 54.989s | ~Time Left: 10008.056s |  Train Loss: 0.4248 | Train Acc. 84.5694% | Test Loss: 0.4111 | Test Acc. 85.5414%
AdamP on OSDataset_transformed: T 3/3 | E 19/200 Ended | E Time: 54.800s | ~Time Left: 9918.792s |  Train Loss: 0.4158 | Train Acc. 84.7509% | Test Loss: 0.4725 | Test Acc. 83.7266%
AdamP on OSDataset_transformed: T 3/3 | E 20/200 Ended | E Time: 54.924s | ~Time Left: 9886.276s |  Train Loss: 0.4178 | Train Acc. 84.5846% | Test Loss: 0.4390 | Test Acc. 84.0895%
AdamP on OSDataset_transformed: T 3/3 | E 21/200 Ended | E Time: 56.507s | ~Time Left: 10114.730s |  Train Loss: 0.4089 | Train Acc. 84.9701% | Test Loss: 0.4489 | Test Acc. 84.3315%
AdamP on OSDataset_transformed: T 3/3 | E 22/200 Ended | E Time: 55.168s | ~Time Left: 9819.901s |  Train Loss: 0.4069 | Train Acc. 85.0609% | Test Loss: 0.4138 | Test Acc. 85.9044%
AdamP on OSDataset_transformed: T 3/3 | E 23/200 Ended | E Time: 55.096s | ~Time Left: 9751.923s |  Train Loss: 0.4035 | Train Acc. 85.1516% | Test Loss: 0.4391 | Test Acc. 83.4846%
AdamP on OSDataset_transformed: T 3/3 | E 24/200 Ended | E Time: 55.084s | ~Time Left: 9694.805s |  Train Loss: 0.3909 | Train Acc. 85.6430% | Test Loss: 0.4215 | Test Acc. 84.9970%
AdamP on OSDataset_transformed: T 3/3 | E 25/200 Ended | E Time: 55.186s | ~Time Left: 9657.566s |  Train Loss: 0.3970 | Train Acc. 85.3179% | Test Loss: 0.4353 | Test Acc. 84.0895%
AdamP on OSDataset_transformed: T 3/3 | E 26/200 Ended | E Time: 55.049s | ~Time Left: 9578.475s |  Train Loss: 0.3909 | Train Acc. 85.5976% | Test Loss: 0.4328 | Test Acc. 84.7550%
AdamP on OSDataset_transformed: T 3/3 | E 27/200 Ended | E Time: 54.995s | ~Time Left: 9514.149s |  Train Loss: 0.3839 | Train Acc. 85.9530% | Test Loss: 0.4020 | Test Acc. 85.2390%
AdamP on OSDataset_transformed: T 3/3 | E 28/200 Ended | E Time: 54.955s | ~Time Left: 9452.266s |  Train Loss: 0.3789 | Train Acc. 86.3385% | Test Loss: 0.4177 | Test Acc. 84.7550%
AdamP on OSDataset_transformed: T 3/3 | E 29/200 Ended | E Time: 55.197s | ~Time Left: 9438.633s |  Train Loss: 0.3791 | Train Acc. 86.0739% | Test Loss: 0.4598 | Test Acc. 83.1216%
AdamP on OSDataset_transformed: T 3/3 | E 30/200 Ended | E Time: 54.840s | ~Time Left: 9322.807s |  Train Loss: 0.3814 | Train Acc. 86.0210% | Test Loss: 0.3854 | Test Acc. 85.9044%
AdamP on OSDataset_transformed: T 3/3 | E 31/200 Ended | E Time: 55.127s | ~Time Left: 9316.488s |  Train Loss: 0.3663 | Train Acc. 86.8602% | Test Loss: 0.3924 | Test Acc. 86.5699%
AdamP on OSDataset_transformed: T 3/3 | E 32/200 Ended | E Time: 55.130s | ~Time Left: 9261.817s |  Train Loss: 0.3704 | Train Acc. 86.4898% | Test Loss: 0.3909 | Test Acc. 85.9044%
slurmstepd: error: *** JOB 7068155 ON cdr2589 CANCELLED AT 2021-07-07T06:46:36 ***
