transferring data
Tue Jul  6 23:46:09 PDT 2021

Finished transferring
Tue Jul  6 23:46:13 PDT 2021

Adas: Argument Parser Options
---------------------------------------------
    config              : PostTrainingConfigs/OSDataset_transformed_testing/AdamP/lr-0.0002-config-AdamP.yaml
    data                : /localscratch/zhan8425.7068150.0        
    output              : ImageNet_post_trained/OSDataset_transformed/AdamP/output/fine_tuning
    checkpoint          : ImageNet_post_trained/OSDataset_transformed/AdamP/checkpoint/fine_tuning/lr-0.0002
    resume              : None                                    
    pretrained_model    : ImageNet                                
    freeze_encoder      : 1                                       
    root                : .                                       
    save_freq           : 200                                     
    cpu                 : 0                                       
    gpu                 : 0                                       
    mpd                 : 0                                       
    dist_url            : tcp://127.0.0.1:23456                   
    dist_backend        : nccl                                    
    world_size          : -1                                      
    rank                : -1                                      
---------------------------------------------
Adas: Notice: early stop will not be used as it was set to -1.0, training till completion
Adas: Experiment Configuration
---------------------------------------------
    dataset              OSDataset_transformed
    network              ResNet18            
    optimizer            AdamP               
    scheduler            None                
    level                L3Only              
    color_kwargs         {'augmentation': 'Color-Distortion', 'distortion': 0.3}
    degree_of_rotation   45                  
    vertical_flipping    0.5                 
    horizontal_flipping  0.5                 
    horizontal_shift     0.1                 
    vertical_shift       0.1                 
    gaussian_blur        0                   
    kernel_size          9                   
    variance             0.1                 
    cutout               0                   
    n_holes              1                   
    cutout_length        16                  
    init_lr              0.0002              
    early_stop_threshold -1.0                
    optimizer_kwargs     {'weight_decay': 0.0005}
    scheduler_kwargs     {'gamma': 0.5, 'step_size': 20.0}
    p                    1                   
    start_trial          0                   
    n_trials             3                   
    num_workers          4                   
    max_epochs           200                 
    mini_batch_size      32                  
    loss                 cross_entropy       
    early_stop_patience  10                  
---------------------------------------------
Adas: Pytorch device is set to cuda
AdamP on OSDataset_transformed: T 1/3 | E 1/200 Ended | E Time: 56.078s | ~Time Left: 11159.516s |  Train Loss: 0.7755 | Train Acc. 71.2406% | Test Loss: 0.6865 | Test Acc. 73.7447%
AdamP on OSDataset_transformed: T 1/3 | E 2/200 Ended | E Time: 54.481s | ~Time Left: 10787.337s |  Train Loss: 0.6718 | Train Acc. 75.2778% | Test Loss: 0.7218 | Test Acc. 72.8373%
AdamP on OSDataset_transformed: T 1/3 | E 3/200 Ended | E Time: 54.152s | ~Time Left: 10668.014s |  Train Loss: 0.6208 | Train Acc. 77.1074% | Test Loss: 0.6016 | Test Acc. 77.4350%
AdamP on OSDataset_transformed: T 1/3 | E 4/200 Ended | E Time: 54.382s | ~Time Left: 10658.910s |  Train Loss: 0.5863 | Train Acc. 78.5666% | Test Loss: 0.6376 | Test Acc. 77.9794%
AdamP on OSDataset_transformed: T 1/3 | E 5/200 Ended | E Time: 54.454s | ~Time Left: 10618.470s |  Train Loss: 0.5604 | Train Acc. 79.6553% | Test Loss: 0.5834 | Test Acc. 78.2214%
AdamP on OSDataset_transformed: T 1/3 | E 6/200 Ended | E Time: 54.221s | ~Time Left: 10518.852s |  Train Loss: 0.5309 | Train Acc. 81.3034% | Test Loss: 0.5900 | Test Acc. 78.1609%
AdamP on OSDataset_transformed: T 1/3 | E 7/200 Ended | E Time: 54.465s | ~Time Left: 10511.777s |  Train Loss: 0.5176 | Train Acc. 81.7116% | Test Loss: 0.5062 | Test Acc. 81.1857%
AdamP on OSDataset_transformed: T 1/3 | E 8/200 Ended | E Time: 54.337s | ~Time Left: 10432.646s |  Train Loss: 0.5002 | Train Acc. 82.1426% | Test Loss: 0.4947 | Test Acc. 82.2142%
AdamP on OSDataset_transformed: T 1/3 | E 9/200 Ended | E Time: 54.074s | ~Time Left: 10328.046s |  Train Loss: 0.4896 | Train Acc. 82.4526% | Test Loss: 0.5027 | Test Acc. 81.6092%
AdamP on OSDataset_transformed: T 1/3 | E 10/200 Ended | E Time: 53.989s | ~Time Left: 10257.982s |  Train Loss: 0.4823 | Train Acc. 82.7625% | Test Loss: 0.4945 | Test Acc. 83.0006%
AdamP on OSDataset_transformed: T 1/3 | E 11/200 Ended | E Time: 55.812s | ~Time Left: 10548.379s |  Train Loss: 0.4685 | Train Acc. 83.0876% | Test Loss: 0.4898 | Test Acc. 82.3956%
AdamP on OSDataset_transformed: T 1/3 | E 12/200 Ended | E Time: 54.077s | ~Time Left: 10166.479s |  Train Loss: 0.4645 | Train Acc. 83.5034% | Test Loss: 0.4683 | Test Acc. 83.6056%
AdamP on OSDataset_transformed: T 1/3 | E 13/200 Ended | E Time: 54.377s | ~Time Left: 10168.456s |  Train Loss: 0.4598 | Train Acc. 83.5186% | Test Loss: 0.5077 | Test Acc. 81.5487%
AdamP on OSDataset_transformed: T 1/3 | E 14/200 Ended | E Time: 54.214s | ~Time Left: 10083.719s |  Train Loss: 0.4470 | Train Acc. 83.7454% | Test Loss: 0.4399 | Test Acc. 84.0895%
AdamP on OSDataset_transformed: T 1/3 | E 15/200 Ended | E Time: 54.208s | ~Time Left: 10028.430s |  Train Loss: 0.4423 | Train Acc. 84.2217% | Test Loss: 0.4774 | Test Acc. 83.6661%
AdamP on OSDataset_transformed: T 1/3 | E 16/200 Ended | E Time: 54.255s | ~Time Left: 9982.840s |  Train Loss: 0.4477 | Train Acc. 84.0705% | Test Loss: 0.4364 | Test Acc. 84.5735%
AdamP on OSDataset_transformed: T 1/3 | E 17/200 Ended | E Time: 54.336s | ~Time Left: 9943.414s |  Train Loss: 0.4312 | Train Acc. 84.3426% | Test Loss: 0.4477 | Test Acc. 83.4846%
AdamP on OSDataset_transformed: T 1/3 | E 18/200 Ended | E Time: 54.292s | ~Time Left: 9881.117s |  Train Loss: 0.4219 | Train Acc. 84.8567% | Test Loss: 0.4676 | Test Acc. 82.8796%
AdamP on OSDataset_transformed: T 1/3 | E 19/200 Ended | E Time: 54.092s | ~Time Left: 9790.595s |  Train Loss: 0.4194 | Train Acc. 84.7055% | Test Loss: 0.4364 | Test Acc. 84.6340%
AdamP on OSDataset_transformed: T 1/3 | E 20/200 Ended | E Time: 54.280s | ~Time Left: 9770.486s |  Train Loss: 0.4099 | Train Acc. 85.0987% | Test Loss: 0.4411 | Test Acc. 83.6056%
AdamP on OSDataset_transformed: T 1/3 | E 21/200 Ended | E Time: 54.105s | ~Time Left: 9684.734s |  Train Loss: 0.4033 | Train Acc. 85.3028% | Test Loss: 0.4380 | Test Acc. 85.2390%
AdamP on OSDataset_transformed: T 1/3 | E 22/200 Ended | E Time: 54.126s | ~Time Left: 9634.434s |  Train Loss: 0.4019 | Train Acc. 85.5069% | Test Loss: 0.4713 | Test Acc. 82.6981%
AdamP on OSDataset_transformed: T 1/3 | E 23/200 Ended | E Time: 54.227s | ~Time Left: 9598.243s |  Train Loss: 0.4017 | Train Acc. 85.6959% | Test Loss: 0.4639 | Test Acc. 83.4241%
AdamP on OSDataset_transformed: T 1/3 | E 24/200 Ended | E Time: 54.327s | ~Time Left: 9561.573s |  Train Loss: 0.3988 | Train Acc. 85.3708% | Test Loss: 0.4192 | Test Acc. 84.6945%
AdamP on OSDataset_transformed: T 1/3 | E 25/200 Ended | E Time: 54.305s | ~Time Left: 9503.411s |  Train Loss: 0.3924 | Train Acc. 85.8547% | Test Loss: 0.4112 | Test Acc. 85.7834%
AdamP on OSDataset_transformed: T 1/3 | E 26/200 Ended | E Time: 54.554s | ~Time Left: 9492.468s |  Train Loss: 0.3884 | Train Acc. 85.9454% | Test Loss: 0.4253 | Test Acc. 84.2105%
AdamP on OSDataset_transformed: T 1/3 | E 27/200 Ended | E Time: 54.202s | ~Time Left: 9376.866s |  Train Loss: 0.3835 | Train Acc. 85.7337% | Test Loss: 0.4122 | Test Acc. 85.5414%
AdamP on OSDataset_transformed: T 1/3 | E 28/200 Ended | E Time: 54.322s | ~Time Left: 9343.363s |  Train Loss: 0.3836 | Train Acc. 85.9757% | Test Loss: 0.3939 | Test Acc. 85.9044%
AdamP on OSDataset_transformed: T 1/3 | E 29/200 Ended | E Time: 54.126s | ~Time Left: 9255.495s |  Train Loss: 0.3758 | Train Acc. 85.9832% | Test Loss: 0.4131 | Test Acc. 85.3599%
AdamP on OSDataset_transformed: T 1/3 | E 30/200 Ended | E Time: 54.222s | ~Time Left: 9217.794s |  Train Loss: 0.3725 | Train Acc. 86.4973% | Test Loss: 0.3835 | Test Acc. 86.0859%
AdamP on OSDataset_transformed: T 1/3 | E 31/200 Ended | E Time: 54.110s | ~Time Left: 9144.532s |  Train Loss: 0.3678 | Train Acc. 86.6712% | Test Loss: 0.4781 | Test Acc. 82.6376%
AdamP on OSDataset_transformed: T 1/3 | E 32/200 Ended | E Time: 54.157s | ~Time Left: 9098.355s |  Train Loss: 0.3646 | Train Acc. 86.7997% | Test Loss: 0.4206 | Test Acc. 85.3599%
AdamP on OSDataset_transformed: T 1/3 | E 33/200 Ended | E Time: 54.159s | ~Time Left: 9044.566s |  Train Loss: 0.3649 | Train Acc. 86.6712% | Test Loss: 0.4071 | Test Acc. 85.9044%
AdamP on OSDataset_transformed: T 1/3 | E 34/200 Ended | E Time: 54.147s | ~Time Left: 8988.376s |  Train Loss: 0.3603 | Train Acc. 86.8829% | Test Loss: 0.3828 | Test Acc. 85.9649%
AdamP on OSDataset_transformed: T 1/3 | E 35/200 Ended | E Time: 54.471s | ~Time Left: 8987.639s |  Train Loss: 0.3622 | Train Acc. 86.7619% | Test Loss: 0.4151 | Test Acc. 84.9365%
AdamP on OSDataset_transformed: T 1/3 | E 36/200 Ended | E Time: 55.130s | ~Time Left: 9041.315s |  Train Loss: 0.3598 | Train Acc. 86.8904% | Test Loss: 0.3882 | Test Acc. 85.9044%
AdamP on OSDataset_transformed: T 1/3 | E 37/200 Ended | E Time: 54.424s | ~Time Left: 8871.134s |  Train Loss: 0.3493 | Train Acc. 87.2609% | Test Loss: 0.3934 | Test Acc. 86.1464%
AdamP on OSDataset_transformed: T 1/3 | E 38/200 Ended | E Time: 54.244s | ~Time Left: 8787.504s |  Train Loss: 0.3499 | Train Acc. 87.3668% | Test Loss: 0.4281 | Test Acc. 83.5451%
AdamP on OSDataset_transformed: T 1/3 | E 39/200 Ended | E Time: 54.046s | ~Time Left: 8701.459s |  Train Loss: 0.3489 | Train Acc. 87.2760% | Test Loss: 0.3663 | Test Acc. 87.1748%
AdamP on OSDataset_transformed: T 1/3 | E 40/200 Ended | E Time: 54.296s | ~Time Left: 8687.338s |  Train Loss: 0.3499 | Train Acc. 87.2155% | Test Loss: 0.3997 | Test Acc. 85.4204%
AdamP on OSDataset_transformed: T 1/3 | E 41/200 Ended | E Time: 54.512s | ~Time Left: 8667.360s |  Train Loss: 0.3402 | Train Acc. 87.2836% | Test Loss: 0.4289 | Test Acc. 84.8760%
AdamP on OSDataset_transformed: T 1/3 | E 42/200 Ended | E Time: 54.362s | ~Time Left: 8589.164s |  Train Loss: 0.3438 | Train Acc. 87.3214% | Test Loss: 0.3811 | Test Acc. 86.2674%
AdamP on OSDataset_transformed: T 1/3 | E 43/200 Ended | E Time: 54.403s | ~Time Left: 8541.321s |  Train Loss: 0.3339 | Train Acc. 87.8430% | Test Loss: 0.3713 | Test Acc. 86.8724%
AdamP on OSDataset_transformed: T 1/3 | E 44/200 Ended | E Time: 54.246s | ~Time Left: 8462.413s |  Train Loss: 0.3324 | Train Acc. 87.8128% | Test Loss: 0.4134 | Test Acc. 85.6624%
AdamP on OSDataset_transformed: T 1/3 | E 45/200 Ended | E Time: 54.319s | ~Time Left: 8419.444s |  Train Loss: 0.3346 | Train Acc. 87.7599% | Test Loss: 0.3908 | Test Acc. 85.4809%
AdamP on OSDataset_transformed: T 1/3 | E 46/200 Ended | E Time: 55.502s | ~Time Left: 8547.385s |  Train Loss: 0.3296 | Train Acc. 87.7145% | Test Loss: 0.3981 | Test Acc. 85.4809%
AdamP on OSDataset_transformed: T 1/3 | E 47/200 Ended | E Time: 54.230s | ~Time Left: 8297.247s |  Train Loss: 0.3349 | Train Acc. 87.7750% | Test Loss: 0.3591 | Test Acc. 87.4773%
AdamP on OSDataset_transformed: T 1/3 | E 48/200 Ended | E Time: 54.450s | ~Time Left: 8276.377s |  Train Loss: 0.3267 | Train Acc. 88.0699% | Test Loss: 0.3649 | Test Acc. 87.8403%
AdamP on OSDataset_transformed: T 1/3 | E 49/200 Ended | E Time: 54.424s | ~Time Left: 8217.983s |  Train Loss: 0.3224 | Train Acc. 88.1757% | Test Loss: 0.3443 | Test Acc. 87.4773%
AdamP on OSDataset_transformed: T 1/3 | E 50/200 Ended | E Time: 54.283s | ~Time Left: 8142.429s |  Train Loss: 0.3197 | Train Acc. 88.2589% | Test Loss: 0.3710 | Test Acc. 87.5983%
AdamP on OSDataset_transformed: T 1/3 | E 51/200 Ended | E Time: 54.304s | ~Time Left: 8091.358s |  Train Loss: 0.3221 | Train Acc. 88.0396% | Test Loss: 0.3667 | Test Acc. 87.0538%
AdamP on OSDataset_transformed: T 1/3 | E 52/200 Ended | E Time: 54.378s | ~Time Left: 8047.894s |  Train Loss: 0.3148 | Train Acc. 88.4403% | Test Loss: 0.3609 | Test Acc. 87.1748%
AdamP on OSDataset_transformed: T 1/3 | E 53/200 Ended | E Time: 54.245s | ~Time Left: 7974.042s |  Train Loss: 0.3204 | Train Acc. 88.0472% | Test Loss: 0.3600 | Test Acc. 87.6588%
AdamP on OSDataset_transformed: T 1/3 | E 54/200 Ended | E Time: 54.649s | ~Time Left: 7978.822s |  Train Loss: 0.3140 | Train Acc. 88.2211% | Test Loss: 0.4175 | Test Acc. 85.1785%
AdamP on OSDataset_transformed: T 1/3 | E 55/200 Ended | E Time: 54.230s | ~Time Left: 7863.284s |  Train Loss: 0.3183 | Train Acc. 88.2815% | Test Loss: 0.3561 | Test Acc. 86.5094%
AdamP on OSDataset_transformed: T 1/3 | E 56/200 Ended | E Time: 54.547s | ~Time Left: 7854.823s |  Train Loss: 0.3108 | Train Acc. 88.3874% | Test Loss: 0.3661 | Test Acc. 87.2958%
AdamP on OSDataset_transformed: T 1/3 | E 57/200 Ended | E Time: 54.694s | ~Time Left: 7821.254s |  Train Loss: 0.3085 | Train Acc. 88.7352% | Test Loss: 0.3751 | Test Acc. 86.6304%
AdamP on OSDataset_transformed: T 1/3 | E 58/200 Ended | E Time: 54.789s | ~Time Left: 7780.057s |  Train Loss: 0.3101 | Train Acc. 88.5840% | Test Loss: 0.3567 | Test Acc. 87.4168%
AdamP on OSDataset_transformed: T 1/3 | E 59/200 Ended | E Time: 54.655s | ~Time Left: 7706.357s |  Train Loss: 0.3081 | Train Acc. 88.8183% | Test Loss: 0.3419 | Test Acc. 88.7477%
AdamP on OSDataset_transformed: T 1/3 | E 60/200 Ended | E Time: 54.442s | ~Time Left: 7621.814s |  Train Loss: 0.3060 | Train Acc. 88.7276% | Test Loss: 0.3814 | Test Acc. 86.4489%
AdamP on OSDataset_transformed: T 1/3 | E 61/200 Ended | E Time: 54.564s | ~Time Left: 7584.443s |  Train Loss: 0.3032 | Train Acc. 89.0678% | Test Loss: 0.4064 | Test Acc. 85.9044%
AdamP on OSDataset_transformed: T 1/3 | E 62/200 Ended | E Time: 55.316s | ~Time Left: 7633.644s |  Train Loss: 0.3023 | Train Acc. 88.8864% | Test Loss: 0.3649 | Test Acc. 87.8403%
AdamP on OSDataset_transformed: T 1/3 | E 63/200 Ended | E Time: 54.402s | ~Time Left: 7453.021s |  Train Loss: 0.3027 | Train Acc. 88.8259% | Test Loss: 0.3639 | Test Acc. 87.0538%
AdamP on OSDataset_transformed: T 1/3 | E 64/200 Ended | E Time: 54.894s | ~Time Left: 7465.544s |  Train Loss: 0.3005 | Train Acc. 88.6822% | Test Loss: 0.3676 | Test Acc. 86.8724%
AdamP on OSDataset_transformed: T 1/3 | E 65/200 Ended | E Time: 54.474s | ~Time Left: 7354.052s |  Train Loss: 0.2932 | Train Acc. 89.3324% | Test Loss: 0.3555 | Test Acc. 88.2638%
AdamP on OSDataset_transformed: T 1/3 | E 66/200 Ended | E Time: 54.357s | ~Time Left: 7283.811s |  Train Loss: 0.2970 | Train Acc. 88.8486% | Test Loss: 0.4146 | Test Acc. 85.4204%
AdamP on OSDataset_transformed: T 1/3 | E 67/200 Ended | E Time: 54.219s | ~Time Left: 7211.130s |  Train Loss: 0.2936 | Train Acc. 89.2871% | Test Loss: 0.3450 | Test Acc. 88.0218%
AdamP on OSDataset_transformed: T 1/3 | E 68/200 Ended | E Time: 54.377s | ~Time Left: 7177.804s |  Train Loss: 0.2924 | Train Acc. 89.2417% | Test Loss: 0.3487 | Test Acc. 88.0218%
AdamP on OSDataset_transformed: T 1/3 | E 69/200 Ended | E Time: 54.411s | ~Time Left: 7127.836s |  Train Loss: 0.2907 | Train Acc. 89.2795% | Test Loss: 0.3751 | Test Acc. 87.5378%
AdamP on OSDataset_transformed: T 1/3 | E 70/200 Ended | E Time: 54.520s | ~Time Left: 7087.570s |  Train Loss: 0.2847 | Train Acc. 89.4912% | Test Loss: 0.3511 | Test Acc. 88.0823%
AdamP on OSDataset_transformed: T 1/3 | E 71/200 Ended | E Time: 54.257s | ~Time Left: 6999.146s |  Train Loss: 0.2888 | Train Acc. 89.7482% | Test Loss: 0.3558 | Test Acc. 87.1143%
AdamP on OSDataset_transformed: T 1/3 | E 72/200 Ended | E Time: 54.397s | ~Time Left: 6962.843s |  Train Loss: 0.2878 | Train Acc. 89.3702% | Test Loss: 0.3494 | Test Acc. 88.3243%
AdamP on OSDataset_transformed: T 1/3 | E 73/200 Ended | E Time: 54.283s | ~Time Left: 6893.905s |  Train Loss: 0.2841 | Train Acc. 89.4610% | Test Loss: 0.4093 | Test Acc. 85.9649%
AdamP on OSDataset_transformed: T 1/3 | E 74/200 Ended | E Time: 54.143s | ~Time Left: 6822.036s |  Train Loss: 0.2917 | Train Acc. 89.2115% | Test Loss: 0.3561 | Test Acc. 87.5378%
AdamP on OSDataset_transformed: T 1/3 | E 75/200 Ended | E Time: 54.333s | ~Time Left: 6791.635s |  Train Loss: 0.2844 | Train Acc. 89.4534% | Test Loss: 0.3407 | Test Acc. 88.3243%
AdamP on OSDataset_transformed: T 1/3 | E 76/200 Ended | E Time: 54.135s | ~Time Left: 6712.741s |  Train Loss: 0.2827 | Train Acc. 89.4458% | Test Loss: 0.3362 | Test Acc. 88.5662%
AdamP on OSDataset_transformed: T 1/3 | E 77/200 Ended | E Time: 54.450s | ~Time Left: 6697.305s |  Train Loss: 0.2815 | Train Acc. 89.4080% | Test Loss: 0.3625 | Test Acc. 87.0538%
AdamP on OSDataset_transformed: T 1/3 | E 78/200 Ended | E Time: 54.267s | ~Time Left: 6620.607s |  Train Loss: 0.2825 | Train Acc. 89.4987% | Test Loss: 0.3529 | Test Acc. 86.9328%
AdamP on OSDataset_transformed: T 1/3 | E 79/200 Ended | E Time: 54.277s | ~Time Left: 6567.465s |  Train Loss: 0.2745 | Train Acc. 89.8994% | Test Loss: 0.4027 | Test Acc. 85.9044%
AdamP on OSDataset_transformed: T 1/3 | E 80/200 Ended | E Time: 54.130s | ~Time Left: 6495.556s |  Train Loss: 0.2767 | Train Acc. 89.8390% | Test Loss: 0.3856 | Test Acc. 85.6624%
AdamP on OSDataset_transformed: T 1/3 | E 81/200 Ended | E Time: 54.498s | ~Time Left: 6485.207s |  Train Loss: 0.2725 | Train Acc. 89.7860% | Test Loss: 0.3832 | Test Acc. 86.2674%
AdamP on OSDataset_transformed: T 1/3 | E 82/200 Ended | E Time: 54.188s | ~Time Left: 6394.179s |  Train Loss: 0.2760 | Train Acc. 89.5366% | Test Loss: 0.3740 | Test Acc. 87.5378%
AdamP on OSDataset_transformed: T 1/3 | E 83/200 Ended | E Time: 54.266s | ~Time Left: 6349.160s |  Train Loss: 0.2711 | Train Acc. 89.9297% | Test Loss: 0.3444 | Test Acc. 88.1428%
AdamP on OSDataset_transformed: T 1/3 | E 84/200 Ended | E Time: 54.055s | ~Time Left: 6270.371s |  Train Loss: 0.2693 | Train Acc. 90.0129% | Test Loss: 0.4061 | Test Acc. 87.2353%
AdamP on OSDataset_transformed: T 1/3 | E 85/200 Ended | E Time: 54.247s | ~Time Left: 6238.443s |  Train Loss: 0.2739 | Train Acc. 89.8163% | Test Loss: 0.3546 | Test Acc. 86.9328%
AdamP on OSDataset_transformed: T 1/3 | E 86/200 Ended | E Time: 54.323s | ~Time Left: 6192.782s |  Train Loss: 0.2659 | Train Acc. 90.1489% | Test Loss: 0.3303 | Test Acc. 89.2922%
AdamP on OSDataset_transformed: T 1/3 | E 87/200 Ended | E Time: 54.211s | ~Time Left: 6125.850s |  Train Loss: 0.2718 | Train Acc. 89.6953% | Test Loss: 0.3290 | Test Acc. 88.4453%
AdamP on OSDataset_transformed: T 1/3 | E 88/200 Ended | E Time: 54.202s | ~Time Left: 6070.644s |  Train Loss: 0.2610 | Train Acc. 90.4740% | Test Loss: 0.3297 | Test Acc. 88.3848%
AdamP on OSDataset_transformed: T 1/3 | E 89/200 Ended | E Time: 54.424s | ~Time Left: 6041.024s |  Train Loss: 0.2678 | Train Acc. 90.0960% | Test Loss: 0.3068 | Test Acc. 89.6552%
AdamP on OSDataset_transformed: T 1/3 | E 90/200 Ended | E Time: 54.434s | ~Time Left: 5987.750s |  Train Loss: 0.2645 | Train Acc. 90.3228% | Test Loss: 0.3702 | Test Acc. 86.8724%
AdamP on OSDataset_transformed: T 1/3 | E 91/200 Ended | E Time: 54.600s | ~Time Left: 5951.402s |  Train Loss: 0.2622 | Train Acc. 90.3001% | Test Loss: 0.3437 | Test Acc. 87.5378%
AdamP on OSDataset_transformed: T 1/3 | E 92/200 Ended | E Time: 54.157s | ~Time Left: 5848.956s |  Train Loss: 0.2620 | Train Acc. 90.3228% | Test Loss: 0.3276 | Test Acc. 88.6872%
AdamP on OSDataset_transformed: T 1/3 | E 93/200 Ended | E Time: 54.423s | ~Time Left: 5823.293s |  Train Loss: 0.2562 | Train Acc. 90.5950% | Test Loss: 0.3450 | Test Acc. 87.9008%
AdamP on OSDataset_transformed: T 1/3 | E 94/200 Ended | E Time: 54.250s | ~Time Left: 5750.507s |  Train Loss: 0.2598 | Train Acc. 90.3379% | Test Loss: 0.3279 | Test Acc. 88.5057%
AdamP on OSDataset_transformed: T 1/3 | E 95/200 Ended | E Time: 54.307s | ~Time Left: 5702.275s |  Train Loss: 0.2623 | Train Acc. 90.2472% | Test Loss: 0.3307 | Test Acc. 88.6872%
AdamP on OSDataset_transformed: T 1/3 | E 96/200 Ended | E Time: 54.130s | ~Time Left: 5629.559s |  Train Loss: 0.2558 | Train Acc. 90.4513% | Test Loss: 0.3441 | Test Acc. 87.8403%
AdamP on OSDataset_transformed: T 1/3 | E 97/200 Ended | E Time: 54.192s | ~Time Left: 5581.788s |  Train Loss: 0.2539 | Train Acc. 90.4060% | Test Loss: 0.4025 | Test Acc. 85.7229%
AdamP on OSDataset_transformed: T 1/3 | E 98/200 Ended | E Time: 54.185s | ~Time Left: 5526.835s |  Train Loss: 0.2548 | Train Acc. 90.3606% | Test Loss: 0.3323 | Test Acc. 88.6267%
AdamP on OSDataset_transformed: T 1/3 | E 99/200 Ended | E Time: 54.232s | ~Time Left: 5477.475s |  Train Loss: 0.2481 | Train Acc. 90.5874% | Test Loss: 0.3221 | Test Acc. 88.8687%
AdamP on OSDataset_transformed: T 1/3 | E 100/200 Ended | E Time: 54.298s | ~Time Left: 5429.752s |  Train Loss: 0.2557 | Train Acc. 90.4589% | Test Loss: 0.3418 | Test Acc. 87.4168%
AdamP on OSDataset_transformed: T 1/3 | E 101/200 Ended | E Time: 54.394s | ~Time Left: 5384.966s |  Train Loss: 0.2523 | Train Acc. 90.6782% | Test Loss: 0.3950 | Test Acc. 87.4773%
AdamP on OSDataset_transformed: T 1/3 | E 102/200 Ended | E Time: 55.267s | ~Time Left: 5416.172s |  Train Loss: 0.2448 | Train Acc. 90.7613% | Test Loss: 0.3316 | Test Acc. 88.9897%
AdamP on OSDataset_transformed: T 1/3 | E 103/200 Ended | E Time: 54.248s | ~Time Left: 5262.056s |  Train Loss: 0.2486 | Train Acc. 90.7764% | Test Loss: 0.3576 | Test Acc. 87.1143%
AdamP on OSDataset_transformed: T 1/3 | E 104/200 Ended | E Time: 54.215s | ~Time Left: 5204.635s |  Train Loss: 0.2473 | Train Acc. 90.7764% | Test Loss: 0.3650 | Test Acc. 88.0218%
AdamP on OSDataset_transformed: T 1/3 | E 105/200 Ended | E Time: 54.085s | ~Time Left: 5138.068s |  Train Loss: 0.2489 | Train Acc. 90.7764% | Test Loss: 0.3207 | Test Acc. 89.2922%
AdamP on OSDataset_transformed: T 1/3 | E 106/200 Ended | E Time: 54.601s | ~Time Left: 5132.539s |  Train Loss: 0.2512 | Train Acc. 90.7235% | Test Loss: 0.3392 | Test Acc. 89.1107%
AdamP on OSDataset_transformed: T 1/3 | E 107/200 Ended | E Time: 54.293s | ~Time Left: 5049.253s |  Train Loss: 0.2421 | Train Acc. 91.0411% | Test Loss: 0.3338 | Test Acc. 89.1107%
AdamP on OSDataset_transformed: T 1/3 | E 108/200 Ended | E Time: 54.421s | ~Time Left: 5006.695s |  Train Loss: 0.2419 | Train Acc. 91.0259% | Test Loss: 0.3595 | Test Acc. 87.7193%
AdamP on OSDataset_transformed: T 1/3 | E 109/200 Ended | E Time: 55.057s | ~Time Left: 5010.224s |  Train Loss: 0.2467 | Train Acc. 90.7311% | Test Loss: 0.3395 | Test Acc. 87.7798%
AdamP on OSDataset_transformed: T 1/3 | E 110/200 Ended | E Time: 54.158s | ~Time Left: 4874.236s |  Train Loss: 0.2403 | Train Acc. 90.8520% | Test Loss: 0.3368 | Test Acc. 88.6267%
AdamP on OSDataset_transformed: T 1/3 | E 111/200 Ended | E Time: 54.232s | ~Time Left: 4826.656s |  Train Loss: 0.2417 | Train Acc. 91.0713% | Test Loss: 0.3408 | Test Acc. 88.6267%
AdamP on OSDataset_transformed: T 1/3 | E 112/200 Ended | E Time: 54.401s | ~Time Left: 4787.249s |  Train Loss: 0.2368 | Train Acc. 91.0033% | Test Loss: 0.3224 | Test Acc. 89.4737%
AdamP on OSDataset_transformed: T 1/3 | E 113/200 Ended | E Time: 54.454s | ~Time Left: 4737.474s |  Train Loss: 0.2343 | Train Acc. 91.2376% | Test Loss: 0.3472 | Test Acc. 87.5983%
AdamP on OSDataset_transformed: T 1/3 | E 114/200 Ended | E Time: 54.265s | ~Time Left: 4666.817s |  Train Loss: 0.2281 | Train Acc. 91.3359% | Test Loss: 0.3608 | Test Acc. 87.4773%
AdamP on OSDataset_transformed: T 1/3 | E 115/200 Ended | E Time: 54.618s | ~Time Left: 4642.540s |  Train Loss: 0.2379 | Train Acc. 90.9277% | Test Loss: 0.3601 | Test Acc. 87.5378%
AdamP on OSDataset_transformed: T 1/3 | E 116/200 Ended | E Time: 54.524s | ~Time Left: 4579.987s |  Train Loss: 0.2306 | Train Acc. 91.2301% | Test Loss: 0.3200 | Test Acc. 89.1712%
AdamP on OSDataset_transformed: T 1/3 | E 117/200 Ended | E Time: 54.417s | ~Time Left: 4516.594s |  Train Loss: 0.2351 | Train Acc. 91.1998% | Test Loss: 0.3113 | Test Acc. 89.9576%
AdamP on OSDataset_transformed: T 1/3 | E 118/200 Ended | E Time: 54.586s | ~Time Left: 4476.034s |  Train Loss: 0.2259 | Train Acc. 91.4191% | Test Loss: 0.3332 | Test Acc. 88.4453%
AdamP on OSDataset_transformed: T 1/3 | E 119/200 Ended | E Time: 54.117s | ~Time Left: 4383.503s |  Train Loss: 0.2286 | Train Acc. 91.4795% | Test Loss: 0.4133 | Test Acc. 88.0218%
AdamP on OSDataset_transformed: T 1/3 | E 120/200 Ended | E Time: 54.407s | ~Time Left: 4352.565s |  Train Loss: 0.2301 | Train Acc. 91.1393% | Test Loss: 0.3206 | Test Acc. 89.5342%
AdamP on OSDataset_transformed: T 1/3 | E 121/200 Ended | E Time: 54.207s | ~Time Left: 4282.325s |  Train Loss: 0.2265 | Train Acc. 91.6761% | Test Loss: 0.3159 | Test Acc. 88.9897%
AdamP on OSDataset_transformed: T 1/3 | E 122/200 Ended | E Time: 54.299s | ~Time Left: 4235.341s |  Train Loss: 0.2315 | Train Acc. 91.3435% | Test Loss: 0.3418 | Test Acc. 88.5057%
AdamP on OSDataset_transformed: T 1/3 | E 123/200 Ended | E Time: 54.743s | ~Time Left: 4215.200s |  Train Loss: 0.2240 | Train Acc. 91.5552% | Test Loss: 0.3624 | Test Acc. 87.5983%
AdamP on OSDataset_transformed: T 1/3 | E 124/200 Ended | E Time: 54.190s | ~Time Left: 4118.467s |  Train Loss: 0.2305 | Train Acc. 91.2527% | Test Loss: 0.2962 | Test Acc. 89.4737%
AdamP on OSDataset_transformed: T 1/3 | E 125/200 Ended | E Time: 54.217s | ~Time Left: 4066.259s |  Train Loss: 0.2281 | Train Acc. 91.4266% | Test Loss: 0.3196 | Test Acc. 88.9292%
AdamP on OSDataset_transformed: T 1/3 | E 126/200 Ended | E Time: 54.171s | ~Time Left: 4008.639s |  Train Loss: 0.2188 | Train Acc. 91.6459% | Test Loss: 0.3198 | Test Acc. 88.8687%
AdamP on OSDataset_transformed: T 1/3 | E 127/200 Ended | E Time: 54.084s | ~Time Left: 3948.146s |  Train Loss: 0.2259 | Train Acc. 91.3435% | Test Loss: 0.3210 | Test Acc. 89.5947%
AdamP on OSDataset_transformed: T 1/3 | E 128/200 Ended | E Time: 54.293s | ~Time Left: 3909.072s |  Train Loss: 0.2196 | Train Acc. 91.9710% | Test Loss: 0.3735 | Test Acc. 87.8403%
AdamP on OSDataset_transformed: T 1/3 | E 129/200 Ended | E Time: 54.241s | ~Time Left: 3851.102s |  Train Loss: 0.2304 | Train Acc. 91.2603% | Test Loss: 0.3342 | Test Acc. 88.4453%
AdamP on OSDataset_transformed: T 1/3 | E 130/200 Ended | E Time: 54.158s | ~Time Left: 3791.087s |  Train Loss: 0.2214 | Train Acc. 91.7215% | Test Loss: 0.3589 | Test Acc. 86.8119%
AdamP on OSDataset_transformed: T 1/3 | E 131/200 Ended | E Time: 54.263s | ~Time Left: 3744.147s |  Train Loss: 0.2176 | Train Acc. 91.9029% | Test Loss: 0.3027 | Test Acc. 89.7762%
AdamP on OSDataset_transformed: T 1/3 | E 132/200 Ended | E Time: 54.362s | ~Time Left: 3696.619s |  Train Loss: 0.2175 | Train Acc. 91.7895% | Test Loss: 0.3276 | Test Acc. 89.1107%
AdamP on OSDataset_transformed: T 1/3 | E 133/200 Ended | E Time: 54.324s | ~Time Left: 3639.679s |  Train Loss: 0.2191 | Train Acc. 91.6308% | Test Loss: 0.3413 | Test Acc. 89.1712%
AdamP on OSDataset_transformed: T 1/3 | E 134/200 Ended | E Time: 54.420s | ~Time Left: 3591.724s |  Train Loss: 0.2195 | Train Acc. 91.6610% | Test Loss: 0.3395 | Test Acc. 88.8082%
AdamP on OSDataset_transformed: T 1/3 | E 135/200 Ended | E Time: 54.335s | ~Time Left: 3531.753s |  Train Loss: 0.2206 | Train Acc. 91.4266% | Test Loss: 0.3283 | Test Acc. 88.9897%
AdamP on OSDataset_transformed: T 1/3 | E 136/200 Ended | E Time: 54.130s | ~Time Left: 3464.305s |  Train Loss: 0.2125 | Train Acc. 91.8651% | Test Loss: 0.3219 | Test Acc. 89.3527%
AdamP on OSDataset_transformed: T 1/3 | E 137/200 Ended | E Time: 54.206s | ~Time Left: 3414.960s |  Train Loss: 0.2102 | Train Acc. 92.1751% | Test Loss: 0.3359 | Test Acc. 89.7157%
AdamP on OSDataset_transformed: T 1/3 | E 138/200 Ended | E Time: 54.139s | ~Time Left: 3356.620s |  Train Loss: 0.2139 | Train Acc. 91.6081% | Test Loss: 0.3209 | Test Acc. 87.9008%
AdamP on OSDataset_transformed: T 1/3 | E 139/200 Ended | E Time: 54.222s | ~Time Left: 3307.549s |  Train Loss: 0.2100 | Train Acc. 92.0390% | Test Loss: 0.2960 | Test Acc. 89.5342%
AdamP on OSDataset_transformed: T 1/3 | E 140/200 Ended | E Time: 54.407s | ~Time Left: 3264.422s |  Train Loss: 0.2054 | Train Acc. 92.1827% | Test Loss: 0.3196 | Test Acc. 89.1107%
AdamP on OSDataset_transformed: T 1/3 | E 141/200 Ended | E Time: 54.258s | ~Time Left: 3201.248s |  Train Loss: 0.2058 | Train Acc. 92.1827% | Test Loss: 0.2960 | Test Acc. 90.0181%
AdamP on OSDataset_transformed: T 1/3 | E 142/200 Ended | E Time: 54.307s | ~Time Left: 3149.829s |  Train Loss: 0.2041 | Train Acc. 92.1146% | Test Loss: 0.3211 | Test Acc. 89.7762%
AdamP on OSDataset_transformed: T 1/3 | E 143/200 Ended | E Time: 54.199s | ~Time Left: 3089.318s |  Train Loss: 0.2066 | Train Acc. 92.3112% | Test Loss: 0.3540 | Test Acc. 89.3527%
AdamP on OSDataset_transformed: T 1/3 | E 144/200 Ended | E Time: 54.507s | ~Time Left: 3052.378s |  Train Loss: 0.2058 | Train Acc. 92.2658% | Test Loss: 0.3350 | Test Acc. 88.2033%
AdamP on OSDataset_transformed: T 1/3 | E 145/200 Ended | E Time: 54.286s | ~Time Left: 2985.721s |  Train Loss: 0.2078 | Train Acc. 92.1675% | Test Loss: 0.3277 | Test Acc. 88.2033%
AdamP on OSDataset_transformed: T 1/3 | E 146/200 Ended | E Time: 54.299s | ~Time Left: 2932.129s |  Train Loss: 0.2015 | Train Acc. 92.2961% | Test Loss: 0.3280 | Test Acc. 89.0502%
AdamP on OSDataset_transformed: T 1/3 | E 147/200 Ended | E Time: 54.231s | ~Time Left: 2874.258s |  Train Loss: 0.1981 | Train Acc. 92.5153% | Test Loss: 0.3621 | Test Acc. 87.5378%
AdamP on OSDataset_transformed: T 1/3 | E 148/200 Ended | E Time: 54.161s | ~Time Left: 2816.387s |  Train Loss: 0.2072 | Train Acc. 91.8727% | Test Loss: 0.3378 | Test Acc. 88.9897%
AdamP on OSDataset_transformed: T 1/3 | E 149/200 Ended | E Time: 54.277s | ~Time Left: 2768.124s |  Train Loss: 0.1990 | Train Acc. 92.2205% | Test Loss: 0.3629 | Test Acc. 88.4453%
AdamP on OSDataset_transformed: T 1/3 | E 150/200 Ended | E Time: 54.264s | ~Time Left: 2713.198s |  Train Loss: 0.1987 | Train Acc. 92.3263% | Test Loss: 0.3117 | Test Acc. 88.6872%
AdamP on OSDataset_transformed: T 1/3 | E 151/200 Ended | E Time: 54.155s | ~Time Left: 2653.606s |  Train Loss: 0.2080 | Train Acc. 91.9029% | Test Loss: 0.3319 | Test Acc. 88.5057%
AdamP on OSDataset_transformed: T 1/3 | E 152/200 Ended | E Time: 54.580s | ~Time Left: 2619.827s |  Train Loss: 0.1974 | Train Acc. 92.5304% | Test Loss: 0.3310 | Test Acc. 88.6267%
AdamP on OSDataset_transformed: T 1/3 | E 153/200 Ended | E Time: 54.220s | ~Time Left: 2548.343s |  Train Loss: 0.2017 | Train Acc. 92.1902% | Test Loss: 0.3947 | Test Acc. 87.5983%
AdamP on OSDataset_transformed: T 1/3 | E 154/200 Ended | E Time: 54.348s | ~Time Left: 2500.031s |  Train Loss: 0.1980 | Train Acc. 92.5682% | Test Loss: 0.3305 | Test Acc. 88.6872%
AdamP on OSDataset_transformed: T 1/3 | E 155/200 Ended | E Time: 54.506s | ~Time Left: 2452.778s |  Train Loss: 0.1934 | Train Acc. 92.7421% | Test Loss: 0.3066 | Test Acc. 89.8972%
AdamP on OSDataset_transformed: T 1/3 | E 156/200 Ended | E Time: 54.311s | ~Time Left: 2389.689s |  Train Loss: 0.2000 | Train Acc. 92.4170% | Test Loss: 0.3292 | Test Acc. 89.8367%
AdamP on OSDataset_transformed: T 1/3 | E 157/200 Ended | E Time: 54.288s | ~Time Left: 2334.378s |  Train Loss: 0.1928 | Train Acc. 92.5834% | Test Loss: 0.3506 | Test Acc. 88.8687%
AdamP on OSDataset_transformed: T 1/3 | E 158/200 Ended | E Time: 54.285s | ~Time Left: 2279.958s |  Train Loss: 0.1976 | Train Acc. 92.4548% | Test Loss: 0.3469 | Test Acc. 89.8367%
AdamP on OSDataset_transformed: T 1/3 | E 159/200 Ended | E Time: 54.367s | ~Time Left: 2229.067s |  Train Loss: 0.1942 | Train Acc. 92.7497% | Test Loss: 0.3178 | Test Acc. 89.5947%
AdamP on OSDataset_transformed: T 1/3 | E 160/200 Ended | E Time: 54.253s | ~Time Left: 2170.119s |  Train Loss: 0.1931 | Train Acc. 92.6665% | Test Loss: 0.3128 | Test Acc. 89.4737%
AdamP on OSDataset_transformed: T 1/3 | E 161/200 Ended | E Time: 54.266s | ~Time Left: 2116.367s |  Train Loss: 0.1903 | Train Acc. 92.7119% | Test Loss: 0.3456 | Test Acc. 88.8082%
AdamP on OSDataset_transformed: T 1/3 | E 162/200 Ended | E Time: 54.230s | ~Time Left: 2060.729s |  Train Loss: 0.1886 | Train Acc. 92.8933% | Test Loss: 0.3574 | Test Acc. 88.8687%
AdamP on OSDataset_transformed: T 1/3 | E 163/200 Ended | E Time: 54.330s | ~Time Left: 2010.207s |  Train Loss: 0.1905 | Train Acc. 92.8328% | Test Loss: 0.3577 | Test Acc. 87.4773%
AdamP on OSDataset_transformed: T 1/3 | E 164/200 Ended | E Time: 54.250s | ~Time Left: 1953.005s |  Train Loss: 0.1911 | Train Acc. 92.3414% | Test Loss: 0.3471 | Test Acc. 88.8687%
AdamP on OSDataset_transformed: T 1/3 | E 165/200 Ended | E Time: 54.174s | ~Time Left: 1896.082s |  Train Loss: 0.1889 | Train Acc. 92.7950% | Test Loss: 0.3117 | Test Acc. 89.4132%
AdamP on OSDataset_transformed: T 1/3 | E 166/200 Ended | E Time: 54.254s | ~Time Left: 1844.632s |  Train Loss: 0.1858 | Train Acc. 92.9614% | Test Loss: 0.3300 | Test Acc. 89.1107%
AdamP on OSDataset_transformed: T 1/3 | E 167/200 Ended | E Time: 54.311s | ~Time Left: 1792.272s |  Train Loss: 0.1886 | Train Acc. 92.9160% | Test Loss: 0.3518 | Test Acc. 89.2317%
AdamP on OSDataset_transformed: T 1/3 | E 168/200 Ended | E Time: 54.581s | ~Time Left: 1746.590s |  Train Loss: 0.1878 | Train Acc. 92.8858% | Test Loss: 0.3514 | Test Acc. 89.1107%
AdamP on OSDataset_transformed: T 1/3 | E 169/200 Ended | E Time: 54.337s | ~Time Left: 1684.444s |  Train Loss: 0.1795 | Train Acc. 93.2411% | Test Loss: 0.3667 | Test Acc. 88.1428%
AdamP on OSDataset_transformed: T 1/3 | E 170/200 Ended | E Time: 54.346s | ~Time Left: 1630.395s |  Train Loss: 0.1849 | Train Acc. 92.9311% | Test Loss: 0.3766 | Test Acc. 88.8687%
AdamP on OSDataset_transformed: T 1/3 | E 171/200 Ended | E Time: 54.300s | ~Time Left: 1574.696s |  Train Loss: 0.1894 | Train Acc. 92.6968% | Test Loss: 0.3138 | Test Acc. 89.1712%
AdamP on OSDataset_transformed: T 1/3 | E 172/200 Ended | E Time: 54.122s | ~Time Left: 1515.430s |  Train Loss: 0.1805 | Train Acc. 93.0521% | Test Loss: 0.3290 | Test Acc. 88.7477%
AdamP on OSDataset_transformed: T 1/3 | E 173/200 Ended | E Time: 54.282s | ~Time Left: 1465.602s |  Train Loss: 0.1848 | Train Acc. 92.8253% | Test Loss: 0.2957 | Test Acc. 89.1107%
AdamP on OSDataset_transformed: T 1/3 | E 174/200 Ended | E Time: 54.476s | ~Time Left: 1416.375s |  Train Loss: 0.1737 | Train Acc. 93.3167% | Test Loss: 0.3901 | Test Acc. 87.4773%
AdamP on OSDataset_transformed: T 1/3 | E 175/200 Ended | E Time: 54.486s | ~Time Left: 1362.145s |  Train Loss: 0.1741 | Train Acc. 93.3621% | Test Loss: 0.3459 | Test Acc. 88.6267%
AdamP on OSDataset_transformed: T 1/3 | E 176/200 Ended | E Time: 54.231s | ~Time Left: 1301.553s |  Train Loss: 0.1798 | Train Acc. 93.2940% | Test Loss: 0.3109 | Test Acc. 89.0502%
AdamP on OSDataset_transformed: T 1/3 | E 177/200 Ended | E Time: 54.183s | ~Time Left: 1246.220s |  Train Loss: 0.1793 | Train Acc. 93.3016% | Test Loss: 0.3542 | Test Acc. 88.7477%
AdamP on OSDataset_transformed: T 1/3 | E 178/200 Ended | E Time: 54.431s | ~Time Left: 1197.473s |  Train Loss: 0.1794 | Train Acc. 93.0748% | Test Loss: 0.3322 | Test Acc. 89.4132%
AdamP on OSDataset_transformed: T 1/3 | E 179/200 Ended | E Time: 54.788s | ~Time Left: 1150.541s |  Train Loss: 0.1744 | Train Acc. 93.2109% | Test Loss: 0.3400 | Test Acc. 89.2922%
AdamP on OSDataset_transformed: T 1/3 | E 180/200 Ended | E Time: 54.334s | ~Time Left: 1086.689s |  Train Loss: 0.1764 | Train Acc. 93.3999% | Test Loss: 0.4995 | Test Acc. 85.7834%
AdamP on OSDataset_transformed: T 1/3 | E 181/200 Ended | E Time: 54.208s | ~Time Left: 1029.947s |  Train Loss: 0.1802 | Train Acc. 93.0672% | Test Loss: 0.5139 | Test Acc. 86.5699%
AdamP on OSDataset_transformed: T 1/3 | E 182/200 Ended | E Time: 54.543s | ~Time Left: 981.768s |  Train Loss: 0.1783 | Train Acc. 93.3469% | Test Loss: 0.3607 | Test Acc. 88.3848%
AdamP on OSDataset_transformed: T 1/3 | E 183/200 Ended | E Time: 54.354s | ~Time Left: 924.015s |  Train Loss: 0.1772 | Train Acc. 93.2638% | Test Loss: 0.3822 | Test Acc. 87.4168%
AdamP on OSDataset_transformed: T 1/3 | E 184/200 Ended | E Time: 54.582s | ~Time Left: 873.307s |  Train Loss: 0.1733 | Train Acc. 93.4150% | Test Loss: 0.3456 | Test Acc. 89.2922%
AdamP on OSDataset_transformed: T 1/3 | E 185/200 Ended | E Time: 54.419s | ~Time Left: 816.281s |  Train Loss: 0.1642 | Train Acc. 93.8459% | Test Loss: 0.3312 | Test Acc. 89.5342%
AdamP on OSDataset_transformed: T 1/3 | E 186/200 Ended | E Time: 54.518s | ~Time Left: 763.249s |  Train Loss: 0.1694 | Train Acc. 93.3318% | Test Loss: 0.3280 | Test Acc. 89.7157%
AdamP on OSDataset_transformed: T 1/3 | E 187/200 Ended | E Time: 54.435s | ~Time Left: 707.657s |  Train Loss: 0.1691 | Train Acc. 93.5435% | Test Loss: 0.3045 | Test Acc. 90.0786%
AdamP on OSDataset_transformed: T 1/3 | E 188/200 Ended | E Time: 54.176s | ~Time Left: 650.113s |  Train Loss: 0.1622 | Train Acc. 93.7325% | Test Loss: 0.3834 | Test Acc. 87.9613%
AdamP on OSDataset_transformed: T 1/3 | E 189/200 Ended | E Time: 54.288s | ~Time Left: 597.169s |  Train Loss: 0.1714 | Train Acc. 93.4074% | Test Loss: 0.3149 | Test Acc. 89.5342%
AdamP on OSDataset_transformed: T 1/3 | E 190/200 Ended | E Time: 54.104s | ~Time Left: 541.043s |  Train Loss: 0.1664 | Train Acc. 93.5359% | Test Loss: 0.3240 | Test Acc. 89.7157%
AdamP on OSDataset_transformed: T 1/3 | E 191/200 Ended | E Time: 54.892s | ~Time Left: 494.027s |  Train Loss: 0.1651 | Train Acc. 93.9366% | Test Loss: 0.3799 | Test Acc. 88.7477%
AdamP on OSDataset_transformed: T 1/3 | E 192/200 Ended | E Time: 54.418s | ~Time Left: 435.343s |  Train Loss: 0.1610 | Train Acc. 93.8913% | Test Loss: 0.3095 | Test Acc. 90.1996%
AdamP on OSDataset_transformed: T 1/3 | E 193/200 Ended | E Time: 54.303s | ~Time Left: 380.124s |  Train Loss: 0.1620 | Train Acc. 93.8762% | Test Loss: 0.3049 | Test Acc. 89.5342%
AdamP on OSDataset_transformed: T 1/3 | E 194/200 Ended | E Time: 54.088s | ~Time Left: 324.530s |  Train Loss: 0.1594 | Train Acc. 93.8006% | Test Loss: 0.3702 | Test Acc. 88.9897%
AdamP on OSDataset_transformed: T 1/3 | E 195/200 Ended | E Time: 54.059s | ~Time Left: 270.294s |  Train Loss: 0.1599 | Train Acc. 93.8913% | Test Loss: 0.3365 | Test Acc. 87.7193%
AdamP on OSDataset_transformed: T 1/3 | E 196/200 Ended | E Time: 54.309s | ~Time Left: 217.236s |  Train Loss: 0.1562 | Train Acc. 94.0349% | Test Loss: 0.4081 | Test Acc. 87.5378%
AdamP on OSDataset_transformed: T 1/3 | E 197/200 Ended | E Time: 54.675s | ~Time Left: 164.024s |  Train Loss: 0.1568 | Train Acc. 93.8535% | Test Loss: 0.3386 | Test Acc. 89.7762%
AdamP on OSDataset_transformed: T 1/3 | E 198/200 Ended | E Time: 54.397s | ~Time Left: 108.794s |  Train Loss: 0.1600 | Train Acc. 93.6796% | Test Loss: 0.3047 | Test Acc. 90.0181%
AdamP on OSDataset_transformed: T 1/3 | E 199/200 Ended | E Time: 54.347s | ~Time Left: 54.347s |  Train Loss: 0.1585 | Train Acc. 94.0122% | Test Loss: 0.3274 | Test Acc. 89.8972%
AdamP on OSDataset_transformed: T 1/3 | E 200/200 Ended | E Time: 54.346s | ~Time Left: 0.000s |  Train Loss: 0.1589 | Train Acc. 93.8006% | Test Loss: 0.3360 | Test Acc. 89.7157%
AdamP on OSDataset_transformed: T 2/3 | E 1/200 Ended | E Time: 54.436s | ~Time Left: 10832.782s |  Train Loss: 0.7913 | Train Acc. 70.8097% | Test Loss: 0.7065 | Test Acc. 73.4422%
AdamP on OSDataset_transformed: T 2/3 | E 2/200 Ended | E Time: 54.415s | ~Time Left: 10774.207s |  Train Loss: 0.6739 | Train Acc. 75.2627% | Test Loss: 0.6586 | Test Acc. 76.2250%
AdamP on OSDataset_transformed: T 2/3 | E 3/200 Ended | E Time: 54.397s | ~Time Left: 10716.123s |  Train Loss: 0.6113 | Train Acc. 77.9769% | Test Loss: 0.6133 | Test Acc. 77.4955%
AdamP on OSDataset_transformed: T 2/3 | E 4/200 Ended | E Time: 54.206s | ~Time Left: 10624.322s |  Train Loss: 0.5732 | Train Acc. 79.2319% | Test Loss: 0.5510 | Test Acc. 79.7338%
AdamP on OSDataset_transformed: T 2/3 | E 5/200 Ended | E Time: 54.380s | ~Time Left: 10604.105s |  Train Loss: 0.5565 | Train Acc. 79.5948% | Test Loss: 0.5512 | Test Acc. 80.9437%
AdamP on OSDataset_transformed: T 2/3 | E 6/200 Ended | E Time: 54.116s | ~Time Left: 10498.473s |  Train Loss: 0.5229 | Train Acc. 80.9405% | Test Loss: 0.5124 | Test Acc. 81.1252%
AdamP on OSDataset_transformed: T 2/3 | E 7/200 Ended | E Time: 54.146s | ~Time Left: 10450.274s |  Train Loss: 0.5146 | Train Acc. 81.4168% | Test Loss: 0.5174 | Test Acc. 80.7018%
AdamP on OSDataset_transformed: T 2/3 | E 8/200 Ended | E Time: 54.305s | ~Time Left: 10426.624s |  Train Loss: 0.4988 | Train Acc. 82.2787% | Test Loss: 0.5515 | Test Acc. 80.5808%
AdamP on OSDataset_transformed: T 2/3 | E 9/200 Ended | E Time: 54.152s | ~Time Left: 10342.984s |  Train Loss: 0.4943 | Train Acc. 82.3089% | Test Loss: 0.5093 | Test Acc. 81.6697%
AdamP on OSDataset_transformed: T 2/3 | E 10/200 Ended | E Time: 54.482s | ~Time Left: 10351.623s |  Train Loss: 0.4763 | Train Acc. 82.8003% | Test Loss: 0.4398 | Test Acc. 84.0895%
AdamP on OSDataset_transformed: T 2/3 | E 11/200 Ended | E Time: 54.391s | ~Time Left: 10279.930s |  Train Loss: 0.4728 | Train Acc. 83.0574% | Test Loss: 0.4817 | Test Acc. 83.3636%
AdamP on OSDataset_transformed: T 2/3 | E 12/200 Ended | E Time: 54.459s | ~Time Left: 10238.247s |  Train Loss: 0.4605 | Train Acc. 83.3447% | Test Loss: 0.4822 | Test Acc. 83.1821%
AdamP on OSDataset_transformed: T 2/3 | E 13/200 Ended | E Time: 54.955s | ~Time Left: 10276.644s |  Train Loss: 0.4515 | Train Acc. 83.7227% | Test Loss: 0.4686 | Test Acc. 84.1500%
AdamP on OSDataset_transformed: T 2/3 | E 14/200 Ended | E Time: 54.164s | ~Time Left: 10074.542s |  Train Loss: 0.4460 | Train Acc. 83.8739% | Test Loss: 0.4672 | Test Acc. 83.3031%
AdamP on OSDataset_transformed: T 2/3 | E 15/200 Ended | E Time: 54.262s | ~Time Left: 10038.560s |  Train Loss: 0.4394 | Train Acc. 84.2368% | Test Loss: 0.5001 | Test Acc. 82.7586%
AdamP on OSDataset_transformed: T 2/3 | E 16/200 Ended | E Time: 54.346s | ~Time Left: 9999.752s |  Train Loss: 0.4313 | Train Acc. 84.5846% | Test Loss: 0.4220 | Test Acc. 84.9365%
AdamP on OSDataset_transformed: T 2/3 | E 17/200 Ended | E Time: 54.267s | ~Time Left: 9930.899s |  Train Loss: 0.4312 | Train Acc. 84.2595% | Test Loss: 0.4427 | Test Acc. 84.6945%
AdamP on OSDataset_transformed: T 2/3 | E 18/200 Ended | E Time: 54.296s | ~Time Left: 9881.952s |  Train Loss: 0.4177 | Train Acc. 85.0382% | Test Loss: 0.4276 | Test Acc. 84.6945%
AdamP on OSDataset_transformed: T 2/3 | E 19/200 Ended | E Time: 54.342s | ~Time Left: 9835.922s |  Train Loss: 0.4107 | Train Acc. 85.3557% | Test Loss: 0.4357 | Test Acc. 83.6056%
AdamP on OSDataset_transformed: T 2/3 | E 20/200 Ended | E Time: 54.477s | ~Time Left: 9805.869s |  Train Loss: 0.4073 | Train Acc. 85.3103% | Test Loss: 0.4298 | Test Acc. 84.0290%
AdamP on OSDataset_transformed: T 2/3 | E 21/200 Ended | E Time: 54.422s | ~Time Left: 9741.462s |  Train Loss: 0.3995 | Train Acc. 85.2650% | Test Loss: 0.4374 | Test Acc. 84.8155%
AdamP on OSDataset_transformed: T 2/3 | E 22/200 Ended | E Time: 54.241s | ~Time Left: 9654.869s |  Train Loss: 0.3989 | Train Acc. 85.7867% | Test Loss: 0.4135 | Test Acc. 85.7229%
AdamP on OSDataset_transformed: T 2/3 | E 23/200 Ended | E Time: 54.309s | ~Time Left: 9612.697s |  Train Loss: 0.3998 | Train Acc. 85.7186% | Test Loss: 0.3892 | Test Acc. 85.7834%
AdamP on OSDataset_transformed: T 2/3 | E 24/200 Ended | E Time: 54.215s | ~Time Left: 9541.784s |  Train Loss: 0.3839 | Train Acc. 85.9227% | Test Loss: 0.4068 | Test Acc. 85.6624%
AdamP on OSDataset_transformed: T 2/3 | E 25/200 Ended | E Time: 54.208s | ~Time Left: 9486.440s |  Train Loss: 0.3839 | Train Acc. 85.8925% | Test Loss: 0.4167 | Test Acc. 85.2390%
AdamP on OSDataset_transformed: T 2/3 | E 26/200 Ended | E Time: 54.224s | ~Time Left: 9434.921s |  Train Loss: 0.3788 | Train Acc. 86.4217% | Test Loss: 0.4443 | Test Acc. 84.2105%
AdamP on OSDataset_transformed: T 2/3 | E 27/200 Ended | E Time: 54.241s | ~Time Left: 9383.622s |  Train Loss: 0.3793 | Train Acc. 86.2554% | Test Loss: 0.4161 | Test Acc. 84.9970%
AdamP on OSDataset_transformed: T 2/3 | E 28/200 Ended | E Time: 54.435s | ~Time Left: 9362.896s |  Train Loss: 0.3703 | Train Acc. 86.2781% | Test Loss: 0.4031 | Test Acc. 85.2995%
AdamP on OSDataset_transformed: T 2/3 | E 29/200 Ended | E Time: 54.278s | ~Time Left: 9281.527s |  Train Loss: 0.3703 | Train Acc. 86.6939% | Test Loss: 0.4124 | Test Acc. 85.7229%
AdamP on OSDataset_transformed: T 2/3 | E 30/200 Ended | E Time: 54.489s | ~Time Left: 9263.086s |  Train Loss: 0.3700 | Train Acc. 86.5427% | Test Loss: 0.4187 | Test Acc. 85.5414%
AdamP on OSDataset_transformed: T 2/3 | E 31/200 Ended | E Time: 54.210s | ~Time Left: 9161.534s |  Train Loss: 0.3615 | Train Acc. 86.8451% | Test Loss: 0.4036 | Test Acc. 85.9649%
AdamP on OSDataset_transformed: T 2/3 | E 32/200 Ended | E Time: 54.226s | ~Time Left: 9109.903s |  Train Loss: 0.3603 | Train Acc. 87.0114% | Test Loss: 0.4129 | Test Acc. 86.6304%
AdamP on OSDataset_transformed: T 2/3 | E 33/200 Ended | E Time: 54.949s | ~Time Left: 9176.467s |  Train Loss: 0.3607 | Train Acc. 87.0870% | Test Loss: 0.4315 | Test Acc. 85.5414%
AdamP on OSDataset_transformed: T 2/3 | E 34/200 Ended | E Time: 54.144s | ~Time Left: 8987.838s |  Train Loss: 0.3604 | Train Acc. 86.9585% | Test Loss: 0.3732 | Test Acc. 86.1464%
AdamP on OSDataset_transformed: T 2/3 | E 35/200 Ended | E Time: 54.373s | ~Time Left: 8971.599s |  Train Loss: 0.3530 | Train Acc. 87.0946% | Test Loss: 0.3958 | Test Acc. 86.0859%
AdamP on OSDataset_transformed: T 2/3 | E 36/200 Ended | E Time: 54.372s | ~Time Left: 8917.028s |  Train Loss: 0.3524 | Train Acc. 87.1702% | Test Loss: 0.3877 | Test Acc. 85.2390%
AdamP on OSDataset_transformed: T 2/3 | E 37/200 Ended | E Time: 54.265s | ~Time Left: 8845.235s |  Train Loss: 0.3500 | Train Acc. 87.3894% | Test Loss: 0.3926 | Test Acc. 85.4809%
AdamP on OSDataset_transformed: T 2/3 | E 38/200 Ended | E Time: 54.068s | ~Time Left: 8758.958s |  Train Loss: 0.3456 | Train Acc. 87.4726% | Test Loss: 0.3676 | Test Acc. 87.0538%
AdamP on OSDataset_transformed: T 2/3 | E 39/200 Ended | E Time: 54.189s | ~Time Left: 8724.417s |  Train Loss: 0.3452 | Train Acc. 87.3516% | Test Loss: 0.3758 | Test Acc. 86.3279%
AdamP on OSDataset_transformed: T 2/3 | E 40/200 Ended | E Time: 54.122s | ~Time Left: 8659.459s |  Train Loss: 0.3373 | Train Acc. 87.7977% | Test Loss: 0.3810 | Test Acc. 86.7514%
AdamP on OSDataset_transformed: T 2/3 | E 41/200 Ended | E Time: 54.173s | ~Time Left: 8613.498s |  Train Loss: 0.3481 | Train Acc. 87.5180% | Test Loss: 0.3823 | Test Acc. 86.0254%
AdamP on OSDataset_transformed: T 2/3 | E 42/200 Ended | E Time: 54.566s | ~Time Left: 8621.443s |  Train Loss: 0.3393 | Train Acc. 87.4424% | Test Loss: 0.3744 | Test Acc. 86.9328%
AdamP on OSDataset_transformed: T 2/3 | E 43/200 Ended | E Time: 54.054s | ~Time Left: 8486.512s |  Train Loss: 0.3326 | Train Acc. 87.8052% | Test Loss: 0.4379 | Test Acc. 83.9080%
AdamP on OSDataset_transformed: T 2/3 | E 44/200 Ended | E Time: 54.403s | ~Time Left: 8486.877s |  Train Loss: 0.3274 | Train Acc. 87.8204% | Test Loss: 0.3668 | Test Acc. 87.3563%
AdamP on OSDataset_transformed: T 2/3 | E 45/200 Ended | E Time: 54.195s | ~Time Left: 8400.183s |  Train Loss: 0.3289 | Train Acc. 87.9413% | Test Loss: 0.3661 | Test Acc. 86.8119%
AdamP on OSDataset_transformed: T 2/3 | E 46/200 Ended | E Time: 54.234s | ~Time Left: 8352.004s |  Train Loss: 0.3282 | Train Acc. 87.9640% | Test Loss: 0.3959 | Test Acc. 85.7834%
AdamP on OSDataset_transformed: T 2/3 | E 47/200 Ended | E Time: 54.081s | ~Time Left: 8274.356s |  Train Loss: 0.3258 | Train Acc. 88.1152% | Test Loss: 0.3801 | Test Acc. 86.7514%
AdamP on OSDataset_transformed: T 2/3 | E 48/200 Ended | E Time: 54.296s | ~Time Left: 8253.015s |  Train Loss: 0.3273 | Train Acc. 87.9867% | Test Loss: 0.3577 | Test Acc. 86.9328%
AdamP on OSDataset_transformed: T 2/3 | E 49/200 Ended | E Time: 54.218s | ~Time Left: 8186.855s |  Train Loss: 0.3250 | Train Acc. 88.0321% | Test Loss: 0.4230 | Test Acc. 85.3599%
AdamP on OSDataset_transformed: T 2/3 | E 50/200 Ended | E Time: 54.326s | ~Time Left: 8148.899s |  Train Loss: 0.3242 | Train Acc. 88.3042% | Test Loss: 0.3859 | Test Acc. 85.7834%
AdamP on OSDataset_transformed: T 2/3 | E 51/200 Ended | E Time: 54.171s | ~Time Left: 8071.455s |  Train Loss: 0.3122 | Train Acc. 88.6142% | Test Loss: 0.3509 | Test Acc. 87.4168%
AdamP on OSDataset_transformed: T 2/3 | E 52/200 Ended | E Time: 54.182s | ~Time Left: 8018.968s |  Train Loss: 0.3144 | Train Acc. 88.5084% | Test Loss: 0.3515 | Test Acc. 86.6304%
AdamP on OSDataset_transformed: T 2/3 | E 53/200 Ended | E Time: 54.113s | ~Time Left: 7954.644s |  Train Loss: 0.3109 | Train Acc. 88.7200% | Test Loss: 0.3429 | Test Acc. 87.9613%
AdamP on OSDataset_transformed: T 2/3 | E 54/200 Ended | E Time: 54.329s | ~Time Left: 7932.000s |  Train Loss: 0.3116 | Train Acc. 88.6822% | Test Loss: 0.3666 | Test Acc. 86.7514%
AdamP on OSDataset_transformed: T 2/3 | E 55/200 Ended | E Time: 54.110s | ~Time Left: 7845.949s |  Train Loss: 0.3025 | Train Acc. 88.7805% | Test Loss: 0.4787 | Test Acc. 83.1821%
AdamP on OSDataset_transformed: T 2/3 | E 56/200 Ended | E Time: 54.210s | ~Time Left: 7806.172s |  Train Loss: 0.3159 | Train Acc. 88.7200% | Test Loss: 0.4266 | Test Acc. 85.4809%
AdamP on OSDataset_transformed: T 2/3 | E 57/200 Ended | E Time: 54.384s | ~Time Left: 7776.871s |  Train Loss: 0.3106 | Train Acc. 88.5386% | Test Loss: 0.3774 | Test Acc. 86.2069%
AdamP on OSDataset_transformed: T 2/3 | E 58/200 Ended | E Time: 54.195s | ~Time Left: 7695.657s |  Train Loss: 0.2988 | Train Acc. 89.0149% | Test Loss: 0.3412 | Test Acc. 87.3563%
AdamP on OSDataset_transformed: T 2/3 | E 59/200 Ended | E Time: 54.407s | ~Time Left: 7671.390s |  Train Loss: 0.3044 | Train Acc. 88.8334% | Test Loss: 0.3503 | Test Acc. 87.0538%
AdamP on OSDataset_transformed: T 2/3 | E 60/200 Ended | E Time: 54.311s | ~Time Left: 7603.486s |  Train Loss: 0.3029 | Train Acc. 89.0300% | Test Loss: 0.3429 | Test Acc. 87.9613%
AdamP on OSDataset_transformed: T 2/3 | E 61/200 Ended | E Time: 54.231s | ~Time Left: 7538.106s |  Train Loss: 0.2961 | Train Acc. 88.9090% | Test Loss: 0.3367 | Test Acc. 88.3243%
AdamP on OSDataset_transformed: T 2/3 | E 62/200 Ended | E Time: 54.278s | ~Time Left: 7490.362s |  Train Loss: 0.2976 | Train Acc. 88.9242% | Test Loss: 0.3320 | Test Acc. 87.7193%
AdamP on OSDataset_transformed: T 2/3 | E 63/200 Ended | E Time: 54.149s | ~Time Left: 7418.404s |  Train Loss: 0.2987 | Train Acc. 89.1812% | Test Loss: 0.3529 | Test Acc. 87.0538%
AdamP on OSDataset_transformed: T 2/3 | E 64/200 Ended | E Time: 54.187s | ~Time Left: 7369.403s |  Train Loss: 0.3009 | Train Acc. 88.8637% | Test Loss: 0.3583 | Test Acc. 87.3563%
AdamP on OSDataset_transformed: T 2/3 | E 65/200 Ended | E Time: 54.390s | ~Time Left: 7342.620s |  Train Loss: 0.2951 | Train Acc. 89.4912% | Test Loss: 0.3534 | Test Acc. 87.7798%
AdamP on OSDataset_transformed: T 2/3 | E 66/200 Ended | E Time: 54.535s | ~Time Left: 7307.633s |  Train Loss: 0.2912 | Train Acc. 89.0376% | Test Loss: 0.3418 | Test Acc. 87.6588%
AdamP on OSDataset_transformed: T 2/3 | E 67/200 Ended | E Time: 54.448s | ~Time Left: 7241.575s |  Train Loss: 0.2934 | Train Acc. 89.3097% | Test Loss: 0.3605 | Test Acc. 86.8119%
AdamP on OSDataset_transformed: T 2/3 | E 68/200 Ended | E Time: 54.587s | ~Time Left: 7205.511s |  Train Loss: 0.2924 | Train Acc. 89.1207% | Test Loss: 0.3619 | Test Acc. 87.9008%
AdamP on OSDataset_transformed: T 2/3 | E 69/200 Ended | E Time: 54.477s | ~Time Left: 7136.481s |  Train Loss: 0.2908 | Train Acc. 89.4005% | Test Loss: 0.3478 | Test Acc. 88.2033%
AdamP on OSDataset_transformed: T 2/3 | E 70/200 Ended | E Time: 54.395s | ~Time Left: 7071.347s |  Train Loss: 0.2901 | Train Acc. 89.4080% | Test Loss: 0.3323 | Test Acc. 88.3848%
AdamP on OSDataset_transformed: T 2/3 | E 71/200 Ended | E Time: 54.180s | ~Time Left: 6989.266s |  Train Loss: 0.2867 | Train Acc. 89.4836% | Test Loss: 0.3635 | Test Acc. 87.4773%
AdamP on OSDataset_transformed: T 2/3 | E 72/200 Ended | E Time: 54.378s | ~Time Left: 6960.359s |  Train Loss: 0.2866 | Train Acc. 89.4685% | Test Loss: 0.3211 | Test Acc. 88.2638%
AdamP on OSDataset_transformed: T 2/3 | E 73/200 Ended | E Time: 54.343s | ~Time Left: 6901.568s |  Train Loss: 0.2814 | Train Acc. 89.6273% | Test Loss: 0.3663 | Test Acc. 87.4773%
AdamP on OSDataset_transformed: T 2/3 | E 74/200 Ended | E Time: 54.134s | ~Time Left: 6820.948s |  Train Loss: 0.2849 | Train Acc. 89.6197% | Test Loss: 0.3334 | Test Acc. 88.7477%
AdamP on OSDataset_transformed: T 2/3 | E 75/200 Ended | E Time: 54.114s | ~Time Left: 6764.254s |  Train Loss: 0.2843 | Train Acc. 89.4610% | Test Loss: 0.3273 | Test Acc. 89.4737%
AdamP on OSDataset_transformed: T 2/3 | E 76/200 Ended | E Time: 54.231s | ~Time Left: 6724.681s |  Train Loss: 0.2804 | Train Acc. 89.7029% | Test Loss: 0.3422 | Test Acc. 88.6872%
AdamP on OSDataset_transformed: T 2/3 | E 77/200 Ended | E Time: 54.192s | ~Time Left: 6665.678s |  Train Loss: 0.2814 | Train Acc. 89.6953% | Test Loss: 0.3440 | Test Acc. 87.9008%
AdamP on OSDataset_transformed: T 2/3 | E 78/200 Ended | E Time: 54.460s | ~Time Left: 6644.182s |  Train Loss: 0.2733 | Train Acc. 89.7558% | Test Loss: 0.3370 | Test Acc. 88.6267%
AdamP on OSDataset_transformed: T 2/3 | E 79/200 Ended | E Time: 54.339s | ~Time Left: 6574.990s |  Train Loss: 0.2751 | Train Acc. 89.6575% | Test Loss: 0.3579 | Test Acc. 87.1748%
AdamP on OSDataset_transformed: T 2/3 | E 80/200 Ended | E Time: 54.250s | ~Time Left: 6510.044s |  Train Loss: 0.2771 | Train Acc. 89.8163% | Test Loss: 0.3608 | Test Acc. 87.2958%
AdamP on OSDataset_transformed: T 2/3 | E 81/200 Ended | E Time: 54.189s | ~Time Left: 6448.535s |  Train Loss: 0.2786 | Train Acc. 89.8012% | Test Loss: 0.3338 | Test Acc. 88.2638%
AdamP on OSDataset_transformed: T 2/3 | E 82/200 Ended | E Time: 54.410s | ~Time Left: 6420.386s |  Train Loss: 0.2694 | Train Acc. 90.0204% | Test Loss: 0.3720 | Test Acc. 87.2353%
AdamP on OSDataset_transformed: T 2/3 | E 83/200 Ended | E Time: 54.695s | ~Time Left: 6399.353s |  Train Loss: 0.2724 | Train Acc. 89.9902% | Test Loss: 0.3500 | Test Acc. 88.0218%
AdamP on OSDataset_transformed: T 2/3 | E 84/200 Ended | E Time: 54.240s | ~Time Left: 6291.802s |  Train Loss: 0.2728 | Train Acc. 89.9599% | Test Loss: 0.3274 | Test Acc. 88.3848%
AdamP on OSDataset_transformed: T 2/3 | E 85/200 Ended | E Time: 54.500s | ~Time Left: 6267.518s |  Train Loss: 0.2672 | Train Acc. 90.1036% | Test Loss: 0.3292 | Test Acc. 88.9897%
AdamP on OSDataset_transformed: T 2/3 | E 86/200 Ended | E Time: 54.120s | ~Time Left: 6169.679s |  Train Loss: 0.2623 | Train Acc. 90.1792% | Test Loss: 0.3552 | Test Acc. 87.5983%
AdamP on OSDataset_transformed: T 2/3 | E 87/200 Ended | E Time: 54.349s | ~Time Left: 6141.448s |  Train Loss: 0.2702 | Train Acc. 89.8768% | Test Loss: 0.3111 | Test Acc. 89.7762%
AdamP on OSDataset_transformed: T 2/3 | E 88/200 Ended | E Time: 54.383s | ~Time Left: 6090.863s |  Train Loss: 0.2631 | Train Acc. 90.4287% | Test Loss: 0.3202 | Test Acc. 88.5662%
AdamP on OSDataset_transformed: T 2/3 | E 89/200 Ended | E Time: 54.349s | ~Time Left: 6032.776s |  Train Loss: 0.2681 | Train Acc. 90.1414% | Test Loss: 0.3621 | Test Acc. 88.7477%
AdamP on OSDataset_transformed: T 2/3 | E 90/200 Ended | E Time: 54.204s | ~Time Left: 5962.471s |  Train Loss: 0.2599 | Train Acc. 90.0960% | Test Loss: 0.3513 | Test Acc. 88.7477%
AdamP on OSDataset_transformed: T 2/3 | E 91/200 Ended | E Time: 54.408s | ~Time Left: 5930.468s |  Train Loss: 0.2558 | Train Acc. 90.4362% | Test Loss: 0.3243 | Test Acc. 88.6872%
AdamP on OSDataset_transformed: T 2/3 | E 92/200 Ended | E Time: 54.435s | ~Time Left: 5879.020s |  Train Loss: 0.2602 | Train Acc. 90.1565% | Test Loss: 0.3287 | Test Acc. 88.3848%
AdamP on OSDataset_transformed: T 2/3 | E 93/200 Ended | E Time: 54.247s | ~Time Left: 5804.379s |  Train Loss: 0.2544 | Train Acc. 90.2472% | Test Loss: 0.3386 | Test Acc. 88.9292%
AdamP on OSDataset_transformed: T 2/3 | E 94/200 Ended | E Time: 54.308s | ~Time Left: 5756.641s |  Train Loss: 0.2591 | Train Acc. 90.3531% | Test Loss: 0.3205 | Test Acc. 88.2638%
AdamP on OSDataset_transformed: T 2/3 | E 95/200 Ended | E Time: 54.237s | ~Time Left: 5694.882s |  Train Loss: 0.2519 | Train Acc. 90.6252% | Test Loss: 0.3328 | Test Acc. 88.2033%
AdamP on OSDataset_transformed: T 2/3 | E 96/200 Ended | E Time: 54.605s | ~Time Left: 5678.876s |  Train Loss: 0.2543 | Train Acc. 90.2472% | Test Loss: 0.3293 | Test Acc. 88.5662%
AdamP on OSDataset_transformed: T 2/3 | E 97/200 Ended | E Time: 54.326s | ~Time Left: 5595.582s |  Train Loss: 0.2552 | Train Acc. 90.4211% | Test Loss: 0.3681 | Test Acc. 87.2958%
AdamP on OSDataset_transformed: T 2/3 | E 98/200 Ended | E Time: 54.207s | ~Time Left: 5529.118s |  Train Loss: 0.2492 | Train Acc. 90.9352% | Test Loss: 0.3145 | Test Acc. 89.4132%
AdamP on OSDataset_transformed: T 2/3 | E 99/200 Ended | E Time: 54.216s | ~Time Left: 5475.775s |  Train Loss: 0.2498 | Train Acc. 90.6630% | Test Loss: 0.3350 | Test Acc. 88.8082%
AdamP on OSDataset_transformed: T 2/3 | E 100/200 Ended | E Time: 54.911s | ~Time Left: 5491.082s |  Train Loss: 0.2582 | Train Acc. 90.3833% | Test Loss: 0.3275 | Test Acc. 89.3527%
AdamP on OSDataset_transformed: T 2/3 | E 101/200 Ended | E Time: 54.336s | ~Time Left: 5379.223s |  Train Loss: 0.2495 | Train Acc. 90.8672% | Test Loss: 0.3523 | Test Acc. 86.6909%
AdamP on OSDataset_transformed: T 2/3 | E 102/200 Ended | E Time: 54.332s | ~Time Left: 5324.577s |  Train Loss: 0.2487 | Train Acc. 90.6177% | Test Loss: 0.3084 | Test Acc. 89.4737%
AdamP on OSDataset_transformed: T 2/3 | E 103/200 Ended | E Time: 54.256s | ~Time Left: 5262.811s |  Train Loss: 0.2490 | Train Acc. 90.8445% | Test Loss: 0.3356 | Test Acc. 89.1712%
AdamP on OSDataset_transformed: T 2/3 | E 104/200 Ended | E Time: 54.293s | ~Time Left: 5212.081s |  Train Loss: 0.2476 | Train Acc. 90.9654% | Test Loss: 0.3542 | Test Acc. 86.8119%
AdamP on OSDataset_transformed: T 2/3 | E 105/200 Ended | E Time: 54.212s | ~Time Left: 5150.174s |  Train Loss: 0.2483 | Train Acc. 91.1393% | Test Loss: 0.3475 | Test Acc. 87.5378%
AdamP on OSDataset_transformed: T 2/3 | E 106/200 Ended | E Time: 54.502s | ~Time Left: 5123.211s |  Train Loss: 0.2489 | Train Acc. 90.6782% | Test Loss: 0.3314 | Test Acc. 88.6872%
AdamP on OSDataset_transformed: T 2/3 | E 107/200 Ended | E Time: 54.089s | ~Time Left: 5030.240s |  Train Loss: 0.2411 | Train Acc. 91.0562% | Test Loss: 0.3150 | Test Acc. 89.7157%
AdamP on OSDataset_transformed: T 2/3 | E 108/200 Ended | E Time: 54.331s | ~Time Left: 4998.459s |  Train Loss: 0.2443 | Train Acc. 90.8294% | Test Loss: 0.3465 | Test Acc. 88.0218%
AdamP on OSDataset_transformed: T 2/3 | E 109/200 Ended | E Time: 54.480s | ~Time Left: 4957.655s |  Train Loss: 0.2374 | Train Acc. 90.9125% | Test Loss: 0.3776 | Test Acc. 86.9933%
AdamP on OSDataset_transformed: T 2/3 | E 110/200 Ended | E Time: 54.307s | ~Time Left: 4887.675s |  Train Loss: 0.2407 | Train Acc. 90.9503% | Test Loss: 0.3319 | Test Acc. 89.1712%
AdamP on OSDataset_transformed: T 2/3 | E 111/200 Ended | E Time: 54.343s | ~Time Left: 4836.520s |  Train Loss: 0.2393 | Train Acc. 91.0788% | Test Loss: 0.3370 | Test Acc. 87.4773%
AdamP on OSDataset_transformed: T 2/3 | E 112/200 Ended | E Time: 54.314s | ~Time Left: 4779.603s |  Train Loss: 0.2406 | Train Acc. 90.9201% | Test Loss: 0.3066 | Test Acc. 88.6872%
AdamP on OSDataset_transformed: T 2/3 | E 113/200 Ended | E Time: 54.393s | ~Time Left: 4732.220s |  Train Loss: 0.2375 | Train Acc. 91.1620% | Test Loss: 0.3276 | Test Acc. 88.6872%
AdamP on OSDataset_transformed: T 2/3 | E 114/200 Ended | E Time: 54.565s | ~Time Left: 4692.580s |  Train Loss: 0.2316 | Train Acc. 91.5249% | Test Loss: 0.3090 | Test Acc. 89.2317%
AdamP on OSDataset_transformed: T 2/3 | E 115/200 Ended | E Time: 54.527s | ~Time Left: 4634.758s |  Train Loss: 0.2344 | Train Acc. 91.0864% | Test Loss: 0.3419 | Test Acc. 87.9008%
AdamP on OSDataset_transformed: T 2/3 | E 116/200 Ended | E Time: 54.366s | ~Time Left: 4566.752s |  Train Loss: 0.2365 | Train Acc. 91.4644% | Test Loss: 0.3239 | Test Acc. 89.3527%
AdamP on OSDataset_transformed: T 2/3 | E 117/200 Ended | E Time: 54.336s | ~Time Left: 4509.924s |  Train Loss: 0.2271 | Train Acc. 91.2452% | Test Loss: 0.3385 | Test Acc. 89.4132%
AdamP on OSDataset_transformed: T 2/3 | E 118/200 Ended | E Time: 54.289s | ~Time Left: 4451.720s |  Train Loss: 0.2300 | Train Acc. 91.3888% | Test Loss: 0.3326 | Test Acc. 88.6267%
AdamP on OSDataset_transformed: T 2/3 | E 119/200 Ended | E Time: 54.368s | ~Time Left: 4403.803s |  Train Loss: 0.2319 | Train Acc. 91.3359% | Test Loss: 0.3252 | Test Acc. 89.4737%
AdamP on OSDataset_transformed: T 2/3 | E 120/200 Ended | E Time: 54.514s | ~Time Left: 4361.158s |  Train Loss: 0.2299 | Train Acc. 91.2452% | Test Loss: 0.3486 | Test Acc. 88.3243%
AdamP on OSDataset_transformed: T 2/3 | E 121/200 Ended | E Time: 54.313s | ~Time Left: 4290.703s |  Train Loss: 0.2281 | Train Acc. 91.4039% | Test Loss: 0.3315 | Test Acc. 89.0502%
AdamP on OSDataset_transformed: T 2/3 | E 122/200 Ended | E Time: 54.323s | ~Time Left: 4237.216s |  Train Loss: 0.2237 | Train Acc. 91.7971% | Test Loss: 0.3383 | Test Acc. 88.1428%
AdamP on OSDataset_transformed: T 2/3 | E 123/200 Ended | E Time: 54.184s | ~Time Left: 4172.147s |  Train Loss: 0.2249 | Train Acc. 91.6081% | Test Loss: 0.3475 | Test Acc. 87.4168%
AdamP on OSDataset_transformed: T 2/3 | E 124/200 Ended | E Time: 54.156s | ~Time Left: 4115.859s |  Train Loss: 0.2222 | Train Acc. 91.6156% | Test Loss: 0.3272 | Test Acc. 88.6872%
AdamP on OSDataset_transformed: T 2/3 | E 125/200 Ended | E Time: 54.279s | ~Time Left: 4070.962s |  Train Loss: 0.2186 | Train Acc. 91.6686% | Test Loss: 0.3688 | Test Acc. 87.2353%
AdamP on OSDataset_transformed: T 2/3 | E 126/200 Ended | E Time: 54.535s | ~Time Left: 4035.569s |  Train Loss: 0.2294 | Train Acc. 91.1620% | Test Loss: 0.3104 | Test Acc. 89.1712%
AdamP on OSDataset_transformed: T 2/3 | E 127/200 Ended | E Time: 54.136s | ~Time Left: 3951.915s |  Train Loss: 0.2187 | Train Acc. 91.9029% | Test Loss: 0.3387 | Test Acc. 88.2033%
AdamP on OSDataset_transformed: T 2/3 | E 128/200 Ended | E Time: 54.311s | ~Time Left: 3910.426s |  Train Loss: 0.2235 | Train Acc. 91.6912% | Test Loss: 0.3441 | Test Acc. 88.2638%
AdamP on OSDataset_transformed: T 2/3 | E 129/200 Ended | E Time: 54.498s | ~Time Left: 3869.342s |  Train Loss: 0.2135 | Train Acc. 92.0617% | Test Loss: 0.3271 | Test Acc. 89.7157%
AdamP on OSDataset_transformed: T 2/3 | E 130/200 Ended | E Time: 54.278s | ~Time Left: 3799.464s |  Train Loss: 0.2243 | Train Acc. 91.7593% | Test Loss: 0.3299 | Test Acc. 89.4132%
AdamP on OSDataset_transformed: T 2/3 | E 131/200 Ended | E Time: 54.643s | ~Time Left: 3770.370s |  Train Loss: 0.2129 | Train Acc. 92.1071% | Test Loss: 0.3591 | Test Acc. 87.7798%
AdamP on OSDataset_transformed: T 2/3 | E 132/200 Ended | E Time: 54.435s | ~Time Left: 3701.602s |  Train Loss: 0.2158 | Train Acc. 91.8576% | Test Loss: 0.3436 | Test Acc. 88.5057%
AdamP on OSDataset_transformed: T 2/3 | E 133/200 Ended | E Time: 54.199s | ~Time Left: 3631.321s |  Train Loss: 0.2148 | Train Acc. 91.9105% | Test Loss: 0.3427 | Test Acc. 89.4132%
AdamP on OSDataset_transformed: T 2/3 | E 134/200 Ended | E Time: 54.498s | ~Time Left: 3596.856s |  Train Loss: 0.2220 | Train Acc. 91.6912% | Test Loss: 0.3443 | Test Acc. 88.2638%
AdamP on OSDataset_transformed: T 2/3 | E 135/200 Ended | E Time: 54.313s | ~Time Left: 3530.339s |  Train Loss: 0.2183 | Train Acc. 91.6232% | Test Loss: 0.3612 | Test Acc. 87.0538%
AdamP on OSDataset_transformed: T 2/3 | E 136/200 Ended | E Time: 54.304s | ~Time Left: 3475.473s |  Train Loss: 0.2184 | Train Acc. 91.5552% | Test Loss: 0.3106 | Test Acc. 89.1107%
AdamP on OSDataset_transformed: T 2/3 | E 137/200 Ended | E Time: 54.631s | ~Time Left: 3441.742s |  Train Loss: 0.2097 | Train Acc. 91.9332% | Test Loss: 0.3038 | Test Acc. 89.1107%
AdamP on OSDataset_transformed: T 2/3 | E 138/200 Ended | E Time: 54.321s | ~Time Left: 3367.929s |  Train Loss: 0.2084 | Train Acc. 92.0466% | Test Loss: 0.3254 | Test Acc. 88.5662%
AdamP on OSDataset_transformed: T 2/3 | E 139/200 Ended | E Time: 54.228s | ~Time Left: 3307.916s |  Train Loss: 0.2158 | Train Acc. 91.6459% | Test Loss: 0.3367 | Test Acc. 88.6267%
AdamP on OSDataset_transformed: T 2/3 | E 140/200 Ended | E Time: 54.425s | ~Time Left: 3265.474s |  Train Loss: 0.2086 | Train Acc. 92.1751% | Test Loss: 0.3186 | Test Acc. 89.4132%
AdamP on OSDataset_transformed: T 2/3 | E 141/200 Ended | E Time: 54.173s | ~Time Left: 3196.222s |  Train Loss: 0.2018 | Train Acc. 92.4397% | Test Loss: 0.3501 | Test Acc. 88.2033%
AdamP on OSDataset_transformed: T 2/3 | E 142/200 Ended | E Time: 54.241s | ~Time Left: 3145.961s |  Train Loss: 0.2062 | Train Acc. 92.1222% | Test Loss: 0.3117 | Test Acc. 89.0502%
AdamP on OSDataset_transformed: T 2/3 | E 143/200 Ended | E Time: 54.279s | ~Time Left: 3093.876s |  Train Loss: 0.2096 | Train Acc. 91.9710% | Test Loss: 0.3395 | Test Acc. 89.3527%
AdamP on OSDataset_transformed: T 2/3 | E 144/200 Ended | E Time: 54.421s | ~Time Left: 3047.585s |  Train Loss: 0.2084 | Train Acc. 91.9105% | Test Loss: 0.3298 | Test Acc. 88.6267%
AdamP on OSDataset_transformed: T 2/3 | E 145/200 Ended | E Time: 54.314s | ~Time Left: 2987.271s |  Train Loss: 0.2018 | Train Acc. 92.2961% | Test Loss: 0.2973 | Test Acc. 89.7762%
AdamP on OSDataset_transformed: T 2/3 | E 146/200 Ended | E Time: 54.207s | ~Time Left: 2927.173s |  Train Loss: 0.2044 | Train Acc. 92.2356% | Test Loss: 0.3475 | Test Acc. 88.3848%
AdamP on OSDataset_transformed: T 2/3 | E 147/200 Ended | E Time: 54.549s | ~Time Left: 2891.071s |  Train Loss: 0.2045 | Train Acc. 92.3490% | Test Loss: 0.3391 | Test Acc. 89.2922%
AdamP on OSDataset_transformed: T 2/3 | E 148/200 Ended | E Time: 54.510s | ~Time Left: 2834.503s |  Train Loss: 0.2043 | Train Acc. 92.3641% | Test Loss: 0.3401 | Test Acc. 88.8082%
AdamP on OSDataset_transformed: T 2/3 | E 149/200 Ended | E Time: 54.219s | ~Time Left: 2765.159s |  Train Loss: 0.1967 | Train Acc. 92.5380% | Test Loss: 0.3211 | Test Acc. 89.8367%
AdamP on OSDataset_transformed: T 2/3 | E 150/200 Ended | E Time: 54.208s | ~Time Left: 2710.425s |  Train Loss: 0.2045 | Train Acc. 92.2583% | Test Loss: 0.3165 | Test Acc. 89.7157%
AdamP on OSDataset_transformed: T 2/3 | E 151/200 Ended | E Time: 54.229s | ~Time Left: 2657.220s |  Train Loss: 0.1966 | Train Acc. 92.7346% | Test Loss: 0.3358 | Test Acc. 89.2317%
AdamP on OSDataset_transformed: T 2/3 | E 152/200 Ended | E Time: 54.261s | ~Time Left: 2604.525s |  Train Loss: 0.2008 | Train Acc. 92.2809% | Test Loss: 0.3289 | Test Acc. 89.8972%
AdamP on OSDataset_transformed: T 2/3 | E 153/200 Ended | E Time: 54.283s | ~Time Left: 2551.297s |  Train Loss: 0.1949 | Train Acc. 92.4321% | Test Loss: 0.3130 | Test Acc. 89.7762%
AdamP on OSDataset_transformed: T 2/3 | E 154/200 Ended | E Time: 54.405s | ~Time Left: 2502.614s |  Train Loss: 0.1921 | Train Acc. 92.6287% | Test Loss: 0.3364 | Test Acc. 88.5662%
AdamP on OSDataset_transformed: T 2/3 | E 155/200 Ended | E Time: 54.322s | ~Time Left: 2444.481s |  Train Loss: 0.1963 | Train Acc. 92.7119% | Test Loss: 0.3266 | Test Acc. 88.6872%
AdamP on OSDataset_transformed: T 2/3 | E 156/200 Ended | E Time: 54.299s | ~Time Left: 2389.148s |  Train Loss: 0.1886 | Train Acc. 92.9840% | Test Loss: 0.3189 | Test Acc. 89.7762%
AdamP on OSDataset_transformed: T 2/3 | E 157/200 Ended | E Time: 54.181s | ~Time Left: 2329.797s |  Train Loss: 0.1911 | Train Acc. 92.9236% | Test Loss: 0.3546 | Test Acc. 88.2033%
AdamP on OSDataset_transformed: T 2/3 | E 158/200 Ended | E Time: 54.011s | ~Time Left: 2268.456s |  Train Loss: 0.1925 | Train Acc. 92.7497% | Test Loss: 0.3239 | Test Acc. 89.3527%
AdamP on OSDataset_transformed: T 2/3 | E 159/200 Ended | E Time: 54.286s | ~Time Left: 2225.731s |  Train Loss: 0.1910 | Train Acc. 92.7950% | Test Loss: 0.3160 | Test Acc. 88.9897%
AdamP on OSDataset_transformed: T 2/3 | E 160/200 Ended | E Time: 54.421s | ~Time Left: 2176.823s |  Train Loss: 0.1867 | Train Acc. 92.8555% | Test Loss: 0.3740 | Test Acc. 87.1143%
AdamP on OSDataset_transformed: T 2/3 | E 161/200 Ended | E Time: 54.271s | ~Time Left: 2116.578s |  Train Loss: 0.1886 | Train Acc. 92.8102% | Test Loss: 0.3189 | Test Acc. 89.5342%
AdamP on OSDataset_transformed: T 2/3 | E 162/200 Ended | E Time: 54.377s | ~Time Left: 2066.316s |  Train Loss: 0.1811 | Train Acc. 93.1201% | Test Loss: 0.3611 | Test Acc. 88.3243%
AdamP on OSDataset_transformed: T 2/3 | E 163/200 Ended | E Time: 54.093s | ~Time Left: 2001.448s |  Train Loss: 0.1883 | Train Acc. 92.8706% | Test Loss: 0.3402 | Test Acc. 89.2922%
AdamP on OSDataset_transformed: T 2/3 | E 164/200 Ended | E Time: 54.536s | ~Time Left: 1963.311s |  Train Loss: 0.1897 | Train Acc. 92.6741% | Test Loss: 0.3401 | Test Acc. 88.3848%
AdamP on OSDataset_transformed: T 2/3 | E 165/200 Ended | E Time: 54.475s | ~Time Left: 1906.642s |  Train Loss: 0.1861 | Train Acc. 92.7572% | Test Loss: 0.3579 | Test Acc. 87.2958%
AdamP on OSDataset_transformed: T 2/3 | E 166/200 Ended | E Time: 54.265s | ~Time Left: 1844.994s |  Train Loss: 0.1928 | Train Acc. 92.8253% | Test Loss: 0.3076 | Test Acc. 89.2922%
AdamP on OSDataset_transformed: T 2/3 | E 167/200 Ended | E Time: 54.264s | ~Time Left: 1790.727s |  Train Loss: 0.1830 | Train Acc. 93.0219% | Test Loss: 0.3104 | Test Acc. 89.8367%
AdamP on OSDataset_transformed: T 2/3 | E 168/200 Ended | E Time: 54.408s | ~Time Left: 1741.045s |  Train Loss: 0.1848 | Train Acc. 92.9689% | Test Loss: 0.2962 | Test Acc. 89.9576%
AdamP on OSDataset_transformed: T 2/3 | E 169/200 Ended | E Time: 54.335s | ~Time Left: 1684.386s |  Train Loss: 0.1793 | Train Acc. 93.1277% | Test Loss: 0.3380 | Test Acc. 89.7762%
AdamP on OSDataset_transformed: T 2/3 | E 170/200 Ended | E Time: 54.301s | ~Time Left: 1629.034s |  Train Loss: 0.1868 | Train Acc. 92.9311% | Test Loss: 0.2962 | Test Acc. 90.9256%
AdamP on OSDataset_transformed: T 2/3 | E 171/200 Ended | E Time: 54.081s | ~Time Left: 1568.346s |  Train Loss: 0.1937 | Train Acc. 92.4851% | Test Loss: 0.3287 | Test Acc. 88.6872%
AdamP on OSDataset_transformed: T 2/3 | E 172/200 Ended | E Time: 53.945s | ~Time Left: 1510.461s |  Train Loss: 0.1831 | Train Acc. 92.9009% | Test Loss: 0.3229 | Test Acc. 89.7157%
AdamP on OSDataset_transformed: T 2/3 | E 173/200 Ended | E Time: 54.264s | ~Time Left: 1465.130s |  Train Loss: 0.1780 | Train Acc. 93.2940% | Test Loss: 0.2864 | Test Acc. 89.7157%
AdamP on OSDataset_transformed: T 2/3 | E 174/200 Ended | E Time: 54.346s | ~Time Left: 1413.004s |  Train Loss: 0.1841 | Train Acc. 92.9462% | Test Loss: 0.3471 | Test Acc. 88.2033%
AdamP on OSDataset_transformed: T 2/3 | E 175/200 Ended | E Time: 54.312s | ~Time Left: 1357.790s |  Train Loss: 0.1815 | Train Acc. 93.0143% | Test Loss: 0.3129 | Test Acc. 89.9576%
AdamP on OSDataset_transformed: T 2/3 | E 176/200 Ended | E Time: 54.164s | ~Time Left: 1299.947s |  Train Loss: 0.1823 | Train Acc. 93.0596% | Test Loss: 0.3218 | Test Acc. 89.2922%
AdamP on OSDataset_transformed: T 2/3 | E 177/200 Ended | E Time: 54.045s | ~Time Left: 1243.038s |  Train Loss: 0.1753 | Train Acc. 93.4301% | Test Loss: 0.3114 | Test Acc. 90.0181%
AdamP on OSDataset_transformed: T 2/3 | E 178/200 Ended | E Time: 54.216s | ~Time Left: 1192.745s |  Train Loss: 0.1785 | Train Acc. 93.0823% | Test Loss: 0.3388 | Test Acc. 89.0502%
AdamP on OSDataset_transformed: T 2/3 | E 179/200 Ended | E Time: 54.128s | ~Time Left: 1136.685s |  Train Loss: 0.1769 | Train Acc. 93.1428% | Test Loss: 0.2891 | Test Acc. 90.6231%
AdamP on OSDataset_transformed: T 2/3 | E 180/200 Ended | E Time: 54.492s | ~Time Left: 1089.840s |  Train Loss: 0.1722 | Train Acc. 93.3696% | Test Loss: 0.3477 | Test Acc. 88.6267%
AdamP on OSDataset_transformed: T 2/3 | E 181/200 Ended | E Time: 54.201s | ~Time Left: 1029.825s |  Train Loss: 0.1741 | Train Acc. 93.4528% | Test Loss: 0.3234 | Test Acc. 89.4132%
AdamP on OSDataset_transformed: T 2/3 | E 182/200 Ended | E Time: 54.159s | ~Time Left: 974.858s |  Train Loss: 0.1688 | Train Acc. 93.7325% | Test Loss: 0.3092 | Test Acc. 90.5021%
AdamP on OSDataset_transformed: T 2/3 | E 183/200 Ended | E Time: 54.346s | ~Time Left: 923.878s |  Train Loss: 0.1724 | Train Acc. 93.5359% | Test Loss: 0.2988 | Test Acc. 90.3811%
AdamP on OSDataset_transformed: T 2/3 | E 184/200 Ended | E Time: 54.484s | ~Time Left: 871.738s |  Train Loss: 0.1693 | Train Acc. 93.7098% | Test Loss: 0.3208 | Test Acc. 88.5057%
AdamP on OSDataset_transformed: T 2/3 | E 185/200 Ended | E Time: 54.721s | ~Time Left: 820.812s |  Train Loss: 0.1740 | Train Acc. 93.3394% | Test Loss: 0.3264 | Test Acc. 89.2317%
AdamP on OSDataset_transformed: T 2/3 | E 186/200 Ended | E Time: 54.556s | ~Time Left: 763.783s |  Train Loss: 0.1713 | Train Acc. 93.3545% | Test Loss: 0.3394 | Test Acc. 90.2601%
AdamP on OSDataset_transformed: T 2/3 | E 187/200 Ended | E Time: 54.278s | ~Time Left: 705.609s |  Train Loss: 0.1650 | Train Acc. 93.6569% | Test Loss: 0.3394 | Test Acc. 89.5342%
AdamP on OSDataset_transformed: T 2/3 | E 188/200 Ended | E Time: 54.258s | ~Time Left: 651.092s |  Train Loss: 0.1688 | Train Acc. 93.5889% | Test Loss: 0.3507 | Test Acc. 89.3527%
AdamP on OSDataset_transformed: T 2/3 | E 189/200 Ended | E Time: 54.423s | ~Time Left: 598.650s |  Train Loss: 0.1665 | Train Acc. 93.8610% | Test Loss: 0.3068 | Test Acc. 90.5021%
AdamP on OSDataset_transformed: T 2/3 | E 190/200 Ended | E Time: 54.575s | ~Time Left: 545.754s |  Train Loss: 0.1644 | Train Acc. 93.8610% | Test Loss: 0.3545 | Test Acc. 87.7193%
AdamP on OSDataset_transformed: T 2/3 | E 191/200 Ended | E Time: 54.390s | ~Time Left: 489.508s |  Train Loss: 0.1678 | Train Acc. 93.5586% | Test Loss: 0.3354 | Test Acc. 89.5342%
AdamP on OSDataset_transformed: T 2/3 | E 192/200 Ended | E Time: 54.476s | ~Time Left: 435.808s |  Train Loss: 0.1606 | Train Acc. 93.7325% | Test Loss: 0.3068 | Test Acc. 90.3206%
AdamP on OSDataset_transformed: T 2/3 | E 193/200 Ended | E Time: 54.245s | ~Time Left: 379.713s |  Train Loss: 0.1630 | Train Acc. 93.7779% | Test Loss: 0.3085 | Test Acc. 89.2317%
AdamP on OSDataset_transformed: T 2/3 | E 194/200 Ended | E Time: 54.309s | ~Time Left: 325.854s |  Train Loss: 0.1629 | Train Acc. 94.0500% | Test Loss: 0.3829 | Test Acc. 87.5378%
AdamP on OSDataset_transformed: T 2/3 | E 195/200 Ended | E Time: 54.457s | ~Time Left: 272.287s |  Train Loss: 0.1564 | Train Acc. 93.8535% | Test Loss: 0.3522 | Test Acc. 88.9897%
AdamP on OSDataset_transformed: T 2/3 | E 196/200 Ended | E Time: 54.328s | ~Time Left: 217.312s |  Train Loss: 0.1559 | Train Acc. 93.9518% | Test Loss: 0.3269 | Test Acc. 90.0181%
AdamP on OSDataset_transformed: T 2/3 | E 197/200 Ended | E Time: 54.303s | ~Time Left: 162.909s |  Train Loss: 0.1625 | Train Acc. 93.6872% | Test Loss: 0.3424 | Test Acc. 89.2922%
AdamP on OSDataset_transformed: T 2/3 | E 198/200 Ended | E Time: 54.187s | ~Time Left: 108.374s |  Train Loss: 0.1634 | Train Acc. 93.7779% | Test Loss: 0.3298 | Test Acc. 88.2638%
AdamP on OSDataset_transformed: T 2/3 | E 199/200 Ended | E Time: 54.454s | ~Time Left: 54.454s |  Train Loss: 0.1594 | Train Acc. 93.8988% | Test Loss: 0.3625 | Test Acc. 89.1107%
AdamP on OSDataset_transformed: T 2/3 | E 200/200 Ended | E Time: 54.266s | ~Time Left: 0.000s |  Train Loss: 0.1588 | Train Acc. 93.9669% | Test Loss: 0.3262 | Test Acc. 88.5662%
AdamP on OSDataset_transformed: T 3/3 | E 1/200 Ended | E Time: 54.271s | ~Time Left: 10799.981s |  Train Loss: 0.7884 | Train Acc. 70.8853% | Test Loss: 0.7535 | Test Acc. 71.2039%
AdamP on OSDataset_transformed: T 3/3 | E 2/200 Ended | E Time: 54.347s | ~Time Left: 10760.704s |  Train Loss: 0.6683 | Train Acc. 75.4064% | Test Loss: 0.6243 | Test Acc. 76.5880%
AdamP on OSDataset_transformed: T 3/3 | E 3/200 Ended | E Time: 54.223s | ~Time Left: 10681.883s |  Train Loss: 0.6245 | Train Acc. 77.0318% | Test Loss: 0.5803 | Test Acc. 78.5844%
AdamP on OSDataset_transformed: T 3/3 | E 4/200 Ended | E Time: 54.177s | ~Time Left: 10618.720s |  Train Loss: 0.5742 | Train Acc. 78.9295% | Test Loss: 0.5254 | Test Acc. 80.8227%
AdamP on OSDataset_transformed: T 3/3 | E 5/200 Ended | E Time: 54.260s | ~Time Left: 10580.679s |  Train Loss: 0.5505 | Train Acc. 79.9728% | Test Loss: 0.6101 | Test Acc. 78.7054%
AdamP on OSDataset_transformed: T 3/3 | E 6/200 Ended | E Time: 54.390s | ~Time Left: 10551.749s |  Train Loss: 0.5199 | Train Acc. 81.5831% | Test Loss: 0.5054 | Test Acc. 81.9117%
AdamP on OSDataset_transformed: T 3/3 | E 7/200 Ended | E Time: 54.077s | ~Time Left: 10436.939s |  Train Loss: 0.5099 | Train Acc. 81.5831% | Test Loss: 0.5064 | Test Acc. 81.8512%
AdamP on OSDataset_transformed: T 3/3 | E 8/200 Ended | E Time: 54.383s | ~Time Left: 10441.551s |  Train Loss: 0.4947 | Train Acc. 82.5886% | Test Loss: 0.4810 | Test Acc. 82.8796%
AdamP on OSDataset_transformed: T 3/3 | E 9/200 Ended | E Time: 54.335s | ~Time Left: 10378.021s |  Train Loss: 0.4878 | Train Acc. 82.7550% | Test Loss: 0.5093 | Test Acc. 82.0327%
AdamP on OSDataset_transformed: T 3/3 | E 10/200 Ended | E Time: 54.414s | ~Time Left: 10338.678s |  Train Loss: 0.4803 | Train Acc. 82.9289% | Test Loss: 0.5016 | Test Acc. 82.2142%
AdamP on OSDataset_transformed: T 3/3 | E 11/200 Ended | E Time: 54.591s | ~Time Left: 10317.763s |  Train Loss: 0.4710 | Train Acc. 83.1708% | Test Loss: 0.4689 | Test Acc. 82.4561%
AdamP on OSDataset_transformed: T 3/3 | E 12/200 Ended | E Time: 54.369s | ~Time Left: 10221.436s |  Train Loss: 0.4588 | Train Acc. 83.3371% | Test Loss: 0.4479 | Test Acc. 84.5735%
AdamP on OSDataset_transformed: T 3/3 | E 13/200 Ended | E Time: 54.228s | ~Time Left: 10140.700s |  Train Loss: 0.4605 | Train Acc. 83.5488% | Test Loss: 0.4682 | Test Acc. 83.3636%
AdamP on OSDataset_transformed: T 3/3 | E 14/200 Ended | E Time: 54.463s | ~Time Left: 10130.078s |  Train Loss: 0.4445 | Train Acc. 84.5468% | Test Loss: 0.4927 | Test Acc. 81.7302%
AdamP on OSDataset_transformed: T 3/3 | E 15/200 Ended | E Time: 54.161s | ~Time Left: 10019.754s |  Train Loss: 0.4420 | Train Acc. 84.2292% | Test Loss: 0.4606 | Test Acc. 83.3031%
AdamP on OSDataset_transformed: T 3/3 | E 16/200 Ended | E Time: 55.101s | ~Time Left: 10138.606s |  Train Loss: 0.4339 | Train Acc. 84.4182% | Test Loss: 0.4762 | Test Acc. 82.0932%
AdamP on OSDataset_transformed: T 3/3 | E 17/200 Ended | E Time: 54.242s | ~Time Left: 9926.335s |  Train Loss: 0.4278 | Train Acc. 84.7131% | Test Loss: 0.4353 | Test Acc. 84.9365%
AdamP on OSDataset_transformed: T 3/3 | E 18/200 Ended | E Time: 54.300s | ~Time Left: 9882.632s |  Train Loss: 0.4199 | Train Acc. 84.5619% | Test Loss: 0.4658 | Test Acc. 83.1216%
AdamP on OSDataset_transformed: T 3/3 | E 19/200 Ended | E Time: 54.441s | ~Time Left: 9853.855s |  Train Loss: 0.4212 | Train Acc. 84.8265% | Test Loss: 0.4991 | Test Acc. 80.5203%
AdamP on OSDataset_transformed: T 3/3 | E 20/200 Ended | E Time: 54.523s | ~Time Left: 9814.113s |  Train Loss: 0.4169 | Train Acc. 84.9097% | Test Loss: 0.4038 | Test Acc. 85.5414%
AdamP on OSDataset_transformed: T 3/3 | E 21/200 Ended | E Time: 54.156s | ~Time Left: 9693.843s |  Train Loss: 0.3972 | Train Acc. 85.9379% | Test Loss: 0.4475 | Test Acc. 84.0895%
AdamP on OSDataset_transformed: T 3/3 | E 22/200 Ended | E Time: 54.409s | ~Time Left: 9684.775s |  Train Loss: 0.3973 | Train Acc. 85.5145% | Test Loss: 0.3936 | Test Acc. 85.4204%
AdamP on OSDataset_transformed: T 3/3 | E 23/200 Ended | E Time: 54.169s | ~Time Left: 9587.964s |  Train Loss: 0.3927 | Train Acc. 85.8925% | Test Loss: 0.4658 | Test Acc. 83.1821%
AdamP on OSDataset_transformed: T 3/3 | E 24/200 Ended | E Time: 54.396s | ~Time Left: 9573.777s |  Train Loss: 0.3893 | Train Acc. 85.8320% | Test Loss: 0.4153 | Test Acc. 84.5130%
AdamP on OSDataset_transformed: T 3/3 | E 25/200 Ended | E Time: 54.504s | ~Time Left: 9538.158s |  Train Loss: 0.3832 | Train Acc. 85.9303% | Test Loss: 0.3994 | Test Acc. 86.0859%
AdamP on OSDataset_transformed: T 3/3 | E 26/200 Ended | E Time: 54.747s | ~Time Left: 9525.945s |  Train Loss: 0.3816 | Train Acc. 86.1571% | Test Loss: 0.4124 | Test Acc. 85.8439%
AdamP on OSDataset_transformed: T 3/3 | E 27/200 Ended | E Time: 54.219s | ~Time Left: 9379.885s |  Train Loss: 0.3800 | Train Acc. 86.3159% | Test Loss: 0.3813 | Test Acc. 86.5094%
AdamP on OSDataset_transformed: T 3/3 | E 28/200 Ended | E Time: 54.294s | ~Time Left: 9338.530s |  Train Loss: 0.3768 | Train Acc. 86.2251% | Test Loss: 0.4032 | Test Acc. 85.2390%
AdamP on OSDataset_transformed: T 3/3 | E 29/200 Ended | E Time: 54.625s | ~Time Left: 9340.959s |  Train Loss: 0.3678 | Train Acc. 86.6712% | Test Loss: 0.3927 | Test Acc. 85.8439%
AdamP on OSDataset_transformed: T 3/3 | E 30/200 Ended | E Time: 54.276s | ~Time Left: 9226.992s |  Train Loss: 0.3690 | Train Acc. 86.6258% | Test Loss: 0.3878 | Test Acc. 86.6909%
AdamP on OSDataset_transformed: T 3/3 | E 31/200 Ended | E Time: 54.324s | ~Time Left: 9180.712s |  Train Loss: 0.3600 | Train Acc. 86.8073% | Test Loss: 0.4091 | Test Acc. 85.2995%
AdamP on OSDataset_transformed: T 3/3 | E 32/200 Ended | E Time: 54.411s | ~Time Left: 9141.045s |  Train Loss: 0.3627 | Train Acc. 86.7317% | Test Loss: 0.4648 | Test Acc. 82.8796%
AdamP on OSDataset_transformed: T 3/3 | E 33/200 Ended | E Time: 54.254s | ~Time Left: 9060.375s |  Train Loss: 0.3659 | Train Acc. 86.5124% | Test Loss: 0.3919 | Test Acc. 85.6019%
AdamP on OSDataset_transformed: T 3/3 | E 34/200 Ended | E Time: 54.388s | ~Time Left: 9028.477s |  Train Loss: 0.3579 | Train Acc. 87.1777% | Test Loss: 0.4227 | Test Acc. 85.5414%
AdamP on OSDataset_transformed: T 3/3 | E 35/200 Ended | E Time: 54.385s | ~Time Left: 8973.506s |  Train Loss: 0.3539 | Train Acc. 87.2609% | Test Loss: 0.3878 | Test Acc. 85.8439%
AdamP on OSDataset_transformed: T 3/3 | E 36/200 Ended | E Time: 55.642s | ~Time Left: 9125.238s |  Train Loss: 0.3456 | Train Acc. 87.4121% | Test Loss: 0.4561 | Test Acc. 84.4525%
AdamP on OSDataset_transformed: T 3/3 | E 37/200 Ended | E Time: 54.346s | ~Time Left: 8858.458s |  Train Loss: 0.3490 | Train Acc. 87.4348% | Test Loss: 0.4395 | Test Acc. 83.6661%
AdamP on OSDataset_transformed: T 3/3 | E 38/200 Ended | E Time: 54.378s | ~Time Left: 8809.279s |  Train Loss: 0.3466 | Train Acc. 87.1929% | Test Loss: 0.3770 | Test Acc. 86.9328%
AdamP on OSDataset_transformed: T 3/3 | E 39/200 Ended | E Time: 54.414s | ~Time Left: 8760.629s |  Train Loss: 0.3468 | Train Acc. 87.4953% | Test Loss: 0.3960 | Test Acc. 86.0254%
AdamP on OSDataset_transformed: T 3/3 | E 40/200 Ended | E Time: 54.390s | ~Time Left: 8702.444s |  Train Loss: 0.3420 | Train Acc. 87.6767% | Test Loss: 0.4069 | Test Acc. 84.7550%
AdamP on OSDataset_transformed: T 3/3 | E 41/200 Ended | E Time: 54.235s | ~Time Left: 8623.322s |  Train Loss: 0.3390 | Train Acc. 87.6616% | Test Loss: 0.3870 | Test Acc. 86.8724%
AdamP on OSDataset_transformed: T 3/3 | E 42/200 Ended | E Time: 54.371s | ~Time Left: 8590.603s |  Train Loss: 0.3352 | Train Acc. 87.7826% | Test Loss: 0.4087 | Test Acc. 85.5414%
AdamP on OSDataset_transformed: T 3/3 | E 43/200 Ended | E Time: 54.350s | ~Time Left: 8532.949s |  Train Loss: 0.3302 | Train Acc. 87.9791% | Test Loss: 0.3706 | Test Acc. 86.9933%
AdamP on OSDataset_transformed: T 3/3 | E 44/200 Ended | E Time: 54.272s | ~Time Left: 8466.497s |  Train Loss: 0.3286 | Train Acc. 88.1455% | Test Loss: 0.3666 | Test Acc. 87.1143%
AdamP on OSDataset_transformed: T 3/3 | E 45/200 Ended | E Time: 54.183s | ~Time Left: 8398.396s |  Train Loss: 0.3250 | Train Acc. 88.0169% | Test Loss: 0.3631 | Test Acc. 87.1143%
AdamP on OSDataset_transformed: T 3/3 | E 46/200 Ended | E Time: 54.834s | ~Time Left: 8444.483s |  Train Loss: 0.3304 | Train Acc. 88.1077% | Test Loss: 0.3791 | Test Acc. 87.1748%
AdamP on OSDataset_transformed: T 3/3 | E 47/200 Ended | E Time: 54.138s | ~Time Left: 8283.180s |  Train Loss: 0.3292 | Train Acc. 87.9867% | Test Loss: 0.3742 | Test Acc. 86.7514%
AdamP on OSDataset_transformed: T 3/3 | E 48/200 Ended | E Time: 54.573s | ~Time Left: 8295.173s |  Train Loss: 0.3201 | Train Acc. 88.2740% | Test Loss: 0.3850 | Test Acc. 85.9649%
slurmstepd: error: *** JOB 7068150 ON cdr2565 CANCELLED AT 2021-07-07T06:46:36 ***
