transferring data
Tue Jul  6 23:56:45 PDT 2021

Finished transferring
Tue Jul  6 23:56:48 PDT 2021

Adas: Argument Parser Options
---------------------------------------------
    config              : PostTrainingConfigs/OSDataset_transformed_testing/AdamP/lr-0.00005-config-AdamP.yaml
    data                : /localscratch/zhan8425.7068159.0        
    output              : ImageNet_post_trained/OSDataset_transformed/AdamP/output/fine_tuning
    checkpoint          : ImageNet_post_trained/OSDataset_transformed/AdamP/checkpoint/fine_tuning/lr-0.00005
    resume              : None                                    
    pretrained_model    : ImageNet                                
    freeze_encoder      : 1                                       
    root                : .                                       
    save_freq           : 200                                     
    cpu                 : 0                                       
    gpu                 : 0                                       
    mpd                 : 0                                       
    dist_url            : tcp://127.0.0.1:23456                   
    dist_backend        : nccl                                    
    world_size          : -1                                      
    rank                : -1                                      
---------------------------------------------
Adas: Notice: early stop will not be used as it was set to -1.0, training till completion
Adas: Experiment Configuration
---------------------------------------------
    dataset              OSDataset_transformed
    network              ResNet18            
    optimizer            AdamP               
    scheduler            None                
    level                L3Only              
    color_kwargs         {'augmentation': 'Color-Distortion', 'distortion': 0.3}
    degree_of_rotation   45                  
    vertical_flipping    0.5                 
    horizontal_flipping  0.5                 
    horizontal_shift     0.1                 
    vertical_shift       0.1                 
    gaussian_blur        0                   
    kernel_size          9                   
    variance             0.1                 
    cutout               0                   
    n_holes              1                   
    cutout_length        16                  
    init_lr              5e-05               
    early_stop_threshold -1.0                
    optimizer_kwargs     {'weight_decay': 0.0005}
    scheduler_kwargs     {'gamma': 0.5, 'step_size': 20.0}
    p                    1                   
    start_trial          0                   
    n_trials             3                   
    num_workers          4                   
    max_epochs           200                 
    mini_batch_size      32                  
    loss                 cross_entropy       
    early_stop_patience  10                  
---------------------------------------------
Adas: Pytorch device is set to cuda
AdamP on OSDataset_transformed: T 1/3 | E 1/200 Ended | E Time: 55.290s | ~Time Left: 11002.638s |  Train Loss: 0.7809 | Train Acc. 70.6056% | Test Loss: 0.7394 | Test Acc. 72.8373%
AdamP on OSDataset_transformed: T 1/3 | E 2/200 Ended | E Time: 54.478s | ~Time Left: 10786.615s |  Train Loss: 0.6715 | Train Acc. 75.3534% | Test Loss: 0.7011 | Test Acc. 74.8336%
AdamP on OSDataset_transformed: T 1/3 | E 3/200 Ended | E Time: 54.283s | ~Time Left: 10693.780s |  Train Loss: 0.6334 | Train Acc. 76.5177% | Test Loss: 0.6090 | Test Acc. 78.4634%
AdamP on OSDataset_transformed: T 1/3 | E 4/200 Ended | E Time: 54.471s | ~Time Left: 10676.342s |  Train Loss: 0.6042 | Train Acc. 77.7198% | Test Loss: 0.5714 | Test Acc. 79.1894%
AdamP on OSDataset_transformed: T 1/3 | E 5/200 Ended | E Time: 54.397s | ~Time Left: 10607.360s |  Train Loss: 0.5786 | Train Acc. 79.2394% | Test Loss: 0.6010 | Test Acc. 77.4955%
AdamP on OSDataset_transformed: T 1/3 | E 6/200 Ended | E Time: 54.380s | ~Time Left: 10549.691s |  Train Loss: 0.5478 | Train Acc. 79.9803% | Test Loss: 0.5689 | Test Acc. 78.4634%
AdamP on OSDataset_transformed: T 1/3 | E 7/200 Ended | E Time: 54.562s | ~Time Left: 10530.385s |  Train Loss: 0.5399 | Train Acc. 80.6608% | Test Loss: 0.7035 | Test Acc. 76.5275%
AdamP on OSDataset_transformed: T 1/3 | E 8/200 Ended | E Time: 54.479s | ~Time Left: 10459.975s |  Train Loss: 0.5171 | Train Acc. 81.1975% | Test Loss: 0.5039 | Test Acc. 82.2142%
AdamP on OSDataset_transformed: T 1/3 | E 9/200 Ended | E Time: 54.359s | ~Time Left: 10382.513s |  Train Loss: 0.5064 | Train Acc. 81.6739% | Test Loss: 0.5443 | Test Acc. 80.2783%
AdamP on OSDataset_transformed: T 1/3 | E 10/200 Ended | E Time: 54.290s | ~Time Left: 10315.141s |  Train Loss: 0.4989 | Train Acc. 82.0443% | Test Loss: 0.4956 | Test Acc. 83.2426%
AdamP on OSDataset_transformed: T 1/3 | E 11/200 Ended | E Time: 54.506s | ~Time Left: 10301.625s |  Train Loss: 0.4818 | Train Acc. 82.7776% | Test Loss: 0.5191 | Test Acc. 80.7018%
AdamP on OSDataset_transformed: T 1/3 | E 12/200 Ended | E Time: 54.508s | ~Time Left: 10247.440s |  Train Loss: 0.4758 | Train Acc. 83.1027% | Test Loss: 0.4788 | Test Acc. 83.6661%
AdamP on OSDataset_transformed: T 1/3 | E 13/200 Ended | E Time: 54.550s | ~Time Left: 10200.894s |  Train Loss: 0.4694 | Train Acc. 82.8911% | Test Loss: 0.4501 | Test Acc. 83.6661%
AdamP on OSDataset_transformed: T 1/3 | E 14/200 Ended | E Time: 54.408s | ~Time Left: 10119.979s |  Train Loss: 0.4625 | Train Acc. 83.4505% | Test Loss: 0.5445 | Test Acc. 80.3388%
AdamP on OSDataset_transformed: T 1/3 | E 15/200 Ended | E Time: 54.435s | ~Time Left: 10070.456s |  Train Loss: 0.4536 | Train Acc. 83.5412% | Test Loss: 0.4706 | Test Acc. 82.7586%
AdamP on OSDataset_transformed: T 1/3 | E 16/200 Ended | E Time: 54.521s | ~Time Left: 10031.848s |  Train Loss: 0.4493 | Train Acc. 83.5412% | Test Loss: 0.4538 | Test Acc. 83.1216%
AdamP on OSDataset_transformed: T 1/3 | E 17/200 Ended | E Time: 54.539s | ~Time Left: 9980.721s |  Train Loss: 0.4387 | Train Acc. 83.7832% | Test Loss: 0.4572 | Test Acc. 84.0290%
AdamP on OSDataset_transformed: T 1/3 | E 18/200 Ended | E Time: 54.480s | ~Time Left: 9915.349s |  Train Loss: 0.4393 | Train Acc. 84.1158% | Test Loss: 0.4166 | Test Acc. 85.2995%
AdamP on OSDataset_transformed: T 1/3 | E 19/200 Ended | E Time: 54.439s | ~Time Left: 9853.454s |  Train Loss: 0.4322 | Train Acc. 84.1763% | Test Loss: 0.4215 | Test Acc. 84.9365%
AdamP on OSDataset_transformed: T 1/3 | E 20/200 Ended | E Time: 54.274s | ~Time Left: 9769.352s |  Train Loss: 0.4247 | Train Acc. 84.4031% | Test Loss: 0.4692 | Test Acc. 83.5451%
AdamP on OSDataset_transformed: T 1/3 | E 21/200 Ended | E Time: 54.587s | ~Time Left: 9771.034s |  Train Loss: 0.4198 | Train Acc. 84.5619% | Test Loss: 0.4254 | Test Acc. 84.8760%
AdamP on OSDataset_transformed: T 1/3 | E 22/200 Ended | E Time: 54.776s | ~Time Left: 9750.216s |  Train Loss: 0.4169 | Train Acc. 85.0382% | Test Loss: 0.4401 | Test Acc. 84.3920%
AdamP on OSDataset_transformed: T 1/3 | E 23/200 Ended | E Time: 54.313s | ~Time Left: 9613.439s |  Train Loss: 0.4119 | Train Acc. 84.9777% | Test Loss: 0.4253 | Test Acc. 83.9080%
AdamP on OSDataset_transformed: T 1/3 | E 24/200 Ended | E Time: 54.583s | ~Time Left: 9606.546s |  Train Loss: 0.4034 | Train Acc. 85.2196% | Test Loss: 0.4423 | Test Acc. 83.7870%
AdamP on OSDataset_transformed: T 1/3 | E 25/200 Ended | E Time: 54.355s | ~Time Left: 9512.175s |  Train Loss: 0.4015 | Train Acc. 85.0835% | Test Loss: 0.3973 | Test Acc. 85.4204%
AdamP on OSDataset_transformed: T 1/3 | E 26/200 Ended | E Time: 54.617s | ~Time Left: 9503.439s |  Train Loss: 0.3975 | Train Acc. 85.4389% | Test Loss: 0.4033 | Test Acc. 85.6624%
AdamP on OSDataset_transformed: T 1/3 | E 27/200 Ended | E Time: 54.600s | ~Time Left: 9445.876s |  Train Loss: 0.3891 | Train Acc. 85.4842% | Test Loss: 0.4093 | Test Acc. 85.2390%
AdamP on OSDataset_transformed: T 1/3 | E 28/200 Ended | E Time: 54.591s | ~Time Left: 9389.739s |  Train Loss: 0.3896 | Train Acc. 85.8471% | Test Loss: 0.4014 | Test Acc. 85.6624%
AdamP on OSDataset_transformed: T 1/3 | E 29/200 Ended | E Time: 54.599s | ~Time Left: 9336.364s |  Train Loss: 0.3902 | Train Acc. 85.9303% | Test Loss: 0.4159 | Test Acc. 85.1180%
AdamP on OSDataset_transformed: T 1/3 | E 30/200 Ended | E Time: 54.741s | ~Time Left: 9306.044s |  Train Loss: 0.3855 | Train Acc. 86.0210% | Test Loss: 0.3990 | Test Acc. 85.2995%
AdamP on OSDataset_transformed: T 1/3 | E 31/200 Ended | E Time: 54.483s | ~Time Left: 9207.573s |  Train Loss: 0.3792 | Train Acc. 85.7186% | Test Loss: 0.3989 | Test Acc. 85.6624%
AdamP on OSDataset_transformed: T 1/3 | E 32/200 Ended | E Time: 54.501s | ~Time Left: 9156.190s |  Train Loss: 0.3770 | Train Acc. 86.3159% | Test Loss: 0.4058 | Test Acc. 85.1785%
AdamP on OSDataset_transformed: T 1/3 | E 33/200 Ended | E Time: 54.305s | ~Time Left: 9069.019s |  Train Loss: 0.3698 | Train Acc. 86.2403% | Test Loss: 0.4224 | Test Acc. 83.8475%
AdamP on OSDataset_transformed: T 1/3 | E 34/200 Ended | E Time: 54.663s | ~Time Left: 9074.036s |  Train Loss: 0.3718 | Train Acc. 86.5427% | Test Loss: 0.3962 | Test Acc. 85.3599%
AdamP on OSDataset_transformed: T 1/3 | E 35/200 Ended | E Time: 54.451s | ~Time Left: 8984.344s |  Train Loss: 0.3618 | Train Acc. 86.6636% | Test Loss: 0.4036 | Test Acc. 85.7229%
AdamP on OSDataset_transformed: T 1/3 | E 36/200 Ended | E Time: 54.592s | ~Time Left: 8953.136s |  Train Loss: 0.3632 | Train Acc. 86.7619% | Test Loss: 0.4102 | Test Acc. 83.7266%
AdamP on OSDataset_transformed: T 1/3 | E 37/200 Ended | E Time: 54.413s | ~Time Left: 8869.326s |  Train Loss: 0.3611 | Train Acc. 86.7317% | Test Loss: 0.3969 | Test Acc. 85.1785%
AdamP on OSDataset_transformed: T 1/3 | E 38/200 Ended | E Time: 54.669s | ~Time Left: 8856.350s |  Train Loss: 0.3602 | Train Acc. 86.9661% | Test Loss: 0.4220 | Test Acc. 84.9365%
AdamP on OSDataset_transformed: T 1/3 | E 39/200 Ended | E Time: 54.360s | ~Time Left: 8751.984s |  Train Loss: 0.3584 | Train Acc. 86.6712% | Test Loss: 0.3965 | Test Acc. 84.8760%
AdamP on OSDataset_transformed: T 1/3 | E 40/200 Ended | E Time: 54.483s | ~Time Left: 8717.233s |  Train Loss: 0.3502 | Train Acc. 86.8451% | Test Loss: 0.4128 | Test Acc. 84.9365%
AdamP on OSDataset_transformed: T 1/3 | E 41/200 Ended | E Time: 54.605s | ~Time Left: 8682.178s |  Train Loss: 0.3526 | Train Acc. 86.8602% | Test Loss: 0.4159 | Test Acc. 85.3599%
AdamP on OSDataset_transformed: T 1/3 | E 42/200 Ended | E Time: 54.992s | ~Time Left: 8688.747s |  Train Loss: 0.3482 | Train Acc. 87.4650% | Test Loss: 0.3892 | Test Acc. 85.6624%
AdamP on OSDataset_transformed: T 1/3 | E 43/200 Ended | E Time: 54.717s | ~Time Left: 8590.504s |  Train Loss: 0.3455 | Train Acc. 87.2533% | Test Loss: 0.3779 | Test Acc. 86.7514%
AdamP on OSDataset_transformed: T 1/3 | E 44/200 Ended | E Time: 54.632s | ~Time Left: 8522.551s |  Train Loss: 0.3474 | Train Acc. 87.0870% | Test Loss: 0.3498 | Test Acc. 87.2958%
AdamP on OSDataset_transformed: T 1/3 | E 45/200 Ended | E Time: 54.674s | ~Time Left: 8474.537s |  Train Loss: 0.3444 | Train Acc. 87.2458% | Test Loss: 0.3754 | Test Acc. 86.4489%
AdamP on OSDataset_transformed: T 1/3 | E 46/200 Ended | E Time: 54.332s | ~Time Left: 8367.125s |  Train Loss: 0.3344 | Train Acc. 87.7221% | Test Loss: 0.3648 | Test Acc. 87.8403%
AdamP on OSDataset_transformed: T 1/3 | E 47/200 Ended | E Time: 54.595s | ~Time Left: 8353.024s |  Train Loss: 0.3415 | Train Acc. 87.5482% | Test Loss: 0.3623 | Test Acc. 87.4773%
AdamP on OSDataset_transformed: T 1/3 | E 48/200 Ended | E Time: 54.774s | ~Time Left: 8325.669s |  Train Loss: 0.3324 | Train Acc. 87.6994% | Test Loss: 0.3932 | Test Acc. 86.3279%
AdamP on OSDataset_transformed: T 1/3 | E 49/200 Ended | E Time: 54.472s | ~Time Left: 8225.209s |  Train Loss: 0.3380 | Train Acc. 87.5406% | Test Loss: 0.3834 | Test Acc. 86.7514%
AdamP on OSDataset_transformed: T 1/3 | E 50/200 Ended | E Time: 54.572s | ~Time Left: 8185.876s |  Train Loss: 0.3317 | Train Acc. 87.6767% | Test Loss: 0.3658 | Test Acc. 86.5699%
AdamP on OSDataset_transformed: T 1/3 | E 51/200 Ended | E Time: 54.604s | ~Time Left: 8136.052s |  Train Loss: 0.3297 | Train Acc. 87.7977% | Test Loss: 0.3557 | Test Acc. 87.2958%
AdamP on OSDataset_transformed: T 1/3 | E 52/200 Ended | E Time: 54.373s | ~Time Left: 8047.182s |  Train Loss: 0.3230 | Train Acc. 87.9867% | Test Loss: 0.3530 | Test Acc. 87.4168%
AdamP on OSDataset_transformed: T 1/3 | E 53/200 Ended | E Time: 54.660s | ~Time Left: 8034.957s |  Train Loss: 0.3236 | Train Acc. 87.9565% | Test Loss: 0.3721 | Test Acc. 87.0538%
AdamP on OSDataset_transformed: T 1/3 | E 54/200 Ended | E Time: 54.418s | ~Time Left: 7944.986s |  Train Loss: 0.3214 | Train Acc. 88.3345% | Test Loss: 0.3687 | Test Acc. 86.6909%
AdamP on OSDataset_transformed: T 1/3 | E 55/200 Ended | E Time: 54.714s | ~Time Left: 7933.491s |  Train Loss: 0.3244 | Train Acc. 87.9186% | Test Loss: 0.3611 | Test Acc. 87.4168%
AdamP on OSDataset_transformed: T 1/3 | E 56/200 Ended | E Time: 54.452s | ~Time Left: 7841.037s |  Train Loss: 0.3210 | Train Acc. 88.0245% | Test Loss: 0.3602 | Test Acc. 87.2958%
AdamP on OSDataset_transformed: T 1/3 | E 57/200 Ended | E Time: 54.517s | ~Time Left: 7795.879s |  Train Loss: 0.3161 | Train Acc. 88.4252% | Test Loss: 0.3924 | Test Acc. 85.9649%
AdamP on OSDataset_transformed: T 1/3 | E 58/200 Ended | E Time: 54.612s | ~Time Left: 7754.917s |  Train Loss: 0.3175 | Train Acc. 88.1530% | Test Loss: 0.3622 | Test Acc. 86.6909%
AdamP on OSDataset_transformed: T 1/3 | E 59/200 Ended | E Time: 54.618s | ~Time Left: 7701.096s |  Train Loss: 0.3121 | Train Acc. 88.5991% | Test Loss: 0.3828 | Test Acc. 86.3279%
AdamP on OSDataset_transformed: T 1/3 | E 60/200 Ended | E Time: 54.389s | ~Time Left: 7614.445s |  Train Loss: 0.3162 | Train Acc. 88.4328% | Test Loss: 0.3669 | Test Acc. 86.4489%
AdamP on OSDataset_transformed: T 1/3 | E 61/200 Ended | E Time: 54.604s | ~Time Left: 7590.024s |  Train Loss: 0.3088 | Train Acc. 88.5386% | Test Loss: 0.3560 | Test Acc. 86.9933%
AdamP on OSDataset_transformed: T 1/3 | E 62/200 Ended | E Time: 54.358s | ~Time Left: 7501.453s |  Train Loss: 0.3123 | Train Acc. 88.3798% | Test Loss: 0.3510 | Test Acc. 87.7193%
AdamP on OSDataset_transformed: T 1/3 | E 63/200 Ended | E Time: 54.758s | ~Time Left: 7501.843s |  Train Loss: 0.3076 | Train Acc. 88.9393% | Test Loss: 0.3580 | Test Acc. 86.7514%
AdamP on OSDataset_transformed: T 1/3 | E 64/200 Ended | E Time: 54.394s | ~Time Left: 7397.566s |  Train Loss: 0.3006 | Train Acc. 88.7427% | Test Loss: 0.3404 | Test Acc. 87.5378%
AdamP on OSDataset_transformed: T 1/3 | E 65/200 Ended | E Time: 54.488s | ~Time Left: 7355.815s |  Train Loss: 0.3023 | Train Acc. 88.6520% | Test Loss: 0.3982 | Test Acc. 85.7834%
AdamP on OSDataset_transformed: T 1/3 | E 66/200 Ended | E Time: 54.736s | ~Time Left: 7334.659s |  Train Loss: 0.3012 | Train Acc. 89.0754% | Test Loss: 0.3574 | Test Acc. 87.4168%
AdamP on OSDataset_transformed: T 1/3 | E 67/200 Ended | E Time: 54.831s | ~Time Left: 7292.506s |  Train Loss: 0.3047 | Train Acc. 88.6520% | Test Loss: 0.3438 | Test Acc. 87.2353%
AdamP on OSDataset_transformed: T 1/3 | E 68/200 Ended | E Time: 54.473s | ~Time Left: 7190.408s |  Train Loss: 0.2964 | Train Acc. 89.0603% | Test Loss: 0.3448 | Test Acc. 87.9613%
AdamP on OSDataset_transformed: T 1/3 | E 69/200 Ended | E Time: 54.310s | ~Time Left: 7114.674s |  Train Loss: 0.2924 | Train Acc. 88.8864% | Test Loss: 0.3810 | Test Acc. 86.3279%
AdamP on OSDataset_transformed: T 1/3 | E 70/200 Ended | E Time: 54.804s | ~Time Left: 7124.563s |  Train Loss: 0.2952 | Train Acc. 89.0527% | Test Loss: 0.3501 | Test Acc. 86.6909%
AdamP on OSDataset_transformed: T 1/3 | E 71/200 Ended | E Time: 54.567s | ~Time Left: 7039.129s |  Train Loss: 0.2911 | Train Acc. 89.3627% | Test Loss: 0.3571 | Test Acc. 87.1748%
AdamP on OSDataset_transformed: T 1/3 | E 72/200 Ended | E Time: 54.616s | ~Time Left: 6990.847s |  Train Loss: 0.2948 | Train Acc. 89.1056% | Test Loss: 0.3704 | Test Acc. 87.9008%
AdamP on OSDataset_transformed: T 1/3 | E 73/200 Ended | E Time: 54.601s | ~Time Left: 6934.267s |  Train Loss: 0.2938 | Train Acc. 89.1207% | Test Loss: 0.3760 | Test Acc. 85.1785%
AdamP on OSDataset_transformed: T 1/3 | E 74/200 Ended | E Time: 54.576s | ~Time Left: 6876.520s |  Train Loss: 0.2910 | Train Acc. 89.0527% | Test Loss: 0.3404 | Test Acc. 87.7798%
AdamP on OSDataset_transformed: T 1/3 | E 75/200 Ended | E Time: 54.475s | ~Time Left: 6809.331s |  Train Loss: 0.2862 | Train Acc. 89.1888% | Test Loss: 0.3664 | Test Acc. 86.8119%
AdamP on OSDataset_transformed: T 1/3 | E 76/200 Ended | E Time: 54.622s | ~Time Left: 6773.145s |  Train Loss: 0.2846 | Train Acc. 89.4005% | Test Loss: 0.3539 | Test Acc. 87.1748%
AdamP on OSDataset_transformed: T 1/3 | E 77/200 Ended | E Time: 54.553s | ~Time Left: 6710.053s |  Train Loss: 0.2789 | Train Acc. 89.6500% | Test Loss: 0.3421 | Test Acc. 87.7193%
AdamP on OSDataset_transformed: T 1/3 | E 78/200 Ended | E Time: 54.407s | ~Time Left: 6637.710s |  Train Loss: 0.2823 | Train Acc. 89.5517% | Test Loss: 0.3717 | Test Acc. 86.3884%
AdamP on OSDataset_transformed: T 1/3 | E 79/200 Ended | E Time: 54.419s | ~Time Left: 6584.655s |  Train Loss: 0.2832 | Train Acc. 89.4156% | Test Loss: 0.3683 | Test Acc. 86.4489%
AdamP on OSDataset_transformed: T 1/3 | E 80/200 Ended | E Time: 54.371s | ~Time Left: 6524.524s |  Train Loss: 0.2821 | Train Acc. 89.4458% | Test Loss: 0.3579 | Test Acc. 87.1143%
AdamP on OSDataset_transformed: T 1/3 | E 81/200 Ended | E Time: 54.443s | ~Time Left: 6478.734s |  Train Loss: 0.2778 | Train Acc. 89.5819% | Test Loss: 0.3526 | Test Acc. 87.2353%
AdamP on OSDataset_transformed: T 1/3 | E 82/200 Ended | E Time: 54.420s | ~Time Left: 6421.507s |  Train Loss: 0.2777 | Train Acc. 89.5290% | Test Loss: 0.3622 | Test Acc. 86.3279%
AdamP on OSDataset_transformed: T 1/3 | E 83/200 Ended | E Time: 54.975s | ~Time Left: 6432.094s |  Train Loss: 0.2792 | Train Acc. 89.7331% | Test Loss: 0.3443 | Test Acc. 88.2638%
AdamP on OSDataset_transformed: T 1/3 | E 84/200 Ended | E Time: 54.538s | ~Time Left: 6326.383s |  Train Loss: 0.2759 | Train Acc. 89.4383% | Test Loss: 0.3325 | Test Acc. 88.4453%
AdamP on OSDataset_transformed: T 1/3 | E 85/200 Ended | E Time: 54.870s | ~Time Left: 6310.017s |  Train Loss: 0.2714 | Train Acc. 90.0582% | Test Loss: 0.3420 | Test Acc. 87.9008%
AdamP on OSDataset_transformed: T 1/3 | E 86/200 Ended | E Time: 54.660s | ~Time Left: 6231.240s |  Train Loss: 0.2664 | Train Acc. 89.9297% | Test Loss: 0.3277 | Test Acc. 88.6267%
AdamP on OSDataset_transformed: T 1/3 | E 87/200 Ended | E Time: 54.623s | ~Time Left: 6172.455s |  Train Loss: 0.2669 | Train Acc. 90.0355% | Test Loss: 0.3715 | Test Acc. 86.6909%
AdamP on OSDataset_transformed: T 1/3 | E 88/200 Ended | E Time: 54.391s | ~Time Left: 6091.801s |  Train Loss: 0.2657 | Train Acc. 90.0733% | Test Loss: 0.3655 | Test Acc. 86.6304%
AdamP on OSDataset_transformed: T 1/3 | E 89/200 Ended | E Time: 54.651s | ~Time Left: 6066.262s |  Train Loss: 0.2737 | Train Acc. 89.9751% | Test Loss: 0.3397 | Test Acc. 88.2033%
AdamP on OSDataset_transformed: T 1/3 | E 90/200 Ended | E Time: 54.633s | ~Time Left: 6009.595s |  Train Loss: 0.2688 | Train Acc. 89.8238% | Test Loss: 0.3323 | Test Acc. 87.2353%
AdamP on OSDataset_transformed: T 1/3 | E 91/200 Ended | E Time: 54.722s | ~Time Left: 5964.737s |  Train Loss: 0.2655 | Train Acc. 90.2170% | Test Loss: 0.3238 | Test Acc. 88.3848%
AdamP on OSDataset_transformed: T 1/3 | E 92/200 Ended | E Time: 54.564s | ~Time Left: 5892.935s |  Train Loss: 0.2608 | Train Acc. 90.3077% | Test Loss: 0.3410 | Test Acc. 88.3848%
AdamP on OSDataset_transformed: T 1/3 | E 93/200 Ended | E Time: 54.374s | ~Time Left: 5818.061s |  Train Loss: 0.2635 | Train Acc. 89.9751% | Test Loss: 0.3500 | Test Acc. 88.1428%
AdamP on OSDataset_transformed: T 1/3 | E 94/200 Ended | E Time: 54.526s | ~Time Left: 5779.756s |  Train Loss: 0.2660 | Train Acc. 90.0129% | Test Loss: 0.3678 | Test Acc. 87.7193%
AdamP on OSDataset_transformed: T 1/3 | E 95/200 Ended | E Time: 54.725s | ~Time Left: 5746.146s |  Train Loss: 0.2544 | Train Acc. 90.3153% | Test Loss: 0.3232 | Test Acc. 89.2922%
AdamP on OSDataset_transformed: T 1/3 | E 96/200 Ended | E Time: 54.525s | ~Time Left: 5670.647s |  Train Loss: 0.2570 | Train Acc. 90.3379% | Test Loss: 0.3350 | Test Acc. 88.0218%
AdamP on OSDataset_transformed: T 1/3 | E 97/200 Ended | E Time: 54.785s | ~Time Left: 5642.841s |  Train Loss: 0.2597 | Train Acc. 90.3757% | Test Loss: 0.3200 | Test Acc. 88.4453%
AdamP on OSDataset_transformed: T 1/3 | E 98/200 Ended | E Time: 54.394s | ~Time Left: 5548.143s |  Train Loss: 0.2523 | Train Acc. 90.6630% | Test Loss: 0.3077 | Test Acc. 88.9292%
AdamP on OSDataset_transformed: T 1/3 | E 99/200 Ended | E Time: 54.456s | ~Time Left: 5500.056s |  Train Loss: 0.2581 | Train Acc. 90.4060% | Test Loss: 0.3286 | Test Acc. 88.1428%
AdamP on OSDataset_transformed: T 1/3 | E 100/200 Ended | E Time: 54.554s | ~Time Left: 5455.436s |  Train Loss: 0.2487 | Train Acc. 90.7613% | Test Loss: 0.3099 | Test Acc. 89.1107%
AdamP on OSDataset_transformed: T 1/3 | E 101/200 Ended | E Time: 54.491s | ~Time Left: 5394.605s |  Train Loss: 0.2513 | Train Acc. 90.5799% | Test Loss: 0.3191 | Test Acc. 88.3848%
AdamP on OSDataset_transformed: T 1/3 | E 102/200 Ended | E Time: 55.151s | ~Time Left: 5404.803s |  Train Loss: 0.2529 | Train Acc. 90.4892% | Test Loss: 0.3853 | Test Acc. 85.9044%
AdamP on OSDataset_transformed: T 1/3 | E 103/200 Ended | E Time: 54.369s | ~Time Left: 5273.782s |  Train Loss: 0.2494 | Train Acc. 90.7538% | Test Loss: 0.3258 | Test Acc. 88.5662%
AdamP on OSDataset_transformed: T 1/3 | E 104/200 Ended | E Time: 54.494s | ~Time Left: 5231.461s |  Train Loss: 0.2519 | Train Acc. 90.3984% | Test Loss: 0.2976 | Test Acc. 89.4132%
AdamP on OSDataset_transformed: T 1/3 | E 105/200 Ended | E Time: 54.496s | ~Time Left: 5177.080s |  Train Loss: 0.2539 | Train Acc. 90.2926% | Test Loss: 0.3225 | Test Acc. 88.9897%
AdamP on OSDataset_transformed: T 1/3 | E 106/200 Ended | E Time: 54.510s | ~Time Left: 5123.973s |  Train Loss: 0.2453 | Train Acc. 90.7991% | Test Loss: 0.3116 | Test Acc. 88.5662%
AdamP on OSDataset_transformed: T 1/3 | E 107/200 Ended | E Time: 54.514s | ~Time Left: 5069.792s |  Train Loss: 0.2498 | Train Acc. 90.7386% | Test Loss: 0.3295 | Test Acc. 88.6267%
AdamP on OSDataset_transformed: T 1/3 | E 108/200 Ended | E Time: 54.418s | ~Time Left: 5006.472s |  Train Loss: 0.2466 | Train Acc. 90.8898% | Test Loss: 0.3246 | Test Acc. 88.9292%
AdamP on OSDataset_transformed: T 1/3 | E 109/200 Ended | E Time: 54.539s | ~Time Left: 4963.015s |  Train Loss: 0.2397 | Train Acc. 90.9579% | Test Loss: 0.3327 | Test Acc. 88.0823%
AdamP on OSDataset_transformed: T 1/3 | E 110/200 Ended | E Time: 54.461s | ~Time Left: 4901.482s |  Train Loss: 0.2394 | Train Acc. 91.0486% | Test Loss: 0.3399 | Test Acc. 87.3563%
AdamP on OSDataset_transformed: T 1/3 | E 111/200 Ended | E Time: 54.412s | ~Time Left: 4842.680s |  Train Loss: 0.2425 | Train Acc. 90.8369% | Test Loss: 0.3169 | Test Acc. 88.5057%
AdamP on OSDataset_transformed: T 1/3 | E 112/200 Ended | E Time: 54.794s | ~Time Left: 4821.878s |  Train Loss: 0.2387 | Train Acc. 90.9352% | Test Loss: 0.3370 | Test Acc. 88.7477%
AdamP on OSDataset_transformed: T 1/3 | E 113/200 Ended | E Time: 54.463s | ~Time Left: 4738.300s |  Train Loss: 0.2416 | Train Acc. 90.7462% | Test Loss: 0.3098 | Test Acc. 89.4132%
AdamP on OSDataset_transformed: T 1/3 | E 114/200 Ended | E Time: 54.507s | ~Time Left: 4687.608s |  Train Loss: 0.2335 | Train Acc. 91.2830% | Test Loss: 0.3088 | Test Acc. 89.1712%
AdamP on OSDataset_transformed: T 1/3 | E 115/200 Ended | E Time: 54.525s | ~Time Left: 4634.629s |  Train Loss: 0.2365 | Train Acc. 90.9730% | Test Loss: 0.3248 | Test Acc. 89.2317%
AdamP on OSDataset_transformed: T 1/3 | E 116/200 Ended | E Time: 54.386s | ~Time Left: 4568.458s |  Train Loss: 0.2322 | Train Acc. 91.1696% | Test Loss: 0.3178 | Test Acc. 88.9897%
AdamP on OSDataset_transformed: T 1/3 | E 117/200 Ended | E Time: 54.412s | ~Time Left: 4516.169s |  Train Loss: 0.2320 | Train Acc. 91.0184% | Test Loss: 0.3304 | Test Acc. 88.4453%
AdamP on OSDataset_transformed: T 1/3 | E 118/200 Ended | E Time: 54.463s | ~Time Left: 4466.006s |  Train Loss: 0.2325 | Train Acc. 91.2679% | Test Loss: 0.3303 | Test Acc. 88.9292%
AdamP on OSDataset_transformed: T 1/3 | E 119/200 Ended | E Time: 54.814s | ~Time Left: 4439.921s |  Train Loss: 0.2276 | Train Acc. 91.3661% | Test Loss: 0.3178 | Test Acc. 88.8687%
AdamP on OSDataset_transformed: T 1/3 | E 120/200 Ended | E Time: 54.577s | ~Time Left: 4366.150s |  Train Loss: 0.2302 | Train Acc. 91.3208% | Test Loss: 0.3311 | Test Acc. 88.9292%
AdamP on OSDataset_transformed: T 1/3 | E 121/200 Ended | E Time: 54.618s | ~Time Left: 4314.786s |  Train Loss: 0.2305 | Train Acc. 91.4115% | Test Loss: 0.3223 | Test Acc. 88.7477%
AdamP on OSDataset_transformed: T 1/3 | E 122/200 Ended | E Time: 54.314s | ~Time Left: 4236.472s |  Train Loss: 0.2241 | Train Acc. 91.4417% | Test Loss: 0.3281 | Test Acc. 87.9008%
AdamP on OSDataset_transformed: T 1/3 | E 123/200 Ended | E Time: 54.739s | ~Time Left: 4214.867s |  Train Loss: 0.2239 | Train Acc. 91.5778% | Test Loss: 0.3276 | Test Acc. 90.0786%
AdamP on OSDataset_transformed: T 1/3 | E 124/200 Ended | E Time: 54.416s | ~Time Left: 4135.619s |  Train Loss: 0.2282 | Train Acc. 91.1771% | Test Loss: 0.3557 | Test Acc. 86.8119%
AdamP on OSDataset_transformed: T 1/3 | E 125/200 Ended | E Time: 54.631s | ~Time Left: 4097.326s |  Train Loss: 0.2238 | Train Acc. 91.5854% | Test Loss: 0.3310 | Test Acc. 87.7193%
AdamP on OSDataset_transformed: T 1/3 | E 126/200 Ended | E Time: 54.459s | ~Time Left: 4029.974s |  Train Loss: 0.2286 | Train Acc. 91.3283% | Test Loss: 0.3162 | Test Acc. 89.5947%
AdamP on OSDataset_transformed: T 1/3 | E 127/200 Ended | E Time: 54.561s | ~Time Left: 3982.955s |  Train Loss: 0.2253 | Train Acc. 91.6459% | Test Loss: 0.3049 | Test Acc. 89.1712%
AdamP on OSDataset_transformed: T 1/3 | E 128/200 Ended | E Time: 54.334s | ~Time Left: 3912.074s |  Train Loss: 0.2200 | Train Acc. 91.6005% | Test Loss: 0.3005 | Test Acc. 88.3848%
AdamP on OSDataset_transformed: T 1/3 | E 129/200 Ended | E Time: 54.481s | ~Time Left: 3868.179s |  Train Loss: 0.2157 | Train Acc. 91.6912% | Test Loss: 0.3123 | Test Acc. 88.3848%
AdamP on OSDataset_transformed: T 1/3 | E 130/200 Ended | E Time: 54.622s | ~Time Left: 3823.507s |  Train Loss: 0.2217 | Train Acc. 91.6686% | Test Loss: 0.3262 | Test Acc. 88.9897%
AdamP on OSDataset_transformed: T 1/3 | E 131/200 Ended | E Time: 54.333s | ~Time Left: 3748.964s |  Train Loss: 0.2166 | Train Acc. 91.7139% | Test Loss: 0.3255 | Test Acc. 89.4132%
AdamP on OSDataset_transformed: T 1/3 | E 132/200 Ended | E Time: 54.488s | ~Time Left: 3705.163s |  Train Loss: 0.2156 | Train Acc. 91.9407% | Test Loss: 0.3071 | Test Acc. 89.2922%
AdamP on OSDataset_transformed: T 1/3 | E 133/200 Ended | E Time: 54.552s | ~Time Left: 3654.991s |  Train Loss: 0.2085 | Train Acc. 92.1297% | Test Loss: 0.3395 | Test Acc. 88.6267%
AdamP on OSDataset_transformed: T 1/3 | E 134/200 Ended | E Time: 54.428s | ~Time Left: 3592.257s |  Train Loss: 0.2138 | Train Acc. 92.0693% | Test Loss: 0.3137 | Test Acc. 88.9897%
AdamP on OSDataset_transformed: T 1/3 | E 135/200 Ended | E Time: 54.511s | ~Time Left: 3543.233s |  Train Loss: 0.2129 | Train Acc. 91.7971% | Test Loss: 0.3309 | Test Acc. 88.8082%
AdamP on OSDataset_transformed: T 1/3 | E 136/200 Ended | E Time: 54.304s | ~Time Left: 3475.457s |  Train Loss: 0.2080 | Train Acc. 92.1297% | Test Loss: 0.3216 | Test Acc. 89.5342%
AdamP on OSDataset_transformed: T 1/3 | E 137/200 Ended | E Time: 54.417s | ~Time Left: 3428.297s |  Train Loss: 0.2043 | Train Acc. 92.1222% | Test Loss: 0.3477 | Test Acc. 88.0823%
AdamP on OSDataset_transformed: T 1/3 | E 138/200 Ended | E Time: 54.352s | ~Time Left: 3369.833s |  Train Loss: 0.2059 | Train Acc. 92.1449% | Test Loss: 0.3054 | Test Acc. 88.2638%
AdamP on OSDataset_transformed: T 1/3 | E 139/200 Ended | E Time: 54.365s | ~Time Left: 3316.236s |  Train Loss: 0.2021 | Train Acc. 92.2734% | Test Loss: 0.3099 | Test Acc. 88.3848%
AdamP on OSDataset_transformed: T 1/3 | E 140/200 Ended | E Time: 54.509s | ~Time Left: 3270.560s |  Train Loss: 0.2037 | Train Acc. 92.2885% | Test Loss: 0.3279 | Test Acc. 87.9613%
AdamP on OSDataset_transformed: T 1/3 | E 141/200 Ended | E Time: 54.213s | ~Time Left: 3198.568s |  Train Loss: 0.2018 | Train Acc. 92.3792% | Test Loss: 0.3243 | Test Acc. 89.2922%
AdamP on OSDataset_transformed: T 1/3 | E 142/200 Ended | E Time: 54.322s | ~Time Left: 3150.690s |  Train Loss: 0.1995 | Train Acc. 92.1071% | Test Loss: 0.3164 | Test Acc. 88.5662%
AdamP on OSDataset_transformed: T 1/3 | E 143/200 Ended | E Time: 54.199s | ~Time Left: 3089.363s |  Train Loss: 0.2070 | Train Acc. 92.0693% | Test Loss: 0.3068 | Test Acc. 89.5947%
AdamP on OSDataset_transformed: T 1/3 | E 144/200 Ended | E Time: 54.609s | ~Time Left: 3058.089s |  Train Loss: 0.2003 | Train Acc. 92.5002% | Test Loss: 0.3231 | Test Acc. 89.1107%
AdamP on OSDataset_transformed: T 1/3 | E 145/200 Ended | E Time: 54.291s | ~Time Left: 2985.989s |  Train Loss: 0.2021 | Train Acc. 92.3490% | Test Loss: 0.3046 | Test Acc. 88.9292%
AdamP on OSDataset_transformed: T 1/3 | E 146/200 Ended | E Time: 54.331s | ~Time Left: 2933.875s |  Train Loss: 0.1977 | Train Acc. 92.4548% | Test Loss: 0.3093 | Test Acc. 89.1712%
AdamP on OSDataset_transformed: T 1/3 | E 147/200 Ended | E Time: 54.211s | ~Time Left: 2873.184s |  Train Loss: 0.1878 | Train Acc. 92.9462% | Test Loss: 0.3330 | Test Acc. 88.3243%
AdamP on OSDataset_transformed: T 1/3 | E 148/200 Ended | E Time: 54.140s | ~Time Left: 2815.304s |  Train Loss: 0.1939 | Train Acc. 92.3717% | Test Loss: 0.3319 | Test Acc. 87.9008%
AdamP on OSDataset_transformed: T 1/3 | E 149/200 Ended | E Time: 54.267s | ~Time Left: 2767.629s |  Train Loss: 0.1942 | Train Acc. 92.6136% | Test Loss: 0.3322 | Test Acc. 88.6872%
AdamP on OSDataset_transformed: T 1/3 | E 150/200 Ended | E Time: 54.509s | ~Time Left: 2725.467s |  Train Loss: 0.1975 | Train Acc. 92.3263% | Test Loss: 0.3050 | Test Acc. 89.5947%
AdamP on OSDataset_transformed: T 1/3 | E 151/200 Ended | E Time: 54.640s | ~Time Left: 2677.344s |  Train Loss: 0.1893 | Train Acc. 92.9084% | Test Loss: 0.3439 | Test Acc. 88.3848%
AdamP on OSDataset_transformed: T 1/3 | E 152/200 Ended | E Time: 54.375s | ~Time Left: 2610.011s |  Train Loss: 0.1952 | Train Acc. 92.5304% | Test Loss: 0.3195 | Test Acc. 89.1712%
AdamP on OSDataset_transformed: T 1/3 | E 153/200 Ended | E Time: 54.509s | ~Time Left: 2561.924s |  Train Loss: 0.1958 | Train Acc. 92.6287% | Test Loss: 0.3051 | Test Acc. 88.9897%
AdamP on OSDataset_transformed: T 1/3 | E 154/200 Ended | E Time: 54.208s | ~Time Left: 2493.563s |  Train Loss: 0.1918 | Train Acc. 92.5682% | Test Loss: 0.3403 | Test Acc. 88.3848%
AdamP on OSDataset_transformed: T 1/3 | E 155/200 Ended | E Time: 54.155s | ~Time Left: 2436.972s |  Train Loss: 0.1931 | Train Acc. 92.4926% | Test Loss: 0.3366 | Test Acc. 86.8724%
AdamP on OSDataset_transformed: T 1/3 | E 156/200 Ended | E Time: 54.280s | ~Time Left: 2388.315s |  Train Loss: 0.1920 | Train Acc. 92.7648% | Test Loss: 0.3345 | Test Acc. 88.6872%
AdamP on OSDataset_transformed: T 1/3 | E 157/200 Ended | E Time: 54.532s | ~Time Left: 2344.893s |  Train Loss: 0.1872 | Train Acc. 92.6968% | Test Loss: 0.3178 | Test Acc. 88.6872%
AdamP on OSDataset_transformed: T 1/3 | E 158/200 Ended | E Time: 54.610s | ~Time Left: 2293.639s |  Train Loss: 0.1802 | Train Acc. 93.2260% | Test Loss: 0.3302 | Test Acc. 86.9933%
AdamP on OSDataset_transformed: T 1/3 | E 159/200 Ended | E Time: 54.422s | ~Time Left: 2231.282s |  Train Loss: 0.1838 | Train Acc. 92.9765% | Test Loss: 0.3155 | Test Acc. 89.4737%
AdamP on OSDataset_transformed: T 1/3 | E 160/200 Ended | E Time: 54.579s | ~Time Left: 2183.172s |  Train Loss: 0.1827 | Train Acc. 92.9689% | Test Loss: 0.3378 | Test Acc. 88.3243%
AdamP on OSDataset_transformed: T 1/3 | E 161/200 Ended | E Time: 54.212s | ~Time Left: 2114.255s |  Train Loss: 0.1835 | Train Acc. 93.1655% | Test Loss: 0.3052 | Test Acc. 90.1996%
AdamP on OSDataset_transformed: T 1/3 | E 162/200 Ended | E Time: 54.375s | ~Time Left: 2066.261s |  Train Loss: 0.1754 | Train Acc. 93.2789% | Test Loss: 0.3394 | Test Acc. 88.6267%
AdamP on OSDataset_transformed: T 1/3 | E 163/200 Ended | E Time: 54.181s | ~Time Left: 2004.714s |  Train Loss: 0.1825 | Train Acc. 92.9689% | Test Loss: 0.3111 | Test Acc. 89.1712%
AdamP on OSDataset_transformed: T 1/3 | E 164/200 Ended | E Time: 54.700s | ~Time Left: 1969.218s |  Train Loss: 0.1817 | Train Acc. 93.1731% | Test Loss: 0.3228 | Test Acc. 89.5947%
AdamP on OSDataset_transformed: T 1/3 | E 165/200 Ended | E Time: 54.305s | ~Time Left: 1900.658s |  Train Loss: 0.1747 | Train Acc. 93.2487% | Test Loss: 0.3257 | Test Acc. 88.6267%
AdamP on OSDataset_transformed: T 1/3 | E 166/200 Ended | E Time: 54.298s | ~Time Left: 1846.117s |  Train Loss: 0.1802 | Train Acc. 93.0370% | Test Loss: 0.3227 | Test Acc. 88.2638%
AdamP on OSDataset_transformed: T 1/3 | E 167/200 Ended | E Time: 54.334s | ~Time Left: 1793.011s |  Train Loss: 0.1679 | Train Acc. 93.5359% | Test Loss: 0.3277 | Test Acc. 89.1107%
AdamP on OSDataset_transformed: T 1/3 | E 168/200 Ended | E Time: 54.559s | ~Time Left: 1745.884s |  Train Loss: 0.1713 | Train Acc. 93.3923% | Test Loss: 0.3263 | Test Acc. 88.9292%
AdamP on OSDataset_transformed: T 1/3 | E 169/200 Ended | E Time: 54.260s | ~Time Left: 1682.046s |  Train Loss: 0.1782 | Train Acc. 93.2184% | Test Loss: 0.3284 | Test Acc. 88.7477%
AdamP on OSDataset_transformed: T 1/3 | E 170/200 Ended | E Time: 54.153s | ~Time Left: 1624.582s |  Train Loss: 0.1731 | Train Acc. 93.1353% | Test Loss: 0.3136 | Test Acc. 90.0181%
AdamP on OSDataset_transformed: T 1/3 | E 171/200 Ended | E Time: 54.456s | ~Time Left: 1579.239s |  Train Loss: 0.1698 | Train Acc. 93.3016% | Test Loss: 0.3092 | Test Acc. 89.2922%
AdamP on OSDataset_transformed: T 1/3 | E 172/200 Ended | E Time: 54.218s | ~Time Left: 1518.114s |  Train Loss: 0.1727 | Train Acc. 93.3091% | Test Loss: 0.3870 | Test Acc. 87.0538%
AdamP on OSDataset_transformed: T 1/3 | E 173/200 Ended | E Time: 54.362s | ~Time Left: 1467.765s |  Train Loss: 0.1681 | Train Acc. 93.7401% | Test Loss: 0.3767 | Test Acc. 87.1143%
AdamP on OSDataset_transformed: T 1/3 | E 174/200 Ended | E Time: 54.783s | ~Time Left: 1424.356s |  Train Loss: 0.1694 | Train Acc. 93.4528% | Test Loss: 0.3301 | Test Acc. 88.8687%
AdamP on OSDataset_transformed: T 1/3 | E 175/200 Ended | E Time: 54.125s | ~Time Left: 1353.131s |  Train Loss: 0.1723 | Train Acc. 93.3621% | Test Loss: 0.3249 | Test Acc. 90.2601%
AdamP on OSDataset_transformed: T 1/3 | E 176/200 Ended | E Time: 54.574s | ~Time Left: 1309.780s |  Train Loss: 0.1738 | Train Acc. 93.1655% | Test Loss: 0.3006 | Test Acc. 89.5342%
AdamP on OSDataset_transformed: T 1/3 | E 177/200 Ended | E Time: 54.595s | ~Time Left: 1255.693s |  Train Loss: 0.1723 | Train Acc. 93.4150% | Test Loss: 0.3090 | Test Acc. 89.3527%
AdamP on OSDataset_transformed: T 1/3 | E 178/200 Ended | E Time: 54.565s | ~Time Left: 1200.432s |  Train Loss: 0.1613 | Train Acc. 94.0349% | Test Loss: 0.3210 | Test Acc. 88.9897%
AdamP on OSDataset_transformed: T 1/3 | E 179/200 Ended | E Time: 54.636s | ~Time Left: 1147.349s |  Train Loss: 0.1676 | Train Acc. 93.5435% | Test Loss: 0.3046 | Test Acc. 90.6231%
AdamP on OSDataset_transformed: T 1/3 | E 180/200 Ended | E Time: 54.142s | ~Time Left: 1082.842s |  Train Loss: 0.1625 | Train Acc. 93.5889% | Test Loss: 0.3194 | Test Acc. 88.9897%
AdamP on OSDataset_transformed: T 1/3 | E 181/200 Ended | E Time: 54.815s | ~Time Left: 1041.491s |  Train Loss: 0.1661 | Train Acc. 93.4679% | Test Loss: 0.3229 | Test Acc. 89.8367%
AdamP on OSDataset_transformed: T 1/3 | E 182/200 Ended | E Time: 54.349s | ~Time Left: 978.287s |  Train Loss: 0.1585 | Train Acc. 94.0047% | Test Loss: 0.3434 | Test Acc. 88.9292%
AdamP on OSDataset_transformed: T 1/3 | E 183/200 Ended | E Time: 54.419s | ~Time Left: 925.122s |  Train Loss: 0.1646 | Train Acc. 93.8081% | Test Loss: 0.2806 | Test Acc. 90.2601%
AdamP on OSDataset_transformed: T 1/3 | E 184/200 Ended | E Time: 54.645s | ~Time Left: 874.312s |  Train Loss: 0.1517 | Train Acc. 94.2088% | Test Loss: 0.3258 | Test Acc. 89.5947%
AdamP on OSDataset_transformed: T 1/3 | E 185/200 Ended | E Time: 54.372s | ~Time Left: 815.577s |  Train Loss: 0.1555 | Train Acc. 94.0198% | Test Loss: 0.3283 | Test Acc. 89.1107%
AdamP on OSDataset_transformed: T 1/3 | E 186/200 Ended | E Time: 54.520s | ~Time Left: 763.283s |  Train Loss: 0.1589 | Train Acc. 93.9291% | Test Loss: 0.3226 | Test Acc. 90.2601%
AdamP on OSDataset_transformed: T 1/3 | E 187/200 Ended | E Time: 54.267s | ~Time Left: 705.477s |  Train Loss: 0.1531 | Train Acc. 94.0803% | Test Loss: 0.3379 | Test Acc. 88.1428%
AdamP on OSDataset_transformed: T 1/3 | E 188/200 Ended | E Time: 54.722s | ~Time Left: 656.667s |  Train Loss: 0.1587 | Train Acc. 93.9215% | Test Loss: 0.3161 | Test Acc. 90.0181%
AdamP on OSDataset_transformed: T 1/3 | E 189/200 Ended | E Time: 54.361s | ~Time Left: 597.969s |  Train Loss: 0.1602 | Train Acc. 93.7703% | Test Loss: 0.3014 | Test Acc. 89.8972%
AdamP on OSDataset_transformed: T 1/3 | E 190/200 Ended | E Time: 54.282s | ~Time Left: 542.819s |  Train Loss: 0.1519 | Train Acc. 94.2844% | Test Loss: 0.3397 | Test Acc. 89.1712%
AdamP on OSDataset_transformed: T 1/3 | E 191/200 Ended | E Time: 54.734s | ~Time Left: 492.605s |  Train Loss: 0.1535 | Train Acc. 93.9215% | Test Loss: 0.3577 | Test Acc. 89.3527%
AdamP on OSDataset_transformed: T 1/3 | E 192/200 Ended | E Time: 54.343s | ~Time Left: 434.741s |  Train Loss: 0.1524 | Train Acc. 94.1786% | Test Loss: 0.3181 | Test Acc. 88.8082%
AdamP on OSDataset_transformed: T 1/3 | E 193/200 Ended | E Time: 54.263s | ~Time Left: 379.843s |  Train Loss: 0.1474 | Train Acc. 94.4129% | Test Loss: 0.3007 | Test Acc. 90.4416%
AdamP on OSDataset_transformed: T 1/3 | E 194/200 Ended | E Time: 54.495s | ~Time Left: 326.970s |  Train Loss: 0.1546 | Train Acc. 93.8837% | Test Loss: 0.2991 | Test Acc. 89.8972%
AdamP on OSDataset_transformed: T 1/3 | E 195/200 Ended | E Time: 54.314s | ~Time Left: 271.572s |  Train Loss: 0.1533 | Train Acc. 94.1408% | Test Loss: 0.3045 | Test Acc. 89.7157%
AdamP on OSDataset_transformed: T 1/3 | E 196/200 Ended | E Time: 54.614s | ~Time Left: 218.456s |  Train Loss: 0.1519 | Train Acc. 94.0500% | Test Loss: 0.3170 | Test Acc. 90.0181%
AdamP on OSDataset_transformed: T 1/3 | E 197/200 Ended | E Time: 54.309s | ~Time Left: 162.926s |  Train Loss: 0.1535 | Train Acc. 94.0727% | Test Loss: 0.3025 | Test Acc. 89.8367%
AdamP on OSDataset_transformed: T 1/3 | E 198/200 Ended | E Time: 54.436s | ~Time Left: 108.872s |  Train Loss: 0.1460 | Train Acc. 94.2391% | Test Loss: 0.3543 | Test Acc. 88.6872%
AdamP on OSDataset_transformed: T 1/3 | E 199/200 Ended | E Time: 54.248s | ~Time Left: 54.248s |  Train Loss: 0.1481 | Train Acc. 94.2013% | Test Loss: 0.2976 | Test Acc. 89.4132%
AdamP on OSDataset_transformed: T 1/3 | E 200/200 Ended | E Time: 54.591s | ~Time Left: 0.000s |  Train Loss: 0.1497 | Train Acc. 94.2239% | Test Loss: 0.3549 | Test Acc. 88.2033%
AdamP on OSDataset_transformed: T 2/3 | E 1/200 Ended | E Time: 54.322s | ~Time Left: 10810.066s |  Train Loss: 0.7642 | Train Acc. 72.0496% | Test Loss: 0.7472 | Test Acc. 70.5989%
AdamP on OSDataset_transformed: T 2/3 | E 2/200 Ended | E Time: 54.292s | ~Time Left: 10749.719s |  Train Loss: 0.6694 | Train Acc. 75.1871% | Test Loss: 0.6737 | Test Acc. 75.2571%
AdamP on OSDataset_transformed: T 2/3 | E 3/200 Ended | E Time: 54.301s | ~Time Left: 10697.262s |  Train Loss: 0.6237 | Train Acc. 76.9940% | Test Loss: 0.5880 | Test Acc. 78.5844%
AdamP on OSDataset_transformed: T 2/3 | E 4/200 Ended | E Time: 54.390s | ~Time Left: 10660.408s |  Train Loss: 0.5973 | Train Acc. 78.1734% | Test Loss: 0.6076 | Test Acc. 77.4350%
AdamP on OSDataset_transformed: T 2/3 | E 5/200 Ended | E Time: 54.257s | ~Time Left: 10580.202s |  Train Loss: 0.5773 | Train Acc. 78.9824% | Test Loss: 0.5737 | Test Acc. 79.0079%
AdamP on OSDataset_transformed: T 2/3 | E 6/200 Ended | E Time: 54.320s | ~Time Left: 10538.085s |  Train Loss: 0.5446 | Train Acc. 80.2903% | Test Loss: 0.5409 | Test Acc. 80.7018%
AdamP on OSDataset_transformed: T 2/3 | E 7/200 Ended | E Time: 54.106s | ~Time Left: 10442.554s |  Train Loss: 0.5372 | Train Acc. 80.5474% | Test Loss: 0.5254 | Test Acc. 81.2462%
AdamP on OSDataset_transformed: T 2/3 | E 8/200 Ended | E Time: 54.898s | ~Time Left: 10540.364s |  Train Loss: 0.5210 | Train Acc. 81.3034% | Test Loss: 0.5874 | Test Acc. 79.1289%
AdamP on OSDataset_transformed: T 2/3 | E 9/200 Ended | E Time: 54.228s | ~Time Left: 10357.477s |  Train Loss: 0.5083 | Train Acc. 81.4017% | Test Loss: 0.5139 | Test Acc. 81.0647%
AdamP on OSDataset_transformed: T 2/3 | E 10/200 Ended | E Time: 54.639s | ~Time Left: 10381.374s |  Train Loss: 0.4879 | Train Acc. 82.5660% | Test Loss: 0.4922 | Test Acc. 81.6697%
AdamP on OSDataset_transformed: T 2/3 | E 11/200 Ended | E Time: 54.366s | ~Time Left: 10275.160s |  Train Loss: 0.4807 | Train Acc. 82.8306% | Test Loss: 0.4886 | Test Acc. 82.6981%
AdamP on OSDataset_transformed: T 2/3 | E 12/200 Ended | E Time: 54.748s | ~Time Left: 10292.683s |  Train Loss: 0.4727 | Train Acc. 82.8381% | Test Loss: 0.4656 | Test Acc. 83.3031%
AdamP on OSDataset_transformed: T 2/3 | E 13/200 Ended | E Time: 54.626s | ~Time Left: 10215.055s |  Train Loss: 0.4688 | Train Acc. 82.9818% | Test Loss: 0.4594 | Test Acc. 83.3031%
AdamP on OSDataset_transformed: T 2/3 | E 14/200 Ended | E Time: 54.820s | ~Time Left: 10196.495s |  Train Loss: 0.4607 | Train Acc. 83.3976% | Test Loss: 0.4756 | Test Acc. 83.1821%
AdamP on OSDataset_transformed: T 2/3 | E 15/200 Ended | E Time: 54.482s | ~Time Left: 10079.099s |  Train Loss: 0.4525 | Train Acc. 83.5488% | Test Loss: 0.5291 | Test Acc. 79.7943%
AdamP on OSDataset_transformed: T 2/3 | E 16/200 Ended | E Time: 54.305s | ~Time Left: 9992.123s |  Train Loss: 0.4483 | Train Acc. 83.9117% | Test Loss: 0.5436 | Test Acc. 79.6733%
AdamP on OSDataset_transformed: T 2/3 | E 17/200 Ended | E Time: 54.778s | ~Time Left: 10024.466s |  Train Loss: 0.4433 | Train Acc. 83.5866% | Test Loss: 0.4580 | Test Acc. 83.7266%
AdamP on OSDataset_transformed: T 2/3 | E 18/200 Ended | E Time: 54.634s | ~Time Left: 9943.332s |  Train Loss: 0.4342 | Train Acc. 84.3426% | Test Loss: 0.4361 | Test Acc. 84.9365%
AdamP on OSDataset_transformed: T 2/3 | E 19/200 Ended | E Time: 54.567s | ~Time Left: 9876.590s |  Train Loss: 0.4290 | Train Acc. 84.2595% | Test Loss: 0.4468 | Test Acc. 83.6661%
AdamP on OSDataset_transformed: T 2/3 | E 20/200 Ended | E Time: 54.697s | ~Time Left: 9845.378s |  Train Loss: 0.4244 | Train Acc. 84.5316% | Test Loss: 0.4386 | Test Acc. 84.3920%
AdamP on OSDataset_transformed: T 2/3 | E 21/200 Ended | E Time: 54.594s | ~Time Left: 9772.296s |  Train Loss: 0.4210 | Train Acc. 84.8870% | Test Loss: 0.4230 | Test Acc. 85.4204%
AdamP on OSDataset_transformed: T 2/3 | E 22/200 Ended | E Time: 54.695s | ~Time Left: 9735.637s |  Train Loss: 0.4112 | Train Acc. 84.9248% | Test Loss: 0.4386 | Test Acc. 84.0290%
AdamP on OSDataset_transformed: T 2/3 | E 23/200 Ended | E Time: 54.425s | ~Time Left: 9633.308s |  Train Loss: 0.4127 | Train Acc. 85.0533% | Test Loss: 0.4386 | Test Acc. 84.8760%
AdamP on OSDataset_transformed: T 2/3 | E 24/200 Ended | E Time: 54.385s | ~Time Left: 9571.764s |  Train Loss: 0.4129 | Train Acc. 85.1818% | Test Loss: 0.4238 | Test Acc. 85.4204%
AdamP on OSDataset_transformed: T 2/3 | E 25/200 Ended | E Time: 54.543s | ~Time Left: 9545.058s |  Train Loss: 0.4061 | Train Acc. 85.1062% | Test Loss: 0.4330 | Test Acc. 84.6945%
AdamP on OSDataset_transformed: T 2/3 | E 26/200 Ended | E Time: 54.500s | ~Time Left: 9482.988s |  Train Loss: 0.3980 | Train Acc. 85.5145% | Test Loss: 0.4053 | Test Acc. 85.3599%
AdamP on OSDataset_transformed: T 2/3 | E 27/200 Ended | E Time: 54.467s | ~Time Left: 9422.869s |  Train Loss: 0.4066 | Train Acc. 85.2499% | Test Loss: 0.4022 | Test Acc. 85.1785%
AdamP on OSDataset_transformed: T 2/3 | E 28/200 Ended | E Time: 54.636s | ~Time Left: 9397.400s |  Train Loss: 0.3933 | Train Acc. 85.3935% | Test Loss: 0.4102 | Test Acc. 85.3599%
AdamP on OSDataset_transformed: T 2/3 | E 29/200 Ended | E Time: 54.466s | ~Time Left: 9313.625s |  Train Loss: 0.3925 | Train Acc. 85.5069% | Test Loss: 0.4098 | Test Acc. 85.3599%
AdamP on OSDataset_transformed: T 2/3 | E 30/200 Ended | E Time: 54.544s | ~Time Left: 9272.548s |  Train Loss: 0.3872 | Train Acc. 85.7942% | Test Loss: 0.3830 | Test Acc. 86.2069%
AdamP on OSDataset_transformed: T 2/3 | E 31/200 Ended | E Time: 54.408s | ~Time Left: 9194.878s |  Train Loss: 0.3795 | Train Acc. 86.0588% | Test Loss: 0.3951 | Test Acc. 85.3599%
AdamP on OSDataset_transformed: T 2/3 | E 32/200 Ended | E Time: 54.558s | ~Time Left: 9165.749s |  Train Loss: 0.3841 | Train Acc. 85.6128% | Test Loss: 0.4471 | Test Acc. 84.5130%
AdamP on OSDataset_transformed: T 2/3 | E 33/200 Ended | E Time: 54.406s | ~Time Left: 9085.745s |  Train Loss: 0.3801 | Train Acc. 86.0437% | Test Loss: 0.3957 | Test Acc. 86.6909%
AdamP on OSDataset_transformed: T 2/3 | E 34/200 Ended | E Time: 54.658s | ~Time Left: 9073.155s |  Train Loss: 0.3749 | Train Acc. 86.2025% | Test Loss: 0.4210 | Test Acc. 84.7550%
AdamP on OSDataset_transformed: T 2/3 | E 35/200 Ended | E Time: 54.551s | ~Time Left: 9000.863s |  Train Loss: 0.3711 | Train Acc. 86.4066% | Test Loss: 0.4032 | Test Acc. 86.4489%
AdamP on OSDataset_transformed: T 2/3 | E 36/200 Ended | E Time: 54.317s | ~Time Left: 8907.917s |  Train Loss: 0.3711 | Train Acc. 86.5351% | Test Loss: 0.3834 | Test Acc. 86.2069%
AdamP on OSDataset_transformed: T 2/3 | E 37/200 Ended | E Time: 54.547s | ~Time Left: 8891.126s |  Train Loss: 0.3612 | Train Acc. 86.6788% | Test Loss: 0.3862 | Test Acc. 86.8724%
AdamP on OSDataset_transformed: T 2/3 | E 38/200 Ended | E Time: 54.632s | ~Time Left: 8850.329s |  Train Loss: 0.3634 | Train Acc. 86.6410% | Test Loss: 0.4370 | Test Acc. 84.8760%
AdamP on OSDataset_transformed: T 2/3 | E 39/200 Ended | E Time: 54.340s | ~Time Left: 8748.801s |  Train Loss: 0.3634 | Train Acc. 86.4520% | Test Loss: 0.3999 | Test Acc. 86.1464%
AdamP on OSDataset_transformed: T 2/3 | E 40/200 Ended | E Time: 54.518s | ~Time Left: 8722.869s |  Train Loss: 0.3595 | Train Acc. 86.9736% | Test Loss: 0.3922 | Test Acc. 85.6019%
AdamP on OSDataset_transformed: T 2/3 | E 41/200 Ended | E Time: 54.699s | ~Time Left: 8697.174s |  Train Loss: 0.3582 | Train Acc. 86.7770% | Test Loss: 0.3750 | Test Acc. 86.5094%
AdamP on OSDataset_transformed: T 2/3 | E 42/200 Ended | E Time: 54.516s | ~Time Left: 8613.532s |  Train Loss: 0.3504 | Train Acc. 87.1929% | Test Loss: 0.3960 | Test Acc. 85.8439%
AdamP on OSDataset_transformed: T 2/3 | E 43/200 Ended | E Time: 54.734s | ~Time Left: 8593.236s |  Train Loss: 0.3475 | Train Acc. 87.2609% | Test Loss: 0.3867 | Test Acc. 86.0859%
AdamP on OSDataset_transformed: T 2/3 | E 44/200 Ended | E Time: 54.652s | ~Time Left: 8525.776s |  Train Loss: 0.3414 | Train Acc. 87.2609% | Test Loss: 0.3690 | Test Acc. 87.4168%
AdamP on OSDataset_transformed: T 2/3 | E 45/200 Ended | E Time: 54.682s | ~Time Left: 8475.661s |  Train Loss: 0.3426 | Train Acc. 87.3289% | Test Loss: 0.3693 | Test Acc. 86.8119%
AdamP on OSDataset_transformed: T 2/3 | E 46/200 Ended | E Time: 54.513s | ~Time Left: 8395.070s |  Train Loss: 0.3413 | Train Acc. 87.4197% | Test Loss: 0.3667 | Test Acc. 86.8119%
AdamP on OSDataset_transformed: T 2/3 | E 47/200 Ended | E Time: 54.599s | ~Time Left: 8353.630s |  Train Loss: 0.3348 | Train Acc. 87.5784% | Test Loss: 0.3841 | Test Acc. 86.3884%
AdamP on OSDataset_transformed: T 2/3 | E 48/200 Ended | E Time: 54.581s | ~Time Left: 8296.293s |  Train Loss: 0.3376 | Train Acc. 87.8128% | Test Loss: 0.3899 | Test Acc. 85.9044%
AdamP on OSDataset_transformed: T 2/3 | E 49/200 Ended | E Time: 54.583s | ~Time Left: 8242.106s |  Train Loss: 0.3348 | Train Acc. 87.4575% | Test Loss: 0.3932 | Test Acc. 85.7834%
AdamP on OSDataset_transformed: T 2/3 | E 50/200 Ended | E Time: 54.487s | ~Time Left: 8173.027s |  Train Loss: 0.3342 | Train Acc. 87.5709% | Test Loss: 0.3635 | Test Acc. 86.6909%
AdamP on OSDataset_transformed: T 2/3 | E 51/200 Ended | E Time: 54.509s | ~Time Left: 8121.873s |  Train Loss: 0.3349 | Train Acc. 87.6314% | Test Loss: 0.3753 | Test Acc. 87.6588%
AdamP on OSDataset_transformed: T 2/3 | E 52/200 Ended | E Time: 54.556s | ~Time Left: 8074.315s |  Train Loss: 0.3305 | Train Acc. 87.9262% | Test Loss: 0.4264 | Test Acc. 84.5130%
AdamP on OSDataset_transformed: T 2/3 | E 53/200 Ended | E Time: 54.813s | ~Time Left: 8057.523s |  Train Loss: 0.3200 | Train Acc. 88.2589% | Test Loss: 0.3756 | Test Acc. 87.4168%
AdamP on OSDataset_transformed: T 2/3 | E 54/200 Ended | E Time: 54.584s | ~Time Left: 7969.238s |  Train Loss: 0.3249 | Train Acc. 88.2513% | Test Loss: 0.3677 | Test Acc. 86.6909%
AdamP on OSDataset_transformed: T 2/3 | E 55/200 Ended | E Time: 54.674s | ~Time Left: 7927.771s |  Train Loss: 0.3187 | Train Acc. 88.1757% | Test Loss: 0.3915 | Test Acc. 86.3884%
AdamP on OSDataset_transformed: T 2/3 | E 56/200 Ended | E Time: 54.554s | ~Time Left: 7855.820s |  Train Loss: 0.3198 | Train Acc. 88.0623% | Test Loss: 0.3855 | Test Acc. 86.2069%
AdamP on OSDataset_transformed: T 2/3 | E 57/200 Ended | E Time: 54.671s | ~Time Left: 7817.982s |  Train Loss: 0.3201 | Train Acc. 88.0774% | Test Loss: 0.3890 | Test Acc. 86.5094%
AdamP on OSDataset_transformed: T 2/3 | E 58/200 Ended | E Time: 55.120s | ~Time Left: 7827.097s |  Train Loss: 0.3130 | Train Acc. 88.2513% | Test Loss: 0.3480 | Test Acc. 87.2958%
AdamP on OSDataset_transformed: T 2/3 | E 59/200 Ended | E Time: 54.620s | ~Time Left: 7701.444s |  Train Loss: 0.3148 | Train Acc. 88.2967% | Test Loss: 0.3645 | Test Acc. 87.0538%
AdamP on OSDataset_transformed: T 2/3 | E 60/200 Ended | E Time: 54.448s | ~Time Left: 7622.682s |  Train Loss: 0.3159 | Train Acc. 88.3874% | Test Loss: 0.3640 | Test Acc. 86.9933%
AdamP on OSDataset_transformed: T 2/3 | E 61/200 Ended | E Time: 54.661s | ~Time Left: 7597.890s |  Train Loss: 0.3121 | Train Acc. 88.6142% | Test Loss: 0.3587 | Test Acc. 87.5983%
AdamP on OSDataset_transformed: T 2/3 | E 62/200 Ended | E Time: 55.040s | ~Time Left: 7595.509s |  Train Loss: 0.3090 | Train Acc. 88.5991% | Test Loss: 0.3557 | Test Acc. 86.9933%
AdamP on OSDataset_transformed: T 2/3 | E 63/200 Ended | E Time: 54.594s | ~Time Left: 7479.340s |  Train Loss: 0.3035 | Train Acc. 88.9620% | Test Loss: 0.3477 | Test Acc. 87.2353%
AdamP on OSDataset_transformed: T 2/3 | E 64/200 Ended | E Time: 54.601s | ~Time Left: 7425.766s |  Train Loss: 0.3016 | Train Acc. 88.8410% | Test Loss: 0.3510 | Test Acc. 87.8403%
AdamP on OSDataset_transformed: T 2/3 | E 65/200 Ended | E Time: 54.667s | ~Time Left: 7380.023s |  Train Loss: 0.3057 | Train Acc. 88.9317% | Test Loss: 0.3570 | Test Acc. 86.9328%
AdamP on OSDataset_transformed: T 2/3 | E 66/200 Ended | E Time: 54.724s | ~Time Left: 7332.983s |  Train Loss: 0.3016 | Train Acc. 89.2417% | Test Loss: 0.3717 | Test Acc. 86.5699%
AdamP on OSDataset_transformed: T 2/3 | E 67/200 Ended | E Time: 54.685s | ~Time Left: 7273.163s |  Train Loss: 0.3029 | Train Acc. 88.8486% | Test Loss: 0.3676 | Test Acc. 87.4773%
AdamP on OSDataset_transformed: T 2/3 | E 68/200 Ended | E Time: 54.738s | ~Time Left: 7225.399s |  Train Loss: 0.2955 | Train Acc. 88.8637% | Test Loss: 0.3601 | Test Acc. 87.9613%
AdamP on OSDataset_transformed: T 2/3 | E 69/200 Ended | E Time: 54.582s | ~Time Left: 7150.184s |  Train Loss: 0.2947 | Train Acc. 88.9393% | Test Loss: 0.3397 | Test Acc. 87.8403%
AdamP on OSDataset_transformed: T 2/3 | E 70/200 Ended | E Time: 54.707s | ~Time Left: 7111.928s |  Train Loss: 0.3019 | Train Acc. 88.6218% | Test Loss: 0.3328 | Test Acc. 87.9008%
AdamP on OSDataset_transformed: T 2/3 | E 71/200 Ended | E Time: 54.682s | ~Time Left: 7053.978s |  Train Loss: 0.2965 | Train Acc. 88.9620% | Test Loss: 0.3607 | Test Acc. 86.6304%
AdamP on OSDataset_transformed: T 2/3 | E 72/200 Ended | E Time: 54.578s | ~Time Left: 6986.018s |  Train Loss: 0.2920 | Train Acc. 89.1056% | Test Loss: 0.3561 | Test Acc. 86.4489%
AdamP on OSDataset_transformed: T 2/3 | E 73/200 Ended | E Time: 54.726s | ~Time Left: 6950.154s |  Train Loss: 0.2951 | Train Acc. 89.1207% | Test Loss: 0.3630 | Test Acc. 87.1748%
AdamP on OSDataset_transformed: T 2/3 | E 74/200 Ended | E Time: 54.494s | ~Time Left: 6866.270s |  Train Loss: 0.2917 | Train Acc. 89.2190% | Test Loss: 0.3967 | Test Acc. 84.9365%
AdamP on OSDataset_transformed: T 2/3 | E 75/200 Ended | E Time: 54.513s | ~Time Left: 6814.082s |  Train Loss: 0.2920 | Train Acc. 89.1510% | Test Loss: 0.3612 | Test Acc. 87.2958%
AdamP on OSDataset_transformed: T 2/3 | E 76/200 Ended | E Time: 54.644s | ~Time Left: 6775.834s |  Train Loss: 0.2824 | Train Acc. 89.6424% | Test Loss: 0.3573 | Test Acc. 87.4168%
AdamP on OSDataset_transformed: T 2/3 | E 77/200 Ended | E Time: 54.559s | ~Time Left: 6710.790s |  Train Loss: 0.2820 | Train Acc. 89.6348% | Test Loss: 0.3390 | Test Acc. 87.4773%
AdamP on OSDataset_transformed: T 2/3 | E 78/200 Ended | E Time: 54.558s | ~Time Left: 6656.137s |  Train Loss: 0.2758 | Train Acc. 89.4836% | Test Loss: 0.3314 | Test Acc. 88.3243%
AdamP on OSDataset_transformed: T 2/3 | E 79/200 Ended | E Time: 54.567s | ~Time Left: 6602.560s |  Train Loss: 0.2833 | Train Acc. 89.5063% | Test Loss: 0.3470 | Test Acc. 87.6588%
AdamP on OSDataset_transformed: T 2/3 | E 80/200 Ended | E Time: 54.746s | ~Time Left: 6569.555s |  Train Loss: 0.2786 | Train Acc. 89.6953% | Test Loss: 0.3414 | Test Acc. 88.3848%
AdamP on OSDataset_transformed: T 2/3 | E 81/200 Ended | E Time: 54.598s | ~Time Left: 6497.168s |  Train Loss: 0.2746 | Train Acc. 89.6046% | Test Loss: 0.3512 | Test Acc. 87.8403%
AdamP on OSDataset_transformed: T 2/3 | E 82/200 Ended | E Time: 54.851s | ~Time Left: 6472.429s |  Train Loss: 0.2763 | Train Acc. 89.6802% | Test Loss: 0.3419 | Test Acc. 87.3563%
AdamP on OSDataset_transformed: T 2/3 | E 83/200 Ended | E Time: 54.755s | ~Time Left: 6406.395s |  Train Loss: 0.2722 | Train Acc. 89.7936% | Test Loss: 0.3324 | Test Acc. 88.0823%
AdamP on OSDataset_transformed: T 2/3 | E 84/200 Ended | E Time: 54.367s | ~Time Left: 6306.595s |  Train Loss: 0.2726 | Train Acc. 89.6953% | Test Loss: 0.3263 | Test Acc. 87.9008%
AdamP on OSDataset_transformed: T 2/3 | E 85/200 Ended | E Time: 54.558s | ~Time Left: 6274.218s |  Train Loss: 0.2715 | Train Acc. 90.0355% | Test Loss: 0.3381 | Test Acc. 88.0823%
AdamP on OSDataset_transformed: T 2/3 | E 86/200 Ended | E Time: 54.651s | ~Time Left: 6230.203s |  Train Loss: 0.2680 | Train Acc. 89.9826% | Test Loss: 0.3395 | Test Acc. 87.5983%
AdamP on OSDataset_transformed: T 2/3 | E 87/200 Ended | E Time: 54.629s | ~Time Left: 6173.054s |  Train Loss: 0.2687 | Train Acc. 89.8994% | Test Loss: 0.3566 | Test Acc. 88.4453%
AdamP on OSDataset_transformed: T 2/3 | E 88/200 Ended | E Time: 54.566s | ~Time Left: 6111.412s |  Train Loss: 0.2636 | Train Acc. 90.0355% | Test Loss: 0.3570 | Test Acc. 88.1428%
AdamP on OSDataset_transformed: T 2/3 | E 89/200 Ended | E Time: 54.556s | ~Time Left: 6055.665s |  Train Loss: 0.2653 | Train Acc. 90.0960% | Test Loss: 0.3733 | Test Acc. 87.1143%
AdamP on OSDataset_transformed: T 2/3 | E 90/200 Ended | E Time: 54.683s | ~Time Left: 6015.148s |  Train Loss: 0.2635 | Train Acc. 90.2019% | Test Loss: 0.3445 | Test Acc. 87.1748%
AdamP on OSDataset_transformed: T 2/3 | E 91/200 Ended | E Time: 54.737s | ~Time Left: 5966.357s |  Train Loss: 0.2664 | Train Acc. 90.1489% | Test Loss: 0.3475 | Test Acc. 87.5378%
AdamP on OSDataset_transformed: T 2/3 | E 92/200 Ended | E Time: 54.526s | ~Time Left: 5888.791s |  Train Loss: 0.2626 | Train Acc. 90.0809% | Test Loss: 0.3248 | Test Acc. 88.3848%
AdamP on OSDataset_transformed: T 2/3 | E 93/200 Ended | E Time: 54.351s | ~Time Left: 5815.578s |  Train Loss: 0.2579 | Train Acc. 90.2245% | Test Loss: 0.3290 | Test Acc. 88.5662%
AdamP on OSDataset_transformed: T 2/3 | E 94/200 Ended | E Time: 54.215s | ~Time Left: 5746.812s |  Train Loss: 0.2622 | Train Acc. 90.3379% | Test Loss: 0.3215 | Test Acc. 88.7477%
AdamP on OSDataset_transformed: T 2/3 | E 95/200 Ended | E Time: 54.675s | ~Time Left: 5740.839s |  Train Loss: 0.2556 | Train Acc. 90.2019% | Test Loss: 0.3390 | Test Acc. 87.8403%
AdamP on OSDataset_transformed: T 2/3 | E 96/200 Ended | E Time: 54.542s | ~Time Left: 5672.386s |  Train Loss: 0.2582 | Train Acc. 90.2850% | Test Loss: 0.3525 | Test Acc. 87.1748%
AdamP on OSDataset_transformed: T 2/3 | E 97/200 Ended | E Time: 54.596s | ~Time Left: 5623.389s |  Train Loss: 0.2542 | Train Acc. 90.4513% | Test Loss: 0.3213 | Test Acc. 88.8082%
AdamP on OSDataset_transformed: T 2/3 | E 98/200 Ended | E Time: 54.216s | ~Time Left: 5529.995s |  Train Loss: 0.2537 | Train Acc. 90.7008% | Test Loss: 0.3371 | Test Acc. 88.2638%
AdamP on OSDataset_transformed: T 2/3 | E 99/200 Ended | E Time: 54.499s | ~Time Left: 5504.376s |  Train Loss: 0.2535 | Train Acc. 90.3757% | Test Loss: 0.3329 | Test Acc. 88.4453%
AdamP on OSDataset_transformed: T 2/3 | E 100/200 Ended | E Time: 54.623s | ~Time Left: 5462.327s |  Train Loss: 0.2491 | Train Acc. 90.5421% | Test Loss: 0.3312 | Test Acc. 88.3848%
AdamP on OSDataset_transformed: T 2/3 | E 101/200 Ended | E Time: 54.545s | ~Time Left: 5399.920s |  Train Loss: 0.2452 | Train Acc. 90.6328% | Test Loss: 0.3409 | Test Acc. 88.8082%
AdamP on OSDataset_transformed: T 2/3 | E 102/200 Ended | E Time: 54.773s | ~Time Left: 5367.791s |  Train Loss: 0.2535 | Train Acc. 90.6026% | Test Loss: 0.3992 | Test Acc. 87.7798%
AdamP on OSDataset_transformed: T 2/3 | E 103/200 Ended | E Time: 54.776s | ~Time Left: 5313.264s |  Train Loss: 0.2459 | Train Acc. 90.6630% | Test Loss: 0.3550 | Test Acc. 88.3243%
AdamP on OSDataset_transformed: T 2/3 | E 104/200 Ended | E Time: 54.598s | ~Time Left: 5241.364s |  Train Loss: 0.2493 | Train Acc. 90.5345% | Test Loss: 0.3364 | Test Acc. 87.7798%
AdamP on OSDataset_transformed: T 2/3 | E 105/200 Ended | E Time: 54.669s | ~Time Left: 5193.585s |  Train Loss: 0.2437 | Train Acc. 90.6479% | Test Loss: 0.3269 | Test Acc. 87.7798%
AdamP on OSDataset_transformed: T 2/3 | E 106/200 Ended | E Time: 54.698s | ~Time Left: 5141.598s |  Train Loss: 0.2389 | Train Acc. 90.9881% | Test Loss: 0.3192 | Test Acc. 88.8687%
AdamP on OSDataset_transformed: T 2/3 | E 107/200 Ended | E Time: 54.564s | ~Time Left: 5074.440s |  Train Loss: 0.2444 | Train Acc. 90.8369% | Test Loss: 0.3286 | Test Acc. 88.6872%
AdamP on OSDataset_transformed: T 2/3 | E 108/200 Ended | E Time: 54.550s | ~Time Left: 5018.557s |  Train Loss: 0.2397 | Train Acc. 90.9957% | Test Loss: 0.3503 | Test Acc. 87.3563%
AdamP on OSDataset_transformed: T 2/3 | E 109/200 Ended | E Time: 55.219s | ~Time Left: 5024.898s |  Train Loss: 0.2394 | Train Acc. 90.8445% | Test Loss: 0.3288 | Test Acc. 88.8082%
AdamP on OSDataset_transformed: T 2/3 | E 110/200 Ended | E Time: 54.710s | ~Time Left: 4923.887s |  Train Loss: 0.2359 | Train Acc. 91.1167% | Test Loss: 0.3157 | Test Acc. 88.4453%
AdamP on OSDataset_transformed: T 2/3 | E 111/200 Ended | E Time: 54.367s | ~Time Left: 4838.663s |  Train Loss: 0.2398 | Train Acc. 91.1091% | Test Loss: 0.3167 | Test Acc. 88.3848%
AdamP on OSDataset_transformed: T 2/3 | E 112/200 Ended | E Time: 54.733s | ~Time Left: 4816.538s |  Train Loss: 0.2398 | Train Acc. 90.9579% | Test Loss: 0.3362 | Test Acc. 88.7477%
AdamP on OSDataset_transformed: T 2/3 | E 113/200 Ended | E Time: 54.476s | ~Time Left: 4739.420s |  Train Loss: 0.2363 | Train Acc. 91.2905% | Test Loss: 0.3227 | Test Acc. 88.2033%
AdamP on OSDataset_transformed: T 2/3 | E 114/200 Ended | E Time: 54.572s | ~Time Left: 4693.204s |  Train Loss: 0.2350 | Train Acc. 91.3132% | Test Loss: 0.3347 | Test Acc. 88.2033%
AdamP on OSDataset_transformed: T 2/3 | E 115/200 Ended | E Time: 54.477s | ~Time Left: 4630.520s |  Train Loss: 0.2317 | Train Acc. 91.1167% | Test Loss: 0.3568 | Test Acc. 88.5057%
AdamP on OSDataset_transformed: T 2/3 | E 116/200 Ended | E Time: 54.564s | ~Time Left: 4583.398s |  Train Loss: 0.2348 | Train Acc. 91.3132% | Test Loss: 0.3329 | Test Acc. 88.2033%
AdamP on OSDataset_transformed: T 2/3 | E 117/200 Ended | E Time: 54.538s | ~Time Left: 4526.651s |  Train Loss: 0.2345 | Train Acc. 91.0637% | Test Loss: 0.3677 | Test Acc. 87.1748%
AdamP on OSDataset_transformed: T 2/3 | E 118/200 Ended | E Time: 54.691s | ~Time Left: 4484.634s |  Train Loss: 0.2261 | Train Acc. 91.5022% | Test Loss: 0.3178 | Test Acc. 88.7477%
AdamP on OSDataset_transformed: T 2/3 | E 119/200 Ended | E Time: 54.561s | ~Time Left: 4419.432s |  Train Loss: 0.2263 | Train Acc. 91.5930% | Test Loss: 0.3185 | Test Acc. 88.6267%
AdamP on OSDataset_transformed: T 2/3 | E 120/200 Ended | E Time: 54.355s | ~Time Left: 4348.374s |  Train Loss: 0.2307 | Train Acc. 91.2376% | Test Loss: 0.3232 | Test Acc. 87.9613%
AdamP on OSDataset_transformed: T 2/3 | E 121/200 Ended | E Time: 54.581s | ~Time Left: 4311.873s |  Train Loss: 0.2253 | Train Acc. 91.4644% | Test Loss: 0.3257 | Test Acc. 88.6267%
AdamP on OSDataset_transformed: T 2/3 | E 122/200 Ended | E Time: 54.330s | ~Time Left: 4237.763s |  Train Loss: 0.2237 | Train Acc. 91.6308% | Test Loss: 0.3141 | Test Acc. 88.6872%
AdamP on OSDataset_transformed: T 2/3 | E 123/200 Ended | E Time: 55.127s | ~Time Left: 4244.743s |  Train Loss: 0.2246 | Train Acc. 91.4342% | Test Loss: 0.3328 | Test Acc. 88.2033%
AdamP on OSDataset_transformed: T 2/3 | E 124/200 Ended | E Time: 54.516s | ~Time Left: 4143.243s |  Train Loss: 0.2200 | Train Acc. 91.6232% | Test Loss: 0.3396 | Test Acc. 87.2958%
AdamP on OSDataset_transformed: T 2/3 | E 125/200 Ended | E Time: 54.470s | ~Time Left: 4085.246s |  Train Loss: 0.2243 | Train Acc. 91.4493% | Test Loss: 0.3197 | Test Acc. 88.9897%
AdamP on OSDataset_transformed: T 2/3 | E 126/200 Ended | E Time: 54.532s | ~Time Left: 4035.389s |  Train Loss: 0.2188 | Train Acc. 91.8727% | Test Loss: 0.3274 | Test Acc. 89.2922%
AdamP on OSDataset_transformed: T 2/3 | E 127/200 Ended | E Time: 54.271s | ~Time Left: 3961.815s |  Train Loss: 0.2189 | Train Acc. 91.5854% | Test Loss: 0.3000 | Test Acc. 89.4132%
AdamP on OSDataset_transformed: T 2/3 | E 128/200 Ended | E Time: 54.646s | ~Time Left: 3934.513s |  Train Loss: 0.2167 | Train Acc. 91.7517% | Test Loss: 0.3273 | Test Acc. 88.4453%
AdamP on OSDataset_transformed: T 2/3 | E 129/200 Ended | E Time: 54.675s | ~Time Left: 3881.932s |  Train Loss: 0.2180 | Train Acc. 91.8122% | Test Loss: 0.3118 | Test Acc. 89.0502%
AdamP on OSDataset_transformed: T 2/3 | E 130/200 Ended | E Time: 54.298s | ~Time Left: 3800.888s |  Train Loss: 0.2149 | Train Acc. 91.8651% | Test Loss: 0.3331 | Test Acc. 88.3848%
AdamP on OSDataset_transformed: T 2/3 | E 131/200 Ended | E Time: 54.366s | ~Time Left: 3751.289s |  Train Loss: 0.2231 | Train Acc. 91.3510% | Test Loss: 0.3040 | Test Acc. 89.0502%
AdamP on OSDataset_transformed: T 2/3 | E 132/200 Ended | E Time: 54.359s | ~Time Left: 3696.400s |  Train Loss: 0.2130 | Train Acc. 91.8651% | Test Loss: 0.3238 | Test Acc. 88.6872%
AdamP on OSDataset_transformed: T 2/3 | E 133/200 Ended | E Time: 54.410s | ~Time Left: 3645.446s |  Train Loss: 0.2152 | Train Acc. 91.7366% | Test Loss: 0.3299 | Test Acc. 88.4453%
AdamP on OSDataset_transformed: T 2/3 | E 134/200 Ended | E Time: 54.475s | ~Time Left: 3595.330s |  Train Loss: 0.2131 | Train Acc. 91.8576% | Test Loss: 0.3324 | Test Acc. 88.5662%
AdamP on OSDataset_transformed: T 2/3 | E 135/200 Ended | E Time: 54.437s | ~Time Left: 3538.433s |  Train Loss: 0.2155 | Train Acc. 91.6837% | Test Loss: 0.3028 | Test Acc. 88.9292%
AdamP on OSDataset_transformed: T 2/3 | E 136/200 Ended | E Time: 54.200s | ~Time Left: 3468.805s |  Train Loss: 0.2128 | Train Acc. 91.9105% | Test Loss: 0.3224 | Test Acc. 88.8687%
AdamP on OSDataset_transformed: T 2/3 | E 137/200 Ended | E Time: 54.428s | ~Time Left: 3428.964s |  Train Loss: 0.2065 | Train Acc. 92.1827% | Test Loss: 0.3322 | Test Acc. 88.0823%
AdamP on OSDataset_transformed: T 2/3 | E 138/200 Ended | E Time: 54.670s | ~Time Left: 3389.536s |  Train Loss: 0.2106 | Train Acc. 92.2129% | Test Loss: 0.3147 | Test Acc. 89.3527%
AdamP on OSDataset_transformed: T 2/3 | E 139/200 Ended | E Time: 54.343s | ~Time Left: 3314.929s |  Train Loss: 0.2019 | Train Acc. 92.2809% | Test Loss: 0.3010 | Test Acc. 89.2922%
AdamP on OSDataset_transformed: T 2/3 | E 140/200 Ended | E Time: 54.159s | ~Time Left: 3249.554s |  Train Loss: 0.2022 | Train Acc. 92.3187% | Test Loss: 0.3126 | Test Acc. 88.3848%
AdamP on OSDataset_transformed: T 2/3 | E 141/200 Ended | E Time: 54.418s | ~Time Left: 3210.663s |  Train Loss: 0.2042 | Train Acc. 92.1297% | Test Loss: 0.3112 | Test Acc. 89.2922%
AdamP on OSDataset_transformed: T 2/3 | E 142/200 Ended | E Time: 54.285s | ~Time Left: 3148.509s |  Train Loss: 0.2034 | Train Acc. 92.3187% | Test Loss: 0.3245 | Test Acc. 89.0502%
AdamP on OSDataset_transformed: T 2/3 | E 143/200 Ended | E Time: 54.327s | ~Time Left: 3096.663s |  Train Loss: 0.2071 | Train Acc. 92.0693% | Test Loss: 0.3178 | Test Acc. 88.0823%
AdamP on OSDataset_transformed: T 2/3 | E 144/200 Ended | E Time: 54.469s | ~Time Left: 3050.285s |  Train Loss: 0.2081 | Train Acc. 91.8122% | Test Loss: 0.3255 | Test Acc. 89.1712%
AdamP on OSDataset_transformed: T 2/3 | E 145/200 Ended | E Time: 54.268s | ~Time Left: 2984.735s |  Train Loss: 0.1915 | Train Acc. 92.5455% | Test Loss: 0.3380 | Test Acc. 89.3527%
AdamP on OSDataset_transformed: T 2/3 | E 146/200 Ended | E Time: 54.251s | ~Time Left: 2929.544s |  Train Loss: 0.1999 | Train Acc. 92.3717% | Test Loss: 0.3165 | Test Acc. 88.9897%
AdamP on OSDataset_transformed: T 2/3 | E 147/200 Ended | E Time: 54.255s | ~Time Left: 2875.502s |  Train Loss: 0.1959 | Train Acc. 92.5153% | Test Loss: 0.3279 | Test Acc. 89.4737%
AdamP on OSDataset_transformed: T 2/3 | E 148/200 Ended | E Time: 54.601s | ~Time Left: 2839.229s |  Train Loss: 0.1951 | Train Acc. 92.6438% | Test Loss: 0.3293 | Test Acc. 88.3243%
AdamP on OSDataset_transformed: T 2/3 | E 149/200 Ended | E Time: 54.333s | ~Time Left: 2770.965s |  Train Loss: 0.2018 | Train Acc. 92.1978% | Test Loss: 0.3014 | Test Acc. 89.7157%
AdamP on OSDataset_transformed: T 2/3 | E 150/200 Ended | E Time: 54.346s | ~Time Left: 2717.281s |  Train Loss: 0.1889 | Train Acc. 92.6892% | Test Loss: 0.3412 | Test Acc. 88.7477%
AdamP on OSDataset_transformed: T 2/3 | E 151/200 Ended | E Time: 54.414s | ~Time Left: 2666.289s |  Train Loss: 0.1962 | Train Acc. 92.5002% | Test Loss: 0.2947 | Test Acc. 89.2317%
AdamP on OSDataset_transformed: T 2/3 | E 152/200 Ended | E Time: 54.227s | ~Time Left: 2602.881s |  Train Loss: 0.1916 | Train Acc. 92.6363% | Test Loss: 0.3245 | Test Acc. 88.4453%
AdamP on OSDataset_transformed: T 2/3 | E 153/200 Ended | E Time: 54.343s | ~Time Left: 2554.115s |  Train Loss: 0.1934 | Train Acc. 92.4548% | Test Loss: 0.3246 | Test Acc. 88.6872%
AdamP on OSDataset_transformed: T 2/3 | E 154/200 Ended | E Time: 54.288s | ~Time Left: 2497.229s |  Train Loss: 0.1877 | Train Acc. 92.8706% | Test Loss: 0.2969 | Test Acc. 89.7762%
AdamP on OSDataset_transformed: T 2/3 | E 155/200 Ended | E Time: 54.316s | ~Time Left: 2444.206s |  Train Loss: 0.1873 | Train Acc. 93.0975% | Test Loss: 0.3261 | Test Acc. 89.8367%
AdamP on OSDataset_transformed: T 2/3 | E 156/200 Ended | E Time: 54.566s | ~Time Left: 2400.903s |  Train Loss: 0.1878 | Train Acc. 92.8253% | Test Loss: 0.3367 | Test Acc. 89.7762%
AdamP on OSDataset_transformed: T 2/3 | E 157/200 Ended | E Time: 54.304s | ~Time Left: 2335.052s |  Train Loss: 0.1860 | Train Acc. 93.0445% | Test Loss: 0.3123 | Test Acc. 90.0181%
AdamP on OSDataset_transformed: T 2/3 | E 158/200 Ended | E Time: 54.495s | ~Time Left: 2288.781s |  Train Loss: 0.1882 | Train Acc. 92.9689% | Test Loss: 0.3438 | Test Acc. 88.2033%
AdamP on OSDataset_transformed: T 2/3 | E 159/200 Ended | E Time: 54.473s | ~Time Left: 2233.383s |  Train Loss: 0.1817 | Train Acc. 93.0672% | Test Loss: 0.3322 | Test Acc. 87.9613%
AdamP on OSDataset_transformed: T 2/3 | E 160/200 Ended | E Time: 54.345s | ~Time Left: 2173.790s |  Train Loss: 0.1934 | Train Acc. 92.6514% | Test Loss: 0.3372 | Test Acc. 89.1107%
AdamP on OSDataset_transformed: T 2/3 | E 161/200 Ended | E Time: 54.297s | ~Time Left: 2117.570s |  Train Loss: 0.1823 | Train Acc. 92.9916% | Test Loss: 0.3280 | Test Acc. 89.4132%
AdamP on OSDataset_transformed: T 2/3 | E 162/200 Ended | E Time: 54.575s | ~Time Left: 2073.851s |  Train Loss: 0.1818 | Train Acc. 93.3167% | Test Loss: 0.3149 | Test Acc. 89.2922%
AdamP on OSDataset_transformed: T 2/3 | E 163/200 Ended | E Time: 54.309s | ~Time Left: 2009.422s |  Train Loss: 0.1890 | Train Acc. 92.8782% | Test Loss: 0.3137 | Test Acc. 89.4737%
AdamP on OSDataset_transformed: T 2/3 | E 164/200 Ended | E Time: 54.218s | ~Time Left: 1951.852s |  Train Loss: 0.1790 | Train Acc. 93.0521% | Test Loss: 0.3066 | Test Acc. 90.0181%
AdamP on OSDataset_transformed: T 2/3 | E 165/200 Ended | E Time: 54.668s | ~Time Left: 1913.364s |  Train Loss: 0.1790 | Train Acc. 93.2033% | Test Loss: 0.3207 | Test Acc. 89.4132%
AdamP on OSDataset_transformed: T 2/3 | E 166/200 Ended | E Time: 54.435s | ~Time Left: 1850.780s |  Train Loss: 0.1738 | Train Acc. 93.3545% | Test Loss: 0.3233 | Test Acc. 88.2033%
AdamP on OSDataset_transformed: T 2/3 | E 167/200 Ended | E Time: 54.578s | ~Time Left: 1801.068s |  Train Loss: 0.1745 | Train Acc. 93.2411% | Test Loss: 0.3189 | Test Acc. 88.8687%
AdamP on OSDataset_transformed: T 2/3 | E 168/200 Ended | E Time: 54.203s | ~Time Left: 1734.482s |  Train Loss: 0.1786 | Train Acc. 93.0672% | Test Loss: 0.3052 | Test Acc. 88.5662%
AdamP on OSDataset_transformed: T 2/3 | E 169/200 Ended | E Time: 54.651s | ~Time Left: 1694.172s |  Train Loss: 0.1723 | Train Acc. 93.2335% | Test Loss: 0.3374 | Test Acc. 88.8082%
AdamP on OSDataset_transformed: T 2/3 | E 170/200 Ended | E Time: 54.199s | ~Time Left: 1625.969s |  Train Loss: 0.1717 | Train Acc. 93.3469% | Test Loss: 0.3175 | Test Acc. 88.6872%
AdamP on OSDataset_transformed: T 2/3 | E 171/200 Ended | E Time: 54.424s | ~Time Left: 1578.285s |  Train Loss: 0.1752 | Train Acc. 93.2865% | Test Loss: 0.3173 | Test Acc. 89.7157%
AdamP on OSDataset_transformed: T 2/3 | E 172/200 Ended | E Time: 54.947s | ~Time Left: 1538.507s |  Train Loss: 0.1794 | Train Acc. 93.1428% | Test Loss: 0.3723 | Test Acc. 87.4773%
AdamP on OSDataset_transformed: T 2/3 | E 173/200 Ended | E Time: 54.339s | ~Time Left: 1467.148s |  Train Loss: 0.1696 | Train Acc. 93.5889% | Test Loss: 0.3102 | Test Acc. 89.5947%
AdamP on OSDataset_transformed: T 2/3 | E 174/200 Ended | E Time: 54.259s | ~Time Left: 1410.725s |  Train Loss: 0.1716 | Train Acc. 93.5284% | Test Loss: 0.3276 | Test Acc. 89.0502%
AdamP on OSDataset_transformed: T 2/3 | E 175/200 Ended | E Time: 54.374s | ~Time Left: 1359.351s |  Train Loss: 0.1670 | Train Acc. 93.8006% | Test Loss: 0.3190 | Test Acc. 89.6552%
AdamP on OSDataset_transformed: T 2/3 | E 176/200 Ended | E Time: 54.547s | ~Time Left: 1309.119s |  Train Loss: 0.1720 | Train Acc. 93.7401% | Test Loss: 0.3462 | Test Acc. 88.3243%
AdamP on OSDataset_transformed: T 2/3 | E 177/200 Ended | E Time: 54.602s | ~Time Left: 1255.844s |  Train Loss: 0.1642 | Train Acc. 93.8913% | Test Loss: 0.3267 | Test Acc. 89.7762%
AdamP on OSDataset_transformed: T 2/3 | E 178/200 Ended | E Time: 54.364s | ~Time Left: 1196.000s |  Train Loss: 0.1718 | Train Acc. 93.4074% | Test Loss: 0.3258 | Test Acc. 89.4737%
AdamP on OSDataset_transformed: T 2/3 | E 179/200 Ended | E Time: 54.521s | ~Time Left: 1144.936s |  Train Loss: 0.1596 | Train Acc. 93.7930% | Test Loss: 0.3328 | Test Acc. 89.5342%
AdamP on OSDataset_transformed: T 2/3 | E 180/200 Ended | E Time: 54.261s | ~Time Left: 1085.214s |  Train Loss: 0.1668 | Train Acc. 93.5813% | Test Loss: 0.3617 | Test Acc. 87.9008%
AdamP on OSDataset_transformed: T 2/3 | E 181/200 Ended | E Time: 54.492s | ~Time Left: 1035.354s |  Train Loss: 0.1614 | Train Acc. 93.9064% | Test Loss: 0.3164 | Test Acc. 88.8687%
AdamP on OSDataset_transformed: T 2/3 | E 182/200 Ended | E Time: 54.454s | ~Time Left: 980.170s |  Train Loss: 0.1668 | Train Acc. 93.4074% | Test Loss: 0.3072 | Test Acc. 88.6872%
AdamP on OSDataset_transformed: T 2/3 | E 183/200 Ended | E Time: 54.355s | ~Time Left: 924.041s |  Train Loss: 0.1567 | Train Acc. 94.1483% | Test Loss: 0.3661 | Test Acc. 87.9613%
AdamP on OSDataset_transformed: T 2/3 | E 184/200 Ended | E Time: 54.659s | ~Time Left: 874.547s |  Train Loss: 0.1599 | Train Acc. 93.8081% | Test Loss: 0.3261 | Test Acc. 89.8367%
AdamP on OSDataset_transformed: T 2/3 | E 185/200 Ended | E Time: 54.320s | ~Time Left: 814.803s |  Train Loss: 0.1567 | Train Acc. 93.9140% | Test Loss: 0.3267 | Test Acc. 90.5626%
AdamP on OSDataset_transformed: T 2/3 | E 186/200 Ended | E Time: 54.404s | ~Time Left: 761.662s |  Train Loss: 0.1509 | Train Acc. 94.4659% | Test Loss: 0.3096 | Test Acc. 90.4416%
AdamP on OSDataset_transformed: T 2/3 | E 187/200 Ended | E Time: 54.366s | ~Time Left: 706.754s |  Train Loss: 0.1532 | Train Acc. 94.2315% | Test Loss: 0.3182 | Test Acc. 89.4737%
AdamP on OSDataset_transformed: T 2/3 | E 188/200 Ended | E Time: 54.461s | ~Time Left: 653.532s |  Train Loss: 0.1592 | Train Acc. 93.9820% | Test Loss: 0.3292 | Test Acc. 88.8687%
AdamP on OSDataset_transformed: T 2/3 | E 189/200 Ended | E Time: 54.665s | ~Time Left: 601.315s |  Train Loss: 0.1561 | Train Acc. 93.9518% | Test Loss: 0.3225 | Test Acc. 89.2922%
AdamP on OSDataset_transformed: T 2/3 | E 190/200 Ended | E Time: 54.526s | ~Time Left: 545.261s |  Train Loss: 0.1551 | Train Acc. 94.2391% | Test Loss: 0.3197 | Test Acc. 89.1107%
AdamP on OSDataset_transformed: T 2/3 | E 191/200 Ended | E Time: 54.632s | ~Time Left: 491.687s |  Train Loss: 0.1536 | Train Acc. 94.0349% | Test Loss: 0.3103 | Test Acc. 89.2317%
AdamP on OSDataset_transformed: T 2/3 | E 192/200 Ended | E Time: 54.270s | ~Time Left: 434.160s |  Train Loss: 0.1451 | Train Acc. 94.4205% | Test Loss: 0.3794 | Test Acc. 88.1428%
AdamP on OSDataset_transformed: T 2/3 | E 193/200 Ended | E Time: 54.777s | ~Time Left: 383.442s |  Train Loss: 0.1560 | Train Acc. 93.9896% | Test Loss: 0.3345 | Test Acc. 88.9292%
AdamP on OSDataset_transformed: T 2/3 | E 194/200 Ended | E Time: 54.489s | ~Time Left: 326.937s |  Train Loss: 0.1486 | Train Acc. 94.1710% | Test Loss: 0.3368 | Test Acc. 88.8687%
AdamP on OSDataset_transformed: T 2/3 | E 195/200 Ended | E Time: 54.317s | ~Time Left: 271.586s |  Train Loss: 0.1489 | Train Acc. 94.4129% | Test Loss: 0.3111 | Test Acc. 89.9576%
AdamP on OSDataset_transformed: T 2/3 | E 196/200 Ended | E Time: 54.421s | ~Time Left: 217.684s |  Train Loss: 0.1464 | Train Acc. 94.2995% | Test Loss: 0.3002 | Test Acc. 90.0786%
AdamP on OSDataset_transformed: T 2/3 | E 197/200 Ended | E Time: 54.594s | ~Time Left: 163.781s |  Train Loss: 0.1438 | Train Acc. 94.6322% | Test Loss: 0.3255 | Test Acc. 88.6872%
AdamP on OSDataset_transformed: T 2/3 | E 198/200 Ended | E Time: 54.483s | ~Time Left: 108.967s |  Train Loss: 0.1441 | Train Acc. 94.5339% | Test Loss: 0.3146 | Test Acc. 89.8367%
AdamP on OSDataset_transformed: T 2/3 | E 199/200 Ended | E Time: 54.292s | ~Time Left: 54.292s |  Train Loss: 0.1482 | Train Acc. 94.2617% | Test Loss: 0.3416 | Test Acc. 89.1107%
AdamP on OSDataset_transformed: T 2/3 | E 200/200 Ended | E Time: 54.501s | ~Time Left: 0.000s |  Train Loss: 0.1443 | Train Acc. 94.5339% | Test Loss: 0.3451 | Test Acc. 88.1428%
AdamP on OSDataset_transformed: T 3/3 | E 1/200 Ended | E Time: 55.004s | ~Time Left: 10945.752s |  Train Loss: 0.7679 | Train Acc. 71.3465% | Test Loss: 0.8965 | Test Acc. 64.8518%
AdamP on OSDataset_transformed: T 3/3 | E 2/200 Ended | E Time: 54.577s | ~Time Left: 10806.332s |  Train Loss: 0.6679 | Train Acc. 75.2476% | Test Loss: 0.6404 | Test Acc. 75.4991%
AdamP on OSDataset_transformed: T 3/3 | E 3/200 Ended | E Time: 54.778s | ~Time Left: 10791.204s |  Train Loss: 0.6391 | Train Acc. 76.5555% | Test Loss: 0.6205 | Test Acc. 75.6201%
AdamP on OSDataset_transformed: T 3/3 | E 4/200 Ended | E Time: 54.471s | ~Time Left: 10676.274s |  Train Loss: 0.6007 | Train Acc. 77.6593% | Test Loss: 0.6117 | Test Acc. 77.8584%
AdamP on OSDataset_transformed: T 3/3 | E 5/200 Ended | E Time: 54.532s | ~Time Left: 10633.785s |  Train Loss: 0.5770 | Train Acc. 79.1260% | Test Loss: 0.5757 | Test Acc. 79.1289%
AdamP on OSDataset_transformed: T 3/3 | E 6/200 Ended | E Time: 54.359s | ~Time Left: 10545.689s |  Train Loss: 0.5644 | Train Acc. 79.6023% | Test Loss: 0.5493 | Test Acc. 79.7943%
AdamP on OSDataset_transformed: T 3/3 | E 7/200 Ended | E Time: 54.807s | ~Time Left: 10577.791s |  Train Loss: 0.5493 | Train Acc. 80.0862% | Test Loss: 0.5621 | Test Acc. 78.6449%
AdamP on OSDataset_transformed: T 3/3 | E 8/200 Ended | E Time: 54.994s | ~Time Left: 10558.943s |  Train Loss: 0.5237 | Train Acc. 80.9027% | Test Loss: 0.5664 | Test Acc. 79.0079%
AdamP on OSDataset_transformed: T 3/3 | E 9/200 Ended | E Time: 54.522s | ~Time Left: 10413.638s |  Train Loss: 0.5183 | Train Acc. 81.3488% | Test Loss: 0.5718 | Test Acc. 79.3103%
AdamP on OSDataset_transformed: T 3/3 | E 10/200 Ended | E Time: 54.504s | ~Time Left: 10355.823s |  Train Loss: 0.5070 | Train Acc. 81.7495% | Test Loss: 0.4975 | Test Acc. 83.0611%
AdamP on OSDataset_transformed: T 3/3 | E 11/200 Ended | E Time: 54.541s | ~Time Left: 10308.331s |  Train Loss: 0.4880 | Train Acc. 82.1123% | Test Loss: 0.5115 | Test Acc. 81.2462%
AdamP on OSDataset_transformed: T 3/3 | E 12/200 Ended | E Time: 54.495s | ~Time Left: 10245.005s |  Train Loss: 0.4814 | Train Acc. 82.6491% | Test Loss: 0.4946 | Test Acc. 82.2142%
AdamP on OSDataset_transformed: T 3/3 | E 13/200 Ended | E Time: 54.552s | ~Time Left: 10201.294s |  Train Loss: 0.4777 | Train Acc. 82.6340% | Test Loss: 0.5083 | Test Acc. 81.5487%
AdamP on OSDataset_transformed: T 3/3 | E 14/200 Ended | E Time: 54.532s | ~Time Left: 10142.879s |  Train Loss: 0.4613 | Train Acc. 83.4052% | Test Loss: 0.4620 | Test Acc. 82.6376%
AdamP on OSDataset_transformed: T 3/3 | E 15/200 Ended | E Time: 54.626s | ~Time Left: 10105.886s |  Train Loss: 0.4582 | Train Acc. 83.5790% | Test Loss: 0.4773 | Test Acc. 83.1216%
AdamP on OSDataset_transformed: T 3/3 | E 16/200 Ended | E Time: 54.656s | ~Time Left: 10056.730s |  Train Loss: 0.4522 | Train Acc. 83.4052% | Test Loss: 0.4461 | Test Acc. 83.6661%
AdamP on OSDataset_transformed: T 3/3 | E 17/200 Ended | E Time: 54.574s | ~Time Left: 9987.048s |  Train Loss: 0.4463 | Train Acc. 83.9419% | Test Loss: 0.4420 | Test Acc. 83.9685%
AdamP on OSDataset_transformed: T 3/3 | E 18/200 Ended | E Time: 54.651s | ~Time Left: 9946.556s |  Train Loss: 0.4386 | Train Acc. 84.3275% | Test Loss: 0.4826 | Test Acc. 81.4277%
AdamP on OSDataset_transformed: T 3/3 | E 19/200 Ended | E Time: 54.720s | ~Time Left: 9904.404s |  Train Loss: 0.4377 | Train Acc. 84.0931% | Test Loss: 0.4092 | Test Acc. 85.3599%
AdamP on OSDataset_transformed: T 3/3 | E 20/200 Ended | E Time: 54.581s | ~Time Left: 9824.521s |  Train Loss: 0.4273 | Train Acc. 84.4258% | Test Loss: 0.4568 | Test Acc. 83.9080%
AdamP on OSDataset_transformed: T 3/3 | E 21/200 Ended | E Time: 54.558s | ~Time Left: 9765.921s |  Train Loss: 0.4247 | Train Acc. 84.3804% | Test Loss: 0.4252 | Test Acc. 85.1180%
AdamP on OSDataset_transformed: T 3/3 | E 22/200 Ended | E Time: 54.529s | ~Time Left: 9706.227s |  Train Loss: 0.4160 | Train Acc. 84.8189% | Test Loss: 0.4207 | Test Acc. 84.9970%
AdamP on OSDataset_transformed: T 3/3 | E 23/200 Ended | E Time: 54.572s | ~Time Left: 9659.285s |  Train Loss: 0.4104 | Train Acc. 85.1743% | Test Loss: 0.4355 | Test Acc. 84.6945%
AdamP on OSDataset_transformed: T 3/3 | E 24/200 Ended | E Time: 54.692s | ~Time Left: 9625.712s |  Train Loss: 0.4070 | Train Acc. 84.9701% | Test Loss: 0.4712 | Test Acc. 83.3636%
AdamP on OSDataset_transformed: T 3/3 | E 25/200 Ended | E Time: 54.610s | ~Time Left: 9556.750s |  Train Loss: 0.3987 | Train Acc. 85.4540% | Test Loss: 0.4101 | Test Acc. 85.7834%
AdamP on OSDataset_transformed: T 3/3 | E 26/200 Ended | E Time: 54.876s | ~Time Left: 9548.449s |  Train Loss: 0.3949 | Train Acc. 85.5145% | Test Loss: 0.4139 | Test Acc. 85.0575%
AdamP on OSDataset_transformed: T 3/3 | E 27/200 Ended | E Time: 54.561s | ~Time Left: 9439.102s |  Train Loss: 0.3961 | Train Acc. 85.5523% | Test Loss: 0.4050 | Test Acc. 85.5414%
AdamP on OSDataset_transformed: T 3/3 | E 28/200 Ended | E Time: 55.305s | ~Time Left: 9512.420s |  Train Loss: 0.3885 | Train Acc. 85.7337% | Test Loss: 0.4212 | Test Acc. 84.8760%
AdamP on OSDataset_transformed: T 3/3 | E 29/200 Ended | E Time: 55.181s | ~Time Left: 9435.961s |  Train Loss: 0.3853 | Train Acc. 86.0588% | Test Loss: 0.3915 | Test Acc. 85.9044%
AdamP on OSDataset_transformed: T 3/3 | E 30/200 Ended | E Time: 54.615s | ~Time Left: 9284.604s |  Train Loss: 0.3848 | Train Acc. 86.0437% | Test Loss: 0.4252 | Test Acc. 84.9970%
AdamP on OSDataset_transformed: T 3/3 | E 31/200 Ended | E Time: 54.627s | ~Time Left: 9231.961s |  Train Loss: 0.3772 | Train Acc. 86.2251% | Test Loss: 0.4178 | Test Acc. 85.6019%
AdamP on OSDataset_transformed: T 3/3 | E 32/200 Ended | E Time: 54.700s | ~Time Left: 9189.606s |  Train Loss: 0.3771 | Train Acc. 86.1269% | Test Loss: 0.4499 | Test Acc. 84.0895%
AdamP on OSDataset_transformed: T 3/3 | E 33/200 Ended | E Time: 54.490s | ~Time Left: 9099.827s |  Train Loss: 0.3664 | Train Acc. 86.5956% | Test Loss: 0.3807 | Test Acc. 86.7514%
AdamP on OSDataset_transformed: T 3/3 | E 34/200 Ended | E Time: 54.703s | ~Time Left: 9080.679s |  Train Loss: 0.3709 | Train Acc. 86.3310% | Test Loss: 0.4032 | Test Acc. 85.5414%
AdamP on OSDataset_transformed: T 3/3 | E 35/200 Ended | E Time: 54.783s | ~Time Left: 9039.253s |  Train Loss: 0.3636 | Train Acc. 87.0492% | Test Loss: 0.4165 | Test Acc. 85.2995%
AdamP on OSDataset_transformed: T 3/3 | E 36/200 Ended | E Time: 54.854s | ~Time Left: 8996.044s |  Train Loss: 0.3615 | Train Acc. 86.8678% | Test Loss: 0.4068 | Test Acc. 86.3279%
slurmstepd: error: *** JOB 7068159 ON cdr2560 CANCELLED AT 2021-07-07T06:46:36 ***
