transferring data
Tue Jul  6 23:24:47 PDT 2021

Finished transferring
Tue Jul  6 23:24:50 PDT 2021

Adas: Argument Parser Options
---------------------------------------------
    config              : PostTrainingConfigs/OSDataset_transformed_testing/AdamP/lr-0.0005-config-AdamP.yaml
    data                : /localscratch/zhan8425.7068142.0        
    output              : ImageNet_post_trained/OSDataset_transformed/AdamP/output/fine_tuning
    checkpoint          : ImageNet_post_trained/OSDataset_transformed/AdamP/checkpoint/fine_tuning/lr-0.0005
    resume              : None                                    
    pretrained_model    : ImageNet                                
    freeze_encoder      : 1                                       
    root                : .                                       
    save_freq           : 200                                     
    cpu                 : 0                                       
    gpu                 : 0                                       
    mpd                 : 0                                       
    dist_url            : tcp://127.0.0.1:23456                   
    dist_backend        : nccl                                    
    world_size          : -1                                      
    rank                : -1                                      
---------------------------------------------
Adas: Output dir ImageNet_post_trained/OSDataset_transformed/AdamP/output/fine_tuning does not exist, building
Adas: Notice: early stop will not be used as it was set to -1.0, training till completion
Adas: Experiment Configuration
---------------------------------------------
    dataset              OSDataset_transformed
    network              ResNet18            
    optimizer            AdamP               
    scheduler            None                
    level                L3Only              
    color_kwargs         {'augmentation': 'Color-Distortion', 'distortion': 0.3}
    degree_of_rotation   45                  
    vertical_flipping    0.5                 
    horizontal_flipping  0.5                 
    horizontal_shift     0.1                 
    vertical_shift       0.1                 
    gaussian_blur        0                   
    kernel_size          9                   
    variance             0.1                 
    cutout               0                   
    n_holes              1                   
    cutout_length        16                  
    init_lr              0.0005              
    early_stop_threshold -1.0                
    optimizer_kwargs     {'weight_decay': 0.0005}
    scheduler_kwargs     {'gamma': 0.5, 'step_size': 20.0}
    p                    1                   
    start_trial          0                   
    n_trials             3                   
    num_workers          4                   
    max_epochs           200                 
    mini_batch_size      32                  
    loss                 cross_entropy       
    early_stop_patience  10                  
---------------------------------------------
Adas: Pytorch device is set to cuda
AdamP on OSDataset_transformed: T 1/3 | E 1/200 Ended | E Time: 55.351s | ~Time Left: 11014.834s |  Train Loss: 0.8340 | Train Acc. 68.8062% | Test Loss: 0.7839 | Test Acc. 70.4174%
AdamP on OSDataset_transformed: T 1/3 | E 2/200 Ended | E Time: 54.351s | ~Time Left: 10761.478s |  Train Loss: 0.7049 | Train Acc. 74.0531% | Test Loss: 0.6464 | Test Acc. 75.9831%
AdamP on OSDataset_transformed: T 1/3 | E 3/200 Ended | E Time: 54.418s | ~Time Left: 10720.411s |  Train Loss: 0.6385 | Train Acc. 76.8957% | Test Loss: 0.6900 | Test Acc. 75.4991%
AdamP on OSDataset_transformed: T 1/3 | E 4/200 Ended | E Time: 54.591s | ~Time Left: 10699.774s |  Train Loss: 0.6119 | Train Acc. 77.6064% | Test Loss: 0.6055 | Test Acc. 76.9510%
AdamP on OSDataset_transformed: T 1/3 | E 5/200 Ended | E Time: 54.442s | ~Time Left: 10616.266s |  Train Loss: 0.5736 | Train Acc. 79.4360% | Test Loss: 0.6256 | Test Acc. 77.9189%
AdamP on OSDataset_transformed: T 1/3 | E 6/200 Ended | E Time: 54.313s | ~Time Left: 10536.647s |  Train Loss: 0.5502 | Train Acc. 80.5247% | Test Loss: 0.5900 | Test Acc. 78.5844%
AdamP on OSDataset_transformed: T 1/3 | E 7/200 Ended | E Time: 54.232s | ~Time Left: 10466.774s |  Train Loss: 0.5390 | Train Acc. 80.4491% | Test Loss: 0.5402 | Test Acc. 80.4598%
AdamP on OSDataset_transformed: T 1/3 | E 8/200 Ended | E Time: 54.236s | ~Time Left: 10413.260s |  Train Loss: 0.5177 | Train Acc. 81.5982% | Test Loss: 0.5423 | Test Acc. 79.3103%
AdamP on OSDataset_transformed: T 1/3 | E 9/200 Ended | E Time: 54.424s | ~Time Left: 10394.902s |  Train Loss: 0.5145 | Train Acc. 81.4470% | Test Loss: 0.5162 | Test Acc. 80.7018%
AdamP on OSDataset_transformed: T 1/3 | E 10/200 Ended | E Time: 54.627s | ~Time Left: 10379.095s |  Train Loss: 0.5056 | Train Acc. 81.8477% | Test Loss: 0.5123 | Test Acc. 82.0327%
AdamP on OSDataset_transformed: T 1/3 | E 11/200 Ended | E Time: 54.492s | ~Time Left: 10298.966s |  Train Loss: 0.4911 | Train Acc. 82.5962% | Test Loss: 0.5134 | Test Acc. 81.1857%
AdamP on OSDataset_transformed: T 1/3 | E 12/200 Ended | E Time: 54.210s | ~Time Left: 10191.538s |  Train Loss: 0.4913 | Train Acc. 82.2560% | Test Loss: 0.4933 | Test Acc. 82.3351%
AdamP on OSDataset_transformed: T 1/3 | E 13/200 Ended | E Time: 54.244s | ~Time Left: 10143.557s |  Train Loss: 0.4699 | Train Acc. 83.1783% | Test Loss: 0.4987 | Test Acc. 81.9117%
AdamP on OSDataset_transformed: T 1/3 | E 14/200 Ended | E Time: 54.426s | ~Time Left: 10123.257s |  Train Loss: 0.4658 | Train Acc. 82.9969% | Test Loss: 0.4473 | Test Acc. 83.9080%
AdamP on OSDataset_transformed: T 1/3 | E 15/200 Ended | E Time: 54.885s | ~Time Left: 10153.733s |  Train Loss: 0.4600 | Train Acc. 83.5639% | Test Loss: 0.4437 | Test Acc. 84.3920%
AdamP on OSDataset_transformed: T 1/3 | E 16/200 Ended | E Time: 54.776s | ~Time Left: 10078.853s |  Train Loss: 0.4550 | Train Acc. 83.8663% | Test Loss: 0.5138 | Test Acc. 81.5487%
AdamP on OSDataset_transformed: T 1/3 | E 17/200 Ended | E Time: 54.554s | ~Time Left: 9983.390s |  Train Loss: 0.4547 | Train Acc. 83.4430% | Test Loss: 0.4401 | Test Acc. 83.7266%
AdamP on OSDataset_transformed: T 1/3 | E 18/200 Ended | E Time: 54.675s | ~Time Left: 9950.859s |  Train Loss: 0.4496 | Train Acc. 83.7983% | Test Loss: 0.5322 | Test Acc. 80.8832%
AdamP on OSDataset_transformed: T 1/3 | E 19/200 Ended | E Time: 54.284s | ~Time Left: 9825.422s |  Train Loss: 0.4427 | Train Acc. 83.8059% | Test Loss: 0.4922 | Test Acc. 81.9722%
AdamP on OSDataset_transformed: T 1/3 | E 20/200 Ended | E Time: 54.576s | ~Time Left: 9823.673s |  Train Loss: 0.4487 | Train Acc. 83.8588% | Test Loss: 0.4280 | Test Acc. 84.0290%
AdamP on OSDataset_transformed: T 1/3 | E 21/200 Ended | E Time: 54.519s | ~Time Left: 9758.990s |  Train Loss: 0.4295 | Train Acc. 84.2746% | Test Loss: 0.4269 | Test Acc. 84.6340%
AdamP on OSDataset_transformed: T 1/3 | E 22/200 Ended | E Time: 54.630s | ~Time Left: 9724.154s |  Train Loss: 0.4255 | Train Acc. 84.8718% | Test Loss: 0.4280 | Test Acc. 84.5735%
AdamP on OSDataset_transformed: T 1/3 | E 23/200 Ended | E Time: 54.519s | ~Time Left: 9649.879s |  Train Loss: 0.4240 | Train Acc. 84.5316% | Test Loss: 0.4379 | Test Acc. 84.1500%
AdamP on OSDataset_transformed: T 1/3 | E 24/200 Ended | E Time: 54.634s | ~Time Left: 9615.507s |  Train Loss: 0.4225 | Train Acc. 85.0155% | Test Loss: 0.4611 | Test Acc. 83.6056%
AdamP on OSDataset_transformed: T 1/3 | E 25/200 Ended | E Time: 54.654s | ~Time Left: 9564.462s |  Train Loss: 0.4183 | Train Acc. 84.7811% | Test Loss: 0.4242 | Test Acc. 84.3920%
AdamP on OSDataset_transformed: T 1/3 | E 26/200 Ended | E Time: 54.425s | ~Time Left: 9469.886s |  Train Loss: 0.4116 | Train Acc. 85.1365% | Test Loss: 0.4151 | Test Acc. 85.6019%
AdamP on OSDataset_transformed: T 1/3 | E 27/200 Ended | E Time: 54.408s | ~Time Left: 9412.510s |  Train Loss: 0.4128 | Train Acc. 84.9097% | Test Loss: 0.4392 | Test Acc. 84.0895%
AdamP on OSDataset_transformed: T 1/3 | E 28/200 Ended | E Time: 54.323s | ~Time Left: 9343.603s |  Train Loss: 0.4073 | Train Acc. 85.2121% | Test Loss: 0.4426 | Test Acc. 84.3315%
AdamP on OSDataset_transformed: T 1/3 | E 29/200 Ended | E Time: 54.466s | ~Time Left: 9313.626s |  Train Loss: 0.4046 | Train Acc. 85.5372% | Test Loss: 0.4539 | Test Acc. 84.5130%
AdamP on OSDataset_transformed: T 1/3 | E 30/200 Ended | E Time: 55.177s | ~Time Left: 9380.042s |  Train Loss: 0.4043 | Train Acc. 85.2952% | Test Loss: 0.4163 | Test Acc. 85.8439%
AdamP on OSDataset_transformed: T 1/3 | E 31/200 Ended | E Time: 54.515s | ~Time Left: 9212.961s |  Train Loss: 0.3987 | Train Acc. 85.6052% | Test Loss: 0.4348 | Test Acc. 83.7266%
AdamP on OSDataset_transformed: T 1/3 | E 32/200 Ended | E Time: 54.406s | ~Time Left: 9140.141s |  Train Loss: 0.3953 | Train Acc. 85.2121% | Test Loss: 0.4876 | Test Acc. 83.1216%
AdamP on OSDataset_transformed: T 1/3 | E 33/200 Ended | E Time: 54.533s | ~Time Left: 9107.051s |  Train Loss: 0.3894 | Train Acc. 85.7942% | Test Loss: 0.4153 | Test Acc. 84.8760%
AdamP on OSDataset_transformed: T 1/3 | E 34/200 Ended | E Time: 54.516s | ~Time Left: 9049.639s |  Train Loss: 0.3918 | Train Acc. 85.6884% | Test Loss: 0.4687 | Test Acc. 82.6376%
AdamP on OSDataset_transformed: T 1/3 | E 35/200 Ended | E Time: 54.391s | ~Time Left: 8974.533s |  Train Loss: 0.3875 | Train Acc. 86.0739% | Test Loss: 0.3977 | Test Acc. 86.3884%
AdamP on OSDataset_transformed: T 1/3 | E 36/200 Ended | E Time: 54.472s | ~Time Left: 8933.463s |  Train Loss: 0.3807 | Train Acc. 86.1269% | Test Loss: 0.4696 | Test Acc. 83.2426%
AdamP on OSDataset_transformed: T 1/3 | E 37/200 Ended | E Time: 54.530s | ~Time Left: 8888.449s |  Train Loss: 0.3825 | Train Acc. 86.2554% | Test Loss: 0.4498 | Test Acc. 82.8796%
AdamP on OSDataset_transformed: T 1/3 | E 38/200 Ended | E Time: 54.591s | ~Time Left: 8843.745s |  Train Loss: 0.3801 | Train Acc. 86.2781% | Test Loss: 0.5139 | Test Acc. 81.9722%
AdamP on OSDataset_transformed: T 1/3 | E 39/200 Ended | E Time: 54.368s | ~Time Left: 8753.169s |  Train Loss: 0.3777 | Train Acc. 86.3310% | Test Loss: 0.4254 | Test Acc. 85.0575%
AdamP on OSDataset_transformed: T 1/3 | E 40/200 Ended | E Time: 54.755s | ~Time Left: 8760.861s |  Train Loss: 0.3754 | Train Acc. 86.2932% | Test Loss: 0.4310 | Test Acc. 84.5130%
AdamP on OSDataset_transformed: T 1/3 | E 41/200 Ended | E Time: 54.529s | ~Time Left: 8670.174s |  Train Loss: 0.3697 | Train Acc. 86.5654% | Test Loss: 0.3981 | Test Acc. 86.6909%
AdamP on OSDataset_transformed: T 1/3 | E 42/200 Ended | E Time: 54.511s | ~Time Left: 8612.771s |  Train Loss: 0.3659 | Train Acc. 86.7392% | Test Loss: 0.4421 | Test Acc. 84.7550%
AdamP on OSDataset_transformed: T 1/3 | E 43/200 Ended | E Time: 54.517s | ~Time Left: 8559.222s |  Train Loss: 0.3707 | Train Acc. 86.6636% | Test Loss: 0.4649 | Test Acc. 83.9080%
AdamP on OSDataset_transformed: T 1/3 | E 44/200 Ended | E Time: 54.430s | ~Time Left: 8491.137s |  Train Loss: 0.3641 | Train Acc. 86.7090% | Test Loss: 0.5011 | Test Acc. 83.8475%
AdamP on OSDataset_transformed: T 1/3 | E 45/200 Ended | E Time: 54.980s | ~Time Left: 8521.852s |  Train Loss: 0.3643 | Train Acc. 86.7695% | Test Loss: 0.4577 | Test Acc. 84.4525%
AdamP on OSDataset_transformed: T 1/3 | E 46/200 Ended | E Time: 54.613s | ~Time Left: 8410.459s |  Train Loss: 0.3679 | Train Acc. 86.7014% | Test Loss: 0.4672 | Test Acc. 83.1821%
AdamP on OSDataset_transformed: T 1/3 | E 47/200 Ended | E Time: 54.489s | ~Time Left: 8336.750s |  Train Loss: 0.3679 | Train Acc. 86.7997% | Test Loss: 0.4172 | Test Acc. 86.0859%
AdamP on OSDataset_transformed: T 1/3 | E 48/200 Ended | E Time: 54.573s | ~Time Left: 8295.097s |  Train Loss: 0.3561 | Train Acc. 86.9056% | Test Loss: 0.3828 | Test Acc. 86.3884%
AdamP on OSDataset_transformed: T 1/3 | E 49/200 Ended | E Time: 54.712s | ~Time Left: 8261.543s |  Train Loss: 0.3581 | Train Acc. 87.0039% | Test Loss: 0.4252 | Test Acc. 84.6340%
AdamP on OSDataset_transformed: T 1/3 | E 50/200 Ended | E Time: 54.630s | ~Time Left: 8194.553s |  Train Loss: 0.3595 | Train Acc. 86.7468% | Test Loss: 0.3852 | Test Acc. 86.3884%
AdamP on OSDataset_transformed: T 1/3 | E 51/200 Ended | E Time: 54.513s | ~Time Left: 8122.439s |  Train Loss: 0.3555 | Train Acc. 86.8224% | Test Loss: 0.3848 | Test Acc. 86.6909%
AdamP on OSDataset_transformed: T 1/3 | E 52/200 Ended | E Time: 54.496s | ~Time Left: 8065.473s |  Train Loss: 0.3537 | Train Acc. 87.2987% | Test Loss: 0.4413 | Test Acc. 83.8475%
AdamP on OSDataset_transformed: T 1/3 | E 53/200 Ended | E Time: 54.435s | ~Time Left: 8002.007s |  Train Loss: 0.3492 | Train Acc. 87.4197% | Test Loss: 0.4017 | Test Acc. 85.4809%
AdamP on OSDataset_transformed: T 1/3 | E 54/200 Ended | E Time: 54.490s | ~Time Left: 7955.518s |  Train Loss: 0.3494 | Train Acc. 86.9131% | Test Loss: 0.4073 | Test Acc. 84.7550%
AdamP on OSDataset_transformed: T 1/3 | E 55/200 Ended | E Time: 54.514s | ~Time Left: 7904.509s |  Train Loss: 0.3491 | Train Acc. 87.4877% | Test Loss: 0.4707 | Test Acc. 83.2426%
AdamP on OSDataset_transformed: T 1/3 | E 56/200 Ended | E Time: 54.257s | ~Time Left: 7812.945s |  Train Loss: 0.3431 | Train Acc. 87.2155% | Test Loss: 0.4067 | Test Acc. 86.2069%
AdamP on OSDataset_transformed: T 1/3 | E 57/200 Ended | E Time: 54.437s | ~Time Left: 7784.521s |  Train Loss: 0.3461 | Train Acc. 86.9661% | Test Loss: 0.3688 | Test Acc. 86.6909%
AdamP on OSDataset_transformed: T 1/3 | E 58/200 Ended | E Time: 54.683s | ~Time Left: 7765.053s |  Train Loss: 0.3454 | Train Acc. 87.3970% | Test Loss: 0.4482 | Test Acc. 84.5735%
AdamP on OSDataset_transformed: T 1/3 | E 59/200 Ended | E Time: 54.593s | ~Time Left: 7697.681s |  Train Loss: 0.3404 | Train Acc. 87.5633% | Test Loss: 0.3663 | Test Acc. 87.5378%
AdamP on OSDataset_transformed: T 1/3 | E 60/200 Ended | E Time: 54.679s | ~Time Left: 7655.080s |  Train Loss: 0.3331 | Train Acc. 88.0547% | Test Loss: 0.4279 | Test Acc. 85.0575%
AdamP on OSDataset_transformed: T 1/3 | E 61/200 Ended | E Time: 54.666s | ~Time Left: 7598.631s |  Train Loss: 0.3425 | Train Acc. 87.4045% | Test Loss: 0.3701 | Test Acc. 87.1143%
AdamP on OSDataset_transformed: T 1/3 | E 62/200 Ended | E Time: 54.666s | ~Time Left: 7543.950s |  Train Loss: 0.3395 | Train Acc. 87.7296% | Test Loss: 0.3974 | Test Acc. 86.0254%
AdamP on OSDataset_transformed: T 1/3 | E 63/200 Ended | E Time: 54.701s | ~Time Left: 7493.996s |  Train Loss: 0.3408 | Train Acc. 87.5331% | Test Loss: 0.4305 | Test Acc. 84.8155%
AdamP on OSDataset_transformed: T 1/3 | E 64/200 Ended | E Time: 54.398s | ~Time Left: 7398.159s |  Train Loss: 0.3332 | Train Acc. 87.9565% | Test Loss: 0.3626 | Test Acc. 87.1748%
AdamP on OSDataset_transformed: T 1/3 | E 65/200 Ended | E Time: 54.508s | ~Time Left: 7358.590s |  Train Loss: 0.3385 | Train Acc. 87.6692% | Test Loss: 0.3907 | Test Acc. 86.8119%
AdamP on OSDataset_transformed: T 1/3 | E 66/200 Ended | E Time: 54.245s | ~Time Left: 7268.847s |  Train Loss: 0.3311 | Train Acc. 87.8582% | Test Loss: 0.3805 | Test Acc. 86.9933%
AdamP on OSDataset_transformed: T 1/3 | E 67/200 Ended | E Time: 54.463s | ~Time Left: 7243.629s |  Train Loss: 0.3320 | Train Acc. 88.0623% | Test Loss: 0.3480 | Test Acc. 88.3243%
AdamP on OSDataset_transformed: T 1/3 | E 68/200 Ended | E Time: 55.187s | ~Time Left: 7284.654s |  Train Loss: 0.3293 | Train Acc. 88.1681% | Test Loss: 0.3686 | Test Acc. 86.9933%
AdamP on OSDataset_transformed: T 1/3 | E 69/200 Ended | E Time: 54.439s | ~Time Left: 7131.572s |  Train Loss: 0.3282 | Train Acc. 87.9489% | Test Loss: 0.4057 | Test Acc. 86.0254%
AdamP on OSDataset_transformed: T 1/3 | E 70/200 Ended | E Time: 54.458s | ~Time Left: 7079.512s |  Train Loss: 0.3241 | Train Acc. 88.4857% | Test Loss: 0.3715 | Test Acc. 86.5699%
AdamP on OSDataset_transformed: T 1/3 | E 71/200 Ended | E Time: 54.550s | ~Time Left: 7037.006s |  Train Loss: 0.3255 | Train Acc. 88.0472% | Test Loss: 0.4007 | Test Acc. 86.0254%
AdamP on OSDataset_transformed: T 1/3 | E 72/200 Ended | E Time: 54.678s | ~Time Left: 6998.753s |  Train Loss: 0.3240 | Train Acc. 88.1530% | Test Loss: 0.3613 | Test Acc. 87.3563%
AdamP on OSDataset_transformed: T 1/3 | E 73/200 Ended | E Time: 54.418s | ~Time Left: 6911.055s |  Train Loss: 0.3226 | Train Acc. 88.3193% | Test Loss: 0.3461 | Test Acc. 88.0823%
AdamP on OSDataset_transformed: T 1/3 | E 74/200 Ended | E Time: 54.476s | ~Time Left: 6864.001s |  Train Loss: 0.3220 | Train Acc. 88.1001% | Test Loss: 0.4600 | Test Acc. 82.3351%
AdamP on OSDataset_transformed: T 1/3 | E 75/200 Ended | E Time: 54.415s | ~Time Left: 6801.868s |  Train Loss: 0.3187 | Train Acc. 88.6293% | Test Loss: 0.3670 | Test Acc. 87.1748%
AdamP on OSDataset_transformed: T 1/3 | E 76/200 Ended | E Time: 54.560s | ~Time Left: 6765.431s |  Train Loss: 0.3213 | Train Acc. 88.1606% | Test Loss: 0.3774 | Test Acc. 86.9933%
AdamP on OSDataset_transformed: T 1/3 | E 77/200 Ended | E Time: 54.550s | ~Time Left: 6709.708s |  Train Loss: 0.3197 | Train Acc. 88.2135% | Test Loss: 0.4558 | Test Acc. 83.3031%
AdamP on OSDataset_transformed: T 1/3 | E 78/200 Ended | E Time: 54.378s | ~Time Left: 6634.131s |  Train Loss: 0.3209 | Train Acc. 88.1984% | Test Loss: 0.3594 | Test Acc. 87.3563%
AdamP on OSDataset_transformed: T 1/3 | E 79/200 Ended | E Time: 54.493s | ~Time Left: 6593.612s |  Train Loss: 0.3182 | Train Acc. 88.5235% | Test Loss: 0.4004 | Test Acc. 85.4809%
AdamP on OSDataset_transformed: T 1/3 | E 80/200 Ended | E Time: 54.686s | ~Time Left: 6562.280s |  Train Loss: 0.3121 | Train Acc. 88.6596% | Test Loss: 0.3691 | Test Acc. 85.8439%
AdamP on OSDataset_transformed: T 1/3 | E 81/200 Ended | E Time: 54.597s | ~Time Left: 6497.075s |  Train Loss: 0.3138 | Train Acc. 88.6369% | Test Loss: 0.3757 | Test Acc. 86.6909%
AdamP on OSDataset_transformed: T 1/3 | E 82/200 Ended | E Time: 54.453s | ~Time Left: 6425.456s |  Train Loss: 0.3166 | Train Acc. 88.4554% | Test Loss: 0.3639 | Test Acc. 86.9328%
AdamP on OSDataset_transformed: T 1/3 | E 83/200 Ended | E Time: 54.615s | ~Time Left: 6390.014s |  Train Loss: 0.3170 | Train Acc. 88.7503% | Test Loss: 0.3366 | Test Acc. 88.2033%
AdamP on OSDataset_transformed: T 1/3 | E 84/200 Ended | E Time: 54.298s | ~Time Left: 6298.571s |  Train Loss: 0.3096 | Train Acc. 88.5991% | Test Loss: 0.3336 | Test Acc. 88.7477%
AdamP on OSDataset_transformed: T 1/3 | E 85/200 Ended | E Time: 54.534s | ~Time Left: 6271.371s |  Train Loss: 0.3115 | Train Acc. 88.3193% | Test Loss: 0.3341 | Test Acc. 87.7798%
AdamP on OSDataset_transformed: T 1/3 | E 86/200 Ended | E Time: 54.596s | ~Time Left: 6223.941s |  Train Loss: 0.3026 | Train Acc. 88.9620% | Test Loss: 0.3373 | Test Acc. 87.7798%
AdamP on OSDataset_transformed: T 1/3 | E 87/200 Ended | E Time: 54.564s | ~Time Left: 6165.689s |  Train Loss: 0.3069 | Train Acc. 88.9317% | Test Loss: 0.3264 | Test Acc. 88.7477%
AdamP on OSDataset_transformed: T 1/3 | E 88/200 Ended | E Time: 54.553s | ~Time Left: 6109.973s |  Train Loss: 0.3069 | Train Acc. 88.8183% | Test Loss: 0.3550 | Test Acc. 87.7798%
AdamP on OSDataset_transformed: T 1/3 | E 89/200 Ended | E Time: 54.399s | ~Time Left: 6038.236s |  Train Loss: 0.2930 | Train Acc. 89.1510% | Test Loss: 0.4183 | Test Acc. 86.1464%
AdamP on OSDataset_transformed: T 1/3 | E 90/200 Ended | E Time: 54.356s | ~Time Left: 5979.198s |  Train Loss: 0.3080 | Train Acc. 88.8410% | Test Loss: 0.3468 | Test Acc. 88.3848%
AdamP on OSDataset_transformed: T 1/3 | E 91/200 Ended | E Time: 54.429s | ~Time Left: 5932.813s |  Train Loss: 0.3039 | Train Acc. 88.8108% | Test Loss: 0.3605 | Test Acc. 87.2958%
AdamP on OSDataset_transformed: T 1/3 | E 92/200 Ended | E Time: 54.449s | ~Time Left: 5880.540s |  Train Loss: 0.2983 | Train Acc. 88.9695% | Test Loss: 0.3792 | Test Acc. 87.0538%
AdamP on OSDataset_transformed: T 1/3 | E 93/200 Ended | E Time: 54.193s | ~Time Left: 5798.627s |  Train Loss: 0.3022 | Train Acc. 88.9015% | Test Loss: 0.4029 | Test Acc. 87.1143%
AdamP on OSDataset_transformed: T 1/3 | E 94/200 Ended | E Time: 54.165s | ~Time Left: 5741.540s |  Train Loss: 0.2983 | Train Acc. 88.8486% | Test Loss: 0.3976 | Test Acc. 86.3884%
AdamP on OSDataset_transformed: T 1/3 | E 95/200 Ended | E Time: 54.278s | ~Time Left: 5699.177s |  Train Loss: 0.3066 | Train Acc. 88.7352% | Test Loss: 0.3728 | Test Acc. 87.7798%
AdamP on OSDataset_transformed: T 1/3 | E 96/200 Ended | E Time: 54.600s | ~Time Left: 5678.404s |  Train Loss: 0.2986 | Train Acc. 88.7881% | Test Loss: 0.3714 | Test Acc. 87.5378%
AdamP on OSDataset_transformed: T 1/3 | E 97/200 Ended | E Time: 54.639s | ~Time Left: 5627.838s |  Train Loss: 0.3017 | Train Acc. 88.9771% | Test Loss: 0.3398 | Test Acc. 88.2638%
AdamP on OSDataset_transformed: T 1/3 | E 98/200 Ended | E Time: 54.480s | ~Time Left: 5557.010s |  Train Loss: 0.2963 | Train Acc. 88.9242% | Test Loss: 0.3328 | Test Acc. 88.5057%
AdamP on OSDataset_transformed: T 1/3 | E 99/200 Ended | E Time: 54.633s | ~Time Left: 5517.891s |  Train Loss: 0.2918 | Train Acc. 89.2190% | Test Loss: 0.3807 | Test Acc. 87.4773%
AdamP on OSDataset_transformed: T 1/3 | E 100/200 Ended | E Time: 54.674s | ~Time Left: 5467.353s |  Train Loss: 0.2976 | Train Acc. 88.9620% | Test Loss: 0.3417 | Test Acc. 87.9613%
AdamP on OSDataset_transformed: T 1/3 | E 101/200 Ended | E Time: 54.321s | ~Time Left: 5377.760s |  Train Loss: 0.2924 | Train Acc. 89.0451% | Test Loss: 0.3680 | Test Acc. 86.6304%
AdamP on OSDataset_transformed: T 1/3 | E 102/200 Ended | E Time: 54.445s | ~Time Left: 5335.641s |  Train Loss: 0.2908 | Train Acc. 89.1434% | Test Loss: 0.3974 | Test Acc. 86.2674%
AdamP on OSDataset_transformed: T 1/3 | E 103/200 Ended | E Time: 54.542s | ~Time Left: 5290.582s |  Train Loss: 0.2908 | Train Acc. 89.3702% | Test Loss: 0.3667 | Test Acc. 87.3563%
AdamP on OSDataset_transformed: T 1/3 | E 104/200 Ended | E Time: 54.340s | ~Time Left: 5216.660s |  Train Loss: 0.2852 | Train Acc. 89.3929% | Test Loss: 0.4405 | Test Acc. 84.7550%
AdamP on OSDataset_transformed: T 1/3 | E 105/200 Ended | E Time: 54.455s | ~Time Left: 5173.259s |  Train Loss: 0.2987 | Train Acc. 88.9166% | Test Loss: 0.3549 | Test Acc. 87.2353%
AdamP on OSDataset_transformed: T 1/3 | E 106/200 Ended | E Time: 54.303s | ~Time Left: 5104.476s |  Train Loss: 0.2874 | Train Acc. 89.6878% | Test Loss: 0.3493 | Test Acc. 88.0823%
AdamP on OSDataset_transformed: T 1/3 | E 107/200 Ended | E Time: 54.430s | ~Time Left: 5061.993s |  Train Loss: 0.2879 | Train Acc. 89.1812% | Test Loss: 0.3710 | Test Acc. 86.2674%
AdamP on OSDataset_transformed: T 1/3 | E 108/200 Ended | E Time: 54.655s | ~Time Left: 5028.231s |  Train Loss: 0.2818 | Train Acc. 89.5063% | Test Loss: 0.3543 | Test Acc. 87.6588%
AdamP on OSDataset_transformed: T 1/3 | E 109/200 Ended | E Time: 54.394s | ~Time Left: 4949.882s |  Train Loss: 0.2850 | Train Acc. 89.7029% | Test Loss: 0.3496 | Test Acc. 88.2033%
AdamP on OSDataset_transformed: T 1/3 | E 110/200 Ended | E Time: 54.569s | ~Time Left: 4911.167s |  Train Loss: 0.2887 | Train Acc. 89.1963% | Test Loss: 0.3696 | Test Acc. 87.9613%
AdamP on OSDataset_transformed: T 1/3 | E 111/200 Ended | E Time: 54.411s | ~Time Left: 4842.570s |  Train Loss: 0.2854 | Train Acc. 89.4458% | Test Loss: 0.3425 | Test Acc. 87.7193%
AdamP on OSDataset_transformed: T 1/3 | E 112/200 Ended | E Time: 54.477s | ~Time Left: 4793.945s |  Train Loss: 0.2837 | Train Acc. 89.5290% | Test Loss: 0.4201 | Test Acc. 85.1785%
AdamP on OSDataset_transformed: T 1/3 | E 113/200 Ended | E Time: 54.364s | ~Time Left: 4729.670s |  Train Loss: 0.2869 | Train Acc. 89.4987% | Test Loss: 0.3363 | Test Acc. 87.7193%
AdamP on OSDataset_transformed: T 1/3 | E 114/200 Ended | E Time: 54.632s | ~Time Left: 4698.345s |  Train Loss: 0.2785 | Train Acc. 89.4383% | Test Loss: 0.3405 | Test Acc. 88.5662%
AdamP on OSDataset_transformed: T 1/3 | E 115/200 Ended | E Time: 54.547s | ~Time Left: 4636.469s |  Train Loss: 0.2866 | Train Acc. 89.4534% | Test Loss: 0.3622 | Test Acc. 87.0538%
AdamP on OSDataset_transformed: T 1/3 | E 116/200 Ended | E Time: 54.441s | ~Time Left: 4573.075s |  Train Loss: 0.2753 | Train Acc. 89.8994% | Test Loss: 0.3361 | Test Acc. 88.2638%
AdamP on OSDataset_transformed: T 1/3 | E 117/200 Ended | E Time: 54.530s | ~Time Left: 4526.015s |  Train Loss: 0.2767 | Train Acc. 89.7482% | Test Loss: 0.3410 | Test Acc. 89.2922%
AdamP on OSDataset_transformed: T 1/3 | E 118/200 Ended | E Time: 54.347s | ~Time Left: 4456.467s |  Train Loss: 0.2824 | Train Acc. 89.5592% | Test Loss: 0.3432 | Test Acc. 88.6267%
AdamP on OSDataset_transformed: T 1/3 | E 119/200 Ended | E Time: 54.491s | ~Time Left: 4413.782s |  Train Loss: 0.2717 | Train Acc. 90.2019% | Test Loss: 0.4081 | Test Acc. 85.8439%
AdamP on OSDataset_transformed: T 1/3 | E 120/200 Ended | E Time: 54.507s | ~Time Left: 4360.537s |  Train Loss: 0.2782 | Train Acc. 89.4987% | Test Loss: 0.3729 | Test Acc. 87.8403%
AdamP on OSDataset_transformed: T 1/3 | E 121/200 Ended | E Time: 54.303s | ~Time Left: 4289.946s |  Train Loss: 0.2766 | Train Acc. 89.9599% | Test Loss: 0.3360 | Test Acc. 88.0823%
AdamP on OSDataset_transformed: T 1/3 | E 122/200 Ended | E Time: 54.181s | ~Time Left: 4226.104s |  Train Loss: 0.2759 | Train Acc. 89.8314% | Test Loss: 0.3615 | Test Acc. 86.4489%
AdamP on OSDataset_transformed: T 1/3 | E 123/200 Ended | E Time: 54.465s | ~Time Left: 4193.822s |  Train Loss: 0.2684 | Train Acc. 90.3379% | Test Loss: 0.3664 | Test Acc. 87.7798%
AdamP on OSDataset_transformed: T 1/3 | E 124/200 Ended | E Time: 54.289s | ~Time Left: 4125.979s |  Train Loss: 0.2711 | Train Acc. 90.0431% | Test Loss: 0.3181 | Test Acc. 88.4453%
AdamP on OSDataset_transformed: T 1/3 | E 125/200 Ended | E Time: 54.493s | ~Time Left: 4086.976s |  Train Loss: 0.2694 | Train Acc. 89.9751% | Test Loss: 0.3710 | Test Acc. 86.8119%
AdamP on OSDataset_transformed: T 1/3 | E 126/200 Ended | E Time: 54.581s | ~Time Left: 4038.964s |  Train Loss: 0.2713 | Train Acc. 90.1641% | Test Loss: 0.3377 | Test Acc. 87.4773%
AdamP on OSDataset_transformed: T 1/3 | E 127/200 Ended | E Time: 54.332s | ~Time Left: 3966.258s |  Train Loss: 0.2698 | Train Acc. 89.7860% | Test Loss: 0.3883 | Test Acc. 86.2069%
AdamP on OSDataset_transformed: T 1/3 | E 128/200 Ended | E Time: 54.516s | ~Time Left: 3925.179s |  Train Loss: 0.2749 | Train Acc. 89.6273% | Test Loss: 0.3686 | Test Acc. 87.8403%
AdamP on OSDataset_transformed: T 1/3 | E 129/200 Ended | E Time: 54.389s | ~Time Left: 3861.634s |  Train Loss: 0.2697 | Train Acc. 90.1867% | Test Loss: 0.3992 | Test Acc. 86.2069%
AdamP on OSDataset_transformed: T 1/3 | E 130/200 Ended | E Time: 54.192s | ~Time Left: 3793.452s |  Train Loss: 0.2671 | Train Acc. 90.2019% | Test Loss: 0.3270 | Test Acc. 89.1712%
AdamP on OSDataset_transformed: T 1/3 | E 131/200 Ended | E Time: 54.720s | ~Time Left: 3775.653s |  Train Loss: 0.2670 | Train Acc. 89.9070% | Test Loss: 0.3073 | Test Acc. 88.5662%
AdamP on OSDataset_transformed: T 1/3 | E 132/200 Ended | E Time: 54.349s | ~Time Left: 3695.704s |  Train Loss: 0.2644 | Train Acc. 90.2019% | Test Loss: 0.3583 | Test Acc. 88.3848%
AdamP on OSDataset_transformed: T 1/3 | E 133/200 Ended | E Time: 54.852s | ~Time Left: 3675.112s |  Train Loss: 0.2654 | Train Acc. 89.8843% | Test Loss: 0.3428 | Test Acc. 87.4168%
AdamP on OSDataset_transformed: T 1/3 | E 134/200 Ended | E Time: 54.362s | ~Time Left: 3587.912s |  Train Loss: 0.2590 | Train Acc. 90.4136% | Test Loss: 0.3532 | Test Acc. 87.5983%
AdamP on OSDataset_transformed: T 1/3 | E 135/200 Ended | E Time: 54.631s | ~Time Left: 3551.007s |  Train Loss: 0.2663 | Train Acc. 89.9146% | Test Loss: 0.3362 | Test Acc. 88.4453%
AdamP on OSDataset_transformed: T 1/3 | E 136/200 Ended | E Time: 54.489s | ~Time Left: 3487.286s |  Train Loss: 0.2669 | Train Acc. 89.9977% | Test Loss: 0.3541 | Test Acc. 88.2638%
AdamP on OSDataset_transformed: T 1/3 | E 137/200 Ended | E Time: 54.396s | ~Time Left: 3426.972s |  Train Loss: 0.2628 | Train Acc. 90.0280% | Test Loss: 0.3424 | Test Acc. 88.2033%
AdamP on OSDataset_transformed: T 1/3 | E 138/200 Ended | E Time: 54.244s | ~Time Left: 3363.101s |  Train Loss: 0.2603 | Train Acc. 90.3379% | Test Loss: 0.3151 | Test Acc. 88.7477%
AdamP on OSDataset_transformed: T 1/3 | E 139/200 Ended | E Time: 54.247s | ~Time Left: 3309.085s |  Train Loss: 0.2610 | Train Acc. 90.3984% | Test Loss: 0.3195 | Test Acc. 89.5342%
AdamP on OSDataset_transformed: T 1/3 | E 140/200 Ended | E Time: 54.314s | ~Time Left: 3258.837s |  Train Loss: 0.2590 | Train Acc. 90.1263% | Test Loss: 0.3277 | Test Acc. 88.2033%
AdamP on OSDataset_transformed: T 1/3 | E 141/200 Ended | E Time: 54.100s | ~Time Left: 3191.904s |  Train Loss: 0.2570 | Train Acc. 90.4967% | Test Loss: 0.3990 | Test Acc. 86.5094%
AdamP on OSDataset_transformed: T 1/3 | E 142/200 Ended | E Time: 54.337s | ~Time Left: 3151.518s |  Train Loss: 0.2637 | Train Acc. 90.3153% | Test Loss: 0.3124 | Test Acc. 90.0786%
AdamP on OSDataset_transformed: T 1/3 | E 143/200 Ended | E Time: 54.382s | ~Time Left: 3099.749s |  Train Loss: 0.2463 | Train Acc. 90.8218% | Test Loss: 0.3312 | Test Acc. 89.4737%
AdamP on OSDataset_transformed: T 1/3 | E 144/200 Ended | E Time: 54.584s | ~Time Left: 3056.695s |  Train Loss: 0.2599 | Train Acc. 90.1489% | Test Loss: 0.3215 | Test Acc. 88.9292%
AdamP on OSDataset_transformed: T 1/3 | E 145/200 Ended | E Time: 54.539s | ~Time Left: 2999.629s |  Train Loss: 0.2543 | Train Acc. 90.4740% | Test Loss: 0.4168 | Test Acc. 85.6624%
AdamP on OSDataset_transformed: T 1/3 | E 146/200 Ended | E Time: 54.661s | ~Time Left: 2951.720s |  Train Loss: 0.2600 | Train Acc. 90.3606% | Test Loss: 0.3738 | Test Acc. 85.7834%
AdamP on OSDataset_transformed: T 1/3 | E 147/200 Ended | E Time: 54.427s | ~Time Left: 2884.650s |  Train Loss: 0.2526 | Train Acc. 90.3077% | Test Loss: 0.3183 | Test Acc. 89.1712%
AdamP on OSDataset_transformed: T 1/3 | E 148/200 Ended | E Time: 54.279s | ~Time Left: 2822.516s |  Train Loss: 0.2508 | Train Acc. 90.6404% | Test Loss: 0.3161 | Test Acc. 88.9292%
AdamP on OSDataset_transformed: T 1/3 | E 149/200 Ended | E Time: 54.535s | ~Time Left: 2781.301s |  Train Loss: 0.2455 | Train Acc. 90.6630% | Test Loss: 0.3617 | Test Acc. 88.0823%
AdamP on OSDataset_transformed: T 1/3 | E 150/200 Ended | E Time: 54.556s | ~Time Left: 2727.800s |  Train Loss: 0.2576 | Train Acc. 90.4287% | Test Loss: 0.3343 | Test Acc. 88.3848%
AdamP on OSDataset_transformed: T 1/3 | E 151/200 Ended | E Time: 54.431s | ~Time Left: 2667.110s |  Train Loss: 0.2498 | Train Acc. 90.6026% | Test Loss: 0.3010 | Test Acc. 89.7157%
AdamP on OSDataset_transformed: T 1/3 | E 152/200 Ended | E Time: 54.440s | ~Time Left: 2613.103s |  Train Loss: 0.2505 | Train Acc. 90.5043% | Test Loss: 0.3684 | Test Acc. 87.0538%
AdamP on OSDataset_transformed: T 1/3 | E 153/200 Ended | E Time: 54.526s | ~Time Left: 2562.701s |  Train Loss: 0.2518 | Train Acc. 90.5270% | Test Loss: 0.3877 | Test Acc. 87.4168%
AdamP on OSDataset_transformed: T 1/3 | E 154/200 Ended | E Time: 54.542s | ~Time Left: 2508.938s |  Train Loss: 0.2460 | Train Acc. 90.7613% | Test Loss: 0.3448 | Test Acc. 88.2033%
AdamP on OSDataset_transformed: T 1/3 | E 155/200 Ended | E Time: 54.449s | ~Time Left: 2450.184s |  Train Loss: 0.2529 | Train Acc. 90.5950% | Test Loss: 0.3773 | Test Acc. 86.5094%
AdamP on OSDataset_transformed: T 1/3 | E 156/200 Ended | E Time: 54.532s | ~Time Left: 2399.422s |  Train Loss: 0.2487 | Train Acc. 90.7916% | Test Loss: 0.3775 | Test Acc. 87.7193%
AdamP on OSDataset_transformed: T 1/3 | E 157/200 Ended | E Time: 54.271s | ~Time Left: 2333.636s |  Train Loss: 0.2514 | Train Acc. 90.2094% | Test Loss: 0.3518 | Test Acc. 87.5983%
AdamP on OSDataset_transformed: T 1/3 | E 158/200 Ended | E Time: 54.356s | ~Time Left: 2282.938s |  Train Loss: 0.2498 | Train Acc. 90.8369% | Test Loss: 0.3436 | Test Acc. 88.4453%
AdamP on OSDataset_transformed: T 1/3 | E 159/200 Ended | E Time: 54.619s | ~Time Left: 2239.393s |  Train Loss: 0.2392 | Train Acc. 90.8672% | Test Loss: 0.3196 | Test Acc. 88.6872%
AdamP on OSDataset_transformed: T 1/3 | E 160/200 Ended | E Time: 54.491s | ~Time Left: 2179.650s |  Train Loss: 0.2430 | Train Acc. 90.9201% | Test Loss: 0.3383 | Test Acc. 89.1107%
AdamP on OSDataset_transformed: T 1/3 | E 161/200 Ended | E Time: 54.513s | ~Time Left: 2126.014s |  Train Loss: 0.2415 | Train Acc. 90.8445% | Test Loss: 0.3322 | Test Acc. 88.3848%
AdamP on OSDataset_transformed: T 1/3 | E 162/200 Ended | E Time: 55.107s | ~Time Left: 2094.059s |  Train Loss: 0.2432 | Train Acc. 90.7689% | Test Loss: 0.3800 | Test Acc. 88.5662%
AdamP on OSDataset_transformed: T 1/3 | E 163/200 Ended | E Time: 54.320s | ~Time Left: 2009.834s |  Train Loss: 0.2409 | Train Acc. 91.0033% | Test Loss: 0.3722 | Test Acc. 87.0538%
AdamP on OSDataset_transformed: T 1/3 | E 164/200 Ended | E Time: 54.568s | ~Time Left: 1964.433s |  Train Loss: 0.2315 | Train Acc. 91.3132% | Test Loss: 0.3354 | Test Acc. 88.9897%
AdamP on OSDataset_transformed: T 1/3 | E 165/200 Ended | E Time: 54.584s | ~Time Left: 1910.437s |  Train Loss: 0.2479 | Train Acc. 90.6101% | Test Loss: 0.3314 | Test Acc. 89.0502%
AdamP on OSDataset_transformed: T 1/3 | E 166/200 Ended | E Time: 54.557s | ~Time Left: 1854.931s |  Train Loss: 0.2424 | Train Acc. 91.0335% | Test Loss: 0.3910 | Test Acc. 86.8119%
AdamP on OSDataset_transformed: T 1/3 | E 167/200 Ended | E Time: 54.583s | ~Time Left: 1801.250s |  Train Loss: 0.2344 | Train Acc. 91.1393% | Test Loss: 0.3543 | Test Acc. 88.8687%
AdamP on OSDataset_transformed: T 1/3 | E 168/200 Ended | E Time: 54.547s | ~Time Left: 1745.503s |  Train Loss: 0.2405 | Train Acc. 90.9277% | Test Loss: 0.3274 | Test Acc. 88.6267%
AdamP on OSDataset_transformed: T 1/3 | E 169/200 Ended | E Time: 54.669s | ~Time Left: 1694.738s |  Train Loss: 0.2386 | Train Acc. 90.8142% | Test Loss: 0.3585 | Test Acc. 86.9328%
AdamP on OSDataset_transformed: T 1/3 | E 170/200 Ended | E Time: 54.514s | ~Time Left: 1635.417s |  Train Loss: 0.2355 | Train Acc. 91.3359% | Test Loss: 0.3156 | Test Acc. 89.4737%
AdamP on OSDataset_transformed: T 1/3 | E 171/200 Ended | E Time: 54.632s | ~Time Left: 1584.320s |  Train Loss: 0.2329 | Train Acc. 91.3888% | Test Loss: 0.3635 | Test Acc. 87.7193%
AdamP on OSDataset_transformed: T 1/3 | E 172/200 Ended | E Time: 54.405s | ~Time Left: 1523.331s |  Train Loss: 0.2371 | Train Acc. 91.1167% | Test Loss: 0.3231 | Test Acc. 88.2638%
AdamP on OSDataset_transformed: T 1/3 | E 173/200 Ended | E Time: 54.468s | ~Time Left: 1470.649s |  Train Loss: 0.2368 | Train Acc. 90.8672% | Test Loss: 0.3394 | Test Acc. 87.6588%
AdamP on OSDataset_transformed: T 1/3 | E 174/200 Ended | E Time: 54.455s | ~Time Left: 1415.838s |  Train Loss: 0.2368 | Train Acc. 91.1771% | Test Loss: 0.3126 | Test Acc. 89.9576%
AdamP on OSDataset_transformed: T 1/3 | E 175/200 Ended | E Time: 54.513s | ~Time Left: 1362.826s |  Train Loss: 0.2324 | Train Acc. 91.3132% | Test Loss: 0.3303 | Test Acc. 89.1107%
AdamP on OSDataset_transformed: T 1/3 | E 176/200 Ended | E Time: 54.543s | ~Time Left: 1309.033s |  Train Loss: 0.2325 | Train Acc. 91.4644% | Test Loss: 0.3591 | Test Acc. 88.7477%
AdamP on OSDataset_transformed: T 1/3 | E 177/200 Ended | E Time: 54.599s | ~Time Left: 1255.780s |  Train Loss: 0.2358 | Train Acc. 91.2149% | Test Loss: 0.3338 | Test Acc. 88.6872%
AdamP on OSDataset_transformed: T 1/3 | E 178/200 Ended | E Time: 54.461s | ~Time Left: 1198.153s |  Train Loss: 0.2350 | Train Acc. 91.1847% | Test Loss: 0.3671 | Test Acc. 88.3848%
AdamP on OSDataset_transformed: T 1/3 | E 179/200 Ended | E Time: 54.412s | ~Time Left: 1142.654s |  Train Loss: 0.2286 | Train Acc. 91.1771% | Test Loss: 0.3389 | Test Acc. 89.1712%
AdamP on OSDataset_transformed: T 1/3 | E 180/200 Ended | E Time: 54.280s | ~Time Left: 1085.595s |  Train Loss: 0.2290 | Train Acc. 91.3586% | Test Loss: 0.3328 | Test Acc. 89.0502%
AdamP on OSDataset_transformed: T 1/3 | E 181/200 Ended | E Time: 54.418s | ~Time Left: 1033.942s |  Train Loss: 0.2427 | Train Acc. 91.2074% | Test Loss: 0.4160 | Test Acc. 86.3884%
AdamP on OSDataset_transformed: T 1/3 | E 182/200 Ended | E Time: 54.678s | ~Time Left: 984.208s |  Train Loss: 0.2277 | Train Acc. 91.4191% | Test Loss: 0.3921 | Test Acc. 87.1748%
AdamP on OSDataset_transformed: T 1/3 | E 183/200 Ended | E Time: 54.691s | ~Time Left: 929.754s |  Train Loss: 0.2296 | Train Acc. 91.2981% | Test Loss: 0.3355 | Test Acc. 88.8687%
AdamP on OSDataset_transformed: T 1/3 | E 184/200 Ended | E Time: 54.980s | ~Time Left: 879.673s |  Train Loss: 0.2306 | Train Acc. 91.2376% | Test Loss: 0.4188 | Test Acc. 86.2069%
AdamP on OSDataset_transformed: T 1/3 | E 185/200 Ended | E Time: 54.648s | ~Time Left: 819.714s |  Train Loss: 0.2272 | Train Acc. 91.3283% | Test Loss: 0.3211 | Test Acc. 88.6267%
AdamP on OSDataset_transformed: T 1/3 | E 186/200 Ended | E Time: 54.595s | ~Time Left: 764.335s |  Train Loss: 0.2186 | Train Acc. 91.7971% | Test Loss: 0.3064 | Test Acc. 89.3527%
AdamP on OSDataset_transformed: T 1/3 | E 187/200 Ended | E Time: 54.489s | ~Time Left: 708.352s |  Train Loss: 0.2356 | Train Acc. 91.1318% | Test Loss: 0.3531 | Test Acc. 88.0218%
AdamP on OSDataset_transformed: T 1/3 | E 188/200 Ended | E Time: 54.767s | ~Time Left: 657.203s |  Train Loss: 0.2225 | Train Acc. 91.3283% | Test Loss: 0.4092 | Test Acc. 85.6624%
AdamP on OSDataset_transformed: T 1/3 | E 189/200 Ended | E Time: 54.720s | ~Time Left: 601.917s |  Train Loss: 0.2225 | Train Acc. 91.6081% | Test Loss: 0.3317 | Test Acc. 88.6267%
AdamP on OSDataset_transformed: T 1/3 | E 190/200 Ended | E Time: 54.489s | ~Time Left: 544.892s |  Train Loss: 0.2222 | Train Acc. 91.7442% | Test Loss: 0.3591 | Test Acc. 88.9292%
AdamP on OSDataset_transformed: T 1/3 | E 191/200 Ended | E Time: 54.524s | ~Time Left: 490.717s |  Train Loss: 0.2208 | Train Acc. 91.9937% | Test Loss: 0.3091 | Test Acc. 89.1107%
AdamP on OSDataset_transformed: T 1/3 | E 192/200 Ended | E Time: 54.477s | ~Time Left: 435.813s |  Train Loss: 0.2233 | Train Acc. 91.4191% | Test Loss: 0.3330 | Test Acc. 89.2922%
AdamP on OSDataset_transformed: T 1/3 | E 193/200 Ended | E Time: 54.749s | ~Time Left: 383.243s |  Train Loss: 0.2173 | Train Acc. 91.7593% | Test Loss: 0.3811 | Test Acc. 87.2353%
AdamP on OSDataset_transformed: T 1/3 | E 194/200 Ended | E Time: 54.484s | ~Time Left: 326.904s |  Train Loss: 0.2289 | Train Acc. 91.3737% | Test Loss: 0.3275 | Test Acc. 89.4737%
AdamP on OSDataset_transformed: T 1/3 | E 195/200 Ended | E Time: 54.471s | ~Time Left: 272.355s |  Train Loss: 0.2131 | Train Acc. 91.9937% | Test Loss: 0.3123 | Test Acc. 88.4453%
AdamP on OSDataset_transformed: T 1/3 | E 196/200 Ended | E Time: 54.731s | ~Time Left: 218.925s |  Train Loss: 0.2152 | Train Acc. 91.7517% | Test Loss: 0.3294 | Test Acc. 87.9613%
AdamP on OSDataset_transformed: T 1/3 | E 197/200 Ended | E Time: 54.627s | ~Time Left: 163.882s |  Train Loss: 0.2171 | Train Acc. 91.6686% | Test Loss: 0.3339 | Test Acc. 89.6552%
AdamP on OSDataset_transformed: T 1/3 | E 198/200 Ended | E Time: 54.396s | ~Time Left: 108.792s |  Train Loss: 0.2207 | Train Acc. 91.6156% | Test Loss: 0.3886 | Test Acc. 86.9328%
AdamP on OSDataset_transformed: T 1/3 | E 199/200 Ended | E Time: 54.891s | ~Time Left: 54.891s |  Train Loss: 0.2190 | Train Acc. 91.6761% | Test Loss: 0.3062 | Test Acc. 89.4737%
AdamP on OSDataset_transformed: T 1/3 | E 200/200 Ended | E Time: 54.453s | ~Time Left: 0.000s |  Train Loss: 0.2168 | Train Acc. 91.9785% | Test Loss: 0.3238 | Test Acc. 88.7477%
AdamP on OSDataset_transformed: T 2/3 | E 1/200 Ended | E Time: 54.640s | ~Time Left: 10873.310s |  Train Loss: 0.8271 | Train Acc. 69.5169% | Test Loss: 0.7659 | Test Acc. 70.7804%
AdamP on OSDataset_transformed: T 2/3 | E 2/200 Ended | E Time: 55.205s | ~Time Left: 10930.573s |  Train Loss: 0.6968 | Train Acc. 74.6730% | Test Loss: 0.6681 | Test Acc. 75.8621%
AdamP on OSDataset_transformed: T 2/3 | E 3/200 Ended | E Time: 54.880s | ~Time Left: 10811.311s |  Train Loss: 0.6451 | Train Acc. 76.4346% | Test Loss: 0.6619 | Test Acc. 76.1646%
AdamP on OSDataset_transformed: T 2/3 | E 4/200 Ended | E Time: 55.016s | ~Time Left: 10783.064s |  Train Loss: 0.6084 | Train Acc. 78.0373% | Test Loss: 0.8791 | Test Acc. 69.0865%
AdamP on OSDataset_transformed: T 2/3 | E 5/200 Ended | E Time: 54.876s | ~Time Left: 10700.833s |  Train Loss: 0.5904 | Train Acc. 78.9143% | Test Loss: 0.5847 | Test Acc. 78.8264%
AdamP on OSDataset_transformed: T 2/3 | E 6/200 Ended | E Time: 54.850s | ~Time Left: 10640.987s |  Train Loss: 0.5588 | Train Acc. 79.7006% | Test Loss: 0.5737 | Test Acc. 80.3993%
AdamP on OSDataset_transformed: T 2/3 | E 7/200 Ended | E Time: 55.085s | ~Time Left: 10631.368s |  Train Loss: 0.5452 | Train Acc. 80.5927% | Test Loss: 0.7041 | Test Acc. 77.4350%
AdamP on OSDataset_transformed: T 2/3 | E 8/200 Ended | E Time: 54.994s | ~Time Left: 10558.758s |  Train Loss: 0.5283 | Train Acc. 81.3941% | Test Loss: 0.5587 | Test Acc. 79.1289%
AdamP on OSDataset_transformed: T 2/3 | E 9/200 Ended | E Time: 54.605s | ~Time Left: 10429.535s |  Train Loss: 0.5090 | Train Acc. 81.9536% | Test Loss: 0.5532 | Test Acc. 79.5523%
AdamP on OSDataset_transformed: T 2/3 | E 10/200 Ended | E Time: 54.587s | ~Time Left: 10371.550s |  Train Loss: 0.5104 | Train Acc. 81.8326% | Test Loss: 0.5022 | Test Acc. 81.8512%
AdamP on OSDataset_transformed: T 2/3 | E 11/200 Ended | E Time: 54.468s | ~Time Left: 10294.515s |  Train Loss: 0.4971 | Train Acc. 82.1199% | Test Loss: 0.5008 | Test Acc. 82.3351%
AdamP on OSDataset_transformed: T 2/3 | E 12/200 Ended | E Time: 54.512s | ~Time Left: 10248.281s |  Train Loss: 0.4876 | Train Acc. 82.6038% | Test Loss: 0.4896 | Test Acc. 82.0327%
AdamP on OSDataset_transformed: T 2/3 | E 13/200 Ended | E Time: 54.596s | ~Time Left: 10209.456s |  Train Loss: 0.4784 | Train Acc. 82.8306% | Test Loss: 0.5015 | Test Acc. 81.3067%
AdamP on OSDataset_transformed: T 2/3 | E 14/200 Ended | E Time: 54.438s | ~Time Left: 10125.394s |  Train Loss: 0.4643 | Train Acc. 83.2917% | Test Loss: 0.5042 | Test Acc. 81.9117%
AdamP on OSDataset_transformed: T 2/3 | E 15/200 Ended | E Time: 54.614s | ~Time Left: 10103.659s |  Train Loss: 0.4720 | Train Acc. 83.4203% | Test Loss: 0.5018 | Test Acc. 81.7302%
AdamP on OSDataset_transformed: T 2/3 | E 16/200 Ended | E Time: 54.535s | ~Time Left: 10034.380s |  Train Loss: 0.4733 | Train Acc. 83.2691% | Test Loss: 0.4737 | Test Acc. 83.3636%
AdamP on OSDataset_transformed: T 2/3 | E 17/200 Ended | E Time: 54.570s | ~Time Left: 9986.334s |  Train Loss: 0.4583 | Train Acc. 83.4203% | Test Loss: 0.4558 | Test Acc. 83.9080%
AdamP on OSDataset_transformed: T 2/3 | E 18/200 Ended | E Time: 54.611s | ~Time Left: 9939.230s |  Train Loss: 0.4469 | Train Acc. 83.7983% | Test Loss: 0.5136 | Test Acc. 81.8512%
AdamP on OSDataset_transformed: T 2/3 | E 19/200 Ended | E Time: 54.282s | ~Time Left: 9825.000s |  Train Loss: 0.4447 | Train Acc. 83.8663% | Test Loss: 0.5031 | Test Acc. 81.9117%
AdamP on OSDataset_transformed: T 2/3 | E 20/200 Ended | E Time: 54.444s | ~Time Left: 9799.912s |  Train Loss: 0.4421 | Train Acc. 84.5241% | Test Loss: 0.4523 | Test Acc. 83.4241%
AdamP on OSDataset_transformed: T 2/3 | E 21/200 Ended | E Time: 54.433s | ~Time Left: 9743.555s |  Train Loss: 0.4326 | Train Acc. 83.8663% | Test Loss: 0.4827 | Test Acc. 82.4561%
AdamP on OSDataset_transformed: T 2/3 | E 22/200 Ended | E Time: 54.717s | ~Time Left: 9739.600s |  Train Loss: 0.4354 | Train Acc. 84.3653% | Test Loss: 0.4467 | Test Acc. 84.3315%
AdamP on OSDataset_transformed: T 2/3 | E 23/200 Ended | E Time: 54.527s | ~Time Left: 9651.231s |  Train Loss: 0.4255 | Train Acc. 84.9475% | Test Loss: 0.4925 | Test Acc. 81.4882%
AdamP on OSDataset_transformed: T 2/3 | E 24/200 Ended | E Time: 54.546s | ~Time Left: 9600.126s |  Train Loss: 0.4137 | Train Acc. 85.0155% | Test Loss: 0.4541 | Test Acc. 84.1500%
AdamP on OSDataset_transformed: T 2/3 | E 25/200 Ended | E Time: 54.293s | ~Time Left: 9501.296s |  Train Loss: 0.4223 | Train Acc. 84.7282% | Test Loss: 0.4539 | Test Acc. 83.9080%
AdamP on OSDataset_transformed: T 2/3 | E 26/200 Ended | E Time: 54.469s | ~Time Left: 9477.588s |  Train Loss: 0.4182 | Train Acc. 85.0911% | Test Loss: 0.4505 | Test Acc. 83.7266%
AdamP on OSDataset_transformed: T 2/3 | E 27/200 Ended | E Time: 54.655s | ~Time Left: 9455.336s |  Train Loss: 0.4157 | Train Acc. 85.2499% | Test Loss: 0.4435 | Test Acc. 84.3315%
AdamP on OSDataset_transformed: T 2/3 | E 28/200 Ended | E Time: 54.707s | ~Time Left: 9409.559s |  Train Loss: 0.4160 | Train Acc. 85.3103% | Test Loss: 0.4288 | Test Acc. 85.6019%
AdamP on OSDataset_transformed: T 2/3 | E 29/200 Ended | E Time: 54.562s | ~Time Left: 9330.124s |  Train Loss: 0.4102 | Train Acc. 84.9323% | Test Loss: 0.4727 | Test Acc. 83.7870%
AdamP on OSDataset_transformed: T 2/3 | E 30/200 Ended | E Time: 54.444s | ~Time Left: 9255.481s |  Train Loss: 0.4007 | Train Acc. 85.4238% | Test Loss: 0.4352 | Test Acc. 84.5735%
AdamP on OSDataset_transformed: T 2/3 | E 31/200 Ended | E Time: 54.474s | ~Time Left: 9206.106s |  Train Loss: 0.4047 | Train Acc. 85.4842% | Test Loss: 0.4305 | Test Acc. 84.8155%
AdamP on OSDataset_transformed: T 2/3 | E 32/200 Ended | E Time: 54.712s | ~Time Left: 9191.691s |  Train Loss: 0.3989 | Train Acc. 85.5523% | Test Loss: 0.4337 | Test Acc. 85.8439%
AdamP on OSDataset_transformed: T 2/3 | E 33/200 Ended | E Time: 54.581s | ~Time Left: 9115.042s |  Train Loss: 0.3934 | Train Acc. 85.7640% | Test Loss: 0.4191 | Test Acc. 84.7550%
AdamP on OSDataset_transformed: T 2/3 | E 34/200 Ended | E Time: 54.462s | ~Time Left: 9040.619s |  Train Loss: 0.3919 | Train Acc. 85.6808% | Test Loss: 0.3971 | Test Acc. 85.4809%
AdamP on OSDataset_transformed: T 2/3 | E 35/200 Ended | E Time: 54.509s | ~Time Left: 8993.953s |  Train Loss: 0.3953 | Train Acc. 85.6430% | Test Loss: 0.3922 | Test Acc. 86.2069%
AdamP on OSDataset_transformed: T 2/3 | E 36/200 Ended | E Time: 54.421s | ~Time Left: 8924.987s |  Train Loss: 0.3887 | Train Acc. 85.6808% | Test Loss: 0.5288 | Test Acc. 81.6697%
AdamP on OSDataset_transformed: T 2/3 | E 37/200 Ended | E Time: 54.491s | ~Time Left: 8882.016s |  Train Loss: 0.3858 | Train Acc. 85.8320% | Test Loss: 0.3958 | Test Acc. 86.0254%
AdamP on OSDataset_transformed: T 2/3 | E 38/200 Ended | E Time: 55.191s | ~Time Left: 8940.907s |  Train Loss: 0.3812 | Train Acc. 85.8396% | Test Loss: 0.4183 | Test Acc. 85.1785%
AdamP on OSDataset_transformed: T 2/3 | E 39/200 Ended | E Time: 54.424s | ~Time Left: 8762.230s |  Train Loss: 0.3830 | Train Acc. 86.2176% | Test Loss: 0.4474 | Test Acc. 84.3315%
AdamP on OSDataset_transformed: T 2/3 | E 40/200 Ended | E Time: 54.464s | ~Time Left: 8714.266s |  Train Loss: 0.3805 | Train Acc. 85.7413% | Test Loss: 0.4105 | Test Acc. 84.2105%
AdamP on OSDataset_transformed: T 2/3 | E 41/200 Ended | E Time: 54.451s | ~Time Left: 8657.691s |  Train Loss: 0.3777 | Train Acc. 86.1873% | Test Loss: 0.5020 | Test Acc. 81.9722%
AdamP on OSDataset_transformed: T 2/3 | E 42/200 Ended | E Time: 54.514s | ~Time Left: 8613.187s |  Train Loss: 0.3722 | Train Acc. 86.1798% | Test Loss: 0.4007 | Test Acc. 85.7834%
AdamP on OSDataset_transformed: T 2/3 | E 43/200 Ended | E Time: 54.413s | ~Time Left: 8542.787s |  Train Loss: 0.3752 | Train Acc. 85.8471% | Test Loss: 0.3924 | Test Acc. 86.3884%
AdamP on OSDataset_transformed: T 2/3 | E 44/200 Ended | E Time: 54.340s | ~Time Left: 8477.085s |  Train Loss: 0.3711 | Train Acc. 86.5427% | Test Loss: 0.4174 | Test Acc. 85.2390%
AdamP on OSDataset_transformed: T 2/3 | E 45/200 Ended | E Time: 54.519s | ~Time Left: 8450.462s |  Train Loss: 0.3628 | Train Acc. 86.9207% | Test Loss: 0.4007 | Test Acc. 86.1464%
AdamP on OSDataset_transformed: T 2/3 | E 46/200 Ended | E Time: 54.551s | ~Time Left: 8400.818s |  Train Loss: 0.3691 | Train Acc. 86.7468% | Test Loss: 0.4855 | Test Acc. 82.8191%
AdamP on OSDataset_transformed: T 2/3 | E 47/200 Ended | E Time: 54.437s | ~Time Left: 8328.885s |  Train Loss: 0.3682 | Train Acc. 86.6334% | Test Loss: 0.3807 | Test Acc. 86.0254%
AdamP on OSDataset_transformed: T 2/3 | E 48/200 Ended | E Time: 54.392s | ~Time Left: 8267.510s |  Train Loss: 0.3630 | Train Acc. 86.9434% | Test Loss: 0.4435 | Test Acc. 83.8475%
AdamP on OSDataset_transformed: T 2/3 | E 49/200 Ended | E Time: 54.429s | ~Time Left: 8218.743s |  Train Loss: 0.3659 | Train Acc. 86.7392% | Test Loss: 0.3817 | Test Acc. 86.1464%
AdamP on OSDataset_transformed: T 2/3 | E 50/200 Ended | E Time: 54.296s | ~Time Left: 8144.451s |  Train Loss: 0.3581 | Train Acc. 86.9509% | Test Loss: 0.3855 | Test Acc. 86.8724%
AdamP on OSDataset_transformed: T 2/3 | E 51/200 Ended | E Time: 54.323s | ~Time Left: 8094.142s |  Train Loss: 0.3635 | Train Acc. 86.7090% | Test Loss: 0.4210 | Test Acc. 85.2995%
AdamP on OSDataset_transformed: T 2/3 | E 52/200 Ended | E Time: 54.442s | ~Time Left: 8057.402s |  Train Loss: 0.3569 | Train Acc. 87.0870% | Test Loss: 0.4734 | Test Acc. 83.9685%
AdamP on OSDataset_transformed: T 2/3 | E 53/200 Ended | E Time: 54.413s | ~Time Left: 7998.660s |  Train Loss: 0.3542 | Train Acc. 87.4424% | Test Loss: 0.3685 | Test Acc. 86.8724%
AdamP on OSDataset_transformed: T 2/3 | E 54/200 Ended | E Time: 54.459s | ~Time Left: 7951.039s |  Train Loss: 0.3540 | Train Acc. 87.0039% | Test Loss: 0.3642 | Test Acc. 87.4773%
AdamP on OSDataset_transformed: T 2/3 | E 55/200 Ended | E Time: 54.389s | ~Time Left: 7886.380s |  Train Loss: 0.3476 | Train Acc. 87.3516% | Test Loss: 0.4057 | Test Acc. 85.9044%
AdamP on OSDataset_transformed: T 2/3 | E 56/200 Ended | E Time: 54.626s | ~Time Left: 7866.078s |  Train Loss: 0.3438 | Train Acc. 87.3819% | Test Loss: 0.3768 | Test Acc. 85.4809%
AdamP on OSDataset_transformed: T 2/3 | E 57/200 Ended | E Time: 54.510s | ~Time Left: 7794.863s |  Train Loss: 0.3421 | Train Acc. 87.4877% | Test Loss: 0.3837 | Test Acc. 87.1143%
AdamP on OSDataset_transformed: T 2/3 | E 58/200 Ended | E Time: 54.482s | ~Time Left: 7736.489s |  Train Loss: 0.3427 | Train Acc. 87.6918% | Test Loss: 0.3882 | Test Acc. 86.7514%
AdamP on OSDataset_transformed: T 2/3 | E 59/200 Ended | E Time: 54.661s | ~Time Left: 7707.253s |  Train Loss: 0.3467 | Train Acc. 87.4424% | Test Loss: 0.3602 | Test Acc. 86.8724%
AdamP on OSDataset_transformed: T 2/3 | E 60/200 Ended | E Time: 54.988s | ~Time Left: 7698.280s |  Train Loss: 0.3340 | Train Acc. 87.7145% | Test Loss: 0.4294 | Test Acc. 83.7870%
AdamP on OSDataset_transformed: T 2/3 | E 61/200 Ended | E Time: 54.479s | ~Time Left: 7572.594s |  Train Loss: 0.3416 | Train Acc. 87.6238% | Test Loss: 0.3773 | Test Acc. 87.0538%
AdamP on OSDataset_transformed: T 2/3 | E 62/200 Ended | E Time: 54.432s | ~Time Left: 7511.571s |  Train Loss: 0.3419 | Train Acc. 87.5709% | Test Loss: 0.3896 | Test Acc. 86.0254%
AdamP on OSDataset_transformed: T 2/3 | E 63/200 Ended | E Time: 54.394s | ~Time Left: 7452.010s |  Train Loss: 0.3477 | Train Acc. 87.4424% | Test Loss: 0.3875 | Test Acc. 87.1748%
AdamP on OSDataset_transformed: T 2/3 | E 64/200 Ended | E Time: 54.360s | ~Time Left: 7392.934s |  Train Loss: 0.3355 | Train Acc. 87.7674% | Test Loss: 0.3994 | Test Acc. 86.0254%
AdamP on OSDataset_transformed: T 2/3 | E 65/200 Ended | E Time: 54.395s | ~Time Left: 7343.365s |  Train Loss: 0.3383 | Train Acc. 87.8052% | Test Loss: 0.3757 | Test Acc. 85.9649%
AdamP on OSDataset_transformed: T 2/3 | E 66/200 Ended | E Time: 54.619s | ~Time Left: 7318.945s |  Train Loss: 0.3288 | Train Acc. 87.9035% | Test Loss: 0.4057 | Test Acc. 85.9649%
AdamP on OSDataset_transformed: T 2/3 | E 67/200 Ended | E Time: 54.798s | ~Time Left: 7288.073s |  Train Loss: 0.3318 | Train Acc. 87.9111% | Test Loss: 0.3739 | Test Acc. 86.9933%
AdamP on OSDataset_transformed: T 2/3 | E 68/200 Ended | E Time: 54.677s | ~Time Left: 7217.399s |  Train Loss: 0.3330 | Train Acc. 88.0699% | Test Loss: 0.4258 | Test Acc. 83.5451%
AdamP on OSDataset_transformed: T 2/3 | E 69/200 Ended | E Time: 54.415s | ~Time Left: 7128.339s |  Train Loss: 0.3233 | Train Acc. 88.0472% | Test Loss: 0.4442 | Test Acc. 84.5130%
AdamP on OSDataset_transformed: T 2/3 | E 70/200 Ended | E Time: 54.694s | ~Time Left: 7110.194s |  Train Loss: 0.3212 | Train Acc. 88.2967% | Test Loss: 0.3534 | Test Acc. 88.1428%
AdamP on OSDataset_transformed: T 2/3 | E 71/200 Ended | E Time: 54.352s | ~Time Left: 7011.391s |  Train Loss: 0.3315 | Train Acc. 88.1001% | Test Loss: 0.3921 | Test Acc. 85.8439%
AdamP on OSDataset_transformed: T 2/3 | E 72/200 Ended | E Time: 54.583s | ~Time Left: 6986.687s |  Train Loss: 0.3323 | Train Acc. 87.8884% | Test Loss: 0.3958 | Test Acc. 84.8155%
AdamP on OSDataset_transformed: T 2/3 | E 73/200 Ended | E Time: 54.355s | ~Time Left: 6903.039s |  Train Loss: 0.3218 | Train Acc. 88.2211% | Test Loss: 0.3925 | Test Acc. 86.6909%
AdamP on OSDataset_transformed: T 2/3 | E 74/200 Ended | E Time: 54.476s | ~Time Left: 6863.982s |  Train Loss: 0.3186 | Train Acc. 88.2740% | Test Loss: 0.3846 | Test Acc. 86.4489%
AdamP on OSDataset_transformed: T 2/3 | E 75/200 Ended | E Time: 54.609s | ~Time Left: 6826.178s |  Train Loss: 0.3171 | Train Acc. 88.5991% | Test Loss: 0.3798 | Test Acc. 86.9933%
AdamP on OSDataset_transformed: T 2/3 | E 76/200 Ended | E Time: 54.465s | ~Time Left: 6753.636s |  Train Loss: 0.3216 | Train Acc. 88.1681% | Test Loss: 0.3885 | Test Acc. 86.8119%
AdamP on OSDataset_transformed: T 2/3 | E 77/200 Ended | E Time: 54.782s | ~Time Left: 6738.231s |  Train Loss: 0.3209 | Train Acc. 88.3496% | Test Loss: 0.3820 | Test Acc. 86.3884%
AdamP on OSDataset_transformed: T 2/3 | E 78/200 Ended | E Time: 54.424s | ~Time Left: 6639.684s |  Train Loss: 0.3139 | Train Acc. 88.4630% | Test Loss: 0.3805 | Test Acc. 86.5699%
AdamP on OSDataset_transformed: T 2/3 | E 79/200 Ended | E Time: 54.473s | ~Time Left: 6591.208s |  Train Loss: 0.3134 | Train Acc. 88.5310% | Test Loss: 0.3771 | Test Acc. 86.2674%
AdamP on OSDataset_transformed: T 2/3 | E 80/200 Ended | E Time: 54.510s | ~Time Left: 6541.174s |  Train Loss: 0.3175 | Train Acc. 88.2589% | Test Loss: 0.3726 | Test Acc. 86.9328%
AdamP on OSDataset_transformed: T 2/3 | E 81/200 Ended | E Time: 54.530s | ~Time Left: 6489.018s |  Train Loss: 0.3172 | Train Acc. 88.3118% | Test Loss: 0.3394 | Test Acc. 87.9008%
AdamP on OSDataset_transformed: T 2/3 | E 82/200 Ended | E Time: 54.515s | ~Time Left: 6432.776s |  Train Loss: 0.3071 | Train Acc. 88.4857% | Test Loss: 0.4356 | Test Acc. 85.2390%
AdamP on OSDataset_transformed: T 2/3 | E 83/200 Ended | E Time: 54.593s | ~Time Left: 6387.349s |  Train Loss: 0.3151 | Train Acc. 88.4479% | Test Loss: 0.3788 | Test Acc. 86.6304%
AdamP on OSDataset_transformed: T 2/3 | E 84/200 Ended | E Time: 54.577s | ~Time Left: 6330.917s |  Train Loss: 0.3108 | Train Acc. 88.5310% | Test Loss: 0.4360 | Test Acc. 85.0575%
AdamP on OSDataset_transformed: T 2/3 | E 85/200 Ended | E Time: 54.598s | ~Time Left: 6278.768s |  Train Loss: 0.3095 | Train Acc. 88.6822% | Test Loss: 0.3621 | Test Acc. 87.7193%
AdamP on OSDataset_transformed: T 2/3 | E 86/200 Ended | E Time: 54.389s | ~Time Left: 6200.348s |  Train Loss: 0.3083 | Train Acc. 88.8864% | Test Loss: 0.3580 | Test Acc. 87.1143%
AdamP on OSDataset_transformed: T 2/3 | E 87/200 Ended | E Time: 54.542s | ~Time Left: 6163.280s |  Train Loss: 0.3089 | Train Acc. 88.6066% | Test Loss: 0.3281 | Test Acc. 88.3848%
AdamP on OSDataset_transformed: T 2/3 | E 88/200 Ended | E Time: 54.634s | ~Time Left: 6118.994s |  Train Loss: 0.3059 | Train Acc. 88.9922% | Test Loss: 0.3713 | Test Acc. 86.3884%
AdamP on OSDataset_transformed: T 2/3 | E 89/200 Ended | E Time: 54.636s | ~Time Left: 6064.597s |  Train Loss: 0.3053 | Train Acc. 89.1434% | Test Loss: 0.3442 | Test Acc. 88.4453%
AdamP on OSDataset_transformed: T 2/3 | E 90/200 Ended | E Time: 54.585s | ~Time Left: 6004.372s |  Train Loss: 0.2970 | Train Acc. 89.2190% | Test Loss: 0.3727 | Test Acc. 86.7514%
AdamP on OSDataset_transformed: T 2/3 | E 91/200 Ended | E Time: 54.393s | ~Time Left: 5928.850s |  Train Loss: 0.3039 | Train Acc. 88.7276% | Test Loss: 0.3713 | Test Acc. 86.6304%
AdamP on OSDataset_transformed: T 2/3 | E 92/200 Ended | E Time: 54.692s | ~Time Left: 5906.790s |  Train Loss: 0.2965 | Train Acc. 88.9166% | Test Loss: 0.3289 | Test Acc. 88.8082%
AdamP on OSDataset_transformed: T 2/3 | E 93/200 Ended | E Time: 54.672s | ~Time Left: 5849.933s |  Train Loss: 0.3044 | Train Acc. 88.6822% | Test Loss: 0.4211 | Test Acc. 84.5130%
AdamP on OSDataset_transformed: T 2/3 | E 94/200 Ended | E Time: 54.477s | ~Time Left: 5774.573s |  Train Loss: 0.3073 | Train Acc. 88.8108% | Test Loss: 0.3565 | Test Acc. 85.6019%
AdamP on OSDataset_transformed: T 2/3 | E 95/200 Ended | E Time: 54.644s | ~Time Left: 5737.640s |  Train Loss: 0.3026 | Train Acc. 88.8108% | Test Loss: 0.3667 | Test Acc. 87.1143%
AdamP on OSDataset_transformed: T 2/3 | E 96/200 Ended | E Time: 54.588s | ~Time Left: 5677.117s |  Train Loss: 0.2969 | Train Acc. 88.9998% | Test Loss: 0.3531 | Test Acc. 87.7193%
AdamP on OSDataset_transformed: T 2/3 | E 97/200 Ended | E Time: 54.531s | ~Time Left: 5616.695s |  Train Loss: 0.2931 | Train Acc. 89.2266% | Test Loss: 0.3836 | Test Acc. 87.7798%
AdamP on OSDataset_transformed: T 2/3 | E 98/200 Ended | E Time: 54.442s | ~Time Left: 5553.036s |  Train Loss: 0.2932 | Train Acc. 89.1510% | Test Loss: 0.3989 | Test Acc. 86.8119%
AdamP on OSDataset_transformed: T 2/3 | E 99/200 Ended | E Time: 54.648s | ~Time Left: 5519.469s |  Train Loss: 0.2970 | Train Acc. 89.2341% | Test Loss: 0.4150 | Test Acc. 85.9044%
AdamP on OSDataset_transformed: T 2/3 | E 100/200 Ended | E Time: 54.831s | ~Time Left: 5483.135s |  Train Loss: 0.2993 | Train Acc. 88.9090% | Test Loss: 0.3731 | Test Acc. 88.3243%
AdamP on OSDataset_transformed: T 2/3 | E 101/200 Ended | E Time: 54.649s | ~Time Left: 5410.245s |  Train Loss: 0.2918 | Train Acc. 89.0149% | Test Loss: 0.3548 | Test Acc. 88.2033%
AdamP on OSDataset_transformed: T 2/3 | E 102/200 Ended | E Time: 54.589s | ~Time Left: 5349.758s |  Train Loss: 0.2945 | Train Acc. 89.1359% | Test Loss: 0.3273 | Test Acc. 89.3527%
AdamP on OSDataset_transformed: T 2/3 | E 103/200 Ended | E Time: 54.499s | ~Time Left: 5286.356s |  Train Loss: 0.2923 | Train Acc. 89.1963% | Test Loss: 0.3335 | Test Acc. 87.5983%
AdamP on OSDataset_transformed: T 2/3 | E 104/200 Ended | E Time: 54.590s | ~Time Left: 5240.599s |  Train Loss: 0.2959 | Train Acc. 89.1283% | Test Loss: 0.3544 | Test Acc. 87.2958%
AdamP on OSDataset_transformed: T 2/3 | E 105/200 Ended | E Time: 54.780s | ~Time Left: 5204.072s |  Train Loss: 0.2909 | Train Acc. 89.5290% | Test Loss: 0.3186 | Test Acc. 88.8687%
AdamP on OSDataset_transformed: T 2/3 | E 106/200 Ended | E Time: 54.774s | ~Time Left: 5148.735s |  Train Loss: 0.2852 | Train Acc. 89.2871% | Test Loss: 0.3223 | Test Acc. 88.5662%
AdamP on OSDataset_transformed: T 2/3 | E 107/200 Ended | E Time: 54.818s | ~Time Left: 5098.029s |  Train Loss: 0.2883 | Train Acc. 89.3551% | Test Loss: 0.4903 | Test Acc. 83.2426%
AdamP on OSDataset_transformed: T 2/3 | E 108/200 Ended | E Time: 54.684s | ~Time Left: 5030.951s |  Train Loss: 0.2837 | Train Acc. 89.5668% | Test Loss: 0.3387 | Test Acc. 89.1107%
AdamP on OSDataset_transformed: T 2/3 | E 109/200 Ended | E Time: 54.452s | ~Time Left: 4955.118s |  Train Loss: 0.2858 | Train Acc. 89.4610% | Test Loss: 0.3673 | Test Acc. 86.8724%
AdamP on OSDataset_transformed: T 2/3 | E 110/200 Ended | E Time: 54.609s | ~Time Left: 4914.833s |  Train Loss: 0.2855 | Train Acc. 89.4685% | Test Loss: 0.4309 | Test Acc. 85.5414%
AdamP on OSDataset_transformed: T 2/3 | E 111/200 Ended | E Time: 54.559s | ~Time Left: 4855.785s |  Train Loss: 0.2852 | Train Acc. 89.2115% | Test Loss: 0.3491 | Test Acc. 87.3563%
AdamP on OSDataset_transformed: T 2/3 | E 112/200 Ended | E Time: 54.596s | ~Time Left: 4804.446s |  Train Loss: 0.2853 | Train Acc. 89.5895% | Test Loss: 0.3383 | Test Acc. 88.3848%
AdamP on OSDataset_transformed: T 2/3 | E 113/200 Ended | E Time: 54.852s | ~Time Left: 4772.154s |  Train Loss: 0.2762 | Train Acc. 89.8616% | Test Loss: 0.3791 | Test Acc. 87.9008%
AdamP on OSDataset_transformed: T 2/3 | E 114/200 Ended | E Time: 54.496s | ~Time Left: 4686.642s |  Train Loss: 0.2835 | Train Acc. 89.2644% | Test Loss: 0.3949 | Test Acc. 86.8119%
AdamP on OSDataset_transformed: T 2/3 | E 115/200 Ended | E Time: 54.422s | ~Time Left: 4625.865s |  Train Loss: 0.2803 | Train Acc. 89.7482% | Test Loss: 0.3716 | Test Acc. 87.3563%
AdamP on OSDataset_transformed: T 2/3 | E 116/200 Ended | E Time: 54.687s | ~Time Left: 4593.724s |  Train Loss: 0.2763 | Train Acc. 89.7709% | Test Loss: 0.4204 | Test Acc. 84.9970%
AdamP on OSDataset_transformed: T 2/3 | E 117/200 Ended | E Time: 54.599s | ~Time Left: 4531.710s |  Train Loss: 0.2786 | Train Acc. 89.8163% | Test Loss: 0.3410 | Test Acc. 87.3563%
AdamP on OSDataset_transformed: T 2/3 | E 118/200 Ended | E Time: 54.928s | ~Time Left: 4504.098s |  Train Loss: 0.2764 | Train Acc. 89.7634% | Test Loss: 0.3244 | Test Acc. 88.4453%
AdamP on OSDataset_transformed: T 2/3 | E 119/200 Ended | E Time: 54.631s | ~Time Left: 4425.144s |  Train Loss: 0.2813 | Train Acc. 89.2568% | Test Loss: 0.3184 | Test Acc. 89.0502%
AdamP on OSDataset_transformed: T 2/3 | E 120/200 Ended | E Time: 54.682s | ~Time Left: 4374.580s |  Train Loss: 0.2764 | Train Acc. 89.8919% | Test Loss: 0.3352 | Test Acc. 88.8687%
AdamP on OSDataset_transformed: T 2/3 | E 121/200 Ended | E Time: 54.895s | ~Time Left: 4336.712s |  Train Loss: 0.2746 | Train Acc. 89.8314% | Test Loss: 0.3756 | Test Acc. 87.1748%
AdamP on OSDataset_transformed: T 2/3 | E 122/200 Ended | E Time: 54.711s | ~Time Left: 4267.424s |  Train Loss: 0.2747 | Train Acc. 89.7936% | Test Loss: 0.4192 | Test Acc. 84.9365%
AdamP on OSDataset_transformed: T 2/3 | E 123/200 Ended | E Time: 54.710s | ~Time Left: 4212.701s |  Train Loss: 0.2793 | Train Acc. 89.7860% | Test Loss: 0.3725 | Test Acc. 87.5378%
AdamP on OSDataset_transformed: T 2/3 | E 124/200 Ended | E Time: 54.796s | ~Time Left: 4164.500s |  Train Loss: 0.2733 | Train Acc. 89.6651% | Test Loss: 0.3627 | Test Acc. 87.8403%
AdamP on OSDataset_transformed: T 2/3 | E 125/200 Ended | E Time: 54.833s | ~Time Left: 4112.443s |  Train Loss: 0.2743 | Train Acc. 90.0809% | Test Loss: 0.3850 | Test Acc. 86.2674%
AdamP on OSDataset_transformed: T 2/3 | E 126/200 Ended | E Time: 55.150s | ~Time Left: 4081.107s |  Train Loss: 0.2642 | Train Acc. 90.3606% | Test Loss: 0.3304 | Test Acc. 88.3243%
AdamP on OSDataset_transformed: T 2/3 | E 127/200 Ended | E Time: 54.936s | ~Time Left: 4010.339s |  Train Loss: 0.2766 | Train Acc. 89.7482% | Test Loss: 0.3509 | Test Acc. 87.7193%
AdamP on OSDataset_transformed: T 2/3 | E 128/200 Ended | E Time: 54.921s | ~Time Left: 3954.298s |  Train Loss: 0.2701 | Train Acc. 90.0280% | Test Loss: 0.3578 | Test Acc. 87.9613%
AdamP on OSDataset_transformed: T 2/3 | E 129/200 Ended | E Time: 54.779s | ~Time Left: 3889.301s |  Train Loss: 0.2654 | Train Acc. 90.2699% | Test Loss: 0.3287 | Test Acc. 88.2033%
AdamP on OSDataset_transformed: T 2/3 | E 130/200 Ended | E Time: 54.831s | ~Time Left: 3838.157s |  Train Loss: 0.2659 | Train Acc. 89.9599% | Test Loss: 0.3124 | Test Acc. 89.2317%
AdamP on OSDataset_transformed: T 2/3 | E 131/200 Ended | E Time: 54.714s | ~Time Left: 3775.283s |  Train Loss: 0.2692 | Train Acc. 90.1187% | Test Loss: 0.4731 | Test Acc. 85.9044%
AdamP on OSDataset_transformed: T 2/3 | E 132/200 Ended | E Time: 54.758s | ~Time Left: 3723.558s |  Train Loss: 0.2728 | Train Acc. 89.9372% | Test Loss: 0.3178 | Test Acc. 89.2922%
AdamP on OSDataset_transformed: T 2/3 | E 133/200 Ended | E Time: 54.740s | ~Time Left: 3667.558s |  Train Loss: 0.2602 | Train Acc. 90.4665% | Test Loss: 0.3764 | Test Acc. 85.9649%
AdamP on OSDataset_transformed: T 2/3 | E 134/200 Ended | E Time: 54.750s | ~Time Left: 3613.525s |  Train Loss: 0.2652 | Train Acc. 89.8087% | Test Loss: 0.3204 | Test Acc. 88.8687%
AdamP on OSDataset_transformed: T 2/3 | E 135/200 Ended | E Time: 54.679s | ~Time Left: 3554.127s |  Train Loss: 0.2570 | Train Acc. 90.3682% | Test Loss: 0.3371 | Test Acc. 88.0218%
AdamP on OSDataset_transformed: T 2/3 | E 136/200 Ended | E Time: 54.671s | ~Time Left: 3498.962s |  Train Loss: 0.2595 | Train Acc. 90.3757% | Test Loss: 0.4235 | Test Acc. 87.1143%
AdamP on OSDataset_transformed: T 2/3 | E 137/200 Ended | E Time: 54.972s | ~Time Left: 3463.247s |  Train Loss: 0.2633 | Train Acc. 90.1641% | Test Loss: 0.3865 | Test Acc. 86.4489%
AdamP on OSDataset_transformed: T 2/3 | E 138/200 Ended | E Time: 54.892s | ~Time Left: 3403.277s |  Train Loss: 0.2636 | Train Acc. 90.0658% | Test Loss: 0.3640 | Test Acc. 87.4168%
AdamP on OSDataset_transformed: T 2/3 | E 139/200 Ended | E Time: 54.754s | ~Time Left: 3340.022s |  Train Loss: 0.2603 | Train Acc. 90.2699% | Test Loss: 0.3269 | Test Acc. 88.6267%
AdamP on OSDataset_transformed: T 2/3 | E 140/200 Ended | E Time: 54.617s | ~Time Left: 3276.997s |  Train Loss: 0.2548 | Train Acc. 90.3909% | Test Loss: 0.3227 | Test Acc. 88.1428%
AdamP on OSDataset_transformed: T 2/3 | E 141/200 Ended | E Time: 54.886s | ~Time Left: 3238.282s |  Train Loss: 0.2610 | Train Acc. 90.4589% | Test Loss: 0.3051 | Test Acc. 89.1712%
AdamP on OSDataset_transformed: T 2/3 | E 142/200 Ended | E Time: 54.542s | ~Time Left: 3163.436s |  Train Loss: 0.2571 | Train Acc. 90.2775% | Test Loss: 0.3881 | Test Acc. 87.4773%
AdamP on OSDataset_transformed: T 2/3 | E 143/200 Ended | E Time: 54.763s | ~Time Left: 3121.500s |  Train Loss: 0.2546 | Train Acc. 90.6479% | Test Loss: 0.3292 | Test Acc. 89.1712%
AdamP on OSDataset_transformed: T 2/3 | E 144/200 Ended | E Time: 54.799s | ~Time Left: 3068.766s |  Train Loss: 0.2555 | Train Acc. 90.4892% | Test Loss: 0.3793 | Test Acc. 85.9044%
AdamP on OSDataset_transformed: T 2/3 | E 145/200 Ended | E Time: 54.616s | ~Time Left: 3003.878s |  Train Loss: 0.2513 | Train Acc. 90.7008% | Test Loss: 0.3652 | Test Acc. 88.3243%
AdamP on OSDataset_transformed: T 2/3 | E 146/200 Ended | E Time: 55.005s | ~Time Left: 2970.270s |  Train Loss: 0.2522 | Train Acc. 90.6101% | Test Loss: 0.3210 | Test Acc. 88.6267%
AdamP on OSDataset_transformed: T 2/3 | E 147/200 Ended | E Time: 54.977s | ~Time Left: 2913.768s |  Train Loss: 0.2563 | Train Acc. 90.7008% | Test Loss: 0.3407 | Test Acc. 88.0218%
AdamP on OSDataset_transformed: T 2/3 | E 148/200 Ended | E Time: 54.698s | ~Time Left: 2844.280s |  Train Loss: 0.2500 | Train Acc. 90.6404% | Test Loss: 0.3391 | Test Acc. 88.1428%
AdamP on OSDataset_transformed: T 2/3 | E 149/200 Ended | E Time: 54.724s | ~Time Left: 2790.910s |  Train Loss: 0.2493 | Train Acc. 90.6630% | Test Loss: 0.3410 | Test Acc. 88.2638%
AdamP on OSDataset_transformed: T 2/3 | E 150/200 Ended | E Time: 54.709s | ~Time Left: 2735.453s |  Train Loss: 0.2510 | Train Acc. 90.8823% | Test Loss: 0.3589 | Test Acc. 88.2033%
AdamP on OSDataset_transformed: T 2/3 | E 151/200 Ended | E Time: 54.683s | ~Time Left: 2679.447s |  Train Loss: 0.2520 | Train Acc. 90.3455% | Test Loss: 0.3323 | Test Acc. 87.9613%
AdamP on OSDataset_transformed: T 2/3 | E 152/200 Ended | E Time: 54.683s | ~Time Left: 2624.790s |  Train Loss: 0.2465 | Train Acc. 90.7084% | Test Loss: 0.3380 | Test Acc. 88.8687%
AdamP on OSDataset_transformed: T 2/3 | E 153/200 Ended | E Time: 54.664s | ~Time Left: 2569.225s |  Train Loss: 0.2516 | Train Acc. 90.6101% | Test Loss: 0.3280 | Test Acc. 88.6267%
AdamP on OSDataset_transformed: T 2/3 | E 154/200 Ended | E Time: 54.957s | ~Time Left: 2528.034s |  Train Loss: 0.2498 | Train Acc. 90.5950% | Test Loss: 0.3378 | Test Acc. 88.2033%
AdamP on OSDataset_transformed: T 2/3 | E 155/200 Ended | E Time: 54.899s | ~Time Left: 2470.475s |  Train Loss: 0.2474 | Train Acc. 90.7462% | Test Loss: 0.3595 | Test Acc. 87.4773%
AdamP on OSDataset_transformed: T 2/3 | E 156/200 Ended | E Time: 54.944s | ~Time Left: 2417.541s |  Train Loss: 0.2471 | Train Acc. 90.7008% | Test Loss: 0.3632 | Test Acc. 86.5699%
AdamP on OSDataset_transformed: T 2/3 | E 157/200 Ended | E Time: 54.802s | ~Time Left: 2356.500s |  Train Loss: 0.2446 | Train Acc. 90.6857% | Test Loss: 0.3516 | Test Acc. 86.5094%
AdamP on OSDataset_transformed: T 2/3 | E 158/200 Ended | E Time: 54.933s | ~Time Left: 2307.173s |  Train Loss: 0.2472 | Train Acc. 90.8747% | Test Loss: 0.3808 | Test Acc. 86.4489%
AdamP on OSDataset_transformed: T 2/3 | E 159/200 Ended | E Time: 54.857s | ~Time Left: 2249.143s |  Train Loss: 0.2524 | Train Acc. 90.3984% | Test Loss: 0.3417 | Test Acc. 87.9613%
AdamP on OSDataset_transformed: T 2/3 | E 160/200 Ended | E Time: 54.643s | ~Time Left: 2185.712s |  Train Loss: 0.2386 | Train Acc. 90.8369% | Test Loss: 0.3749 | Test Acc. 85.4809%
AdamP on OSDataset_transformed: T 2/3 | E 161/200 Ended | E Time: 55.062s | ~Time Left: 2147.416s |  Train Loss: 0.2459 | Train Acc. 90.8747% | Test Loss: 0.3055 | Test Acc. 89.1712%
AdamP on OSDataset_transformed: T 2/3 | E 162/200 Ended | E Time: 54.616s | ~Time Left: 2075.400s |  Train Loss: 0.2383 | Train Acc. 91.0940% | Test Loss: 0.3621 | Test Acc. 87.2353%
AdamP on OSDataset_transformed: T 2/3 | E 163/200 Ended | E Time: 54.827s | ~Time Left: 2028.581s |  Train Loss: 0.2485 | Train Acc. 90.7386% | Test Loss: 0.3336 | Test Acc. 88.2638%
AdamP on OSDataset_transformed: T 2/3 | E 164/200 Ended | E Time: 54.777s | ~Time Left: 1971.985s |  Train Loss: 0.2374 | Train Acc. 91.0940% | Test Loss: 0.3904 | Test Acc. 86.5094%
AdamP on OSDataset_transformed: T 2/3 | E 165/200 Ended | E Time: 54.708s | ~Time Left: 1914.782s |  Train Loss: 0.2391 | Train Acc. 90.9201% | Test Loss: 0.3095 | Test Acc. 88.9897%
AdamP on OSDataset_transformed: T 2/3 | E 166/200 Ended | E Time: 55.017s | ~Time Left: 1870.562s |  Train Loss: 0.2450 | Train Acc. 90.6782% | Test Loss: 0.3173 | Test Acc. 89.2922%
AdamP on OSDataset_transformed: T 2/3 | E 167/200 Ended | E Time: 54.699s | ~Time Left: 1805.068s |  Train Loss: 0.2395 | Train Acc. 90.9050% | Test Loss: 0.2892 | Test Acc. 90.3811%
AdamP on OSDataset_transformed: T 2/3 | E 168/200 Ended | E Time: 54.799s | ~Time Left: 1753.552s |  Train Loss: 0.2325 | Train Acc. 91.3737% | Test Loss: 0.3652 | Test Acc. 88.3243%
AdamP on OSDataset_transformed: T 2/3 | E 169/200 Ended | E Time: 54.908s | ~Time Left: 1702.147s |  Train Loss: 0.2391 | Train Acc. 91.0259% | Test Loss: 0.3773 | Test Acc. 86.9328%
AdamP on OSDataset_transformed: T 2/3 | E 170/200 Ended | E Time: 54.736s | ~Time Left: 1642.068s |  Train Loss: 0.2393 | Train Acc. 90.7840% | Test Loss: 0.3685 | Test Acc. 86.6909%
AdamP on OSDataset_transformed: T 2/3 | E 171/200 Ended | E Time: 54.612s | ~Time Left: 1583.761s |  Train Loss: 0.2364 | Train Acc. 91.1696% | Test Loss: 0.3269 | Test Acc. 89.2317%
AdamP on OSDataset_transformed: T 2/3 | E 172/200 Ended | E Time: 54.660s | ~Time Left: 1530.466s |  Train Loss: 0.2338 | Train Acc. 91.1318% | Test Loss: 0.3277 | Test Acc. 88.4453%
AdamP on OSDataset_transformed: T 2/3 | E 173/200 Ended | E Time: 55.088s | ~Time Left: 1487.372s |  Train Loss: 0.2312 | Train Acc. 91.3359% | Test Loss: 0.4840 | Test Acc. 81.9117%
AdamP on OSDataset_transformed: T 2/3 | E 174/200 Ended | E Time: 54.946s | ~Time Left: 1428.607s |  Train Loss: 0.2297 | Train Acc. 91.4569% | Test Loss: 0.3151 | Test Acc. 89.0502%
AdamP on OSDataset_transformed: T 2/3 | E 175/200 Ended | E Time: 54.878s | ~Time Left: 1371.958s |  Train Loss: 0.2311 | Train Acc. 91.3283% | Test Loss: 0.3448 | Test Acc. 88.5662%
AdamP on OSDataset_transformed: T 2/3 | E 176/200 Ended | E Time: 54.719s | ~Time Left: 1313.250s |  Train Loss: 0.2325 | Train Acc. 91.3283% | Test Loss: 0.3461 | Test Acc. 88.5057%
AdamP on OSDataset_transformed: T 2/3 | E 177/200 Ended | E Time: 54.894s | ~Time Left: 1262.563s |  Train Loss: 0.2341 | Train Acc. 91.4115% | Test Loss: 0.3533 | Test Acc. 87.7193%
AdamP on OSDataset_transformed: T 2/3 | E 178/200 Ended | E Time: 54.682s | ~Time Left: 1203.008s |  Train Loss: 0.2304 | Train Acc. 91.4191% | Test Loss: 0.3689 | Test Acc. 87.3563%
AdamP on OSDataset_transformed: T 2/3 | E 179/200 Ended | E Time: 54.755s | ~Time Left: 1149.860s |  Train Loss: 0.2354 | Train Acc. 91.1771% | Test Loss: 0.3454 | Test Acc. 87.8403%
AdamP on OSDataset_transformed: T 2/3 | E 180/200 Ended | E Time: 54.678s | ~Time Left: 1093.557s |  Train Loss: 0.2261 | Train Acc. 91.6005% | Test Loss: 0.3093 | Test Acc. 89.2317%
AdamP on OSDataset_transformed: T 2/3 | E 181/200 Ended | E Time: 54.875s | ~Time Left: 1042.625s |  Train Loss: 0.2310 | Train Acc. 91.3208% | Test Loss: 0.3168 | Test Acc. 88.5057%
AdamP on OSDataset_transformed: T 2/3 | E 182/200 Ended | E Time: 54.672s | ~Time Left: 984.088s |  Train Loss: 0.2311 | Train Acc. 91.1091% | Test Loss: 0.3809 | Test Acc. 87.1143%
AdamP on OSDataset_transformed: T 2/3 | E 183/200 Ended | E Time: 54.712s | ~Time Left: 930.097s |  Train Loss: 0.2381 | Train Acc. 90.8445% | Test Loss: 0.3402 | Test Acc. 88.4453%
AdamP on OSDataset_transformed: T 2/3 | E 184/200 Ended | E Time: 54.913s | ~Time Left: 878.609s |  Train Loss: 0.2221 | Train Acc. 91.5627% | Test Loss: 0.3332 | Test Acc. 89.0502%
AdamP on OSDataset_transformed: T 2/3 | E 185/200 Ended | E Time: 54.918s | ~Time Left: 823.763s |  Train Loss: 0.2241 | Train Acc. 91.6534% | Test Loss: 0.3025 | Test Acc. 89.0502%
AdamP on OSDataset_transformed: T 2/3 | E 186/200 Ended | E Time: 54.633s | ~Time Left: 764.856s |  Train Loss: 0.2258 | Train Acc. 91.3586% | Test Loss: 0.3739 | Test Acc. 86.3279%
AdamP on OSDataset_transformed: T 2/3 | E 187/200 Ended | E Time: 54.719s | ~Time Left: 711.353s |  Train Loss: 0.2321 | Train Acc. 91.1696% | Test Loss: 0.3341 | Test Acc. 88.4453%
AdamP on OSDataset_transformed: T 2/3 | E 188/200 Ended | E Time: 54.743s | ~Time Left: 656.914s |  Train Loss: 0.2269 | Train Acc. 91.4039% | Test Loss: 0.3226 | Test Acc. 88.7477%
AdamP on OSDataset_transformed: T 2/3 | E 189/200 Ended | E Time: 54.600s | ~Time Left: 600.599s |  Train Loss: 0.2215 | Train Acc. 91.4644% | Test Loss: 0.3068 | Test Acc. 89.1712%
AdamP on OSDataset_transformed: T 2/3 | E 190/200 Ended | E Time: 54.887s | ~Time Left: 548.874s |  Train Loss: 0.2237 | Train Acc. 91.4947% | Test Loss: 0.3398 | Test Acc. 87.8403%
AdamP on OSDataset_transformed: T 2/3 | E 191/200 Ended | E Time: 54.780s | ~Time Left: 493.020s |  Train Loss: 0.2218 | Train Acc. 91.5778% | Test Loss: 0.3395 | Test Acc. 87.7798%
AdamP on OSDataset_transformed: T 2/3 | E 192/200 Ended | E Time: 54.719s | ~Time Left: 437.751s |  Train Loss: 0.2185 | Train Acc. 91.7744% | Test Loss: 0.3002 | Test Acc. 90.8651%
AdamP on OSDataset_transformed: T 2/3 | E 193/200 Ended | E Time: 54.869s | ~Time Left: 384.082s |  Train Loss: 0.2260 | Train Acc. 91.6308% | Test Loss: 0.2992 | Test Acc. 88.7477%
AdamP on OSDataset_transformed: T 2/3 | E 194/200 Ended | E Time: 55.097s | ~Time Left: 330.582s |  Train Loss: 0.2178 | Train Acc. 91.6156% | Test Loss: 0.3148 | Test Acc. 88.6872%
AdamP on OSDataset_transformed: T 2/3 | E 195/200 Ended | E Time: 54.856s | ~Time Left: 274.278s |  Train Loss: 0.2257 | Train Acc. 91.6308% | Test Loss: 0.2973 | Test Acc. 89.8972%
AdamP on OSDataset_transformed: T 2/3 | E 196/200 Ended | E Time: 54.895s | ~Time Left: 219.580s |  Train Loss: 0.2142 | Train Acc. 91.9710% | Test Loss: 0.4033 | Test Acc. 86.9933%
AdamP on OSDataset_transformed: T 2/3 | E 197/200 Ended | E Time: 55.041s | ~Time Left: 165.122s |  Train Loss: 0.2218 | Train Acc. 91.6081% | Test Loss: 0.3386 | Test Acc. 87.9008%
AdamP on OSDataset_transformed: T 2/3 | E 198/200 Ended | E Time: 54.669s | ~Time Left: 109.338s |  Train Loss: 0.2105 | Train Acc. 92.2280% | Test Loss: 0.3076 | Test Acc. 88.6267%
AdamP on OSDataset_transformed: T 2/3 | E 199/200 Ended | E Time: 54.857s | ~Time Left: 54.857s |  Train Loss: 0.2116 | Train Acc. 91.8954% | Test Loss: 0.3155 | Test Acc. 89.2317%
AdamP on OSDataset_transformed: T 2/3 | E 200/200 Ended | E Time: 54.693s | ~Time Left: 0.000s |  Train Loss: 0.2157 | Train Acc. 91.9785% | Test Loss: 0.3029 | Test Acc. 90.0181%
AdamP on OSDataset_transformed: T 3/3 | E 1/200 Ended | E Time: 54.516s | ~Time Left: 10848.784s |  Train Loss: 0.8189 | Train Acc. 69.8117% | Test Loss: 0.7571 | Test Acc. 71.9298%
AdamP on OSDataset_transformed: T 3/3 | E 2/200 Ended | E Time: 54.642s | ~Time Left: 10819.091s |  Train Loss: 0.6845 | Train Acc. 74.6730% | Test Loss: 0.6954 | Test Acc. 73.4422%
AdamP on OSDataset_transformed: T 3/3 | E 3/200 Ended | E Time: 54.562s | ~Time Left: 10748.747s |  Train Loss: 0.6349 | Train Acc. 76.9638% | Test Loss: 0.7234 | Test Acc. 71.3854%
AdamP on OSDataset_transformed: T 3/3 | E 4/200 Ended | E Time: 54.866s | ~Time Left: 10753.685s |  Train Loss: 0.6039 | Train Acc. 78.1281% | Test Loss: 0.7551 | Test Acc. 73.2607%
AdamP on OSDataset_transformed: T 3/3 | E 5/200 Ended | E Time: 54.584s | ~Time Left: 10643.970s |  Train Loss: 0.5766 | Train Acc. 79.3906% | Test Loss: 0.6393 | Test Acc. 77.7374%
AdamP on OSDataset_transformed: T 3/3 | E 6/200 Ended | E Time: 54.711s | ~Time Left: 10614.009s |  Train Loss: 0.5484 | Train Acc. 80.1542% | Test Loss: 0.5811 | Test Acc. 78.6449%
AdamP on OSDataset_transformed: T 3/3 | E 7/200 Ended | E Time: 54.743s | ~Time Left: 10565.320s |  Train Loss: 0.5305 | Train Acc. 80.9329% | Test Loss: 0.5774 | Test Acc. 79.4313%
AdamP on OSDataset_transformed: T 3/3 | E 8/200 Ended | E Time: 54.524s | ~Time Left: 10468.605s |  Train Loss: 0.5209 | Train Acc. 81.3790% | Test Loss: 0.5451 | Test Acc. 78.8264%
AdamP on OSDataset_transformed: T 3/3 | E 9/200 Ended | E Time: 54.719s | ~Time Left: 10451.385s |  Train Loss: 0.5087 | Train Acc. 82.1577% | Test Loss: 0.4840 | Test Acc. 82.6376%
AdamP on OSDataset_transformed: T 3/3 | E 10/200 Ended | E Time: 54.493s | ~Time Left: 10353.678s |  Train Loss: 0.4912 | Train Acc. 82.5055% | Test Loss: 0.5250 | Test Acc. 81.9117%
AdamP on OSDataset_transformed: T 3/3 | E 11/200 Ended | E Time: 54.816s | ~Time Left: 10360.272s |  Train Loss: 0.4812 | Train Acc. 82.9440% | Test Loss: 0.4710 | Test Acc. 82.6376%
AdamP on OSDataset_transformed: T 3/3 | E 12/200 Ended | E Time: 54.783s | ~Time Left: 10299.113s |  Train Loss: 0.4809 | Train Acc. 82.7323% | Test Loss: 0.5772 | Test Acc. 77.3745%
AdamP on OSDataset_transformed: T 3/3 | E 13/200 Ended | E Time: 54.758s | ~Time Left: 10239.777s |  Train Loss: 0.4716 | Train Acc. 83.2917% | Test Loss: 0.5327 | Test Acc. 80.6413%
AdamP on OSDataset_transformed: T 3/3 | E 14/200 Ended | E Time: 54.700s | ~Time Left: 10174.147s |  Train Loss: 0.4642 | Train Acc. 83.0423% | Test Loss: 0.5464 | Test Acc. 80.4598%
AdamP on OSDataset_transformed: T 3/3 | E 15/200 Ended | E Time: 54.593s | ~Time Left: 10099.705s |  Train Loss: 0.4600 | Train Acc. 83.4203% | Test Loss: 0.5292 | Test Acc. 80.4598%
AdamP on OSDataset_transformed: T 3/3 | E 16/200 Ended | E Time: 54.768s | ~Time Left: 10077.283s |  Train Loss: 0.4491 | Train Acc. 83.8588% | Test Loss: 0.4783 | Test Acc. 83.7266%
AdamP on OSDataset_transformed: T 3/3 | E 17/200 Ended | E Time: 54.596s | ~Time Left: 9991.144s |  Train Loss: 0.4455 | Train Acc. 84.0705% | Test Loss: 0.4783 | Test Acc. 82.0932%
AdamP on OSDataset_transformed: T 3/3 | E 18/200 Ended | E Time: 54.700s | ~Time Left: 9955.353s |  Train Loss: 0.4430 | Train Acc. 84.2897% | Test Loss: 0.4417 | Test Acc. 84.7550%
AdamP on OSDataset_transformed: T 3/3 | E 19/200 Ended | E Time: 54.818s | ~Time Left: 9922.020s |  Train Loss: 0.4382 | Train Acc. 84.4863% | Test Loss: 0.4313 | Test Acc. 84.3920%
AdamP on OSDataset_transformed: T 3/3 | E 20/200 Ended | E Time: 54.645s | ~Time Left: 9836.091s |  Train Loss: 0.4354 | Train Acc. 83.9873% | Test Loss: 0.4601 | Test Acc. 84.2105%
AdamP on OSDataset_transformed: T 3/3 | E 21/200 Ended | E Time: 54.845s | ~Time Left: 9817.268s |  Train Loss: 0.4307 | Train Acc. 84.7055% | Test Loss: 0.4838 | Test Acc. 82.4561%
AdamP on OSDataset_transformed: T 3/3 | E 22/200 Ended | E Time: 54.910s | ~Time Left: 9773.920s |  Train Loss: 0.4302 | Train Acc. 84.6299% | Test Loss: 0.4296 | Test Acc. 85.2995%
AdamP on OSDataset_transformed: T 3/3 | E 23/200 Ended | E Time: 54.865s | ~Time Left: 9711.138s |  Train Loss: 0.4186 | Train Acc. 84.7055% | Test Loss: 0.4812 | Test Acc. 83.1821%
AdamP on OSDataset_transformed: T 3/3 | E 24/200 Ended | E Time: 54.441s | ~Time Left: 9581.703s |  Train Loss: 0.4146 | Train Acc. 85.0760% | Test Loss: 0.4855 | Test Acc. 82.2142%
AdamP on OSDataset_transformed: T 3/3 | E 25/200 Ended | E Time: 54.574s | ~Time Left: 9550.466s |  Train Loss: 0.4099 | Train Acc. 85.0533% | Test Loss: 0.4221 | Test Acc. 85.5414%
AdamP on OSDataset_transformed: T 3/3 | E 26/200 Ended | E Time: 54.347s | ~Time Left: 9456.411s |  Train Loss: 0.4079 | Train Acc. 84.9853% | Test Loss: 0.4306 | Test Acc. 84.4525%
AdamP on OSDataset_transformed: T 3/3 | E 27/200 Ended | E Time: 54.769s | ~Time Left: 9475.116s |  Train Loss: 0.4127 | Train Acc. 84.7584% | Test Loss: 0.4167 | Test Acc. 85.9649%
AdamP on OSDataset_transformed: T 3/3 | E 28/200 Ended | E Time: 54.886s | ~Time Left: 9440.335s |  Train Loss: 0.4020 | Train Acc. 85.3784% | Test Loss: 0.3964 | Test Acc. 84.9365%
AdamP on OSDataset_transformed: T 3/3 | E 29/200 Ended | E Time: 54.652s | ~Time Left: 9345.576s |  Train Loss: 0.3987 | Train Acc. 85.5523% | Test Loss: 0.4273 | Test Acc. 85.2390%
AdamP on OSDataset_transformed: T 3/3 | E 30/200 Ended | E Time: 54.691s | ~Time Left: 9297.412s |  Train Loss: 0.3969 | Train Acc. 85.8320% | Test Loss: 0.4565 | Test Acc. 84.4525%
AdamP on OSDataset_transformed: T 3/3 | E 31/200 Ended | E Time: 54.899s | ~Time Left: 9277.899s |  Train Loss: 0.3881 | Train Acc. 86.0815% | Test Loss: 0.4003 | Test Acc. 86.0859%
AdamP on OSDataset_transformed: T 3/3 | E 32/200 Ended | E Time: 54.895s | ~Time Left: 9222.403s |  Train Loss: 0.3913 | Train Acc. 85.8018% | Test Loss: 0.5555 | Test Acc. 79.2498%
AdamP on OSDataset_transformed: T 3/3 | E 33/200 Ended | E Time: 55.026s | ~Time Left: 9189.344s |  Train Loss: 0.3905 | Train Acc. 85.7413% | Test Loss: 0.4394 | Test Acc. 84.2710%
AdamP on OSDataset_transformed: T 3/3 | E 34/200 Ended | E Time: 54.705s | ~Time Left: 9081.000s |  Train Loss: 0.3914 | Train Acc. 85.8093% | Test Loss: 0.4573 | Test Acc. 82.3956%
AdamP on OSDataset_transformed: T 3/3 | E 35/200 Ended | E Time: 54.811s | ~Time Left: 9043.815s |  Train Loss: 0.3778 | Train Acc. 86.3688% | Test Loss: 0.4402 | Test Acc. 83.3031%
AdamP on OSDataset_transformed: T 3/3 | E 36/200 Ended | E Time: 55.479s | ~Time Left: 9098.499s |  Train Loss: 0.3837 | Train Acc. 86.1269% | Test Loss: 0.4301 | Test Acc. 85.2995%
AdamP on OSDataset_transformed: T 3/3 | E 37/200 Ended | E Time: 54.463s | ~Time Left: 8877.530s |  Train Loss: 0.3798 | Train Acc. 86.3008% | Test Loss: 0.3803 | Test Acc. 86.3884%
AdamP on OSDataset_transformed: T 3/3 | E 38/200 Ended | E Time: 54.644s | ~Time Left: 8852.297s |  Train Loss: 0.3753 | Train Acc. 86.4444% | Test Loss: 0.4978 | Test Acc. 81.5487%
AdamP on OSDataset_transformed: T 3/3 | E 39/200 Ended | E Time: 54.598s | ~Time Left: 8790.311s |  Train Loss: 0.3697 | Train Acc. 86.8073% | Test Loss: 0.4017 | Test Acc. 85.2995%
AdamP on OSDataset_transformed: T 3/3 | E 40/200 Ended | E Time: 54.555s | ~Time Left: 8728.799s |  Train Loss: 0.3744 | Train Acc. 86.2856% | Test Loss: 0.4074 | Test Acc. 85.2995%
AdamP on OSDataset_transformed: T 3/3 | E 41/200 Ended | E Time: 55.055s | ~Time Left: 8753.721s |  Train Loss: 0.3742 | Train Acc. 86.4217% | Test Loss: 0.4086 | Test Acc. 85.7229%
AdamP on OSDataset_transformed: T 3/3 | E 42/200 Ended | E Time: 54.568s | ~Time Left: 8621.729s |  Train Loss: 0.3627 | Train Acc. 86.9434% | Test Loss: 0.4236 | Test Acc. 85.4809%
AdamP on OSDataset_transformed: T 3/3 | E 43/200 Ended | E Time: 54.575s | ~Time Left: 8568.256s |  Train Loss: 0.3676 | Train Acc. 86.6561% | Test Loss: 0.3973 | Test Acc. 84.8760%
AdamP on OSDataset_transformed: T 3/3 | E 44/200 Ended | E Time: 54.850s | ~Time Left: 8556.562s |  Train Loss: 0.3590 | Train Acc. 86.6636% | Test Loss: 0.6206 | Test Acc. 79.7338%
AdamP on OSDataset_transformed: T 3/3 | E 45/200 Ended | E Time: 55.858s | ~Time Left: 8658.013s |  Train Loss: 0.3676 | Train Acc. 86.7317% | Test Loss: 0.3952 | Test Acc. 86.0254%
AdamP on OSDataset_transformed: T 3/3 | E 46/200 Ended | E Time: 54.636s | ~Time Left: 8413.956s |  Train Loss: 0.3648 | Train Acc. 86.5502% | Test Loss: 0.4037 | Test Acc. 85.8439%
AdamP on OSDataset_transformed: T 3/3 | E 47/200 Ended | E Time: 55.001s | ~Time Left: 8415.168s |  Train Loss: 0.3589 | Train Acc. 87.0341% | Test Loss: 0.3827 | Test Acc. 86.5699%
AdamP on OSDataset_transformed: T 3/3 | E 48/200 Ended | E Time: 54.683s | ~Time Left: 8311.744s |  Train Loss: 0.3612 | Train Acc. 86.9283% | Test Loss: 0.3910 | Test Acc. 84.9970%
AdamP on OSDataset_transformed: T 3/3 | E 49/200 Ended | E Time: 54.780s | ~Time Left: 8271.844s |  Train Loss: 0.3627 | Train Acc. 86.8148% | Test Loss: 0.3879 | Test Acc. 85.9649%
AdamP on OSDataset_transformed: T 3/3 | E 50/200 Ended | E Time: 54.622s | ~Time Left: 8193.374s |  Train Loss: 0.3524 | Train Acc. 86.9963% | Test Loss: 0.4062 | Test Acc. 85.3599%
AdamP on OSDataset_transformed: T 3/3 | E 51/200 Ended | E Time: 54.678s | ~Time Left: 8147.014s |  Train Loss: 0.3516 | Train Acc. 86.9131% | Test Loss: 0.4088 | Test Acc. 85.2390%
AdamP on OSDataset_transformed: T 3/3 | E 52/200 Ended | E Time: 54.514s | ~Time Left: 8068.139s |  Train Loss: 0.3501 | Train Acc. 87.1777% | Test Loss: 0.4014 | Test Acc. 85.7834%
AdamP on OSDataset_transformed: T 3/3 | E 53/200 Ended | E Time: 54.666s | ~Time Left: 8035.830s |  Train Loss: 0.3469 | Train Acc. 87.5709% | Test Loss: 0.3698 | Test Acc. 86.4489%
AdamP on OSDataset_transformed: T 3/3 | E 54/200 Ended | E Time: 54.525s | ~Time Left: 7960.683s |  Train Loss: 0.3420 | Train Acc. 87.8052% | Test Loss: 0.4549 | Test Acc. 83.9685%
AdamP on OSDataset_transformed: T 3/3 | E 55/200 Ended | E Time: 54.742s | ~Time Left: 7937.561s |  Train Loss: 0.3406 | Train Acc. 87.6692% | Test Loss: 0.3986 | Test Acc. 85.8439%
AdamP on OSDataset_transformed: T 3/3 | E 56/200 Ended | E Time: 54.689s | ~Time Left: 7875.281s |  Train Loss: 0.3411 | Train Acc. 87.7145% | Test Loss: 0.5005 | Test Acc. 81.9722%
AdamP on OSDataset_transformed: T 3/3 | E 57/200 Ended | E Time: 54.517s | ~Time Left: 7795.961s |  Train Loss: 0.3486 | Train Acc. 87.2231% | Test Loss: 0.3831 | Test Acc. 86.4489%
AdamP on OSDataset_transformed: T 3/3 | E 58/200 Ended | E Time: 54.622s | ~Time Left: 7756.364s |  Train Loss: 0.3376 | Train Acc. 87.7296% | Test Loss: 0.5039 | Test Acc. 81.9117%
AdamP on OSDataset_transformed: T 3/3 | E 59/200 Ended | E Time: 54.684s | ~Time Left: 7710.420s |  Train Loss: 0.3384 | Train Acc. 87.6465% | Test Loss: 0.3656 | Test Acc. 87.7798%
AdamP on OSDataset_transformed: T 3/3 | E 60/200 Ended | E Time: 54.762s | ~Time Left: 7666.659s |  Train Loss: 0.3322 | Train Acc. 87.8809% | Test Loss: 0.4015 | Test Acc. 85.0575%
AdamP on OSDataset_transformed: T 3/3 | E 61/200 Ended | E Time: 54.585s | ~Time Left: 7587.358s |  Train Loss: 0.3385 | Train Acc. 88.0094% | Test Loss: 0.3721 | Test Acc. 86.9328%
AdamP on OSDataset_transformed: T 3/3 | E 62/200 Ended | E Time: 54.460s | ~Time Left: 7515.448s |  Train Loss: 0.3334 | Train Acc. 87.6162% | Test Loss: 0.3608 | Test Acc. 87.6588%
AdamP on OSDataset_transformed: T 3/3 | E 63/200 Ended | E Time: 54.905s | ~Time Left: 7521.987s |  Train Loss: 0.3294 | Train Acc. 88.0018% | Test Loss: 0.4413 | Test Acc. 85.1785%
AdamP on OSDataset_transformed: T 3/3 | E 64/200 Ended | E Time: 54.579s | ~Time Left: 7422.697s |  Train Loss: 0.3374 | Train Acc. 88.0472% | Test Loss: 0.3495 | Test Acc. 87.7193%
AdamP on OSDataset_transformed: T 3/3 | E 65/200 Ended | E Time: 54.664s | ~Time Left: 7379.699s |  Train Loss: 0.3323 | Train Acc. 87.9111% | Test Loss: 0.3846 | Test Acc. 87.1748%
AdamP on OSDataset_transformed: T 3/3 | E 66/200 Ended | E Time: 54.494s | ~Time Left: 7302.173s |  Train Loss: 0.3319 | Train Acc. 88.0472% | Test Loss: 0.3708 | Test Acc. 87.1748%
AdamP on OSDataset_transformed: T 3/3 | E 67/200 Ended | E Time: 54.939s | ~Time Left: 7306.866s |  Train Loss: 0.3327 | Train Acc. 87.8960% | Test Loss: 0.3475 | Test Acc. 88.8082%
AdamP on OSDataset_transformed: T 3/3 | E 68/200 Ended | E Time: 55.005s | ~Time Left: 7260.642s |  Train Loss: 0.3308 | Train Acc. 87.8128% | Test Loss: 0.3443 | Test Acc. 87.7193%
AdamP on OSDataset_transformed: T 3/3 | E 69/200 Ended | E Time: 54.560s | ~Time Left: 7147.309s |  Train Loss: 0.3237 | Train Acc. 87.8506% | Test Loss: 0.3607 | Test Acc. 87.3563%
AdamP on OSDataset_transformed: T 3/3 | E 70/200 Ended | E Time: 54.605s | ~Time Left: 7098.709s |  Train Loss: 0.3279 | Train Acc. 87.8204% | Test Loss: 0.3630 | Test Acc. 87.3563%
AdamP on OSDataset_transformed: T 3/3 | E 71/200 Ended | E Time: 54.987s | ~Time Left: 7093.316s |  Train Loss: 0.3252 | Train Acc. 87.9716% | Test Loss: 0.3430 | Test Acc. 87.5378%
slurmstepd: error: *** JOB 7068142 ON cdr2588 CANCELLED AT 2021-07-07T06:46:36 ***
