transferring data
Sun Jul  4 20:19:20 PDT 2021

Finished transferring
Sun Jul  4 20:19:21 PDT 2021

Adas: Argument Parser Options
---------------------------------------------
    config              : PostTrainingConfigs/PCam_transformed_testing/AdamP/lr-0.0002-config-AdamP.yaml
    data                : /localscratch/zhan8425.6958641.0        
    output              : ADP_post_trained/PCam_transformed/AdamP/output/fine_tuning
    checkpoint          : ADP_post_trained/PCam_transformed/AdamP/checkpoint/fine_tuning/lr-0.0002
    resume              : None                                    
    pretrained_model    : /home/zhan8425/projects/def-plato/zhan8425/HistoKT/.Adas-checkpoint/ADP/best_trial_2.pth.tar
    freeze_encoder      : 1                                       
    root                : .                                       
    save_freq           : 25                                      
    cpu                 : 0                                       
    gpu                 : 0                                       
    mpd                 : 0                                       
    dist_url            : tcp://127.0.0.1:23456                   
    dist_backend        : nccl                                    
    world_size          : -1                                      
    rank                : -1                                      
---------------------------------------------
Adas: Output dir ADP_post_trained/PCam_transformed/AdamP/output/fine_tuning does not exist, building
Adas: Notice: early stop will not be used as it was set to -1.0, training till completion
Adas: Experiment Configuration
---------------------------------------------
    dataset              PCam_transformed    
    network              ResNet18            
    optimizer            AdamP               
    scheduler            None                
    level                L3Only              
    color_kwargs         {'augmentation': 'Color-Distortion', 'distortion': 0.3}
    degree_of_rotation   45                  
    vertical_flipping    0.5                 
    horizontal_flipping  0.5                 
    horizontal_shift     0.1                 
    vertical_shift       0.1                 
    gaussian_blur        0                   
    kernel_size          9                   
    variance             0.1                 
    cutout               0                   
    n_holes              1                   
    cutout_length        16                  
    init_lr              0.0002              
    early_stop_threshold -1.0                
    optimizer_kwargs     {'weight_decay': 0.0005}
    scheduler_kwargs     {'gamma': 0.5, 'step_size': 20.0}
    p                    1                   
    start_trial          0                   
    n_trials             3                   
    num_workers          4                   
    max_epochs           200                 
    mini_batch_size      32                  
    loss                 cross_entropy       
    early_stop_patience  10                  
---------------------------------------------
Adas: Pytorch device is set to cuda
Train AUC: 0.757077
Valid AUC: 0.79665
AdamP on PCam_transformed: T 1/3 | E 1/200 Ended | E Time: 10.961s | ~Time Left: 2181.267s |  Train Loss: 0.5919 | Train Acc. 70.4000% | Test Loss: 0.8043 | Test Acc. 54.7500%
Train AUC: 0.83302
Valid AUC: 0.8308500000000001
AdamP on PCam_transformed: T 1/3 | E 2/200 Ended | E Time: 10.378s | ~Time Left: 2054.785s |  Train Loss: 0.5072 | Train Acc. 76.1000% | Test Loss: 0.5057 | Test Acc. 74.0000%
Train AUC: 0.838663
Valid AUC: 0.8289500000000001
AdamP on PCam_transformed: T 1/3 | E 3/200 Ended | E Time: 10.459s | ~Time Left: 2060.326s |  Train Loss: 0.5026 | Train Acc. 77.3500% | Test Loss: 0.4971 | Test Acc. 76.0000%
Train AUC: 0.8325980000000001
Valid AUC: 0.7868750000000001
AdamP on PCam_transformed: T 1/3 | E 4/200 Ended | E Time: 10.368s | ~Time Left: 2032.182s |  Train Loss: 0.5063 | Train Acc. 77.8500% | Test Loss: 0.5477 | Test Acc. 76.2500%
Train AUC: 0.847945
Valid AUC: 0.86285
AdamP on PCam_transformed: T 1/3 | E 5/200 Ended | E Time: 10.355s | ~Time Left: 2019.287s |  Train Loss: 0.4836 | Train Acc. 78.1000% | Test Loss: 0.4947 | Test Acc. 76.0000%
Train AUC: 0.863656
Valid AUC: 0.868575
AdamP on PCam_transformed: T 1/3 | E 6/200 Ended | E Time: 10.328s | ~Time Left: 2003.698s |  Train Loss: 0.4604 | Train Acc. 80.0000% | Test Loss: 0.4680 | Test Acc. 77.7500%
Train AUC: 0.8598239999999999
Valid AUC: 0.8521500000000001
AdamP on PCam_transformed: T 1/3 | E 7/200 Ended | E Time: 10.476s | ~Time Left: 2021.848s |  Train Loss: 0.4704 | Train Acc. 79.5500% | Test Loss: 0.4945 | Test Acc. 76.7500%
Train AUC: 0.843607
Valid AUC: 0.8405499999999999
AdamP on PCam_transformed: T 1/3 | E 8/200 Ended | E Time: 10.501s | ~Time Left: 2016.289s |  Train Loss: 0.4913 | Train Acc. 78.1000% | Test Loss: 0.5057 | Test Acc. 74.7500%
Train AUC: 0.8643019999999999
Valid AUC: 0.869075
AdamP on PCam_transformed: T 1/3 | E 9/200 Ended | E Time: 10.528s | ~Time Left: 2010.880s |  Train Loss: 0.4592 | Train Acc. 80.5500% | Test Loss: 0.4586 | Test Acc. 76.7500%
Train AUC: 0.8731699999999999
Valid AUC: 0.8593749999999999
AdamP on PCam_transformed: T 1/3 | E 10/200 Ended | E Time: 10.353s | ~Time Left: 1967.022s |  Train Loss: 0.4454 | Train Acc. 79.3500% | Test Loss: 0.4718 | Test Acc. 77.7500%
Train AUC: 0.873311
Valid AUC: 0.884825
AdamP on PCam_transformed: T 1/3 | E 11/200 Ended | E Time: 10.487s | ~Time Left: 1982.106s |  Train Loss: 0.4430 | Train Acc. 79.8000% | Test Loss: 0.4339 | Test Acc. 79.5000%
Train AUC: 0.8629129999999999
Valid AUC: 0.8618250000000001
AdamP on PCam_transformed: T 1/3 | E 12/200 Ended | E Time: 10.437s | ~Time Left: 1962.216s |  Train Loss: 0.4583 | Train Acc. 79.3000% | Test Loss: 0.4681 | Test Acc. 76.5000%
Train AUC: 0.8723709999999999
Valid AUC: 0.87765
AdamP on PCam_transformed: T 1/3 | E 13/200 Ended | E Time: 10.426s | ~Time Left: 1949.650s |  Train Loss: 0.4458 | Train Acc. 80.4500% | Test Loss: 0.4503 | Test Acc. 79.7500%
Train AUC: 0.888776
Valid AUC: 0.8613999999999999
AdamP on PCam_transformed: T 1/3 | E 14/200 Ended | E Time: 10.381s | ~Time Left: 1930.897s |  Train Loss: 0.4148 | Train Acc. 82.2500% | Test Loss: 0.5050 | Test Acc. 78.7500%
Train AUC: 0.876263
Valid AUC: 0.869925
AdamP on PCam_transformed: T 1/3 | E 15/200 Ended | E Time: 10.454s | ~Time Left: 1934.004s |  Train Loss: 0.4379 | Train Acc. 80.3500% | Test Loss: 0.4444 | Test Acc. 78.2500%
Train AUC: 0.8833949999999999
Valid AUC: 0.8803749999999999
AdamP on PCam_transformed: T 1/3 | E 16/200 Ended | E Time: 10.376s | ~Time Left: 1909.110s |  Train Loss: 0.4278 | Train Acc. 81.2000% | Test Loss: 0.4368 | Test Acc. 78.2500%
Train AUC: 0.8830560000000002
Valid AUC: 0.8625999999999999
AdamP on PCam_transformed: T 1/3 | E 17/200 Ended | E Time: 10.487s | ~Time Left: 1919.112s |  Train Loss: 0.4284 | Train Acc. 80.6500% | Test Loss: 0.4783 | Test Acc. 78.2500%
Train AUC: 0.894646
Valid AUC: 0.8835
AdamP on PCam_transformed: T 1/3 | E 18/200 Ended | E Time: 10.425s | ~Time Left: 1897.433s |  Train Loss: 0.4090 | Train Acc. 82.2500% | Test Loss: 0.4418 | Test Acc. 78.0000%
Train AUC: 0.885451
Valid AUC: 0.8741249999999999
AdamP on PCam_transformed: T 1/3 | E 19/200 Ended | E Time: 10.386s | ~Time Left: 1879.855s |  Train Loss: 0.4227 | Train Acc. 81.6000% | Test Loss: 0.4606 | Test Acc. 77.7500%
Train AUC: 0.895671
Valid AUC: 0.857075
AdamP on PCam_transformed: T 1/3 | E 20/200 Ended | E Time: 10.466s | ~Time Left: 1883.801s |  Train Loss: 0.4053 | Train Acc. 82.4000% | Test Loss: 0.4881 | Test Acc. 78.0000%
Train AUC: 0.903748
Valid AUC: 0.87585
AdamP on PCam_transformed: T 1/3 | E 21/200 Ended | E Time: 10.450s | ~Time Left: 1870.507s |  Train Loss: 0.3908 | Train Acc. 83.0000% | Test Loss: 0.4666 | Test Acc. 78.0000%
Train AUC: 0.8980129999999998
Valid AUC: 0.884275
AdamP on PCam_transformed: T 1/3 | E 22/200 Ended | E Time: 10.519s | ~Time Left: 1872.433s |  Train Loss: 0.4040 | Train Acc. 82.5000% | Test Loss: 0.4280 | Test Acc. 79.5000%
Train AUC: 0.903278
Valid AUC: 0.855775
AdamP on PCam_transformed: T 1/3 | E 23/200 Ended | E Time: 10.342s | ~Time Left: 1830.478s |  Train Loss: 0.3912 | Train Acc. 82.6500% | Test Loss: 0.5177 | Test Acc. 77.7500%
Train AUC: 0.8923819999999999
Valid AUC: 0.893575
AdamP on PCam_transformed: T 1/3 | E 24/200 Ended | E Time: 10.430s | ~Time Left: 1835.658s |  Train Loss: 0.4124 | Train Acc. 82.1000% | Test Loss: 0.4257 | Test Acc. 78.0000%
Train AUC: 0.9066339999999999
Valid AUC: 0.8661000000000001
AdamP on PCam_transformed: T 1/3 | E 25/200 Ended | E Time: 10.534s | ~Time Left: 1843.396s |  Train Loss: 0.3858 | Train Acc. 83.3000% | Test Loss: 0.4848 | Test Acc. 78.0000%
Train AUC: 0.9073940000000001
Valid AUC: 0.8928
AdamP on PCam_transformed: T 1/3 | E 26/200 Ended | E Time: 10.391s | ~Time Left: 1808.042s |  Train Loss: 0.3819 | Train Acc. 83.8500% | Test Loss: 0.4144 | Test Acc. 81.2500%
Train AUC: 0.9081100000000001
Valid AUC: 0.886925
AdamP on PCam_transformed: T 1/3 | E 27/200 Ended | E Time: 10.406s | ~Time Left: 1800.212s |  Train Loss: 0.3816 | Train Acc. 84.0000% | Test Loss: 0.4467 | Test Acc. 78.7500%
Train AUC: 0.906866
Valid AUC: 0.889425
AdamP on PCam_transformed: T 1/3 | E 28/200 Ended | E Time: 10.374s | ~Time Left: 1784.284s |  Train Loss: 0.3841 | Train Acc. 83.3000% | Test Loss: 0.4280 | Test Acc. 82.0000%
Train AUC: 0.9139550000000001
Valid AUC: 0.8803
AdamP on PCam_transformed: T 1/3 | E 29/200 Ended | E Time: 10.351s | ~Time Left: 1769.968s |  Train Loss: 0.3723 | Train Acc. 84.5000% | Test Loss: 0.4428 | Test Acc. 79.5000%
Train AUC: 0.913591
Valid AUC: 0.89755
AdamP on PCam_transformed: T 1/3 | E 30/200 Ended | E Time: 10.360s | ~Time Left: 1761.271s |  Train Loss: 0.3701 | Train Acc. 84.8000% | Test Loss: 0.4157 | Test Acc. 81.7500%
Train AUC: 0.9135359999999999
Valid AUC: 0.9067500000000001
AdamP on PCam_transformed: T 1/3 | E 31/200 Ended | E Time: 10.440s | ~Time Left: 1764.336s |  Train Loss: 0.3709 | Train Acc. 84.0500% | Test Loss: 0.3759 | Test Acc. 82.2500%
Train AUC: 0.914385
Valid AUC: 0.8851500000000001
AdamP on PCam_transformed: T 1/3 | E 32/200 Ended | E Time: 10.407s | ~Time Left: 1748.348s |  Train Loss: 0.3701 | Train Acc. 84.0000% | Test Loss: 0.4435 | Test Acc. 79.2500%
Train AUC: 0.9198989999999999
Valid AUC: 0.8998749999999999
AdamP on PCam_transformed: T 1/3 | E 33/200 Ended | E Time: 10.404s | ~Time Left: 1737.404s |  Train Loss: 0.3575 | Train Acc. 85.5000% | Test Loss: 0.4216 | Test Acc. 82.2500%
Train AUC: 0.914189
Valid AUC: 0.8930250000000001
AdamP on PCam_transformed: T 1/3 | E 34/200 Ended | E Time: 10.486s | ~Time Left: 1740.642s |  Train Loss: 0.3724 | Train Acc. 83.3000% | Test Loss: 0.4484 | Test Acc. 82.5000%
Train AUC: 0.920197
Valid AUC: 0.89995
AdamP on PCam_transformed: T 1/3 | E 35/200 Ended | E Time: 10.348s | ~Time Left: 1707.366s |  Train Loss: 0.3618 | Train Acc. 84.9500% | Test Loss: 0.4122 | Test Acc. 81.0000%
Train AUC: 0.920214
Valid AUC: 0.899625
AdamP on PCam_transformed: T 1/3 | E 36/200 Ended | E Time: 10.436s | ~Time Left: 1711.552s |  Train Loss: 0.3569 | Train Acc. 85.0000% | Test Loss: 0.4226 | Test Acc. 81.2500%
Train AUC: 0.9238669999999999
Valid AUC: 0.8811249999999999
AdamP on PCam_transformed: T 1/3 | E 37/200 Ended | E Time: 10.373s | ~Time Left: 1690.775s |  Train Loss: 0.3501 | Train Acc. 84.4500% | Test Loss: 0.4783 | Test Acc. 80.5000%
Train AUC: 0.9233609999999999
Valid AUC: 0.887775
AdamP on PCam_transformed: T 1/3 | E 38/200 Ended | E Time: 10.389s | ~Time Left: 1682.942s |  Train Loss: 0.3539 | Train Acc. 84.6500% | Test Loss: 0.4328 | Test Acc. 81.0000%
Train AUC: 0.92804
Valid AUC: 0.8864499999999998
AdamP on PCam_transformed: T 1/3 | E 39/200 Ended | E Time: 10.505s | ~Time Left: 1691.239s |  Train Loss: 0.3404 | Train Acc. 85.1500% | Test Loss: 0.4448 | Test Acc. 80.2500%
Train AUC: 0.924146
Valid AUC: 0.90975
AdamP on PCam_transformed: T 1/3 | E 40/200 Ended | E Time: 10.422s | ~Time Left: 1667.470s |  Train Loss: 0.3515 | Train Acc. 85.1500% | Test Loss: 0.4031 | Test Acc. 82.0000%
Train AUC: 0.933588
Valid AUC: 0.9070500000000001
AdamP on PCam_transformed: T 1/3 | E 41/200 Ended | E Time: 10.369s | ~Time Left: 1648.643s |  Train Loss: 0.3277 | Train Acc. 85.6500% | Test Loss: 0.3902 | Test Acc. 82.2500%
Train AUC: 0.929923
Valid AUC: 0.888825
AdamP on PCam_transformed: T 1/3 | E 42/200 Ended | E Time: 10.470s | ~Time Left: 1654.186s |  Train Loss: 0.3324 | Train Acc. 85.9500% | Test Loss: 0.4877 | Test Acc. 78.2500%
Train AUC: 0.924056
Valid AUC: 0.8907750000000001
AdamP on PCam_transformed: T 1/3 | E 43/200 Ended | E Time: 10.486s | ~Time Left: 1646.277s |  Train Loss: 0.3487 | Train Acc. 85.2500% | Test Loss: 0.4399 | Test Acc. 78.7500%
Train AUC: 0.9336900000000001
Valid AUC: 0.9004
AdamP on PCam_transformed: T 1/3 | E 44/200 Ended | E Time: 10.438s | ~Time Left: 1628.345s |  Train Loss: 0.3242 | Train Acc. 86.3000% | Test Loss: 0.4241 | Test Acc. 82.0000%
Train AUC: 0.935595
Valid AUC: 0.900925
AdamP on PCam_transformed: T 1/3 | E 45/200 Ended | E Time: 10.478s | ~Time Left: 1624.111s |  Train Loss: 0.3247 | Train Acc. 86.1500% | Test Loss: 0.4105 | Test Acc. 81.0000%
Train AUC: 0.933458
Valid AUC: 0.8952
AdamP on PCam_transformed: T 1/3 | E 46/200 Ended | E Time: 10.458s | ~Time Left: 1610.554s |  Train Loss: 0.3290 | Train Acc. 86.7000% | Test Loss: 0.4308 | Test Acc. 79.2500%
Train AUC: 0.9292819999999999
Valid AUC: 0.88615
AdamP on PCam_transformed: T 1/3 | E 47/200 Ended | E Time: 10.343s | ~Time Left: 1582.452s |  Train Loss: 0.3389 | Train Acc. 85.6000% | Test Loss: 0.4552 | Test Acc. 78.7500%
Train AUC: 0.9317369999999999
Valid AUC: 0.9065
AdamP on PCam_transformed: T 1/3 | E 48/200 Ended | E Time: 10.365s | ~Time Left: 1575.555s |  Train Loss: 0.3317 | Train Acc. 86.6000% | Test Loss: 0.4217 | Test Acc. 80.0000%
Train AUC: 0.9269550000000001
Valid AUC: 0.8993
AdamP on PCam_transformed: T 1/3 | E 49/200 Ended | E Time: 10.390s | ~Time Left: 1568.834s |  Train Loss: 0.3439 | Train Acc. 85.3500% | Test Loss: 0.4166 | Test Acc. 78.2500%
Train AUC: 0.928852
Valid AUC: 0.878575
AdamP on PCam_transformed: T 1/3 | E 50/200 Ended | E Time: 10.400s | ~Time Left: 1559.962s |  Train Loss: 0.3382 | Train Acc. 85.3000% | Test Loss: 0.4440 | Test Acc. 78.2500%
Train AUC: 0.932355
Valid AUC: 0.9021
AdamP on PCam_transformed: T 1/3 | E 51/200 Ended | E Time: 10.506s | ~Time Left: 1565.363s |  Train Loss: 0.3300 | Train Acc. 85.6000% | Test Loss: 0.4220 | Test Acc. 81.5000%
Train AUC: 0.937283
Valid AUC: 0.902325
AdamP on PCam_transformed: T 1/3 | E 52/200 Ended | E Time: 10.437s | ~Time Left: 1544.636s |  Train Loss: 0.3179 | Train Acc. 86.5000% | Test Loss: 0.4354 | Test Acc. 80.5000%
Train AUC: 0.9348039999999999
Valid AUC: 0.9005
AdamP on PCam_transformed: T 1/3 | E 53/200 Ended | E Time: 10.454s | ~Time Left: 1536.779s |  Train Loss: 0.3225 | Train Acc. 86.0000% | Test Loss: 0.4294 | Test Acc. 81.0000%
Train AUC: 0.9301320000000001
Valid AUC: 0.8933749999999999
AdamP on PCam_transformed: T 1/3 | E 54/200 Ended | E Time: 10.801s | ~Time Left: 1577.012s |  Train Loss: 0.3344 | Train Acc. 85.6000% | Test Loss: 0.5231 | Test Acc. 78.0000%
Train AUC: 0.940356
Valid AUC: 0.90225
AdamP on PCam_transformed: T 1/3 | E 55/200 Ended | E Time: 10.381s | ~Time Left: 1505.202s |  Train Loss: 0.3108 | Train Acc. 87.1500% | Test Loss: 0.4240 | Test Acc. 80.2500%
Train AUC: 0.9366380000000001
Valid AUC: 0.881425
AdamP on PCam_transformed: T 1/3 | E 56/200 Ended | E Time: 10.423s | ~Time Left: 1500.861s |  Train Loss: 0.3183 | Train Acc. 86.9000% | Test Loss: 0.4436 | Test Acc. 78.0000%
Train AUC: 0.9309289999999999
Valid AUC: 0.9046000000000001
AdamP on PCam_transformed: T 1/3 | E 57/200 Ended | E Time: 10.420s | ~Time Left: 1490.112s |  Train Loss: 0.3332 | Train Acc. 85.2000% | Test Loss: 0.4196 | Test Acc. 80.0000%
Train AUC: 0.940586
Valid AUC: 0.9037
AdamP on PCam_transformed: T 1/3 | E 58/200 Ended | E Time: 10.413s | ~Time Left: 1478.680s |  Train Loss: 0.3104 | Train Acc. 86.6000% | Test Loss: 0.3934 | Test Acc. 81.5000%
Train AUC: 0.9421259999999999
Valid AUC: 0.8887250000000001
AdamP on PCam_transformed: T 1/3 | E 59/200 Ended | E Time: 10.369s | ~Time Left: 1462.065s |  Train Loss: 0.3029 | Train Acc. 87.4500% | Test Loss: 0.4562 | Test Acc. 78.7500%
Train AUC: 0.940206
Valid AUC: 0.8934
AdamP on PCam_transformed: T 1/3 | E 60/200 Ended | E Time: 10.372s | ~Time Left: 1452.083s |  Train Loss: 0.3092 | Train Acc. 86.6500% | Test Loss: 0.4799 | Test Acc. 78.5000%
Train AUC: 0.9387719999999999
Valid AUC: 0.8998999999999999
AdamP on PCam_transformed: T 1/3 | E 61/200 Ended | E Time: 10.407s | ~Time Left: 1446.613s |  Train Loss: 0.3100 | Train Acc. 86.2500% | Test Loss: 0.4210 | Test Acc. 81.2500%
Train AUC: 0.946128
Valid AUC: 0.891375
AdamP on PCam_transformed: T 1/3 | E 62/200 Ended | E Time: 10.447s | ~Time Left: 1441.747s |  Train Loss: 0.2936 | Train Acc. 87.9000% | Test Loss: 0.4484 | Test Acc. 80.0000%
Train AUC: 0.9459069999999999
Valid AUC: 0.8931250000000001
AdamP on PCam_transformed: T 1/3 | E 63/200 Ended | E Time: 10.510s | ~Time Left: 1439.873s |  Train Loss: 0.2956 | Train Acc. 87.9500% | Test Loss: 0.4221 | Test Acc. 80.5000%
Train AUC: 0.942995
Valid AUC: 0.911525
AdamP on PCam_transformed: T 1/3 | E 64/200 Ended | E Time: 10.414s | ~Time Left: 1416.338s |  Train Loss: 0.3020 | Train Acc. 87.5000% | Test Loss: 0.4050 | Test Acc. 80.5000%
Train AUC: 0.9486610000000001
Valid AUC: 0.901875
AdamP on PCam_transformed: T 1/3 | E 65/200 Ended | E Time: 10.372s | ~Time Left: 1400.202s |  Train Loss: 0.2893 | Train Acc. 88.1000% | Test Loss: 0.4094 | Test Acc. 81.0000%
Train AUC: 0.947946
Valid AUC: 0.886575
AdamP on PCam_transformed: T 1/3 | E 66/200 Ended | E Time: 10.395s | ~Time Left: 1392.914s |  Train Loss: 0.2904 | Train Acc. 87.4000% | Test Loss: 0.4380 | Test Acc. 80.0000%
Train AUC: 0.954099
Valid AUC: 0.90615
AdamP on PCam_transformed: T 1/3 | E 67/200 Ended | E Time: 10.361s | ~Time Left: 1378.024s |  Train Loss: 0.2716 | Train Acc. 88.5000% | Test Loss: 0.4388 | Test Acc. 81.5000%
Train AUC: 0.953097
Valid AUC: 0.881475
AdamP on PCam_transformed: T 1/3 | E 68/200 Ended | E Time: 10.462s | ~Time Left: 1381.021s |  Train Loss: 0.2780 | Train Acc. 88.5000% | Test Loss: 0.4928 | Test Acc. 80.7500%
Train AUC: 0.950366
Valid AUC: 0.892475
AdamP on PCam_transformed: T 1/3 | E 69/200 Ended | E Time: 10.467s | ~Time Left: 1371.227s |  Train Loss: 0.2834 | Train Acc. 88.0500% | Test Loss: 0.4683 | Test Acc. 81.2500%
Train AUC: 0.9462149999999999
Valid AUC: 0.902825
AdamP on PCam_transformed: T 1/3 | E 70/200 Ended | E Time: 10.379s | ~Time Left: 1349.294s |  Train Loss: 0.2973 | Train Acc. 88.2500% | Test Loss: 0.4477 | Test Acc. 80.7500%
Train AUC: 0.9524170000000002
Valid AUC: 0.8847
AdamP on PCam_transformed: T 1/3 | E 71/200 Ended | E Time: 10.373s | ~Time Left: 1338.061s |  Train Loss: 0.2777 | Train Acc. 88.7000% | Test Loss: 0.5400 | Test Acc. 77.2500%
Train AUC: 0.9514309999999998
Valid AUC: 0.9051250000000001
AdamP on PCam_transformed: T 1/3 | E 72/200 Ended | E Time: 10.408s | ~Time Left: 1332.194s |  Train Loss: 0.2777 | Train Acc. 88.0000% | Test Loss: 0.4714 | Test Acc. 81.0000%
Train AUC: 0.953069
Valid AUC: 0.915975
AdamP on PCam_transformed: T 1/3 | E 73/200 Ended | E Time: 10.427s | ~Time Left: 1324.273s |  Train Loss: 0.2776 | Train Acc. 88.5500% | Test Loss: 0.3722 | Test Acc. 80.7500%
Train AUC: 0.952106
Valid AUC: 0.899125
AdamP on PCam_transformed: T 1/3 | E 74/200 Ended | E Time: 10.413s | ~Time Left: 1312.101s |  Train Loss: 0.2784 | Train Acc. 88.2500% | Test Loss: 0.4216 | Test Acc. 80.7500%
Train AUC: 0.95184
Valid AUC: 0.889
AdamP on PCam_transformed: T 1/3 | E 75/200 Ended | E Time: 10.428s | ~Time Left: 1303.536s |  Train Loss: 0.2809 | Train Acc. 88.5000% | Test Loss: 0.5492 | Test Acc. 78.5000%
Train AUC: 0.951999
Valid AUC: 0.901025
AdamP on PCam_transformed: T 1/3 | E 76/200 Ended | E Time: 10.489s | ~Time Left: 1300.637s |  Train Loss: 0.2796 | Train Acc. 87.9500% | Test Loss: 0.4394 | Test Acc. 82.7500%
Train AUC: 0.956164
Valid AUC: 0.890375
AdamP on PCam_transformed: T 1/3 | E 77/200 Ended | E Time: 10.399s | ~Time Left: 1279.097s |  Train Loss: 0.2677 | Train Acc. 88.6500% | Test Loss: 0.4442 | Test Acc. 81.2500%
Train AUC: 0.9555819999999999
Valid AUC: 0.901825
AdamP on PCam_transformed: T 1/3 | E 78/200 Ended | E Time: 10.375s | ~Time Left: 1265.710s |  Train Loss: 0.2693 | Train Acc. 88.6500% | Test Loss: 0.4469 | Test Acc. 78.7500%
Train AUC: 0.966018
Valid AUC: 0.89575
AdamP on PCam_transformed: T 1/3 | E 79/200 Ended | E Time: 10.520s | ~Time Left: 1272.951s |  Train Loss: 0.2367 | Train Acc. 90.9500% | Test Loss: 0.4316 | Test Acc. 80.7500%
Train AUC: 0.955609
Valid AUC: 0.88775
AdamP on PCam_transformed: T 1/3 | E 80/200 Ended | E Time: 10.352s | ~Time Left: 1242.243s |  Train Loss: 0.2684 | Train Acc. 88.3000% | Test Loss: 0.5334 | Test Acc. 78.7500%
Train AUC: 0.9627239999999999
Valid AUC: 0.8986749999999999
AdamP on PCam_transformed: T 1/3 | E 81/200 Ended | E Time: 10.492s | ~Time Left: 1248.525s |  Train Loss: 0.2495 | Train Acc. 89.2500% | Test Loss: 0.4593 | Test Acc. 81.2500%
Train AUC: 0.955789
Valid AUC: 0.903
AdamP on PCam_transformed: T 1/3 | E 82/200 Ended | E Time: 10.543s | ~Time Left: 1244.096s |  Train Loss: 0.2676 | Train Acc. 88.5000% | Test Loss: 0.4529 | Test Acc. 79.2500%
Train AUC: 0.9582609999999999
Valid AUC: 0.9058499999999999
AdamP on PCam_transformed: T 1/3 | E 83/200 Ended | E Time: 10.401s | ~Time Left: 1216.938s |  Train Loss: 0.2619 | Train Acc. 89.2500% | Test Loss: 0.4528 | Test Acc. 83.0000%
Train AUC: 0.9544919999999999
Valid AUC: 0.9067000000000001
AdamP on PCam_transformed: T 1/3 | E 84/200 Ended | E Time: 10.350s | ~Time Left: 1200.658s |  Train Loss: 0.2692 | Train Acc. 88.7500% | Test Loss: 0.4644 | Test Acc. 80.2500%
Train AUC: 0.9639790000000001
Valid AUC: 0.887325
AdamP on PCam_transformed: T 1/3 | E 85/200 Ended | E Time: 10.425s | ~Time Left: 1198.925s |  Train Loss: 0.2407 | Train Acc. 89.5000% | Test Loss: 0.4899 | Test Acc. 77.5000%
Train AUC: 0.9625150000000001
Valid AUC: 0.914825
AdamP on PCam_transformed: T 1/3 | E 86/200 Ended | E Time: 10.476s | ~Time Left: 1194.243s |  Train Loss: 0.2489 | Train Acc. 89.6000% | Test Loss: 0.4517 | Test Acc. 84.0000%
Train AUC: 0.9644540000000001
Valid AUC: 0.8993500000000001
AdamP on PCam_transformed: T 1/3 | E 87/200 Ended | E Time: 10.305s | ~Time Left: 1164.479s |  Train Loss: 0.2417 | Train Acc. 89.8000% | Test Loss: 0.5227 | Test Acc. 81.5000%
Train AUC: 0.961525
Valid AUC: 0.908975
AdamP on PCam_transformed: T 1/3 | E 88/200 Ended | E Time: 10.475s | ~Time Left: 1173.223s |  Train Loss: 0.2490 | Train Acc. 89.3000% | Test Loss: 0.4168 | Test Acc. 81.7500%
Train AUC: 0.9623109999999999
Valid AUC: 0.890775
AdamP on PCam_transformed: T 1/3 | E 89/200 Ended | E Time: 10.424s | ~Time Left: 1157.075s |  Train Loss: 0.2463 | Train Acc. 89.5000% | Test Loss: 0.5853 | Test Acc. 76.5000%
Train AUC: 0.9626880000000001
Valid AUC: 0.9004749999999999
AdamP on PCam_transformed: T 1/3 | E 90/200 Ended | E Time: 10.409s | ~Time Left: 1144.947s |  Train Loss: 0.2451 | Train Acc. 90.1500% | Test Loss: 0.4545 | Test Acc. 81.7500%
Train AUC: 0.9671259999999999
Valid AUC: 0.908925
AdamP on PCam_transformed: T 1/3 | E 91/200 Ended | E Time: 10.434s | ~Time Left: 1137.319s |  Train Loss: 0.2317 | Train Acc. 90.5500% | Test Loss: 0.5044 | Test Acc. 81.2500%
Train AUC: 0.963289
Valid AUC: 0.8879
AdamP on PCam_transformed: T 1/3 | E 92/200 Ended | E Time: 10.384s | ~Time Left: 1121.420s |  Train Loss: 0.2431 | Train Acc. 90.0500% | Test Loss: 0.5570 | Test Acc. 76.5000%
Train AUC: 0.970746
Valid AUC: 0.9192
AdamP on PCam_transformed: T 1/3 | E 93/200 Ended | E Time: 10.661s | ~Time Left: 1140.763s |  Train Loss: 0.2182 | Train Acc. 90.6500% | Test Loss: 0.5059 | Test Acc. 82.0000%
Train AUC: 0.96733
Valid AUC: 0.8981999999999999
AdamP on PCam_transformed: T 1/3 | E 94/200 Ended | E Time: 10.447s | ~Time Left: 1107.353s |  Train Loss: 0.2326 | Train Acc. 90.4500% | Test Loss: 0.4520 | Test Acc. 79.7500%
Train AUC: 0.9673309999999999
Valid AUC: 0.9086500000000001
AdamP on PCam_transformed: T 1/3 | E 95/200 Ended | E Time: 10.460s | ~Time Left: 1098.346s |  Train Loss: 0.2298 | Train Acc. 90.8000% | Test Loss: 0.4089 | Test Acc. 83.2500%
Train AUC: 0.9711810000000001
Valid AUC: 0.8928249999999999
AdamP on PCam_transformed: T 1/3 | E 96/200 Ended | E Time: 10.457s | ~Time Left: 1087.521s |  Train Loss: 0.2182 | Train Acc. 90.5000% | Test Loss: 0.4934 | Test Acc. 81.5000%
Train AUC: 0.967715
Valid AUC: 0.9155249999999999
AdamP on PCam_transformed: T 1/3 | E 97/200 Ended | E Time: 10.483s | ~Time Left: 1079.771s |  Train Loss: 0.2285 | Train Acc. 90.9500% | Test Loss: 0.4792 | Test Acc. 82.0000%
Train AUC: 0.971766
Valid AUC: 0.8814000000000001
AdamP on PCam_transformed: T 1/3 | E 98/200 Ended | E Time: 10.410s | ~Time Left: 1061.803s |  Train Loss: 0.2157 | Train Acc. 91.2500% | Test Loss: 0.6468 | Test Acc. 77.7500%
Train AUC: 0.9727990000000001
Valid AUC: 0.8996
AdamP on PCam_transformed: T 1/3 | E 99/200 Ended | E Time: 10.444s | ~Time Left: 1054.869s |  Train Loss: 0.2119 | Train Acc. 91.2000% | Test Loss: 0.5684 | Test Acc. 79.2500%
Train AUC: 0.9701390000000001
Valid AUC: 0.909575
AdamP on PCam_transformed: T 1/3 | E 100/200 Ended | E Time: 10.455s | ~Time Left: 1045.488s |  Train Loss: 0.2186 | Train Acc. 91.6500% | Test Loss: 0.4290 | Test Acc. 83.5000%
Train AUC: 0.9681470000000001
Valid AUC: 0.91285
AdamP on PCam_transformed: T 1/3 | E 101/200 Ended | E Time: 10.455s | ~Time Left: 1035.019s |  Train Loss: 0.2301 | Train Acc. 90.6500% | Test Loss: 0.4832 | Test Acc. 83.7500%
Train AUC: 0.9727250000000001
Valid AUC: 0.8814000000000001
AdamP on PCam_transformed: T 1/3 | E 102/200 Ended | E Time: 10.464s | ~Time Left: 1025.438s |  Train Loss: 0.2103 | Train Acc. 91.4000% | Test Loss: 0.5058 | Test Acc. 78.2500%
Train AUC: 0.9711770000000001
Valid AUC: 0.92485
AdamP on PCam_transformed: T 1/3 | E 103/200 Ended | E Time: 10.369s | ~Time Left: 1005.777s |  Train Loss: 0.2158 | Train Acc. 90.8000% | Test Loss: 0.3778 | Test Acc. 84.2500%
Train AUC: 0.9745210000000001
Valid AUC: 0.9172
AdamP on PCam_transformed: T 1/3 | E 104/200 Ended | E Time: 10.370s | ~Time Left: 995.517s |  Train Loss: 0.2054 | Train Acc. 91.6000% | Test Loss: 0.4635 | Test Acc. 81.7500%
Train AUC: 0.968906
Valid AUC: 0.8944249999999999
AdamP on PCam_transformed: T 1/3 | E 105/200 Ended | E Time: 10.434s | ~Time Left: 991.265s |  Train Loss: 0.2241 | Train Acc. 90.8500% | Test Loss: 0.4706 | Test Acc. 80.7500%
Train AUC: 0.972879
Valid AUC: 0.9038750000000001
AdamP on PCam_transformed: T 1/3 | E 106/200 Ended | E Time: 10.382s | ~Time Left: 975.926s |  Train Loss: 0.2129 | Train Acc. 91.3000% | Test Loss: 0.4552 | Test Acc. 81.7500%
Train AUC: 0.970168
Valid AUC: 0.902725
AdamP on PCam_transformed: T 1/3 | E 107/200 Ended | E Time: 10.387s | ~Time Left: 966.009s |  Train Loss: 0.2154 | Train Acc. 92.1000% | Test Loss: 0.4766 | Test Acc. 81.5000%
Train AUC: 0.9733040000000001
Valid AUC: 0.8858499999999999
AdamP on PCam_transformed: T 1/3 | E 108/200 Ended | E Time: 10.317s | ~Time Left: 949.187s |  Train Loss: 0.2079 | Train Acc. 91.7500% | Test Loss: 0.5235 | Test Acc. 81.2500%
Train AUC: 0.9764660000000001
Valid AUC: 0.906425
AdamP on PCam_transformed: T 1/3 | E 109/200 Ended | E Time: 10.363s | ~Time Left: 943.022s |  Train Loss: 0.1972 | Train Acc. 92.3500% | Test Loss: 0.4672 | Test Acc. 82.5000%
Train AUC: 0.971902
Valid AUC: 0.8998250000000001
AdamP on PCam_transformed: T 1/3 | E 110/200 Ended | E Time: 10.529s | ~Time Left: 947.621s |  Train Loss: 0.2157 | Train Acc. 90.9500% | Test Loss: 0.5533 | Test Acc. 80.7500%
Train AUC: 0.974805
Valid AUC: 0.9143749999999999
AdamP on PCam_transformed: T 1/3 | E 111/200 Ended | E Time: 10.343s | ~Time Left: 920.512s |  Train Loss: 0.2034 | Train Acc. 91.7000% | Test Loss: 0.4794 | Test Acc. 82.0000%
Train AUC: 0.9775449999999999
Valid AUC: 0.9207
AdamP on PCam_transformed: T 1/3 | E 112/200 Ended | E Time: 10.307s | ~Time Left: 907.020s |  Train Loss: 0.1901 | Train Acc. 92.0000% | Test Loss: 0.6490 | Test Acc. 81.7500%
Train AUC: 0.97851
Valid AUC: 0.9085
AdamP on PCam_transformed: T 1/3 | E 113/200 Ended | E Time: 10.392s | ~Time Left: 904.087s |  Train Loss: 0.1847 | Train Acc. 92.9500% | Test Loss: 0.4894 | Test Acc. 79.7500%
Train AUC: 0.9790949999999999
Valid AUC: 0.9163
AdamP on PCam_transformed: T 1/3 | E 114/200 Ended | E Time: 10.360s | ~Time Left: 890.973s |  Train Loss: 0.1847 | Train Acc. 92.3000% | Test Loss: 0.4749 | Test Acc. 82.5000%
Train AUC: 0.975143
Valid AUC: 0.915725
AdamP on PCam_transformed: T 1/3 | E 115/200 Ended | E Time: 10.481s | ~Time Left: 890.913s |  Train Loss: 0.1989 | Train Acc. 92.6000% | Test Loss: 0.4335 | Test Acc. 83.5000%
Train AUC: 0.983948
Valid AUC: 0.898975
AdamP on PCam_transformed: T 1/3 | E 116/200 Ended | E Time: 10.518s | ~Time Left: 883.498s |  Train Loss: 0.1630 | Train Acc. 93.5500% | Test Loss: 0.5957 | Test Acc. 80.2500%
Train AUC: 0.9756440000000001
Valid AUC: 0.92035
AdamP on PCam_transformed: T 1/3 | E 117/200 Ended | E Time: 10.375s | ~Time Left: 861.156s |  Train Loss: 0.1971 | Train Acc. 91.2500% | Test Loss: 0.4412 | Test Acc. 83.2500%
Train AUC: 0.9778199999999999
Valid AUC: 0.89595
AdamP on PCam_transformed: T 1/3 | E 118/200 Ended | E Time: 10.432s | ~Time Left: 855.456s |  Train Loss: 0.1887 | Train Acc. 92.4000% | Test Loss: 0.5423 | Test Acc. 80.2500%
Train AUC: 0.981074
Valid AUC: 0.9185499999999999
AdamP on PCam_transformed: T 1/3 | E 119/200 Ended | E Time: 10.398s | ~Time Left: 842.245s |  Train Loss: 0.1738 | Train Acc. 93.3500% | Test Loss: 0.4459 | Test Acc. 82.2500%
Train AUC: 0.983085
Valid AUC: 0.8981250000000001
AdamP on PCam_transformed: T 1/3 | E 120/200 Ended | E Time: 10.394s | ~Time Left: 831.523s |  Train Loss: 0.1673 | Train Acc. 93.2000% | Test Loss: 0.5995 | Test Acc. 80.7500%
Train AUC: 0.9803919999999999
Valid AUC: 0.8714750000000001
AdamP on PCam_transformed: T 1/3 | E 121/200 Ended | E Time: 10.393s | ~Time Left: 821.018s |  Train Loss: 0.1794 | Train Acc. 92.3000% | Test Loss: 0.7346 | Test Acc. 78.2500%
Train AUC: 0.9803040000000001
Valid AUC: 0.9173250000000001
AdamP on PCam_transformed: T 1/3 | E 122/200 Ended | E Time: 10.331s | ~Time Left: 805.795s |  Train Loss: 0.1763 | Train Acc. 93.4500% | Test Loss: 0.4672 | Test Acc. 82.5000%
Train AUC: 0.9816649999999999
Valid AUC: 0.8859499999999999
AdamP on PCam_transformed: T 1/3 | E 123/200 Ended | E Time: 10.444s | ~Time Left: 804.150s |  Train Loss: 0.1723 | Train Acc. 93.7500% | Test Loss: 0.5339 | Test Acc. 80.0000%
Train AUC: 0.979727
Valid AUC: 0.8882999999999999
AdamP on PCam_transformed: T 1/3 | E 124/200 Ended | E Time: 10.335s | ~Time Left: 785.452s |  Train Loss: 0.1811 | Train Acc. 92.9500% | Test Loss: 0.6664 | Test Acc. 79.7500%
Train AUC: 0.985447
Valid AUC: 0.9046000000000001
AdamP on PCam_transformed: T 1/3 | E 125/200 Ended | E Time: 10.342s | ~Time Left: 775.642s |  Train Loss: 0.1551 | Train Acc. 93.5000% | Test Loss: 0.4966 | Test Acc. 82.0000%
Train AUC: 0.9849960000000001
Valid AUC: 0.9198749999999999
AdamP on PCam_transformed: T 1/3 | E 126/200 Ended | E Time: 10.431s | ~Time Left: 771.911s |  Train Loss: 0.1548 | Train Acc. 93.5500% | Test Loss: 0.4611 | Test Acc. 83.2500%
Train AUC: 0.9812190000000001
Valid AUC: 0.917675
AdamP on PCam_transformed: T 1/3 | E 127/200 Ended | E Time: 10.310s | ~Time Left: 752.634s |  Train Loss: 0.1717 | Train Acc. 93.4500% | Test Loss: 0.4735 | Test Acc. 82.5000%
Train AUC: 0.9866019999999999
Valid AUC: 0.904275
AdamP on PCam_transformed: T 1/3 | E 128/200 Ended | E Time: 10.388s | ~Time Left: 747.946s |  Train Loss: 0.1481 | Train Acc. 93.8000% | Test Loss: 0.6335 | Test Acc. 78.0000%
Train AUC: 0.986845
Valid AUC: 0.8920250000000001
AdamP on PCam_transformed: T 1/3 | E 129/200 Ended | E Time: 10.381s | ~Time Left: 737.060s |  Train Loss: 0.1453 | Train Acc. 93.9000% | Test Loss: 0.6960 | Test Acc. 77.0000%
Train AUC: 0.9831840000000001
Valid AUC: 0.8864999999999998
AdamP on PCam_transformed: T 1/3 | E 130/200 Ended | E Time: 10.444s | ~Time Left: 731.052s |  Train Loss: 0.1649 | Train Acc. 93.9500% | Test Loss: 0.5825 | Test Acc. 80.7500%
Train AUC: 0.985198
Valid AUC: 0.9231
AdamP on PCam_transformed: T 1/3 | E 131/200 Ended | E Time: 10.327s | ~Time Left: 712.550s |  Train Loss: 0.1531 | Train Acc. 94.2000% | Test Loss: 0.4773 | Test Acc. 84.7500%
Train AUC: 0.9848720000000001
Valid AUC: 0.882625
AdamP on PCam_transformed: T 1/3 | E 132/200 Ended | E Time: 10.363s | ~Time Left: 704.700s |  Train Loss: 0.1554 | Train Acc. 94.0500% | Test Loss: 0.7883 | Test Acc. 77.7500%
Train AUC: 0.98709
Valid AUC: 0.89685
AdamP on PCam_transformed: T 1/3 | E 133/200 Ended | E Time: 10.443s | ~Time Left: 699.682s |  Train Loss: 0.1441 | Train Acc. 93.9000% | Test Loss: 0.6346 | Test Acc. 83.0000%
Train AUC: 0.9860500000000001
Valid AUC: 0.906425
AdamP on PCam_transformed: T 1/3 | E 134/200 Ended | E Time: 10.381s | ~Time Left: 685.159s |  Train Loss: 0.1492 | Train Acc. 93.7500% | Test Loss: 0.5347 | Test Acc. 83.2500%
Train AUC: 0.9839490000000001
Valid AUC: 0.879125
AdamP on PCam_transformed: T 1/3 | E 135/200 Ended | E Time: 10.433s | ~Time Left: 678.161s |  Train Loss: 0.1597 | Train Acc. 93.9500% | Test Loss: 0.5875 | Test Acc. 79.0000%
Train AUC: 0.9889539999999999
Valid AUC: 0.8975000000000001
AdamP on PCam_transformed: T 1/3 | E 136/200 Ended | E Time: 10.309s | ~Time Left: 659.804s |  Train Loss: 0.1356 | Train Acc. 94.5000% | Test Loss: 0.6332 | Test Acc. 82.0000%
Train AUC: 0.983105
Valid AUC: 0.9096749999999999
AdamP on PCam_transformed: T 1/3 | E 137/200 Ended | E Time: 10.399s | ~Time Left: 655.142s |  Train Loss: 0.1660 | Train Acc. 93.3500% | Test Loss: 0.5978 | Test Acc. 82.2500%
Train AUC: 0.986438
Valid AUC: 0.9035249999999999
AdamP on PCam_transformed: T 1/3 | E 138/200 Ended | E Time: 10.376s | ~Time Left: 643.327s |  Train Loss: 0.1475 | Train Acc. 93.4000% | Test Loss: 0.5344 | Test Acc. 81.7500%
Train AUC: 0.987048
Valid AUC: 0.908675
AdamP on PCam_transformed: T 1/3 | E 139/200 Ended | E Time: 10.505s | ~Time Left: 640.778s |  Train Loss: 0.1436 | Train Acc. 94.4000% | Test Loss: 0.5728 | Test Acc. 81.2500%
Train AUC: 0.985668
Valid AUC: 0.9068
AdamP on PCam_transformed: T 1/3 | E 140/200 Ended | E Time: 10.456s | ~Time Left: 627.390s |  Train Loss: 0.1538 | Train Acc. 94.1000% | Test Loss: 0.5350 | Test Acc. 80.7500%
Train AUC: 0.9841789999999999
Valid AUC: 0.893425
AdamP on PCam_transformed: T 1/3 | E 141/200 Ended | E Time: 10.345s | ~Time Left: 610.332s |  Train Loss: 0.1563 | Train Acc. 94.0500% | Test Loss: 0.6467 | Test Acc. 81.5000%
Train AUC: 0.986639
Valid AUC: 0.909175
AdamP on PCam_transformed: T 1/3 | E 142/200 Ended | E Time: 10.470s | ~Time Left: 607.249s |  Train Loss: 0.1461 | Train Acc. 94.2000% | Test Loss: 0.5470 | Test Acc. 82.5000%
Train AUC: 0.988583
Valid AUC: 0.9067500000000001
AdamP on PCam_transformed: T 1/3 | E 143/200 Ended | E Time: 10.366s | ~Time Left: 590.877s |  Train Loss: 0.1328 | Train Acc. 95.1000% | Test Loss: 0.5798 | Test Acc. 84.0000%
Train AUC: 0.985762
Valid AUC: 0.909625
AdamP on PCam_transformed: T 1/3 | E 144/200 Ended | E Time: 10.404s | ~Time Left: 582.614s |  Train Loss: 0.1522 | Train Acc. 93.9000% | Test Loss: 0.6885 | Test Acc. 83.7500%
Train AUC: 0.989892
Valid AUC: 0.8874500000000001
AdamP on PCam_transformed: T 1/3 | E 145/200 Ended | E Time: 10.618s | ~Time Left: 583.996s |  Train Loss: 0.1281 | Train Acc. 95.4500% | Test Loss: 0.7782 | Test Acc. 76.7500%
Train AUC: 0.9879920000000001
Valid AUC: 0.88465
AdamP on PCam_transformed: T 1/3 | E 146/200 Ended | E Time: 10.404s | ~Time Left: 561.816s |  Train Loss: 0.1371 | Train Acc. 95.0500% | Test Loss: 0.8812 | Test Acc. 78.7500%
Train AUC: 0.98703
Valid AUC: 0.909725
AdamP on PCam_transformed: T 1/3 | E 147/200 Ended | E Time: 10.510s | ~Time Left: 557.044s |  Train Loss: 0.1448 | Train Acc. 94.9000% | Test Loss: 0.5276 | Test Acc. 81.7500%
Train AUC: 0.990324
Valid AUC: 0.9072500000000001
AdamP on PCam_transformed: T 1/3 | E 148/200 Ended | E Time: 10.350s | ~Time Left: 538.206s |  Train Loss: 0.1224 | Train Acc. 95.6500% | Test Loss: 0.5531 | Test Acc. 83.7500%
Train AUC: 0.990211
Valid AUC: 0.9024
AdamP on PCam_transformed: T 1/3 | E 149/200 Ended | E Time: 10.729s | ~Time Left: 547.180s |  Train Loss: 0.1231 | Train Acc. 95.3500% | Test Loss: 0.5895 | Test Acc. 83.2500%
Train AUC: 0.9888410000000001
Valid AUC: 0.896175
AdamP on PCam_transformed: T 1/3 | E 150/200 Ended | E Time: 10.347s | ~Time Left: 517.369s |  Train Loss: 0.1336 | Train Acc. 95.0500% | Test Loss: 0.6675 | Test Acc. 80.2500%
Train AUC: 0.987347
Valid AUC: 0.89395
AdamP on PCam_transformed: T 1/3 | E 151/200 Ended | E Time: 10.382s | ~Time Left: 508.726s |  Train Loss: 0.1435 | Train Acc. 94.2500% | Test Loss: 0.6471 | Test Acc. 76.5000%
Train AUC: 0.989388
Valid AUC: 0.8847999999999999
AdamP on PCam_transformed: T 1/3 | E 152/200 Ended | E Time: 10.394s | ~Time Left: 498.907s |  Train Loss: 0.1306 | Train Acc. 94.6000% | Test Loss: 0.6584 | Test Acc. 81.2500%
Train AUC: 0.9914540000000001
Valid AUC: 0.9034500000000001
AdamP on PCam_transformed: T 1/3 | E 153/200 Ended | E Time: 10.324s | ~Time Left: 485.206s |  Train Loss: 0.1162 | Train Acc. 95.4500% | Test Loss: 0.6546 | Test Acc. 82.0000%
Train AUC: 0.9895619999999999
Valid AUC: 0.881525
AdamP on PCam_transformed: T 1/3 | E 154/200 Ended | E Time: 10.379s | ~Time Left: 477.414s |  Train Loss: 0.1290 | Train Acc. 94.8500% | Test Loss: 0.7215 | Test Acc. 78.7500%
Train AUC: 0.9904649999999999
Valid AUC: 0.9192500000000001
AdamP on PCam_transformed: T 1/3 | E 155/200 Ended | E Time: 10.406s | ~Time Left: 468.253s |  Train Loss: 0.1250 | Train Acc. 95.6000% | Test Loss: 0.5316 | Test Acc. 84.0000%
Train AUC: 0.991513
Valid AUC: 0.900625
AdamP on PCam_transformed: T 1/3 | E 156/200 Ended | E Time: 10.320s | ~Time Left: 454.101s |  Train Loss: 0.1171 | Train Acc. 95.3500% | Test Loss: 0.6124 | Test Acc. 82.7500%
Train AUC: 0.986863
Valid AUC: 0.878775
AdamP on PCam_transformed: T 1/3 | E 157/200 Ended | E Time: 10.476s | ~Time Left: 450.485s |  Train Loss: 0.1427 | Train Acc. 94.6500% | Test Loss: 0.6709 | Test Acc. 77.5000%
Train AUC: 0.993138
Valid AUC: 0.9215500000000001
AdamP on PCam_transformed: T 1/3 | E 158/200 Ended | E Time: 10.528s | ~Time Left: 442.169s |  Train Loss: 0.1014 | Train Acc. 96.3500% | Test Loss: 0.6665 | Test Acc. 82.5000%
Train AUC: 0.991683
Valid AUC: 0.9053500000000001
AdamP on PCam_transformed: T 1/3 | E 159/200 Ended | E Time: 10.503s | ~Time Left: 430.617s |  Train Loss: 0.1160 | Train Acc. 96.2000% | Test Loss: 0.6205 | Test Acc. 83.5000%
Train AUC: 0.991076
Valid AUC: 0.9082
AdamP on PCam_transformed: T 1/3 | E 160/200 Ended | E Time: 10.459s | ~Time Left: 418.353s |  Train Loss: 0.1174 | Train Acc. 95.3500% | Test Loss: 0.5720 | Test Acc. 82.0000%
Train AUC: 0.992679
Valid AUC: 0.8948749999999999
AdamP on PCam_transformed: T 1/3 | E 161/200 Ended | E Time: 10.338s | ~Time Left: 403.176s |  Train Loss: 0.1061 | Train Acc. 96.0000% | Test Loss: 0.6804 | Test Acc. 80.0000%
Train AUC: 0.9928669999999999
Valid AUC: 0.8787
AdamP on PCam_transformed: T 1/3 | E 162/200 Ended | E Time: 10.466s | ~Time Left: 397.691s |  Train Loss: 0.1048 | Train Acc. 96.3000% | Test Loss: 0.8183 | Test Acc. 82.0000%
Train AUC: 0.990121
Valid AUC: 0.9155
AdamP on PCam_transformed: T 1/3 | E 163/200 Ended | E Time: 10.403s | ~Time Left: 384.909s |  Train Loss: 0.1260 | Train Acc. 94.7500% | Test Loss: 0.6540 | Test Acc. 81.7500%
Train AUC: 0.988643
Valid AUC: 0.88645
AdamP on PCam_transformed: T 1/3 | E 164/200 Ended | E Time: 10.520s | ~Time Left: 378.724s |  Train Loss: 0.1324 | Train Acc. 94.8000% | Test Loss: 0.6325 | Test Acc. 79.2500%
Train AUC: 0.990377
Valid AUC: 0.87895
AdamP on PCam_transformed: T 1/3 | E 165/200 Ended | E Time: 10.409s | ~Time Left: 364.312s |  Train Loss: 0.1224 | Train Acc. 95.1500% | Test Loss: 0.7317 | Test Acc. 78.0000%
Train AUC: 0.991234
Valid AUC: 0.900975
AdamP on PCam_transformed: T 1/3 | E 166/200 Ended | E Time: 10.400s | ~Time Left: 353.586s |  Train Loss: 0.1153 | Train Acc. 95.8500% | Test Loss: 0.6247 | Test Acc. 82.2500%
Train AUC: 0.993011
Valid AUC: 0.8891249999999999
AdamP on PCam_transformed: T 1/3 | E 167/200 Ended | E Time: 10.378s | ~Time Left: 342.478s |  Train Loss: 0.1044 | Train Acc. 95.6000% | Test Loss: 0.7955 | Test Acc. 81.2500%
Train AUC: 0.9930220000000001
Valid AUC: 0.9115
AdamP on PCam_transformed: T 1/3 | E 168/200 Ended | E Time: 10.414s | ~Time Left: 333.249s |  Train Loss: 0.1034 | Train Acc. 95.8000% | Test Loss: 0.5830 | Test Acc. 82.0000%
Train AUC: 0.994428
Valid AUC: 0.905625
AdamP on PCam_transformed: T 1/3 | E 169/200 Ended | E Time: 10.459s | ~Time Left: 324.231s |  Train Loss: 0.0950 | Train Acc. 96.2000% | Test Loss: 0.6660 | Test Acc. 82.5000%
Train AUC: 0.990114
Valid AUC: 0.9032749999999999
AdamP on PCam_transformed: T 1/3 | E 170/200 Ended | E Time: 10.329s | ~Time Left: 309.866s |  Train Loss: 0.1239 | Train Acc. 96.3000% | Test Loss: 0.6429 | Test Acc. 80.2500%
Train AUC: 0.9951840000000001
Valid AUC: 0.902875
AdamP on PCam_transformed: T 1/3 | E 171/200 Ended | E Time: 10.356s | ~Time Left: 300.322s |  Train Loss: 0.0900 | Train Acc. 96.3500% | Test Loss: 0.6520 | Test Acc. 84.0000%
Train AUC: 0.9912129999999999
Valid AUC: 0.892275
AdamP on PCam_transformed: T 1/3 | E 172/200 Ended | E Time: 10.582s | ~Time Left: 296.286s |  Train Loss: 0.1164 | Train Acc. 96.0000% | Test Loss: 0.7819 | Test Acc. 80.0000%
Train AUC: 0.994445
Valid AUC: 0.886575
AdamP on PCam_transformed: T 1/3 | E 173/200 Ended | E Time: 10.447s | ~Time Left: 282.064s |  Train Loss: 0.0922 | Train Acc. 96.4000% | Test Loss: 0.6866 | Test Acc. 82.5000%
Train AUC: 0.989825
Valid AUC: 0.88775
AdamP on PCam_transformed: T 1/3 | E 174/200 Ended | E Time: 10.355s | ~Time Left: 269.242s |  Train Loss: 0.1290 | Train Acc. 95.2500% | Test Loss: 0.7281 | Test Acc. 80.7500%
Train AUC: 0.992528
Valid AUC: 0.879675
AdamP on PCam_transformed: T 1/3 | E 175/200 Ended | E Time: 10.401s | ~Time Left: 260.029s |  Train Loss: 0.1051 | Train Acc. 96.0500% | Test Loss: 0.6911 | Test Acc. 79.5000%
Train AUC: 0.9952350000000001
Valid AUC: 0.9138249999999999
AdamP on PCam_transformed: T 1/3 | E 176/200 Ended | E Time: 10.415s | ~Time Left: 249.953s |  Train Loss: 0.0885 | Train Acc. 96.4000% | Test Loss: 0.5710 | Test Acc. 83.2500%
Train AUC: 0.993252
Valid AUC: 0.914275
AdamP on PCam_transformed: T 1/3 | E 177/200 Ended | E Time: 10.403s | ~Time Left: 239.268s |  Train Loss: 0.1030 | Train Acc. 96.0000% | Test Loss: 0.6925 | Test Acc. 83.0000%
Train AUC: 0.988963
Valid AUC: 0.8735250000000001
AdamP on PCam_transformed: T 1/3 | E 178/200 Ended | E Time: 10.493s | ~Time Left: 230.848s |  Train Loss: 0.1301 | Train Acc. 95.4000% | Test Loss: 0.7473 | Test Acc. 80.7500%
Train AUC: 0.99142
Valid AUC: 0.903475
AdamP on PCam_transformed: T 1/3 | E 179/200 Ended | E Time: 10.443s | ~Time Left: 219.296s |  Train Loss: 0.1253 | Train Acc. 95.4500% | Test Loss: 0.5911 | Test Acc. 80.5000%
Train AUC: 0.994888
Valid AUC: 0.9009999999999998
AdamP on PCam_transformed: T 1/3 | E 180/200 Ended | E Time: 10.433s | ~Time Left: 208.658s |  Train Loss: 0.0877 | Train Acc. 97.0500% | Test Loss: 0.6838 | Test Acc. 82.0000%
Train AUC: 0.994788
Valid AUC: 0.9072
AdamP on PCam_transformed: T 1/3 | E 181/200 Ended | E Time: 10.459s | ~Time Left: 198.729s |  Train Loss: 0.0944 | Train Acc. 96.8000% | Test Loss: 0.5929 | Test Acc. 81.2500%
Train AUC: 0.9959990000000001
Valid AUC: 0.89315
AdamP on PCam_transformed: T 1/3 | E 182/200 Ended | E Time: 10.393s | ~Time Left: 187.077s |  Train Loss: 0.0768 | Train Acc. 97.1500% | Test Loss: 0.7254 | Test Acc. 82.5000%
Train AUC: 0.9945729999999999
Valid AUC: 0.901225
AdamP on PCam_transformed: T 1/3 | E 183/200 Ended | E Time: 10.372s | ~Time Left: 176.323s |  Train Loss: 0.0932 | Train Acc. 96.3000% | Test Loss: 0.8070 | Test Acc. 80.2500%
Train AUC: 0.9948670000000001
Valid AUC: 0.9176
AdamP on PCam_transformed: T 1/3 | E 184/200 Ended | E Time: 10.383s | ~Time Left: 166.124s |  Train Loss: 0.0893 | Train Acc. 96.4000% | Test Loss: 0.5646 | Test Acc. 85.2500%
Train AUC: 0.996535
Valid AUC: 0.9159
AdamP on PCam_transformed: T 1/3 | E 185/200 Ended | E Time: 10.408s | ~Time Left: 156.120s |  Train Loss: 0.0782 | Train Acc. 96.6500% | Test Loss: 0.7834 | Test Acc. 82.0000%
Train AUC: 0.988648
Valid AUC: 0.907675
AdamP on PCam_transformed: T 1/3 | E 186/200 Ended | E Time: 10.450s | ~Time Left: 146.307s |  Train Loss: 0.1309 | Train Acc. 95.0500% | Test Loss: 0.6406 | Test Acc. 79.7500%
Train AUC: 0.994801
Valid AUC: 0.873025
AdamP on PCam_transformed: T 1/3 | E 187/200 Ended | E Time: 10.450s | ~Time Left: 135.850s |  Train Loss: 0.0854 | Train Acc. 96.4500% | Test Loss: 0.8175 | Test Acc. 79.2500%
Train AUC: 0.9936200000000001
Valid AUC: 0.901325
AdamP on PCam_transformed: T 1/3 | E 188/200 Ended | E Time: 10.423s | ~Time Left: 125.070s |  Train Loss: 0.0979 | Train Acc. 95.9000% | Test Loss: 0.7726 | Test Acc. 82.2500%
Train AUC: 0.9959469999999999
Valid AUC: 0.90725
AdamP on PCam_transformed: T 1/3 | E 189/200 Ended | E Time: 10.362s | ~Time Left: 113.977s |  Train Loss: 0.0815 | Train Acc. 96.8000% | Test Loss: 0.8202 | Test Acc. 83.0000%
Train AUC: 0.995547
Valid AUC: 0.89515
AdamP on PCam_transformed: T 1/3 | E 190/200 Ended | E Time: 10.467s | ~Time Left: 104.669s |  Train Loss: 0.0840 | Train Acc. 96.8500% | Test Loss: 0.9130 | Test Acc. 80.2500%
Train AUC: 0.989036
Valid AUC: 0.902225
AdamP on PCam_transformed: T 1/3 | E 191/200 Ended | E Time: 10.541s | ~Time Left: 94.870s |  Train Loss: 0.1357 | Train Acc. 94.9000% | Test Loss: 0.5838 | Test Acc. 82.0000%
Train AUC: 0.995514
Valid AUC: 0.8587999999999999
AdamP on PCam_transformed: T 1/3 | E 192/200 Ended | E Time: 10.540s | ~Time Left: 84.320s |  Train Loss: 0.0839 | Train Acc. 96.8500% | Test Loss: 0.9073 | Test Acc. 77.0000%
Train AUC: 0.994224
Valid AUC: 0.9135
AdamP on PCam_transformed: T 1/3 | E 193/200 Ended | E Time: 10.362s | ~Time Left: 72.536s |  Train Loss: 0.0942 | Train Acc. 96.4500% | Test Loss: 0.6346 | Test Acc. 80.2500%
Train AUC: 0.995033
Valid AUC: 0.8987499999999999
AdamP on PCam_transformed: T 1/3 | E 194/200 Ended | E Time: 10.448s | ~Time Left: 62.688s |  Train Loss: 0.0830 | Train Acc. 97.2000% | Test Loss: 0.7000 | Test Acc. 81.2500%
Train AUC: 0.9974649999999999
Valid AUC: 0.9000750000000001
AdamP on PCam_transformed: T 1/3 | E 195/200 Ended | E Time: 10.363s | ~Time Left: 51.814s |  Train Loss: 0.0634 | Train Acc. 97.4500% | Test Loss: 0.6816 | Test Acc. 82.7500%
Train AUC: 0.9949870000000001
Valid AUC: 0.8906
AdamP on PCam_transformed: T 1/3 | E 196/200 Ended | E Time: 10.489s | ~Time Left: 41.957s |  Train Loss: 0.0893 | Train Acc. 96.4500% | Test Loss: 0.8106 | Test Acc. 83.0000%
Train AUC: 0.9972030000000001
Valid AUC: 0.8588250000000001
AdamP on PCam_transformed: T 1/3 | E 197/200 Ended | E Time: 10.355s | ~Time Left: 31.064s |  Train Loss: 0.0688 | Train Acc. 97.2000% | Test Loss: 1.0338 | Test Acc. 78.0000%
Train AUC: 0.9937309999999999
Valid AUC: 0.8808
AdamP on PCam_transformed: T 1/3 | E 198/200 Ended | E Time: 10.377s | ~Time Left: 20.754s |  Train Loss: 0.0977 | Train Acc. 96.1000% | Test Loss: 0.7751 | Test Acc. 81.2500%
Train AUC: 0.99333
Valid AUC: 0.900975
AdamP on PCam_transformed: T 1/3 | E 199/200 Ended | E Time: 10.351s | ~Time Left: 10.351s |  Train Loss: 0.1021 | Train Acc. 96.0000% | Test Loss: 0.7247 | Test Acc. 81.7500%
Train AUC: 0.996355
Valid AUC: 0.880875
AdamP on PCam_transformed: T 1/3 | E 200/200 Ended | E Time: 10.427s | ~Time Left: 0.000s |  Train Loss: 0.0739 | Train Acc. 97.2500% | Test Loss: 0.7506 | Test Acc. 80.0000%
Train AUC: 0.7809820000000001
Valid AUC: 0.780375
AdamP on PCam_transformed: T 2/3 | E 1/200 Ended | E Time: 10.330s | ~Time Left: 2055.649s |  Train Loss: 0.5757 | Train Acc. 72.3000% | Test Loss: 0.6625 | Test Acc. 67.2500%
Train AUC: 0.8121419999999999
Valid AUC: 0.7918
AdamP on PCam_transformed: T 2/3 | E 2/200 Ended | E Time: 10.387s | ~Time Left: 2056.589s |  Train Loss: 0.5401 | Train Acc. 75.1500% | Test Loss: 0.5160 | Test Acc. 74.2500%
Train AUC: 0.8267899999999999
Valid AUC: 0.8341999999999999
AdamP on PCam_transformed: T 2/3 | E 3/200 Ended | E Time: 10.491s | ~Time Left: 2066.696s |  Train Loss: 0.5088 | Train Acc. 76.3000% | Test Loss: 0.4989 | Test Acc. 75.0000%
Train AUC: 0.844262
Valid AUC: 0.8574499999999999
AdamP on PCam_transformed: T 2/3 | E 4/200 Ended | E Time: 10.372s | ~Time Left: 2032.882s |  Train Loss: 0.4911 | Train Acc. 77.5500% | Test Loss: 0.4779 | Test Acc. 76.7500%
Train AUC: 0.8504320000000001
Valid AUC: 0.858775
AdamP on PCam_transformed: T 2/3 | E 5/200 Ended | E Time: 10.500s | ~Time Left: 2047.422s |  Train Loss: 0.4758 | Train Acc. 78.3000% | Test Loss: 0.4664 | Test Acc. 78.5000%
Train AUC: 0.8493390000000001
Valid AUC: 0.8501000000000001
AdamP on PCam_transformed: T 2/3 | E 6/200 Ended | E Time: 10.434s | ~Time Left: 2024.248s |  Train Loss: 0.4793 | Train Acc. 78.5500% | Test Loss: 0.5168 | Test Acc. 76.0000%
Train AUC: 0.8662000000000001
Valid AUC: 0.8274750000000001
AdamP on PCam_transformed: T 2/3 | E 7/200 Ended | E Time: 10.420s | ~Time Left: 2010.995s |  Train Loss: 0.4569 | Train Acc. 79.3000% | Test Loss: 0.5094 | Test Acc. 75.0000%
Train AUC: 0.858623
Valid AUC: 0.8703749999999999
AdamP on PCam_transformed: T 2/3 | E 8/200 Ended | E Time: 10.561s | ~Time Left: 2027.760s |  Train Loss: 0.4669 | Train Acc. 79.2000% | Test Loss: 0.4637 | Test Acc. 76.7500%
Train AUC: 0.8724099999999999
Valid AUC: 0.8786499999999999
AdamP on PCam_transformed: T 2/3 | E 9/200 Ended | E Time: 10.492s | ~Time Left: 2003.912s |  Train Loss: 0.4433 | Train Acc. 80.9000% | Test Loss: 0.5267 | Test Acc. 77.7500%
Train AUC: 0.860943
Valid AUC: 0.852825
AdamP on PCam_transformed: T 2/3 | E 10/200 Ended | E Time: 10.416s | ~Time Left: 1979.032s |  Train Loss: 0.4642 | Train Acc. 78.9000% | Test Loss: 0.4653 | Test Acc. 76.7500%
Train AUC: 0.8768090000000002
Valid AUC: 0.876125
AdamP on PCam_transformed: T 2/3 | E 11/200 Ended | E Time: 10.545s | ~Time Left: 1992.984s |  Train Loss: 0.4398 | Train Acc. 80.8500% | Test Loss: 0.5091 | Test Acc. 77.0000%
Train AUC: 0.8686229999999999
Valid AUC: 0.8480249999999999
AdamP on PCam_transformed: T 2/3 | E 12/200 Ended | E Time: 10.475s | ~Time Left: 1969.358s |  Train Loss: 0.4492 | Train Acc. 79.8000% | Test Loss: 0.5147 | Test Acc. 76.0000%
Train AUC: 0.883923
Valid AUC: 0.85565
AdamP on PCam_transformed: T 2/3 | E 13/200 Ended | E Time: 10.467s | ~Time Left: 1957.360s |  Train Loss: 0.4247 | Train Acc. 81.8000% | Test Loss: 0.4891 | Test Acc. 78.5000%
Train AUC: 0.880475
Valid AUC: 0.8488749999999999
AdamP on PCam_transformed: T 2/3 | E 14/200 Ended | E Time: 10.342s | ~Time Left: 1923.568s |  Train Loss: 0.4307 | Train Acc. 81.3000% | Test Loss: 0.4890 | Test Acc. 76.0000%
Train AUC: 0.883669
Valid AUC: 0.881725
AdamP on PCam_transformed: T 2/3 | E 15/200 Ended | E Time: 10.493s | ~Time Left: 1941.207s |  Train Loss: 0.4273 | Train Acc. 81.1000% | Test Loss: 0.4673 | Test Acc. 78.7500%
Train AUC: 0.879402
Valid AUC: 0.8633749999999999
AdamP on PCam_transformed: T 2/3 | E 16/200 Ended | E Time: 10.382s | ~Time Left: 1910.360s |  Train Loss: 0.4354 | Train Acc. 80.4000% | Test Loss: 0.4685 | Test Acc. 77.2500%
Train AUC: 0.8831359999999999
Valid AUC: 0.8699000000000001
AdamP on PCam_transformed: T 2/3 | E 17/200 Ended | E Time: 10.432s | ~Time Left: 1909.028s |  Train Loss: 0.4274 | Train Acc. 82.0500% | Test Loss: 0.4556 | Test Acc. 79.0000%
Train AUC: 0.894176
Valid AUC: 0.8585
AdamP on PCam_transformed: T 2/3 | E 18/200 Ended | E Time: 10.360s | ~Time Left: 1885.563s |  Train Loss: 0.4050 | Train Acc. 82.2500% | Test Loss: 0.5130 | Test Acc. 76.7500%
Train AUC: 0.8860589999999999
Valid AUC: 0.8535250000000001
AdamP on PCam_transformed: T 2/3 | E 19/200 Ended | E Time: 10.529s | ~Time Left: 1905.812s |  Train Loss: 0.4172 | Train Acc. 81.7500% | Test Loss: 0.4853 | Test Acc. 77.5000%
Train AUC: 0.8892680000000002
Valid AUC: 0.864575
AdamP on PCam_transformed: T 2/3 | E 20/200 Ended | E Time: 10.503s | ~Time Left: 1890.619s |  Train Loss: 0.4164 | Train Acc. 81.5500% | Test Loss: 0.4719 | Test Acc. 77.2500%
Train AUC: 0.9029219999999999
Valid AUC: 0.8619625000000001
AdamP on PCam_transformed: T 2/3 | E 21/200 Ended | E Time: 10.423s | ~Time Left: 1865.780s |  Train Loss: 0.3922 | Train Acc. 82.7500% | Test Loss: 0.4662 | Test Acc. 77.0000%
Train AUC: 0.905309
Valid AUC: 0.8780749999999999
AdamP on PCam_transformed: T 2/3 | E 22/200 Ended | E Time: 10.492s | ~Time Left: 1867.538s |  Train Loss: 0.3883 | Train Acc. 83.0500% | Test Loss: 0.4424 | Test Acc. 79.7500%
Train AUC: 0.9002410000000001
Valid AUC: 0.8668249999999998
AdamP on PCam_transformed: T 2/3 | E 23/200 Ended | E Time: 10.391s | ~Time Left: 1839.157s |  Train Loss: 0.3976 | Train Acc. 83.2500% | Test Loss: 0.4656 | Test Acc. 77.2500%
Train AUC: 0.897699
Valid AUC: 0.87795
AdamP on PCam_transformed: T 2/3 | E 24/200 Ended | E Time: 10.633s | ~Time Left: 1871.471s |  Train Loss: 0.4014 | Train Acc. 83.2000% | Test Loss: 0.4348 | Test Acc. 78.7500%
Train AUC: 0.9037659999999998
Valid AUC: 0.86615
AdamP on PCam_transformed: T 2/3 | E 25/200 Ended | E Time: 10.449s | ~Time Left: 1828.530s |  Train Loss: 0.3916 | Train Acc. 83.2000% | Test Loss: 0.5038 | Test Acc. 75.0000%
Train AUC: 0.905627
Valid AUC: 0.875525
AdamP on PCam_transformed: T 2/3 | E 26/200 Ended | E Time: 10.401s | ~Time Left: 1809.738s |  Train Loss: 0.3887 | Train Acc. 83.4000% | Test Loss: 0.4292 | Test Acc. 80.5000%
Train AUC: 0.9092019999999998
Valid AUC: 0.853575
AdamP on PCam_transformed: T 2/3 | E 27/200 Ended | E Time: 10.385s | ~Time Left: 1796.678s |  Train Loss: 0.3802 | Train Acc. 83.8500% | Test Loss: 0.4755 | Test Acc. 78.2500%
Train AUC: 0.903864
Valid AUC: 0.85625
AdamP on PCam_transformed: T 2/3 | E 28/200 Ended | E Time: 10.397s | ~Time Left: 1788.223s |  Train Loss: 0.3885 | Train Acc. 83.4000% | Test Loss: 0.5191 | Test Acc. 77.2500%
Train AUC: 0.910188
Valid AUC: 0.884725
AdamP on PCam_transformed: T 2/3 | E 29/200 Ended | E Time: 10.517s | ~Time Left: 1798.356s |  Train Loss: 0.3802 | Train Acc. 83.5500% | Test Loss: 0.4448 | Test Acc. 79.5000%
Train AUC: 0.9186529999999999
Valid AUC: 0.8800749999999999
AdamP on PCam_transformed: T 2/3 | E 30/200 Ended | E Time: 10.432s | ~Time Left: 1773.371s |  Train Loss: 0.3590 | Train Acc. 84.7000% | Test Loss: 0.4291 | Test Acc. 80.5000%
Train AUC: 0.9026909999999999
Valid AUC: 0.88275
AdamP on PCam_transformed: T 2/3 | E 31/200 Ended | E Time: 10.491s | ~Time Left: 1772.968s |  Train Loss: 0.3976 | Train Acc. 83.1000% | Test Loss: 0.4934 | Test Acc. 76.0000%
Train AUC: 0.9172199999999999
Valid AUC: 0.880825
AdamP on PCam_transformed: T 2/3 | E 32/200 Ended | E Time: 10.468s | ~Time Left: 1758.619s |  Train Loss: 0.3648 | Train Acc. 84.7000% | Test Loss: 0.4299 | Test Acc. 78.2500%
Train AUC: 0.9081959999999999
Valid AUC: 0.8727750000000001
AdamP on PCam_transformed: T 2/3 | E 33/200 Ended | E Time: 10.466s | ~Time Left: 1747.837s |  Train Loss: 0.3836 | Train Acc. 83.4000% | Test Loss: 0.4452 | Test Acc. 79.2500%
Train AUC: 0.920921
Valid AUC: 0.8543749999999999
AdamP on PCam_transformed: T 2/3 | E 34/200 Ended | E Time: 10.378s | ~Time Left: 1722.787s |  Train Loss: 0.3593 | Train Acc. 84.7000% | Test Loss: 0.4826 | Test Acc. 77.2500%
Train AUC: 0.918104
Valid AUC: 0.8924749999999999
AdamP on PCam_transformed: T 2/3 | E 35/200 Ended | E Time: 10.411s | ~Time Left: 1717.888s |  Train Loss: 0.3603 | Train Acc. 84.2500% | Test Loss: 0.4587 | Test Acc. 77.0000%
Train AUC: 0.92492
Valid AUC: 0.87825
AdamP on PCam_transformed: T 2/3 | E 36/200 Ended | E Time: 10.400s | ~Time Left: 1705.558s |  Train Loss: 0.3499 | Train Acc. 85.8000% | Test Loss: 0.4407 | Test Acc. 79.2500%
Train AUC: 0.923603
Valid AUC: 0.8872999999999999
AdamP on PCam_transformed: T 2/3 | E 37/200 Ended | E Time: 10.551s | ~Time Left: 1719.875s |  Train Loss: 0.3502 | Train Acc. 84.2000% | Test Loss: 0.4385 | Test Acc. 80.5000%
Train AUC: 0.920556
Valid AUC: 0.8921
AdamP on PCam_transformed: T 2/3 | E 38/200 Ended | E Time: 10.604s | ~Time Left: 1717.909s |  Train Loss: 0.3575 | Train Acc. 83.8500% | Test Loss: 0.4090 | Test Acc. 81.2500%
Train AUC: 0.9291169999999999
Valid AUC: 0.885775
AdamP on PCam_transformed: T 2/3 | E 39/200 Ended | E Time: 10.383s | ~Time Left: 1671.726s |  Train Loss: 0.3406 | Train Acc. 85.6500% | Test Loss: 0.4635 | Test Acc. 79.5000%
Train AUC: 0.9222260000000001
Valid AUC: 0.8548
AdamP on PCam_transformed: T 2/3 | E 40/200 Ended | E Time: 10.484s | ~Time Left: 1677.442s |  Train Loss: 0.3534 | Train Acc. 84.7500% | Test Loss: 0.5561 | Test Acc. 74.7500%
Train AUC: 0.92629
Valid AUC: 0.9008999999999999
AdamP on PCam_transformed: T 2/3 | E 41/200 Ended | E Time: 10.404s | ~Time Left: 1654.219s |  Train Loss: 0.3461 | Train Acc. 85.3000% | Test Loss: 0.4494 | Test Acc. 81.2500%
Train AUC: 0.9287870000000001
Valid AUC: 0.8805000000000001
AdamP on PCam_transformed: T 2/3 | E 42/200 Ended | E Time: 10.421s | ~Time Left: 1646.514s |  Train Loss: 0.3402 | Train Acc. 86.1500% | Test Loss: 0.4339 | Test Acc. 80.5000%
Train AUC: 0.928836
Valid AUC: 0.899425
AdamP on PCam_transformed: T 2/3 | E 43/200 Ended | E Time: 10.441s | ~Time Left: 1639.225s |  Train Loss: 0.3382 | Train Acc. 85.6500% | Test Loss: 0.4284 | Test Acc. 80.2500%
Train AUC: 0.9262219999999999
Valid AUC: 0.8834500000000001
AdamP on PCam_transformed: T 2/3 | E 44/200 Ended | E Time: 10.439s | ~Time Left: 1628.429s |  Train Loss: 0.3442 | Train Acc. 86.1000% | Test Loss: 0.4696 | Test Acc. 80.5000%
Train AUC: 0.926483
Valid AUC: 0.8866999999999999
AdamP on PCam_transformed: T 2/3 | E 45/200 Ended | E Time: 10.432s | ~Time Left: 1616.936s |  Train Loss: 0.3461 | Train Acc. 85.6500% | Test Loss: 0.4452 | Test Acc. 79.0000%
Train AUC: 0.933153
Valid AUC: 0.87735
AdamP on PCam_transformed: T 2/3 | E 46/200 Ended | E Time: 10.503s | ~Time Left: 1617.504s |  Train Loss: 0.3288 | Train Acc. 85.8500% | Test Loss: 0.4855 | Test Acc. 79.2500%
Train AUC: 0.9305910000000001
Valid AUC: 0.8905250000000001
AdamP on PCam_transformed: T 2/3 | E 47/200 Ended | E Time: 10.494s | ~Time Left: 1605.557s |  Train Loss: 0.3358 | Train Acc. 85.3500% | Test Loss: 0.4594 | Test Acc. 77.5000%
Train AUC: 0.9308280000000001
Valid AUC: 0.9038
AdamP on PCam_transformed: T 2/3 | E 48/200 Ended | E Time: 10.518s | ~Time Left: 1598.797s |  Train Loss: 0.3335 | Train Acc. 86.5000% | Test Loss: 0.4112 | Test Acc. 80.2500%
Train AUC: 0.9329240000000001
Valid AUC: 0.874225
AdamP on PCam_transformed: T 2/3 | E 49/200 Ended | E Time: 10.528s | ~Time Left: 1589.740s |  Train Loss: 0.3278 | Train Acc. 85.9000% | Test Loss: 0.4545 | Test Acc. 79.2500%
Train AUC: 0.9324250000000001
Valid AUC: 0.8962999999999999
AdamP on PCam_transformed: T 2/3 | E 50/200 Ended | E Time: 10.382s | ~Time Left: 1557.340s |  Train Loss: 0.3330 | Train Acc. 85.8000% | Test Loss: 0.4549 | Test Acc. 82.2500%
Train AUC: 0.939628
Valid AUC: 0.8670500000000001
AdamP on PCam_transformed: T 2/3 | E 51/200 Ended | E Time: 10.367s | ~Time Left: 1544.624s |  Train Loss: 0.3099 | Train Acc. 86.5500% | Test Loss: 0.5872 | Test Acc. 77.2500%
Train AUC: 0.9198089999999999
Valid AUC: 0.880475
AdamP on PCam_transformed: T 2/3 | E 52/200 Ended | E Time: 10.569s | ~Time Left: 1564.209s |  Train Loss: 0.3541 | Train Acc. 84.3000% | Test Loss: 0.4675 | Test Acc. 80.7500%
Train AUC: 0.9351170000000001
Valid AUC: 0.882425
AdamP on PCam_transformed: T 2/3 | E 53/200 Ended | E Time: 10.344s | ~Time Left: 1520.560s |  Train Loss: 0.3206 | Train Acc. 86.1000% | Test Loss: 0.5530 | Test Acc. 79.5000%
Train AUC: 0.930469
Valid AUC: 0.896325
AdamP on PCam_transformed: T 2/3 | E 54/200 Ended | E Time: 10.295s | ~Time Left: 1503.131s |  Train Loss: 0.3373 | Train Acc. 85.2500% | Test Loss: 0.4269 | Test Acc. 80.0000%
Train AUC: 0.937794
Valid AUC: 0.8828
AdamP on PCam_transformed: T 2/3 | E 55/200 Ended | E Time: 10.426s | ~Time Left: 1511.722s |  Train Loss: 0.3201 | Train Acc. 86.9000% | Test Loss: 0.4583 | Test Acc. 79.2500%
Traceback (most recent call last):
  File "src/adas/train.py", line 871, in <module>
    main(args)
  File "src/adas/train.py", line 834, in main
    main_worker(args.gpu, ngpus_per_node, args)
  File "src/adas/train.py", line 863, in main_worker
    training_agent.train()
  File "src/adas/train.py", line 411, in train
    self.run_epochs(trial, epochs)
  File "src/adas/train.py", line 443, in run_epochs
    df.to_excel(self.output_filename)
  File "/project/6060173/zhan8425/HistoKT/ENV/lib/python3.8/site-packages/pandas/core/generic.py", line 2189, in to_excel
    formatter.write(
  File "/project/6060173/zhan8425/HistoKT/ENV/lib/python3.8/site-packages/pandas/io/formats/excel.py", line 831, in write
    writer.close()
  File "/project/6060173/zhan8425/HistoKT/ENV/lib/python3.8/site-packages/pandas/io/excel/_base.py", line 898, in close
    content = self.save()
  File "/project/6060173/zhan8425/HistoKT/ENV/lib/python3.8/site-packages/pandas/io/excel/_openpyxl.py", line 54, in save
    self.book.save(self.handles.handle)
  File "/project/6060173/zhan8425/HistoKT/ENV/lib/python3.8/site-packages/openpyxl/workbook/workbook.py", line 407, in save
    save_workbook(self, filename)
  File "/project/6060173/zhan8425/HistoKT/ENV/lib/python3.8/site-packages/openpyxl/writer/excel.py", line 293, in save_workbook
    writer.save()
  File "/project/6060173/zhan8425/HistoKT/ENV/lib/python3.8/site-packages/openpyxl/writer/excel.py", line 275, in save
    self.write_data()
  File "/project/6060173/zhan8425/HistoKT/ENV/lib/python3.8/site-packages/openpyxl/writer/excel.py", line 67, in write_data
    archive.writestr(ARC_APP, tostring(props.to_tree()))
  File "/cvmfs/soft.computecanada.ca/easybuild/software/2020/avx2/Core/python/3.8.2/lib/python3.8/zipfile.py", line 1817, in writestr
    dest.write(data)
  File "/cvmfs/soft.computecanada.ca/easybuild/software/2020/avx2/Core/python/3.8.2/lib/python3.8/zipfile.py", line 1180, in close
    self._fileobj.seek(self._zinfo.header_offset)
OSError: [Errno 122] Disk quota exceeded
Adas: Argument Parser Options
---------------------------------------------
    config              : PostTrainingConfigs/PCam_transformed_testing/AdamP/lr-0.0002-config-AdamP.yaml
    data                : /localscratch/zhan8425.6958641.0        
    output              : ADP_post_trained/PCam_transformed/AdamP/output/deep_tuning
    checkpoint          : ADP_post_trained/PCam_transformed/AdamP/checkpoint/deep_tuning/lr-0.0002
    resume              : None                                    
    pretrained_model    : /home/zhan8425/projects/def-plato/zhan8425/HistoKT/.Adas-checkpoint/ADP/best_trial_2.pth.tar
    freeze_encoder      : 0                                       
    root                : .                                       
    save_freq           : 25                                      
    cpu                 : 0                                       
    gpu                 : 0                                       
    mpd                 : 0                                       
    dist_url            : tcp://127.0.0.1:23456                   
    dist_backend        : nccl                                    
    world_size          : -1                                      
    rank                : -1                                      
---------------------------------------------
Adas: Output dir ADP_post_trained/PCam_transformed/AdamP/output/deep_tuning does not exist, building
Adas: Notice: early stop will not be used as it was set to -1.0, training till completion
Adas: Experiment Configuration
---------------------------------------------
    dataset              PCam_transformed    
    network              ResNet18            
    optimizer            AdamP               
    scheduler            None                
    level                L3Only              
    color_kwargs         {'augmentation': 'Color-Distortion', 'distortion': 0.3}
    degree_of_rotation   45                  
    vertical_flipping    0.5                 
    horizontal_flipping  0.5                 
    horizontal_shift     0.1                 
    vertical_shift       0.1                 
    gaussian_blur        0                   
    kernel_size          9                   
    variance             0.1                 
    cutout               0                   
    n_holes              1                   
    cutout_length        16                  
    init_lr              0.0002              
    early_stop_threshold -1.0                
    optimizer_kwargs     {'weight_decay': 0.0005}
    scheduler_kwargs     {'gamma': 0.5, 'step_size': 20.0}
    p                    1                   
    start_trial          0                   
    n_trials             3                   
    num_workers          4                   
    max_epochs           200                 
    mini_batch_size      32                  
    loss                 cross_entropy       
    early_stop_patience  10                  
---------------------------------------------
Adas: Pytorch device is set to cuda
Train AUC: 0.797085
Valid AUC: 0.8163
AdamP on PCam_transformed: T 1/3 | E 1/200 Ended | E Time: 10.967s | ~Time Left: 2182.498s |  Train Loss: 0.5720 | Train Acc. 73.0500% | Test Loss: 0.5281 | Test Acc. 76.5000%
Traceback (most recent call last):
  File "/project/6060173/zhan8425/HistoKT/ENV/lib/python3.8/site-packages/torch/serialization.py", line 372, in save
    _save(obj, opened_zipfile, pickle_module, pickle_protocol)
  File "/project/6060173/zhan8425/HistoKT/ENV/lib/python3.8/site-packages/torch/serialization.py", line 491, in _save
    zip_file.write_record(name, storage.data_ptr(), num_bytes)
OSError: [Errno 122] Disk quota exceeded

During handling of the above exception, another exception occurred:

Traceback (most recent call last):
  File "/project/6060173/zhan8425/HistoKT/ENV/lib/python3.8/site-packages/torch/serialization.py", line 373, in save
    return
  File "/project/6060173/zhan8425/HistoKT/ENV/lib/python3.8/site-packages/torch/serialization.py", line 259, in __exit__
    self.file_like.write_end_of_file()
RuntimeError: [enforce fail at inline_container.cc:274] . unexpected pos 13131328 vs 13131216

During handling of the above exception, another exception occurred:

Traceback (most recent call last):
  File "src/adas/train.py", line 871, in <module>
    main(args)
  File "src/adas/train.py", line 834, in main
    main_worker(args.gpu, ngpus_per_node, args)
  File "src/adas/train.py", line 863, in main_worker
    training_agent.train()
  File "src/adas/train.py", line 411, in train
    self.run_epochs(trial, epochs)
  File "src/adas/train.py", line 462, in run_epochs
    torch.save(data, str(self.checkpoint_path / filename))
  File "/project/6060173/zhan8425/HistoKT/ENV/lib/python3.8/site-packages/torch/serialization.py", line 374, in save
    _legacy_save(obj, opened_file, pickle_module, pickle_protocol)
  File "/project/6060173/zhan8425/HistoKT/ENV/lib/python3.8/site-packages/torch/serialization.py", line 214, in __exit__
    self.file_like.close()
OSError: [Errno 122] Disk quota exceeded
terminate called after throwing an instance of 'c10::Error'
  what():  [enforce fail at inline_container.cc:274] . unexpected pos 13131328 vs 13131216
frame #0: c10::ThrowEnforceNotMet(char const*, int, char const*, std::string const&, void const*) + 0x47 (0x2af0c7c9b0e7 in /project/6060173/zhan8425/HistoKT/ENV/lib/python3.8/site-packages/torch/lib/libc10.so)
frame #1: <unknown function> + 0x206a420 (0x2af077e2f420 in /project/6060173/zhan8425/HistoKT/ENV/lib/python3.8/site-packages/torch/lib/libtorch_cpu.so)
frame #2: <unknown function> + 0x20665f3 (0x2af077e2b5f3 in /project/6060173/zhan8425/HistoKT/ENV/lib/python3.8/site-packages/torch/lib/libtorch_cpu.so)
frame #3: caffe2::serialize::PyTorchStreamWriter::writeRecord(std::string const&, void const*, unsigned long, bool) + 0xa9 (0x2af077e2fd99 in /project/6060173/zhan8425/HistoKT/ENV/lib/python3.8/site-packages/torch/lib/libtorch_cpu.so)
frame #4: caffe2::serialize::PyTorchStreamWriter::writeEndOfFile() + 0xe1 (0x2af077e308d1 in /project/6060173/zhan8425/HistoKT/ENV/lib/python3.8/site-packages/torch/lib/libtorch_cpu.so)
frame #5: caffe2::serialize::PyTorchStreamWriter::~PyTorchStreamWriter() + 0x115 (0x2af077e310c5 in /project/6060173/zhan8425/HistoKT/ENV/lib/python3.8/site-packages/torch/lib/libtorch_cpu.so)
frame #6: <unknown function> + 0x737903 (0x2af074cfc903 in /project/6060173/zhan8425/HistoKT/ENV/lib/python3.8/site-packages/torch/lib/libtorch_python.so)
frame #7: <unknown function> + 0x369b90 (0x2af07492eb90 in /project/6060173/zhan8425/HistoKT/ENV/lib/python3.8/site-packages/torch/lib/libtorch_python.so)
frame #8: <unknown function> + 0x36adfe (0x2af07492fdfe in /project/6060173/zhan8425/HistoKT/ENV/lib/python3.8/site-packages/torch/lib/libtorch_python.so)
<omitting python frames>
frame #22: __libc_start_main + 0xeb (0x2af072214e1b in /cvmfs/soft.computecanada.ca/gentoo/2020/lib64/libc.so.6)

/var/spool/slurmd/job6958641/slurm_script: line 31: 135601 Aborted                 (core dumped) python src/adas/train.py --config PostTrainingConfigs/PCam_transformed_testing/AdamP/lr-0.0002-config-AdamP.yaml --output ADP_post_trained/PCam_transformed/AdamP/output/deep_tuning --checkpoint ADP_post_trained/PCam_transformed/AdamP/checkpoint/deep_tuning/lr-0.0002 --data $SLURM_TMPDIR --pretrained_model /home/zhan8425/projects/def-plato/zhan8425/HistoKT/.Adas-checkpoint/ADP/best_trial_2.pth.tar --freeze_encoder False
