transferring data
Sun Jul  4 20:19:20 PDT 2021

Finished transferring
Sun Jul  4 20:19:21 PDT 2021

Adas: Argument Parser Options
---------------------------------------------
    config              : PostTrainingConfigs/PCam_transformed_testing/AdamP/lr-0.0005-config-AdamP.yaml
    data                : /localscratch/zhan8425.6958640.0        
    output              : ADP_post_trained/PCam_transformed/AdamP/output/fine_tuning
    checkpoint          : ADP_post_trained/PCam_transformed/AdamP/checkpoint/fine_tuning/lr-0.0005
    resume              : None                                    
    pretrained_model    : /home/zhan8425/projects/def-plato/zhan8425/HistoKT/.Adas-checkpoint/ADP/best_trial_2.pth.tar
    freeze_encoder      : 1                                       
    root                : .                                       
    save_freq           : 25                                      
    cpu                 : 0                                       
    gpu                 : 0                                       
    mpd                 : 0                                       
    dist_url            : tcp://127.0.0.1:23456                   
    dist_backend        : nccl                                    
    world_size          : -1                                      
    rank                : -1                                      
---------------------------------------------
Adas: Notice: early stop will not be used as it was set to -1.0, training till completion
Adas: Experiment Configuration
---------------------------------------------
    dataset              PCam_transformed    
    network              ResNet18            
    optimizer            AdamP               
    scheduler            None                
    level                L3Only              
    color_kwargs         {'augmentation': 'Color-Distortion', 'distortion': 0.3}
    degree_of_rotation   45                  
    vertical_flipping    0.5                 
    horizontal_flipping  0.5                 
    horizontal_shift     0.1                 
    vertical_shift       0.1                 
    gaussian_blur        0                   
    kernel_size          9                   
    variance             0.1                 
    cutout               0                   
    n_holes              1                   
    cutout_length        16                  
    init_lr              0.0005              
    early_stop_threshold -1.0                
    optimizer_kwargs     {'weight_decay': 0.0005}
    scheduler_kwargs     {'gamma': 0.5, 'step_size': 20.0}
    p                    1                   
    start_trial          0                   
    n_trials             3                   
    num_workers          4                   
    max_epochs           200                 
    mini_batch_size      32                  
    loss                 cross_entropy       
    early_stop_patience  10                  
---------------------------------------------
Adas: Pytorch device is set to cuda
Train AUC: 0.753005
Valid AUC: 0.7913749999999999
AdamP on PCam_transformed: T 1/3 | E 1/200 Ended | E Time: 11.020s | ~Time Left: 2192.921s |  Train Loss: 0.6251 | Train Acc. 69.9500% | Test Loss: 0.5577 | Test Acc. 71.2500%
Train AUC: 0.8188719999999999
Valid AUC: 0.8156
AdamP on PCam_transformed: T 1/3 | E 2/200 Ended | E Time: 10.365s | ~Time Left: 2052.267s |  Train Loss: 0.5219 | Train Acc. 75.7000% | Test Loss: 0.5393 | Test Acc. 73.5000%
Train AUC: 0.830811
Valid AUC: 0.76475
AdamP on PCam_transformed: T 1/3 | E 3/200 Ended | E Time: 10.433s | ~Time Left: 2055.390s |  Train Loss: 0.5013 | Train Acc. 77.2000% | Test Loss: 0.6114 | Test Acc. 67.5000%
Train AUC: 0.829559
Valid AUC: 0.8300500000000001
AdamP on PCam_transformed: T 1/3 | E 4/200 Ended | E Time: 10.397s | ~Time Left: 2037.808s |  Train Loss: 0.5070 | Train Acc. 76.8500% | Test Loss: 0.5254 | Test Acc. 72.0000%
Train AUC: 0.850992
Valid AUC: 0.8049
AdamP on PCam_transformed: T 1/3 | E 5/200 Ended | E Time: 10.344s | ~Time Left: 2017.105s |  Train Loss: 0.4838 | Train Acc. 78.1500% | Test Loss: 0.5356 | Test Acc. 70.7500%
Train AUC: 0.8470089999999999
Valid AUC: 0.8216500000000002
AdamP on PCam_transformed: T 1/3 | E 6/200 Ended | E Time: 10.363s | ~Time Left: 2010.365s |  Train Loss: 0.4829 | Train Acc. 77.8000% | Test Loss: 0.5391 | Test Acc. 76.5000%
Train AUC: 0.8545670000000001
Valid AUC: 0.86165
AdamP on PCam_transformed: T 1/3 | E 7/200 Ended | E Time: 10.418s | ~Time Left: 2010.758s |  Train Loss: 0.4732 | Train Acc. 77.1000% | Test Loss: 0.5192 | Test Acc. 75.0000%
Train AUC: 0.859314
Valid AUC: 0.8156250000000002
AdamP on PCam_transformed: T 1/3 | E 8/200 Ended | E Time: 10.425s | ~Time Left: 2001.603s |  Train Loss: 0.4690 | Train Acc. 79.3000% | Test Loss: 0.5783 | Test Acc. 71.7500%
Train AUC: 0.856964
Valid AUC: 0.83135
AdamP on PCam_transformed: T 1/3 | E 9/200 Ended | E Time: 10.450s | ~Time Left: 1996.008s |  Train Loss: 0.4696 | Train Acc. 78.1500% | Test Loss: 0.5156 | Test Acc. 76.0000%
Train AUC: 0.850127
Valid AUC: 0.8315250000000001
AdamP on PCam_transformed: T 1/3 | E 10/200 Ended | E Time: 10.493s | ~Time Left: 1993.629s |  Train Loss: 0.4849 | Train Acc. 77.7000% | Test Loss: 0.5028 | Test Acc. 75.7500%
Train AUC: 0.847788
Valid AUC: 0.861825
AdamP on PCam_transformed: T 1/3 | E 11/200 Ended | E Time: 10.469s | ~Time Left: 1978.562s |  Train Loss: 0.4815 | Train Acc. 78.9500% | Test Loss: 0.4683 | Test Acc. 78.7500%
Train AUC: 0.851928
Valid AUC: 0.843075
AdamP on PCam_transformed: T 1/3 | E 12/200 Ended | E Time: 10.467s | ~Time Left: 1967.824s |  Train Loss: 0.4732 | Train Acc. 78.5500% | Test Loss: 0.5083 | Test Acc. 76.2500%
Train AUC: 0.8622500000000001
Valid AUC: 0.8378249999999999
AdamP on PCam_transformed: T 1/3 | E 13/200 Ended | E Time: 10.490s | ~Time Left: 1961.707s |  Train Loss: 0.4652 | Train Acc. 79.1000% | Test Loss: 0.5182 | Test Acc. 75.2500%
Train AUC: 0.8732759999999999
Valid AUC: 0.8309249999999999
AdamP on PCam_transformed: T 1/3 | E 14/200 Ended | E Time: 10.435s | ~Time Left: 1940.828s |  Train Loss: 0.4477 | Train Acc. 80.3500% | Test Loss: 0.5158 | Test Acc. 75.0000%
Train AUC: 0.860861
Valid AUC: 0.853075
AdamP on PCam_transformed: T 1/3 | E 15/200 Ended | E Time: 10.501s | ~Time Left: 1942.724s |  Train Loss: 0.4646 | Train Acc. 79.4500% | Test Loss: 0.4789 | Test Acc. 78.0000%
Train AUC: 0.8700180000000001
Valid AUC: 0.8148749999999999
AdamP on PCam_transformed: T 1/3 | E 16/200 Ended | E Time: 10.447s | ~Time Left: 1922.278s |  Train Loss: 0.4580 | Train Acc. 80.8500% | Test Loss: 0.6000 | Test Acc. 73.5000%
Train AUC: 0.875574
Valid AUC: 0.8598250000000001
AdamP on PCam_transformed: T 1/3 | E 17/200 Ended | E Time: 10.452s | ~Time Left: 1912.736s |  Train Loss: 0.4430 | Train Acc. 81.4500% | Test Loss: 0.4722 | Test Acc. 77.7500%
Train AUC: 0.8744109999999999
Valid AUC: 0.868375
AdamP on PCam_transformed: T 1/3 | E 18/200 Ended | E Time: 10.384s | ~Time Left: 1889.923s |  Train Loss: 0.4456 | Train Acc. 80.3000% | Test Loss: 0.4638 | Test Acc. 77.7500%
Train AUC: 0.8625279999999999
Valid AUC: 0.8475499999999999
AdamP on PCam_transformed: T 1/3 | E 19/200 Ended | E Time: 10.453s | ~Time Left: 1892.022s |  Train Loss: 0.4682 | Train Acc. 79.5500% | Test Loss: 0.4974 | Test Acc. 78.2500%
Train AUC: 0.879274
Valid AUC: 0.871
AdamP on PCam_transformed: T 1/3 | E 20/200 Ended | E Time: 10.444s | ~Time Left: 1879.963s |  Train Loss: 0.4360 | Train Acc. 81.3000% | Test Loss: 0.4473 | Test Acc. 77.5000%
Train AUC: 0.8784890000000001
Valid AUC: 0.8516750000000001
AdamP on PCam_transformed: T 1/3 | E 21/200 Ended | E Time: 10.411s | ~Time Left: 1863.520s |  Train Loss: 0.4379 | Train Acc. 80.1500% | Test Loss: 0.4942 | Test Acc. 75.7500%
Train AUC: 0.879651
Valid AUC: 0.88685
AdamP on PCam_transformed: T 1/3 | E 22/200 Ended | E Time: 10.473s | ~Time Left: 1864.242s |  Train Loss: 0.4355 | Train Acc. 80.4000% | Test Loss: 0.4221 | Test Acc. 81.0000%
Train AUC: 0.8799529999999999
Valid AUC: 0.8837499999999999
AdamP on PCam_transformed: T 1/3 | E 23/200 Ended | E Time: 10.513s | ~Time Left: 1860.757s |  Train Loss: 0.4354 | Train Acc. 80.8500% | Test Loss: 0.4453 | Test Acc. 78.7500%
Train AUC: 0.8778859999999999
Valid AUC: 0.8624
AdamP on PCam_transformed: T 1/3 | E 24/200 Ended | E Time: 10.431s | ~Time Left: 1835.938s |  Train Loss: 0.4414 | Train Acc. 80.5500% | Test Loss: 0.4723 | Test Acc. 77.2500%
Train AUC: 0.8829899999999999
Valid AUC: 0.8902
AdamP on PCam_transformed: T 1/3 | E 25/200 Ended | E Time: 10.507s | ~Time Left: 1838.714s |  Train Loss: 0.4287 | Train Acc. 81.2000% | Test Loss: 0.4288 | Test Acc. 81.7500%
Train AUC: 0.895249
Valid AUC: 0.8395750000000001
AdamP on PCam_transformed: T 1/3 | E 26/200 Ended | E Time: 10.466s | ~Time Left: 1821.011s |  Train Loss: 0.4120 | Train Acc. 82.5500% | Test Loss: 0.4581 | Test Acc. 79.5000%
Train AUC: 0.888523
Valid AUC: 0.834925
AdamP on PCam_transformed: T 1/3 | E 27/200 Ended | E Time: 10.465s | ~Time Left: 1810.527s |  Train Loss: 0.4164 | Train Acc. 82.5500% | Test Loss: 0.5080 | Test Acc. 77.0000%
Train AUC: 0.889248
Valid AUC: 0.876375
AdamP on PCam_transformed: T 1/3 | E 28/200 Ended | E Time: 10.366s | ~Time Left: 1782.908s |  Train Loss: 0.4181 | Train Acc. 81.9000% | Test Loss: 0.4617 | Test Acc. 79.5000%
Train AUC: 0.884432
Valid AUC: 0.8805499999999999
AdamP on PCam_transformed: T 1/3 | E 29/200 Ended | E Time: 10.399s | ~Time Left: 1778.284s |  Train Loss: 0.4259 | Train Acc. 81.9500% | Test Loss: 0.4416 | Test Acc. 79.0000%
Train AUC: 0.8895320000000001
Valid AUC: 0.8761500000000001
AdamP on PCam_transformed: T 1/3 | E 30/200 Ended | E Time: 10.451s | ~Time Left: 1776.686s |  Train Loss: 0.4153 | Train Acc. 81.8000% | Test Loss: 0.4368 | Test Acc. 79.2500%
Train AUC: 0.8928929999999999
Valid AUC: 0.8853249999999999
AdamP on PCam_transformed: T 1/3 | E 31/200 Ended | E Time: 10.457s | ~Time Left: 1767.227s |  Train Loss: 0.4115 | Train Acc. 82.2000% | Test Loss: 0.4200 | Test Acc. 79.0000%
Train AUC: 0.890168
Valid AUC: 0.8258
AdamP on PCam_transformed: T 1/3 | E 32/200 Ended | E Time: 10.396s | ~Time Left: 1746.501s |  Train Loss: 0.4181 | Train Acc. 82.0000% | Test Loss: 0.4596 | Test Acc. 79.5000%
Train AUC: 0.8898980000000001
Valid AUC: 0.89075
AdamP on PCam_transformed: T 1/3 | E 33/200 Ended | E Time: 10.371s | ~Time Left: 1731.903s |  Train Loss: 0.4164 | Train Acc. 81.7000% | Test Loss: 0.4259 | Test Acc. 79.7500%
Train AUC: 0.887516
Valid AUC: 0.8808999999999999
AdamP on PCam_transformed: T 1/3 | E 34/200 Ended | E Time: 10.654s | ~Time Left: 1768.593s |  Train Loss: 0.4182 | Train Acc. 82.0500% | Test Loss: 0.4388 | Test Acc. 80.0000%
Train AUC: 0.8871389999999999
Valid AUC: 0.8349249999999999
AdamP on PCam_transformed: T 1/3 | E 35/200 Ended | E Time: 10.450s | ~Time Left: 1724.180s |  Train Loss: 0.4209 | Train Acc. 81.3000% | Test Loss: 0.5158 | Test Acc. 76.5000%
Train AUC: 0.8850210000000001
Valid AUC: 0.8798499999999999
AdamP on PCam_transformed: T 1/3 | E 36/200 Ended | E Time: 10.525s | ~Time Left: 1726.152s |  Train Loss: 0.4224 | Train Acc. 81.8000% | Test Loss: 0.4397 | Test Acc. 78.5000%
Train AUC: 0.887726
Valid AUC: 0.828775
AdamP on PCam_transformed: T 1/3 | E 37/200 Ended | E Time: 10.482s | ~Time Left: 1708.533s |  Train Loss: 0.4167 | Train Acc. 81.7000% | Test Loss: 0.4515 | Test Acc. 78.2500%
Train AUC: 0.894425
Valid AUC: 0.891825
AdamP on PCam_transformed: T 1/3 | E 38/200 Ended | E Time: 10.509s | ~Time Left: 1702.465s |  Train Loss: 0.4044 | Train Acc. 82.8000% | Test Loss: 0.4255 | Test Acc. 80.2500%
Train AUC: 0.899024
Valid AUC: 0.8686999999999999
AdamP on PCam_transformed: T 1/3 | E 39/200 Ended | E Time: 10.432s | ~Time Left: 1679.530s |  Train Loss: 0.4020 | Train Acc. 83.1000% | Test Loss: 0.4600 | Test Acc. 78.5000%
Train AUC: 0.896646
Valid AUC: 0.87725
AdamP on PCam_transformed: T 1/3 | E 40/200 Ended | E Time: 10.450s | ~Time Left: 1672.076s |  Train Loss: 0.4080 | Train Acc. 82.7000% | Test Loss: 0.4620 | Test Acc. 78.7500%
Train AUC: 0.891107
Valid AUC: 0.8785499999999999
AdamP on PCam_transformed: T 1/3 | E 41/200 Ended | E Time: 10.458s | ~Time Left: 1662.773s |  Train Loss: 0.4137 | Train Acc. 81.2000% | Test Loss: 0.4142 | Test Acc. 82.5000%
Train AUC: 0.8945150000000001
Valid AUC: 0.831
AdamP on PCam_transformed: T 1/3 | E 42/200 Ended | E Time: 10.406s | ~Time Left: 1644.085s |  Train Loss: 0.4078 | Train Acc. 81.9000% | Test Loss: 0.5341 | Test Acc. 74.0000%
Train AUC: 0.9033780000000001
Valid AUC: 0.8875249999999999
AdamP on PCam_transformed: T 1/3 | E 43/200 Ended | E Time: 10.644s | ~Time Left: 1671.101s |  Train Loss: 0.3904 | Train Acc. 83.0000% | Test Loss: 0.4680 | Test Acc. 79.2500%
Train AUC: 0.894435
Valid AUC: 0.8625
AdamP on PCam_transformed: T 1/3 | E 44/200 Ended | E Time: 10.652s | ~Time Left: 1661.715s |  Train Loss: 0.4088 | Train Acc. 83.3500% | Test Loss: 0.4720 | Test Acc. 78.2500%
Train AUC: 0.900648
Valid AUC: 0.8377000000000001
AdamP on PCam_transformed: T 1/3 | E 45/200 Ended | E Time: 10.519s | ~Time Left: 1630.415s |  Train Loss: 0.3979 | Train Acc. 83.3500% | Test Loss: 0.4835 | Test Acc. 77.0000%
Train AUC: 0.9017529999999999
Valid AUC: 0.8995500000000001
AdamP on PCam_transformed: T 1/3 | E 46/200 Ended | E Time: 10.393s | ~Time Left: 1600.578s |  Train Loss: 0.3965 | Train Acc. 83.1500% | Test Loss: 0.4133 | Test Acc. 81.0000%
Train AUC: 0.90407
Valid AUC: 0.8470750000000001
AdamP on PCam_transformed: T 1/3 | E 47/200 Ended | E Time: 10.423s | ~Time Left: 1594.722s |  Train Loss: 0.3893 | Train Acc. 84.3500% | Test Loss: 0.5228 | Test Acc. 75.0000%
Train AUC: 0.9023469999999999
Valid AUC: 0.8470499999999999
AdamP on PCam_transformed: T 1/3 | E 48/200 Ended | E Time: 10.424s | ~Time Left: 1584.424s |  Train Loss: 0.3938 | Train Acc. 82.6000% | Test Loss: 0.4321 | Test Acc. 80.2500%
Train AUC: 0.9059579999999999
Valid AUC: 0.8786
AdamP on PCam_transformed: T 1/3 | E 49/200 Ended | E Time: 10.398s | ~Time Left: 1570.049s |  Train Loss: 0.3841 | Train Acc. 83.4500% | Test Loss: 0.4442 | Test Acc. 78.7500%
Train AUC: 0.90157
Valid AUC: 0.89015
AdamP on PCam_transformed: T 1/3 | E 50/200 Ended | E Time: 10.442s | ~Time Left: 1566.314s |  Train Loss: 0.3907 | Train Acc. 83.0500% | Test Loss: 0.4230 | Test Acc. 79.2500%
Train AUC: 0.909328
Valid AUC: 0.8799
AdamP on PCam_transformed: T 1/3 | E 51/200 Ended | E Time: 10.391s | ~Time Left: 1548.309s |  Train Loss: 0.3815 | Train Acc. 84.2500% | Test Loss: 0.4300 | Test Acc. 79.2500%
Train AUC: 0.897079
Valid AUC: 0.8942749999999999
AdamP on PCam_transformed: T 1/3 | E 52/200 Ended | E Time: 10.424s | ~Time Left: 1542.772s |  Train Loss: 0.3985 | Train Acc. 82.6000% | Test Loss: 0.4030 | Test Acc. 81.7500%
Train AUC: 0.90769
Valid AUC: 0.874375
AdamP on PCam_transformed: T 1/3 | E 53/200 Ended | E Time: 10.396s | ~Time Left: 1528.209s |  Train Loss: 0.3840 | Train Acc. 83.7000% | Test Loss: 0.4256 | Test Acc. 79.0000%
Train AUC: 0.905817
Valid AUC: 0.894775
AdamP on PCam_transformed: T 1/3 | E 54/200 Ended | E Time: 10.442s | ~Time Left: 1524.486s |  Train Loss: 0.3813 | Train Acc. 83.7000% | Test Loss: 0.4275 | Test Acc. 80.5000%
Train AUC: 0.9021729999999999
Valid AUC: 0.8872249999999999
AdamP on PCam_transformed: T 1/3 | E 55/200 Ended | E Time: 10.459s | ~Time Left: 1516.531s |  Train Loss: 0.3946 | Train Acc. 82.9000% | Test Loss: 0.4182 | Test Acc. 80.0000%
Train AUC: 0.90419
Valid AUC: 0.89275
AdamP on PCam_transformed: T 1/3 | E 56/200 Ended | E Time: 10.481s | ~Time Left: 1509.249s |  Train Loss: 0.3878 | Train Acc. 83.2500% | Test Loss: 0.4161 | Test Acc. 80.2500%
Train AUC: 0.9047044999999999
Valid AUC: 0.895125
AdamP on PCam_transformed: T 1/3 | E 57/200 Ended | E Time: 10.404s | ~Time Left: 1487.775s |  Train Loss: 0.3885 | Train Acc. 83.0000% | Test Loss: 0.4490 | Test Acc. 78.0000%
Train AUC: 0.9155310000000001
Valid AUC: 0.87645
AdamP on PCam_transformed: T 1/3 | E 58/200 Ended | E Time: 10.535s | ~Time Left: 1495.955s |  Train Loss: 0.3660 | Train Acc. 85.0000% | Test Loss: 0.4519 | Test Acc. 80.7500%
Train AUC: 0.90608
Valid AUC: 0.8797499999999999
AdamP on PCam_transformed: T 1/3 | E 59/200 Ended | E Time: 10.509s | ~Time Left: 1481.725s |  Train Loss: 0.3877 | Train Acc. 83.4500% | Test Loss: 0.4303 | Test Acc. 79.7500%
Train AUC: 0.921125
Valid AUC: 0.9011
AdamP on PCam_transformed: T 1/3 | E 60/200 Ended | E Time: 10.404s | ~Time Left: 1456.619s |  Train Loss: 0.3555 | Train Acc. 84.1000% | Test Loss: 0.4154 | Test Acc. 81.5000%
Train AUC: 0.9174229999999998
Valid AUC: 0.8882
AdamP on PCam_transformed: T 1/3 | E 61/200 Ended | E Time: 10.459s | ~Time Left: 1453.792s |  Train Loss: 0.3649 | Train Acc. 84.2000% | Test Loss: 0.4220 | Test Acc. 79.7500%
Train AUC: 0.9093159999999999
Valid AUC: 0.884525
AdamP on PCam_transformed: T 1/3 | E 62/200 Ended | E Time: 10.506s | ~Time Left: 1449.894s |  Train Loss: 0.3825 | Train Acc. 83.9500% | Test Loss: 0.4226 | Test Acc. 81.5000%
Train AUC: 0.915583
Valid AUC: 0.8893
AdamP on PCam_transformed: T 1/3 | E 63/200 Ended | E Time: 10.444s | ~Time Left: 1430.838s |  Train Loss: 0.3624 | Train Acc. 83.7000% | Test Loss: 0.4429 | Test Acc. 78.5000%
Train AUC: 0.921642
Valid AUC: 0.871575
AdamP on PCam_transformed: T 1/3 | E 64/200 Ended | E Time: 10.400s | ~Time Left: 1414.352s |  Train Loss: 0.3527 | Train Acc. 85.5000% | Test Loss: 0.4527 | Test Acc. 79.2500%
Train AUC: 0.91619
Valid AUC: 0.8922000000000001
AdamP on PCam_transformed: T 1/3 | E 65/200 Ended | E Time: 10.453s | ~Time Left: 1411.107s |  Train Loss: 0.3649 | Train Acc. 84.2000% | Test Loss: 0.4193 | Test Acc. 81.2500%
Train AUC: 0.9213285
Valid AUC: 0.8991
AdamP on PCam_transformed: T 1/3 | E 66/200 Ended | E Time: 10.458s | ~Time Left: 1401.402s |  Train Loss: 0.3525 | Train Acc. 84.7000% | Test Loss: 0.4234 | Test Acc. 81.0000%
Train AUC: 0.9228959999999999
Valid AUC: 0.90325
AdamP on PCam_transformed: T 1/3 | E 67/200 Ended | E Time: 10.424s | ~Time Left: 1386.379s |  Train Loss: 0.3518 | Train Acc. 84.7500% | Test Loss: 0.4320 | Test Acc. 82.5000%
Train AUC: 0.916866
Valid AUC: 0.88295
AdamP on PCam_transformed: T 1/3 | E 68/200 Ended | E Time: 10.466s | ~Time Left: 1381.576s |  Train Loss: 0.3608 | Train Acc. 84.3000% | Test Loss: 0.4427 | Test Acc. 80.0000%
Train AUC: 0.919488
Valid AUC: 0.89775
AdamP on PCam_transformed: T 1/3 | E 69/200 Ended | E Time: 10.446s | ~Time Left: 1368.373s |  Train Loss: 0.3574 | Train Acc. 85.0500% | Test Loss: 0.4190 | Test Acc. 80.0000%
Train AUC: 0.9176759999999999
Valid AUC: 0.8121749999999999
AdamP on PCam_transformed: T 1/3 | E 70/200 Ended | E Time: 10.350s | ~Time Left: 1345.491s |  Train Loss: 0.3620 | Train Acc. 84.5000% | Test Loss: 0.5237 | Test Acc. 73.7500%
Train AUC: 0.9180419999999999
Valid AUC: 0.874775
AdamP on PCam_transformed: T 1/3 | E 71/200 Ended | E Time: 10.418s | ~Time Left: 1343.906s |  Train Loss: 0.3617 | Train Acc. 84.1500% | Test Loss: 0.4363 | Test Acc. 80.5000%
Train AUC: 0.9245190000000001
Valid AUC: 0.881075
AdamP on PCam_transformed: T 1/3 | E 72/200 Ended | E Time: 10.447s | ~Time Left: 1337.190s |  Train Loss: 0.3463 | Train Acc. 85.0000% | Test Loss: 0.4084 | Test Acc. 80.5000%
Train AUC: 0.923608
Valid AUC: 0.8989999999999999
AdamP on PCam_transformed: T 1/3 | E 73/200 Ended | E Time: 10.442s | ~Time Left: 1326.157s |  Train Loss: 0.3476 | Train Acc. 85.0500% | Test Loss: 0.3985 | Test Acc. 81.5000%
Train AUC: 0.9240110000000001
Valid AUC: 0.8992499999999999
AdamP on PCam_transformed: T 1/3 | E 74/200 Ended | E Time: 10.415s | ~Time Left: 1312.270s |  Train Loss: 0.3501 | Train Acc. 85.3000% | Test Loss: 0.4060 | Test Acc. 80.5000%
Train AUC: 0.9146810000000001
Valid AUC: 0.8892500000000001
AdamP on PCam_transformed: T 1/3 | E 75/200 Ended | E Time: 10.426s | ~Time Left: 1303.311s |  Train Loss: 0.3723 | Train Acc. 84.5000% | Test Loss: 0.4221 | Test Acc. 79.0000%
Train AUC: 0.9193769999999998
Valid AUC: 0.8664000000000001
AdamP on PCam_transformed: T 1/3 | E 76/200 Ended | E Time: 10.430s | ~Time Left: 1293.284s |  Train Loss: 0.3585 | Train Acc. 85.0000% | Test Loss: 0.4980 | Test Acc. 77.5000%
Train AUC: 0.925702
Valid AUC: 0.884725
AdamP on PCam_transformed: T 1/3 | E 77/200 Ended | E Time: 10.484s | ~Time Left: 1289.569s |  Train Loss: 0.3448 | Train Acc. 85.4500% | Test Loss: 0.4392 | Test Acc. 80.0000%
Train AUC: 0.9163009999999999
Valid AUC: 0.9089499999999999
AdamP on PCam_transformed: T 1/3 | E 78/200 Ended | E Time: 10.499s | ~Time Left: 1280.908s |  Train Loss: 0.3663 | Train Acc. 84.7000% | Test Loss: 0.3955 | Test Acc. 80.5000%
Train AUC: 0.927566
Valid AUC: 0.88805
AdamP on PCam_transformed: T 1/3 | E 79/200 Ended | E Time: 10.341s | ~Time Left: 1251.255s |  Train Loss: 0.3401 | Train Acc. 84.6000% | Test Loss: 0.4409 | Test Acc. 78.7500%
Train AUC: 0.925827
Valid AUC: 0.88465
AdamP on PCam_transformed: T 1/3 | E 80/200 Ended | E Time: 10.489s | ~Time Left: 1258.666s |  Train Loss: 0.3455 | Train Acc. 85.3500% | Test Loss: 0.4383 | Test Acc. 80.0000%
Train AUC: 0.9172419999999999
Valid AUC: 0.8786
AdamP on PCam_transformed: T 1/3 | E 81/200 Ended | E Time: 10.389s | ~Time Left: 1236.298s |  Train Loss: 0.3663 | Train Acc. 84.0000% | Test Loss: 0.4362 | Test Acc. 78.5000%
Train AUC: 0.922485
Valid AUC: 0.905275
AdamP on PCam_transformed: T 1/3 | E 82/200 Ended | E Time: 10.358s | ~Time Left: 1222.296s |  Train Loss: 0.3541 | Train Acc. 85.1000% | Test Loss: 0.3870 | Test Acc. 80.7500%
Train AUC: 0.9240109999999999
Valid AUC: 0.896875
AdamP on PCam_transformed: T 1/3 | E 83/200 Ended | E Time: 10.509s | ~Time Left: 1229.554s |  Train Loss: 0.3470 | Train Acc. 85.5000% | Test Loss: 0.4170 | Test Acc. 81.7500%
Train AUC: 0.923459
Valid AUC: 0.8644249999999999
AdamP on PCam_transformed: T 1/3 | E 84/200 Ended | E Time: 10.456s | ~Time Left: 1212.876s |  Train Loss: 0.3513 | Train Acc. 84.7000% | Test Loss: 0.4600 | Test Acc. 79.0000%
Train AUC: 0.928104
Valid AUC: 0.85875
AdamP on PCam_transformed: T 1/3 | E 85/200 Ended | E Time: 10.495s | ~Time Left: 1206.976s |  Train Loss: 0.3433 | Train Acc. 85.4500% | Test Loss: 0.4936 | Test Acc. 76.0000%
Train AUC: 0.924448
Valid AUC: 0.8547
AdamP on PCam_transformed: T 1/3 | E 86/200 Ended | E Time: 10.439s | ~Time Left: 1190.075s |  Train Loss: 0.3483 | Train Acc. 85.2000% | Test Loss: 0.4754 | Test Acc. 78.0000%
Train AUC: 0.934371
Valid AUC: 0.891075
AdamP on PCam_transformed: T 1/3 | E 87/200 Ended | E Time: 10.452s | ~Time Left: 1181.031s |  Train Loss: 0.3240 | Train Acc. 86.5000% | Test Loss: 0.4977 | Test Acc. 80.2500%
Train AUC: 0.9253530000000001
Valid AUC: 0.897775
AdamP on PCam_transformed: T 1/3 | E 88/200 Ended | E Time: 10.483s | ~Time Left: 1174.077s |  Train Loss: 0.3510 | Train Acc. 85.3000% | Test Loss: 0.4385 | Test Acc. 81.2500%
Train AUC: 0.9263399999999999
Valid AUC: 0.9049499999999999
AdamP on PCam_transformed: T 1/3 | E 89/200 Ended | E Time: 10.433s | ~Time Left: 1158.078s |  Train Loss: 0.3444 | Train Acc. 85.9000% | Test Loss: 0.3971 | Test Acc. 80.2500%
Train AUC: 0.937987
Valid AUC: 0.8944
AdamP on PCam_transformed: T 1/3 | E 90/200 Ended | E Time: 10.476s | ~Time Left: 1152.394s |  Train Loss: 0.3163 | Train Acc. 86.2500% | Test Loss: 0.4314 | Test Acc. 80.2500%
Train AUC: 0.9252059999999999
Valid AUC: 0.88145
AdamP on PCam_transformed: T 1/3 | E 91/200 Ended | E Time: 10.463s | ~Time Left: 1140.467s |  Train Loss: 0.3469 | Train Acc. 85.0000% | Test Loss: 0.4382 | Test Acc. 78.5000%
Train AUC: 0.9252540000000001
Valid AUC: 0.8472249999999999
AdamP on PCam_transformed: T 1/3 | E 92/200 Ended | E Time: 10.405s | ~Time Left: 1123.699s |  Train Loss: 0.3448 | Train Acc. 86.2000% | Test Loss: 0.4913 | Test Acc. 76.2500%
Train AUC: 0.9378850000000001
Valid AUC: 0.880975
AdamP on PCam_transformed: T 1/3 | E 93/200 Ended | E Time: 10.466s | ~Time Left: 1119.818s |  Train Loss: 0.3175 | Train Acc. 86.4500% | Test Loss: 0.4461 | Test Acc. 78.7500%
Train AUC: 0.930363
Valid AUC: 0.90385
AdamP on PCam_transformed: T 1/3 | E 94/200 Ended | E Time: 10.473s | ~Time Left: 1110.135s |  Train Loss: 0.3367 | Train Acc. 86.1500% | Test Loss: 0.3876 | Test Acc. 82.7500%
Train AUC: 0.934974
Valid AUC: 0.8937499999999999
AdamP on PCam_transformed: T 1/3 | E 95/200 Ended | E Time: 10.374s | ~Time Left: 1089.250s |  Train Loss: 0.3239 | Train Acc. 86.8500% | Test Loss: 0.4196 | Test Acc. 79.5000%
Train AUC: 0.940636
Valid AUC: 0.882925
AdamP on PCam_transformed: T 1/3 | E 96/200 Ended | E Time: 10.368s | ~Time Left: 1078.257s |  Train Loss: 0.3069 | Train Acc. 87.0500% | Test Loss: 0.4580 | Test Acc. 77.7500%
Train AUC: 0.9285909999999999
Valid AUC: 0.873575
AdamP on PCam_transformed: T 1/3 | E 97/200 Ended | E Time: 10.461s | ~Time Left: 1077.481s |  Train Loss: 0.3398 | Train Acc. 85.5500% | Test Loss: 0.4589 | Test Acc. 80.7500%
Train AUC: 0.9258170000000001
Valid AUC: 0.8831749999999999
AdamP on PCam_transformed: T 1/3 | E 98/200 Ended | E Time: 10.470s | ~Time Left: 1067.901s |  Train Loss: 0.3443 | Train Acc. 85.1000% | Test Loss: 0.4438 | Test Acc. 77.7500%
Train AUC: 0.9366859999999999
Valid AUC: 0.8877249999999999
AdamP on PCam_transformed: T 1/3 | E 99/200 Ended | E Time: 10.439s | ~Time Left: 1054.346s |  Train Loss: 0.3189 | Train Acc. 86.4500% | Test Loss: 0.4101 | Test Acc. 82.0000%
Train AUC: 0.9318900000000001
Valid AUC: 0.86535
AdamP on PCam_transformed: T 1/3 | E 100/200 Ended | E Time: 10.479s | ~Time Left: 1047.891s |  Train Loss: 0.3287 | Train Acc. 85.2000% | Test Loss: 0.4582 | Test Acc. 79.5000%
Train AUC: 0.937956
Valid AUC: 0.883175
AdamP on PCam_transformed: T 1/3 | E 101/200 Ended | E Time: 10.462s | ~Time Left: 1035.694s |  Train Loss: 0.3186 | Train Acc. 86.9000% | Test Loss: 0.4860 | Test Acc. 79.0000%
Train AUC: 0.932923
Valid AUC: 0.895525
AdamP on PCam_transformed: T 1/3 | E 102/200 Ended | E Time: 10.438s | ~Time Left: 1022.934s |  Train Loss: 0.3268 | Train Acc. 86.2500% | Test Loss: 0.4290 | Test Acc. 80.0000%
Train AUC: 0.9391049999999999
Valid AUC: 0.906975
AdamP on PCam_transformed: T 1/3 | E 103/200 Ended | E Time: 10.425s | ~Time Left: 1011.252s |  Train Loss: 0.3142 | Train Acc. 86.9500% | Test Loss: 0.4032 | Test Acc. 82.7500%
Train AUC: 0.936925
Valid AUC: 0.8903
AdamP on PCam_transformed: T 1/3 | E 104/200 Ended | E Time: 10.358s | ~Time Left: 994.337s |  Train Loss: 0.3190 | Train Acc. 87.0500% | Test Loss: 0.4334 | Test Acc. 80.0000%
Train AUC: 0.93949
Valid AUC: 0.8976
AdamP on PCam_transformed: T 1/3 | E 105/200 Ended | E Time: 10.354s | ~Time Left: 983.613s |  Train Loss: 0.3101 | Train Acc. 87.0500% | Test Loss: 0.4421 | Test Acc. 80.2500%
Train AUC: 0.9391839999999998
Valid AUC: 0.898825
AdamP on PCam_transformed: T 1/3 | E 106/200 Ended | E Time: 10.388s | ~Time Left: 976.495s |  Train Loss: 0.3139 | Train Acc. 86.3000% | Test Loss: 0.4177 | Test Acc. 80.7500%
Train AUC: 0.935274
Valid AUC: 0.902575
AdamP on PCam_transformed: T 1/3 | E 107/200 Ended | E Time: 10.506s | ~Time Left: 977.062s |  Train Loss: 0.3227 | Train Acc. 86.0000% | Test Loss: 0.4555 | Test Acc. 80.2500%
Train AUC: 0.9442049999999998
Valid AUC: 0.8015499999999999
AdamP on PCam_transformed: T 1/3 | E 108/200 Ended | E Time: 10.503s | ~Time Left: 966.287s |  Train Loss: 0.3008 | Train Acc. 87.0500% | Test Loss: 0.5385 | Test Acc. 77.2500%
Train AUC: 0.9440590000000001
Valid AUC: 0.8897749999999999
AdamP on PCam_transformed: T 1/3 | E 109/200 Ended | E Time: 10.451s | ~Time Left: 951.003s |  Train Loss: 0.3032 | Train Acc. 87.8500% | Test Loss: 0.4267 | Test Acc. 80.0000%
Train AUC: 0.9434529999999999
Valid AUC: 0.90525
AdamP on PCam_transformed: T 1/3 | E 110/200 Ended | E Time: 10.423s | ~Time Left: 938.060s |  Train Loss: 0.3004 | Train Acc. 86.7500% | Test Loss: 0.4282 | Test Acc. 79.7500%
Train AUC: 0.93921
Valid AUC: 0.87085
AdamP on PCam_transformed: T 1/3 | E 111/200 Ended | E Time: 10.354s | ~Time Left: 921.511s |  Train Loss: 0.3115 | Train Acc. 87.6500% | Test Loss: 0.4828 | Test Acc. 80.5000%
Train AUC: 0.938685
Valid AUC: 0.8925
AdamP on PCam_transformed: T 1/3 | E 112/200 Ended | E Time: 10.437s | ~Time Left: 918.449s |  Train Loss: 0.3123 | Train Acc. 86.9000% | Test Loss: 0.5567 | Test Acc. 77.5000%
Train AUC: 0.9444980000000002
Valid AUC: 0.8820999999999999
AdamP on PCam_transformed: T 1/3 | E 113/200 Ended | E Time: 10.479s | ~Time Left: 911.648s |  Train Loss: 0.2992 | Train Acc. 87.5500% | Test Loss: 0.4991 | Test Acc. 78.7500%
Train AUC: 0.9498450000000002
Valid AUC: 0.892575
AdamP on PCam_transformed: T 1/3 | E 114/200 Ended | E Time: 10.492s | ~Time Left: 902.313s |  Train Loss: 0.2868 | Train Acc. 87.7500% | Test Loss: 0.4787 | Test Acc. 78.5000%
Train AUC: 0.9433509999999998
Valid AUC: 0.8876499999999999
AdamP on PCam_transformed: T 1/3 | E 115/200 Ended | E Time: 10.406s | ~Time Left: 884.523s |  Train Loss: 0.3021 | Train Acc. 87.6000% | Test Loss: 0.4985 | Test Acc. 79.7500%
Train AUC: 0.9454049999999999
Valid AUC: 0.9069
AdamP on PCam_transformed: T 1/3 | E 116/200 Ended | E Time: 10.455s | ~Time Left: 878.189s |  Train Loss: 0.2980 | Train Acc. 88.0500% | Test Loss: 0.3959 | Test Acc. 80.5000%
Train AUC: 0.9394149999999999
Valid AUC: 0.90425
AdamP on PCam_transformed: T 1/3 | E 117/200 Ended | E Time: 10.455s | ~Time Left: 867.762s |  Train Loss: 0.3106 | Train Acc. 86.6500% | Test Loss: 0.4079 | Test Acc. 81.2500%
Train AUC: 0.942752
Valid AUC: 0.874625
AdamP on PCam_transformed: T 1/3 | E 118/200 Ended | E Time: 10.394s | ~Time Left: 852.300s |  Train Loss: 0.3018 | Train Acc. 87.4500% | Test Loss: 0.4789 | Test Acc. 77.7500%
Train AUC: 0.945537
Valid AUC: 0.8599249999999999
AdamP on PCam_transformed: T 1/3 | E 119/200 Ended | E Time: 10.484s | ~Time Left: 849.181s |  Train Loss: 0.2931 | Train Acc. 87.5000% | Test Loss: 0.5767 | Test Acc. 78.5000%
Train AUC: 0.9391769999999999
Valid AUC: 0.865975
AdamP on PCam_transformed: T 1/3 | E 120/200 Ended | E Time: 10.421s | ~Time Left: 833.718s |  Train Loss: 0.3136 | Train Acc. 87.3000% | Test Loss: 0.4252 | Test Acc. 81.2500%
Train AUC: 0.945929
Valid AUC: 0.8890499999999999
AdamP on PCam_transformed: T 1/3 | E 121/200 Ended | E Time: 10.459s | ~Time Left: 826.296s |  Train Loss: 0.2934 | Train Acc. 88.5500% | Test Loss: 0.4964 | Test Acc. 81.0000%
Train AUC: 0.942815
Valid AUC: 0.8723250000000001
AdamP on PCam_transformed: T 1/3 | E 122/200 Ended | E Time: 10.412s | ~Time Left: 812.102s |  Train Loss: 0.3051 | Train Acc. 87.3500% | Test Loss: 0.4398 | Test Acc. 78.5000%
Train AUC: 0.9475239999999998
Valid AUC: 0.8794500000000001
AdamP on PCam_transformed: T 1/3 | E 123/200 Ended | E Time: 10.423s | ~Time Left: 802.583s |  Train Loss: 0.2929 | Train Acc. 87.7000% | Test Loss: 0.4908 | Test Acc. 79.0000%
Train AUC: 0.9454539999999999
Valid AUC: 0.8979250000000001
AdamP on PCam_transformed: T 1/3 | E 124/200 Ended | E Time: 10.482s | ~Time Left: 796.628s |  Train Loss: 0.2967 | Train Acc. 87.6500% | Test Loss: 0.4287 | Test Acc. 81.0000%
Train AUC: 0.9544290000000001
Valid AUC: 0.8831749999999999
AdamP on PCam_transformed: T 1/3 | E 125/200 Ended | E Time: 10.384s | ~Time Left: 778.799s |  Train Loss: 0.2755 | Train Acc. 88.4500% | Test Loss: 0.4794 | Test Acc. 81.7500%
Train AUC: 0.9422820000000001
Valid AUC: 0.88605
AdamP on PCam_transformed: T 1/3 | E 126/200 Ended | E Time: 10.390s | ~Time Left: 768.832s |  Train Loss: 0.3036 | Train Acc. 87.6500% | Test Loss: 0.4768 | Test Acc. 79.0000%
Train AUC: 0.9518159999999998
Valid AUC: 0.8914749999999999
AdamP on PCam_transformed: T 1/3 | E 127/200 Ended | E Time: 10.438s | ~Time Left: 761.995s |  Train Loss: 0.2809 | Train Acc. 88.5000% | Test Loss: 0.4634 | Test Acc. 79.2500%
Train AUC: 0.9477230000000001
Valid AUC: 0.8932249999999999
AdamP on PCam_transformed: T 1/3 | E 128/200 Ended | E Time: 10.401s | ~Time Left: 748.907s |  Train Loss: 0.2855 | Train Acc. 88.1500% | Test Loss: 0.4975 | Test Acc. 80.5000%
Train AUC: 0.9518709999999999
Valid AUC: 0.8837499999999999
AdamP on PCam_transformed: T 1/3 | E 129/200 Ended | E Time: 10.369s | ~Time Left: 736.210s |  Train Loss: 0.2783 | Train Acc. 88.7500% | Test Loss: 0.4560 | Test Acc. 78.5000%
Train AUC: 0.950506
Valid AUC: 0.9101
AdamP on PCam_transformed: T 1/3 | E 130/200 Ended | E Time: 10.396s | ~Time Left: 727.707s |  Train Loss: 0.2827 | Train Acc. 88.3000% | Test Loss: 0.4312 | Test Acc. 81.7500%
Train AUC: 0.950447
Valid AUC: 0.8950500000000001
AdamP on PCam_transformed: T 1/3 | E 131/200 Ended | E Time: 10.438s | ~Time Left: 720.229s |  Train Loss: 0.2846 | Train Acc. 88.6500% | Test Loss: 0.4653 | Test Acc. 83.2500%
Train AUC: 0.9493040000000001
Valid AUC: 0.899175
AdamP on PCam_transformed: T 1/3 | E 132/200 Ended | E Time: 10.449s | ~Time Left: 710.526s |  Train Loss: 0.2870 | Train Acc. 88.1500% | Test Loss: 0.4226 | Test Acc. 81.0000%
Train AUC: 0.9580940000000001
Valid AUC: 0.9003500000000001
AdamP on PCam_transformed: T 1/3 | E 133/200 Ended | E Time: 10.364s | ~Time Left: 694.357s |  Train Loss: 0.2577 | Train Acc. 89.3500% | Test Loss: 0.4273 | Test Acc. 80.7500%
Train AUC: 0.9529699999999999
Valid AUC: 0.9082
AdamP on PCam_transformed: T 1/3 | E 134/200 Ended | E Time: 10.445s | ~Time Left: 689.342s |  Train Loss: 0.2772 | Train Acc. 88.4000% | Test Loss: 0.3915 | Test Acc. 81.7500%
Train AUC: 0.9546539999999999
Valid AUC: 0.8936249999999999
AdamP on PCam_transformed: T 1/3 | E 135/200 Ended | E Time: 10.436s | ~Time Left: 678.325s |  Train Loss: 0.2698 | Train Acc. 88.9500% | Test Loss: 0.4104 | Test Acc. 81.0000%
Train AUC: 0.951502
Valid AUC: 0.902
AdamP on PCam_transformed: T 1/3 | E 136/200 Ended | E Time: 10.424s | ~Time Left: 667.128s |  Train Loss: 0.2769 | Train Acc. 88.8500% | Test Loss: 0.4334 | Test Acc. 82.5000%
Train AUC: 0.9570659999999999
Valid AUC: 0.888
AdamP on PCam_transformed: T 1/3 | E 137/200 Ended | E Time: 10.415s | ~Time Left: 656.144s |  Train Loss: 0.2651 | Train Acc. 89.1000% | Test Loss: 0.4445 | Test Acc. 80.7500%
Train AUC: 0.9538609999999998
Valid AUC: 0.88865
AdamP on PCam_transformed: T 1/3 | E 138/200 Ended | E Time: 10.390s | ~Time Left: 644.160s |  Train Loss: 0.2742 | Train Acc. 88.6000% | Test Loss: 0.4404 | Test Acc. 79.7500%
Train AUC: 0.9518179999999999
Valid AUC: 0.896225
AdamP on PCam_transformed: T 1/3 | E 139/200 Ended | E Time: 10.474s | ~Time Left: 638.944s |  Train Loss: 0.2784 | Train Acc. 88.4000% | Test Loss: 0.4722 | Test Acc. 80.2500%
Train AUC: 0.9583679999999999
Valid AUC: 0.881075
AdamP on PCam_transformed: T 1/3 | E 140/200 Ended | E Time: 10.388s | ~Time Left: 623.251s |  Train Loss: 0.2569 | Train Acc. 89.6000% | Test Loss: 0.4429 | Test Acc. 80.7500%
Train AUC: 0.957373
Valid AUC: 0.8884249999999999
AdamP on PCam_transformed: T 1/3 | E 141/200 Ended | E Time: 10.506s | ~Time Left: 619.851s |  Train Loss: 0.2665 | Train Acc. 89.4500% | Test Loss: 0.4491 | Test Acc. 81.0000%
Train AUC: 0.956979
Valid AUC: 0.8086249999999999
AdamP on PCam_transformed: T 1/3 | E 142/200 Ended | E Time: 10.401s | ~Time Left: 603.258s |  Train Loss: 0.2644 | Train Acc. 88.8500% | Test Loss: 0.6401 | Test Acc. 76.5000%
Train AUC: 0.956154
Valid AUC: 0.8871499999999999
AdamP on PCam_transformed: T 1/3 | E 143/200 Ended | E Time: 10.440s | ~Time Left: 595.082s |  Train Loss: 0.2655 | Train Acc. 89.7500% | Test Loss: 0.5007 | Test Acc. 79.0000%
Train AUC: 0.963695
Valid AUC: 0.852425
AdamP on PCam_transformed: T 1/3 | E 144/200 Ended | E Time: 10.442s | ~Time Left: 584.779s |  Train Loss: 0.2450 | Train Acc. 89.5000% | Test Loss: 0.4757 | Test Acc. 81.7500%
Train AUC: 0.956666
Valid AUC: 0.900425
AdamP on PCam_transformed: T 1/3 | E 145/200 Ended | E Time: 10.472s | ~Time Left: 575.940s |  Train Loss: 0.2606 | Train Acc. 89.3000% | Test Loss: 0.3979 | Test Acc. 80.2500%
Train AUC: 0.9584659999999999
Valid AUC: 0.88915
AdamP on PCam_transformed: T 1/3 | E 146/200 Ended | E Time: 10.445s | ~Time Left: 564.040s |  Train Loss: 0.2613 | Train Acc. 89.5000% | Test Loss: 0.4724 | Test Acc. 79.7500%
Train AUC: 0.9616230000000001
Valid AUC: 0.907025
AdamP on PCam_transformed: T 1/3 | E 147/200 Ended | E Time: 10.379s | ~Time Left: 550.113s |  Train Loss: 0.2495 | Train Acc. 89.2000% | Test Loss: 0.5000 | Test Acc. 82.0000%
Train AUC: 0.960192
Valid AUC: 0.872825
AdamP on PCam_transformed: T 1/3 | E 148/200 Ended | E Time: 10.438s | ~Time Left: 542.773s |  Train Loss: 0.2557 | Train Acc. 89.6500% | Test Loss: 0.4628 | Test Acc. 81.0000%
Train AUC: 0.965381
Valid AUC: 0.8922749999999999
AdamP on PCam_transformed: T 1/3 | E 149/200 Ended | E Time: 10.496s | ~Time Left: 535.275s |  Train Loss: 0.2354 | Train Acc. 90.3000% | Test Loss: 0.5273 | Test Acc. 81.2500%
Train AUC: 0.9588479999999999
Valid AUC: 0.916625
AdamP on PCam_transformed: T 1/3 | E 150/200 Ended | E Time: 10.404s | ~Time Left: 520.187s |  Train Loss: 0.2613 | Train Acc. 88.9500% | Test Loss: 0.4989 | Test Acc. 82.7500%
Train AUC: 0.962304
Valid AUC: 0.8982000000000001
AdamP on PCam_transformed: T 1/3 | E 151/200 Ended | E Time: 10.469s | ~Time Left: 513.004s |  Train Loss: 0.2482 | Train Acc. 89.6000% | Test Loss: 0.4570 | Test Acc. 81.2500%
Train AUC: 0.958479
Valid AUC: 0.88625
AdamP on PCam_transformed: T 1/3 | E 152/200 Ended | E Time: 10.420s | ~Time Left: 500.147s |  Train Loss: 0.2606 | Train Acc. 88.7000% | Test Loss: 0.4744 | Test Acc. 81.0000%
Train AUC: 0.962668
Valid AUC: 0.883825
AdamP on PCam_transformed: T 1/3 | E 153/200 Ended | E Time: 10.408s | ~Time Left: 489.178s |  Train Loss: 0.2472 | Train Acc. 89.5500% | Test Loss: 0.4429 | Test Acc. 82.2500%
Train AUC: 0.964581
Valid AUC: 0.898225
AdamP on PCam_transformed: T 1/3 | E 154/200 Ended | E Time: 10.454s | ~Time Left: 480.868s |  Train Loss: 0.2406 | Train Acc. 89.8500% | Test Loss: 0.4958 | Test Acc. 81.0000%
Train AUC: 0.958974
Valid AUC: 0.878525
AdamP on PCam_transformed: T 1/3 | E 155/200 Ended | E Time: 10.461s | ~Time Left: 470.747s |  Train Loss: 0.2595 | Train Acc. 89.3500% | Test Loss: 0.6344 | Test Acc. 75.7500%
Train AUC: 0.961192
Valid AUC: 0.89695
AdamP on PCam_transformed: T 1/3 | E 156/200 Ended | E Time: 10.562s | ~Time Left: 464.723s |  Train Loss: 0.2546 | Train Acc. 89.5500% | Test Loss: 0.4048 | Test Acc. 83.0000%
Train AUC: 0.9661929999999999
Valid AUC: 0.8543499999999998
AdamP on PCam_transformed: T 1/3 | E 157/200 Ended | E Time: 10.405s | ~Time Left: 447.397s |  Train Loss: 0.2358 | Train Acc. 90.2500% | Test Loss: 0.4945 | Test Acc. 81.5000%
Train AUC: 0.9597969999999999
Valid AUC: 0.903275
AdamP on PCam_transformed: T 1/3 | E 158/200 Ended | E Time: 10.422s | ~Time Left: 437.709s |  Train Loss: 0.2534 | Train Acc. 89.5000% | Test Loss: 0.5179 | Test Acc. 80.0000%
Train AUC: 0.9650029999999999
Valid AUC: 0.88645
AdamP on PCam_transformed: T 1/3 | E 159/200 Ended | E Time: 10.605s | ~Time Left: 434.812s |  Train Loss: 0.2386 | Train Acc. 90.5000% | Test Loss: 0.5122 | Test Acc. 80.0000%
Train AUC: 0.971414
Valid AUC: 0.8905
AdamP on PCam_transformed: T 1/3 | E 160/200 Ended | E Time: 10.432s | ~Time Left: 417.289s |  Train Loss: 0.2152 | Train Acc. 91.7500% | Test Loss: 0.5350 | Test Acc. 82.2500%
Train AUC: 0.962403
Valid AUC: 0.9046749999999999
AdamP on PCam_transformed: T 1/3 | E 161/200 Ended | E Time: 10.451s | ~Time Left: 407.595s |  Train Loss: 0.2465 | Train Acc. 89.6500% | Test Loss: 0.4599 | Test Acc. 81.5000%
Train AUC: 0.9690340000000001
Valid AUC: 0.892275
AdamP on PCam_transformed: T 1/3 | E 162/200 Ended | E Time: 10.475s | ~Time Left: 398.066s |  Train Loss: 0.2249 | Train Acc. 90.2000% | Test Loss: 0.5165 | Test Acc. 81.5000%
Train AUC: 0.964143
Valid AUC: 0.896525
AdamP on PCam_transformed: T 1/3 | E 163/200 Ended | E Time: 10.429s | ~Time Left: 385.871s |  Train Loss: 0.2407 | Train Acc. 90.2500% | Test Loss: 0.5351 | Test Acc. 81.0000%
Train AUC: 0.96661
Valid AUC: 0.8714000000000001
AdamP on PCam_transformed: T 1/3 | E 164/200 Ended | E Time: 10.448s | ~Time Left: 376.137s |  Train Loss: 0.2406 | Train Acc. 90.5000% | Test Loss: 0.5695 | Test Acc. 76.7500%
Train AUC: 0.962902
Valid AUC: 0.894825
AdamP on PCam_transformed: T 1/3 | E 165/200 Ended | E Time: 10.396s | ~Time Left: 363.852s |  Train Loss: 0.2422 | Train Acc. 90.7000% | Test Loss: 0.5878 | Test Acc. 80.2500%
Train AUC: 0.967603
Valid AUC: 0.88485
AdamP on PCam_transformed: T 1/3 | E 166/200 Ended | E Time: 10.416s | ~Time Left: 354.132s |  Train Loss: 0.2296 | Train Acc. 90.7500% | Test Loss: 0.4827 | Test Acc. 79.7500%
Train AUC: 0.971669
Valid AUC: 0.8847750000000001
AdamP on PCam_transformed: T 1/3 | E 167/200 Ended | E Time: 10.511s | ~Time Left: 346.851s |  Train Loss: 0.2170 | Train Acc. 91.3000% | Test Loss: 0.5144 | Test Acc. 81.7500%
Train AUC: 0.970032
Valid AUC: 0.863975
AdamP on PCam_transformed: T 1/3 | E 168/200 Ended | E Time: 10.477s | ~Time Left: 335.280s |  Train Loss: 0.2214 | Train Acc. 90.9000% | Test Loss: 0.5439 | Test Acc. 80.2500%
Train AUC: 0.967241
Valid AUC: 0.8929
AdamP on PCam_transformed: T 1/3 | E 169/200 Ended | E Time: 10.553s | ~Time Left: 327.140s |  Train Loss: 0.2285 | Train Acc. 90.7000% | Test Loss: 0.5066 | Test Acc. 80.7500%
Train AUC: 0.970202
Valid AUC: 0.899575
AdamP on PCam_transformed: T 1/3 | E 170/200 Ended | E Time: 10.343s | ~Time Left: 310.296s |  Train Loss: 0.2197 | Train Acc. 91.2000% | Test Loss: 0.4674 | Test Acc. 80.5000%
Train AUC: 0.973077
Valid AUC: 0.9282499999999999
AdamP on PCam_transformed: T 1/3 | E 171/200 Ended | E Time: 10.419s | ~Time Left: 302.153s |  Train Loss: 0.2107 | Train Acc. 91.6000% | Test Loss: 0.4076 | Test Acc. 81.0000%
Train AUC: 0.972697
Valid AUC: 0.894125
AdamP on PCam_transformed: T 1/3 | E 172/200 Ended | E Time: 10.447s | ~Time Left: 292.527s |  Train Loss: 0.2123 | Train Acc. 90.8000% | Test Loss: 0.5612 | Test Acc. 80.7500%
Train AUC: 0.9712999999999999
Valid AUC: 0.89965
AdamP on PCam_transformed: T 1/3 | E 173/200 Ended | E Time: 10.432s | ~Time Left: 281.673s |  Train Loss: 0.2151 | Train Acc. 91.1000% | Test Loss: 0.5792 | Test Acc. 83.2500%
Train AUC: 0.968048
Valid AUC: 0.8826499999999999
AdamP on PCam_transformed: T 1/3 | E 174/200 Ended | E Time: 10.403s | ~Time Left: 270.467s |  Train Loss: 0.2296 | Train Acc. 91.2500% | Test Loss: 0.4991 | Test Acc. 79.5000%
Train AUC: 0.9714859999999998
Valid AUC: 0.883475
AdamP on PCam_transformed: T 1/3 | E 175/200 Ended | E Time: 10.464s | ~Time Left: 261.599s |  Train Loss: 0.2161 | Train Acc. 91.9500% | Test Loss: 0.4444 | Test Acc. 81.7500%
Train AUC: 0.9723169999999999
Valid AUC: 0.8912500000000001
AdamP on PCam_transformed: T 1/3 | E 176/200 Ended | E Time: 10.541s | ~Time Left: 252.974s |  Train Loss: 0.2173 | Train Acc. 91.6500% | Test Loss: 0.5217 | Test Acc. 80.7500%
Train AUC: 0.9712890000000001
Valid AUC: 0.889775
AdamP on PCam_transformed: T 1/3 | E 177/200 Ended | E Time: 10.506s | ~Time Left: 241.649s |  Train Loss: 0.2147 | Train Acc. 91.2500% | Test Loss: 0.4878 | Test Acc. 80.0000%
Train AUC: 0.97258
Valid AUC: 0.8664999999999998
AdamP on PCam_transformed: T 1/3 | E 178/200 Ended | E Time: 10.444s | ~Time Left: 229.774s |  Train Loss: 0.2104 | Train Acc. 91.7500% | Test Loss: 0.6375 | Test Acc. 78.2500%
Train AUC: 0.973745
Valid AUC: 0.91445
AdamP on PCam_transformed: T 1/3 | E 179/200 Ended | E Time: 10.549s | ~Time Left: 221.532s |  Train Loss: 0.2080 | Train Acc. 92.0500% | Test Loss: 0.4024 | Test Acc. 82.2500%
Train AUC: 0.970326
Valid AUC: 0.88635
AdamP on PCam_transformed: T 1/3 | E 180/200 Ended | E Time: 10.378s | ~Time Left: 207.561s |  Train Loss: 0.2221 | Train Acc. 91.8500% | Test Loss: 0.3995 | Test Acc. 81.0000%
Train AUC: 0.9712689999999999
Valid AUC: 0.8816999999999998
AdamP on PCam_transformed: T 1/3 | E 181/200 Ended | E Time: 10.433s | ~Time Left: 198.219s |  Train Loss: 0.2169 | Train Acc. 91.1000% | Test Loss: 0.4875 | Test Acc. 79.5000%
Train AUC: 0.975661
Valid AUC: 0.909075
AdamP on PCam_transformed: T 1/3 | E 182/200 Ended | E Time: 10.388s | ~Time Left: 186.988s |  Train Loss: 0.2000 | Train Acc. 91.8000% | Test Loss: 0.3985 | Test Acc. 83.0000%
Train AUC: 0.9782529999999999
Valid AUC: 0.902025
AdamP on PCam_transformed: T 1/3 | E 183/200 Ended | E Time: 10.408s | ~Time Left: 176.937s |  Train Loss: 0.1875 | Train Acc. 92.2000% | Test Loss: 0.4994 | Test Acc. 82.5000%
Train AUC: 0.9806779999999999
Valid AUC: 0.8964999999999999
AdamP on PCam_transformed: T 1/3 | E 184/200 Ended | E Time: 10.464s | ~Time Left: 167.421s |  Train Loss: 0.1770 | Train Acc. 92.9000% | Test Loss: 0.6246 | Test Acc. 80.5000%
Train AUC: 0.969927
Valid AUC: 0.8831
AdamP on PCam_transformed: T 1/3 | E 185/200 Ended | E Time: 10.431s | ~Time Left: 156.460s |  Train Loss: 0.2211 | Train Acc. 90.8000% | Test Loss: 0.6572 | Test Acc. 78.0000%
Train AUC: 0.973341
Valid AUC: 0.8877
AdamP on PCam_transformed: T 1/3 | E 186/200 Ended | E Time: 10.422s | ~Time Left: 145.910s |  Train Loss: 0.2064 | Train Acc. 91.7500% | Test Loss: 0.5206 | Test Acc. 81.2500%
Train AUC: 0.973812
Valid AUC: 0.87695
AdamP on PCam_transformed: T 1/3 | E 187/200 Ended | E Time: 10.476s | ~Time Left: 136.188s |  Train Loss: 0.2081 | Train Acc. 91.8500% | Test Loss: 0.6131 | Test Acc. 78.2500%
Train AUC: 0.9736950000000001
Valid AUC: 0.8834
AdamP on PCam_transformed: T 1/3 | E 188/200 Ended | E Time: 10.464s | ~Time Left: 125.571s |  Train Loss: 0.2050 | Train Acc. 91.7500% | Test Loss: 0.4968 | Test Acc. 78.2500%
Train AUC: 0.969263
Valid AUC: 0.8898999999999999
AdamP on PCam_transformed: T 1/3 | E 189/200 Ended | E Time: 10.454s | ~Time Left: 114.994s |  Train Loss: 0.2253 | Train Acc. 91.1000% | Test Loss: 0.5163 | Test Acc. 79.5000%
Train AUC: 0.9772879999999999
Valid AUC: 0.889675
AdamP on PCam_transformed: T 1/3 | E 190/200 Ended | E Time: 10.408s | ~Time Left: 104.084s |  Train Loss: 0.1908 | Train Acc. 92.8500% | Test Loss: 0.5177 | Test Acc. 79.7500%
Train AUC: 0.9740099999999999
Valid AUC: 0.9054
AdamP on PCam_transformed: T 1/3 | E 191/200 Ended | E Time: 10.473s | ~Time Left: 94.254s |  Train Loss: 0.2072 | Train Acc. 91.7000% | Test Loss: 0.4309 | Test Acc. 80.5000%
Train AUC: 0.978634
Valid AUC: 0.91535
AdamP on PCam_transformed: T 1/3 | E 192/200 Ended | E Time: 10.446s | ~Time Left: 83.568s |  Train Loss: 0.1873 | Train Acc. 92.6500% | Test Loss: 0.4895 | Test Acc. 84.0000%
Train AUC: 0.97831
Valid AUC: 0.8954000000000001
AdamP on PCam_transformed: T 1/3 | E 193/200 Ended | E Time: 10.439s | ~Time Left: 73.075s |  Train Loss: 0.1862 | Train Acc. 93.4000% | Test Loss: 0.5866 | Test Acc. 81.2500%
Train AUC: 0.971812
Valid AUC: 0.8573500000000001
AdamP on PCam_transformed: T 1/3 | E 194/200 Ended | E Time: 10.388s | ~Time Left: 62.325s |  Train Loss: 0.2142 | Train Acc. 92.0500% | Test Loss: 0.5647 | Test Acc. 77.5000%
Train AUC: 0.979197
Valid AUC: 0.8890250000000001
AdamP on PCam_transformed: T 1/3 | E 195/200 Ended | E Time: 10.410s | ~Time Left: 52.049s |  Train Loss: 0.1828 | Train Acc. 93.3000% | Test Loss: 0.5689 | Test Acc. 78.2500%
Train AUC: 0.982331
Valid AUC: 0.9006000000000001
AdamP on PCam_transformed: T 1/3 | E 196/200 Ended | E Time: 10.378s | ~Time Left: 41.513s |  Train Loss: 0.1683 | Train Acc. 93.3000% | Test Loss: 0.5653 | Test Acc. 82.2500%
Train AUC: 0.977684
Valid AUC: 0.90295
AdamP on PCam_transformed: T 1/3 | E 197/200 Ended | E Time: 10.427s | ~Time Left: 31.281s |  Train Loss: 0.1877 | Train Acc. 93.0500% | Test Loss: 0.4934 | Test Acc. 81.0000%
Train AUC: 0.9805110000000001
Valid AUC: 0.8821
AdamP on PCam_transformed: T 1/3 | E 198/200 Ended | E Time: 10.400s | ~Time Left: 20.800s |  Train Loss: 0.1734 | Train Acc. 94.0000% | Test Loss: 0.5424 | Test Acc. 82.0000%
Train AUC: 0.979251
Valid AUC: 0.870675
AdamP on PCam_transformed: T 1/3 | E 199/200 Ended | E Time: 10.445s | ~Time Left: 10.445s |  Train Loss: 0.1812 | Train Acc. 93.3000% | Test Loss: 0.6072 | Test Acc. 79.2500%
Train AUC: 0.9770719999999999
Valid AUC: 0.8621749999999999
AdamP on PCam_transformed: T 1/3 | E 200/200 Ended | E Time: 10.478s | ~Time Left: 0.000s |  Train Loss: 0.1897 | Train Acc. 92.8000% | Test Loss: 0.5976 | Test Acc. 80.0000%
Train AUC: 0.7786730000000001
Valid AUC: 0.7904249999999999
AdamP on PCam_transformed: T 2/3 | E 1/200 Ended | E Time: 10.405s | ~Time Left: 2070.577s |  Train Loss: 0.6052 | Train Acc. 70.0500% | Test Loss: 0.8494 | Test Acc. 72.7500%
Train AUC: 0.826843
Valid AUC: 0.79965
AdamP on PCam_transformed: T 2/3 | E 2/200 Ended | E Time: 10.414s | ~Time Left: 2061.967s |  Train Loss: 0.5201 | Train Acc. 75.8500% | Test Loss: 0.5539 | Test Acc. 72.5000%
Train AUC: 0.833435
Valid AUC: 0.8207
AdamP on PCam_transformed: T 2/3 | E 3/200 Ended | E Time: 10.468s | ~Time Left: 2062.182s |  Train Loss: 0.5077 | Train Acc. 77.0000% | Test Loss: 0.5578 | Test Acc. 74.0000%
Train AUC: 0.8395029999999999
Valid AUC: 0.8179749999999999
AdamP on PCam_transformed: T 2/3 | E 4/200 Ended | E Time: 10.605s | ~Time Left: 2078.540s |  Train Loss: 0.5021 | Train Acc. 77.0500% | Test Loss: 0.5331 | Test Acc. 76.0000%
Train AUC: 0.843125
Valid AUC: 0.845875
AdamP on PCam_transformed: T 2/3 | E 5/200 Ended | E Time: 10.532s | ~Time Left: 2053.741s |  Train Loss: 0.4947 | Train Acc. 78.3000% | Test Loss: 0.5088 | Test Acc. 76.5000%
Train AUC: 0.850645
Valid AUC: 0.8201
AdamP on PCam_transformed: T 2/3 | E 6/200 Ended | E Time: 10.491s | ~Time Left: 2035.201s |  Train Loss: 0.4776 | Train Acc. 77.5000% | Test Loss: 0.5307 | Test Acc. 75.0000%
Train AUC: 0.8555849999999999
Valid AUC: 0.8313000000000001
AdamP on PCam_transformed: T 2/3 | E 7/200 Ended | E Time: 10.512s | ~Time Left: 2028.722s |  Train Loss: 0.4703 | Train Acc. 79.0500% | Test Loss: 0.5289 | Test Acc. 74.5000%
Train AUC: 0.854441
Valid AUC: 0.8435
AdamP on PCam_transformed: T 2/3 | E 8/200 Ended | E Time: 10.565s | ~Time Left: 2028.558s |  Train Loss: 0.4752 | Train Acc. 78.5000% | Test Loss: 0.5178 | Test Acc. 76.5000%
Train AUC: 0.8682219999999999
Valid AUC: 0.8705
AdamP on PCam_transformed: T 2/3 | E 9/200 Ended | E Time: 10.428s | ~Time Left: 1991.801s |  Train Loss: 0.4496 | Train Acc. 79.1500% | Test Loss: 0.4485 | Test Acc. 79.2500%
Train AUC: 0.864149
Valid AUC: 0.7912250000000001
AdamP on PCam_transformed: T 2/3 | E 10/200 Ended | E Time: 10.413s | ~Time Left: 1978.518s |  Train Loss: 0.4622 | Train Acc. 79.0000% | Test Loss: 0.6833 | Test Acc. 73.0000%
Train AUC: 0.856063
Valid AUC: 0.8728999999999999
AdamP on PCam_transformed: T 2/3 | E 11/200 Ended | E Time: 10.433s | ~Time Left: 1971.906s |  Train Loss: 0.4776 | Train Acc. 79.4500% | Test Loss: 0.4559 | Test Acc. 78.2500%
Train AUC: 0.863755
Valid AUC: 0.8686
AdamP on PCam_transformed: T 2/3 | E 12/200 Ended | E Time: 10.486s | ~Time Left: 1971.349s |  Train Loss: 0.4608 | Train Acc. 79.6000% | Test Loss: 0.4520 | Test Acc. 78.0000%
Train AUC: 0.8745179999999999
Valid AUC: 0.8629249999999999
AdamP on PCam_transformed: T 2/3 | E 13/200 Ended | E Time: 10.468s | ~Time Left: 1957.576s |  Train Loss: 0.4464 | Train Acc. 80.2000% | Test Loss: 0.4584 | Test Acc. 76.5000%
Train AUC: 0.875783
Valid AUC: 0.86415
AdamP on PCam_transformed: T 2/3 | E 14/200 Ended | E Time: 10.498s | ~Time Left: 1952.665s |  Train Loss: 0.4421 | Train Acc. 79.3500% | Test Loss: 0.4739 | Test Acc. 74.7500%
Train AUC: 0.869942
Valid AUC: 0.8652500000000001
AdamP on PCam_transformed: T 2/3 | E 15/200 Ended | E Time: 10.443s | ~Time Left: 1932.043s |  Train Loss: 0.4545 | Train Acc. 80.1500% | Test Loss: 0.4559 | Test Acc. 77.7500%
Train AUC: 0.8774035
Valid AUC: 0.8660749999999999
AdamP on PCam_transformed: T 2/3 | E 16/200 Ended | E Time: 10.420s | ~Time Left: 1917.344s |  Train Loss: 0.4394 | Train Acc. 80.2500% | Test Loss: 0.4959 | Test Acc. 79.5000%
Train AUC: 0.869119
Valid AUC: 0.8621
AdamP on PCam_transformed: T 2/3 | E 17/200 Ended | E Time: 10.428s | ~Time Left: 1908.281s |  Train Loss: 0.4544 | Train Acc. 80.0000% | Test Loss: 0.4853 | Test Acc. 75.5000%
Train AUC: 0.884806
Valid AUC: 0.870225
AdamP on PCam_transformed: T 2/3 | E 18/200 Ended | E Time: 10.434s | ~Time Left: 1898.907s |  Train Loss: 0.4261 | Train Acc. 81.0000% | Test Loss: 0.4544 | Test Acc. 78.5000%
Train AUC: 0.882351
Valid AUC: 0.8704250000000001
AdamP on PCam_transformed: T 2/3 | E 19/200 Ended | E Time: 10.513s | ~Time Left: 1902.776s |  Train Loss: 0.4255 | Train Acc. 81.5500% | Test Loss: 0.4616 | Test Acc. 79.5000%
Train AUC: 0.8840560000000001
Valid AUC: 0.892725
AdamP on PCam_transformed: T 2/3 | E 20/200 Ended | E Time: 10.499s | ~Time Left: 1889.886s |  Train Loss: 0.4275 | Train Acc. 81.4500% | Test Loss: 0.4209 | Test Acc. 80.2500%
Train AUC: 0.87656
Valid AUC: 0.8505999999999999
AdamP on PCam_transformed: T 2/3 | E 21/200 Ended | E Time: 10.412s | ~Time Left: 1863.777s |  Train Loss: 0.4403 | Train Acc. 81.1000% | Test Loss: 0.5700 | Test Acc. 73.7500%
Train AUC: 0.8877919999999999
Valid AUC: 0.8757499999999999
AdamP on PCam_transformed: T 2/3 | E 22/200 Ended | E Time: 10.564s | ~Time Left: 1880.438s |  Train Loss: 0.4265 | Train Acc. 81.4000% | Test Loss: 0.4529 | Test Acc. 78.7500%
Train AUC: 0.879912
Valid AUC: 0.8426250000000001
AdamP on PCam_transformed: T 2/3 | E 23/200 Ended | E Time: 10.429s | ~Time Left: 1845.907s |  Train Loss: 0.4349 | Train Acc. 80.8500% | Test Loss: 0.4766 | Test Acc. 76.7500%
Train AUC: 0.8795029999999999
Valid AUC: 0.8561749999999999
AdamP on PCam_transformed: T 2/3 | E 24/200 Ended | E Time: 10.451s | ~Time Left: 1839.341s |  Train Loss: 0.4324 | Train Acc. 80.9000% | Test Loss: 0.4725 | Test Acc. 78.0000%
Train AUC: 0.8805725
Valid AUC: 0.876425
AdamP on PCam_transformed: T 2/3 | E 25/200 Ended | E Time: 10.455s | ~Time Left: 1829.546s |  Train Loss: 0.4328 | Train Acc. 80.6500% | Test Loss: 0.4689 | Test Acc. 76.5000%
Train AUC: 0.890382
Valid AUC: 0.8854
AdamP on PCam_transformed: T 2/3 | E 26/200 Ended | E Time: 10.530s | ~Time Left: 1832.288s |  Train Loss: 0.4183 | Train Acc. 81.9000% | Test Loss: 0.4238 | Test Acc. 79.0000%
Train AUC: 0.895813
Valid AUC: 0.862
AdamP on PCam_transformed: T 2/3 | E 27/200 Ended | E Time: 10.454s | ~Time Left: 1808.572s |  Train Loss: 0.4109 | Train Acc. 81.9000% | Test Loss: 0.5424 | Test Acc. 77.0000%
Train AUC: 0.8852169999999999
Valid AUC: 0.87215
AdamP on PCam_transformed: T 2/3 | E 28/200 Ended | E Time: 10.521s | ~Time Left: 1809.559s |  Train Loss: 0.4246 | Train Acc. 81.2500% | Test Loss: 0.4578 | Test Acc. 79.0000%
Train AUC: 0.88428
Valid AUC: 0.885675
AdamP on PCam_transformed: T 2/3 | E 29/200 Ended | E Time: 10.390s | ~Time Left: 1776.723s |  Train Loss: 0.4272 | Train Acc. 80.3500% | Test Loss: 0.4252 | Test Acc. 79.0000%
Train AUC: 0.8900640000000001
Valid AUC: 0.8764
AdamP on PCam_transformed: T 2/3 | E 30/200 Ended | E Time: 10.471s | ~Time Left: 1780.137s |  Train Loss: 0.4168 | Train Acc. 82.2500% | Test Loss: 0.4599 | Test Acc. 79.2500%
Train AUC: 0.898736
Valid AUC: 0.870675
AdamP on PCam_transformed: T 2/3 | E 31/200 Ended | E Time: 10.433s | ~Time Left: 1763.164s |  Train Loss: 0.4026 | Train Acc. 83.2500% | Test Loss: 0.4452 | Test Acc. 78.7500%
Train AUC: 0.891818
Valid AUC: 0.8765750000000001
AdamP on PCam_transformed: T 2/3 | E 32/200 Ended | E Time: 10.405s | ~Time Left: 1748.123s |  Train Loss: 0.4186 | Train Acc. 82.2500% | Test Loss: 0.5025 | Test Acc. 77.7500%
Train AUC: 0.8909239999999999
Valid AUC: 0.8569249999999999
AdamP on PCam_transformed: T 2/3 | E 33/200 Ended | E Time: 10.513s | ~Time Left: 1755.755s |  Train Loss: 0.4220 | Train Acc. 81.9500% | Test Loss: 0.4966 | Test Acc. 77.0000%
Train AUC: 0.8899480000000001
Valid AUC: 0.8701
AdamP on PCam_transformed: T 2/3 | E 34/200 Ended | E Time: 10.433s | ~Time Left: 1731.835s |  Train Loss: 0.4172 | Train Acc. 81.1500% | Test Loss: 0.4935 | Test Acc. 78.0000%
Train AUC: 0.900601
Valid AUC: 0.87495
AdamP on PCam_transformed: T 2/3 | E 35/200 Ended | E Time: 10.529s | ~Time Left: 1737.278s |  Train Loss: 0.3978 | Train Acc. 82.9000% | Test Loss: 0.4341 | Test Acc. 80.0000%
Train AUC: 0.8995990000000001
Valid AUC: 0.896725
AdamP on PCam_transformed: T 2/3 | E 36/200 Ended | E Time: 10.518s | ~Time Left: 1724.987s |  Train Loss: 0.3980 | Train Acc. 83.5000% | Test Loss: 0.3988 | Test Acc. 80.5000%
Train AUC: 0.899647
Valid AUC: 0.892025
AdamP on PCam_transformed: T 2/3 | E 37/200 Ended | E Time: 10.435s | ~Time Left: 1700.935s |  Train Loss: 0.4002 | Train Acc. 82.3000% | Test Loss: 0.4375 | Test Acc. 79.0000%
Train AUC: 0.906167
Valid AUC: 0.8611
AdamP on PCam_transformed: T 2/3 | E 38/200 Ended | E Time: 10.385s | ~Time Left: 1682.424s |  Train Loss: 0.3842 | Train Acc. 82.6000% | Test Loss: 0.5128 | Test Acc. 79.7500%
Train AUC: 0.8930100000000001
Valid AUC: 0.880025
AdamP on PCam_transformed: T 2/3 | E 39/200 Ended | E Time: 10.431s | ~Time Left: 1679.372s |  Train Loss: 0.4146 | Train Acc. 82.3000% | Test Loss: 0.4323 | Test Acc. 78.7500%
Train AUC: 0.896167
Valid AUC: 0.88005
AdamP on PCam_transformed: T 2/3 | E 40/200 Ended | E Time: 10.439s | ~Time Left: 1670.276s |  Train Loss: 0.4041 | Train Acc. 81.6000% | Test Loss: 0.4375 | Test Acc. 81.2500%
Train AUC: 0.907816
Valid AUC: 0.8921749999999999
AdamP on PCam_transformed: T 2/3 | E 41/200 Ended | E Time: 10.406s | ~Time Left: 1654.576s |  Train Loss: 0.3841 | Train Acc. 83.7000% | Test Loss: 0.4200 | Test Acc. 81.5000%
Train AUC: 0.9088849999999999
Valid AUC: 0.888275
AdamP on PCam_transformed: T 2/3 | E 42/200 Ended | E Time: 10.552s | ~Time Left: 1667.191s |  Train Loss: 0.3795 | Train Acc. 83.8000% | Test Loss: 0.4261 | Test Acc. 80.0000%
Train AUC: 0.8895339999999998
Valid AUC: 0.86905
AdamP on PCam_transformed: T 2/3 | E 43/200 Ended | E Time: 10.542s | ~Time Left: 1655.068s |  Train Loss: 0.4202 | Train Acc. 81.8500% | Test Loss: 0.4934 | Test Acc. 76.5000%
Train AUC: 0.902792
Valid AUC: 0.875575
AdamP on PCam_transformed: T 2/3 | E 44/200 Ended | E Time: 10.498s | ~Time Left: 1637.638s |  Train Loss: 0.3934 | Train Acc. 82.9000% | Test Loss: 0.4813 | Test Acc. 77.7500%
Train AUC: 0.89951
Valid AUC: 0.8861749999999999
AdamP on PCam_transformed: T 2/3 | E 45/200 Ended | E Time: 10.445s | ~Time Left: 1618.973s |  Train Loss: 0.4070 | Train Acc. 82.3500% | Test Loss: 0.4698 | Test Acc. 75.7500%
Train AUC: 0.903799
Valid AUC: 0.86585
AdamP on PCam_transformed: T 2/3 | E 46/200 Ended | E Time: 10.457s | ~Time Left: 1610.313s |  Train Loss: 0.3892 | Train Acc. 83.5500% | Test Loss: 0.4733 | Test Acc. 76.5000%
Train AUC: 0.909194
Valid AUC: 0.884775
AdamP on PCam_transformed: T 2/3 | E 47/200 Ended | E Time: 10.531s | ~Time Left: 1611.237s |  Train Loss: 0.3817 | Train Acc. 84.0000% | Test Loss: 0.4277 | Test Acc. 80.2500%
Train AUC: 0.89638
Valid AUC: 0.87055
AdamP on PCam_transformed: T 2/3 | E 48/200 Ended | E Time: 10.410s | ~Time Left: 1582.271s |  Train Loss: 0.4064 | Train Acc. 82.1000% | Test Loss: 0.4441 | Test Acc. 76.5000%
Train AUC: 0.902485
Valid AUC: 0.8753
AdamP on PCam_transformed: T 2/3 | E 49/200 Ended | E Time: 10.410s | ~Time Left: 1571.864s |  Train Loss: 0.3939 | Train Acc. 83.3500% | Test Loss: 0.4349 | Test Acc. 79.7500%
Train AUC: 0.8969419999999999
Valid AUC: 0.8887
AdamP on PCam_transformed: T 2/3 | E 50/200 Ended | E Time: 10.464s | ~Time Left: 1569.558s |  Train Loss: 0.4050 | Train Acc. 81.9500% | Test Loss: 0.4216 | Test Acc. 78.2500%
Train AUC: 0.910076
Valid AUC: 0.8855000000000001
AdamP on PCam_transformed: T 2/3 | E 51/200 Ended | E Time: 10.463s | ~Time Left: 1558.934s |  Train Loss: 0.3799 | Train Acc. 83.5000% | Test Loss: 0.4530 | Test Acc. 80.2500%
Train AUC: 0.9137909999999999
Valid AUC: 0.871025
AdamP on PCam_transformed: T 2/3 | E 52/200 Ended | E Time: 10.396s | ~Time Left: 1538.642s |  Train Loss: 0.3726 | Train Acc. 84.1000% | Test Loss: 0.4385 | Test Acc. 81.0000%
Train AUC: 0.905834
Valid AUC: 0.8818250000000001
AdamP on PCam_transformed: T 2/3 | E 53/200 Ended | E Time: 10.481s | ~Time Left: 1540.720s |  Train Loss: 0.3862 | Train Acc. 83.9000% | Test Loss: 0.4779 | Test Acc. 80.0000%
Train AUC: 0.904862
Valid AUC: 0.8754000000000001
AdamP on PCam_transformed: T 2/3 | E 54/200 Ended | E Time: 10.424s | ~Time Left: 1521.960s |  Train Loss: 0.3928 | Train Acc. 83.1500% | Test Loss: 0.4613 | Test Acc. 81.0000%
Train AUC: 0.9103209999999998
Valid AUC: 0.8802000000000001
AdamP on PCam_transformed: T 2/3 | E 55/200 Ended | E Time: 10.439s | ~Time Left: 1513.722s |  Train Loss: 0.3789 | Train Acc. 82.8500% | Test Loss: 0.4226 | Test Acc. 80.2500%
Train AUC: 0.908076
Valid AUC: 0.88495
AdamP on PCam_transformed: T 2/3 | E 56/200 Ended | E Time: 10.405s | ~Time Left: 1498.350s |  Train Loss: 0.3822 | Train Acc. 83.5000% | Test Loss: 0.4363 | Test Acc. 80.0000%
Train AUC: 0.9182939999999999
Valid AUC: 0.8732
AdamP on PCam_transformed: T 2/3 | E 57/200 Ended | E Time: 10.492s | ~Time Left: 1500.354s |  Train Loss: 0.3598 | Train Acc. 84.7500% | Test Loss: 0.4822 | Test Acc. 78.5000%
Train AUC: 0.9050189999999998
Valid AUC: 0.8906499999999999
AdamP on PCam_transformed: T 2/3 | E 58/200 Ended | E Time: 10.639s | ~Time Left: 1510.694s |  Train Loss: 0.3937 | Train Acc. 83.1000% | Test Loss: 0.4430 | Test Acc. 81.0000%
Train AUC: 0.918476
Valid AUC: 0.892
AdamP on PCam_transformed: T 2/3 | E 59/200 Ended | E Time: 10.395s | ~Time Left: 1465.643s |  Train Loss: 0.3628 | Train Acc. 85.3500% | Test Loss: 0.4042 | Test Acc. 81.0000%
Train AUC: 0.913092
Valid AUC: 0.88815
AdamP on PCam_transformed: T 2/3 | E 60/200 Ended | E Time: 10.446s | ~Time Left: 1462.473s |  Train Loss: 0.3721 | Train Acc. 84.1000% | Test Loss: 0.4338 | Test Acc. 79.0000%
Train AUC: 0.914947
Valid AUC: 0.8871
AdamP on PCam_transformed: T 2/3 | E 61/200 Ended | E Time: 10.388s | ~Time Left: 1443.945s |  Train Loss: 0.3692 | Train Acc. 84.7500% | Test Loss: 0.4462 | Test Acc. 81.0000%
Train AUC: 0.9217529999999999
Valid AUC: 0.897825
AdamP on PCam_transformed: T 2/3 | E 62/200 Ended | E Time: 10.439s | ~Time Left: 1440.604s |  Train Loss: 0.3547 | Train Acc. 85.4500% | Test Loss: 0.4067 | Test Acc. 81.5000%
Train AUC: 0.923862
Valid AUC: 0.892575
AdamP on PCam_transformed: T 2/3 | E 63/200 Ended | E Time: 10.465s | ~Time Left: 1433.766s |  Train Loss: 0.3512 | Train Acc. 84.8500% | Test Loss: 0.4331 | Test Acc. 79.5000%
Train AUC: 0.916739
Valid AUC: 0.8817
AdamP on PCam_transformed: T 2/3 | E 64/200 Ended | E Time: 10.479s | ~Time Left: 1425.135s |  Train Loss: 0.3671 | Train Acc. 84.3000% | Test Loss: 0.4669 | Test Acc. 76.7500%
Train AUC: 0.9200499999999998
Valid AUC: 0.9008999999999999
AdamP on PCam_transformed: T 2/3 | E 65/200 Ended | E Time: 10.450s | ~Time Left: 1410.805s |  Train Loss: 0.3596 | Train Acc. 84.6000% | Test Loss: 0.3973 | Test Acc. 81.2500%
Train AUC: 0.921496
Valid AUC: 0.884375
AdamP on PCam_transformed: T 2/3 | E 66/200 Ended | E Time: 10.501s | ~Time Left: 1407.071s |  Train Loss: 0.3537 | Train Acc. 84.9000% | Test Loss: 0.4451 | Test Acc. 82.0000%
Traceback (most recent call last):
  File "/project/6060173/zhan8425/HistoKT/ENV/lib/python3.8/site-packages/torch/serialization.py", line 372, in save
    _save(obj, opened_zipfile, pickle_module, pickle_protocol)
  File "/project/6060173/zhan8425/HistoKT/ENV/lib/python3.8/site-packages/torch/serialization.py", line 491, in _save
    zip_file.write_record(name, storage.data_ptr(), num_bytes)
OSError: [Errno 122] Disk quota exceeded

During handling of the above exception, another exception occurred:

Traceback (most recent call last):
  File "/project/6060173/zhan8425/HistoKT/ENV/lib/python3.8/site-packages/torch/serialization.py", line 373, in save
    return
  File "/project/6060173/zhan8425/HistoKT/ENV/lib/python3.8/site-packages/torch/serialization.py", line 259, in __exit__
    self.file_like.write_end_of_file()
RuntimeError: [enforce fail at inline_container.cc:274] . unexpected pos 125118336 vs 125118224

During handling of the above exception, another exception occurred:

Traceback (most recent call last):
  File "src/adas/train.py", line 871, in <module>
    main(args)
  File "src/adas/train.py", line 834, in main
    main_worker(args.gpu, ngpus_per_node, args)
  File "src/adas/train.py", line 863, in main_worker
    training_agent.train()
  File "src/adas/train.py", line 411, in train
    self.run_epochs(trial, epochs)
  File "src/adas/train.py", line 466, in run_epochs
    torch.save(
  File "/project/6060173/zhan8425/HistoKT/ENV/lib/python3.8/site-packages/torch/serialization.py", line 374, in save
    _legacy_save(obj, opened_file, pickle_module, pickle_protocol)
  File "/project/6060173/zhan8425/HistoKT/ENV/lib/python3.8/site-packages/torch/serialization.py", line 214, in __exit__
    self.file_like.close()
OSError: [Errno 122] Disk quota exceeded
terminate called after throwing an instance of 'c10::Error'
  what():  [enforce fail at inline_container.cc:274] . unexpected pos 125118336 vs 125118224
frame #0: c10::ThrowEnforceNotMet(char const*, int, char const*, std::string const&, void const*) + 0x47 (0x2b7a886fc0e7 in /project/6060173/zhan8425/HistoKT/ENV/lib/python3.8/site-packages/torch/lib/libc10.so)
frame #1: <unknown function> + 0x206a420 (0x2b7a38890420 in /project/6060173/zhan8425/HistoKT/ENV/lib/python3.8/site-packages/torch/lib/libtorch_cpu.so)
frame #2: <unknown function> + 0x20665f3 (0x2b7a3888c5f3 in /project/6060173/zhan8425/HistoKT/ENV/lib/python3.8/site-packages/torch/lib/libtorch_cpu.so)
frame #3: caffe2::serialize::PyTorchStreamWriter::writeRecord(std::string const&, void const*, unsigned long, bool) + 0xa9 (0x2b7a38890d99 in /project/6060173/zhan8425/HistoKT/ENV/lib/python3.8/site-packages/torch/lib/libtorch_cpu.so)
frame #4: caffe2::serialize::PyTorchStreamWriter::writeEndOfFile() + 0xe1 (0x2b7a388918d1 in /project/6060173/zhan8425/HistoKT/ENV/lib/python3.8/site-packages/torch/lib/libtorch_cpu.so)
frame #5: caffe2::serialize::PyTorchStreamWriter::~PyTorchStreamWriter() + 0x115 (0x2b7a388920c5 in /project/6060173/zhan8425/HistoKT/ENV/lib/python3.8/site-packages/torch/lib/libtorch_cpu.so)
frame #6: <unknown function> + 0x737903 (0x2b7a3575d903 in /project/6060173/zhan8425/HistoKT/ENV/lib/python3.8/site-packages/torch/lib/libtorch_python.so)
frame #7: <unknown function> + 0x369b90 (0x2b7a3538fb90 in /project/6060173/zhan8425/HistoKT/ENV/lib/python3.8/site-packages/torch/lib/libtorch_python.so)
frame #8: <unknown function> + 0x36adfe (0x2b7a35390dfe in /project/6060173/zhan8425/HistoKT/ENV/lib/python3.8/site-packages/torch/lib/libtorch_python.so)
<omitting python frames>
frame #22: __libc_start_main + 0xeb (0x2b7a32c75e1b in /cvmfs/soft.computecanada.ca/gentoo/2020/lib64/libc.so.6)

/var/spool/slurmd/job6958640/slurm_script: line 30: 95598 Aborted                 (core dumped) python src/adas/train.py --config PostTrainingConfigs/PCam_transformed_testing/AdamP/lr-0.0005-config-AdamP.yaml --output ADP_post_trained/PCam_transformed/AdamP/output/fine_tuning --checkpoint ADP_post_trained/PCam_transformed/AdamP/checkpoint/fine_tuning/lr-0.0005 --data $SLURM_TMPDIR --pretrained_model /home/zhan8425/projects/def-plato/zhan8425/HistoKT/.Adas-checkpoint/ADP/best_trial_2.pth.tar --freeze_encoder True
Adas: Argument Parser Options
---------------------------------------------
    config              : PostTrainingConfigs/PCam_transformed_testing/AdamP/lr-0.0005-config-AdamP.yaml
    data                : /localscratch/zhan8425.6958640.0        
    output              : ADP_post_trained/PCam_transformed/AdamP/output/deep_tuning
    checkpoint          : ADP_post_trained/PCam_transformed/AdamP/checkpoint/deep_tuning/lr-0.0005
    resume              : None                                    
    pretrained_model    : /home/zhan8425/projects/def-plato/zhan8425/HistoKT/.Adas-checkpoint/ADP/best_trial_2.pth.tar
    freeze_encoder      : 0                                       
    root                : .                                       
    save_freq           : 25                                      
    cpu                 : 0                                       
    gpu                 : 0                                       
    mpd                 : 0                                       
    dist_url            : tcp://127.0.0.1:23456                   
    dist_backend        : nccl                                    
    world_size          : -1                                      
    rank                : -1                                      
---------------------------------------------
Adas: Notice: early stop will not be used as it was set to -1.0, training till completion
Adas: Experiment Configuration
---------------------------------------------
    dataset              PCam_transformed    
    network              ResNet18            
    optimizer            AdamP               
    scheduler            None                
    level                L3Only              
    color_kwargs         {'augmentation': 'Color-Distortion', 'distortion': 0.3}
    degree_of_rotation   45                  
    vertical_flipping    0.5                 
    horizontal_flipping  0.5                 
    horizontal_shift     0.1                 
    vertical_shift       0.1                 
    gaussian_blur        0                   
    kernel_size          9                   
    variance             0.1                 
    cutout               0                   
    n_holes              1                   
    cutout_length        16                  
    init_lr              0.0005              
    early_stop_threshold -1.0                
    optimizer_kwargs     {'weight_decay': 0.0005}
    scheduler_kwargs     {'gamma': 0.5, 'step_size': 20.0}
    p                    1                   
    start_trial          0                   
    n_trials             3                   
    num_workers          4                   
    max_epochs           200                 
    mini_batch_size      32                  
    loss                 cross_entropy       
    early_stop_patience  10                  
---------------------------------------------
Adas: Pytorch device is set to cuda
Train AUC: 0.7754270000000001
Valid AUC: 0.827475
AdamP on PCam_transformed: T 1/3 | E 1/200 Ended | E Time: 10.780s | ~Time Left: 2145.184s |  Train Loss: 0.6213 | Train Acc. 70.8500% | Test Loss: 0.5713 | Test Acc. 73.5000%
Traceback (most recent call last):
  File "/project/6060173/zhan8425/HistoKT/ENV/lib/python3.8/site-packages/torch/serialization.py", line 372, in save
    _save(obj, opened_zipfile, pickle_module, pickle_protocol)
  File "/project/6060173/zhan8425/HistoKT/ENV/lib/python3.8/site-packages/torch/serialization.py", line 491, in _save
    zip_file.write_record(name, storage.data_ptr(), num_bytes)
OSError: [Errno 122] Disk quota exceeded

During handling of the above exception, another exception occurred:

Traceback (most recent call last):
  File "/project/6060173/zhan8425/HistoKT/ENV/lib/python3.8/site-packages/torch/serialization.py", line 373, in save
    return
  File "/project/6060173/zhan8425/HistoKT/ENV/lib/python3.8/site-packages/torch/serialization.py", line 259, in __exit__
    self.file_like.write_end_of_file()
RuntimeError: [enforce fail at inline_container.cc:274] . unexpected pos 3625600 vs 3625488

During handling of the above exception, another exception occurred:

Traceback (most recent call last):
  File "src/adas/train.py", line 871, in <module>
    main(args)
  File "src/adas/train.py", line 834, in main
    main_worker(args.gpu, ngpus_per_node, args)
  File "src/adas/train.py", line 863, in main_worker
    training_agent.train()
  File "src/adas/train.py", line 411, in train
    self.run_epochs(trial, epochs)
  File "src/adas/train.py", line 462, in run_epochs
    torch.save(data, str(self.checkpoint_path / filename))
  File "/project/6060173/zhan8425/HistoKT/ENV/lib/python3.8/site-packages/torch/serialization.py", line 374, in save
    _legacy_save(obj, opened_file, pickle_module, pickle_protocol)
  File "/project/6060173/zhan8425/HistoKT/ENV/lib/python3.8/site-packages/torch/serialization.py", line 214, in __exit__
    self.file_like.close()
OSError: [Errno 122] Disk quota exceeded
terminate called after throwing an instance of 'c10::Error'
  what():  [enforce fail at inline_container.cc:274] . unexpected pos 3625600 vs 3625488
frame #0: c10::ThrowEnforceNotMet(char const*, int, char const*, std::string const&, void const*) + 0x47 (0x2abcd0a870e7 in /project/6060173/zhan8425/HistoKT/ENV/lib/python3.8/site-packages/torch/lib/libc10.so)
frame #1: <unknown function> + 0x206a420 (0x2abc80c1b420 in /project/6060173/zhan8425/HistoKT/ENV/lib/python3.8/site-packages/torch/lib/libtorch_cpu.so)
frame #2: <unknown function> + 0x20665f3 (0x2abc80c175f3 in /project/6060173/zhan8425/HistoKT/ENV/lib/python3.8/site-packages/torch/lib/libtorch_cpu.so)
frame #3: caffe2::serialize::PyTorchStreamWriter::writeRecord(std::string const&, void const*, unsigned long, bool) + 0xa9 (0x2abc80c1bd99 in /project/6060173/zhan8425/HistoKT/ENV/lib/python3.8/site-packages/torch/lib/libtorch_cpu.so)
frame #4: caffe2::serialize::PyTorchStreamWriter::writeEndOfFile() + 0xe1 (0x2abc80c1c8d1 in /project/6060173/zhan8425/HistoKT/ENV/lib/python3.8/site-packages/torch/lib/libtorch_cpu.so)
frame #5: caffe2::serialize::PyTorchStreamWriter::~PyTorchStreamWriter() + 0x115 (0x2abc80c1d0c5 in /project/6060173/zhan8425/HistoKT/ENV/lib/python3.8/site-packages/torch/lib/libtorch_cpu.so)
frame #6: <unknown function> + 0x737903 (0x2abc7dae8903 in /project/6060173/zhan8425/HistoKT/ENV/lib/python3.8/site-packages/torch/lib/libtorch_python.so)
frame #7: <unknown function> + 0x369b90 (0x2abc7d71ab90 in /project/6060173/zhan8425/HistoKT/ENV/lib/python3.8/site-packages/torch/lib/libtorch_python.so)
frame #8: <unknown function> + 0x36adfe (0x2abc7d71bdfe in /project/6060173/zhan8425/HistoKT/ENV/lib/python3.8/site-packages/torch/lib/libtorch_python.so)
<omitting python frames>
frame #22: __libc_start_main + 0xeb (0x2abc7b000e1b in /cvmfs/soft.computecanada.ca/gentoo/2020/lib64/libc.so.6)

/var/spool/slurmd/job6958640/slurm_script: line 31: 137256 Aborted                 (core dumped) python src/adas/train.py --config PostTrainingConfigs/PCam_transformed_testing/AdamP/lr-0.0005-config-AdamP.yaml --output ADP_post_trained/PCam_transformed/AdamP/output/deep_tuning --checkpoint ADP_post_trained/PCam_transformed/AdamP/checkpoint/deep_tuning/lr-0.0005 --data $SLURM_TMPDIR --pretrained_model /home/zhan8425/projects/def-plato/zhan8425/HistoKT/.Adas-checkpoint/ADP/best_trial_2.pth.tar --freeze_encoder False
